[SMPPCLINET1|EsmeMain.cpp|00150|15-11-2016 21:08:47:502|~IN~]Version:V1.0
[SMPPCLINET1|EsmeMain.cpp|00151|15-11-2016 21:08:47:502|~IN~]Release Date:05-Apr-2014
[SMPPCLINET1|DBPoolManager.cpp|00013|15-11-2016 21:08:47:502|~IN~]Creating PoolManager object...
[SMPPCLINET1|DBPoolManager.cpp|00024|15-11-2016 21:08:47:503|~VB~]CDBPoolManager::mcfn_AddDB >>
[SMPPCLINET1|DBPoolManager.cpp|00029|15-11-2016 21:08:47:503|~VB~]CDBPoolManager::mcfn_AddDB <<
[SMPPCLINET1|EsmeMain.cpp|00155|15-11-2016 21:08:47:503|~VB~]PoolMgr Size:1
[SMPPCLINET1|Thread.cpp|00071|15-11-2016 21:08:47:504|~CR~]Started PrecessReceivedSmppPacketThread Thread:0
[SMPPCLINET1|DBConnPool.h|00049|15-11-2016 21:08:48:507|~VB~]Creating connection object
[SMPPCLINET1|DBPoolManager.cpp|00063|15-11-2016 21:08:48:519|~VB~]mesi_CurrentActiveIdx:0
[SMPPCLINET1|DBOperations.cpp|00085|15-11-2016 21:08:48:519|~VB~]DBConn:145513464,Idx:0
[SMPPCLINET1|DBOperations.cpp|00089|15-11-2016 21:08:48:520|~VB~]Executing Query:SELECT * from esme_details WHERE ESME_ID=1 limit 1
[SMPPCLINET1|DBOperations.cpp|00092|15-11-2016 21:08:48:522|~VB~]Executed SuccessFully
[SMPPCLINET1|TcpServer.cpp|00165|15-11-2016 21:08:48:524|~IN~]PublisherStartServerThread started...
[SMPPCLINET1|DBPoolManager.cpp|00063|15-11-2016 21:08:48:524|~VB~]mesi_CurrentActiveIdx:0
[SMPPCLINET1|DBOperations.cpp|00085|15-11-2016 21:08:48:525|~VB~]DBConn:145513464,Idx:0
[SMPPCLINET1|DBOperations.cpp|00089|15-11-2016 21:08:48:525|~VB~]Executing Query:SELECT * from smsc_details WHERE SMSC_ID=1 limit 1
[SMPPCLINET1|DBOperations.cpp|00092|15-11-2016 21:08:48:527|~VB~]Executed SuccessFully
[SMPPCLINET1|SMPP.cpp|00026|15-11-2016 21:08:48:528|~IN~]Loaded initial configuration sucessfully:1
[SMPPCLINET1|TcpClient.cpp|00083|15-11-2016 21:08:48:529|~IN~]Started mcfn_connectToSMPPThread
[SMPPCLINET1|TcpClient.cpp|00175|15-11-2016 21:08:48:532|~VB~][0]Connected to SMPP[127.0.0.1:3014]
[SMPPCLINET1|Thread.cpp|00071|15-11-2016 21:08:48:533|~CR~]Started ProcessReceivedMsgsThread Thread:0
[SMPPCLINET1|SMPP.cpp|00100|15-11-2016 21:08:48:534|~IN~]Started processReceivedMsgs Thread
[SMPPCLINET1|Thread.cpp|00071|15-11-2016 21:08:49:531|~CR~]Started SendMsgToSmscThread Thread:1
[SMPPCLINET1|SMPP.cpp|00125|15-11-2016 21:08:49:531|~IN~]Started sendSmppMsgsToSmsc Thread
0000002b00000009000000000000000175737364636c69656e740070617373776f7264005452000a000000
[SMPPCLINET1|DBPoolManager.cpp|00063|15-11-2016 21:08:49:537|~VB~]mesi_CurrentActiveIdx:0
[SMPPCLINET1|DBOperations.cpp|00085|15-11-2016 21:08:49:537|~VB~]DBConn:145513464,Idx:0
[SMPPCLINET1|DBOperations.cpp|00089|15-11-2016 21:08:49:537|~VB~]Executing Query:SELECT * from errorcode_details
[SMPPCLINET1|DBOperations.cpp|00092|15-11-2016 21:08:49:538|~VB~]Executed SuccessFully
[SMPPCLINET1|EsmeConnection.cpp|00057|15-11-2016 21:08:49:538|~IN~]Receiveing the data from SMPP[27]:cmdLength:27,cmdId:0x80000009,cmdStatus:0,mcsi_sessionId1:Error Not Configured
0000001b8000000900000000000000017465737441636f756e7400
[SMPPCLINET1|EsmeConnection.cpp|00118|15-11-2016 21:08:49:538|~IN~]Login Sucess With :testAcount
[SMPPCLINET1|Thread.cpp|00071|15-11-2016 21:08:50:537|~CR~]Started RetryThread Thread:0
[SMPPCLINET1|RetryPlaner.cpp|00018|15-11-2016 21:08:51:543|~IN~]Loading retry plan from configuation
[SMPPCLINET1|DBPoolManager.cpp|00063|15-11-2016 21:08:51:545|~VB~]mesi_CurrentActiveIdx:0
[SMPPCLINET1|DBOperations.cpp|00085|15-11-2016 21:08:51:545|~VB~]DBConn:145513464,Idx:0
[SMPPCLINET1|DBOperations.cpp|00089|15-11-2016 21:08:51:545|~VB~]Executing Query:SELECT * from menu_retry_plan WHERE status='A'
[SMPPCLINET1|DBOperations.cpp|00092|15-11-2016 21:08:51:546|~VB~]Executed SuccessFully
[SMPPCLINET1|RetryPlaner.cpp|00027|15-11-2016 21:08:51:546|~IN~]retry plans are configured :1
[SMPPCLINET1|RetryPlaner.cpp|00053|15-11-2016 21:08:51:546|~IN~]plan interval ration:1:1,interval  :10
[SMPPCLINET1|RetryPlaner.cpp|00101|15-11-2016 21:08:51:547|~IN~]Loading planner configurations
[SMPPCLINET1|DBPoolManager.cpp|00063|15-11-2016 21:08:51:547|~VB~]mesi_CurrentActiveIdx:0
[SMPPCLINET1|DBOperations.cpp|00085|15-11-2016 21:08:51:547|~VB~]DBConn:145513464,Idx:0
[SMPPCLINET1|DBOperations.cpp|00089|15-11-2016 21:08:51:548|~VB~]Executing Query:SELECT * from plan_profile WHERE  STATUS='A'
[SMPPCLINET1|DBOperations.cpp|00092|15-11-2016 21:08:51:549|~VB~]Executed SuccessFully
[SMPPCLINET1|RetryPlaner.cpp|00110|15-11-2016 21:08:51:549|~IN~]plan profiles are configured :1
[SMPPCLINET1|Thread.cpp|00071|15-11-2016 21:08:51:550|~CR~]Started CdrSendThread Thread:0
[SMPPCLINET1|EsmeMain.cpp|00062|15-11-2016 21:08:52:550|~IN~]loading MO Menus starts
[SMPPCLINET1|DBPoolManager.cpp|00063|15-11-2016 21:08:52:552|~VB~]mesi_CurrentActiveIdx:0
[SMPPCLINET1|DBOperations.cpp|00085|15-11-2016 21:08:52:552|~VB~]DBConn:145513464,Idx:0
[SMPPCLINET1|DBOperations.cpp|00089|15-11-2016 21:08:52:552|~VB~]Executing Query:SELECT * from mo_menu_map WHERE  STATUS = 'A'
[SMPPCLINET1|DBOperations.cpp|00092|15-11-2016 21:08:52:553|~VB~]Executed SuccessFully
[SMPPCLINET1|EsmeMain.cpp|00087|15-11-2016 21:08:52:553|~IN~]*667-->[icmuser:1257]
[SMPPCLINET1|EsmeMain.cpp|00095|15-11-2016 21:08:52:553|~IN~]loading MO Menus Ends
[SMPPCLINET1|TcpClient.cpp|00083|15-11-2016 21:08:52:553|~IN~]Started mcfn_connectToCdrServerThread
[SMPPCLINET1|TcpServer.cpp|00165|15-11-2016 21:08:52:553|~IN~]RELOADStartServerThread started...
[SMPPCLINET1|TcpClient.cpp|00175|15-11-2016 21:08:52:556|~VB~][0]Connected to CdrServer[127.0.0.1:4141]
[SMPPCLINET1|TcpClient.cpp|00134|15-11-2016 21:08:52:556|~VB~]Receiveing From CdrServer
[SMPPCLINET1|EsmeConnection.cpp|00057|15-11-2016 21:09:00:541|~IN~]Receiveing the data from SMPP[59]:cmdLength:59,cmdId:0x5,cmdStatus:0,mcsi_sessionId2:Error Not Configured
0000003b000000050000000000000002555353440001013931393439333032343730350000002a3636372300000000000000000f00000501000101
0000001180000005000000000000000200
[SMPPCLINET1|EsmeConnection.cpp|00166|15-11-2016 21:09:01:533|~VB~]MO message checking for config:*667#[][MO]
[SMPPCLINET1|Menu.cpp|00020|15-11-2016 21:09:01:533|~IN~]MO serice configured is icmuser:1257
[SMPPCLINET1|Menu.cpp|00132|15-11-2016 21:09:01:533|~IN~]Loading Menus for username:icmuser
[SMPPCLINET1|DBConnPool.h|00084|15-11-2016 21:09:01:533|~IN~]Destroying the db connection
[SMPPCLINET1|DBConnPool.h|00049|15-11-2016 21:09:01:533|~VB~]Creating connection object
[SMPPCLINET1|DBPoolManager.cpp|00063|15-11-2016 21:09:01:536|~VB~]mesi_CurrentActiveIdx:0
[SMPPCLINET1|DBOperations.cpp|00085|15-11-2016 21:09:01:536|~VB~]DBConn:145585824,Idx:0
[SMPPCLINET1|DBOperations.cpp|00089|15-11-2016 21:09:01:536|~VB~]Executing Query:SELECT DISTINCT(menu_service_code) from menu_details WHERE USER_NAME='icmuser' AND STATUS='A'
[SMPPCLINET1|DBOperations.cpp|00092|15-11-2016 21:09:01:538|~VB~]Executed SuccessFully
[SMPPCLINET1|Menu.cpp|00154|15-11-2016 21:09:01:538|~IN~]Loading Menu for username:icmuser,Service Code:1257
[SMPPCLINET1|DBPoolManager.cpp|00063|15-11-2016 21:09:01:538|~VB~]mesi_CurrentActiveIdx:0
[SMPPCLINET1|DBOperations.cpp|00085|15-11-2016 21:09:01:538|~VB~]DBConn:145585824,Idx:0
[SMPPCLINET1|DBOperations.cpp|00089|15-11-2016 21:09:01:538|~VB~]Executing Query:SELECT * from menu_details WHERE USER_NAME='icmuser' and MENU_SERVICE_CODE='1257' AND STATUS='A' order by menu_id
[SMPPCLINET1|DBOperations.cpp|00092|15-11-2016 21:09:01:541|~VB~]Executed SuccessFully
[SMPPCLINET1|Menu.cpp|00179|15-11-2016 21:09:01:541|~IN~]Menu Id:0,Dtmf:1,Node{Node Data:Songs,Node Msg:select your choice:,URL:,End Message:,nextMenuId:1}
[SMPPCLINET1|Menu.cpp|00179|15-11-2016 21:09:01:541|~IN~]Menu Id:0,Dtmf:2,Node{Node Data:Dailogs,Node Msg:,URL:,End Message:,nextMenuId:2}
[SMPPCLINET1|Menu.cpp|00179|15-11-2016 21:09:01:541|~IN~]Menu Id:1,Dtmf:1,Node{Node Data:Folk Songs,Node Msg:Select Song type,URL:,End Message:thanks for chosing Folk songs,nextMenuId:}
[SMPPCLINET1|Menu.cpp|00179|15-11-2016 21:09:01:541|~IN~]Menu Id:1,Dtmf:2,Node{Node Data:Melody Songs,Node Msg:,URL:,End Message:thanks for chosing melody songs,nextMenuId:}
[SMPPCLINET1|Menu.cpp|00179|15-11-2016 21:09:01:541|~IN~]Menu Id:2,Dtmf:1,Node{Node Data:Comedy,Node Msg: chose dailog type,URL:,End Message:thanks for chosing comedy dailogs,nextMenuId:}
[SMPPCLINET1|Menu.cpp|00179|15-11-2016 21:09:01:541|~IN~]Menu Id:2,Dtmf:2,Node{Node Data:warning,Node Msg:,URL:,End Message: thank for chosing warning dailogs,nextMenuId:}
[SMPPCLINET1|EsmeConnection.cpp|00176|15-11-2016 21:09:01:542|~VB~]Message sending to server:select your choice:1.Songs2.Dailogs
0000005e000000040000000000000002555353440000002a36363723000101393139343933303234373035000000000000000000002373656c65637420796f75722063686f6963653a312e536f6e6773322e4461696c6f67730501000102
[SMPPCLINET1|TimerManeger.cpp|00024|15-11-2016 21:09:01:542|~IN~]Creating PoolManager object...
[SMPPCLINET1|TimerManeger.cpp|00072|15-11-2016 21:09:01:543|~VB~]Started Timer Check Thread
[SMPPCLINET1|TimerManeger.cpp|00107|15-11-2016 21:09:01:544|~DG~]No Timer Event Are Registed With TimerManeger
[SMPPCLINET1|TimerManeger.cpp|00051|15-11-2016 21:09:01:546|~DG~]Created and  adding to that:1479224401
[SMPPCLINET1|EsmeConnection.cpp|00057|15-11-2016 21:09:01:573|~IN~]Receiveing the data from SMPP[18]:cmdLength:18,cmdId:0x80000004,cmdStatus:0,mcsi_sessionId2:Error Not Configured
000000128000000400000000000000023000
[SMPPCLINET1|EsmeConnection.cpp|00057|15-11-2016 21:09:02:397|~IN~]Receiveing the data from SMPP[60]:cmdLength:60,cmdId:0x5,cmdStatus:0,mcsi_sessionId2:Error Not Configured
0000003c000000050000000000000002555353440001013931393439333032343730350000002a363637230000000000000000000001310501000112
[SMPPCLINET1|TimerManeger.cpp|00088|15-11-2016 21:09:02:548|~DG~]Time to get Evetn:59,1
0000001180000005000000000000000200
[SMPPCLINET1|EsmeConnection.cpp|00198|15-11-2016 21:09:02:551|~VB~]Received Continue Message:919493024705,UserInput:1
[SMPPCLINET1|EsmeConnection.cpp|00202|15-11-2016 21:09:02:551|~IN~]USSR Session found :919493024705,Analysing User Input:1
[SMPPCLINET1|TimerManeger.cpp|00061|15-11-2016 21:09:02:552|~DG~]Unregister Call came with :1479224401,0x8aef3d0
[SMPPCLINET1|TimerManeger.cpp|00066|15-11-2016 21:09:02:552|~DG~]Created and  adding to that:1479224401,0x8aef3d0
[SMPPCLINET1|EsmeConnection.cpp|00243|15-11-2016 21:09:02:552|~IN~]Session found :919493024705,Sending Continue Message :Select Song type1.Folk Songs2.Melody Songs
000000640000000400000000000000035553534400000031323537000101393139343933303234373035000000000000000000002a53656c65637420536f6e672074797065312e466f6c6b20536f6e6773322e4d656c6f647920536f6e67730501000102
[SMPPCLINET1|TimerManeger.cpp|00051|15-11-2016 21:09:02:552|~DG~]Created and  adding to that:1479224402
[SMPPCLINET1|EsmeConnection.cpp|00057|15-11-2016 21:09:02:590|~IN~]Receiveing the data from SMPP[18]:cmdLength:18,cmdId:0x80000004,cmdStatus:0,mcsi_sessionId3:Error Not Configured
000000128000000400000000000000033000
[SMPPCLINET1|TimerManeger.cpp|00088|15-11-2016 21:09:03:551|~DG~]Time to get Evetn:59,1
[SMPPCLINET1|EsmeConnection.cpp|00057|15-11-2016 21:09:03:713|~IN~]Receiveing the data from SMPP[59]:cmdLength:59,cmdId:0x5,cmdStatus:0,mcsi_sessionId3:Error Not Configured
0000003b00000005000000000000000355535344000101393139343933303234373035000000313235370000000000000000000001310501000112
[SMPPCLINET1|TimerManeger.cpp|00088|15-11-2016 21:09:04:552|~DG~]Time to get Evetn:58,1
0000001180000005000000000000000300
[SMPPCLINET1|EsmeConnection.cpp|00198|15-11-2016 21:09:04:556|~VB~]Received Continue Message:919493024705,UserInput:1
[SMPPCLINET1|EsmeConnection.cpp|00202|15-11-2016 21:09:04:556|~IN~]USSR Session found :919493024705,Analysing User Input:1
[SMPPCLINET1|Menu.cpp|00079|15-11-2016 21:09:04:556|~DG~]Node Found:Node Data:Folk Songs,Node Msg:Select Song type,URL:,End Message:thanks for chosing Folk songs,nextMenuId:
[SMPPCLINET1|TimerManeger.cpp|00061|15-11-2016 21:09:04:557|~DG~]Unregister Call came with :1479224402,0x8aef3d0
[SMPPCLINET1|TimerManeger.cpp|00066|15-11-2016 21:09:04:557|~DG~]Created and  adding to that:1479224402,0x8aef3d0
[SMPPCLINET1|EsmeConnection.cpp|00216|15-11-2016 21:09:04:557|~IN~]Session found :919493024705[cdr:0],Sending Continue Message :thanks for chosing Folk songs
000000570000000400000000000000045553534400000031323537000101393139343933303234373035000000000000000000001d7468616e6b7320666f722063686f73696e6720466f6c6b20736f6e67730501000103
[SMPPCLINET1|TcpClient.cpp|00189|15-11-2016 21:09:04:558|~VB~]Sending Length:88
[SMPPCLINET1|CdrClient.cpp|00046|15-11-2016 21:09:04:559|~IN~][0]Sent to Cdr Server:msg_type: USSD_SUBMIT submit_msg { task_id: 0 msg_id: 1 oa: "MO" da: "919493024705" msg: "*667#*1*1" interface_id: 10 msg_type: 2 srv_code: "1257" username: "icmuser" status: 0 submit_time: 1479224341 submit_msgid: 1 session_endtime: 1479224344 sender_sessionid: 1 receiver_sessionid: 1 service_url: "" }
[SMPPCLINET1|EsmeConnection.cpp|00057|15-11-2016 21:09:04:596|~IN~]Receiveing the data from SMPP[18]:cmdLength:18,cmdId:0x80000004,cmdStatus:0,mcsi_sessionId4:Error Not Configured
000000128000000400000000000000043000
[SMPPCLINET1|TimerManeger.cpp|00107|15-11-2016 21:09:05:555|~DG~]No Timer Event Are Registed With TimerManeger
[SMPPCLINET1|TimerManeger.cpp|00107|15-11-2016 21:09:06:556|~DG~]No Timer Event Are Registed With TimerManeger
[SMPPCLINET1|TimerManeger.cpp|00107|15-11-2016 21:09:07:559|~DG~]No Timer Event Are Registed With TimerManeger
[SMPPCLINET1|TimerManeger.cpp|00107|15-11-2016 21:09:08:561|~DG~]No Timer Event Are Registed With TimerManeger
[SMPPCLINET1|TimerManeger.cpp|00107|15-11-2016 21:09:09:563|~DG~]No Timer Event Are Registed With TimerManeger
[SMPPCLINET1|TimerManeger.cpp|00107|15-11-2016 21:09:10:565|~DG~]No Timer Event Are Registed With TimerManeger
[SMPPCLINET1|TimerManeger.cpp|00107|15-11-2016 21:09:11:568|~DG~]No Timer Event Are Registed With TimerManeger
[SMPPCLINET1|TimerManeger.cpp|00107|15-11-2016 21:09:12:570|~DG~]No Timer Event Are Registed With TimerManeger
[SMPPCLINET1|TimerManeger.cpp|00107|15-11-2016 21:09:13:572|~DG~]No Timer Event Are Registed With TimerManeger
[SMPPCLINET1|TimerManeger.cpp|00107|15-11-2016 21:09:14:574|~DG~]No Timer Event Are Registed With TimerManeger
[SMPPCLINET1|TimerManeger.cpp|00107|15-11-2016 21:09:15:576|~DG~]No Timer Event Are Registed With TimerManeger
[SMPPCLINET1|TimerManeger.cpp|00107|15-11-2016 21:09:16:578|~DG~]No Timer Event Are Registed With TimerManeger
[SMPPCLINET1|TimerManeger.cpp|00107|15-11-2016 21:09:17:580|~DG~]No Timer Event Are Registed With TimerManeger
[SMPPCLINET1|TimerManeger.cpp|00107|15-11-2016 21:09:18:581|~DG~]No Timer Event Are Registed With TimerManeger
[SMPPCLINET1|TimerManeger.cpp|00107|15-11-2016 21:09:19:584|~DG~]No Timer Event Are Registed With TimerManeger
[SMPPCLINET1|TimerManeger.cpp|00107|15-11-2016 21:09:20:587|~DG~]No Timer Event Are Registed With TimerManeger
00000010000000150000000000000005
[SMPPCLINET1|TimerManeger.cpp|00107|15-11-2016 21:09:21:590|~DG~]No Timer Event Are Registed With TimerManeger
[SMPPCLINET1|TimerManeger.cpp|00107|15-11-2016 21:09:22:592|~DG~]No Timer Event Are Registed With TimerManeger
[SMPPCLINET1|EsmeConnection.cpp|00053|15-11-2016 21:09:23:178|~ER~]Receive failed so closing the connection
[SMPPCLINET1|TcpClient.cpp|00114|15-11-2016 21:09:23:178|~ER~]Connection Lost with SMPP
[SMPPCLINET1|TcpClient.cpp|00171|15-11-2016 21:09:23:179|~ER~][0]Error in Connecting to SMPP [127.0.0.1:3014]
[SMPPCLINET1|TimerManeger.cpp|00107|15-11-2016 21:09:23:594|~DG~]No Timer Event Are Registed With TimerManeger
[SMPPCLINET1|TcpClient.cpp|00171|15-11-2016 21:09:24:183|~ER~][1]Error in Connecting to SMPP [127.0.0.1:3014]
[SMPPCLINET1|TimerManeger.cpp|00107|15-11-2016 21:09:24:597|~DG~]No Timer Event Are Registed With TimerManeger
