[SMPPCLINET1|EsmeMain.cpp|00150|15-11-2016 21:11:50:177|~IN~]Version:V1.0
[SMPPCLINET1|EsmeMain.cpp|00151|15-11-2016 21:11:50:177|~IN~]Release Date:05-Apr-2014
[SMPPCLINET1|DBPoolManager.cpp|00013|15-11-2016 21:11:50:177|~IN~]Creating PoolManager object...
[SMPPCLINET1|DBPoolManager.cpp|00024|15-11-2016 21:11:50:177|~VB~]CDBPoolManager::mcfn_AddDB >>
[SMPPCLINET1|DBPoolManager.cpp|00029|15-11-2016 21:11:50:177|~VB~]CDBPoolManager::mcfn_AddDB <<
[SMPPCLINET1|EsmeMain.cpp|00155|15-11-2016 21:11:50:177|~VB~]PoolMgr Size:1
[SMPPCLINET1|Thread.cpp|00071|15-11-2016 21:11:50:178|~CR~]Started PrecessReceivedSmppPacketThread Thread:0
[SMPPCLINET1|DBConnPool.h|00049|15-11-2016 21:11:51:180|~VB~]Creating connection object
[SMPPCLINET1|DBPoolManager.cpp|00063|15-11-2016 21:11:51:191|~VB~]mesi_CurrentActiveIdx:0
[SMPPCLINET1|DBOperations.cpp|00085|15-11-2016 21:11:51:192|~VB~]DBConn:166747128,Idx:0
[SMPPCLINET1|DBOperations.cpp|00089|15-11-2016 21:11:51:193|~VB~]Executing Query:SELECT * from esme_details WHERE ESME_ID=1 limit 1
[SMPPCLINET1|DBOperations.cpp|00092|15-11-2016 21:11:51:194|~VB~]Executed SuccessFully
[SMPPCLINET1|TcpServer.cpp|00165|15-11-2016 21:11:51:196|~IN~]PublisherStartServerThread started...
[SMPPCLINET1|DBPoolManager.cpp|00063|15-11-2016 21:11:51:196|~VB~]mesi_CurrentActiveIdx:0
[SMPPCLINET1|DBOperations.cpp|00085|15-11-2016 21:11:51:197|~VB~]DBConn:166747128,Idx:0
[SMPPCLINET1|DBOperations.cpp|00089|15-11-2016 21:11:51:197|~VB~]Executing Query:SELECT * from smsc_details WHERE SMSC_ID=1 limit 1
[SMPPCLINET1|DBOperations.cpp|00092|15-11-2016 21:11:51:199|~VB~]Executed SuccessFully
[SMPPCLINET1|SMPP.cpp|00026|15-11-2016 21:11:51:200|~IN~]Loaded initial configuration sucessfully:1
[SMPPCLINET1|TcpClient.cpp|00083|15-11-2016 21:11:51:200|~IN~]Started mcfn_connectToSMPPThread
[SMPPCLINET1|TcpClient.cpp|00171|15-11-2016 21:11:51:204|~ER~][0]Error in Connecting to SMPP [127.0.0.1:3014]
[SMPPCLINET1|Thread.cpp|00071|15-11-2016 21:11:51:205|~CR~]Started ProcessReceivedMsgsThread Thread:0
[SMPPCLINET1|SMPP.cpp|00100|15-11-2016 21:11:51:205|~IN~]Started processReceivedMsgs Thread
[SMPPCLINET1|Thread.cpp|00071|15-11-2016 21:11:52:204|~CR~]Started SendMsgToSmscThread Thread:1
[SMPPCLINET1|SMPP.cpp|00125|15-11-2016 21:11:52:205|~IN~]Started sendSmppMsgsToSmsc Thread
[SMPPCLINET1|TcpClient.cpp|00171|15-11-2016 21:11:52:207|~ER~][1]Error in Connecting to SMPP [127.0.0.1:3014]
[SMPPCLINET1|TcpClient.cpp|00175|15-11-2016 21:11:53:211|~VB~][2]Connected to SMPP[127.0.0.1:3014]
[SMPPCLINET1|Thread.cpp|00071|15-11-2016 21:11:53:213|~CR~]Started RetryThread Thread:0
[SMPPCLINET1|RetryPlaner.cpp|00018|15-11-2016 21:11:54:213|~IN~]Loading retry plan from configuation
[SMPPCLINET1|DBConnPool.h|00084|15-11-2016 21:11:54:213|~IN~]Destroying the db connection
[SMPPCLINET1|DBConnPool.h|00049|15-11-2016 21:11:54:213|~VB~]Creating connection object
0000002b00000009000000000000000175737364636c69656e740070617373776f7264005452000a000000
[SMPPCLINET1|DBPoolManager.cpp|00063|15-11-2016 21:11:54:216|~VB~]mesi_CurrentActiveIdx:0
[SMPPCLINET1|DBOperations.cpp|00085|15-11-2016 21:11:54:217|~VB~]DBConn:166819488,Idx:0
[SMPPCLINET1|DBOperations.cpp|00089|15-11-2016 21:11:54:217|~VB~]Executing Query:SELECT * from menu_retry_plan WHERE status='A'
[SMPPCLINET1|DBConnPool.h|00049|15-11-2016 21:11:54:217|~VB~]Creating connection object
[SMPPCLINET1|DBOperations.cpp|00092|15-11-2016 21:11:54:218|~VB~]Executed SuccessFully
[SMPPCLINET1|RetryPlaner.cpp|00027|15-11-2016 21:11:54:219|~IN~]retry plans are configured :1
[SMPPCLINET1|RetryPlaner.cpp|00053|15-11-2016 21:11:54:219|~IN~]plan interval ration:1:1,interval  :10
[SMPPCLINET1|RetryPlaner.cpp|00101|15-11-2016 21:11:54:219|~IN~]Loading planner configurations
[SMPPCLINET1|DBPoolManager.cpp|00063|15-11-2016 21:11:54:220|~VB~]mesi_CurrentActiveIdx:0
[SMPPCLINET1|DBOperations.cpp|00085|15-11-2016 21:11:54:220|~VB~]DBConn:166916584,Idx:0
[SMPPCLINET1|DBOperations.cpp|00089|15-11-2016 21:11:54:220|~VB~]Executing Query:SELECT * from errorcode_details
[SMPPCLINET1|DBOperations.cpp|00092|15-11-2016 21:11:54:220|~VB~]Executed SuccessFully
[SMPPCLINET1|EsmeConnection.cpp|00057|15-11-2016 21:11:54:221|~IN~]Receiveing the data from SMPP[27]:cmdLength:27,cmdId:0x80000009,cmdStatus:0,mcsi_sessionId1:Error Not Configured
0000001b8000000900000000000000017465737441636f756e7400
[SMPPCLINET1|EsmeConnection.cpp|00118|15-11-2016 21:11:54:221|~IN~]Login Sucess With :testAcount
[SMPPCLINET1|DBPoolManager.cpp|00063|15-11-2016 21:11:54:221|~VB~]mesi_CurrentActiveIdx:0
[SMPPCLINET1|DBOperations.cpp|00085|15-11-2016 21:11:54:221|~VB~]DBConn:166819488,Idx:0
[SMPPCLINET1|DBOperations.cpp|00089|15-11-2016 21:11:54:221|~VB~]Executing Query:SELECT * from plan_profile WHERE  STATUS='A'
[SMPPCLINET1|DBOperations.cpp|00092|15-11-2016 21:11:54:222|~VB~]Executed SuccessFully
[SMPPCLINET1|RetryPlaner.cpp|00110|15-11-2016 21:11:54:222|~IN~]plan profiles are configured :1
[SMPPCLINET1|Thread.cpp|00071|15-11-2016 21:11:54:223|~CR~]Started CdrSendThread Thread:0
[SMPPCLINET1|EsmeMain.cpp|00062|15-11-2016 21:11:55:225|~IN~]loading MO Menus starts
[SMPPCLINET1|TcpClient.cpp|00083|15-11-2016 21:11:55:226|~IN~]Started mcfn_connectToCdrServerThread
[SMPPCLINET1|TcpClient.cpp|00175|15-11-2016 21:11:55:229|~VB~][0]Connected to CdrServer[127.0.0.1:4141]
[SMPPCLINET1|TcpClient.cpp|00134|15-11-2016 21:11:55:229|~VB~]Receiveing From CdrServer
[SMPPCLINET1|DBPoolManager.cpp|00063|15-11-2016 21:11:55:229|~VB~]mesi_CurrentActiveIdx:0
[SMPPCLINET1|DBOperations.cpp|00085|15-11-2016 21:11:55:229|~VB~]DBConn:166819488,Idx:0
[SMPPCLINET1|DBOperations.cpp|00089|15-11-2016 21:11:55:230|~VB~]Executing Query:SELECT * from mo_menu_map WHERE  STATUS = 'A'
[SMPPCLINET1|DBOperations.cpp|00092|15-11-2016 21:11:55:230|~VB~]Executed SuccessFully
[SMPPCLINET1|EsmeMain.cpp|00087|15-11-2016 21:11:55:230|~IN~]*667-->[icmuser:1257]
[SMPPCLINET1|EsmeMain.cpp|00095|15-11-2016 21:11:55:231|~IN~]loading MO Menus Ends
[SMPPCLINET1|TcpServer.cpp|00165|15-11-2016 21:11:55:231|~IN~]RELOADStartServerThread started...
[SMPPCLINET1|EsmeConnection.cpp|00057|15-11-2016 21:12:00:221|~IN~]Receiveing the data from SMPP[59]:cmdLength:59,cmdId:0x5,cmdStatus:0,mcsi_sessionId2:Error Not Configured
0000003b000000050000000000000002555353440001013931393439333032343730350000002a3636372300000000000000000f00000501000101
0000001180000005000000000000000200
[SMPPCLINET1|EsmeConnection.cpp|00166|15-11-2016 21:12:01:201|~VB~]MO message checking for config:*667#[][MO]
[SMPPCLINET1|Menu.cpp|00020|15-11-2016 21:12:01:201|~IN~]MO serice configured is icmuser:1257
[SMPPCLINET1|Menu.cpp|00132|15-11-2016 21:12:01:201|~IN~]Loading Menus for username:icmuser
[SMPPCLINET1|DBConnPool.h|00084|15-11-2016 21:12:01:201|~IN~]Destroying the db connection
[SMPPCLINET1|DBConnPool.h|00084|15-11-2016 21:12:01:201|~IN~]Destroying the db connection
[SMPPCLINET1|DBConnPool.h|00049|15-11-2016 21:12:01:202|~VB~]Creating connection object
[SMPPCLINET1|DBPoolManager.cpp|00063|15-11-2016 21:12:01:204|~VB~]mesi_CurrentActiveIdx:0
[SMPPCLINET1|DBOperations.cpp|00085|15-11-2016 21:12:01:204|~VB~]DBConn:166916008,Idx:0
[SMPPCLINET1|DBOperations.cpp|00089|15-11-2016 21:12:01:204|~VB~]Executing Query:SELECT DISTINCT(menu_service_code) from menu_details WHERE USER_NAME='icmuser' AND STATUS='A'
[SMPPCLINET1|DBOperations.cpp|00092|15-11-2016 21:12:01:207|~VB~]Executed SuccessFully
[SMPPCLINET1|Menu.cpp|00154|15-11-2016 21:12:01:207|~IN~]Loading Menu for username:icmuser,Service Code:1257
[SMPPCLINET1|DBPoolManager.cpp|00063|15-11-2016 21:12:01:208|~VB~]mesi_CurrentActiveIdx:0
[SMPPCLINET1|DBOperations.cpp|00085|15-11-2016 21:12:01:208|~VB~]DBConn:166916008,Idx:0
[SMPPCLINET1|DBOperations.cpp|00089|15-11-2016 21:12:01:208|~VB~]Executing Query:SELECT * from menu_details WHERE USER_NAME='icmuser' and MENU_SERVICE_CODE='1257' AND STATUS='A' order by menu_id
[SMPPCLINET1|DBOperations.cpp|00092|15-11-2016 21:12:01:209|~VB~]Executed SuccessFully
[SMPPCLINET1|Menu.cpp|00179|15-11-2016 21:12:01:209|~IN~]Menu Id:0,Dtmf:1,Node{Node Data:Songs,Node Msg:select your choice:,URL:,End Message:,nextMenuId:1}
[SMPPCLINET1|Menu.cpp|00179|15-11-2016 21:12:01:210|~IN~]Menu Id:0,Dtmf:2,Node{Node Data:Dailogs,Node Msg:,URL:,End Message:,nextMenuId:2}
[SMPPCLINET1|Menu.cpp|00179|15-11-2016 21:12:01:210|~IN~]Menu Id:1,Dtmf:1,Node{Node Data:Folk Songs,Node Msg:Select Song type,URL:,End Message:thanks for chosing Folk songs,nextMenuId:}
[SMPPCLINET1|Menu.cpp|00179|15-11-2016 21:12:01:210|~IN~]Menu Id:1,Dtmf:2,Node{Node Data:Melody Songs,Node Msg:,URL:,End Message:thanks for chosing melody songs,nextMenuId:}
[SMPPCLINET1|Menu.cpp|00179|15-11-2016 21:12:01:210|~IN~]Menu Id:2,Dtmf:1,Node{Node Data:Comedy,Node Msg: chose dailog type,URL:,End Message:thanks for chosing comedy dailogs,nextMenuId:}
[SMPPCLINET1|Menu.cpp|00179|15-11-2016 21:12:01:210|~IN~]Menu Id:2,Dtmf:2,Node{Node Data:warning,Node Msg:,URL:,End Message: thank for chosing warning dailogs,nextMenuId:}
[SMPPCLINET1|EsmeConnection.cpp|00176|15-11-2016 21:12:01:210|~VB~]Message sending to server:select your choice:1.Songs2.Dailogs
0000005e000000040000000000000002555353440000002a36363723000101393139343933303234373035000000000000000000002373656c65637420796f75722063686f6963653a312e536f6e6773322e4461696c6f67730501000102
[SMPPCLINET1|TimerManeger.cpp|00024|15-11-2016 21:12:01:210|~IN~]Creating PoolManager object...
[SMPPCLINET1|TimerManeger.cpp|00072|15-11-2016 21:12:01:212|~VB~]Started Timer Check Thread
[SMPPCLINET1|TimerManeger.cpp|00107|15-11-2016 21:12:01:212|~DG~]No Timer Event Are Registed With TimerManeger
[SMPPCLINET1|TimerManeger.cpp|00051|15-11-2016 21:12:01:214|~DG~]Created and  adding to that:1479224581
[SMPPCLINET1|EsmeConnection.cpp|00057|15-11-2016 21:12:01:241|~IN~]Receiveing the data from SMPP[18]:cmdLength:18,cmdId:0x80000004,cmdStatus:0,mcsi_sessionId2:Error Not Configured
000000128000000400000000000000023000
[SMPPCLINET1|EsmeConnection.cpp|00057|15-11-2016 21:12:01:931|~IN~]Receiveing the data from SMPP[60]:cmdLength:60,cmdId:0x5,cmdStatus:0,mcsi_sessionId1:Error Not Configured
0000003c000000050000000000000001555353440001013931393439333032343730350000002a363637230000000000000000000001310501000112
[SMPPCLINET1|TimerManeger.cpp|00088|15-11-2016 21:12:02:217|~DG~]Time to get Evetn:59,1
0000001180000005000000000000000100
[SMPPCLINET1|EsmeConnection.cpp|00198|15-11-2016 21:12:02:219|~VB~]Received Continue Message:919493024705,UserInput:1
[SMPPCLINET1|EsmeConnection.cpp|00202|15-11-2016 21:12:02:220|~IN~]USSR Session found :919493024705,Analysing User Input:1
[SMPPCLINET1|TimerManeger.cpp|00061|15-11-2016 21:12:02:220|~DG~]Unregister Call came with :1479224581,0x9f35cc8
[SMPPCLINET1|TimerManeger.cpp|00066|15-11-2016 21:12:02:220|~DG~]Created and  adding to that:1479224581,0x9f35cc8
[SMPPCLINET1|EsmeConnection.cpp|00246|15-11-2016 21:12:02:221|~IN~]Session found :919493024705,Sending Continue Message :Select Song type1.Folk Songs2.Melody Songs
000000640000000400000000000000035553534400000031323537000101393139343933303234373035000000000000000000002a53656c65637420536f6e672074797065312e466f6c6b20536f6e6773322e4d656c6f647920536f6e67730501000102
[SMPPCLINET1|TimerManeger.cpp|00051|15-11-2016 21:12:02:221|~DG~]Created and  adding to that:1479224582
[SMPPCLINET1|EsmeConnection.cpp|00057|15-11-2016 21:12:02:260|~IN~]Receiveing the data from SMPP[18]:cmdLength:18,cmdId:0x80000004,cmdStatus:0,mcsi_sessionId3:Error Not Configured
000000128000000400000000000000033000
[SMPPCLINET1|TimerManeger.cpp|00088|15-11-2016 21:12:03:220|~DG~]Time to get Evetn:59,1
[SMPPCLINET1|EsmeConnection.cpp|00057|15-11-2016 21:12:03:295|~IN~]Receiveing the data from SMPP[59]:cmdLength:59,cmdId:0x5,cmdStatus:0,mcsi_sessionId2:Error Not Configured
0000003b00000005000000000000000255535344000101393139343933303234373035000000313235370000000000000000000001310501000112
[SMPPCLINET1|TimerManeger.cpp|00088|15-11-2016 21:12:04:222|~DG~]Time to get Evetn:58,1
0000001180000005000000000000000200
[SMPPCLINET1|EsmeConnection.cpp|00198|15-11-2016 21:12:04:224|~VB~]Received Continue Message:919493024705,UserInput:1
[SMPPCLINET1|EsmeConnection.cpp|00202|15-11-2016 21:12:04:224|~IN~]USSR Session found :919493024705,Analysing User Input:1
[SMPPCLINET1|Menu.cpp|00079|15-11-2016 21:12:04:225|~DG~]Node Found:Node Data:Folk Songs,Node Msg:Select Song type,URL:,End Message:thanks for chosing Folk songs,nextMenuId:
[SMPPCLINET1|TimerManeger.cpp|00061|15-11-2016 21:12:04:225|~DG~]Unregister Call came with :1479224582,0x9f35cc8
[SMPPCLINET1|TimerManeger.cpp|00066|15-11-2016 21:12:04:225|~DG~]Created and  adding to that:1479224582,0x9f35cc8
[SMPPCLINET1|EsmeConnection.cpp|00216|15-11-2016 21:12:04:225|~IN~]Session found :919493024705[cdr:0],Sending Continue Message :thanks for chosing Folk songs
000000570000000400000000000000045553534400000031323537000101393139343933303234373035000000000000000000001d7468616e6b7320666f722063686f73696e6720466f6c6b20736f6e67730501000112
[SMPPCLINET1|TcpClient.cpp|00189|15-11-2016 21:12:04:227|~VB~]Sending Length:88
[SMPPCLINET1|CdrClient.cpp|00046|15-11-2016 21:12:04:228|~IN~][0]Sent to Cdr Server:msg_type: USSD_SUBMIT submit_msg { task_id: 0 msg_id: 1 oa: "MO" da: "919493024705" msg: "*667#*1*1" interface_id: 10 msg_type: 2 srv_code: "1257" username: "icmuser" status: 0 submit_time: 1479224521 submit_msgid: 1 session_endtime: 1479224524 sender_sessionid: 1 receiver_sessionid: 1 service_url: "" }
[SMPPCLINET1|EsmeConnection.cpp|00057|15-11-2016 21:12:04:265|~IN~]Receiveing the data from SMPP[18]:cmdLength:18,cmdId:0x80000004,cmdStatus:0,mcsi_sessionId4:Error Not Configured
000000128000000400000000000000043000
[SMPPCLINET1|TimerManeger.cpp|00107|15-11-2016 21:12:05:249|~DG~]No Timer Event Are Registed With TimerManeger
[SMPPCLINET1|TimerManeger.cpp|00107|15-11-2016 21:12:06:252|~DG~]No Timer Event Are Registed With TimerManeger
[SMPPCLINET1|TimerManeger.cpp|00107|15-11-2016 21:12:07:254|~DG~]No Timer Event Are Registed With TimerManeger
[SMPPCLINET1|TimerManeger.cpp|00107|15-11-2016 21:12:08:256|~DG~]No Timer Event Are Registed With TimerManeger
[SMPPCLINET1|TimerManeger.cpp|00107|15-11-2016 21:12:09:259|~DG~]No Timer Event Are Registed With TimerManeger
[SMPPCLINET1|TimerManeger.cpp|00107|15-11-2016 21:12:10:261|~DG~]No Timer Event Are Registed With TimerManeger
[SMPPCLINET1|TimerManeger.cpp|00107|15-11-2016 21:12:11:262|~DG~]No Timer Event Are Registed With TimerManeger
[SMPPCLINET1|TimerManeger.cpp|00107|15-11-2016 21:12:12:265|~DG~]No Timer Event Are Registed With TimerManeger
[SMPPCLINET1|TimerManeger.cpp|00107|15-11-2016 21:12:13:267|~DG~]No Timer Event Are Registed With TimerManeger
[SMPPCLINET1|TimerManeger.cpp|00107|15-11-2016 21:12:14:269|~DG~]No Timer Event Are Registed With TimerManeger
[SMPPCLINET1|TimerManeger.cpp|00107|15-11-2016 21:12:15:271|~DG~]No Timer Event Are Registed With TimerManeger
[SMPPCLINET1|TimerManeger.cpp|00107|15-11-2016 21:12:16:272|~DG~]No Timer Event Are Registed With TimerManeger
[SMPPCLINET1|TimerManeger.cpp|00107|15-11-2016 21:12:17:275|~DG~]No Timer Event Are Registed With TimerManeger
[SMPPCLINET1|TimerManeger.cpp|00107|15-11-2016 21:12:18:276|~DG~]No Timer Event Are Registed With TimerManeger
[SMPPCLINET1|TimerManeger.cpp|00107|15-11-2016 21:12:19:279|~DG~]No Timer Event Are Registed With TimerManeger
[SMPPCLINET1|EsmeConnection.cpp|00053|15-11-2016 21:12:19:934|~ER~]Receive failed so closing the connection
[SMPPCLINET1|TcpClient.cpp|00114|15-11-2016 21:12:19:934|~ER~]Connection Lost with SMPP
[SMPPCLINET1|TcpClient.cpp|00171|15-11-2016 21:12:19:934|~ER~][0]Error in Connecting to SMPP [127.0.0.1:3014]
[SMPPCLINET1|TimerManeger.cpp|00107|15-11-2016 21:12:20:281|~DG~]No Timer Event Are Registed With TimerManeger
[SMPPCLINET1|TcpClient.cpp|00175|15-11-2016 21:12:20:939|~VB~][1]Connected to SMPP[127.0.0.1:3014]
[SMPPCLINET1|TimerManeger.cpp|00107|15-11-2016 21:12:21:284|~DG~]No Timer Event Are Registed With TimerManeger
0000002b00000009000000000000000175737364636c69656e740070617373776f7264005452000a000000
[SMPPCLINET1|EsmeConnection.cpp|00057|15-11-2016 21:12:21:942|~IN~]Receiveing the data from SMPP[27]:cmdLength:27,cmdId:0x80000009,cmdStatus:0,mcsi_sessionId1:Error Not Configured
0000001b8000000900000000000000017465737441636f756e7400
[SMPPCLINET1|EsmeConnection.cpp|00118|15-11-2016 21:12:21:943|~IN~]Login Sucess With :testAcount
[SMPPCLINET1|TimerManeger.cpp|00107|15-11-2016 21:12:22:286|~DG~]No Timer Event Are Registed With TimerManeger
[SMPPCLINET1|TimerManeger.cpp|00107|15-11-2016 21:12:23:289|~DG~]No Timer Event Are Registed With TimerManeger
[SMPPCLINET1|TimerManeger.cpp|00107|15-11-2016 21:12:24:290|~DG~]No Timer Event Are Registed With TimerManeger
[SMPPCLINET1|TimerManeger.cpp|00107|15-11-2016 21:12:25:292|~DG~]No Timer Event Are Registed With TimerManeger
00000010000000150000000000000005
[SMPPCLINET1|TimerManeger.cpp|00107|15-11-2016 21:12:26:294|~DG~]No Timer Event Are Registed With TimerManeger
[SMPPCLINET1|TimerManeger.cpp|00107|15-11-2016 21:12:27:296|~DG~]No Timer Event Are Registed With TimerManeger
[SMPPCLINET1|EsmeConnection.cpp|00057|15-11-2016 21:12:27:946|~IN~]Receiveing the data from SMPP[59]:cmdLength:59,cmdId:0x5,cmdStatus:0,mcsi_sessionId2:Error Not Configured
0000003b000000050000000000000002555353440001013931393439333032343730350000002a3636372300000000000000000f00000501000101
0000001180000005000000000000000200
[SMPPCLINET1|EsmeConnection.cpp|00166|15-11-2016 21:12:28:298|~VB~]MO message checking for config:*667#[][MO]
[SMPPCLINET1|Menu.cpp|00020|15-11-2016 21:12:28:298|~IN~]MO serice configured is icmuser:1257
[SMPPCLINET1|EsmeConnection.cpp|00176|15-11-2016 21:12:28:299|~VB~]Message sending to server:select your choice:1.Songs2.Dailogs
0000005e000000040000000000000007555353440000002a36363723000101393139343933303234373035000000000000000000002373656c65637420796f75722063686f6963653a312e536f6e6773322e4461696c6f67730501000102
[SMPPCLINET1|EsmeConnection.cpp|00057|15-11-2016 21:12:28:300|~IN~]Receiveing the data from SMPP[18]:cmdLength:18,cmdId:0x80000004,cmdStatus:0,mcsi_sessionId7:Error Not Configured
000000128000000400000000000000073000
[SMPPCLINET1|TimerManeger.cpp|00051|15-11-2016 21:12:28:300|~DG~]Created and  adding to that:1479224608
[SMPPCLINET1|TimerManeger.cpp|00088|15-11-2016 21:12:28:300|~DG~]Time to get Evetn:60,1
[SMPPCLINET1|TimerManeger.cpp|00088|15-11-2016 21:12:29:303|~DG~]Time to get Evetn:59,1
[SMPPCLINET1|EsmeConnection.cpp|00057|15-11-2016 21:12:30:175|~IN~]Receiveing the data from SMPP[60]:cmdLength:60,cmdId:0x5,cmdStatus:0,mcsi_sessionId1:Error Not Configured
0000003c000000050000000000000001555353440001013931393439333032343730350000002a363637230000000000000000000001310501000112
0000001180000005000000000000000100
[SMPPCLINET1|TimerManeger.cpp|00088|15-11-2016 21:12:30:305|~DG~]Time to get Evetn:58,1
[SMPPCLINET1|EsmeConnection.cpp|00198|15-11-2016 21:12:30:305|~VB~]Received Continue Message:919493024705,UserInput:1
[SMPPCLINET1|EsmeConnection.cpp|00202|15-11-2016 21:12:30:306|~IN~]USSR Session found :919493024705,Analysing User Input:1
[SMPPCLINET1|TimerManeger.cpp|00061|15-11-2016 21:12:30:306|~DG~]Unregister Call came with :1479224608,0x9f05bf8
[SMPPCLINET1|TimerManeger.cpp|00066|15-11-2016 21:12:30:306|~DG~]Created and  adding to that:1479224608,0x9f05bf8
[SMPPCLINET1|EsmeConnection.cpp|00246|15-11-2016 21:12:30:306|~IN~]Session found :919493024705,Sending Continue Message :Select Song type1.Folk Songs2.Melody Songs
000000640000000400000000000000085553534400000031323537000101393139343933303234373035000000000000000000002a53656c65637420536f6e672074797065312e466f6c6b20536f6e6773322e4d656c6f647920536f6e67730501000102
[SMPPCLINET1|TimerManeger.cpp|00051|15-11-2016 21:12:30:306|~DG~]Created and  adding to that:1479224610
[SMPPCLINET1|EsmeConnection.cpp|00057|15-11-2016 21:12:30:345|~IN~]Receiveing the data from SMPP[18]:cmdLength:18,cmdId:0x80000004,cmdStatus:0,mcsi_sessionId8:Error Not Configured
000000128000000400000000000000083000
[SMPPCLINET1|TimerManeger.cpp|00088|15-11-2016 21:12:31:308|~DG~]Time to get Evetn:59,1
[SMPPCLINET1|EsmeConnection.cpp|00057|15-11-2016 21:12:31:542|~IN~]Receiveing the data from SMPP[59]:cmdLength:59,cmdId:0x5,cmdStatus:0,mcsi_sessionId2:Error Not Configured
0000003b00000005000000000000000255535344000101393139343933303234373035000000313235370000000000000000000001310501000112
[SMPPCLINET1|TimerManeger.cpp|00088|15-11-2016 21:12:32:310|~DG~]Time to get Evetn:58,1
0000001180000005000000000000000200
[SMPPCLINET1|EsmeConnection.cpp|00198|15-11-2016 21:12:32:312|~VB~]Received Continue Message:919493024705,UserInput:1
[SMPPCLINET1|EsmeConnection.cpp|00202|15-11-2016 21:12:32:313|~IN~]USSR Session found :919493024705,Analysing User Input:1
[SMPPCLINET1|Menu.cpp|00079|15-11-2016 21:12:32:313|~DG~]Node Found:Node Data:Folk Songs,Node Msg:Select Song type,URL:,End Message:thanks for chosing Folk songs,nextMenuId:
[SMPPCLINET1|TimerManeger.cpp|00061|15-11-2016 21:12:32:313|~DG~]Unregister Call came with :1479224610,0x9f05bf8
[SMPPCLINET1|TimerManeger.cpp|00066|15-11-2016 21:12:32:313|~DG~]Created and  adding to that:1479224610,0x9f05bf8
[SMPPCLINET1|EsmeConnection.cpp|00216|15-11-2016 21:12:32:314|~IN~]Session found :919493024705[cdr:0],Sending Continue Message :thanks for chosing Folk songs
000000570000000400000000000000095553534400000031323537000101393139343933303234373035000000000000000000001d7468616e6b7320666f722063686f73696e6720466f6c6b20736f6e67730501000112
[SMPPCLINET1|TcpClient.cpp|00189|15-11-2016 21:12:32:314|~VB~]Sending Length:88
[SMPPCLINET1|CdrClient.cpp|00046|15-11-2016 21:12:32:316|~IN~][0]Sent to Cdr Server:msg_type: USSD_SUBMIT submit_msg { task_id: 0 msg_id: 6 oa: "MO" da: "919493024705" msg: "*667#*1*1" interface_id: 10 msg_type: 2 srv_code: "1257" username: "icmuser" status: 0 submit_time: 1479224548 submit_msgid: 6 session_endtime: 1479224552 sender_sessionid: 6 receiver_sessionid: 6 service_url: "" }
[SMPPCLINET1|EsmeConnection.cpp|00057|15-11-2016 21:12:32:352|~IN~]Receiveing the data from SMPP[18]:cmdLength:18,cmdId:0x80000004,cmdStatus:0,mcsi_sessionId9:Error Not Configured
000000128000000400000000000000093000
[SMPPCLINET1|TimerManeger.cpp|00107|15-11-2016 21:12:33:313|~DG~]No Timer Event Are Registed With TimerManeger
[SMPPCLINET1|EsmeConnection.cpp|00053|15-11-2016 21:12:33:679|~ER~]Receive failed so closing the connection
[SMPPCLINET1|TcpClient.cpp|00114|15-11-2016 21:12:33:679|~ER~]Connection Lost with SMPP
[SMPPCLINET1|TcpClient.cpp|00171|15-11-2016 21:12:33:680|~ER~][0]Error in Connecting to SMPP [127.0.0.1:3014]
[SMPPCLINET1|TimerManeger.cpp|00107|15-11-2016 21:12:34:316|~DG~]No Timer Event Are Registed With TimerManeger
[SMPPCLINET1|TcpClient.cpp|00171|15-11-2016 21:12:34:683|~ER~][1]Error in Connecting to SMPP [127.0.0.1:3014]
[SMPPCLINET1|TimerManeger.cpp|00107|15-11-2016 21:12:35:319|~DG~]No Timer Event Are Registed With TimerManeger
[SMPPCLINET1|TcpClient.cpp|00171|15-11-2016 21:12:35:687|~ER~][2]Error in Connecting to SMPP [127.0.0.1:3014]
