[SMPPCLINET1|EsmeMain.cpp|00150|15-11-2016 21:06:11:200|~IN~]Version:V1.0
[SMPPCLINET1|EsmeMain.cpp|00151|15-11-2016 21:06:11:201|~IN~]Release Date:05-Apr-2014
[SMPPCLINET1|DBPoolManager.cpp|00013|15-11-2016 21:06:11:201|~IN~]Creating PoolManager object...
[SMPPCLINET1|DBPoolManager.cpp|00024|15-11-2016 21:06:11:201|~VB~]CDBPoolManager::mcfn_AddDB >>
[SMPPCLINET1|DBPoolManager.cpp|00029|15-11-2016 21:06:11:202|~VB~]CDBPoolManager::mcfn_AddDB <<
[SMPPCLINET1|EsmeMain.cpp|00155|15-11-2016 21:06:11:202|~VB~]PoolMgr Size:1
[SMPPCLINET1|Thread.cpp|00071|15-11-2016 21:06:11:203|~CR~]Started PrecessReceivedSmppPacketThread Thread:0
[SMPPCLINET1|DBConnPool.h|00049|15-11-2016 21:06:12:206|~VB~]Creating connection object
[SMPPCLINET1|DBPoolManager.cpp|00063|15-11-2016 21:06:12:218|~VB~]mesi_CurrentActiveIdx:0
[SMPPCLINET1|DBOperations.cpp|00085|15-11-2016 21:06:12:218|~VB~]DBConn:148274168,Idx:0
[SMPPCLINET1|DBOperations.cpp|00089|15-11-2016 21:06:12:219|~VB~]Executing Query:SELECT * from esme_details WHERE ESME_ID=1 limit 1
[SMPPCLINET1|DBOperations.cpp|00092|15-11-2016 21:06:12:221|~VB~]Executed SuccessFully
[SMPPCLINET1|TcpServer.cpp|00165|15-11-2016 21:06:12:223|~IN~]PublisherStartServerThread started...
[SMPPCLINET1|DBPoolManager.cpp|00063|15-11-2016 21:06:12:224|~VB~]mesi_CurrentActiveIdx:0
[SMPPCLINET1|DBOperations.cpp|00085|15-11-2016 21:06:12:224|~VB~]DBConn:148274168,Idx:0
[SMPPCLINET1|DBOperations.cpp|00089|15-11-2016 21:06:12:225|~VB~]Executing Query:SELECT * from smsc_details WHERE SMSC_ID=1 limit 1
[SMPPCLINET1|DBOperations.cpp|00092|15-11-2016 21:06:12:227|~VB~]Executed SuccessFully
[SMPPCLINET1|SMPP.cpp|00026|15-11-2016 21:06:12:228|~IN~]Loaded initial configuration sucessfully:1
[SMPPCLINET1|TcpClient.cpp|00083|15-11-2016 21:06:12:229|~IN~]Started mcfn_connectToSMPPThread
[SMPPCLINET1|TcpClient.cpp|00175|15-11-2016 21:06:12:232|~VB~][0]Connected to SMPP[127.0.0.1:3014]
[SMPPCLINET1|Thread.cpp|00071|15-11-2016 21:06:12:233|~CR~]Started ProcessReceivedMsgsThread Thread:0
[SMPPCLINET1|SMPP.cpp|00100|15-11-2016 21:06:12:233|~IN~]Started processReceivedMsgs Thread
[SMPPCLINET1|Thread.cpp|00071|15-11-2016 21:06:13:231|~CR~]Started SendMsgToSmscThread Thread:1
[SMPPCLINET1|SMPP.cpp|00125|15-11-2016 21:06:13:232|~IN~]Started sendSmppMsgsToSmsc Thread
0000002b00000009000000000000000175737364636c69656e740070617373776f7264005452000a000000
[SMPPCLINET1|DBPoolManager.cpp|00063|15-11-2016 21:06:13:238|~VB~]mesi_CurrentActiveIdx:0
[SMPPCLINET1|DBOperations.cpp|00085|15-11-2016 21:06:13:238|~VB~]DBConn:148274168,Idx:0
[SMPPCLINET1|DBOperations.cpp|00089|15-11-2016 21:06:13:238|~VB~]Executing Query:SELECT * from errorcode_details
[SMPPCLINET1|DBOperations.cpp|00092|15-11-2016 21:06:13:239|~VB~]Executed SuccessFully
[SMPPCLINET1|EsmeConnection.cpp|00057|15-11-2016 21:06:13:239|~IN~]Receiveing the data from SMPP[27]:cmdLength:27,cmdId:0x80000009,cmdStatus:0,mcsi_sessionId1:Error Not Configured
0000001b8000000900000000000000017465737441636f756e7400
[SMPPCLINET1|EsmeConnection.cpp|00118|15-11-2016 21:06:13:240|~IN~]Login Sucess With :testAcount
[SMPPCLINET1|Thread.cpp|00071|15-11-2016 21:06:14:237|~CR~]Started RetryThread Thread:0
[SMPPCLINET1|RetryPlaner.cpp|00018|15-11-2016 21:06:15:239|~IN~]Loading retry plan from configuation
[SMPPCLINET1|DBPoolManager.cpp|00063|15-11-2016 21:06:15:240|~VB~]mesi_CurrentActiveIdx:0
[SMPPCLINET1|DBOperations.cpp|00085|15-11-2016 21:06:15:240|~VB~]DBConn:148274168,Idx:0
[SMPPCLINET1|DBOperations.cpp|00089|15-11-2016 21:06:15:240|~VB~]Executing Query:SELECT * from menu_retry_plan WHERE status='A'
[SMPPCLINET1|DBOperations.cpp|00092|15-11-2016 21:06:15:240|~VB~]Executed SuccessFully
[SMPPCLINET1|RetryPlaner.cpp|00027|15-11-2016 21:06:15:240|~IN~]retry plans are configured :1
[SMPPCLINET1|RetryPlaner.cpp|00053|15-11-2016 21:06:15:241|~IN~]plan interval ration:1:1,interval  :10
[SMPPCLINET1|RetryPlaner.cpp|00101|15-11-2016 21:06:15:241|~IN~]Loading planner configurations
[SMPPCLINET1|DBPoolManager.cpp|00063|15-11-2016 21:06:15:241|~VB~]mesi_CurrentActiveIdx:0
[SMPPCLINET1|DBOperations.cpp|00085|15-11-2016 21:06:15:241|~VB~]DBConn:148274168,Idx:0
[SMPPCLINET1|DBOperations.cpp|00089|15-11-2016 21:06:15:241|~VB~]Executing Query:SELECT * from plan_profile WHERE  STATUS='A'
[SMPPCLINET1|DBOperations.cpp|00092|15-11-2016 21:06:15:242|~VB~]Executed SuccessFully
[SMPPCLINET1|RetryPlaner.cpp|00110|15-11-2016 21:06:15:242|~IN~]plan profiles are configured :1
[SMPPCLINET1|Thread.cpp|00071|15-11-2016 21:06:15:242|~CR~]Started CdrSendThread Thread:0
[SMPPCLINET1|EsmeMain.cpp|00062|15-11-2016 21:06:16:245|~IN~]loading MO Menus starts
[SMPPCLINET1|DBPoolManager.cpp|00063|15-11-2016 21:06:16:246|~VB~]mesi_CurrentActiveIdx:0
[SMPPCLINET1|DBOperations.cpp|00085|15-11-2016 21:06:16:246|~VB~]DBConn:148274168,Idx:0
[SMPPCLINET1|DBOperations.cpp|00089|15-11-2016 21:06:16:247|~VB~]Executing Query:SELECT * from mo_menu_map WHERE  STATUS = 'A'
[SMPPCLINET1|DBOperations.cpp|00092|15-11-2016 21:06:16:248|~VB~]Executed SuccessFully
[SMPPCLINET1|EsmeMain.cpp|00087|15-11-2016 21:06:16:248|~IN~]*667-->[icmuser:1257]
[SMPPCLINET1|EsmeMain.cpp|00095|15-11-2016 21:06:16:248|~IN~]loading MO Menus Ends
[SMPPCLINET1|TcpClient.cpp|00083|15-11-2016 21:06:16:248|~IN~]Started mcfn_connectToCdrServerThread
[SMPPCLINET1|TcpClient.cpp|00175|15-11-2016 21:06:16:250|~VB~][0]Connected to CdrServer[127.0.0.1:4141]
[SMPPCLINET1|TcpClient.cpp|00134|15-11-2016 21:06:16:250|~VB~]Receiveing From CdrServer
[SMPPCLINET1|TcpServer.cpp|00165|15-11-2016 21:06:16:250|~IN~]RELOADStartServerThread started...
[SMPPCLINET1|EsmeConnection.cpp|00057|15-11-2016 21:06:24:242|~IN~]Receiveing the data from SMPP[59]:cmdLength:59,cmdId:0x5,cmdStatus:0,mcsi_sessionId2:Error Not Configured
0000003b000000050000000000000002555353440001013931393439333032343730350000002a3636372300000000000000000f00000501000101
0000001180000005000000000000000200
[SMPPCLINET1|EsmeConnection.cpp|00166|15-11-2016 21:06:25:235|~VB~]MO message checking for config:*667#[][MO]
[SMPPCLINET1|Menu.cpp|00020|15-11-2016 21:06:25:235|~IN~]MO serice configured is icmuser:1257
[SMPPCLINET1|Menu.cpp|00132|15-11-2016 21:06:25:235|~IN~]Loading Menus for username:icmuser
[SMPPCLINET1|DBConnPool.h|00084|15-11-2016 21:06:25:235|~IN~]Destroying the db connection
[SMPPCLINET1|DBConnPool.h|00049|15-11-2016 21:06:25:236|~VB~]Creating connection object
[SMPPCLINET1|DBPoolManager.cpp|00063|15-11-2016 21:06:25:239|~VB~]mesi_CurrentActiveIdx:0
[SMPPCLINET1|DBOperations.cpp|00085|15-11-2016 21:06:25:239|~VB~]DBConn:148346528,Idx:0
[SMPPCLINET1|DBOperations.cpp|00089|15-11-2016 21:06:25:239|~VB~]Executing Query:SELECT DISTINCT(menu_service_code) from menu_details WHERE USER_NAME='icmuser' AND STATUS='A'
[SMPPCLINET1|DBOperations.cpp|00092|15-11-2016 21:06:25:241|~VB~]Executed SuccessFully
[SMPPCLINET1|Menu.cpp|00154|15-11-2016 21:06:25:241|~IN~]Loading Menu for username:icmuser,Service Code:1257
[SMPPCLINET1|DBPoolManager.cpp|00063|15-11-2016 21:06:25:242|~VB~]mesi_CurrentActiveIdx:0
[SMPPCLINET1|DBOperations.cpp|00085|15-11-2016 21:06:25:242|~VB~]DBConn:148346528,Idx:0
[SMPPCLINET1|DBOperations.cpp|00089|15-11-2016 21:06:25:242|~VB~]Executing Query:SELECT * from menu_details WHERE USER_NAME='icmuser' and MENU_SERVICE_CODE='1257' AND STATUS='A' order by menu_id
[SMPPCLINET1|DBOperations.cpp|00092|15-11-2016 21:06:25:244|~VB~]Executed SuccessFully
[SMPPCLINET1|Menu.cpp|00179|15-11-2016 21:06:25:245|~IN~]Menu Id:0,Dtmf:1,Node{Node Data:Songs,Node Msg:select your choice:,URL:,End Message:,nextMenuId:1}
[SMPPCLINET1|Menu.cpp|00179|15-11-2016 21:06:25:245|~IN~]Menu Id:0,Dtmf:2,Node{Node Data:Dailogs,Node Msg:,URL:,End Message:,nextMenuId:2}
[SMPPCLINET1|Menu.cpp|00179|15-11-2016 21:06:25:245|~IN~]Menu Id:1,Dtmf:1,Node{Node Data:Folk Songs,Node Msg:Select Song type,URL:,End Message:thanks for chosing Folk songs,nextMenuId:}
[SMPPCLINET1|Menu.cpp|00179|15-11-2016 21:06:25:245|~IN~]Menu Id:1,Dtmf:2,Node{Node Data:Melody Songs,Node Msg:,URL:,End Message:thanks for chosing melody songs,nextMenuId:}
[SMPPCLINET1|Menu.cpp|00179|15-11-2016 21:06:25:245|~IN~]Menu Id:2,Dtmf:1,Node{Node Data:Comedy,Node Msg: chose dailog type,URL:,End Message:thanks for chosing comedy dailogs,nextMenuId:}
[SMPPCLINET1|Menu.cpp|00179|15-11-2016 21:06:25:245|~IN~]Menu Id:2,Dtmf:2,Node{Node Data:warning,Node Msg:,URL:,End Message: thank for chosing warning dailogs,nextMenuId:}
[SMPPCLINET1|EsmeConnection.cpp|00176|15-11-2016 21:06:25:245|~VB~]Message sending to server:select your choice:1.Songs2.Dailogs
0000005e000000040000000000000002555353440000002a36363723000101393139343933303234373035000000000000000000002373656c65637420796f75722063686f6963653a312e536f6e6773322e4461696c6f67730501000102
[SMPPCLINET1|TimerManeger.cpp|00024|15-11-2016 21:06:25:246|~IN~]Creating PoolManager object...
[SMPPCLINET1|TimerManeger.cpp|00072|15-11-2016 21:06:25:246|~VB~]Started Timer Check Thread
[SMPPCLINET1|TimerManeger.cpp|00107|15-11-2016 21:06:25:247|~DG~]No Timer Event Are Registed With TimerManeger
[SMPPCLINET1|TimerManeger.cpp|00051|15-11-2016 21:06:25:249|~DG~]Created and  adding to that:1479224245
[SMPPCLINET1|EsmeConnection.cpp|00057|15-11-2016 21:06:25:275|~IN~]Receiveing the data from SMPP[18]:cmdLength:18,cmdId:0x80000004,cmdStatus:0,mcsi_sessionId2:Error Not Configured
000000128000000400000000000000023000
[SMPPCLINET1|TimerManeger.cpp|00088|15-11-2016 21:06:26:250|~DG~]Time to get Evetn:59,1
[SMPPCLINET1|EsmeConnection.cpp|00057|15-11-2016 21:06:26:571|~IN~]Receiveing the data from SMPP[60]:cmdLength:60,cmdId:0x5,cmdStatus:0,mcsi_sessionId2:Error Not Configured
0000003c000000050000000000000002555353440001013931393439333032343730350000002a363637230000000000000000000001310501000112
[SMPPCLINET1|TimerManeger.cpp|00088|15-11-2016 21:06:27:251|~DG~]Time to get Evetn:58,1
0000001180000005000000000000000200
[SMPPCLINET1|EsmeConnection.cpp|00198|15-11-2016 21:06:27:255|~VB~]Received Continue Message:919493024705,UserInput:1
[SMPPCLINET1|EsmeConnection.cpp|00202|15-11-2016 21:06:27:256|~IN~]USSR Session found :919493024705,Analysing User Input:1
[SMPPCLINET1|TimerManeger.cpp|00061|15-11-2016 21:06:27:256|~DG~]Unregister Call came with :1479224245,0x8d913d0
[SMPPCLINET1|TimerManeger.cpp|00066|15-11-2016 21:06:27:257|~DG~]Created and  adding to that:1479224245,0x8d913d0
[SMPPCLINET1|EsmeConnection.cpp|00243|15-11-2016 21:06:27:258|~IN~]Session found :919493024705,Sending Continue Message :Select Song type1.Folk Songs2.Melody Songs
000000640000000400000000000000035553534400000031323537000101393139343933303234373035000000000000000000002a53656c65637420536f6e672074797065312e466f6c6b20536f6e6773322e4d656c6f647920536f6e67730501000102
[SMPPCLINET1|TimerManeger.cpp|00051|15-11-2016 21:06:27:259|~DG~]Created and  adding to that:1479224247
[SMPPCLINET1|EsmeConnection.cpp|00057|15-11-2016 21:06:27:295|~IN~]Receiveing the data from SMPP[18]:cmdLength:18,cmdId:0x80000004,cmdStatus:0,mcsi_sessionId3:Error Not Configured
000000128000000400000000000000033000
[SMPPCLINET1|TimerManeger.cpp|00088|15-11-2016 21:06:28:254|~DG~]Time to get Evetn:59,1
[SMPPCLINET1|TimerManeger.cpp|00088|15-11-2016 21:06:29:256|~DG~]Time to get Evetn:58,1
[SMPPCLINET1|TimerManeger.cpp|00088|15-11-2016 21:06:30:259|~DG~]Time to get Evetn:57,1
[SMPPCLINET1|EsmeConnection.cpp|00057|15-11-2016 21:06:30:404|~IN~]Receiveing the data from SMPP[59]:cmdLength:59,cmdId:0x5,cmdStatus:0,mcsi_sessionId3:Error Not Configured
0000003b00000005000000000000000355535344000101393139343933303234373035000000313235370000000000000000000001310501000112
[SMPPCLINET1|TimerManeger.cpp|00088|15-11-2016 21:06:31:261|~DG~]Time to get Evetn:56,1
0000001180000005000000000000000300
[SMPPCLINET1|EsmeConnection.cpp|00198|15-11-2016 21:06:31:266|~VB~]Received Continue Message:919493024705,UserInput:1
[SMPPCLINET1|EsmeConnection.cpp|00202|15-11-2016 21:06:31:266|~IN~]USSR Session found :919493024705,Analysing User Input:1
[SMPPCLINET1|Menu.cpp|00079|15-11-2016 21:06:31:266|~DG~]Node Found:Node Data:Folk Songs,Node Msg:Select Song type,URL:,End Message:thanks for chosing Folk songs,nextMenuId:
[SMPPCLINET1|TimerManeger.cpp|00061|15-11-2016 21:06:31:267|~DG~]Unregister Call came with :1479224247,0x8d913d0
[SMPPCLINET1|TimerManeger.cpp|00066|15-11-2016 21:06:31:267|~DG~]Created and  adding to that:1479224247,0x8d913d0
[SMPPCLINET1|EsmeConnection.cpp|00216|15-11-2016 21:06:31:267|~IN~]Session found :919493024705[cdr:0],Sending Continue Message :thanks for chosing Folk songs
000000570000000400000000000000045553534400000031323537000101393139343933303234373035000000000000000000001d7468616e6b7320666f722063686f73696e6720466f6c6b20736f6e67730501000103
[SMPPCLINET1|TcpClient.cpp|00189|15-11-2016 21:06:31:270|~VB~]Sending Length:88
[SMPPCLINET1|CdrClient.cpp|00046|15-11-2016 21:06:31:271|~IN~][0]Sent to Cdr Server:msg_type: USSD_SUBMIT submit_msg { task_id: 0 msg_id: 1 oa: "MO" da: "919493024705" msg: "*667#*1*1" interface_id: 10 msg_type: 2 srv_code: "1257" username: "icmuser" status: 0 submit_time: 1479224185 submit_msgid: 1 session_endtime: 1479224191 sender_sessionid: 1 receiver_sessionid: 1 service_url: "" }
[SMPPCLINET1|EsmeConnection.cpp|00057|15-11-2016 21:06:31:307|~IN~]Receiveing the data from SMPP[18]:cmdLength:18,cmdId:0x80000004,cmdStatus:0,mcsi_sessionId4:Error Not Configured
000000128000000400000000000000043000
[SMPPCLINET1|TimerManeger.cpp|00107|15-11-2016 21:06:32:264|~DG~]No Timer Event Are Registed With TimerManeger
[SMPPCLINET1|TimerManeger.cpp|00107|15-11-2016 21:06:33:266|~DG~]No Timer Event Are Registed With TimerManeger
[SMPPCLINET1|TimerManeger.cpp|00107|15-11-2016 21:06:34:268|~DG~]No Timer Event Are Registed With TimerManeger
[SMPPCLINET1|TimerManeger.cpp|00107|15-11-2016 21:06:35:270|~DG~]No Timer Event Are Registed With TimerManeger
[SMPPCLINET1|TimerManeger.cpp|00107|15-11-2016 21:06:36:272|~DG~]No Timer Event Are Registed With TimerManeger
[SMPPCLINET1|TimerManeger.cpp|00107|15-11-2016 21:06:37:275|~DG~]No Timer Event Are Registed With TimerManeger
[SMPPCLINET1|TimerManeger.cpp|00107|15-11-2016 21:06:38:277|~DG~]No Timer Event Are Registed With TimerManeger
[SMPPCLINET1|TimerManeger.cpp|00107|15-11-2016 21:06:39:279|~DG~]No Timer Event Are Registed With TimerManeger
[SMPPCLINET1|TimerManeger.cpp|00107|15-11-2016 21:06:40:281|~DG~]No Timer Event Are Registed With TimerManeger
[SMPPCLINET1|EsmeConnection.cpp|00053|15-11-2016 21:06:40:860|~ER~]Receive failed so closing the connection
[SMPPCLINET1|TcpClient.cpp|00114|15-11-2016 21:06:40:860|~ER~]Connection Lost with SMPP
[SMPPCLINET1|TcpClient.cpp|00171|15-11-2016 21:06:40:860|~ER~][0]Error in Connecting to SMPP [127.0.0.1:3014]
[SMPPCLINET1|TimerManeger.cpp|00107|15-11-2016 21:06:41:283|~DG~]No Timer Event Are Registed With TimerManeger
[SMPPCLINET1|TcpClient.cpp|00171|15-11-2016 21:06:41:865|~ER~][1]Error in Connecting to SMPP [127.0.0.1:3014]
[SMPPCLINET1|TimerManeger.cpp|00107|15-11-2016 21:06:42:285|~DG~]No Timer Event Are Registed With TimerManeger
[SMPPCLINET1|TcpClient.cpp|00171|15-11-2016 21:06:42:869|~ER~][2]Error in Connecting to SMPP [127.0.0.1:3014]
[SMPPCLINET1|TimerManeger.cpp|00107|15-11-2016 21:06:43:287|~DG~]No Timer Event Are Registed With TimerManeger
[SMPPCLINET1|TcpClient.cpp|00171|15-11-2016 21:06:43:872|~ER~][3]Error in Connecting to SMPP [127.0.0.1:3014]
[SMPPCLINET1|TimerManeger.cpp|00107|15-11-2016 21:06:44:290|~DG~]No Timer Event Are Registed With TimerManeger
00000010000000150000000000000005
[SMPPCLINET1|TcpClient.cpp|00171|15-11-2016 21:06:44:875|~ER~][4]Error in Connecting to SMPP [127.0.0.1:3014]
[SMPPCLINET1|TimerManeger.cpp|00107|15-11-2016 21:06:45:293|~DG~]No Timer Event Are Registed With TimerManeger
[SMPPCLINET1|TcpClient.cpp|00171|15-11-2016 21:06:45:880|~ER~][5]Error in Connecting to SMPP [127.0.0.1:3014]
[SMPPCLINET1|TimerManeger.cpp|00107|15-11-2016 21:06:46:295|~DG~]No Timer Event Are Registed With TimerManeger
[SMPPCLINET1|TcpClient.cpp|00171|15-11-2016 21:06:46:885|~ER~][6]Error in Connecting to SMPP [127.0.0.1:3014]
[SMPPCLINET1|TimerManeger.cpp|00107|15-11-2016 21:06:47:299|~DG~]No Timer Event Are Registed With TimerManeger
[SMPPCLINET1|TcpClient.cpp|00171|15-11-2016 21:06:47:891|~ER~][7]Error in Connecting to SMPP [127.0.0.1:3014]
[SMPPCLINET1|TimerManeger.cpp|00107|15-11-2016 21:06:48:302|~DG~]No Timer Event Are Registed With TimerManeger
[SMPPCLINET1|TcpClient.cpp|00171|15-11-2016 21:06:48:895|~ER~][8]Error in Connecting to SMPP [127.0.0.1:3014]
[SMPPCLINET1|TimerManeger.cpp|00107|15-11-2016 21:06:49:305|~DG~]No Timer Event Are Registed With TimerManeger
[SMPPCLINET1|TcpClient.cpp|00171|15-11-2016 21:06:49:899|~ER~][9]Error in Connecting to SMPP [127.0.0.1:3014]
[SMPPCLINET1|TimerManeger.cpp|00107|15-11-2016 21:06:50:307|~DG~]No Timer Event Are Registed With TimerManeger
[SMPPCLINET1|TcpClient.cpp|00171|15-11-2016 21:06:50:903|~ER~][0]Error in Connecting to SMPP [127.0.0.1:3014]
[SMPPCLINET1|TimerManeger.cpp|00107|15-11-2016 21:06:51:310|~DG~]No Timer Event Are Registed With TimerManeger
[SMPPCLINET1|TcpClient.cpp|00171|15-11-2016 21:06:51:907|~ER~][1]Error in Connecting to SMPP [127.0.0.1:3014]
[SMPPCLINET1|TimerManeger.cpp|00107|15-11-2016 21:06:52:312|~DG~]No Timer Event Are Registed With TimerManeger
[SMPPCLINET1|TcpClient.cpp|00171|15-11-2016 21:06:52:912|~ER~][2]Error in Connecting to SMPP [127.0.0.1:3014]
[SMPPCLINET1|TimerManeger.cpp|00107|15-11-2016 21:06:53:315|~DG~]No Timer Event Are Registed With TimerManeger
[SMPPCLINET1|TcpClient.cpp|00171|15-11-2016 21:06:53:915|~ER~][3]Error in Connecting to SMPP [127.0.0.1:3014]
[SMPPCLINET1|TimerManeger.cpp|00107|15-11-2016 21:06:54:318|~DG~]No Timer Event Are Registed With TimerManeger
[SMPPCLINET1|TcpClient.cpp|00171|15-11-2016 21:06:54:918|~ER~][4]Error in Connecting to SMPP [127.0.0.1:3014]
[SMPPCLINET1|TimerManeger.cpp|00107|15-11-2016 21:06:55:320|~DG~]No Timer Event Are Registed With TimerManeger
[SMPPCLINET1|TcpClient.cpp|00171|15-11-2016 21:06:55:921|~ER~][5]Error in Connecting to SMPP [127.0.0.1:3014]
[SMPPCLINET1|TimerManeger.cpp|00107|15-11-2016 21:06:56:323|~DG~]No Timer Event Are Registed With TimerManeger
[SMPPCLINET1|TcpClient.cpp|00171|15-11-2016 21:06:56:924|~ER~][6]Error in Connecting to SMPP [127.0.0.1:3014]
[SMPPCLINET1|TimerManeger.cpp|00107|15-11-2016 21:06:57:325|~DG~]No Timer Event Are Registed With TimerManeger
[SMPPCLINET1|TcpClient.cpp|00171|15-11-2016 21:06:57:929|~ER~][7]Error in Connecting to SMPP [127.0.0.1:3014]
[SMPPCLINET1|TimerManeger.cpp|00107|15-11-2016 21:06:58:328|~DG~]No Timer Event Are Registed With TimerManeger
[SMPPCLINET1|TcpClient.cpp|00171|15-11-2016 21:06:58:933|~ER~][8]Error in Connecting to SMPP [127.0.0.1:3014]
[SMPPCLINET1|TimerManeger.cpp|00107|15-11-2016 21:06:59:330|~DG~]No Timer Event Are Registed With TimerManeger
[SMPPCLINET1|TcpClient.cpp|00171|15-11-2016 21:06:59:937|~ER~][9]Error in Connecting to SMPP [127.0.0.1:3014]
[SMPPCLINET1|TimerManeger.cpp|00107|15-11-2016 21:07:00:333|~DG~]No Timer Event Are Registed With TimerManeger
[SMPPCLINET1|TcpClient.cpp|00171|15-11-2016 21:07:00:941|~ER~][0]Error in Connecting to SMPP [127.0.0.1:3014]
[SMPPCLINET1|TimerManeger.cpp|00107|15-11-2016 21:07:01:335|~DG~]No Timer Event Are Registed With TimerManeger
[SMPPCLINET1|TcpClient.cpp|00171|15-11-2016 21:07:01:945|~ER~][1]Error in Connecting to SMPP [127.0.0.1:3014]
[SMPPCLINET1|TimerManeger.cpp|00107|15-11-2016 21:07:02:338|~DG~]No Timer Event Are Registed With TimerManeger
[SMPPCLINET1|TcpClient.cpp|00171|15-11-2016 21:07:02:949|~ER~][2]Error in Connecting to SMPP [127.0.0.1:3014]
[SMPPCLINET1|TimerManeger.cpp|00107|15-11-2016 21:07:03:341|~DG~]No Timer Event Are Registed With TimerManeger
[SMPPCLINET1|TcpClient.cpp|00171|15-11-2016 21:07:03:951|~ER~][3]Error in Connecting to SMPP [127.0.0.1:3014]
[SMPPCLINET1|TimerManeger.cpp|00107|15-11-2016 21:07:04:344|~DG~]No Timer Event Are Registed With TimerManeger
[SMPPCLINET1|TcpClient.cpp|00171|15-11-2016 21:07:04:954|~ER~][4]Error in Connecting to SMPP [127.0.0.1:3014]
[SMPPCLINET1|TimerManeger.cpp|00107|15-11-2016 21:07:05:347|~DG~]No Timer Event Are Registed With TimerManeger
[SMPPCLINET1|TcpClient.cpp|00171|15-11-2016 21:07:05:958|~ER~][5]Error in Connecting to SMPP [127.0.0.1:3014]
[SMPPCLINET1|TimerManeger.cpp|00107|15-11-2016 21:07:06:349|~DG~]No Timer Event Are Registed With TimerManeger
[SMPPCLINET1|TcpClient.cpp|00171|15-11-2016 21:07:06:961|~ER~][6]Error in Connecting to SMPP [127.0.0.1:3014]
[SMPPCLINET1|TimerManeger.cpp|00107|15-11-2016 21:07:07:352|~DG~]No Timer Event Are Registed With TimerManeger
[SMPPCLINET1|TcpClient.cpp|00171|15-11-2016 21:07:07:966|~ER~][7]Error in Connecting to SMPP [127.0.0.1:3014]
[SMPPCLINET1|TimerManeger.cpp|00107|15-11-2016 21:07:08:354|~DG~]No Timer Event Are Registed With TimerManeger
[SMPPCLINET1|TcpClient.cpp|00171|15-11-2016 21:07:08:970|~ER~][8]Error in Connecting to SMPP [127.0.0.1:3014]
[SMPPCLINET1|TimerManeger.cpp|00107|15-11-2016 21:07:09:357|~DG~]No Timer Event Are Registed With TimerManeger
[SMPPCLINET1|TcpClient.cpp|00171|15-11-2016 21:07:09:975|~ER~][9]Error in Connecting to SMPP [127.0.0.1:3014]
[SMPPCLINET1|TimerManeger.cpp|00107|15-11-2016 21:07:10:360|~DG~]No Timer Event Are Registed With TimerManeger
[SMPPCLINET1|TcpClient.cpp|00171|15-11-2016 21:07:10:978|~ER~][0]Error in Connecting to SMPP [127.0.0.1:3014]
[SMPPCLINET1|TimerManeger.cpp|00107|15-11-2016 21:07:11:363|~DG~]No Timer Event Are Registed With TimerManeger
[SMPPCLINET1|TcpClient.cpp|00171|15-11-2016 21:07:11:982|~ER~][1]Error in Connecting to SMPP [127.0.0.1:3014]
[SMPPCLINET1|TimerManeger.cpp|00107|15-11-2016 21:07:12:365|~DG~]No Timer Event Are Registed With TimerManeger
[SMPPCLINET1|TcpClient.cpp|00171|15-11-2016 21:07:12:985|~ER~][2]Error in Connecting to SMPP [127.0.0.1:3014]
[SMPPCLINET1|TimerManeger.cpp|00107|15-11-2016 21:07:13:368|~DG~]No Timer Event Are Registed With TimerManeger
[SMPPCLINET1|TcpClient.cpp|00171|15-11-2016 21:07:13:989|~ER~][3]Error in Connecting to SMPP [127.0.0.1:3014]
[SMPPCLINET1|TimerManeger.cpp|00107|15-11-2016 21:07:14:370|~DG~]No Timer Event Are Registed With TimerManeger
[SMPPCLINET1|TcpClient.cpp|00171|15-11-2016 21:07:14:992|~ER~][4]Error in Connecting to SMPP [127.0.0.1:3014]
[SMPPCLINET1|TimerManeger.cpp|00107|15-11-2016 21:07:15:372|~DG~]No Timer Event Are Registed With TimerManeger
00000010000000150000000000000006
[SMPPCLINET1|TcpClient.cpp|00171|15-11-2016 21:07:15:995|~ER~][5]Error in Connecting to SMPP [127.0.0.1:3014]
[SMPPCLINET1|TimerManeger.cpp|00107|15-11-2016 21:07:16:374|~DG~]No Timer Event Are Registed With TimerManeger
[SMPPCLINET1|TcpClient.cpp|00171|15-11-2016 21:07:17:000|~ER~][6]Error in Connecting to SMPP [127.0.0.1:3014]
[SMPPCLINET1|TimerManeger.cpp|00107|15-11-2016 21:07:17:377|~DG~]No Timer Event Are Registed With TimerManeger
[SMPPCLINET1|TcpClient.cpp|00171|15-11-2016 21:07:18:003|~ER~][7]Error in Connecting to SMPP [127.0.0.1:3014]
[SMPPCLINET1|TimerManeger.cpp|00107|15-11-2016 21:07:18:379|~DG~]No Timer Event Are Registed With TimerManeger
[SMPPCLINET1|TcpClient.cpp|00171|15-11-2016 21:07:19:008|~ER~][8]Error in Connecting to SMPP [127.0.0.1:3014]
[SMPPCLINET1|TimerManeger.cpp|00107|15-11-2016 21:07:19:382|~DG~]No Timer Event Are Registed With TimerManeger
[SMPPCLINET1|TcpClient.cpp|00171|15-11-2016 21:07:20:012|~ER~][9]Error in Connecting to SMPP [127.0.0.1:3014]
[SMPPCLINET1|TimerManeger.cpp|00107|15-11-2016 21:07:20:385|~DG~]No Timer Event Are Registed With TimerManeger
[SMPPCLINET1|TcpClient.cpp|00171|15-11-2016 21:07:21:017|~ER~][0]Error in Connecting to SMPP [127.0.0.1:3014]
[SMPPCLINET1|TimerManeger.cpp|00107|15-11-2016 21:07:21:388|~DG~]No Timer Event Are Registed With TimerManeger
[SMPPCLINET1|TcpClient.cpp|00171|15-11-2016 21:07:22:020|~ER~][1]Error in Connecting to SMPP [127.0.0.1:3014]
[SMPPCLINET1|TimerManeger.cpp|00107|15-11-2016 21:07:22:391|~DG~]No Timer Event Are Registed With TimerManeger
[SMPPCLINET1|TcpClient.cpp|00171|15-11-2016 21:07:23:023|~ER~][2]Error in Connecting to SMPP [127.0.0.1:3014]
[SMPPCLINET1|TimerManeger.cpp|00107|15-11-2016 21:07:23:393|~DG~]No Timer Event Are Registed With TimerManeger
[SMPPCLINET1|TcpClient.cpp|00171|15-11-2016 21:07:24:025|~ER~][3]Error in Connecting to SMPP [127.0.0.1:3014]
[SMPPCLINET1|TimerManeger.cpp|00107|15-11-2016 21:07:24:396|~DG~]No Timer Event Are Registed With TimerManeger
[SMPPCLINET1|TcpClient.cpp|00171|15-11-2016 21:07:25:029|~ER~][4]Error in Connecting to SMPP [127.0.0.1:3014]
[SMPPCLINET1|TimerManeger.cpp|00107|15-11-2016 21:07:25:398|~DG~]No Timer Event Are Registed With TimerManeger
[SMPPCLINET1|TcpClient.cpp|00171|15-11-2016 21:07:26:032|~ER~][5]Error in Connecting to SMPP [127.0.0.1:3014]
[SMPPCLINET1|TimerManeger.cpp|00107|15-11-2016 21:07:26:400|~DG~]No Timer Event Are Registed With TimerManeger
[SMPPCLINET1|TcpClient.cpp|00175|15-11-2016 21:07:27:038|~VB~][6]Connected to SMPP[127.0.0.1:3014]
[SMPPCLINET1|TimerManeger.cpp|00107|15-11-2016 21:07:27:402|~DG~]No Timer Event Are Registed With TimerManeger
0000002b00000009000000000000000175737364636c69656e740070617373776f7264005452000a000000
[SMPPCLINET1|EsmeConnection.cpp|00057|15-11-2016 21:07:28:045|~IN~]Receiveing the data from SMPP[27]:cmdLength:27,cmdId:0x80000009,cmdStatus:0,mcsi_sessionId1:Error Not Configured
0000001b8000000900000000000000017465737441636f756e7400
[SMPPCLINET1|EsmeConnection.cpp|00118|15-11-2016 21:07:28:047|~IN~]Login Sucess With :testAcount
[SMPPCLINET1|TimerManeger.cpp|00107|15-11-2016 21:07:28:404|~DG~]No Timer Event Are Registed With TimerManeger
[SMPPCLINET1|TimerManeger.cpp|00107|15-11-2016 21:07:29:407|~DG~]No Timer Event Are Registed With TimerManeger
[SMPPCLINET1|TimerManeger.cpp|00107|15-11-2016 21:07:30:409|~DG~]No Timer Event Are Registed With TimerManeger
[SMPPCLINET1|TimerManeger.cpp|00107|15-11-2016 21:07:31:412|~DG~]No Timer Event Are Registed With TimerManeger
[SMPPCLINET1|TimerManeger.cpp|00107|15-11-2016 21:07:32:414|~DG~]No Timer Event Are Registed With TimerManeger
[SMPPCLINET1|TimerManeger.cpp|00107|15-11-2016 21:07:33:416|~DG~]No Timer Event Are Registed With TimerManeger
[SMPPCLINET1|TimerManeger.cpp|00107|15-11-2016 21:07:34:418|~DG~]No Timer Event Are Registed With TimerManeger
[SMPPCLINET1|TimerManeger.cpp|00107|15-11-2016 21:07:35:420|~DG~]No Timer Event Are Registed With TimerManeger
[SMPPCLINET1|TimerManeger.cpp|00107|15-11-2016 21:07:36:421|~DG~]No Timer Event Are Registed With TimerManeger
[SMPPCLINET1|TimerManeger.cpp|00107|15-11-2016 21:07:37:424|~DG~]No Timer Event Are Registed With TimerManeger
[SMPPCLINET1|TimerManeger.cpp|00107|15-11-2016 21:07:38:426|~DG~]No Timer Event Are Registed With TimerManeger
[SMPPCLINET1|EsmeConnection.cpp|00057|15-11-2016 21:07:39:050|~IN~]Receiveing the data from SMPP[59]:cmdLength:59,cmdId:0x5,cmdStatus:0,mcsi_sessionId2:Error Not Configured
0000003b000000050000000000000002555353440001013931393439333032343730350000002a3636372300000000000000000f00000501000101
0000001180000005000000000000000200
[SMPPCLINET1|EsmeConnection.cpp|00166|15-11-2016 21:07:39:411|~VB~]MO message checking for config:*667#[][MO]
[SMPPCLINET1|Menu.cpp|00020|15-11-2016 21:07:39:412|~IN~]MO serice configured is icmuser:1257
[SMPPCLINET1|EsmeConnection.cpp|00176|15-11-2016 21:07:39:412|~VB~]Message sending to server:select your choice:1.Songs2.Dailogs
0000005e000000040000000000000008555353440000002a36363723000101393139343933303234373035000000000000000000002373656c65637420796f75722063686f6963653a312e536f6e6773322e4461696c6f67730501000102
[SMPPCLINET1|TimerManeger.cpp|00051|15-11-2016 21:07:39:413|~DG~]Created and  adding to that:1479224319
[SMPPCLINET1|TimerManeger.cpp|00088|15-11-2016 21:07:39:429|~DG~]Time to get Evetn:60,1
[SMPPCLINET1|EsmeConnection.cpp|00057|15-11-2016 21:07:39:454|~IN~]Receiveing the data from SMPP[18]:cmdLength:18,cmdId:0x80000004,cmdStatus:0,mcsi_sessionId8:Error Not Configured
000000128000000400000000000000083000
[SMPPCLINET1|EsmeConnection.cpp|00057|15-11-2016 21:07:40:348|~IN~]Receiveing the data from SMPP[60]:cmdLength:60,cmdId:0x5,cmdStatus:0,mcsi_sessionId1:Error Not Configured
0000003c000000050000000000000001555353440001013931393439333032343730350000002a363637230000000000000000000001310501000112
0000001180000005000000000000000100
[SMPPCLINET1|EsmeConnection.cpp|00198|15-11-2016 21:07:40:415|~VB~]Received Continue Message:919493024705,UserInput:1
[SMPPCLINET1|EsmeConnection.cpp|00202|15-11-2016 21:07:40:415|~IN~]USSR Session found :919493024705,Analysing User Input:1
[SMPPCLINET1|TimerManeger.cpp|00061|15-11-2016 21:07:40:415|~DG~]Unregister Call came with :1479224247,0x8d913d0
[SMPPCLINET1|EsmeConnection.cpp|00216|15-11-2016 21:07:40:415|~IN~]Session found :919493024705[cdr:1],Sending Continue Message :Thank you for using our service.
0000003a000000040000000000000009555353440000003132353700010139313934393330323437303500000000000000000000000501000112
[SMPPCLINET1|TimerManeger.cpp|00088|15-11-2016 21:07:40:432|~DG~]Time to get Evetn:59,1
[SMPPCLINET1|EsmeConnection.cpp|00057|15-11-2016 21:07:40:457|~IN~]Receiveing the data from SMPP[18]:cmdLength:18,cmdId:0x80000004,cmdStatus:0,mcsi_sessionId9:Error Not Configured
000000128000000400000000000000093000
[SMPPCLINET1|TimerManeger.cpp|00088|15-11-2016 21:07:41:435|~DG~]Time to get Evetn:58,1
[SMPPCLINET1|TimerManeger.cpp|00088|15-11-2016 21:07:42:436|~DG~]Time to get Evetn:57,1
[SMPPCLINET1|TimerManeger.cpp|00088|15-11-2016 21:07:43:439|~DG~]Time to get Evetn:56,1
[SMPPCLINET1|TimerManeger.cpp|00088|15-11-2016 21:07:44:441|~DG~]Time to get Evetn:55,1
[SMPPCLINET1|TimerManeger.cpp|00088|15-11-2016 21:07:45:443|~DG~]Time to get Evetn:54,1
0000001000000015000000000000000a
[SMPPCLINET1|TimerManeger.cpp|00088|15-11-2016 21:07:46:445|~DG~]Time to get Evetn:53,1
[SMPPCLINET1|TimerManeger.cpp|00088|15-11-2016 21:07:47:450|~DG~]Time to get Evetn:52,1
[SMPPCLINET1|TimerManeger.cpp|00088|15-11-2016 21:07:48:452|~DG~]Time to get Evetn:51,1
[SMPPCLINET1|TimerManeger.cpp|00088|15-11-2016 21:07:49:454|~DG~]Time to get Evetn:50,1
[SMPPCLINET1|TimerManeger.cpp|00088|15-11-2016 21:07:50:456|~DG~]Time to get Evetn:49,1
[SMPPCLINET1|TimerManeger.cpp|00088|15-11-2016 21:07:51:458|~DG~]Time to get Evetn:48,1
[SMPPCLINET1|TimerManeger.cpp|00088|15-11-2016 21:07:52:460|~DG~]Time to get Evetn:47,1
[SMPPCLINET1|TimerManeger.cpp|00088|15-11-2016 21:07:53:464|~DG~]Time to get Evetn:46,1
[SMPPCLINET1|TimerManeger.cpp|00088|15-11-2016 21:07:54:465|~DG~]Time to get Evetn:45,1
[SMPPCLINET1|TimerManeger.cpp|00088|15-11-2016 21:07:55:467|~DG~]Time to get Evetn:44,1
[SMPPCLINET1|TimerManeger.cpp|00088|15-11-2016 21:07:56:469|~DG~]Time to get Evetn:43,1
[SMPPCLINET1|TimerManeger.cpp|00088|15-11-2016 21:07:57:471|~DG~]Time to get Evetn:42,1
[SMPPCLINET1|TimerManeger.cpp|00088|15-11-2016 21:07:58:472|~DG~]Time to get Evetn:41,1
[SMPPCLINET1|TimerManeger.cpp|00088|15-11-2016 21:07:59:475|~DG~]Time to get Evetn:40,1
[SMPPCLINET1|TimerManeger.cpp|00088|15-11-2016 21:08:00:477|~DG~]Time to get Evetn:39,1
[SMPPCLINET1|TimerManeger.cpp|00088|15-11-2016 21:08:01:479|~DG~]Time to get Evetn:38,1
[SMPPCLINET1|TimerManeger.cpp|00088|15-11-2016 21:08:02:481|~DG~]Time to get Evetn:37,1
[SMPPCLINET1|TimerManeger.cpp|00088|15-11-2016 21:08:03:483|~DG~]Time to get Evetn:36,1
[SMPPCLINET1|TimerManeger.cpp|00088|15-11-2016 21:08:04:485|~DG~]Time to get Evetn:35,1
[SMPPCLINET1|TimerManeger.cpp|00088|15-11-2016 21:08:05:487|~DG~]Time to get Evetn:34,1
[SMPPCLINET1|TimerManeger.cpp|00088|15-11-2016 21:08:06:489|~DG~]Time to get Evetn:33,1
[SMPPCLINET1|TimerManeger.cpp|00088|15-11-2016 21:08:07:491|~DG~]Time to get Evetn:32,1
[SMPPCLINET1|TimerManeger.cpp|00088|15-11-2016 21:08:08:493|~DG~]Time to get Evetn:31,1
[SMPPCLINET1|TimerManeger.cpp|00088|15-11-2016 21:08:09:494|~DG~]Time to get Evetn:30,1
[SMPPCLINET1|TimerManeger.cpp|00088|15-11-2016 21:08:10:496|~DG~]Time to get Evetn:29,1
[SMPPCLINET1|TimerManeger.cpp|00088|15-11-2016 21:08:11:498|~DG~]Time to get Evetn:28,1
[SMPPCLINET1|TimerManeger.cpp|00088|15-11-2016 21:08:12:500|~DG~]Time to get Evetn:27,1
[SMPPCLINET1|TimerManeger.cpp|00088|15-11-2016 21:08:13:502|~DG~]Time to get Evetn:26,1
[SMPPCLINET1|TimerManeger.cpp|00088|15-11-2016 21:08:14:503|~DG~]Time to get Evetn:25,1
