[SMPPSERVER10|TcpServer.cpp|00165|30-03-2016 18:55:49:391|~IN~]StartServerThread started...
[SMPPSERVER10|Receiver.cpp|00025|30-03-2016 18:55:50:316|~IN~]Receiveing the data
[SMPPSERVER10|Receiver.cpp|00043|30-03-2016 18:55:51:318|~IN~]Receiveing the data from SMPP Clinet:57
[SMPPSERVER10|Receiver.cpp|00052|30-03-2016 18:55:51:318|~IN~]Sending Bind Responc:ussdclient
[SMPPSERVER10|TcpServer.cpp|00202|30-03-2016 18:55:52:320|~IN~] Client connected from 
[SMPPSERVER10|TcpServer.cpp|00223|30-03-2016 18:55:52:320|~IN~]Started ClientThread[0x86e6c60]
[SMPPSERVER10|Receiver.cpp|00025|30-03-2016 18:55:53:323|~IN~]Receiveing the data
[SMPPSERVER10|Receiver.cpp|00043|30-03-2016 18:56:18:534|~IN~]Receiveing the data from SMPP Clinet:20
[SMPPSERVER10|Receiver.cpp|00025|30-03-2016 18:56:18:534|~IN~]Receiveing the data
[SMPPSERVER10|Receiver.cpp|00043|30-03-2016 18:56:49:598|~IN~]Receiveing the data from SMPP Clinet:20
[SMPPSERVER10|Receiver.cpp|00025|30-03-2016 18:56:49:598|~IN~]Receiveing the data
[SMPPSERVER10|Receiver.cpp|00043|30-03-2016 18:57:20:657|~IN~]Receiveing the data from SMPP Clinet:20
[SMPPSERVER10|Receiver.cpp|00025|30-03-2016 18:57:20:657|~IN~]Receiveing the data
[SMPPSERVER10|Receiver.cpp|00043|30-03-2016 18:58:08:757|~IN~]Receiveing the data from SMPP Clinet:20
[SMPPSERVER10|Receiver.cpp|00025|30-03-2016 18:58:08:757|~IN~]Receiveing the data
[SMPPSERVER10|Receiver.cpp|00043|30-03-2016 18:58:39:824|~IN~]Receiveing the data from SMPP Clinet:20
[SMPPSERVER10|Receiver.cpp|00025|30-03-2016 18:58:39:824|~IN~]Receiveing the data
[SMPPSERVER10|Receiver.cpp|00043|30-03-2016 18:59:01:867|~IN~]Receiveing the data from SMPP Clinet:100
[SMPPSERVER10|Receiver.cpp|00025|30-03-2016 18:59:01:867|~IN~]Receiveing the data
[SMPPSERVER10|Receiver.cpp|00043|30-03-2016 18:59:02:691|~IN~]Receiveing the data from SMPP Clinet:107
[SMPPSERVER10|Receiver.cpp|00025|30-03-2016 18:59:08:487|~IN~]Receiveing the data
[SMPPSERVER10|Receiver.cpp|00043|30-03-2016 18:59:08:701|~IN~]Receiveing the data from SMPP Clinet:94
[SMPPSERVER10|Receiver.cpp|00025|30-03-2016 18:59:08:701|~IN~]Receiveing the data
[SMPPSERVER10|Receiver.cpp|00043|30-03-2016 18:59:08:701|~IN~]Receiveing the data from SMPP Clinet:65
[SMPPSERVER10|Receiver.cpp|00025|30-03-2016 18:59:08:701|~IN~]Receiveing the data
[SMPPSERVER10|Receiver.cpp|00043|30-03-2016 18:59:32:930|~IN~]Receiveing the data from SMPP Clinet:20
[SMPPSERVER10|Receiver.cpp|00025|30-03-2016 18:59:32:930|~IN~]Receiveing the data
[SMPPSERVER10|Receiver.cpp|00043|30-03-2016 19:00:00:984|~IN~]Receiveing the data from SMPP Clinet:100
[SMPPSERVER10|Receiver.cpp|00025|30-03-2016 19:00:06:898|~IN~]Receiveing the data
[SMPPSERVER10|Receiver.cpp|00043|30-03-2016 19:00:07:823|~IN~]Receiveing the data from SMPP Clinet:107
[SMPPSERVER10|Receiver.cpp|00025|30-03-2016 19:00:09:111|~IN~]Receiveing the data
[SMPPSERVER10|Receiver.cpp|00043|30-03-2016 19:00:09:828|~IN~]Receiveing the data from SMPP Clinet:94
[SMPPSERVER10|Receiver.cpp|00025|30-03-2016 19:00:09:828|~IN~]Receiveing the data
[SMPPSERVER10|Receiver.cpp|00043|30-03-2016 19:00:09:828|~IN~]Receiveing the data from SMPP Clinet:65
[SMPPSERVER10|Receiver.cpp|00025|30-03-2016 19:00:09:828|~IN~]Receiveing the data
[SMPPSERVER10|Receiver.cpp|00043|30-03-2016 19:00:32:046|~IN~]Receiveing the data from SMPP Clinet:20
[SMPPSERVER10|Receiver.cpp|00025|30-03-2016 19:00:32:046|~IN~]Receiveing the data
[SMPPSERVER10|Receiver.cpp|00043|30-03-2016 19:01:03:104|~IN~]Receiveing the data from SMPP Clinet:20
[SMPPSERVER10|Receiver.cpp|00025|30-03-2016 19:01:03:104|~IN~]Receiveing the data
[SMPPSERVER10|Receiver.cpp|00043|30-03-2016 19:01:35:221|~IN~]Receiveing the data from SMPP Clinet:20
[SMPPSERVER10|Receiver.cpp|00025|30-03-2016 19:01:35:365|~IN~]Receiveing the data
[SMPPSERVER10|Receiver.cpp|00043|30-03-2016 19:02:06:073|~IN~]Receiveing the data from SMPP Clinet:20
[SMPPSERVER10|Receiver.cpp|00025|30-03-2016 19:02:06:073|~IN~]Receiveing the data
[SMPPSERVER10|Receiver.cpp|00043|30-03-2016 19:02:37:134|~IN~]Receiveing the data from SMPP Clinet:20
[SMPPSERVER10|Receiver.cpp|00025|30-03-2016 19:02:37:134|~IN~]Receiveing the data
[SMPPSERVER10|Receiver.cpp|00043|30-03-2016 19:03:08:192|~IN~]Receiveing the data from SMPP Clinet:20
[SMPPSERVER10|Receiver.cpp|00025|30-03-2016 19:03:08:192|~IN~]Receiveing the data
[SMPPSERVER10|Receiver.cpp|00043|30-03-2016 19:03:39:251|~IN~]Receiveing the data from SMPP Clinet:20
[SMPPSERVER10|Receiver.cpp|00025|30-03-2016 19:03:39:252|~IN~]Receiveing the data
[SMPPSERVER10|Receiver.cpp|00043|30-03-2016 19:04:10:312|~IN~]Receiveing the data from SMPP Clinet:20
[SMPPSERVER10|Receiver.cpp|00025|30-03-2016 19:04:10:312|~IN~]Receiveing the data
[SMPPSERVER10|Receiver.cpp|00043|30-03-2016 19:04:41:369|~IN~]Receiveing the data from SMPP Clinet:20
[SMPPSERVER10|Receiver.cpp|00025|30-03-2016 19:04:41:369|~IN~]Receiveing the data
[SMPPSERVER10|Receiver.cpp|00043|30-03-2016 19:05:12:427|~IN~]Receiveing the data from SMPP Clinet:20
[SMPPSERVER10|Receiver.cpp|00025|30-03-2016 19:05:12:427|~IN~]Receiveing the data
[SMPPSERVER10|Receiver.cpp|00043|30-03-2016 19:05:43:484|~IN~]Receiveing the data from SMPP Clinet:20
[SMPPSERVER10|Receiver.cpp|00025|30-03-2016 19:05:43:484|~IN~]Receiveing the data
[SMPPSERVER10|Receiver.cpp|00043|30-03-2016 19:06:14:545|~IN~]Receiveing the data from SMPP Clinet:20
[SMPPSERVER10|Receiver.cpp|00025|30-03-2016 19:06:14:545|~IN~]Receiveing the data
[SMPPSERVER10|Receiver.cpp|00043|30-03-2016 19:06:45:604|~IN~]Receiveing the data from SMPP Clinet:20
[SMPPSERVER10|Receiver.cpp|00025|30-03-2016 19:06:45:604|~IN~]Receiveing the data
[SMPPSERVER10|Receiver.cpp|00043|30-03-2016 19:07:16:678|~IN~]Receiveing the data from SMPP Clinet:20
[SMPPSERVER10|Receiver.cpp|00025|30-03-2016 19:07:16:678|~IN~]Receiveing the data
[SMPPSERVER10|Receiver.cpp|00043|30-03-2016 19:07:47:737|~IN~]Receiveing the data from SMPP Clinet:20
[SMPPSERVER10|Receiver.cpp|00025|30-03-2016 19:07:47:737|~IN~]Receiveing the data
[SMPPSERVER10|Receiver.cpp|00043|30-03-2016 19:08:18:803|~IN~]Receiveing the data from SMPP Clinet:20
[SMPPSERVER10|Receiver.cpp|00025|30-03-2016 19:08:18:803|~IN~]Receiveing the data
[SMPPSERVER10|Receiver.cpp|00043|30-03-2016 19:08:49:868|~IN~]Receiveing the data from SMPP Clinet:20
[SMPPSERVER10|Receiver.cpp|00025|30-03-2016 19:08:49:868|~IN~]Receiveing the data
[SMPPSERVER10|Receiver.cpp|00043|30-03-2016 19:09:20:936|~IN~]Receiveing the data from SMPP Clinet:20
[SMPPSERVER10|Receiver.cpp|00025|30-03-2016 19:09:20:936|~IN~]Receiveing the data
[SMPPSERVER10|Receiver.cpp|00043|30-03-2016 19:09:52:017|~IN~]Receiveing the data from SMPP Clinet:20
[SMPPSERVER10|Receiver.cpp|00025|30-03-2016 19:09:52:017|~IN~]Receiveing the data
[SMPPSERVER10|Receiver.cpp|00043|30-03-2016 19:10:23:077|~IN~]Receiveing the data from SMPP Clinet:20
[SMPPSERVER10|Receiver.cpp|00025|30-03-2016 19:10:23:077|~IN~]Receiveing the data
[SMPPSERVER10|Receiver.cpp|00043|30-03-2016 19:10:54:142|~IN~]Receiveing the data from SMPP Clinet:20
[SMPPSERVER10|Receiver.cpp|00025|30-03-2016 19:10:54:142|~IN~]Receiveing the data
[SMPPSERVER10|Receiver.cpp|00043|30-03-2016 19:11:25:220|~IN~]Receiveing the data from SMPP Clinet:20
[SMPPSERVER10|Receiver.cpp|00025|30-03-2016 19:11:25:220|~IN~]Receiveing the data
[SMPPSERVER10|Receiver.cpp|00043|30-03-2016 19:11:56:287|~IN~]Receiveing the data from SMPP Clinet:20
[SMPPSERVER10|Receiver.cpp|00025|30-03-2016 19:11:56:287|~IN~]Receiveing the data
[SMPPSERVER10|Receiver.cpp|00043|30-03-2016 19:12:27:362|~IN~]Receiveing the data from SMPP Clinet:20
[SMPPSERVER10|Receiver.cpp|00025|30-03-2016 19:12:27:362|~IN~]Receiveing the data
[SMPPSERVER10|Receiver.cpp|00043|30-03-2016 19:12:58:425|~IN~]Receiveing the data from SMPP Clinet:20
[SMPPSERVER10|Receiver.cpp|00025|30-03-2016 19:12:58:425|~IN~]Receiveing the data
[SMPPSERVER10|Receiver.cpp|00043|30-03-2016 19:13:29:485|~IN~]Receiveing the data from SMPP Clinet:20
[SMPPSERVER10|Receiver.cpp|00025|30-03-2016 19:13:29:485|~IN~]Receiveing the data
[SMPPSERVER10|Receiver.cpp|00043|30-03-2016 19:14:00:543|~IN~]Receiveing the data from SMPP Clinet:20
[SMPPSERVER10|Receiver.cpp|00025|30-03-2016 19:14:00:543|~IN~]Receiveing the data
[SMPPSERVER10|Receiver.cpp|00043|30-03-2016 19:14:31:600|~IN~]Receiveing the data from SMPP Clinet:20
[SMPPSERVER10|Receiver.cpp|00025|30-03-2016 19:14:31:600|~IN~]Receiveing the data
[SMPPSERVER10|Receiver.cpp|00043|30-03-2016 19:15:02:658|~IN~]Receiveing the data from SMPP Clinet:20
[SMPPSERVER10|Receiver.cpp|00025|30-03-2016 19:15:02:659|~IN~]Receiveing the data
[SMPPSERVER10|Receiver.cpp|00043|30-03-2016 19:15:33:718|~IN~]Receiveing the data from SMPP Clinet:20
[SMPPSERVER10|Receiver.cpp|00025|30-03-2016 19:15:33:718|~IN~]Receiveing the data
[SMPPSERVER10|Receiver.cpp|00043|30-03-2016 19:16:04:778|~IN~]Receiveing the data from SMPP Clinet:20
[SMPPSERVER10|Receiver.cpp|00025|30-03-2016 19:16:04:778|~IN~]Receiveing the data
[SMPPSERVER10|Receiver.cpp|00043|30-03-2016 19:16:35:846|~IN~]Receiveing the data from SMPP Clinet:20
[SMPPSERVER10|Receiver.cpp|00025|30-03-2016 19:16:35:846|~IN~]Receiveing the data
[SMPPSERVER10|Receiver.cpp|00043|30-03-2016 19:17:06:915|~IN~]Receiveing the data from SMPP Clinet:20
[SMPPSERVER10|Receiver.cpp|00025|30-03-2016 19:17:06:915|~IN~]Receiveing the data
[SMPPSERVER10|Receiver.cpp|00043|30-03-2016 19:17:37:989|~IN~]Receiveing the data from SMPP Clinet:20
[SMPPSERVER10|Receiver.cpp|00025|30-03-2016 19:17:37:989|~IN~]Receiveing the data
[SMPPSERVER10|Receiver.cpp|00043|30-03-2016 19:18:09:075|~IN~]Receiveing the data from SMPP Clinet:20
[SMPPSERVER10|Receiver.cpp|00025|30-03-2016 19:18:09:075|~IN~]Receiveing the data
[SMPPSERVER10|Receiver.cpp|00043|30-03-2016 19:18:40:135|~IN~]Receiveing the data from SMPP Clinet:20
[SMPPSERVER10|Receiver.cpp|00025|30-03-2016 19:18:40:135|~IN~]Receiveing the data
[SMPPSERVER10|Receiver.cpp|00043|30-03-2016 19:19:11:204|~IN~]Receiveing the data from SMPP Clinet:20
[SMPPSERVER10|Receiver.cpp|00025|30-03-2016 19:19:11:204|~IN~]Receiveing the data
[SMPPSERVER10|Receiver.cpp|00043|30-03-2016 19:19:42:268|~IN~]Receiveing the data from SMPP Clinet:20
[SMPPSERVER10|Receiver.cpp|00025|30-03-2016 19:19:42:268|~IN~]Receiveing the data
[SMPPSERVER10|Receiver.cpp|00043|30-03-2016 19:20:13:344|~IN~]Receiveing the data from SMPP Clinet:20
[SMPPSERVER10|Receiver.cpp|00025|30-03-2016 19:20:13:344|~IN~]Receiveing the data
[SMPPSERVER10|Receiver.cpp|00043|30-03-2016 19:20:44:407|~IN~]Receiveing the data from SMPP Clinet:20
[SMPPSERVER10|Receiver.cpp|00025|30-03-2016 19:20:44:407|~IN~]Receiveing the data
[SMPPSERVER10|Receiver.cpp|00043|30-03-2016 19:21:15:475|~IN~]Receiveing the data from SMPP Clinet:20
[SMPPSERVER10|Receiver.cpp|00025|30-03-2016 19:21:15:475|~IN~]Receiveing the data
[SMPPSERVER10|Receiver.cpp|00043|30-03-2016 19:21:46:533|~IN~]Receiveing the data from SMPP Clinet:20
[SMPPSERVER10|Receiver.cpp|00025|30-03-2016 19:21:46:533|~IN~]Receiveing the data
[SMPPSERVER10|Receiver.cpp|00043|30-03-2016 19:22:17:593|~IN~]Receiveing the data from SMPP Clinet:20
[SMPPSERVER10|Receiver.cpp|00025|30-03-2016 19:22:17:593|~IN~]Receiveing the data
[SMPPSERVER10|Receiver.cpp|00043|30-03-2016 19:22:48:662|~IN~]Receiveing the data from SMPP Clinet:20
[SMPPSERVER10|Receiver.cpp|00025|30-03-2016 19:22:48:663|~IN~]Receiveing the data
[SMPPSERVER10|Receiver.cpp|00043|30-03-2016 19:23:19:731|~IN~]Receiveing the data from SMPP Clinet:20
[SMPPSERVER10|Receiver.cpp|00025|30-03-2016 19:23:19:731|~IN~]Receiveing the data
[SMPPSERVER10|Receiver.cpp|00043|30-03-2016 19:23:50:800|~IN~]Receiveing the data from SMPP Clinet:20
[SMPPSERVER10|Receiver.cpp|00025|30-03-2016 19:23:50:801|~IN~]Receiveing the data
[SMPPSERVER10|Receiver.cpp|00043|30-03-2016 19:24:21:876|~IN~]Receiveing the data from SMPP Clinet:20
[SMPPSERVER10|Receiver.cpp|00025|30-03-2016 19:24:21:876|~IN~]Receiveing the data
[SMPPSERVER10|Receiver.cpp|00043|30-03-2016 19:24:52:944|~IN~]Receiveing the data from SMPP Clinet:20
[SMPPSERVER10|Receiver.cpp|00025|30-03-2016 19:24:52:944|~IN~]Receiveing the data
[SMPPSERVER10|Receiver.cpp|00043|30-03-2016 19:25:24:006|~IN~]Receiveing the data from SMPP Clinet:20
[SMPPSERVER10|Receiver.cpp|00025|30-03-2016 19:25:24:006|~IN~]Receiveing the data
