[SMPPSERVER10|Receiver.cpp|00043|23-01-2016 16:54:19:717|~IN~]Receiveing the data from SMPP Clinet:20
[SMPPSERVER10|Receiver.cpp|00025|23-01-2016 16:54:19:717|~IN~]Receiveing the data
[SMPPSERVER10|Receiver.cpp|00043|23-01-2016 16:54:30:744|~IN~]Receiveing the data from SMPP Clinet:20
[SMPPSERVER10|Receiver.cpp|00025|23-01-2016 16:54:30:744|~IN~]Receiveing the data
[SMPPSERVER10|Receiver.cpp|00043|23-01-2016 16:54:41:770|~IN~]Receiveing the data from SMPP Clinet:20
[SMPPSERVER10|Receiver.cpp|00025|23-01-2016 16:54:41:770|~IN~]Receiveing the data
[SMPPSERVER10|Receiver.cpp|00043|23-01-2016 16:54:52:792|~IN~]Receiveing the data from SMPP Clinet:20
[SMPPSERVER10|Receiver.cpp|00025|23-01-2016 16:54:52:792|~IN~]Receiveing the data
[SMPPSERVER10|Receiver.cpp|00043|23-01-2016 16:55:03:814|~IN~]Receiveing the data from SMPP Clinet:20
[SMPPSERVER10|Receiver.cpp|00025|23-01-2016 16:55:03:814|~IN~]Receiveing the data
[SMPPSERVER10|Receiver.cpp|00043|23-01-2016 16:55:14:835|~IN~]Receiveing the data from SMPP Clinet:20
[SMPPSERVER10|Receiver.cpp|00025|23-01-2016 16:55:14:835|~IN~]Receiveing the data
[SMPPSERVER10|Receiver.cpp|00043|23-01-2016 16:55:25:856|~IN~]Receiveing the data from SMPP Clinet:20
[SMPPSERVER10|Receiver.cpp|00025|23-01-2016 16:55:25:856|~IN~]Receiveing the data
[SMPPSERVER10|Receiver.cpp|00043|23-01-2016 16:55:36:876|~IN~]Receiveing the data from SMPP Clinet:20
[SMPPSERVER10|Receiver.cpp|00025|23-01-2016 16:55:36:876|~IN~]Receiveing the data
[SMPPSERVER10|Receiver.cpp|00043|23-01-2016 16:55:47:897|~IN~]Receiveing the data from SMPP Clinet:20
[SMPPSERVER10|Receiver.cpp|00025|23-01-2016 16:55:47:897|~IN~]Receiveing the data
[SMPPSERVER10|Receiver.cpp|00043|23-01-2016 16:55:58:917|~IN~]Receiveing the data from SMPP Clinet:20
[SMPPSERVER10|Receiver.cpp|00025|23-01-2016 16:55:58:917|~IN~]Receiveing the data
[SMPPSERVER10|Receiver.cpp|00043|23-01-2016 16:56:09:938|~IN~]Receiveing the data from SMPP Clinet:20
[SMPPSERVER10|Receiver.cpp|00025|23-01-2016 16:56:09:938|~IN~]Receiveing the data
[SMPPSERVER10|Receiver.cpp|00043|23-01-2016 16:56:20:958|~IN~]Receiveing the data from SMPP Clinet:20
[SMPPSERVER10|Receiver.cpp|00025|23-01-2016 16:56:20:958|~IN~]Receiveing the data
[SMPPSERVER10|Receiver.cpp|00043|23-01-2016 16:56:31:980|~IN~]Receiveing the data from SMPP Clinet:20
[SMPPSERVER10|Receiver.cpp|00025|23-01-2016 16:56:31:980|~IN~]Receiveing the data
[SMPPSERVER10|Receiver.cpp|00043|23-01-2016 16:56:43:001|~IN~]Receiveing the data from SMPP Clinet:20
[SMPPSERVER10|Receiver.cpp|00025|23-01-2016 16:56:43:001|~IN~]Receiveing the data
[SMPPSERVER10|Receiver.cpp|00043|23-01-2016 16:56:54:023|~IN~]Receiveing the data from SMPP Clinet:20
[SMPPSERVER10|Receiver.cpp|00025|23-01-2016 16:56:54:023|~IN~]Receiveing the data
[SMPPSERVER10|Receiver.cpp|00043|23-01-2016 16:57:05:043|~IN~]Receiveing the data from SMPP Clinet:20
[SMPPSERVER10|Receiver.cpp|00025|23-01-2016 16:57:05:043|~IN~]Receiveing the data
[SMPPSERVER10|Receiver.cpp|00043|23-01-2016 16:57:16:073|~IN~]Receiveing the data from SMPP Clinet:20
[SMPPSERVER10|Receiver.cpp|00025|23-01-2016 16:57:16:073|~IN~]Receiveing the data
[SMPPSERVER10|Receiver.cpp|00043|23-01-2016 16:57:27:094|~IN~]Receiveing the data from SMPP Clinet:20
[SMPPSERVER10|Receiver.cpp|00025|23-01-2016 16:57:27:094|~IN~]Receiveing the data
[SMPPSERVER10|Receiver.cpp|00043|23-01-2016 16:57:38:116|~IN~]Receiveing the data from SMPP Clinet:20
[SMPPSERVER10|Receiver.cpp|00025|23-01-2016 16:57:38:116|~IN~]Receiveing the data
[SMPPSERVER10|Receiver.cpp|00043|23-01-2016 16:57:49:137|~IN~]Receiveing the data from SMPP Clinet:20
[SMPPSERVER10|Receiver.cpp|00025|23-01-2016 16:57:49:137|~IN~]Receiveing the data
[SMPPSERVER10|Receiver.cpp|00043|23-01-2016 16:58:00:159|~IN~]Receiveing the data from SMPP Clinet:20
[SMPPSERVER10|Receiver.cpp|00025|23-01-2016 16:58:00:159|~IN~]Receiveing the data
[SMPPSERVER10|Receiver.cpp|00043|23-01-2016 16:58:11:180|~IN~]Receiveing the data from SMPP Clinet:20
[SMPPSERVER10|Receiver.cpp|00025|23-01-2016 16:58:11:180|~IN~]Receiveing the data
[SMPPSERVER10|Receiver.cpp|00043|23-01-2016 16:58:22:208|~IN~]Receiveing the data from SMPP Clinet:20
[SMPPSERVER10|Receiver.cpp|00025|23-01-2016 16:58:22:208|~IN~]Receiveing the data
[SMPPSERVER10|Receiver.cpp|00043|23-01-2016 16:58:33:235|~IN~]Receiveing the data from SMPP Clinet:20
[SMPPSERVER10|Receiver.cpp|00025|23-01-2016 16:58:33:235|~IN~]Receiveing the data
[SMPPSERVER10|Receiver.cpp|00043|23-01-2016 16:58:44:256|~IN~]Receiveing the data from SMPP Clinet:20
[SMPPSERVER10|Receiver.cpp|00025|23-01-2016 16:58:44:256|~IN~]Receiveing the data
[SMPPSERVER10|Receiver.cpp|00043|23-01-2016 16:58:55:279|~IN~]Receiveing the data from SMPP Clinet:20
[SMPPSERVER10|Receiver.cpp|00025|23-01-2016 16:58:55:279|~IN~]Receiveing the data
[SMPPSERVER10|Receiver.cpp|00043|23-01-2016 16:59:06:299|~IN~]Receiveing the data from SMPP Clinet:20
[SMPPSERVER10|Receiver.cpp|00025|23-01-2016 16:59:06:299|~IN~]Receiveing the data
[SMPPSERVER10|Receiver.cpp|00043|23-01-2016 16:59:17:320|~IN~]Receiveing the data from SMPP Clinet:20
[SMPPSERVER10|Receiver.cpp|00025|23-01-2016 16:59:17:320|~IN~]Receiveing the data
[SMPPSERVER10|Receiver.cpp|00043|23-01-2016 16:59:28:341|~IN~]Receiveing the data from SMPP Clinet:20
[SMPPSERVER10|Receiver.cpp|00025|23-01-2016 16:59:28:341|~IN~]Receiveing the data
[SMPPSERVER10|Receiver.cpp|00043|23-01-2016 16:59:39:362|~IN~]Receiveing the data from SMPP Clinet:20
[SMPPSERVER10|Receiver.cpp|00025|23-01-2016 16:59:39:362|~IN~]Receiveing the data
[SMPPSERVER10|Receiver.cpp|00043|23-01-2016 16:59:50:384|~IN~]Receiveing the data from SMPP Clinet:20
[SMPPSERVER10|Receiver.cpp|00025|23-01-2016 16:59:50:384|~IN~]Receiveing the data
[SMPPSERVER10|Receiver.cpp|00043|23-01-2016 17:00:01:405|~IN~]Receiveing the data from SMPP Clinet:20
[SMPPSERVER10|Receiver.cpp|00025|23-01-2016 17:00:01:405|~IN~]Receiveing the data
[SMPPSERVER10|Receiver.cpp|00043|23-01-2016 17:00:12:426|~IN~]Receiveing the data from SMPP Clinet:20
[SMPPSERVER10|Receiver.cpp|00025|23-01-2016 17:00:12:426|~IN~]Receiveing the data
[SMPPSERVER10|Receiver.cpp|00043|23-01-2016 17:00:23:446|~IN~]Receiveing the data from SMPP Clinet:20
[SMPPSERVER10|Receiver.cpp|00025|23-01-2016 17:00:23:446|~IN~]Receiveing the data
[SMPPSERVER10|Receiver.cpp|00043|23-01-2016 17:00:34:467|~IN~]Receiveing the data from SMPP Clinet:20
[SMPPSERVER10|Receiver.cpp|00025|23-01-2016 17:00:34:467|~IN~]Receiveing the data
[SMPPSERVER10|Receiver.cpp|00043|23-01-2016 17:00:45:490|~IN~]Receiveing the data from SMPP Clinet:20
[SMPPSERVER10|Receiver.cpp|00025|23-01-2016 17:00:45:490|~IN~]Receiveing the data
[SMPPSERVER10|Receiver.cpp|00043|23-01-2016 17:00:56:511|~IN~]Receiveing the data from SMPP Clinet:20
[SMPPSERVER10|Receiver.cpp|00025|23-01-2016 17:00:56:511|~IN~]Receiveing the data
[SMPPSERVER10|Receiver.cpp|00043|23-01-2016 17:01:07:542|~IN~]Receiveing the data from SMPP Clinet:20
[SMPPSERVER10|Receiver.cpp|00025|23-01-2016 17:01:07:542|~IN~]Receiveing the data
[SMPPSERVER10|Receiver.cpp|00043|23-01-2016 17:01:18:565|~IN~]Receiveing the data from SMPP Clinet:20
[SMPPSERVER10|Receiver.cpp|00025|23-01-2016 17:01:18:565|~IN~]Receiveing the data
[SMPPSERVER10|Receiver.cpp|00043|23-01-2016 17:01:29:586|~IN~]Receiveing the data from SMPP Clinet:20
[SMPPSERVER10|Receiver.cpp|00025|23-01-2016 17:01:29:586|~IN~]Receiveing the data
[SMPPSERVER10|Receiver.cpp|00043|23-01-2016 17:01:40:608|~IN~]Receiveing the data from SMPP Clinet:20
[SMPPSERVER10|Receiver.cpp|00025|23-01-2016 17:01:40:608|~IN~]Receiveing the data
[SMPPSERVER10|Receiver.cpp|00043|23-01-2016 17:01:51:632|~IN~]Receiveing the data from SMPP Clinet:20
[SMPPSERVER10|Receiver.cpp|00025|23-01-2016 17:01:51:632|~IN~]Receiveing the data
[SMPPSERVER10|Receiver.cpp|00043|23-01-2016 17:02:02:655|~IN~]Receiveing the data from SMPP Clinet:20
[SMPPSERVER10|Receiver.cpp|00025|23-01-2016 17:02:02:655|~IN~]Receiveing the data
[SMPPSERVER10|Receiver.cpp|00043|23-01-2016 17:02:13:677|~IN~]Receiveing the data from SMPP Clinet:20
[SMPPSERVER10|Receiver.cpp|00025|23-01-2016 17:02:13:677|~IN~]Receiveing the data
[SMPPSERVER10|Receiver.cpp|00043|23-01-2016 17:02:24:698|~IN~]Receiveing the data from SMPP Clinet:20
[SMPPSERVER10|Receiver.cpp|00025|23-01-2016 17:02:24:698|~IN~]Receiveing the data
[SMPPSERVER10|Receiver.cpp|00043|23-01-2016 17:02:35:719|~IN~]Receiveing the data from SMPP Clinet:20
[SMPPSERVER10|Receiver.cpp|00025|23-01-2016 17:02:35:719|~IN~]Receiveing the data
[SMPPSERVER10|Receiver.cpp|00043|23-01-2016 17:02:46:743|~IN~]Receiveing the data from SMPP Clinet:20
[SMPPSERVER10|Receiver.cpp|00025|23-01-2016 17:02:46:743|~IN~]Receiveing the data
[SMPPSERVER10|Receiver.cpp|00043|23-01-2016 17:02:57:766|~IN~]Receiveing the data from SMPP Clinet:20
[SMPPSERVER10|Receiver.cpp|00025|23-01-2016 17:02:57:766|~IN~]Receiveing the data
[SMPPSERVER10|Receiver.cpp|00040|23-01-2016 17:03:05:531|~ER~]Clinet Disconnection happend
[SMPPSERVER10|TcpServer.cpp|00228|23-01-2016 17:03:05:531|~ER~]Clint Has Discoonected From 
[SMPPSERVER10|TcpServer.cpp|00245|23-01-2016 17:03:05:531|~CR~]Clinet  Disconnected
[SMPPSERVER10|Receiver.cpp|00025|23-01-2016 17:03:16:041|~IN~]Receiveing the data
[SMPPSERVER10|Receiver.cpp|00043|23-01-2016 17:03:17:043|~IN~]Receiveing the data from SMPP Clinet:57
[SMPPSERVER10|Receiver.cpp|00052|23-01-2016 17:03:17:043|~IN~]Sending Bind Responc:ussdclient
[SMPPSERVER10|TcpServer.cpp|00202|23-01-2016 17:03:18:047|~IN~] Client connected from 
[SMPPSERVER10|TcpServer.cpp|00223|23-01-2016 17:03:18:047|~IN~]Started ClientThread[0x8c08c60]
[SMPPSERVER10|Receiver.cpp|00025|23-01-2016 17:03:19:050|~IN~]Receiveing the data
[SMPPSERVER10|Receiver.cpp|00043|23-01-2016 17:03:28:067|~IN~]Receiveing the data from SMPP Clinet:20
[SMPPSERVER10|Receiver.cpp|00025|23-01-2016 17:03:28:067|~IN~]Receiveing the data
[SMPPSERVER10|Receiver.cpp|00043|23-01-2016 17:03:39:093|~IN~]Receiveing the data from SMPP Clinet:20
[SMPPSERVER10|Receiver.cpp|00025|23-01-2016 17:03:39:093|~IN~]Receiveing the data
[SMPPSERVER10|Receiver.cpp|00043|23-01-2016 17:03:42:101|~IN~]Receiveing the data from SMPP Clinet:100
[SMPPSERVER10|Receiver.cpp|00025|23-01-2016 17:03:47:188|~IN~]Receiveing the data
[SMPPSERVER10|Receiver.cpp|00043|23-01-2016 17:03:48:106|~IN~]Receiveing the data from SMPP Clinet:107
[SMPPSERVER10|Receiver.cpp|00025|23-01-2016 17:03:53:372|~IN~]Receiveing the data
[SMPPSERVER10|Receiver.cpp|00043|23-01-2016 17:03:53:372|~IN~]Receiveing the data from SMPP Clinet:20
[SMPPSERVER10|Receiver.cpp|00025|23-01-2016 17:03:53:372|~IN~]Receiveing the data
[SMPPSERVER10|Receiver.cpp|00043|23-01-2016 17:03:54:117|~IN~]Receiveing the data from SMPP Clinet:94
[SMPPSERVER10|Receiver.cpp|00025|23-01-2016 17:03:54:117|~IN~]Receiveing the data
[SMPPSERVER10|Receiver.cpp|00043|23-01-2016 17:03:54:118|~IN~]Receiveing the data from SMPP Clinet:137
[SMPPSERVER10|Receiver.cpp|00025|23-01-2016 17:03:54:118|~IN~]Receiveing the data
[SMPPSERVER10|Receiver.cpp|00043|23-01-2016 17:04:04:150|~IN~]Receiveing the data from SMPP Clinet:20
[SMPPSERVER10|Receiver.cpp|00025|23-01-2016 17:04:04:150|~IN~]Receiveing the data
[SMPPSERVER10|Receiver.cpp|00043|23-01-2016 17:04:15:173|~IN~]Receiveing the data from SMPP Clinet:20
[SMPPSERVER10|Receiver.cpp|00025|23-01-2016 17:04:15:173|~IN~]Receiveing the data
[SMPPSERVER10|Receiver.cpp|00043|23-01-2016 17:04:26:205|~IN~]Receiveing the data from SMPP Clinet:20
[SMPPSERVER10|Receiver.cpp|00025|23-01-2016 17:04:26:205|~IN~]Receiveing the data
[SMPPSERVER10|Receiver.cpp|00043|23-01-2016 17:04:37:226|~IN~]Receiveing the data from SMPP Clinet:20
[SMPPSERVER10|Receiver.cpp|00025|23-01-2016 17:04:37:226|~IN~]Receiveing the data
[SMPPSERVER10|Receiver.cpp|00043|23-01-2016 17:04:48:250|~IN~]Receiveing the data from SMPP Clinet:20
[SMPPSERVER10|Receiver.cpp|00025|23-01-2016 17:04:48:251|~IN~]Receiveing the data
[SMPPSERVER10|Receiver.cpp|00043|23-01-2016 17:04:59:273|~IN~]Receiveing the data from SMPP Clinet:20
[SMPPSERVER10|Receiver.cpp|00025|23-01-2016 17:04:59:273|~IN~]Receiveing the data
[SMPPSERVER10|Receiver.cpp|00043|23-01-2016 17:05:10:294|~IN~]Receiveing the data from SMPP Clinet:20
[SMPPSERVER10|Receiver.cpp|00025|23-01-2016 17:05:10:294|~IN~]Receiveing the data
[SMPPSERVER10|Receiver.cpp|00043|23-01-2016 17:05:21:315|~IN~]Receiveing the data from SMPP Clinet:20
[SMPPSERVER10|Receiver.cpp|00025|23-01-2016 17:05:21:315|~IN~]Receiveing the data
[SMPPSERVER10|Receiver.cpp|00043|23-01-2016 17:05:32:341|~IN~]Receiveing the data from SMPP Clinet:20
[SMPPSERVER10|Receiver.cpp|00025|23-01-2016 17:05:32:341|~IN~]Receiveing the data
[SMPPSERVER10|Receiver.cpp|00043|23-01-2016 17:05:43:369|~IN~]Receiveing the data from SMPP Clinet:20
[SMPPSERVER10|Receiver.cpp|00025|23-01-2016 17:05:43:369|~IN~]Receiveing the data
[SMPPSERVER10|Receiver.cpp|00043|23-01-2016 17:05:54:391|~IN~]Receiveing the data from SMPP Clinet:20
[SMPPSERVER10|Receiver.cpp|00025|23-01-2016 17:05:54:392|~IN~]Receiveing the data
[SMPPSERVER10|Receiver.cpp|00043|23-01-2016 17:06:05:412|~IN~]Receiveing the data from SMPP Clinet:20
[SMPPSERVER10|Receiver.cpp|00025|23-01-2016 17:06:05:412|~IN~]Receiveing the data
