[SMPPSERVER10|Receiver.cpp|00043|25-01-2016 18:30:57:813|~IN~]Receiveing the data from SMPP Clinet:20
[SMPPSERVER10|Receiver.cpp|00025|25-01-2016 18:30:57:815|~IN~]Receiveing the data
[SMPPSERVER10|Receiver.cpp|00043|25-01-2016 18:31:08:838|~IN~]Receiveing the data from SMPP Clinet:20
[SMPPSERVER10|Receiver.cpp|00025|25-01-2016 18:31:08:838|~IN~]Receiveing the data
[SMPPSERVER10|Receiver.cpp|00043|25-01-2016 18:31:19:859|~IN~]Receiveing the data from SMPP Clinet:20
[SMPPSERVER10|Receiver.cpp|00025|25-01-2016 18:31:19:859|~IN~]Receiveing the data
[SMPPSERVER10|Receiver.cpp|00043|25-01-2016 18:31:30:881|~IN~]Receiveing the data from SMPP Clinet:20
[SMPPSERVER10|Receiver.cpp|00025|25-01-2016 18:31:30:881|~IN~]Receiveing the data
[SMPPSERVER10|Receiver.cpp|00043|25-01-2016 18:31:41:902|~IN~]Receiveing the data from SMPP Clinet:20
[SMPPSERVER10|Receiver.cpp|00025|25-01-2016 18:31:41:902|~IN~]Receiveing the data
[SMPPSERVER10|Receiver.cpp|00043|25-01-2016 18:31:52:923|~IN~]Receiveing the data from SMPP Clinet:20
[SMPPSERVER10|Receiver.cpp|00025|25-01-2016 18:31:52:923|~IN~]Receiveing the data
[SMPPSERVER10|Receiver.cpp|00043|25-01-2016 18:32:03:944|~IN~]Receiveing the data from SMPP Clinet:20
[SMPPSERVER10|Receiver.cpp|00025|25-01-2016 18:32:03:944|~IN~]Receiveing the data
[SMPPSERVER10|Receiver.cpp|00043|25-01-2016 18:32:14:965|~IN~]Receiveing the data from SMPP Clinet:20
[SMPPSERVER10|Receiver.cpp|00025|25-01-2016 18:32:14:965|~IN~]Receiveing the data
[SMPPSERVER10|Receiver.cpp|00043|25-01-2016 18:32:25:990|~IN~]Receiveing the data from SMPP Clinet:20
[SMPPSERVER10|Receiver.cpp|00025|25-01-2016 18:32:25:991|~IN~]Receiveing the data
[SMPPSERVER10|Receiver.cpp|00043|25-01-2016 18:32:37:012|~IN~]Receiveing the data from SMPP Clinet:20
[SMPPSERVER10|Receiver.cpp|00025|25-01-2016 18:32:37:012|~IN~]Receiveing the data
[SMPPSERVER10|Receiver.cpp|00043|25-01-2016 18:32:48:038|~IN~]Receiveing the data from SMPP Clinet:20
[SMPPSERVER10|Receiver.cpp|00025|25-01-2016 18:32:48:038|~IN~]Receiveing the data
[SMPPSERVER10|Receiver.cpp|00043|25-01-2016 18:32:59:058|~IN~]Receiveing the data from SMPP Clinet:20
[SMPPSERVER10|Receiver.cpp|00025|25-01-2016 18:32:59:058|~IN~]Receiveing the data
[SMPPSERVER10|Receiver.cpp|00043|25-01-2016 18:33:10:083|~IN~]Receiveing the data from SMPP Clinet:20
[SMPPSERVER10|Receiver.cpp|00025|25-01-2016 18:33:10:083|~IN~]Receiveing the data
[SMPPSERVER10|Receiver.cpp|00043|25-01-2016 18:33:21:104|~IN~]Receiveing the data from SMPP Clinet:20
[SMPPSERVER10|Receiver.cpp|00025|25-01-2016 18:33:21:105|~IN~]Receiveing the data
[SMPPSERVER10|Receiver.cpp|00043|25-01-2016 18:33:32:134|~IN~]Receiveing the data from SMPP Clinet:20
[SMPPSERVER10|Receiver.cpp|00025|25-01-2016 18:33:32:134|~IN~]Receiveing the data
[SMPPSERVER10|Receiver.cpp|00043|25-01-2016 18:33:43:160|~IN~]Receiveing the data from SMPP Clinet:20
[SMPPSERVER10|Receiver.cpp|00025|25-01-2016 18:33:43:160|~IN~]Receiveing the data
[SMPPSERVER10|Receiver.cpp|00043|25-01-2016 18:33:54:183|~IN~]Receiveing the data from SMPP Clinet:20
[SMPPSERVER10|Receiver.cpp|00025|25-01-2016 18:33:54:183|~IN~]Receiveing the data
[SMPPSERVER10|Receiver.cpp|00043|25-01-2016 18:34:05:204|~IN~]Receiveing the data from SMPP Clinet:20
[SMPPSERVER10|Receiver.cpp|00025|25-01-2016 18:34:05:204|~IN~]Receiveing the data
[SMPPSERVER10|Receiver.cpp|00043|25-01-2016 18:34:16:227|~IN~]Receiveing the data from SMPP Clinet:20
[SMPPSERVER10|Receiver.cpp|00025|25-01-2016 18:34:16:228|~IN~]Receiveing the data
[SMPPSERVER10|Receiver.cpp|00043|25-01-2016 18:34:27:252|~IN~]Receiveing the data from SMPP Clinet:20
[SMPPSERVER10|Receiver.cpp|00025|25-01-2016 18:34:27:252|~IN~]Receiveing the data
[SMPPSERVER10|Receiver.cpp|00043|25-01-2016 18:34:38:280|~IN~]Receiveing the data from SMPP Clinet:20
[SMPPSERVER10|Receiver.cpp|00025|25-01-2016 18:34:38:280|~IN~]Receiveing the data
[SMPPSERVER10|Receiver.cpp|00043|25-01-2016 18:34:49:323|~IN~]Receiveing the data from SMPP Clinet:20
[SMPPSERVER10|Receiver.cpp|00025|25-01-2016 18:34:49:323|~IN~]Receiveing the data
[SMPPSERVER10|Receiver.cpp|00043|25-01-2016 18:35:00:349|~IN~]Receiveing the data from SMPP Clinet:20
[SMPPSERVER10|Receiver.cpp|00025|25-01-2016 18:35:00:349|~IN~]Receiveing the data
[SMPPSERVER10|Receiver.cpp|00043|25-01-2016 18:35:11:374|~IN~]Receiveing the data from SMPP Clinet:20
[SMPPSERVER10|Receiver.cpp|00025|25-01-2016 18:35:11:374|~IN~]Receiveing the data
[SMPPSERVER10|Receiver.cpp|00043|25-01-2016 18:35:22:408|~IN~]Receiveing the data from SMPP Clinet:20
[SMPPSERVER10|Receiver.cpp|00025|25-01-2016 18:35:22:408|~IN~]Receiveing the data
[SMPPSERVER10|Receiver.cpp|00043|25-01-2016 18:35:33:429|~IN~]Receiveing the data from SMPP Clinet:20
[SMPPSERVER10|Receiver.cpp|00025|25-01-2016 18:35:33:429|~IN~]Receiveing the data
[SMPPSERVER10|Receiver.cpp|00043|25-01-2016 18:35:44:450|~IN~]Receiveing the data from SMPP Clinet:20
[SMPPSERVER10|Receiver.cpp|00025|25-01-2016 18:35:44:450|~IN~]Receiveing the data
[SMPPSERVER10|Receiver.cpp|00043|25-01-2016 18:35:55:471|~IN~]Receiveing the data from SMPP Clinet:20
[SMPPSERVER10|Receiver.cpp|00025|25-01-2016 18:35:55:471|~IN~]Receiveing the data
[SMPPSERVER10|Receiver.cpp|00043|25-01-2016 18:36:06:496|~IN~]Receiveing the data from SMPP Clinet:20
[SMPPSERVER10|Receiver.cpp|00025|25-01-2016 18:36:06:496|~IN~]Receiveing the data
[SMPPSERVER10|Receiver.cpp|00043|25-01-2016 18:36:17:516|~IN~]Receiveing the data from SMPP Clinet:20
[SMPPSERVER10|Receiver.cpp|00025|25-01-2016 18:36:17:516|~IN~]Receiveing the data
[SMPPSERVER10|Receiver.cpp|00043|25-01-2016 18:36:28:537|~IN~]Receiveing the data from SMPP Clinet:20
[SMPPSERVER10|Receiver.cpp|00025|25-01-2016 18:36:28:537|~IN~]Receiveing the data
[SMPPSERVER10|Receiver.cpp|00043|25-01-2016 18:36:39:561|~IN~]Receiveing the data from SMPP Clinet:20
[SMPPSERVER10|Receiver.cpp|00025|25-01-2016 18:36:39:561|~IN~]Receiveing the data
[SMPPSERVER10|Receiver.cpp|00043|25-01-2016 18:36:50:583|~IN~]Receiveing the data from SMPP Clinet:20
[SMPPSERVER10|Receiver.cpp|00025|25-01-2016 18:36:50:583|~IN~]Receiveing the data
[SMPPSERVER10|Receiver.cpp|00043|25-01-2016 18:37:01:604|~IN~]Receiveing the data from SMPP Clinet:20
[SMPPSERVER10|Receiver.cpp|00025|25-01-2016 18:37:01:604|~IN~]Receiveing the data
[SMPPSERVER10|Receiver.cpp|00043|25-01-2016 18:37:12:627|~IN~]Receiveing the data from SMPP Clinet:20
[SMPPSERVER10|Receiver.cpp|00025|25-01-2016 18:37:12:627|~IN~]Receiveing the data
[SMPPSERVER10|Receiver.cpp|00043|25-01-2016 18:37:23:649|~IN~]Receiveing the data from SMPP Clinet:20
[SMPPSERVER10|Receiver.cpp|00025|25-01-2016 18:37:23:649|~IN~]Receiveing the data
[SMPPSERVER10|Receiver.cpp|00043|25-01-2016 18:37:34:670|~IN~]Receiveing the data from SMPP Clinet:20
[SMPPSERVER10|Receiver.cpp|00025|25-01-2016 18:37:34:670|~IN~]Receiveing the data
[SMPPSERVER10|Receiver.cpp|00043|25-01-2016 18:37:45:691|~IN~]Receiveing the data from SMPP Clinet:20
[SMPPSERVER10|Receiver.cpp|00025|25-01-2016 18:37:45:691|~IN~]Receiveing the data
[SMPPSERVER10|Receiver.cpp|00043|25-01-2016 18:37:56:713|~IN~]Receiveing the data from SMPP Clinet:20
[SMPPSERVER10|Receiver.cpp|00025|25-01-2016 18:37:56:713|~IN~]Receiveing the data
[SMPPSERVER10|Receiver.cpp|00043|25-01-2016 18:38:07:734|~IN~]Receiveing the data from SMPP Clinet:20
[SMPPSERVER10|Receiver.cpp|00025|25-01-2016 18:38:07:734|~IN~]Receiveing the data
[SMPPSERVER10|Receiver.cpp|00043|25-01-2016 18:38:18:757|~IN~]Receiveing the data from SMPP Clinet:20
[SMPPSERVER10|Receiver.cpp|00025|25-01-2016 18:38:18:757|~IN~]Receiveing the data
[SMPPSERVER10|Receiver.cpp|00043|25-01-2016 18:38:29:784|~IN~]Receiveing the data from SMPP Clinet:20
[SMPPSERVER10|Receiver.cpp|00025|25-01-2016 18:38:29:784|~IN~]Receiveing the data
[SMPPSERVER10|Receiver.cpp|00043|25-01-2016 18:38:40:811|~IN~]Receiveing the data from SMPP Clinet:20
[SMPPSERVER10|Receiver.cpp|00025|25-01-2016 18:38:40:811|~IN~]Receiveing the data
[SMPPSERVER10|Receiver.cpp|00043|25-01-2016 18:38:51:833|~IN~]Receiveing the data from SMPP Clinet:20
[SMPPSERVER10|Receiver.cpp|00025|25-01-2016 18:38:51:833|~IN~]Receiveing the data
[SMPPSERVER10|Receiver.cpp|00043|25-01-2016 18:39:02:853|~IN~]Receiveing the data from SMPP Clinet:20
[SMPPSERVER10|Receiver.cpp|00025|25-01-2016 18:39:02:853|~IN~]Receiveing the data
[SMPPSERVER10|Receiver.cpp|00043|25-01-2016 18:39:13:873|~IN~]Receiveing the data from SMPP Clinet:20
[SMPPSERVER10|Receiver.cpp|00025|25-01-2016 18:39:13:873|~IN~]Receiveing the data
[SMPPSERVER10|Receiver.cpp|00043|25-01-2016 18:39:24:899|~IN~]Receiveing the data from SMPP Clinet:20
[SMPPSERVER10|Receiver.cpp|00025|25-01-2016 18:39:24:899|~IN~]Receiveing the data
[SMPPSERVER10|Receiver.cpp|00043|25-01-2016 18:39:35:920|~IN~]Receiveing the data from SMPP Clinet:20
[SMPPSERVER10|Receiver.cpp|00025|25-01-2016 18:39:35:920|~IN~]Receiveing the data
[SMPPSERVER10|Receiver.cpp|00043|25-01-2016 18:39:46:942|~IN~]Receiveing the data from SMPP Clinet:20
[SMPPSERVER10|Receiver.cpp|00025|25-01-2016 18:39:46:943|~IN~]Receiveing the data
[SMPPSERVER10|Receiver.cpp|00043|25-01-2016 18:39:57:963|~IN~]Receiveing the data from SMPP Clinet:20
[SMPPSERVER10|Receiver.cpp|00025|25-01-2016 18:39:57:963|~IN~]Receiveing the data
[SMPPSERVER10|Receiver.cpp|00043|25-01-2016 18:40:08:984|~IN~]Receiveing the data from SMPP Clinet:20
[SMPPSERVER10|Receiver.cpp|00025|25-01-2016 18:40:08:984|~IN~]Receiveing the data
[SMPPSERVER10|Receiver.cpp|00043|25-01-2016 18:40:20:005|~IN~]Receiveing the data from SMPP Clinet:20
[SMPPSERVER10|Receiver.cpp|00025|25-01-2016 18:40:20:005|~IN~]Receiveing the data
[SMPPSERVER10|Receiver.cpp|00043|25-01-2016 18:40:31:025|~IN~]Receiveing the data from SMPP Clinet:20
[SMPPSERVER10|Receiver.cpp|00025|25-01-2016 18:40:31:026|~IN~]Receiveing the data
[SMPPSERVER10|Receiver.cpp|00043|25-01-2016 18:40:42:046|~IN~]Receiveing the data from SMPP Clinet:20
[SMPPSERVER10|Receiver.cpp|00025|25-01-2016 18:40:42:046|~IN~]Receiveing the data
[SMPPSERVER10|Receiver.cpp|00043|25-01-2016 18:40:53:071|~IN~]Receiveing the data from SMPP Clinet:20
[SMPPSERVER10|Receiver.cpp|00025|25-01-2016 18:40:53:071|~IN~]Receiveing the data
[SMPPSERVER10|Receiver.cpp|00043|25-01-2016 18:41:04:092|~IN~]Receiveing the data from SMPP Clinet:20
[SMPPSERVER10|Receiver.cpp|00025|25-01-2016 18:41:04:092|~IN~]Receiveing the data
[SMPPSERVER10|Receiver.cpp|00043|25-01-2016 18:41:15:112|~IN~]Receiveing the data from SMPP Clinet:20
[SMPPSERVER10|Receiver.cpp|00025|25-01-2016 18:41:15:113|~IN~]Receiveing the data
[SMPPSERVER10|Receiver.cpp|00043|25-01-2016 18:41:26:134|~IN~]Receiveing the data from SMPP Clinet:20
[SMPPSERVER10|Receiver.cpp|00025|25-01-2016 18:41:26:134|~IN~]Receiveing the data
[SMPPSERVER10|Receiver.cpp|00043|25-01-2016 18:41:37:155|~IN~]Receiveing the data from SMPP Clinet:20
[SMPPSERVER10|Receiver.cpp|00025|25-01-2016 18:41:37:155|~IN~]Receiveing the data
[SMPPSERVER10|Receiver.cpp|00043|25-01-2016 18:41:48:178|~IN~]Receiveing the data from SMPP Clinet:20
[SMPPSERVER10|Receiver.cpp|00025|25-01-2016 18:41:48:178|~IN~]Receiveing the data
[SMPPSERVER10|Receiver.cpp|00043|25-01-2016 18:41:59:200|~IN~]Receiveing the data from SMPP Clinet:20
[SMPPSERVER10|Receiver.cpp|00025|25-01-2016 18:41:59:201|~IN~]Receiveing the data
[SMPPSERVER10|Receiver.cpp|00043|25-01-2016 18:42:10:220|~IN~]Receiveing the data from SMPP Clinet:20
[SMPPSERVER10|Receiver.cpp|00025|25-01-2016 18:42:10:221|~IN~]Receiveing the data
[SMPPSERVER10|Receiver.cpp|00043|25-01-2016 18:42:21:242|~IN~]Receiveing the data from SMPP Clinet:20
[SMPPSERVER10|Receiver.cpp|00025|25-01-2016 18:42:21:242|~IN~]Receiveing the data
[SMPPSERVER10|Receiver.cpp|00043|25-01-2016 18:42:32:264|~IN~]Receiveing the data from SMPP Clinet:20
[SMPPSERVER10|Receiver.cpp|00025|25-01-2016 18:42:32:264|~IN~]Receiveing the data
[SMPPSERVER10|Receiver.cpp|00043|25-01-2016 18:42:43:286|~IN~]Receiveing the data from SMPP Clinet:20
[SMPPSERVER10|Receiver.cpp|00025|25-01-2016 18:42:43:286|~IN~]Receiveing the data
[SMPPSERVER10|Receiver.cpp|00043|25-01-2016 18:42:54:306|~IN~]Receiveing the data from SMPP Clinet:20
[SMPPSERVER10|Receiver.cpp|00025|25-01-2016 18:42:54:307|~IN~]Receiveing the data
[SMPPSERVER10|Receiver.cpp|00043|25-01-2016 18:43:05:328|~IN~]Receiveing the data from SMPP Clinet:20
[SMPPSERVER10|Receiver.cpp|00025|25-01-2016 18:43:05:328|~IN~]Receiveing the data
[SMPPSERVER10|Receiver.cpp|00043|25-01-2016 18:43:16:350|~IN~]Receiveing the data from SMPP Clinet:20
[SMPPSERVER10|Receiver.cpp|00025|25-01-2016 18:43:16:350|~IN~]Receiveing the data
[SMPPSERVER10|Receiver.cpp|00043|25-01-2016 18:43:27:372|~IN~]Receiveing the data from SMPP Clinet:20
[SMPPSERVER10|Receiver.cpp|00025|25-01-2016 18:43:27:372|~IN~]Receiveing the data
[SMPPSERVER10|Receiver.cpp|00043|25-01-2016 18:43:38:394|~IN~]Receiveing the data from SMPP Clinet:20
[SMPPSERVER10|Receiver.cpp|00025|25-01-2016 18:43:38:394|~IN~]Receiveing the data
[SMPPSERVER10|Receiver.cpp|00043|25-01-2016 18:43:49:415|~IN~]Receiveing the data from SMPP Clinet:20
[SMPPSERVER10|Receiver.cpp|00025|25-01-2016 18:43:49:415|~IN~]Receiveing the data
[SMPPSERVER10|Receiver.cpp|00043|25-01-2016 18:44:00:453|~IN~]Receiveing the data from SMPP Clinet:20
[SMPPSERVER10|Receiver.cpp|00025|25-01-2016 18:44:00:453|~IN~]Receiveing the data
[SMPPSERVER10|Receiver.cpp|00043|25-01-2016 18:44:11:490|~IN~]Receiveing the data from SMPP Clinet:20
[SMPPSERVER10|Receiver.cpp|00025|25-01-2016 18:44:11:490|~IN~]Receiveing the data
[SMPPSERVER10|Receiver.cpp|00043|25-01-2016 18:44:22:519|~IN~]Receiveing the data from SMPP Clinet:20
[SMPPSERVER10|Receiver.cpp|00025|25-01-2016 18:44:22:519|~IN~]Receiveing the data
[SMPPSERVER10|Receiver.cpp|00043|25-01-2016 18:44:33:541|~IN~]Receiveing the data from SMPP Clinet:20
[SMPPSERVER10|Receiver.cpp|00025|25-01-2016 18:44:33:541|~IN~]Receiveing the data
[SMPPSERVER10|Receiver.cpp|00043|25-01-2016 18:44:44:562|~IN~]Receiveing the data from SMPP Clinet:20
[SMPPSERVER10|Receiver.cpp|00025|25-01-2016 18:44:44:562|~IN~]Receiveing the data
[SMPPSERVER10|Receiver.cpp|00043|25-01-2016 18:44:55:582|~IN~]Receiveing the data from SMPP Clinet:20
[SMPPSERVER10|Receiver.cpp|00025|25-01-2016 18:44:55:582|~IN~]Receiveing the data
[SMPPSERVER10|Receiver.cpp|00043|25-01-2016 18:45:06:608|~IN~]Receiveing the data from SMPP Clinet:20
[SMPPSERVER10|Receiver.cpp|00025|25-01-2016 18:45:06:608|~IN~]Receiveing the data
[SMPPSERVER10|Receiver.cpp|00043|25-01-2016 18:45:17:632|~IN~]Receiveing the data from SMPP Clinet:20
[SMPPSERVER10|Receiver.cpp|00025|25-01-2016 18:45:17:632|~IN~]Receiveing the data
[SMPPSERVER10|Receiver.cpp|00043|25-01-2016 18:45:28:653|~IN~]Receiveing the data from SMPP Clinet:20
[SMPPSERVER10|Receiver.cpp|00025|25-01-2016 18:45:28:653|~IN~]Receiveing the data
[SMPPSERVER10|Receiver.cpp|00043|25-01-2016 18:45:39:681|~IN~]Receiveing the data from SMPP Clinet:20
[SMPPSERVER10|Receiver.cpp|00025|25-01-2016 18:45:39:681|~IN~]Receiveing the data
[SMPPSERVER10|Receiver.cpp|00043|25-01-2016 18:45:50:710|~IN~]Receiveing the data from SMPP Clinet:20
[SMPPSERVER10|Receiver.cpp|00025|25-01-2016 18:45:50:710|~IN~]Receiveing the data
[SMPPSERVER10|Receiver.cpp|00043|25-01-2016 18:46:01:733|~IN~]Receiveing the data from SMPP Clinet:20
[SMPPSERVER10|Receiver.cpp|00025|25-01-2016 18:46:01:733|~IN~]Receiveing the data
[SMPPSERVER10|Receiver.cpp|00043|25-01-2016 18:46:12:755|~IN~]Receiveing the data from SMPP Clinet:20
[SMPPSERVER10|Receiver.cpp|00025|25-01-2016 18:46:12:755|~IN~]Receiveing the data
[SMPPSERVER10|Receiver.cpp|00043|25-01-2016 18:46:23:777|~IN~]Receiveing the data from SMPP Clinet:20
[SMPPSERVER10|Receiver.cpp|00025|25-01-2016 18:46:23:777|~IN~]Receiveing the data
[SMPPSERVER10|Receiver.cpp|00043|25-01-2016 18:46:34:800|~IN~]Receiveing the data from SMPP Clinet:20
[SMPPSERVER10|Receiver.cpp|00025|25-01-2016 18:46:34:801|~IN~]Receiveing the data
[SMPPSERVER10|Receiver.cpp|00043|25-01-2016 18:46:45:830|~IN~]Receiveing the data from SMPP Clinet:20
[SMPPSERVER10|Receiver.cpp|00025|25-01-2016 18:46:45:830|~IN~]Receiveing the data
[SMPPSERVER10|Receiver.cpp|00043|25-01-2016 18:46:56:865|~IN~]Receiveing the data from SMPP Clinet:20
[SMPPSERVER10|Receiver.cpp|00025|25-01-2016 18:46:56:865|~IN~]Receiveing the data
[SMPPSERVER10|Receiver.cpp|00043|25-01-2016 18:47:07:887|~IN~]Receiveing the data from SMPP Clinet:20
[SMPPSERVER10|Receiver.cpp|00025|25-01-2016 18:47:07:887|~IN~]Receiveing the data
[SMPPSERVER10|Receiver.cpp|00043|25-01-2016 18:47:18:908|~IN~]Receiveing the data from SMPP Clinet:20
[SMPPSERVER10|Receiver.cpp|00025|25-01-2016 18:47:18:908|~IN~]Receiveing the data
[SMPPSERVER10|Receiver.cpp|00043|25-01-2016 18:47:29:966|~IN~]Receiveing the data from SMPP Clinet:20
[SMPPSERVER10|Receiver.cpp|00025|25-01-2016 18:47:30:286|~IN~]Receiveing the data
[SMPPSERVER10|Receiver.cpp|00043|25-01-2016 18:47:41:071|~IN~]Receiveing the data from SMPP Clinet:20
[SMPPSERVER10|Receiver.cpp|00025|25-01-2016 18:47:41:071|~IN~]Receiveing the data
[SMPPSERVER10|Receiver.cpp|00043|25-01-2016 18:47:52:092|~IN~]Receiveing the data from SMPP Clinet:20
[SMPPSERVER10|Receiver.cpp|00025|25-01-2016 18:47:52:092|~IN~]Receiveing the data
[SMPPSERVER10|Receiver.cpp|00043|25-01-2016 18:48:03:885|~IN~]Receiveing the data from SMPP Clinet:20
[SMPPSERVER10|Receiver.cpp|00025|25-01-2016 18:48:03:886|~IN~]Receiveing the data
[SMPPSERVER10|Receiver.cpp|00043|25-01-2016 18:48:14:139|~IN~]Receiveing the data from SMPP Clinet:20
[SMPPSERVER10|Receiver.cpp|00025|25-01-2016 18:48:14:140|~IN~]Receiveing the data
[SMPPSERVER10|Receiver.cpp|00043|25-01-2016 18:48:25:165|~IN~]Receiveing the data from SMPP Clinet:20
[SMPPSERVER10|Receiver.cpp|00025|25-01-2016 18:48:25:165|~IN~]Receiveing the data
[SMPPSERVER10|Receiver.cpp|00043|25-01-2016 18:48:36:318|~IN~]Receiveing the data from SMPP Clinet:20
[SMPPSERVER10|Receiver.cpp|00025|25-01-2016 18:48:36:320|~IN~]Receiveing the data
[SMPPSERVER10|Receiver.cpp|00043|25-01-2016 18:48:47:497|~IN~]Receiveing the data from SMPP Clinet:20
[SMPPSERVER10|Receiver.cpp|00025|25-01-2016 18:48:47:497|~IN~]Receiveing the data
[SMPPSERVER10|Receiver.cpp|00043|25-01-2016 18:48:58:530|~IN~]Receiveing the data from SMPP Clinet:20
[SMPPSERVER10|Receiver.cpp|00025|25-01-2016 18:48:58:530|~IN~]Receiveing the data
[SMPPSERVER10|Receiver.cpp|00043|25-01-2016 18:49:09:554|~IN~]Receiveing the data from SMPP Clinet:20
[SMPPSERVER10|Receiver.cpp|00025|25-01-2016 18:49:09:554|~IN~]Receiveing the data
[SMPPSERVER10|Receiver.cpp|00043|25-01-2016 18:49:20:575|~IN~]Receiveing the data from SMPP Clinet:20
[SMPPSERVER10|Receiver.cpp|00025|25-01-2016 18:49:20:575|~IN~]Receiveing the data
[SMPPSERVER10|Receiver.cpp|00043|25-01-2016 18:49:31:595|~IN~]Receiveing the data from SMPP Clinet:20
[SMPPSERVER10|Receiver.cpp|00025|25-01-2016 18:49:31:595|~IN~]Receiveing the data
[SMPPSERVER10|Receiver.cpp|00043|25-01-2016 18:49:42:616|~IN~]Receiveing the data from SMPP Clinet:20
[SMPPSERVER10|Receiver.cpp|00025|25-01-2016 18:49:42:616|~IN~]Receiveing the data
[SMPPSERVER10|Receiver.cpp|00043|25-01-2016 18:49:53:647|~IN~]Receiveing the data from SMPP Clinet:20
[SMPPSERVER10|Receiver.cpp|00025|25-01-2016 18:49:53:647|~IN~]Receiveing the data
[SMPPSERVER10|Receiver.cpp|00043|25-01-2016 18:50:04:670|~IN~]Receiveing the data from SMPP Clinet:20
[SMPPSERVER10|Receiver.cpp|00025|25-01-2016 18:50:04:670|~IN~]Receiveing the data
[SMPPSERVER10|Receiver.cpp|00043|25-01-2016 18:50:15:696|~IN~]Receiveing the data from SMPP Clinet:20
[SMPPSERVER10|Receiver.cpp|00025|25-01-2016 18:50:15:696|~IN~]Receiveing the data
[SMPPSERVER10|Receiver.cpp|00043|25-01-2016 18:50:26:719|~IN~]Receiveing the data from SMPP Clinet:20
[SMPPSERVER10|Receiver.cpp|00025|25-01-2016 18:50:26:719|~IN~]Receiveing the data
[SMPPSERVER10|Receiver.cpp|00043|25-01-2016 18:50:37:741|~IN~]Receiveing the data from SMPP Clinet:20
[SMPPSERVER10|Receiver.cpp|00025|25-01-2016 18:50:37:741|~IN~]Receiveing the data
[SMPPSERVER10|Receiver.cpp|00043|25-01-2016 18:50:48:764|~IN~]Receiveing the data from SMPP Clinet:20
[SMPPSERVER10|Receiver.cpp|00025|25-01-2016 18:50:48:764|~IN~]Receiveing the data
[SMPPSERVER10|Receiver.cpp|00043|25-01-2016 18:50:59:794|~IN~]Receiveing the data from SMPP Clinet:20
[SMPPSERVER10|Receiver.cpp|00025|25-01-2016 18:50:59:794|~IN~]Receiveing the data
[SMPPSERVER10|Receiver.cpp|00043|25-01-2016 18:51:10:815|~IN~]Receiveing the data from SMPP Clinet:20
[SMPPSERVER10|Receiver.cpp|00025|25-01-2016 18:51:10:815|~IN~]Receiveing the data
[SMPPSERVER10|Receiver.cpp|00043|25-01-2016 18:51:21:837|~IN~]Receiveing the data from SMPP Clinet:20
[SMPPSERVER10|Receiver.cpp|00025|25-01-2016 18:51:21:837|~IN~]Receiveing the data
[SMPPSERVER10|Receiver.cpp|00043|25-01-2016 18:51:32:859|~IN~]Receiveing the data from SMPP Clinet:20
[SMPPSERVER10|Receiver.cpp|00025|25-01-2016 18:51:32:859|~IN~]Receiveing the data
[SMPPSERVER10|Receiver.cpp|00043|25-01-2016 18:51:43:881|~IN~]Receiveing the data from SMPP Clinet:20
[SMPPSERVER10|Receiver.cpp|00025|25-01-2016 18:51:43:881|~IN~]Receiveing the data
[SMPPSERVER10|Receiver.cpp|00043|25-01-2016 18:51:54:905|~IN~]Receiveing the data from SMPP Clinet:20
[SMPPSERVER10|Receiver.cpp|00025|25-01-2016 18:51:54:905|~IN~]Receiveing the data
[SMPPSERVER10|Receiver.cpp|00043|25-01-2016 18:52:05:927|~IN~]Receiveing the data from SMPP Clinet:20
[SMPPSERVER10|Receiver.cpp|00025|25-01-2016 18:52:05:928|~IN~]Receiveing the data
[SMPPSERVER10|Receiver.cpp|00043|25-01-2016 18:52:16:949|~IN~]Receiveing the data from SMPP Clinet:20
[SMPPSERVER10|Receiver.cpp|00025|25-01-2016 18:52:16:949|~IN~]Receiveing the data
[SMPPSERVER10|Receiver.cpp|00043|25-01-2016 18:52:27:972|~IN~]Receiveing the data from SMPP Clinet:20
[SMPPSERVER10|Receiver.cpp|00025|25-01-2016 18:52:27:972|~IN~]Receiveing the data
[SMPPSERVER10|Receiver.cpp|00043|25-01-2016 18:52:38:997|~IN~]Receiveing the data from SMPP Clinet:20
[SMPPSERVER10|Receiver.cpp|00025|25-01-2016 18:52:38:997|~IN~]Receiveing the data
[SMPPSERVER10|Receiver.cpp|00043|25-01-2016 18:52:50:030|~IN~]Receiveing the data from SMPP Clinet:20
[SMPPSERVER10|Receiver.cpp|00025|25-01-2016 18:52:50:031|~IN~]Receiveing the data
[SMPPSERVER10|Receiver.cpp|00043|25-01-2016 18:53:01:055|~IN~]Receiveing the data from SMPP Clinet:20
[SMPPSERVER10|Receiver.cpp|00025|25-01-2016 18:53:01:055|~IN~]Receiveing the data
[SMPPSERVER10|Receiver.cpp|00043|25-01-2016 18:53:12:089|~IN~]Receiveing the data from SMPP Clinet:20
[SMPPSERVER10|Receiver.cpp|00025|25-01-2016 18:53:12:089|~IN~]Receiveing the data
[SMPPSERVER10|Receiver.cpp|00043|25-01-2016 18:53:23:114|~IN~]Receiveing the data from SMPP Clinet:20
[SMPPSERVER10|Receiver.cpp|00025|25-01-2016 18:53:23:114|~IN~]Receiveing the data
[SMPPSERVER10|Receiver.cpp|00043|25-01-2016 18:53:34:140|~IN~]Receiveing the data from SMPP Clinet:20
[SMPPSERVER10|Receiver.cpp|00025|25-01-2016 18:53:34:140|~IN~]Receiveing the data
[SMPPSERVER10|Receiver.cpp|00043|25-01-2016 18:53:45:171|~IN~]Receiveing the data from SMPP Clinet:20
[SMPPSERVER10|Receiver.cpp|00025|25-01-2016 18:53:45:171|~IN~]Receiveing the data
[SMPPSERVER10|Receiver.cpp|00043|25-01-2016 18:53:56:194|~IN~]Receiveing the data from SMPP Clinet:20
[SMPPSERVER10|Receiver.cpp|00025|25-01-2016 18:53:56:194|~IN~]Receiveing the data
[SMPPSERVER10|Receiver.cpp|00043|25-01-2016 18:54:07:215|~IN~]Receiveing the data from SMPP Clinet:20
[SMPPSERVER10|Receiver.cpp|00025|25-01-2016 18:54:07:215|~IN~]Receiveing the data
[SMPPSERVER10|Receiver.cpp|00043|25-01-2016 18:54:18:242|~IN~]Receiveing the data from SMPP Clinet:20
[SMPPSERVER10|Receiver.cpp|00025|25-01-2016 18:54:18:242|~IN~]Receiveing the data
[SMPPSERVER10|Receiver.cpp|00043|25-01-2016 18:54:29:267|~IN~]Receiveing the data from SMPP Clinet:20
[SMPPSERVER10|Receiver.cpp|00025|25-01-2016 18:54:29:267|~IN~]Receiveing the data
[SMPPSERVER10|Receiver.cpp|00043|25-01-2016 18:54:40:288|~IN~]Receiveing the data from SMPP Clinet:20
[SMPPSERVER10|Receiver.cpp|00025|25-01-2016 18:54:40:288|~IN~]Receiveing the data
[SMPPSERVER10|Receiver.cpp|00043|25-01-2016 18:54:51:309|~IN~]Receiveing the data from SMPP Clinet:20
[SMPPSERVER10|Receiver.cpp|00025|25-01-2016 18:54:51:309|~IN~]Receiveing the data
[SMPPSERVER10|Receiver.cpp|00043|25-01-2016 18:55:02:330|~IN~]Receiveing the data from SMPP Clinet:20
[SMPPSERVER10|Receiver.cpp|00025|25-01-2016 18:55:02:330|~IN~]Receiveing the data
[SMPPSERVER10|Receiver.cpp|00043|25-01-2016 18:55:13:355|~IN~]Receiveing the data from SMPP Clinet:20
[SMPPSERVER10|Receiver.cpp|00025|25-01-2016 18:55:13:355|~IN~]Receiveing the data
[SMPPSERVER10|Receiver.cpp|00043|25-01-2016 18:55:24:376|~IN~]Receiveing the data from SMPP Clinet:20
[SMPPSERVER10|Receiver.cpp|00025|25-01-2016 18:55:24:376|~IN~]Receiveing the data
[SMPPSERVER10|Receiver.cpp|00043|25-01-2016 18:55:35:398|~IN~]Receiveing the data from SMPP Clinet:20
[SMPPSERVER10|Receiver.cpp|00025|25-01-2016 18:55:35:398|~IN~]Receiveing the data
[SMPPSERVER10|Receiver.cpp|00043|25-01-2016 18:55:46:424|~IN~]Receiveing the data from SMPP Clinet:20
[SMPPSERVER10|Receiver.cpp|00025|25-01-2016 18:55:46:424|~IN~]Receiveing the data
[SMPPSERVER10|Receiver.cpp|00043|25-01-2016 18:55:57:447|~IN~]Receiveing the data from SMPP Clinet:20
[SMPPSERVER10|Receiver.cpp|00025|25-01-2016 18:55:57:447|~IN~]Receiveing the data
[SMPPSERVER10|Receiver.cpp|00043|25-01-2016 18:56:08:469|~IN~]Receiveing the data from SMPP Clinet:20
[SMPPSERVER10|Receiver.cpp|00025|25-01-2016 18:56:08:469|~IN~]Receiveing the data
[SMPPSERVER10|Receiver.cpp|00043|25-01-2016 18:56:19:490|~IN~]Receiveing the data from SMPP Clinet:20
[SMPPSERVER10|Receiver.cpp|00025|25-01-2016 18:56:19:491|~IN~]Receiveing the data
[SMPPSERVER10|Receiver.cpp|00043|25-01-2016 18:56:30:513|~IN~]Receiveing the data from SMPP Clinet:20
[SMPPSERVER10|Receiver.cpp|00025|25-01-2016 18:56:30:513|~IN~]Receiveing the data
[SMPPSERVER10|Receiver.cpp|00043|25-01-2016 18:56:41:547|~IN~]Receiveing the data from SMPP Clinet:20
[SMPPSERVER10|Receiver.cpp|00025|25-01-2016 18:56:41:547|~IN~]Receiveing the data
[SMPPSERVER10|Receiver.cpp|00043|25-01-2016 18:56:52:575|~IN~]Receiveing the data from SMPP Clinet:20
[SMPPSERVER10|Receiver.cpp|00025|25-01-2016 18:56:52:575|~IN~]Receiveing the data
[SMPPSERVER10|Receiver.cpp|00043|25-01-2016 18:57:03:597|~IN~]Receiveing the data from SMPP Clinet:20
[SMPPSERVER10|Receiver.cpp|00025|25-01-2016 18:57:03:597|~IN~]Receiveing the data
[SMPPSERVER10|Receiver.cpp|00043|25-01-2016 18:57:14:617|~IN~]Receiveing the data from SMPP Clinet:20
[SMPPSERVER10|Receiver.cpp|00025|25-01-2016 18:57:14:617|~IN~]Receiveing the data
[SMPPSERVER10|Receiver.cpp|00043|25-01-2016 18:57:25:640|~IN~]Receiveing the data from SMPP Clinet:20
[SMPPSERVER10|Receiver.cpp|00025|25-01-2016 18:57:25:640|~IN~]Receiveing the data
[SMPPSERVER10|Receiver.cpp|00043|25-01-2016 18:57:36:662|~IN~]Receiveing the data from SMPP Clinet:20
[SMPPSERVER10|Receiver.cpp|00025|25-01-2016 18:57:36:662|~IN~]Receiveing the data
[SMPPSERVER10|Receiver.cpp|00043|25-01-2016 18:57:47:687|~IN~]Receiveing the data from SMPP Clinet:20
[SMPPSERVER10|Receiver.cpp|00025|25-01-2016 18:57:47:687|~IN~]Receiveing the data
[SMPPSERVER10|Receiver.cpp|00043|25-01-2016 18:57:58:722|~IN~]Receiveing the data from SMPP Clinet:20
[SMPPSERVER10|Receiver.cpp|00025|25-01-2016 18:57:58:722|~IN~]Receiveing the data
[SMPPSERVER10|Receiver.cpp|00043|25-01-2016 18:58:09:746|~IN~]Receiveing the data from SMPP Clinet:20
[SMPPSERVER10|Receiver.cpp|00025|25-01-2016 18:58:09:746|~IN~]Receiveing the data
[SMPPSERVER10|Receiver.cpp|00043|25-01-2016 18:58:20:766|~IN~]Receiveing the data from SMPP Clinet:20
[SMPPSERVER10|Receiver.cpp|00025|25-01-2016 18:58:20:767|~IN~]Receiveing the data
[SMPPSERVER10|Receiver.cpp|00043|25-01-2016 18:58:31:807|~IN~]Receiveing the data from SMPP Clinet:20
[SMPPSERVER10|Receiver.cpp|00025|25-01-2016 18:58:31:807|~IN~]Receiveing the data
[SMPPSERVER10|Receiver.cpp|00043|25-01-2016 18:58:42:829|~IN~]Receiveing the data from SMPP Clinet:20
[SMPPSERVER10|Receiver.cpp|00025|25-01-2016 18:58:42:829|~IN~]Receiveing the data
[SMPPSERVER10|Receiver.cpp|00043|25-01-2016 18:58:53:851|~IN~]Receiveing the data from SMPP Clinet:20
[SMPPSERVER10|Receiver.cpp|00025|25-01-2016 18:58:53:851|~IN~]Receiveing the data
[SMPPSERVER10|Receiver.cpp|00043|25-01-2016 18:59:04:873|~IN~]Receiveing the data from SMPP Clinet:20
[SMPPSERVER10|Receiver.cpp|00025|25-01-2016 18:59:04:873|~IN~]Receiveing the data
[SMPPSERVER10|Receiver.cpp|00043|25-01-2016 18:59:15:899|~IN~]Receiveing the data from SMPP Clinet:20
[SMPPSERVER10|Receiver.cpp|00025|25-01-2016 18:59:15:899|~IN~]Receiveing the data
[SMPPSERVER10|Receiver.cpp|00043|25-01-2016 18:59:26:921|~IN~]Receiveing the data from SMPP Clinet:20
[SMPPSERVER10|Receiver.cpp|00025|25-01-2016 18:59:26:921|~IN~]Receiveing the data
[SMPPSERVER10|Receiver.cpp|00043|25-01-2016 18:59:37:942|~IN~]Receiveing the data from SMPP Clinet:20
[SMPPSERVER10|Receiver.cpp|00025|25-01-2016 18:59:37:942|~IN~]Receiveing the data
[SMPPSERVER10|Receiver.cpp|00043|25-01-2016 18:59:48:964|~IN~]Receiveing the data from SMPP Clinet:20
[SMPPSERVER10|Receiver.cpp|00025|25-01-2016 18:59:48:964|~IN~]Receiveing the data
[SMPPSERVER10|Receiver.cpp|00043|25-01-2016 18:59:59:985|~IN~]Receiveing the data from SMPP Clinet:20
[SMPPSERVER10|Receiver.cpp|00025|25-01-2016 18:59:59:985|~IN~]Receiveing the data
[SMPPSERVER10|Receiver.cpp|00043|25-01-2016 19:00:11:006|~IN~]Receiveing the data from SMPP Clinet:20
[SMPPSERVER10|Receiver.cpp|00025|25-01-2016 19:00:11:006|~IN~]Receiveing the data
[SMPPSERVER10|Receiver.cpp|00043|25-01-2016 19:00:22:026|~IN~]Receiveing the data from SMPP Clinet:20
[SMPPSERVER10|Receiver.cpp|00025|25-01-2016 19:00:22:026|~IN~]Receiveing the data
[SMPPSERVER10|Receiver.cpp|00043|25-01-2016 19:00:33:047|~IN~]Receiveing the data from SMPP Clinet:20
[SMPPSERVER10|Receiver.cpp|00025|25-01-2016 19:00:33:047|~IN~]Receiveing the data
[SMPPSERVER10|Receiver.cpp|00043|25-01-2016 19:00:44:068|~IN~]Receiveing the data from SMPP Clinet:20
[SMPPSERVER10|Receiver.cpp|00025|25-01-2016 19:00:44:068|~IN~]Receiveing the data
[SMPPSERVER10|Receiver.cpp|00043|25-01-2016 19:00:55:097|~IN~]Receiveing the data from SMPP Clinet:20
[SMPPSERVER10|Receiver.cpp|00025|25-01-2016 19:00:55:097|~IN~]Receiveing the data
[SMPPSERVER10|Receiver.cpp|00043|25-01-2016 19:01:06:118|~IN~]Receiveing the data from SMPP Clinet:20
[SMPPSERVER10|Receiver.cpp|00025|25-01-2016 19:01:06:118|~IN~]Receiveing the data
[SMPPSERVER10|Receiver.cpp|00043|25-01-2016 19:01:17:139|~IN~]Receiveing the data from SMPP Clinet:20
[SMPPSERVER10|Receiver.cpp|00025|25-01-2016 19:01:17:140|~IN~]Receiveing the data
[SMPPSERVER10|Receiver.cpp|00043|25-01-2016 19:01:28:160|~IN~]Receiveing the data from SMPP Clinet:20
[SMPPSERVER10|Receiver.cpp|00025|25-01-2016 19:01:28:160|~IN~]Receiveing the data
[SMPPSERVER10|Receiver.cpp|00043|25-01-2016 19:01:39:186|~IN~]Receiveing the data from SMPP Clinet:20
[SMPPSERVER10|Receiver.cpp|00025|25-01-2016 19:01:39:186|~IN~]Receiveing the data
[SMPPSERVER10|Receiver.cpp|00043|25-01-2016 19:01:50:207|~IN~]Receiveing the data from SMPP Clinet:20
[SMPPSERVER10|Receiver.cpp|00025|25-01-2016 19:01:50:207|~IN~]Receiveing the data
[SMPPSERVER10|Receiver.cpp|00043|25-01-2016 19:02:01:233|~IN~]Receiveing the data from SMPP Clinet:20
[SMPPSERVER10|Receiver.cpp|00025|25-01-2016 19:02:01:233|~IN~]Receiveing the data
[SMPPSERVER10|Receiver.cpp|00043|25-01-2016 19:02:12:254|~IN~]Receiveing the data from SMPP Clinet:20
[SMPPSERVER10|Receiver.cpp|00025|25-01-2016 19:02:12:254|~IN~]Receiveing the data
[SMPPSERVER10|Receiver.cpp|00043|25-01-2016 19:02:23:275|~IN~]Receiveing the data from SMPP Clinet:20
[SMPPSERVER10|Receiver.cpp|00025|25-01-2016 19:02:23:275|~IN~]Receiveing the data
[SMPPSERVER10|Receiver.cpp|00043|25-01-2016 19:02:34:302|~IN~]Receiveing the data from SMPP Clinet:20
[SMPPSERVER10|Receiver.cpp|00025|25-01-2016 19:02:34:302|~IN~]Receiveing the data
[SMPPSERVER10|Receiver.cpp|00043|25-01-2016 19:02:45:324|~IN~]Receiveing the data from SMPP Clinet:20
[SMPPSERVER10|Receiver.cpp|00025|25-01-2016 19:02:45:324|~IN~]Receiveing the data
[SMPPSERVER10|Receiver.cpp|00043|25-01-2016 19:02:56:346|~IN~]Receiveing the data from SMPP Clinet:20
[SMPPSERVER10|Receiver.cpp|00025|25-01-2016 19:02:56:346|~IN~]Receiveing the data
[SMPPSERVER10|Receiver.cpp|00043|25-01-2016 19:03:07:367|~IN~]Receiveing the data from SMPP Clinet:20
[SMPPSERVER10|Receiver.cpp|00025|25-01-2016 19:03:07:367|~IN~]Receiveing the data
[SMPPSERVER10|Receiver.cpp|00043|25-01-2016 19:03:18:391|~IN~]Receiveing the data from SMPP Clinet:20
[SMPPSERVER10|Receiver.cpp|00025|25-01-2016 19:03:18:391|~IN~]Receiveing the data
[SMPPSERVER10|Receiver.cpp|00043|25-01-2016 19:03:29:413|~IN~]Receiveing the data from SMPP Clinet:20
[SMPPSERVER10|Receiver.cpp|00025|25-01-2016 19:03:29:413|~IN~]Receiveing the data
[SMPPSERVER10|Receiver.cpp|00043|25-01-2016 19:03:40:433|~IN~]Receiveing the data from SMPP Clinet:20
[SMPPSERVER10|Receiver.cpp|00025|25-01-2016 19:03:40:434|~IN~]Receiveing the data
[SMPPSERVER10|Receiver.cpp|00043|25-01-2016 19:03:51:454|~IN~]Receiveing the data from SMPP Clinet:20
[SMPPSERVER10|Receiver.cpp|00025|25-01-2016 19:03:51:454|~IN~]Receiveing the data
[SMPPSERVER10|Receiver.cpp|00043|25-01-2016 19:04:02:482|~IN~]Receiveing the data from SMPP Clinet:20
[SMPPSERVER10|Receiver.cpp|00025|25-01-2016 19:04:02:483|~IN~]Receiveing the data
[SMPPSERVER10|Receiver.cpp|00043|25-01-2016 19:04:13:521|~IN~]Receiveing the data from SMPP Clinet:20
[SMPPSERVER10|Receiver.cpp|00025|25-01-2016 19:04:13:521|~IN~]Receiveing the data
[SMPPSERVER10|Receiver.cpp|00043|25-01-2016 19:04:24:543|~IN~]Receiveing the data from SMPP Clinet:20
[SMPPSERVER10|Receiver.cpp|00025|25-01-2016 19:04:24:543|~IN~]Receiveing the data
[SMPPSERVER10|Receiver.cpp|00040|25-01-2016 19:04:34:327|~ER~]Clinet Disconnection happend
[SMPPSERVER10|TcpServer.cpp|00228|25-01-2016 19:04:34:327|~ER~]Clint Has Discoonected From 
[SMPPSERVER10|TcpServer.cpp|00245|25-01-2016 19:04:34:413|~CR~]Clinet  Disconnected
[SMPPSERVER10|Receiver.cpp|00025|25-01-2016 19:04:35:968|~IN~]Receiveing the data
[SMPPSERVER10|Receiver.cpp|00043|25-01-2016 19:04:36:970|~IN~]Receiveing the data from SMPP Clinet:57
[SMPPSERVER10|Receiver.cpp|00052|25-01-2016 19:04:36:970|~IN~]Sending Bind Responc:ussdclient
[SMPPSERVER10|TcpServer.cpp|00202|25-01-2016 19:04:37:972|~IN~] Client connected from 
[SMPPSERVER10|TcpServer.cpp|00223|25-01-2016 19:04:38:038|~IN~]Started ClientThread[0x8c090e8]
[SMPPSERVER10|Receiver.cpp|00025|25-01-2016 19:04:39:055|~IN~]Receiveing the data
[SMPPSERVER10|Receiver.cpp|00043|25-01-2016 19:04:47:991|~IN~]Receiveing the data from SMPP Clinet:20
[SMPPSERVER10|Receiver.cpp|00025|25-01-2016 19:04:47:991|~IN~]Receiveing the data
[SMPPSERVER10|Receiver.cpp|00040|25-01-2016 19:04:47:991|~ER~]Clinet Disconnection happend
[SMPPSERVER10|TcpServer.cpp|00228|25-01-2016 19:04:47:992|~ER~]Clint Has Discoonected From 
[SMPPSERVER10|TcpServer.cpp|00245|25-01-2016 19:04:47:992|~CR~]Clinet  Disconnected
[SMPPSERVER10|Receiver.cpp|00025|25-01-2016 19:04:47:992|~IN~]Receiveing the data
[SMPPSERVER10|Receiver.cpp|00040|25-01-2016 19:04:47:992|~ER~]Clinet Disconnection happend
[SMPPSERVER10|TcpServer.cpp|00197|25-01-2016 19:04:48:994|~ER~]Accept failed 
[SMPPSERVER10|Receiver.cpp|00025|25-01-2016 19:04:49:997|~IN~]Receiveing the data
[SMPPSERVER10|Receiver.cpp|00043|25-01-2016 19:04:50:999|~IN~]Receiveing the data from SMPP Clinet:57
[SMPPSERVER10|Receiver.cpp|00052|25-01-2016 19:04:50:999|~IN~]Sending Bind Responc:ussdclient
[SMPPSERVER10|TcpServer.cpp|00202|25-01-2016 19:04:52:001|~IN~] Client connected from 
[SMPPSERVER10|TcpServer.cpp|00223|25-01-2016 19:04:52:002|~IN~]Started ClientThread[0x8c08c60]
[SMPPSERVER10|Receiver.cpp|00025|25-01-2016 19:04:53:004|~IN~]Receiveing the data
[SMPPSERVER10|Receiver.cpp|00043|25-01-2016 19:04:59:014|~IN~]Receiveing the data from SMPP Clinet:20
[SMPPSERVER10|Receiver.cpp|00025|25-01-2016 19:04:59:014|~IN~]Receiveing the data
[SMPPSERVER10|Receiver.cpp|00040|25-01-2016 19:04:59:015|~ER~]Clinet Disconnection happend
[SMPPSERVER10|TcpServer.cpp|00228|25-01-2016 19:04:59:015|~ER~]Clint Has Discoonected From 
[SMPPSERVER10|TcpServer.cpp|00245|25-01-2016 19:04:59:015|~CR~]Clinet  Disconnected
[SMPPSERVER10|Receiver.cpp|00025|25-01-2016 19:04:59:015|~IN~]Receiveing the data
[SMPPSERVER10|Receiver.cpp|00040|25-01-2016 19:04:59:015|~ER~]Clinet Disconnection happend
[SMPPSERVER10|TcpServer.cpp|00197|25-01-2016 19:05:00:023|~ER~]Accept failed 
[SMPPSERVER10|Receiver.cpp|00025|25-01-2016 19:05:01:024|~IN~]Receiveing the data
[SMPPSERVER10|Receiver.cpp|00043|25-01-2016 19:05:02:027|~IN~]Receiveing the data from SMPP Clinet:57
[SMPPSERVER10|Receiver.cpp|00052|25-01-2016 19:05:02:027|~IN~]Sending Bind Responc:ussdclient
[SMPPSERVER10|TcpServer.cpp|00202|25-01-2016 19:05:03:029|~IN~] Client connected from 
[SMPPSERVER10|TcpServer.cpp|00223|25-01-2016 19:05:03:029|~IN~]Started ClientThread[0x8c08c60]
[SMPPSERVER10|Receiver.cpp|00025|25-01-2016 19:05:04:031|~IN~]Receiveing the data
[SMPPSERVER10|Receiver.cpp|00043|25-01-2016 19:05:10:043|~IN~]Receiveing the data from SMPP Clinet:20
[SMPPSERVER10|Receiver.cpp|00025|25-01-2016 19:05:10:043|~IN~]Receiveing the data
[SMPPSERVER10|Receiver.cpp|00040|25-01-2016 19:05:10:043|~ER~]Clinet Disconnection happend
[SMPPSERVER10|TcpServer.cpp|00228|25-01-2016 19:05:10:043|~ER~]Clint Has Discoonected From 
[SMPPSERVER10|TcpServer.cpp|00245|25-01-2016 19:05:10:043|~CR~]Clinet  Disconnected
[SMPPSERVER10|Receiver.cpp|00025|25-01-2016 19:05:10:044|~IN~]Receiveing the data
[SMPPSERVER10|Receiver.cpp|00040|25-01-2016 19:05:10:044|~ER~]Clinet Disconnection happend
[SMPPSERVER10|TcpServer.cpp|00197|25-01-2016 19:05:11:046|~ER~]Accept failed 
[SMPPSERVER10|Receiver.cpp|00025|25-01-2016 19:05:12:048|~IN~]Receiveing the data
[SMPPSERVER10|Receiver.cpp|00043|25-01-2016 19:05:13:051|~IN~]Receiveing the data from SMPP Clinet:57
[SMPPSERVER10|Receiver.cpp|00052|25-01-2016 19:05:13:051|~IN~]Sending Bind Responc:ussdclient
[SMPPSERVER10|TcpServer.cpp|00202|25-01-2016 19:05:14:053|~IN~] Client connected from 
[SMPPSERVER10|TcpServer.cpp|00223|25-01-2016 19:05:14:053|~IN~]Started ClientThread[0x8c08c60]
[SMPPSERVER10|Receiver.cpp|00025|25-01-2016 19:05:15:055|~IN~]Receiveing the data
[SMPPSERVER10|Receiver.cpp|00043|25-01-2016 19:05:21:067|~IN~]Receiveing the data from SMPP Clinet:20
[SMPPSERVER10|Receiver.cpp|00025|25-01-2016 19:05:21:067|~IN~]Receiveing the data
[SMPPSERVER10|Receiver.cpp|00040|25-01-2016 19:05:21:067|~ER~]Clinet Disconnection happend
[SMPPSERVER10|TcpServer.cpp|00228|25-01-2016 19:05:21:067|~ER~]Clint Has Discoonected From 
[SMPPSERVER10|TcpServer.cpp|00245|25-01-2016 19:05:21:067|~CR~]Clinet  Disconnected
[SMPPSERVER10|Receiver.cpp|00025|25-01-2016 19:05:21:068|~IN~]Receiveing the data
[SMPPSERVER10|Receiver.cpp|00040|25-01-2016 19:05:21:068|~ER~]Clinet Disconnection happend
[SMPPSERVER10|TcpServer.cpp|00197|25-01-2016 19:05:22:070|~ER~]Accept failed 
[SMPPSERVER10|Receiver.cpp|00025|25-01-2016 19:05:23:071|~IN~]Receiveing the data
[SMPPSERVER10|Receiver.cpp|00043|25-01-2016 19:05:24:073|~IN~]Receiveing the data from SMPP Clinet:57
[SMPPSERVER10|Receiver.cpp|00052|25-01-2016 19:05:24:073|~IN~]Sending Bind Responc:ussdclient
[SMPPSERVER10|TcpServer.cpp|00202|25-01-2016 19:05:25:076|~IN~] Client connected from 
[SMPPSERVER10|TcpServer.cpp|00223|25-01-2016 19:05:25:076|~IN~]Started ClientThread[0x8c08c60]
[SMPPSERVER10|Receiver.cpp|00025|25-01-2016 19:05:26:078|~IN~]Receiveing the data
