[SMPPSERVER10|Receiver.cpp|00040|25-01-2016 21:05:41:759|~ER~]Clinet Disconnection happend
[SMPPSERVER10|TcpServer.cpp|00228|25-01-2016 21:05:41:811|~ER~]Clint Has Discoonected From 
[SMPPSERVER10|TcpServer.cpp|00245|25-01-2016 21:05:41:811|~CR~]Clinet  Disconnected
[SMPPSERVER10|Receiver.cpp|00025|25-01-2016 21:05:41:811|~IN~]Receiveing the data
[SMPPSERVER10|Receiver.cpp|00040|25-01-2016 21:05:41:811|~ER~]Clinet Disconnection happend
[SMPPSERVER10|TcpServer.cpp|00197|25-01-2016 21:05:42:813|~ER~]Accept failed 
[SMPPSERVER10|Receiver.cpp|00025|25-01-2016 21:05:43:764|~IN~]Receiveing the data
[SMPPSERVER10|Receiver.cpp|00043|25-01-2016 21:05:44:766|~IN~]Receiveing the data from SMPP Clinet:57
[SMPPSERVER10|Receiver.cpp|00052|25-01-2016 21:05:44:766|~IN~]Sending Bind Responc:ussdclient
[SMPPSERVER10|TcpServer.cpp|00202|25-01-2016 21:05:45:768|~IN~] Client connected from 
[SMPPSERVER10|TcpServer.cpp|00223|25-01-2016 21:05:45:768|~IN~]Started ClientThread[0x8264c60]
[SMPPSERVER10|Receiver.cpp|00025|25-01-2016 21:05:46:769|~IN~]Receiveing the data
[SMPPSERVER10|Receiver.cpp|00040|25-01-2016 21:05:52:781|~ER~]Clinet Disconnection happend
[SMPPSERVER10|TcpServer.cpp|00228|25-01-2016 21:05:52:781|~ER~]Clint Has Discoonected From 
[SMPPSERVER10|TcpServer.cpp|00245|25-01-2016 21:05:52:781|~CR~]Clinet  Disconnected
[SMPPSERVER10|Receiver.cpp|00025|25-01-2016 21:05:52:782|~IN~]Receiveing the data
[SMPPSERVER10|Receiver.cpp|00040|25-01-2016 21:05:52:782|~ER~]Clinet Disconnection happend
[SMPPSERVER10|TcpServer.cpp|00197|25-01-2016 21:05:53:783|~ER~]Accept failed 
[SMPPSERVER10|Receiver.cpp|00025|25-01-2016 21:05:54:786|~IN~]Receiveing the data
[SMPPSERVER10|Receiver.cpp|00043|25-01-2016 21:05:55:788|~IN~]Receiveing the data from SMPP Clinet:57
[SMPPSERVER10|Receiver.cpp|00052|25-01-2016 21:05:55:788|~IN~]Sending Bind Responc:ussdclient
[SMPPSERVER10|TcpServer.cpp|00202|25-01-2016 21:05:56:791|~IN~] Client connected from 
[SMPPSERVER10|TcpServer.cpp|00223|25-01-2016 21:05:56:791|~IN~]Started ClientThread[0x8264c60]
[SMPPSERVER10|Receiver.cpp|00025|25-01-2016 21:05:57:793|~IN~]Receiveing the data
[SMPPSERVER10|Receiver.cpp|00040|25-01-2016 21:06:03:804|~ER~]Clinet Disconnection happend
[SMPPSERVER10|TcpServer.cpp|00228|25-01-2016 21:06:03:804|~ER~]Clint Has Discoonected From 
[SMPPSERVER10|TcpServer.cpp|00245|25-01-2016 21:06:03:804|~CR~]Clinet  Disconnected
[SMPPSERVER10|Receiver.cpp|00025|25-01-2016 21:06:03:804|~IN~]Receiveing the data
[SMPPSERVER10|Receiver.cpp|00040|25-01-2016 21:06:03:804|~ER~]Clinet Disconnection happend
[SMPPSERVER10|TcpServer.cpp|00197|25-01-2016 21:06:04:807|~ER~]Accept failed 
[SMPPSERVER10|Receiver.cpp|00025|25-01-2016 21:06:05:808|~IN~]Receiveing the data
[SMPPSERVER10|Receiver.cpp|00043|25-01-2016 21:06:06:811|~IN~]Receiveing the data from SMPP Clinet:57
[SMPPSERVER10|Receiver.cpp|00052|25-01-2016 21:06:06:811|~IN~]Sending Bind Responc:ussdclient
[SMPPSERVER10|TcpServer.cpp|00202|25-01-2016 21:06:07:813|~IN~] Client connected from 
[SMPPSERVER10|TcpServer.cpp|00223|25-01-2016 21:06:07:813|~IN~]Started ClientThread[0x8264c60]
[SMPPSERVER10|Receiver.cpp|00025|25-01-2016 21:06:08:815|~IN~]Receiveing the data
[SMPPSERVER10|Receiver.cpp|00040|25-01-2016 21:06:14:828|~ER~]Clinet Disconnection happend
[SMPPSERVER10|TcpServer.cpp|00228|25-01-2016 21:06:14:829|~ER~]Clint Has Discoonected From 
[SMPPSERVER10|TcpServer.cpp|00245|25-01-2016 21:06:14:829|~CR~]Clinet  Disconnected
[SMPPSERVER10|Receiver.cpp|00025|25-01-2016 21:06:14:829|~IN~]Receiveing the data
[SMPPSERVER10|Receiver.cpp|00040|25-01-2016 21:06:14:829|~ER~]Clinet Disconnection happend
[SMPPSERVER10|TcpServer.cpp|00197|25-01-2016 21:06:15:831|~ER~]Accept failed 
[SMPPSERVER10|Receiver.cpp|00025|25-01-2016 21:06:16:833|~IN~]Receiveing the data
[SMPPSERVER10|Receiver.cpp|00043|25-01-2016 21:06:17:835|~IN~]Receiveing the data from SMPP Clinet:57
[SMPPSERVER10|Receiver.cpp|00052|25-01-2016 21:06:17:835|~IN~]Sending Bind Responc:ussdclient
[SMPPSERVER10|TcpServer.cpp|00202|25-01-2016 21:06:18:837|~IN~] Client connected from 
[SMPPSERVER10|TcpServer.cpp|00223|25-01-2016 21:06:18:837|~IN~]Started ClientThread[0x8264c60]
[SMPPSERVER10|Receiver.cpp|00025|25-01-2016 21:06:19:840|~IN~]Receiveing the data
[SMPPSERVER10|Receiver.cpp|00040|25-01-2016 21:06:25:850|~ER~]Clinet Disconnection happend
[SMPPSERVER10|TcpServer.cpp|00228|25-01-2016 21:06:25:850|~ER~]Clint Has Discoonected From 
[SMPPSERVER10|TcpServer.cpp|00245|25-01-2016 21:06:25:850|~CR~]Clinet  Disconnected
[SMPPSERVER10|Receiver.cpp|00025|25-01-2016 21:06:25:850|~IN~]Receiveing the data
[SMPPSERVER10|Receiver.cpp|00040|25-01-2016 21:06:25:850|~ER~]Clinet Disconnection happend
[SMPPSERVER10|TcpServer.cpp|00197|25-01-2016 21:06:26:852|~ER~]Accept failed 
[SMPPSERVER10|Receiver.cpp|00025|25-01-2016 21:06:27:853|~IN~]Receiveing the data
[SMPPSERVER10|Receiver.cpp|00043|25-01-2016 21:06:28:856|~IN~]Receiveing the data from SMPP Clinet:57
[SMPPSERVER10|Receiver.cpp|00052|25-01-2016 21:06:28:856|~IN~]Sending Bind Responc:ussdclient
[SMPPSERVER10|TcpServer.cpp|00202|25-01-2016 21:06:29:858|~IN~] Client connected from 
[SMPPSERVER10|TcpServer.cpp|00223|25-01-2016 21:06:29:858|~IN~]Started ClientThread[0x8264c60]
[SMPPSERVER10|Receiver.cpp|00025|25-01-2016 21:06:30:860|~IN~]Receiveing the data
[SMPPSERVER10|Receiver.cpp|00040|25-01-2016 21:06:36:871|~ER~]Clinet Disconnection happend
[SMPPSERVER10|TcpServer.cpp|00228|25-01-2016 21:06:36:871|~ER~]Clint Has Discoonected From 
[SMPPSERVER10|TcpServer.cpp|00245|25-01-2016 21:06:36:871|~CR~]Clinet  Disconnected
[SMPPSERVER10|Receiver.cpp|00025|25-01-2016 21:06:36:872|~IN~]Receiveing the data
[SMPPSERVER10|Receiver.cpp|00040|25-01-2016 21:06:36:872|~ER~]Clinet Disconnection happend
[SMPPSERVER10|TcpServer.cpp|00197|25-01-2016 21:06:37:874|~ER~]Accept failed 
[SMPPSERVER10|Receiver.cpp|00025|25-01-2016 21:06:38:875|~IN~]Receiveing the data
[SMPPSERVER10|Receiver.cpp|00043|25-01-2016 21:06:39:879|~IN~]Receiveing the data from SMPP Clinet:57
[SMPPSERVER10|Receiver.cpp|00052|25-01-2016 21:06:39:879|~IN~]Sending Bind Responc:ussdclient
[SMPPSERVER10|TcpServer.cpp|00202|25-01-2016 21:06:40:881|~IN~] Client connected from 
[SMPPSERVER10|TcpServer.cpp|00223|25-01-2016 21:06:40:881|~IN~]Started ClientThread[0x8264c60]
[SMPPSERVER10|Receiver.cpp|00025|25-01-2016 21:06:41:884|~IN~]Receiveing the data
[SMPPSERVER10|Receiver.cpp|00040|25-01-2016 21:06:47:895|~ER~]Clinet Disconnection happend
[SMPPSERVER10|TcpServer.cpp|00228|25-01-2016 21:06:47:895|~ER~]Clint Has Discoonected From 
[SMPPSERVER10|TcpServer.cpp|00245|25-01-2016 21:06:47:895|~CR~]Clinet  Disconnected
[SMPPSERVER10|Receiver.cpp|00025|25-01-2016 21:06:47:895|~IN~]Receiveing the data
[SMPPSERVER10|Receiver.cpp|00040|25-01-2016 21:06:47:895|~ER~]Clinet Disconnection happend
[SMPPSERVER10|TcpServer.cpp|00197|25-01-2016 21:06:48:898|~ER~]Accept failed 
[SMPPSERVER10|Receiver.cpp|00025|25-01-2016 21:06:49:899|~IN~]Receiveing the data
[SMPPSERVER10|Receiver.cpp|00043|25-01-2016 21:06:50:902|~IN~]Receiveing the data from SMPP Clinet:57
[SMPPSERVER10|Receiver.cpp|00052|25-01-2016 21:06:50:902|~IN~]Sending Bind Responc:ussdclient
[SMPPSERVER10|TcpServer.cpp|00202|25-01-2016 21:06:51:903|~IN~] Client connected from 
[SMPPSERVER10|TcpServer.cpp|00223|25-01-2016 21:06:51:904|~IN~]Started ClientThread[0x8264c60]
[SMPPSERVER10|Receiver.cpp|00025|25-01-2016 21:06:52:907|~IN~]Receiveing the data
[SMPPSERVER10|Receiver.cpp|00040|25-01-2016 21:06:58:918|~ER~]Clinet Disconnection happend
[SMPPSERVER10|TcpServer.cpp|00228|25-01-2016 21:06:58:918|~ER~]Clint Has Discoonected From 
[SMPPSERVER10|TcpServer.cpp|00245|25-01-2016 21:06:58:918|~CR~]Clinet  Disconnected
[SMPPSERVER10|Receiver.cpp|00025|25-01-2016 21:06:58:918|~IN~]Receiveing the data
[SMPPSERVER10|Receiver.cpp|00040|25-01-2016 21:06:58:918|~ER~]Clinet Disconnection happend
[SMPPSERVER10|TcpServer.cpp|00197|25-01-2016 21:06:59:921|~ER~]Accept failed 
[SMPPSERVER10|Receiver.cpp|00025|25-01-2016 21:07:00:924|~IN~]Receiveing the data
[SMPPSERVER10|Receiver.cpp|00043|25-01-2016 21:07:01:925|~IN~]Receiveing the data from SMPP Clinet:57
[SMPPSERVER10|Receiver.cpp|00052|25-01-2016 21:07:01:925|~IN~]Sending Bind Responc:ussdclient
[SMPPSERVER10|TcpServer.cpp|00202|25-01-2016 21:07:02:927|~IN~] Client connected from 
[SMPPSERVER10|TcpServer.cpp|00223|25-01-2016 21:07:02:927|~IN~]Started ClientThread[0x8264c60]
[SMPPSERVER10|Receiver.cpp|00025|25-01-2016 21:07:03:929|~IN~]Receiveing the data
[SMPPSERVER10|Receiver.cpp|00040|25-01-2016 21:07:09:942|~ER~]Clinet Disconnection happend
[SMPPSERVER10|TcpServer.cpp|00228|25-01-2016 21:07:09:942|~ER~]Clint Has Discoonected From 
[SMPPSERVER10|TcpServer.cpp|00245|25-01-2016 21:07:09:942|~CR~]Clinet  Disconnected
[SMPPSERVER10|Receiver.cpp|00025|25-01-2016 21:07:09:942|~IN~]Receiveing the data
[SMPPSERVER10|Receiver.cpp|00040|25-01-2016 21:07:09:943|~ER~]Clinet Disconnection happend
[SMPPSERVER10|TcpServer.cpp|00197|25-01-2016 21:07:10:945|~ER~]Accept failed 
[SMPPSERVER10|Receiver.cpp|00025|25-01-2016 21:07:11:946|~IN~]Receiveing the data
[SMPPSERVER10|Receiver.cpp|00043|25-01-2016 21:07:12:949|~IN~]Receiveing the data from SMPP Clinet:57
[SMPPSERVER10|Receiver.cpp|00052|25-01-2016 21:07:12:949|~IN~]Sending Bind Responc:ussdclient
[SMPPSERVER10|TcpServer.cpp|00202|25-01-2016 21:07:13:950|~IN~] Client connected from 
[SMPPSERVER10|TcpServer.cpp|00223|25-01-2016 21:07:13:950|~IN~]Started ClientThread[0x8264c60]
[SMPPSERVER10|Receiver.cpp|00025|25-01-2016 21:07:14:952|~IN~]Receiveing the data
[SMPPSERVER10|Receiver.cpp|00040|25-01-2016 21:07:20:964|~ER~]Clinet Disconnection happend
[SMPPSERVER10|TcpServer.cpp|00228|25-01-2016 21:07:20:964|~ER~]Clint Has Discoonected From 
[SMPPSERVER10|TcpServer.cpp|00245|25-01-2016 21:07:20:964|~CR~]Clinet  Disconnected
[SMPPSERVER10|Receiver.cpp|00025|25-01-2016 21:07:20:964|~IN~]Receiveing the data
[SMPPSERVER10|Receiver.cpp|00040|25-01-2016 21:07:20:965|~ER~]Clinet Disconnection happend
[SMPPSERVER10|TcpServer.cpp|00197|25-01-2016 21:07:21:967|~ER~]Accept failed 
[SMPPSERVER10|Receiver.cpp|00025|25-01-2016 21:07:22:968|~IN~]Receiveing the data
