[SMPPSERVER10|Receiver.cpp|00043|23-01-2016 15:54:16:625|~IN~]Receiveing the data from SMPP Clinet:20
[SMPPSERVER10|Receiver.cpp|00025|23-01-2016 15:54:16:635|~IN~]Receiveing the data
[SMPPSERVER10|Receiver.cpp|00043|23-01-2016 15:54:27:648|~IN~]Receiveing the data from SMPP Clinet:20
[SMPPSERVER10|Receiver.cpp|00025|23-01-2016 15:54:27:648|~IN~]Receiveing the data
[SMPPSERVER10|Receiver.cpp|00043|23-01-2016 15:54:38:668|~IN~]Receiveing the data from SMPP Clinet:20
[SMPPSERVER10|Receiver.cpp|00025|23-01-2016 15:54:38:668|~IN~]Receiveing the data
[SMPPSERVER10|Receiver.cpp|00043|23-01-2016 15:54:49:689|~IN~]Receiveing the data from SMPP Clinet:20
[SMPPSERVER10|Receiver.cpp|00025|23-01-2016 15:54:49:689|~IN~]Receiveing the data
[SMPPSERVER10|Receiver.cpp|00043|23-01-2016 15:55:00:712|~IN~]Receiveing the data from SMPP Clinet:20
[SMPPSERVER10|Receiver.cpp|00025|23-01-2016 15:55:00:712|~IN~]Receiveing the data
[SMPPSERVER10|Receiver.cpp|00043|23-01-2016 15:55:11:736|~IN~]Receiveing the data from SMPP Clinet:20
[SMPPSERVER10|Receiver.cpp|00025|23-01-2016 15:55:11:736|~IN~]Receiveing the data
[SMPPSERVER10|Receiver.cpp|00043|23-01-2016 15:55:22:759|~IN~]Receiveing the data from SMPP Clinet:20
[SMPPSERVER10|Receiver.cpp|00025|23-01-2016 15:55:22:759|~IN~]Receiveing the data
[SMPPSERVER10|Receiver.cpp|00043|23-01-2016 15:55:33:783|~IN~]Receiveing the data from SMPP Clinet:20
[SMPPSERVER10|Receiver.cpp|00025|23-01-2016 15:55:33:783|~IN~]Receiveing the data
[SMPPSERVER10|Receiver.cpp|00043|23-01-2016 15:55:44:807|~IN~]Receiveing the data from SMPP Clinet:20
[SMPPSERVER10|Receiver.cpp|00025|23-01-2016 15:55:44:807|~IN~]Receiveing the data
[SMPPSERVER10|Receiver.cpp|00043|23-01-2016 15:55:55:830|~IN~]Receiveing the data from SMPP Clinet:20
[SMPPSERVER10|Receiver.cpp|00025|23-01-2016 15:55:55:830|~IN~]Receiveing the data
[SMPPSERVER10|Receiver.cpp|00043|23-01-2016 15:56:06:864|~IN~]Receiveing the data from SMPP Clinet:20
[SMPPSERVER10|Receiver.cpp|00025|23-01-2016 15:56:06:864|~IN~]Receiveing the data
[SMPPSERVER10|Receiver.cpp|00043|23-01-2016 15:56:17:885|~IN~]Receiveing the data from SMPP Clinet:20
[SMPPSERVER10|Receiver.cpp|00025|23-01-2016 15:56:17:885|~IN~]Receiveing the data
[SMPPSERVER10|Receiver.cpp|00043|23-01-2016 15:56:28:907|~IN~]Receiveing the data from SMPP Clinet:20
[SMPPSERVER10|Receiver.cpp|00025|23-01-2016 15:56:28:907|~IN~]Receiveing the data
[SMPPSERVER10|Receiver.cpp|00043|23-01-2016 15:56:39:928|~IN~]Receiveing the data from SMPP Clinet:20
[SMPPSERVER10|Receiver.cpp|00025|23-01-2016 15:56:39:928|~IN~]Receiveing the data
[SMPPSERVER10|Receiver.cpp|00043|23-01-2016 15:56:50:950|~IN~]Receiveing the data from SMPP Clinet:20
[SMPPSERVER10|Receiver.cpp|00025|23-01-2016 15:56:50:950|~IN~]Receiveing the data
[SMPPSERVER10|Receiver.cpp|00043|23-01-2016 15:57:01:971|~IN~]Receiveing the data from SMPP Clinet:20
[SMPPSERVER10|Receiver.cpp|00025|23-01-2016 15:57:01:971|~IN~]Receiveing the data
[SMPPSERVER10|Receiver.cpp|00043|23-01-2016 15:57:12:999|~IN~]Receiveing the data from SMPP Clinet:20
[SMPPSERVER10|Receiver.cpp|00025|23-01-2016 15:57:12:999|~IN~]Receiveing the data
[SMPPSERVER10|Receiver.cpp|00043|23-01-2016 15:57:24:021|~IN~]Receiveing the data from SMPP Clinet:20
[SMPPSERVER10|Receiver.cpp|00025|23-01-2016 15:57:24:022|~IN~]Receiveing the data
[SMPPSERVER10|Receiver.cpp|00043|23-01-2016 15:57:35:044|~IN~]Receiveing the data from SMPP Clinet:20
[SMPPSERVER10|Receiver.cpp|00025|23-01-2016 15:57:35:044|~IN~]Receiveing the data
[SMPPSERVER10|Receiver.cpp|00043|23-01-2016 15:57:46:076|~IN~]Receiveing the data from SMPP Clinet:20
[SMPPSERVER10|Receiver.cpp|00025|23-01-2016 15:57:46:076|~IN~]Receiveing the data
[SMPPSERVER10|Receiver.cpp|00043|23-01-2016 15:57:57:098|~IN~]Receiveing the data from SMPP Clinet:20
[SMPPSERVER10|Receiver.cpp|00025|23-01-2016 15:57:57:098|~IN~]Receiveing the data
[SMPPSERVER10|Receiver.cpp|00043|23-01-2016 15:58:08:119|~IN~]Receiveing the data from SMPP Clinet:20
[SMPPSERVER10|Receiver.cpp|00025|23-01-2016 15:58:08:119|~IN~]Receiveing the data
[SMPPSERVER10|Receiver.cpp|00043|23-01-2016 15:58:19:141|~IN~]Receiveing the data from SMPP Clinet:20
[SMPPSERVER10|Receiver.cpp|00025|23-01-2016 15:58:19:142|~IN~]Receiveing the data
[SMPPSERVER10|Receiver.cpp|00043|23-01-2016 15:58:30:162|~IN~]Receiveing the data from SMPP Clinet:20
[SMPPSERVER10|Receiver.cpp|00025|23-01-2016 15:58:30:162|~IN~]Receiveing the data
[SMPPSERVER10|Receiver.cpp|00043|23-01-2016 15:58:41:184|~IN~]Receiveing the data from SMPP Clinet:20
[SMPPSERVER10|Receiver.cpp|00025|23-01-2016 15:58:41:184|~IN~]Receiveing the data
[SMPPSERVER10|Receiver.cpp|00043|23-01-2016 15:58:52:207|~IN~]Receiveing the data from SMPP Clinet:20
[SMPPSERVER10|Receiver.cpp|00025|23-01-2016 15:58:52:207|~IN~]Receiveing the data
[SMPPSERVER10|Receiver.cpp|00043|23-01-2016 15:59:03:230|~IN~]Receiveing the data from SMPP Clinet:20
[SMPPSERVER10|Receiver.cpp|00025|23-01-2016 15:59:03:230|~IN~]Receiveing the data
[SMPPSERVER10|Receiver.cpp|00043|23-01-2016 15:59:14:253|~IN~]Receiveing the data from SMPP Clinet:20
[SMPPSERVER10|Receiver.cpp|00025|23-01-2016 15:59:14:253|~IN~]Receiveing the data
[SMPPSERVER10|Receiver.cpp|00043|23-01-2016 15:59:25:323|~IN~]Receiveing the data from SMPP Clinet:20
[SMPPSERVER10|Receiver.cpp|00025|23-01-2016 15:59:25:324|~IN~]Receiveing the data
[SMPPSERVER10|Receiver.cpp|00043|23-01-2016 15:59:36:343|~IN~]Receiveing the data from SMPP Clinet:20
[SMPPSERVER10|Receiver.cpp|00025|23-01-2016 15:59:36:343|~IN~]Receiveing the data
[SMPPSERVER10|Receiver.cpp|00043|23-01-2016 15:59:47:364|~IN~]Receiveing the data from SMPP Clinet:20
[SMPPSERVER10|Receiver.cpp|00025|23-01-2016 15:59:47:364|~IN~]Receiveing the data
[SMPPSERVER10|Receiver.cpp|00043|23-01-2016 15:59:58:387|~IN~]Receiveing the data from SMPP Clinet:20
[SMPPSERVER10|Receiver.cpp|00025|23-01-2016 15:59:58:387|~IN~]Receiveing the data
[SMPPSERVER10|Receiver.cpp|00043|23-01-2016 16:00:09:421|~IN~]Receiveing the data from SMPP Clinet:20
[SMPPSERVER10|Receiver.cpp|00025|23-01-2016 16:00:09:421|~IN~]Receiveing the data
[SMPPSERVER10|Receiver.cpp|00043|23-01-2016 16:00:20:441|~IN~]Receiveing the data from SMPP Clinet:20
[SMPPSERVER10|Receiver.cpp|00025|23-01-2016 16:00:20:441|~IN~]Receiveing the data
[SMPPSERVER10|Receiver.cpp|00043|23-01-2016 16:00:31:462|~IN~]Receiveing the data from SMPP Clinet:20
[SMPPSERVER10|Receiver.cpp|00025|23-01-2016 16:00:31:462|~IN~]Receiveing the data
[SMPPSERVER10|Receiver.cpp|00043|23-01-2016 16:00:42:484|~IN~]Receiveing the data from SMPP Clinet:20
[SMPPSERVER10|Receiver.cpp|00025|23-01-2016 16:00:42:484|~IN~]Receiveing the data
[SMPPSERVER10|Receiver.cpp|00043|23-01-2016 16:00:53:505|~IN~]Receiveing the data from SMPP Clinet:20
[SMPPSERVER10|Receiver.cpp|00025|23-01-2016 16:00:53:505|~IN~]Receiveing the data
[SMPPSERVER10|Receiver.cpp|00043|23-01-2016 16:01:04:526|~IN~]Receiveing the data from SMPP Clinet:20
[SMPPSERVER10|Receiver.cpp|00025|23-01-2016 16:01:04:526|~IN~]Receiveing the data
[SMPPSERVER10|Receiver.cpp|00043|23-01-2016 16:01:15:553|~IN~]Receiveing the data from SMPP Clinet:20
[SMPPSERVER10|Receiver.cpp|00025|23-01-2016 16:01:15:554|~IN~]Receiveing the data
[SMPPSERVER10|Receiver.cpp|00043|23-01-2016 16:01:26:585|~IN~]Receiveing the data from SMPP Clinet:20
[SMPPSERVER10|Receiver.cpp|00025|23-01-2016 16:01:26:585|~IN~]Receiveing the data
[SMPPSERVER10|Receiver.cpp|00043|23-01-2016 16:01:37:614|~IN~]Receiveing the data from SMPP Clinet:20
[SMPPSERVER10|Receiver.cpp|00025|23-01-2016 16:01:37:614|~IN~]Receiveing the data
[SMPPSERVER10|Receiver.cpp|00043|23-01-2016 16:01:48:639|~IN~]Receiveing the data from SMPP Clinet:20
[SMPPSERVER10|Receiver.cpp|00025|23-01-2016 16:01:48:639|~IN~]Receiveing the data
[SMPPSERVER10|Receiver.cpp|00043|23-01-2016 16:01:59:659|~IN~]Receiveing the data from SMPP Clinet:20
[SMPPSERVER10|Receiver.cpp|00025|23-01-2016 16:01:59:659|~IN~]Receiveing the data
[SMPPSERVER10|Receiver.cpp|00043|23-01-2016 16:02:10:687|~IN~]Receiveing the data from SMPP Clinet:20
[SMPPSERVER10|Receiver.cpp|00025|23-01-2016 16:02:10:688|~IN~]Receiveing the data
[SMPPSERVER10|Receiver.cpp|00043|23-01-2016 16:02:21:708|~IN~]Receiveing the data from SMPP Clinet:20
[SMPPSERVER10|Receiver.cpp|00025|23-01-2016 16:02:21:708|~IN~]Receiveing the data
[SMPPSERVER10|Receiver.cpp|00043|23-01-2016 16:02:32:729|~IN~]Receiveing the data from SMPP Clinet:20
[SMPPSERVER10|Receiver.cpp|00025|23-01-2016 16:02:32:729|~IN~]Receiveing the data
[SMPPSERVER10|Receiver.cpp|00043|23-01-2016 16:02:43:751|~IN~]Receiveing the data from SMPP Clinet:20
[SMPPSERVER10|Receiver.cpp|00025|23-01-2016 16:02:43:751|~IN~]Receiveing the data
[SMPPSERVER10|Receiver.cpp|00043|23-01-2016 16:02:54:779|~IN~]Receiveing the data from SMPP Clinet:20
[SMPPSERVER10|Receiver.cpp|00025|23-01-2016 16:02:54:779|~IN~]Receiveing the data
[SMPPSERVER10|Receiver.cpp|00043|23-01-2016 16:03:05:811|~IN~]Receiveing the data from SMPP Clinet:20
[SMPPSERVER10|Receiver.cpp|00025|23-01-2016 16:03:05:811|~IN~]Receiveing the data
[SMPPSERVER10|Receiver.cpp|00043|23-01-2016 16:03:16:839|~IN~]Receiveing the data from SMPP Clinet:20
[SMPPSERVER10|Receiver.cpp|00025|23-01-2016 16:03:16:839|~IN~]Receiveing the data
[SMPPSERVER10|Receiver.cpp|00043|23-01-2016 16:03:27:872|~IN~]Receiveing the data from SMPP Clinet:20
[SMPPSERVER10|Receiver.cpp|00025|23-01-2016 16:03:27:872|~IN~]Receiveing the data
[SMPPSERVER10|Receiver.cpp|00043|23-01-2016 16:03:38:893|~IN~]Receiveing the data from SMPP Clinet:20
[SMPPSERVER10|Receiver.cpp|00025|23-01-2016 16:03:38:893|~IN~]Receiveing the data
[SMPPSERVER10|Receiver.cpp|00043|23-01-2016 16:03:49:916|~IN~]Receiveing the data from SMPP Clinet:20
[SMPPSERVER10|Receiver.cpp|00025|23-01-2016 16:03:49:916|~IN~]Receiveing the data
[SMPPSERVER10|Receiver.cpp|00043|23-01-2016 16:04:00:937|~IN~]Receiveing the data from SMPP Clinet:20
[SMPPSERVER10|Receiver.cpp|00025|23-01-2016 16:04:00:937|~IN~]Receiveing the data
[SMPPSERVER10|Receiver.cpp|00043|23-01-2016 16:04:11:957|~IN~]Receiveing the data from SMPP Clinet:20
[SMPPSERVER10|Receiver.cpp|00025|23-01-2016 16:04:11:957|~IN~]Receiveing the data
[SMPPSERVER10|Receiver.cpp|00043|23-01-2016 16:04:22:978|~IN~]Receiveing the data from SMPP Clinet:20
[SMPPSERVER10|Receiver.cpp|00025|23-01-2016 16:04:22:978|~IN~]Receiveing the data
[SMPPSERVER10|Receiver.cpp|00043|23-01-2016 16:04:33:999|~IN~]Receiveing the data from SMPP Clinet:20
[SMPPSERVER10|Receiver.cpp|00025|23-01-2016 16:04:33:999|~IN~]Receiveing the data
[SMPPSERVER10|Receiver.cpp|00043|23-01-2016 16:04:45:020|~IN~]Receiveing the data from SMPP Clinet:20
[SMPPSERVER10|Receiver.cpp|00025|23-01-2016 16:04:45:020|~IN~]Receiveing the data
[SMPPSERVER10|Receiver.cpp|00043|23-01-2016 16:04:56:040|~IN~]Receiveing the data from SMPP Clinet:20
[SMPPSERVER10|Receiver.cpp|00025|23-01-2016 16:04:56:040|~IN~]Receiveing the data
[SMPPSERVER10|Receiver.cpp|00043|23-01-2016 16:05:07:061|~IN~]Receiveing the data from SMPP Clinet:20
[SMPPSERVER10|Receiver.cpp|00025|23-01-2016 16:05:07:061|~IN~]Receiveing the data
[SMPPSERVER10|Receiver.cpp|00043|23-01-2016 16:05:18:082|~IN~]Receiveing the data from SMPP Clinet:20
[SMPPSERVER10|Receiver.cpp|00025|23-01-2016 16:05:18:082|~IN~]Receiveing the data
[SMPPSERVER10|Receiver.cpp|00043|23-01-2016 16:05:29:104|~IN~]Receiveing the data from SMPP Clinet:20
[SMPPSERVER10|Receiver.cpp|00025|23-01-2016 16:05:29:104|~IN~]Receiveing the data
[SMPPSERVER10|Receiver.cpp|00043|23-01-2016 16:05:40:124|~IN~]Receiveing the data from SMPP Clinet:20
[SMPPSERVER10|Receiver.cpp|00025|23-01-2016 16:05:40:124|~IN~]Receiveing the data
[SMPPSERVER10|Receiver.cpp|00043|23-01-2016 16:05:51:144|~IN~]Receiveing the data from SMPP Clinet:20
[SMPPSERVER10|Receiver.cpp|00025|23-01-2016 16:05:51:144|~IN~]Receiveing the data
[SMPPSERVER10|Receiver.cpp|00043|23-01-2016 16:06:02:165|~IN~]Receiveing the data from SMPP Clinet:20
[SMPPSERVER10|Receiver.cpp|00025|23-01-2016 16:06:02:165|~IN~]Receiveing the data
[SMPPSERVER10|Receiver.cpp|00043|23-01-2016 16:06:13:186|~IN~]Receiveing the data from SMPP Clinet:20
[SMPPSERVER10|Receiver.cpp|00025|23-01-2016 16:06:13:186|~IN~]Receiveing the data
[SMPPSERVER10|Receiver.cpp|00043|23-01-2016 16:06:24:209|~IN~]Receiveing the data from SMPP Clinet:20
[SMPPSERVER10|Receiver.cpp|00025|23-01-2016 16:06:24:209|~IN~]Receiveing the data
[SMPPSERVER10|Receiver.cpp|00043|23-01-2016 16:06:35:230|~IN~]Receiveing the data from SMPP Clinet:20
[SMPPSERVER10|Receiver.cpp|00025|23-01-2016 16:06:35:230|~IN~]Receiveing the data
[SMPPSERVER10|Receiver.cpp|00043|23-01-2016 16:06:46:251|~IN~]Receiveing the data from SMPP Clinet:20
[SMPPSERVER10|Receiver.cpp|00025|23-01-2016 16:06:46:251|~IN~]Receiveing the data
[SMPPSERVER10|Receiver.cpp|00043|23-01-2016 16:06:57:272|~IN~]Receiveing the data from SMPP Clinet:20
[SMPPSERVER10|Receiver.cpp|00025|23-01-2016 16:06:57:272|~IN~]Receiveing the data
[SMPPSERVER10|Receiver.cpp|00043|23-01-2016 16:07:08:292|~IN~]Receiveing the data from SMPP Clinet:20
[SMPPSERVER10|Receiver.cpp|00025|23-01-2016 16:07:08:292|~IN~]Receiveing the data
[SMPPSERVER10|Receiver.cpp|00043|23-01-2016 16:07:19:312|~IN~]Receiveing the data from SMPP Clinet:20
[SMPPSERVER10|Receiver.cpp|00025|23-01-2016 16:07:19:312|~IN~]Receiveing the data
[SMPPSERVER10|Receiver.cpp|00043|23-01-2016 16:07:30:333|~IN~]Receiveing the data from SMPP Clinet:20
[SMPPSERVER10|Receiver.cpp|00025|23-01-2016 16:07:30:333|~IN~]Receiveing the data
[SMPPSERVER10|Receiver.cpp|00043|23-01-2016 16:07:41:354|~IN~]Receiveing the data from SMPP Clinet:20
[SMPPSERVER10|Receiver.cpp|00025|23-01-2016 16:07:41:354|~IN~]Receiveing the data
[SMPPSERVER10|Receiver.cpp|00043|23-01-2016 16:07:52:376|~IN~]Receiveing the data from SMPP Clinet:20
[SMPPSERVER10|Receiver.cpp|00025|23-01-2016 16:07:52:376|~IN~]Receiveing the data
[SMPPSERVER10|Receiver.cpp|00043|23-01-2016 16:08:03:396|~IN~]Receiveing the data from SMPP Clinet:20
[SMPPSERVER10|Receiver.cpp|00025|23-01-2016 16:08:03:396|~IN~]Receiveing the data
[SMPPSERVER10|Receiver.cpp|00043|23-01-2016 16:08:14:417|~IN~]Receiveing the data from SMPP Clinet:20
[SMPPSERVER10|Receiver.cpp|00025|23-01-2016 16:08:14:417|~IN~]Receiveing the data
[SMPPSERVER10|Receiver.cpp|00043|23-01-2016 16:08:25:437|~IN~]Receiveing the data from SMPP Clinet:20
[SMPPSERVER10|Receiver.cpp|00025|23-01-2016 16:08:25:437|~IN~]Receiveing the data
[SMPPSERVER10|Receiver.cpp|00043|23-01-2016 16:08:36:461|~IN~]Receiveing the data from SMPP Clinet:20
[SMPPSERVER10|Receiver.cpp|00025|23-01-2016 16:08:36:461|~IN~]Receiveing the data
[SMPPSERVER10|Receiver.cpp|00043|23-01-2016 16:08:47:482|~IN~]Receiveing the data from SMPP Clinet:20
[SMPPSERVER10|Receiver.cpp|00025|23-01-2016 16:08:47:482|~IN~]Receiveing the data
[SMPPSERVER10|Receiver.cpp|00043|23-01-2016 16:08:58:504|~IN~]Receiveing the data from SMPP Clinet:20
[SMPPSERVER10|Receiver.cpp|00025|23-01-2016 16:08:58:504|~IN~]Receiveing the data
[SMPPSERVER10|Receiver.cpp|00043|23-01-2016 16:09:09:526|~IN~]Receiveing the data from SMPP Clinet:20
[SMPPSERVER10|Receiver.cpp|00025|23-01-2016 16:09:09:526|~IN~]Receiveing the data
[SMPPSERVER10|Receiver.cpp|00043|23-01-2016 16:09:20:548|~IN~]Receiveing the data from SMPP Clinet:20
[SMPPSERVER10|Receiver.cpp|00025|23-01-2016 16:09:20:548|~IN~]Receiveing the data
[SMPPSERVER10|Receiver.cpp|00043|23-01-2016 16:09:31:570|~IN~]Receiveing the data from SMPP Clinet:20
[SMPPSERVER10|Receiver.cpp|00025|23-01-2016 16:09:31:570|~IN~]Receiveing the data
[SMPPSERVER10|Receiver.cpp|00043|23-01-2016 16:09:42:591|~IN~]Receiveing the data from SMPP Clinet:20
[SMPPSERVER10|Receiver.cpp|00025|23-01-2016 16:09:42:591|~IN~]Receiveing the data
[SMPPSERVER10|Receiver.cpp|00043|23-01-2016 16:09:53:613|~IN~]Receiveing the data from SMPP Clinet:20
[SMPPSERVER10|Receiver.cpp|00025|23-01-2016 16:09:53:613|~IN~]Receiveing the data
[SMPPSERVER10|Receiver.cpp|00043|23-01-2016 16:10:04:633|~IN~]Receiveing the data from SMPP Clinet:20
[SMPPSERVER10|Receiver.cpp|00025|23-01-2016 16:10:04:633|~IN~]Receiveing the data
[SMPPSERVER10|Receiver.cpp|00043|23-01-2016 16:10:15:655|~IN~]Receiveing the data from SMPP Clinet:20
[SMPPSERVER10|Receiver.cpp|00025|23-01-2016 16:10:15:655|~IN~]Receiveing the data
[SMPPSERVER10|Receiver.cpp|00043|23-01-2016 16:10:26:675|~IN~]Receiveing the data from SMPP Clinet:20
[SMPPSERVER10|Receiver.cpp|00025|23-01-2016 16:10:26:675|~IN~]Receiveing the data
[SMPPSERVER10|Receiver.cpp|00043|23-01-2016 16:10:37:696|~IN~]Receiveing the data from SMPP Clinet:20
[SMPPSERVER10|Receiver.cpp|00025|23-01-2016 16:10:37:696|~IN~]Receiveing the data
[SMPPSERVER10|Receiver.cpp|00043|23-01-2016 16:10:48:716|~IN~]Receiveing the data from SMPP Clinet:20
[SMPPSERVER10|Receiver.cpp|00025|23-01-2016 16:10:48:716|~IN~]Receiveing the data
[SMPPSERVER10|Receiver.cpp|00043|23-01-2016 16:10:59:738|~IN~]Receiveing the data from SMPP Clinet:20
[SMPPSERVER10|Receiver.cpp|00025|23-01-2016 16:10:59:738|~IN~]Receiveing the data
[SMPPSERVER10|Receiver.cpp|00043|23-01-2016 16:11:10:759|~IN~]Receiveing the data from SMPP Clinet:20
[SMPPSERVER10|Receiver.cpp|00025|23-01-2016 16:11:10:759|~IN~]Receiveing the data
[SMPPSERVER10|Receiver.cpp|00043|23-01-2016 16:11:21:779|~IN~]Receiveing the data from SMPP Clinet:20
[SMPPSERVER10|Receiver.cpp|00025|23-01-2016 16:11:21:779|~IN~]Receiveing the data
[SMPPSERVER10|Receiver.cpp|00043|23-01-2016 16:11:32:800|~IN~]Receiveing the data from SMPP Clinet:20
[SMPPSERVER10|Receiver.cpp|00025|23-01-2016 16:11:32:800|~IN~]Receiveing the data
[SMPPSERVER10|Receiver.cpp|00043|23-01-2016 16:11:43:821|~IN~]Receiveing the data from SMPP Clinet:20
[SMPPSERVER10|Receiver.cpp|00025|23-01-2016 16:11:43:821|~IN~]Receiveing the data
[SMPPSERVER10|Receiver.cpp|00043|23-01-2016 16:11:54:841|~IN~]Receiveing the data from SMPP Clinet:20
[SMPPSERVER10|Receiver.cpp|00025|23-01-2016 16:11:54:841|~IN~]Receiveing the data
[SMPPSERVER10|Receiver.cpp|00043|23-01-2016 16:12:05:861|~IN~]Receiveing the data from SMPP Clinet:20
[SMPPSERVER10|Receiver.cpp|00025|23-01-2016 16:12:05:861|~IN~]Receiveing the data
[SMPPSERVER10|Receiver.cpp|00043|23-01-2016 16:12:16:882|~IN~]Receiveing the data from SMPP Clinet:20
[SMPPSERVER10|Receiver.cpp|00025|23-01-2016 16:12:16:882|~IN~]Receiveing the data
[SMPPSERVER10|Receiver.cpp|00043|23-01-2016 16:12:27:903|~IN~]Receiveing the data from SMPP Clinet:20
[SMPPSERVER10|Receiver.cpp|00025|23-01-2016 16:12:27:903|~IN~]Receiveing the data
[SMPPSERVER10|Receiver.cpp|00043|23-01-2016 16:12:38:924|~IN~]Receiveing the data from SMPP Clinet:20
[SMPPSERVER10|Receiver.cpp|00025|23-01-2016 16:12:38:924|~IN~]Receiveing the data
[SMPPSERVER10|Receiver.cpp|00043|23-01-2016 16:12:49:944|~IN~]Receiveing the data from SMPP Clinet:20
[SMPPSERVER10|Receiver.cpp|00025|23-01-2016 16:12:49:944|~IN~]Receiveing the data
[SMPPSERVER10|Receiver.cpp|00043|23-01-2016 16:13:00:966|~IN~]Receiveing the data from SMPP Clinet:20
[SMPPSERVER10|Receiver.cpp|00025|23-01-2016 16:13:00:966|~IN~]Receiveing the data
[SMPPSERVER10|Receiver.cpp|00043|23-01-2016 16:13:11:987|~IN~]Receiveing the data from SMPP Clinet:20
[SMPPSERVER10|Receiver.cpp|00025|23-01-2016 16:13:11:987|~IN~]Receiveing the data
[SMPPSERVER10|Receiver.cpp|00043|23-01-2016 16:13:23:008|~IN~]Receiveing the data from SMPP Clinet:20
[SMPPSERVER10|Receiver.cpp|00025|23-01-2016 16:13:23:008|~IN~]Receiveing the data
[SMPPSERVER10|Receiver.cpp|00043|23-01-2016 16:13:34:028|~IN~]Receiveing the data from SMPP Clinet:20
[SMPPSERVER10|Receiver.cpp|00025|23-01-2016 16:13:34:028|~IN~]Receiveing the data
[SMPPSERVER10|Receiver.cpp|00043|23-01-2016 16:13:45:049|~IN~]Receiveing the data from SMPP Clinet:20
[SMPPSERVER10|Receiver.cpp|00025|23-01-2016 16:13:45:049|~IN~]Receiveing the data
[SMPPSERVER10|Receiver.cpp|00043|23-01-2016 16:13:56:071|~IN~]Receiveing the data from SMPP Clinet:20
[SMPPSERVER10|Receiver.cpp|00025|23-01-2016 16:13:56:071|~IN~]Receiveing the data
[SMPPSERVER10|Receiver.cpp|00043|23-01-2016 16:14:07:093|~IN~]Receiveing the data from SMPP Clinet:20
[SMPPSERVER10|Receiver.cpp|00025|23-01-2016 16:14:07:093|~IN~]Receiveing the data
[SMPPSERVER10|Receiver.cpp|00043|23-01-2016 16:14:18:114|~IN~]Receiveing the data from SMPP Clinet:20
[SMPPSERVER10|Receiver.cpp|00025|23-01-2016 16:14:18:114|~IN~]Receiveing the data
[SMPPSERVER10|Receiver.cpp|00043|23-01-2016 16:14:29:134|~IN~]Receiveing the data from SMPP Clinet:20
[SMPPSERVER10|Receiver.cpp|00025|23-01-2016 16:14:29:135|~IN~]Receiveing the data
[SMPPSERVER10|Receiver.cpp|00043|23-01-2016 16:14:40:156|~IN~]Receiveing the data from SMPP Clinet:20
[SMPPSERVER10|Receiver.cpp|00025|23-01-2016 16:14:40:156|~IN~]Receiveing the data
[SMPPSERVER10|Receiver.cpp|00043|23-01-2016 16:14:51:178|~IN~]Receiveing the data from SMPP Clinet:20
[SMPPSERVER10|Receiver.cpp|00025|23-01-2016 16:14:51:178|~IN~]Receiveing the data
[SMPPSERVER10|Receiver.cpp|00043|23-01-2016 16:15:02:200|~IN~]Receiveing the data from SMPP Clinet:20
[SMPPSERVER10|Receiver.cpp|00025|23-01-2016 16:15:02:200|~IN~]Receiveing the data
[SMPPSERVER10|Receiver.cpp|00043|23-01-2016 16:15:13:220|~IN~]Receiveing the data from SMPP Clinet:20
[SMPPSERVER10|Receiver.cpp|00025|23-01-2016 16:15:13:220|~IN~]Receiveing the data
[SMPPSERVER10|Receiver.cpp|00043|23-01-2016 16:15:24:241|~IN~]Receiveing the data from SMPP Clinet:20
[SMPPSERVER10|Receiver.cpp|00025|23-01-2016 16:15:24:241|~IN~]Receiveing the data
[SMPPSERVER10|Receiver.cpp|00043|23-01-2016 16:15:35:263|~IN~]Receiveing the data from SMPP Clinet:20
[SMPPSERVER10|Receiver.cpp|00025|23-01-2016 16:15:35:263|~IN~]Receiveing the data
[SMPPSERVER10|Receiver.cpp|00043|23-01-2016 16:15:46:284|~IN~]Receiveing the data from SMPP Clinet:20
[SMPPSERVER10|Receiver.cpp|00025|23-01-2016 16:15:46:284|~IN~]Receiveing the data
[SMPPSERVER10|Receiver.cpp|00043|23-01-2016 16:15:57:305|~IN~]Receiveing the data from SMPP Clinet:20
[SMPPSERVER10|Receiver.cpp|00025|23-01-2016 16:15:57:306|~IN~]Receiveing the data
[SMPPSERVER10|Receiver.cpp|00043|23-01-2016 16:16:08:327|~IN~]Receiveing the data from SMPP Clinet:20
[SMPPSERVER10|Receiver.cpp|00025|23-01-2016 16:16:08:327|~IN~]Receiveing the data
[SMPPSERVER10|Receiver.cpp|00043|23-01-2016 16:16:19:348|~IN~]Receiveing the data from SMPP Clinet:20
[SMPPSERVER10|Receiver.cpp|00025|23-01-2016 16:16:19:348|~IN~]Receiveing the data
[SMPPSERVER10|Receiver.cpp|00043|23-01-2016 16:16:30:369|~IN~]Receiveing the data from SMPP Clinet:20
[SMPPSERVER10|Receiver.cpp|00025|23-01-2016 16:16:30:369|~IN~]Receiveing the data
[SMPPSERVER10|Receiver.cpp|00043|23-01-2016 16:16:41:389|~IN~]Receiveing the data from SMPP Clinet:20
[SMPPSERVER10|Receiver.cpp|00025|23-01-2016 16:16:41:389|~IN~]Receiveing the data
[SMPPSERVER10|Receiver.cpp|00043|23-01-2016 16:16:52:410|~IN~]Receiveing the data from SMPP Clinet:20
[SMPPSERVER10|Receiver.cpp|00025|23-01-2016 16:16:52:410|~IN~]Receiveing the data
[SMPPSERVER10|Receiver.cpp|00043|23-01-2016 16:17:03:432|~IN~]Receiveing the data from SMPP Clinet:20
[SMPPSERVER10|Receiver.cpp|00025|23-01-2016 16:17:03:432|~IN~]Receiveing the data
[SMPPSERVER10|Receiver.cpp|00043|23-01-2016 16:17:14:454|~IN~]Receiveing the data from SMPP Clinet:20
[SMPPSERVER10|Receiver.cpp|00025|23-01-2016 16:17:14:454|~IN~]Receiveing the data
[SMPPSERVER10|Receiver.cpp|00043|23-01-2016 16:17:25:474|~IN~]Receiveing the data from SMPP Clinet:20
[SMPPSERVER10|Receiver.cpp|00025|23-01-2016 16:17:25:474|~IN~]Receiveing the data
[SMPPSERVER10|Receiver.cpp|00043|23-01-2016 16:17:36:495|~IN~]Receiveing the data from SMPP Clinet:20
[SMPPSERVER10|Receiver.cpp|00025|23-01-2016 16:17:36:495|~IN~]Receiveing the data
[SMPPSERVER10|Receiver.cpp|00043|23-01-2016 16:17:47:515|~IN~]Receiveing the data from SMPP Clinet:20
[SMPPSERVER10|Receiver.cpp|00025|23-01-2016 16:17:47:515|~IN~]Receiveing the data
[SMPPSERVER10|Receiver.cpp|00043|23-01-2016 16:17:58:537|~IN~]Receiveing the data from SMPP Clinet:20
[SMPPSERVER10|Receiver.cpp|00025|23-01-2016 16:17:58:537|~IN~]Receiveing the data
[SMPPSERVER10|Receiver.cpp|00043|23-01-2016 16:18:09:558|~IN~]Receiveing the data from SMPP Clinet:20
[SMPPSERVER10|Receiver.cpp|00025|23-01-2016 16:18:09:558|~IN~]Receiveing the data
[SMPPSERVER10|Receiver.cpp|00043|23-01-2016 16:18:20:578|~IN~]Receiveing the data from SMPP Clinet:20
[SMPPSERVER10|Receiver.cpp|00025|23-01-2016 16:18:20:578|~IN~]Receiveing the data
[SMPPSERVER10|Receiver.cpp|00043|23-01-2016 16:18:31:599|~IN~]Receiveing the data from SMPP Clinet:20
[SMPPSERVER10|Receiver.cpp|00025|23-01-2016 16:18:31:599|~IN~]Receiveing the data
[SMPPSERVER10|Receiver.cpp|00043|23-01-2016 16:18:42:620|~IN~]Receiveing the data from SMPP Clinet:20
[SMPPSERVER10|Receiver.cpp|00025|23-01-2016 16:18:42:620|~IN~]Receiveing the data
[SMPPSERVER10|Receiver.cpp|00043|23-01-2016 16:18:53:641|~IN~]Receiveing the data from SMPP Clinet:20
[SMPPSERVER10|Receiver.cpp|00025|23-01-2016 16:18:53:641|~IN~]Receiveing the data
[SMPPSERVER10|Receiver.cpp|00043|23-01-2016 16:19:04:661|~IN~]Receiveing the data from SMPP Clinet:20
[SMPPSERVER10|Receiver.cpp|00025|23-01-2016 16:19:04:661|~IN~]Receiveing the data
[SMPPSERVER10|Receiver.cpp|00043|23-01-2016 16:19:15:683|~IN~]Receiveing the data from SMPP Clinet:20
[SMPPSERVER10|Receiver.cpp|00025|23-01-2016 16:19:15:683|~IN~]Receiveing the data
[SMPPSERVER10|Receiver.cpp|00043|23-01-2016 16:19:26:705|~IN~]Receiveing the data from SMPP Clinet:20
[SMPPSERVER10|Receiver.cpp|00025|23-01-2016 16:19:26:705|~IN~]Receiveing the data
[SMPPSERVER10|Receiver.cpp|00043|23-01-2016 16:19:37:729|~IN~]Receiveing the data from SMPP Clinet:20
[SMPPSERVER10|Receiver.cpp|00025|23-01-2016 16:19:37:729|~IN~]Receiveing the data
[SMPPSERVER10|Receiver.cpp|00043|23-01-2016 16:19:48:750|~IN~]Receiveing the data from SMPP Clinet:20
[SMPPSERVER10|Receiver.cpp|00025|23-01-2016 16:19:48:750|~IN~]Receiveing the data
[SMPPSERVER10|Receiver.cpp|00043|23-01-2016 16:19:59:773|~IN~]Receiveing the data from SMPP Clinet:20
[SMPPSERVER10|Receiver.cpp|00025|23-01-2016 16:19:59:773|~IN~]Receiveing the data
[SMPPSERVER10|Receiver.cpp|00043|23-01-2016 16:20:10:796|~IN~]Receiveing the data from SMPP Clinet:20
[SMPPSERVER10|Receiver.cpp|00025|23-01-2016 16:20:10:796|~IN~]Receiveing the data
[SMPPSERVER10|Receiver.cpp|00043|23-01-2016 16:20:21:818|~IN~]Receiveing the data from SMPP Clinet:20
[SMPPSERVER10|Receiver.cpp|00025|23-01-2016 16:20:21:818|~IN~]Receiveing the data
[SMPPSERVER10|Receiver.cpp|00043|23-01-2016 16:20:32:841|~IN~]Receiveing the data from SMPP Clinet:20
[SMPPSERVER10|Receiver.cpp|00025|23-01-2016 16:20:32:841|~IN~]Receiveing the data
[SMPPSERVER10|Receiver.cpp|00043|23-01-2016 16:20:43:864|~IN~]Receiveing the data from SMPP Clinet:20
[SMPPSERVER10|Receiver.cpp|00025|23-01-2016 16:20:43:864|~IN~]Receiveing the data
[SMPPSERVER10|Receiver.cpp|00043|23-01-2016 16:20:54:885|~IN~]Receiveing the data from SMPP Clinet:20
[SMPPSERVER10|Receiver.cpp|00025|23-01-2016 16:20:54:885|~IN~]Receiveing the data
[SMPPSERVER10|Receiver.cpp|00043|23-01-2016 16:21:05:905|~IN~]Receiveing the data from SMPP Clinet:20
[SMPPSERVER10|Receiver.cpp|00025|23-01-2016 16:21:05:905|~IN~]Receiveing the data
[SMPPSERVER10|Receiver.cpp|00043|23-01-2016 16:21:16:927|~IN~]Receiveing the data from SMPP Clinet:20
[SMPPSERVER10|Receiver.cpp|00025|23-01-2016 16:21:16:927|~IN~]Receiveing the data
[SMPPSERVER10|Receiver.cpp|00043|23-01-2016 16:21:27:947|~IN~]Receiveing the data from SMPP Clinet:20
[SMPPSERVER10|Receiver.cpp|00025|23-01-2016 16:21:27:947|~IN~]Receiveing the data
[SMPPSERVER10|Receiver.cpp|00043|23-01-2016 16:21:38:969|~IN~]Receiveing the data from SMPP Clinet:20
[SMPPSERVER10|Receiver.cpp|00025|23-01-2016 16:21:38:969|~IN~]Receiveing the data
[SMPPSERVER10|Receiver.cpp|00043|23-01-2016 16:21:49:989|~IN~]Receiveing the data from SMPP Clinet:20
[SMPPSERVER10|Receiver.cpp|00025|23-01-2016 16:21:49:989|~IN~]Receiveing the data
[SMPPSERVER10|Receiver.cpp|00043|23-01-2016 16:22:01:011|~IN~]Receiveing the data from SMPP Clinet:20
[SMPPSERVER10|Receiver.cpp|00025|23-01-2016 16:22:01:011|~IN~]Receiveing the data
[SMPPSERVER10|Receiver.cpp|00043|23-01-2016 16:22:12:034|~IN~]Receiveing the data from SMPP Clinet:20
[SMPPSERVER10|Receiver.cpp|00025|23-01-2016 16:22:12:034|~IN~]Receiveing the data
[SMPPSERVER10|Receiver.cpp|00043|23-01-2016 16:22:23:054|~IN~]Receiveing the data from SMPP Clinet:20
[SMPPSERVER10|Receiver.cpp|00025|23-01-2016 16:22:23:055|~IN~]Receiveing the data
[SMPPSERVER10|Receiver.cpp|00043|23-01-2016 16:22:34:076|~IN~]Receiveing the data from SMPP Clinet:20
[SMPPSERVER10|Receiver.cpp|00025|23-01-2016 16:22:34:076|~IN~]Receiveing the data
[SMPPSERVER10|Receiver.cpp|00043|23-01-2016 16:22:45:096|~IN~]Receiveing the data from SMPP Clinet:20
[SMPPSERVER10|Receiver.cpp|00025|23-01-2016 16:22:45:096|~IN~]Receiveing the data
[SMPPSERVER10|Receiver.cpp|00043|23-01-2016 16:22:56:117|~IN~]Receiveing the data from SMPP Clinet:20
[SMPPSERVER10|Receiver.cpp|00025|23-01-2016 16:22:56:117|~IN~]Receiveing the data
[SMPPSERVER10|Receiver.cpp|00043|23-01-2016 16:23:07:137|~IN~]Receiveing the data from SMPP Clinet:20
[SMPPSERVER10|Receiver.cpp|00025|23-01-2016 16:23:07:137|~IN~]Receiveing the data
[SMPPSERVER10|Receiver.cpp|00043|23-01-2016 16:23:18:158|~IN~]Receiveing the data from SMPP Clinet:20
[SMPPSERVER10|Receiver.cpp|00025|23-01-2016 16:23:18:158|~IN~]Receiveing the data
[SMPPSERVER10|Receiver.cpp|00043|23-01-2016 16:23:29:180|~IN~]Receiveing the data from SMPP Clinet:20
[SMPPSERVER10|Receiver.cpp|00025|23-01-2016 16:23:29:180|~IN~]Receiveing the data
[SMPPSERVER10|Receiver.cpp|00043|23-01-2016 16:23:40:202|~IN~]Receiveing the data from SMPP Clinet:20
[SMPPSERVER10|Receiver.cpp|00025|23-01-2016 16:23:40:202|~IN~]Receiveing the data
[SMPPSERVER10|Receiver.cpp|00043|23-01-2016 16:23:51:222|~IN~]Receiveing the data from SMPP Clinet:20
[SMPPSERVER10|Receiver.cpp|00025|23-01-2016 16:23:51:223|~IN~]Receiveing the data
[SMPPSERVER10|Receiver.cpp|00043|23-01-2016 16:24:02:243|~IN~]Receiveing the data from SMPP Clinet:20
[SMPPSERVER10|Receiver.cpp|00025|23-01-2016 16:24:02:243|~IN~]Receiveing the data
[SMPPSERVER10|Receiver.cpp|00043|23-01-2016 16:24:13:265|~IN~]Receiveing the data from SMPP Clinet:20
[SMPPSERVER10|Receiver.cpp|00025|23-01-2016 16:24:13:265|~IN~]Receiveing the data
[SMPPSERVER10|Receiver.cpp|00043|23-01-2016 16:24:24:289|~IN~]Receiveing the data from SMPP Clinet:20
[SMPPSERVER10|Receiver.cpp|00025|23-01-2016 16:24:24:289|~IN~]Receiveing the data
[SMPPSERVER10|Receiver.cpp|00043|23-01-2016 16:24:35:310|~IN~]Receiveing the data from SMPP Clinet:20
[SMPPSERVER10|Receiver.cpp|00025|23-01-2016 16:24:35:310|~IN~]Receiveing the data
[SMPPSERVER10|Receiver.cpp|00043|23-01-2016 16:24:46:333|~IN~]Receiveing the data from SMPP Clinet:20
[SMPPSERVER10|Receiver.cpp|00025|23-01-2016 16:24:46:333|~IN~]Receiveing the data
[SMPPSERVER10|Receiver.cpp|00043|23-01-2016 16:24:57:353|~IN~]Receiveing the data from SMPP Clinet:20
[SMPPSERVER10|Receiver.cpp|00025|23-01-2016 16:24:57:353|~IN~]Receiveing the data
[SMPPSERVER10|Receiver.cpp|00043|23-01-2016 16:25:08:375|~IN~]Receiveing the data from SMPP Clinet:20
[SMPPSERVER10|Receiver.cpp|00025|23-01-2016 16:25:08:375|~IN~]Receiveing the data
[SMPPSERVER10|Receiver.cpp|00043|23-01-2016 16:25:19:397|~IN~]Receiveing the data from SMPP Clinet:20
[SMPPSERVER10|Receiver.cpp|00025|23-01-2016 16:25:19:397|~IN~]Receiveing the data
[SMPPSERVER10|Receiver.cpp|00043|23-01-2016 16:25:30:420|~IN~]Receiveing the data from SMPP Clinet:20
[SMPPSERVER10|Receiver.cpp|00025|23-01-2016 16:25:30:420|~IN~]Receiveing the data
[SMPPSERVER10|Receiver.cpp|00043|23-01-2016 16:25:41:447|~IN~]Receiveing the data from SMPP Clinet:20
[SMPPSERVER10|Receiver.cpp|00025|23-01-2016 16:25:41:447|~IN~]Receiveing the data
[SMPPSERVER10|Receiver.cpp|00043|23-01-2016 16:25:52:468|~IN~]Receiveing the data from SMPP Clinet:20
[SMPPSERVER10|Receiver.cpp|00025|23-01-2016 16:25:52:468|~IN~]Receiveing the data
[SMPPSERVER10|Receiver.cpp|00043|23-01-2016 16:26:03:489|~IN~]Receiveing the data from SMPP Clinet:20
[SMPPSERVER10|Receiver.cpp|00025|23-01-2016 16:26:03:489|~IN~]Receiveing the data
[SMPPSERVER10|Receiver.cpp|00043|23-01-2016 16:26:14:511|~IN~]Receiveing the data from SMPP Clinet:20
[SMPPSERVER10|Receiver.cpp|00025|23-01-2016 16:26:14:511|~IN~]Receiveing the data
[SMPPSERVER10|Receiver.cpp|00043|23-01-2016 16:26:25:533|~IN~]Receiveing the data from SMPP Clinet:20
[SMPPSERVER10|Receiver.cpp|00025|23-01-2016 16:26:25:533|~IN~]Receiveing the data
[SMPPSERVER10|Receiver.cpp|00040|23-01-2016 16:26:28:101|~ER~]Clinet Disconnection happend
[SMPPSERVER10|TcpServer.cpp|00228|23-01-2016 16:26:28:101|~ER~]Clint Has Discoonected From 
[SMPPSERVER10|TcpServer.cpp|00245|23-01-2016 16:26:28:101|~CR~]Clinet  Disconnected
[SMPPSERVER10|Receiver.cpp|00025|23-01-2016 16:26:36:067|~IN~]Receiveing the data
[SMPPSERVER10|Receiver.cpp|00043|23-01-2016 16:26:37:068|~IN~]Receiveing the data from SMPP Clinet:57
[SMPPSERVER10|Receiver.cpp|00052|23-01-2016 16:26:37:068|~IN~]Sending Bind Responc:ussdclient
[SMPPSERVER10|TcpServer.cpp|00202|23-01-2016 16:26:38:072|~IN~] Client connected from 
[SMPPSERVER10|TcpServer.cpp|00223|23-01-2016 16:26:38:073|~IN~]Started ClientThread[0x8c08c60]
[SMPPSERVER10|Receiver.cpp|00025|23-01-2016 16:26:39:075|~IN~]Receiveing the data
[SMPPSERVER10|Receiver.cpp|00043|23-01-2016 16:26:48:092|~IN~]Receiveing the data from SMPP Clinet:20
[SMPPSERVER10|Receiver.cpp|00025|23-01-2016 16:26:48:092|~IN~]Receiveing the data
[SMPPSERVER10|Receiver.cpp|00043|23-01-2016 16:26:59:112|~IN~]Receiveing the data from SMPP Clinet:20
[SMPPSERVER10|Receiver.cpp|00025|23-01-2016 16:26:59:113|~IN~]Receiveing the data
[SMPPSERVER10|Receiver.cpp|00043|23-01-2016 16:27:10:134|~IN~]Receiveing the data from SMPP Clinet:20
[SMPPSERVER10|Receiver.cpp|00025|23-01-2016 16:27:10:134|~IN~]Receiveing the data
[SMPPSERVER10|Receiver.cpp|00043|23-01-2016 16:27:21:155|~IN~]Receiveing the data from SMPP Clinet:20
[SMPPSERVER10|Receiver.cpp|00025|23-01-2016 16:27:21:155|~IN~]Receiveing the data
[SMPPSERVER10|Receiver.cpp|00043|23-01-2016 16:27:32:176|~IN~]Receiveing the data from SMPP Clinet:20
[SMPPSERVER10|Receiver.cpp|00025|23-01-2016 16:27:32:176|~IN~]Receiveing the data
[SMPPSERVER10|Receiver.cpp|00043|23-01-2016 16:27:43:196|~IN~]Receiveing the data from SMPP Clinet:20
[SMPPSERVER10|Receiver.cpp|00025|23-01-2016 16:27:43:196|~IN~]Receiveing the data
[SMPPSERVER10|Receiver.cpp|00043|23-01-2016 16:27:54:217|~IN~]Receiveing the data from SMPP Clinet:20
[SMPPSERVER10|Receiver.cpp|00025|23-01-2016 16:27:54:217|~IN~]Receiveing the data
[SMPPSERVER10|Receiver.cpp|00043|23-01-2016 16:28:05:238|~IN~]Receiveing the data from SMPP Clinet:20
[SMPPSERVER10|Receiver.cpp|00025|23-01-2016 16:28:05:238|~IN~]Receiveing the data
[SMPPSERVER10|Receiver.cpp|00043|23-01-2016 16:28:16:259|~IN~]Receiveing the data from SMPP Clinet:20
[SMPPSERVER10|Receiver.cpp|00025|23-01-2016 16:28:16:259|~IN~]Receiveing the data
[SMPPSERVER10|Receiver.cpp|00043|23-01-2016 16:28:27:281|~IN~]Receiveing the data from SMPP Clinet:20
[SMPPSERVER10|Receiver.cpp|00025|23-01-2016 16:28:27:281|~IN~]Receiveing the data
[SMPPSERVER10|Receiver.cpp|00043|23-01-2016 16:28:38:303|~IN~]Receiveing the data from SMPP Clinet:20
[SMPPSERVER10|Receiver.cpp|00025|23-01-2016 16:28:38:303|~IN~]Receiveing the data
[SMPPSERVER10|Receiver.cpp|00043|23-01-2016 16:28:49:324|~IN~]Receiveing the data from SMPP Clinet:20
[SMPPSERVER10|Receiver.cpp|00025|23-01-2016 16:28:49:324|~IN~]Receiveing the data
[SMPPSERVER10|Receiver.cpp|00043|23-01-2016 16:29:00:344|~IN~]Receiveing the data from SMPP Clinet:20
[SMPPSERVER10|Receiver.cpp|00025|23-01-2016 16:29:00:344|~IN~]Receiveing the data
[SMPPSERVER10|Receiver.cpp|00043|23-01-2016 16:29:11:366|~IN~]Receiveing the data from SMPP Clinet:20
[SMPPSERVER10|Receiver.cpp|00025|23-01-2016 16:29:11:366|~IN~]Receiveing the data
[SMPPSERVER10|Receiver.cpp|00043|23-01-2016 16:29:22:387|~IN~]Receiveing the data from SMPP Clinet:20
[SMPPSERVER10|Receiver.cpp|00025|23-01-2016 16:29:22:387|~IN~]Receiveing the data
[SMPPSERVER10|Receiver.cpp|00043|23-01-2016 16:29:33:407|~IN~]Receiveing the data from SMPP Clinet:20
[SMPPSERVER10|Receiver.cpp|00025|23-01-2016 16:29:33:407|~IN~]Receiveing the data
[SMPPSERVER10|Receiver.cpp|00043|23-01-2016 16:29:44:427|~IN~]Receiveing the data from SMPP Clinet:20
[SMPPSERVER10|Receiver.cpp|00025|23-01-2016 16:29:44:427|~IN~]Receiveing the data
[SMPPSERVER10|Receiver.cpp|00043|23-01-2016 16:29:55:449|~IN~]Receiveing the data from SMPP Clinet:20
[SMPPSERVER10|Receiver.cpp|00025|23-01-2016 16:29:55:449|~IN~]Receiveing the data
[SMPPSERVER10|Receiver.cpp|00043|23-01-2016 16:30:06:470|~IN~]Receiveing the data from SMPP Clinet:20
[SMPPSERVER10|Receiver.cpp|00025|23-01-2016 16:30:06:470|~IN~]Receiveing the data
[SMPPSERVER10|Receiver.cpp|00043|23-01-2016 16:30:17:492|~IN~]Receiveing the data from SMPP Clinet:20
[SMPPSERVER10|Receiver.cpp|00025|23-01-2016 16:30:17:492|~IN~]Receiveing the data
[SMPPSERVER10|Receiver.cpp|00043|23-01-2016 16:30:28:512|~IN~]Receiveing the data from SMPP Clinet:20
[SMPPSERVER10|Receiver.cpp|00025|23-01-2016 16:30:28:512|~IN~]Receiveing the data
[SMPPSERVER10|Receiver.cpp|00043|23-01-2016 16:30:39:534|~IN~]Receiveing the data from SMPP Clinet:20
[SMPPSERVER10|Receiver.cpp|00025|23-01-2016 16:30:39:534|~IN~]Receiveing the data
[SMPPSERVER10|Receiver.cpp|00043|23-01-2016 16:30:50:556|~IN~]Receiveing the data from SMPP Clinet:20
[SMPPSERVER10|Receiver.cpp|00025|23-01-2016 16:30:50:556|~IN~]Receiveing the data
[SMPPSERVER10|Receiver.cpp|00043|23-01-2016 16:31:01:577|~IN~]Receiveing the data from SMPP Clinet:20
[SMPPSERVER10|Receiver.cpp|00025|23-01-2016 16:31:01:577|~IN~]Receiveing the data
[SMPPSERVER10|Receiver.cpp|00043|23-01-2016 16:31:12:597|~IN~]Receiveing the data from SMPP Clinet:20
[SMPPSERVER10|Receiver.cpp|00025|23-01-2016 16:31:12:597|~IN~]Receiveing the data
[SMPPSERVER10|Receiver.cpp|00043|23-01-2016 16:31:23:617|~IN~]Receiveing the data from SMPP Clinet:20
[SMPPSERVER10|Receiver.cpp|00025|23-01-2016 16:31:23:617|~IN~]Receiveing the data
[SMPPSERVER10|Receiver.cpp|00043|23-01-2016 16:31:33:701|~IN~]Receiveing the data from SMPP Clinet:100
[SMPPSERVER10|Receiver.cpp|00025|23-01-2016 16:31:41:887|~IN~]Receiveing the data
[SMPPSERVER10|Receiver.cpp|00043|23-01-2016 16:31:42:645|~IN~]Receiveing the data from SMPP Clinet:96
[SMPPSERVER10|Receiver.cpp|00025|23-01-2016 16:31:42:645|~IN~]Receiveing the data
[SMPPSERVER10|Receiver.cpp|00043|23-01-2016 16:31:42:648|~IN~]Receiveing the data from SMPP Clinet:96
[SMPPSERVER10|Receiver.cpp|00025|23-01-2016 16:31:42:648|~IN~]Receiveing the data
[SMPPSERVER10|Receiver.cpp|00043|23-01-2016 16:31:44:729|~IN~]Receiveing the data from SMPP Clinet:20
[SMPPSERVER10|Receiver.cpp|00025|23-01-2016 16:31:44:729|~IN~]Receiveing the data
[SMPPSERVER10|Receiver.cpp|00043|23-01-2016 16:31:55:751|~IN~]Receiveing the data from SMPP Clinet:20
[SMPPSERVER10|Receiver.cpp|00025|23-01-2016 16:31:55:751|~IN~]Receiveing the data
[SMPPSERVER10|Receiver.cpp|00043|23-01-2016 16:32:06:772|~IN~]Receiveing the data from SMPP Clinet:20
[SMPPSERVER10|Receiver.cpp|00025|23-01-2016 16:32:06:772|~IN~]Receiveing the data
[SMPPSERVER10|Receiver.cpp|00043|23-01-2016 16:32:17:793|~IN~]Receiveing the data from SMPP Clinet:20
[SMPPSERVER10|Receiver.cpp|00025|23-01-2016 16:32:17:793|~IN~]Receiveing the data
[SMPPSERVER10|Receiver.cpp|00043|23-01-2016 16:32:28:815|~IN~]Receiveing the data from SMPP Clinet:20
[SMPPSERVER10|Receiver.cpp|00025|23-01-2016 16:32:28:815|~IN~]Receiveing the data
[SMPPSERVER10|Receiver.cpp|00043|23-01-2016 16:32:39:835|~IN~]Receiveing the data from SMPP Clinet:20
[SMPPSERVER10|Receiver.cpp|00025|23-01-2016 16:32:39:835|~IN~]Receiveing the data
[SMPPSERVER10|Receiver.cpp|00043|23-01-2016 16:32:50:858|~IN~]Receiveing the data from SMPP Clinet:20
[SMPPSERVER10|Receiver.cpp|00025|23-01-2016 16:32:50:858|~IN~]Receiveing the data
[SMPPSERVER10|Receiver.cpp|00043|23-01-2016 16:33:01:878|~IN~]Receiveing the data from SMPP Clinet:20
[SMPPSERVER10|Receiver.cpp|00025|23-01-2016 16:33:01:878|~IN~]Receiveing the data
[SMPPSERVER10|Receiver.cpp|00043|23-01-2016 16:33:12:900|~IN~]Receiveing the data from SMPP Clinet:20
[SMPPSERVER10|Receiver.cpp|00025|23-01-2016 16:33:12:900|~IN~]Receiveing the data
[SMPPSERVER10|Receiver.cpp|00043|23-01-2016 16:33:23:928|~IN~]Receiveing the data from SMPP Clinet:20
[SMPPSERVER10|Receiver.cpp|00025|23-01-2016 16:33:23:928|~IN~]Receiveing the data
[SMPPSERVER10|Receiver.cpp|00043|23-01-2016 16:33:34:949|~IN~]Receiveing the data from SMPP Clinet:20
[SMPPSERVER10|Receiver.cpp|00025|23-01-2016 16:33:34:949|~IN~]Receiveing the data
[SMPPSERVER10|Receiver.cpp|00043|23-01-2016 16:33:45:969|~IN~]Receiveing the data from SMPP Clinet:20
[SMPPSERVER10|Receiver.cpp|00025|23-01-2016 16:33:45:969|~IN~]Receiveing the data
[SMPPSERVER10|Receiver.cpp|00043|23-01-2016 16:33:56:995|~IN~]Receiveing the data from SMPP Clinet:20
[SMPPSERVER10|Receiver.cpp|00025|23-01-2016 16:33:56:995|~IN~]Receiveing the data
[SMPPSERVER10|Receiver.cpp|00043|23-01-2016 16:34:08:020|~IN~]Receiveing the data from SMPP Clinet:20
[SMPPSERVER10|Receiver.cpp|00025|23-01-2016 16:34:08:020|~IN~]Receiveing the data
[SMPPSERVER10|Receiver.cpp|00043|23-01-2016 16:34:19:041|~IN~]Receiveing the data from SMPP Clinet:20
[SMPPSERVER10|Receiver.cpp|00025|23-01-2016 16:34:19:041|~IN~]Receiveing the data
[SMPPSERVER10|Receiver.cpp|00043|23-01-2016 16:34:30:062|~IN~]Receiveing the data from SMPP Clinet:20
[SMPPSERVER10|Receiver.cpp|00025|23-01-2016 16:34:30:062|~IN~]Receiveing the data
[SMPPSERVER10|Receiver.cpp|00043|23-01-2016 16:34:41:093|~IN~]Receiveing the data from SMPP Clinet:20
[SMPPSERVER10|Receiver.cpp|00025|23-01-2016 16:34:41:093|~IN~]Receiveing the data
[SMPPSERVER10|Receiver.cpp|00043|23-01-2016 16:34:52:116|~IN~]Receiveing the data from SMPP Clinet:20
[SMPPSERVER10|Receiver.cpp|00025|23-01-2016 16:34:52:116|~IN~]Receiveing the data
[SMPPSERVER10|Receiver.cpp|00043|23-01-2016 16:35:03:145|~IN~]Receiveing the data from SMPP Clinet:20
[SMPPSERVER10|Receiver.cpp|00025|23-01-2016 16:35:03:145|~IN~]Receiveing the data
[SMPPSERVER10|Receiver.cpp|00043|23-01-2016 16:35:14:186|~IN~]Receiveing the data from SMPP Clinet:20
[SMPPSERVER10|Receiver.cpp|00025|23-01-2016 16:35:14:186|~IN~]Receiveing the data
[SMPPSERVER10|Receiver.cpp|00043|23-01-2016 16:35:25:215|~IN~]Receiveing the data from SMPP Clinet:20
[SMPPSERVER10|Receiver.cpp|00025|23-01-2016 16:35:25:215|~IN~]Receiveing the data
[SMPPSERVER10|Receiver.cpp|00043|23-01-2016 16:35:36:238|~IN~]Receiveing the data from SMPP Clinet:20
[SMPPSERVER10|Receiver.cpp|00025|23-01-2016 16:35:36:239|~IN~]Receiveing the data
[SMPPSERVER10|Receiver.cpp|00043|23-01-2016 16:35:47:259|~IN~]Receiveing the data from SMPP Clinet:20
[SMPPSERVER10|Receiver.cpp|00025|23-01-2016 16:35:47:259|~IN~]Receiveing the data
[SMPPSERVER10|Receiver.cpp|00043|23-01-2016 16:35:58:280|~IN~]Receiveing the data from SMPP Clinet:20
[SMPPSERVER10|Receiver.cpp|00025|23-01-2016 16:35:58:280|~IN~]Receiveing the data
[SMPPSERVER10|Receiver.cpp|00043|23-01-2016 16:36:09:311|~IN~]Receiveing the data from SMPP Clinet:20
[SMPPSERVER10|Receiver.cpp|00025|23-01-2016 16:36:09:311|~IN~]Receiveing the data
[SMPPSERVER10|Receiver.cpp|00043|23-01-2016 16:36:20:334|~IN~]Receiveing the data from SMPP Clinet:20
[SMPPSERVER10|Receiver.cpp|00025|23-01-2016 16:36:20:334|~IN~]Receiveing the data
[SMPPSERVER10|Receiver.cpp|00043|23-01-2016 16:36:31:356|~IN~]Receiveing the data from SMPP Clinet:20
[SMPPSERVER10|Receiver.cpp|00025|23-01-2016 16:36:31:356|~IN~]Receiveing the data
[SMPPSERVER10|Receiver.cpp|00043|23-01-2016 16:36:42:376|~IN~]Receiveing the data from SMPP Clinet:20
[SMPPSERVER10|Receiver.cpp|00025|23-01-2016 16:36:42:376|~IN~]Receiveing the data
[SMPPSERVER10|Receiver.cpp|00040|23-01-2016 16:36:53:356|~ER~]Clinet Disconnection happend
[SMPPSERVER10|TcpServer.cpp|00228|23-01-2016 16:36:53:356|~ER~]Clint Has Discoonected From 
[SMPPSERVER10|TcpServer.cpp|00245|23-01-2016 16:36:53:356|~CR~]Clinet  Disconnected
[SMPPSERVER10|Receiver.cpp|00025|23-01-2016 16:37:00:542|~IN~]Receiveing the data
[SMPPSERVER10|Receiver.cpp|00043|23-01-2016 16:37:01:545|~IN~]Receiveing the data from SMPP Clinet:57
[SMPPSERVER10|Receiver.cpp|00052|23-01-2016 16:37:01:545|~IN~]Sending Bind Responc:ussdclient
[SMPPSERVER10|TcpServer.cpp|00202|23-01-2016 16:37:02:549|~IN~] Client connected from 
[SMPPSERVER10|TcpServer.cpp|00223|23-01-2016 16:37:02:549|~IN~]Started ClientThread[0x8c090e8]
[SMPPSERVER10|Receiver.cpp|00025|23-01-2016 16:37:03:551|~IN~]Receiveing the data
[SMPPSERVER10|Receiver.cpp|00043|23-01-2016 16:37:12:568|~IN~]Receiveing the data from SMPP Clinet:20
[SMPPSERVER10|Receiver.cpp|00025|23-01-2016 16:37:12:568|~IN~]Receiveing the data
[SMPPSERVER10|Receiver.cpp|00043|23-01-2016 16:37:23:597|~IN~]Receiveing the data from SMPP Clinet:20
[SMPPSERVER10|Receiver.cpp|00025|23-01-2016 16:37:23:597|~IN~]Receiveing the data
[SMPPSERVER10|Receiver.cpp|00043|23-01-2016 16:37:34:619|~IN~]Receiveing the data from SMPP Clinet:20
[SMPPSERVER10|Receiver.cpp|00025|23-01-2016 16:37:34:619|~IN~]Receiveing the data
[SMPPSERVER10|Receiver.cpp|00043|23-01-2016 16:37:36:626|~IN~]Receiveing the data from SMPP Clinet:100
[SMPPSERVER10|Receiver.cpp|00025|23-01-2016 16:37:39:446|~IN~]Receiveing the data
[SMPPSERVER10|Receiver.cpp|00043|23-01-2016 16:37:39:624|~IN~]Receiveing the data from SMPP Clinet:98
[SMPPSERVER10|Receiver.cpp|00025|23-01-2016 16:37:39:624|~IN~]Receiveing the data
[SMPPSERVER10|Receiver.cpp|00043|23-01-2016 16:37:39:624|~IN~]Receiveing the data from SMPP Clinet:98
[SMPPSERVER10|Receiver.cpp|00025|23-01-2016 16:37:39:624|~IN~]Receiveing the data
[SMPPSERVER10|Receiver.cpp|00043|23-01-2016 16:37:47:652|~IN~]Receiveing the data from SMPP Clinet:20
[SMPPSERVER10|Receiver.cpp|00025|23-01-2016 16:37:47:652|~IN~]Receiveing the data
[SMPPSERVER10|Receiver.cpp|00043|23-01-2016 16:37:58:674|~IN~]Receiveing the data from SMPP Clinet:20
[SMPPSERVER10|Receiver.cpp|00025|23-01-2016 16:37:58:674|~IN~]Receiveing the data
[SMPPSERVER10|Receiver.cpp|00043|23-01-2016 16:38:09:694|~IN~]Receiveing the data from SMPP Clinet:20
[SMPPSERVER10|Receiver.cpp|00025|23-01-2016 16:38:09:694|~IN~]Receiveing the data
[SMPPSERVER10|Receiver.cpp|00043|23-01-2016 16:38:20:714|~IN~]Receiveing the data from SMPP Clinet:20
[SMPPSERVER10|Receiver.cpp|00025|23-01-2016 16:38:20:714|~IN~]Receiveing the data
[SMPPSERVER10|Receiver.cpp|00043|23-01-2016 16:38:31:735|~IN~]Receiveing the data from SMPP Clinet:20
[SMPPSERVER10|Receiver.cpp|00025|23-01-2016 16:38:31:735|~IN~]Receiveing the data
[SMPPSERVER10|Receiver.cpp|00043|23-01-2016 16:38:42:756|~IN~]Receiveing the data from SMPP Clinet:20
[SMPPSERVER10|Receiver.cpp|00025|23-01-2016 16:38:42:756|~IN~]Receiveing the data
[SMPPSERVER10|Receiver.cpp|00043|23-01-2016 16:38:53:779|~IN~]Receiveing the data from SMPP Clinet:20
[SMPPSERVER10|Receiver.cpp|00025|23-01-2016 16:38:53:779|~IN~]Receiveing the data
[SMPPSERVER10|Receiver.cpp|00043|23-01-2016 16:39:04:804|~IN~]Receiveing the data from SMPP Clinet:20
[SMPPSERVER10|Receiver.cpp|00025|23-01-2016 16:39:04:804|~IN~]Receiveing the data
[SMPPSERVER10|Receiver.cpp|00043|23-01-2016 16:39:15:835|~IN~]Receiveing the data from SMPP Clinet:20
[SMPPSERVER10|Receiver.cpp|00025|23-01-2016 16:39:15:835|~IN~]Receiveing the data
[SMPPSERVER10|Receiver.cpp|00043|23-01-2016 16:39:26:856|~IN~]Receiveing the data from SMPP Clinet:20
[SMPPSERVER10|Receiver.cpp|00025|23-01-2016 16:39:26:856|~IN~]Receiveing the data
[SMPPSERVER10|Receiver.cpp|00043|23-01-2016 16:39:37:881|~IN~]Receiveing the data from SMPP Clinet:20
[SMPPSERVER10|Receiver.cpp|00025|23-01-2016 16:39:37:881|~IN~]Receiveing the data
[SMPPSERVER10|Receiver.cpp|00043|23-01-2016 16:39:48:902|~IN~]Receiveing the data from SMPP Clinet:20
[SMPPSERVER10|Receiver.cpp|00025|23-01-2016 16:39:48:902|~IN~]Receiveing the data
[SMPPSERVER10|Receiver.cpp|00043|23-01-2016 16:39:59:923|~IN~]Receiveing the data from SMPP Clinet:20
[SMPPSERVER10|Receiver.cpp|00025|23-01-2016 16:39:59:923|~IN~]Receiveing the data
[SMPPSERVER10|Receiver.cpp|00043|23-01-2016 16:40:10:944|~IN~]Receiveing the data from SMPP Clinet:20
[SMPPSERVER10|Receiver.cpp|00025|23-01-2016 16:40:10:945|~IN~]Receiveing the data
[SMPPSERVER10|Receiver.cpp|00043|23-01-2016 16:40:21:966|~IN~]Receiveing the data from SMPP Clinet:20
[SMPPSERVER10|Receiver.cpp|00025|23-01-2016 16:40:21:966|~IN~]Receiveing the data
[SMPPSERVER10|Receiver.cpp|00043|23-01-2016 16:40:32:988|~IN~]Receiveing the data from SMPP Clinet:20
[SMPPSERVER10|Receiver.cpp|00025|23-01-2016 16:40:32:988|~IN~]Receiveing the data
[SMPPSERVER10|Receiver.cpp|00043|23-01-2016 16:40:44:009|~IN~]Receiveing the data from SMPP Clinet:20
[SMPPSERVER10|Receiver.cpp|00025|23-01-2016 16:40:44:009|~IN~]Receiveing the data
[SMPPSERVER10|Receiver.cpp|00043|23-01-2016 16:40:55:030|~IN~]Receiveing the data from SMPP Clinet:20
[SMPPSERVER10|Receiver.cpp|00025|23-01-2016 16:40:55:030|~IN~]Receiveing the data
[SMPPSERVER10|Receiver.cpp|00043|23-01-2016 16:41:06:052|~IN~]Receiveing the data from SMPP Clinet:20
[SMPPSERVER10|Receiver.cpp|00025|23-01-2016 16:41:06:052|~IN~]Receiveing the data
[SMPPSERVER10|Receiver.cpp|00043|23-01-2016 16:41:17:075|~IN~]Receiveing the data from SMPP Clinet:20
[SMPPSERVER10|Receiver.cpp|00025|23-01-2016 16:41:17:075|~IN~]Receiveing the data
[SMPPSERVER10|Receiver.cpp|00043|23-01-2016 16:41:28:096|~IN~]Receiveing the data from SMPP Clinet:20
[SMPPSERVER10|Receiver.cpp|00025|23-01-2016 16:41:28:096|~IN~]Receiveing the data
[SMPPSERVER10|Receiver.cpp|00043|23-01-2016 16:41:39:116|~IN~]Receiveing the data from SMPP Clinet:20
[SMPPSERVER10|Receiver.cpp|00025|23-01-2016 16:41:39:116|~IN~]Receiveing the data
[SMPPSERVER10|Receiver.cpp|00043|23-01-2016 16:41:50:137|~IN~]Receiveing the data from SMPP Clinet:20
[SMPPSERVER10|Receiver.cpp|00025|23-01-2016 16:41:50:137|~IN~]Receiveing the data
[SMPPSERVER10|Receiver.cpp|00043|23-01-2016 16:42:01:167|~IN~]Receiveing the data from SMPP Clinet:20
[SMPPSERVER10|Receiver.cpp|00025|23-01-2016 16:42:01:167|~IN~]Receiveing the data
[SMPPSERVER10|Receiver.cpp|00043|23-01-2016 16:42:12:189|~IN~]Receiveing the data from SMPP Clinet:20
[SMPPSERVER10|Receiver.cpp|00025|23-01-2016 16:42:12:189|~IN~]Receiveing the data
[SMPPSERVER10|Receiver.cpp|00043|23-01-2016 16:42:23:211|~IN~]Receiveing the data from SMPP Clinet:20
[SMPPSERVER10|Receiver.cpp|00025|23-01-2016 16:42:23:211|~IN~]Receiveing the data
[SMPPSERVER10|Receiver.cpp|00043|23-01-2016 16:42:34:231|~IN~]Receiveing the data from SMPP Clinet:20
[SMPPSERVER10|Receiver.cpp|00025|23-01-2016 16:42:34:232|~IN~]Receiveing the data
[SMPPSERVER10|Receiver.cpp|00043|23-01-2016 16:42:45:252|~IN~]Receiveing the data from SMPP Clinet:20
[SMPPSERVER10|Receiver.cpp|00025|23-01-2016 16:42:45:252|~IN~]Receiveing the data
[SMPPSERVER10|Receiver.cpp|00043|23-01-2016 16:42:56:273|~IN~]Receiveing the data from SMPP Clinet:20
[SMPPSERVER10|Receiver.cpp|00025|23-01-2016 16:42:56:273|~IN~]Receiveing the data
[SMPPSERVER10|Receiver.cpp|00043|23-01-2016 16:43:07:295|~IN~]Receiveing the data from SMPP Clinet:20
[SMPPSERVER10|Receiver.cpp|00025|23-01-2016 16:43:07:295|~IN~]Receiveing the data
[SMPPSERVER10|Receiver.cpp|00043|23-01-2016 16:43:18:323|~IN~]Receiveing the data from SMPP Clinet:20
[SMPPSERVER10|Receiver.cpp|00025|23-01-2016 16:43:18:323|~IN~]Receiveing the data
[SMPPSERVER10|Receiver.cpp|00043|23-01-2016 16:43:29:347|~IN~]Receiveing the data from SMPP Clinet:20
[SMPPSERVER10|Receiver.cpp|00025|23-01-2016 16:43:29:347|~IN~]Receiveing the data
[SMPPSERVER10|Receiver.cpp|00043|23-01-2016 16:43:40:370|~IN~]Receiveing the data from SMPP Clinet:20
[SMPPSERVER10|Receiver.cpp|00025|23-01-2016 16:43:40:370|~IN~]Receiveing the data
[SMPPSERVER10|Receiver.cpp|00043|23-01-2016 16:43:51:394|~IN~]Receiveing the data from SMPP Clinet:20
[SMPPSERVER10|Receiver.cpp|00025|23-01-2016 16:43:51:394|~IN~]Receiveing the data
[SMPPSERVER10|Receiver.cpp|00043|23-01-2016 16:44:02:416|~IN~]Receiveing the data from SMPP Clinet:20
[SMPPSERVER10|Receiver.cpp|00025|23-01-2016 16:44:02:417|~IN~]Receiveing the data
[SMPPSERVER10|Receiver.cpp|00043|23-01-2016 16:44:13:440|~IN~]Receiveing the data from SMPP Clinet:20
[SMPPSERVER10|Receiver.cpp|00025|23-01-2016 16:44:13:440|~IN~]Receiveing the data
[SMPPSERVER10|Receiver.cpp|00043|23-01-2016 16:44:24:461|~IN~]Receiveing the data from SMPP Clinet:20
[SMPPSERVER10|Receiver.cpp|00025|23-01-2016 16:44:24:461|~IN~]Receiveing the data
[SMPPSERVER10|Receiver.cpp|00043|23-01-2016 16:44:35:483|~IN~]Receiveing the data from SMPP Clinet:20
[SMPPSERVER10|Receiver.cpp|00025|23-01-2016 16:44:35:483|~IN~]Receiveing the data
[SMPPSERVER10|Receiver.cpp|00043|23-01-2016 16:44:46:507|~IN~]Receiveing the data from SMPP Clinet:20
[SMPPSERVER10|Receiver.cpp|00025|23-01-2016 16:44:46:507|~IN~]Receiveing the data
[SMPPSERVER10|Receiver.cpp|00043|23-01-2016 16:44:57:529|~IN~]Receiveing the data from SMPP Clinet:20
[SMPPSERVER10|Receiver.cpp|00025|23-01-2016 16:44:57:529|~IN~]Receiveing the data
[SMPPSERVER10|Receiver.cpp|00043|23-01-2016 16:45:08:550|~IN~]Receiveing the data from SMPP Clinet:20
[SMPPSERVER10|Receiver.cpp|00025|23-01-2016 16:45:08:550|~IN~]Receiveing the data
[SMPPSERVER10|Receiver.cpp|00043|23-01-2016 16:45:19:582|~IN~]Receiveing the data from SMPP Clinet:20
[SMPPSERVER10|Receiver.cpp|00025|23-01-2016 16:45:19:582|~IN~]Receiveing the data
[SMPPSERVER10|Receiver.cpp|00043|23-01-2016 16:45:30:609|~IN~]Receiveing the data from SMPP Clinet:20
[SMPPSERVER10|Receiver.cpp|00025|23-01-2016 16:45:30:609|~IN~]Receiveing the data
[SMPPSERVER10|Receiver.cpp|00043|23-01-2016 16:45:41:636|~IN~]Receiveing the data from SMPP Clinet:20
[SMPPSERVER10|Receiver.cpp|00025|23-01-2016 16:45:41:636|~IN~]Receiveing the data
[SMPPSERVER10|Receiver.cpp|00043|23-01-2016 16:45:52:662|~IN~]Receiveing the data from SMPP Clinet:20
[SMPPSERVER10|Receiver.cpp|00025|23-01-2016 16:45:52:662|~IN~]Receiveing the data
[SMPPSERVER10|Receiver.cpp|00043|23-01-2016 16:46:03:682|~IN~]Receiveing the data from SMPP Clinet:20
[SMPPSERVER10|Receiver.cpp|00025|23-01-2016 16:46:03:682|~IN~]Receiveing the data
[SMPPSERVER10|Receiver.cpp|00043|23-01-2016 16:46:14:703|~IN~]Receiveing the data from SMPP Clinet:20
[SMPPSERVER10|Receiver.cpp|00025|23-01-2016 16:46:14:703|~IN~]Receiveing the data
[SMPPSERVER10|Receiver.cpp|00043|23-01-2016 16:46:25:724|~IN~]Receiveing the data from SMPP Clinet:20
[SMPPSERVER10|Receiver.cpp|00025|23-01-2016 16:46:25:724|~IN~]Receiveing the data
[SMPPSERVER10|Receiver.cpp|00043|23-01-2016 16:46:36:746|~IN~]Receiveing the data from SMPP Clinet:20
[SMPPSERVER10|Receiver.cpp|00025|23-01-2016 16:46:36:746|~IN~]Receiveing the data
[SMPPSERVER10|Receiver.cpp|00043|23-01-2016 16:46:47:768|~IN~]Receiveing the data from SMPP Clinet:20
[SMPPSERVER10|Receiver.cpp|00025|23-01-2016 16:46:47:768|~IN~]Receiveing the data
[SMPPSERVER10|Receiver.cpp|00043|23-01-2016 16:46:58:788|~IN~]Receiveing the data from SMPP Clinet:20
[SMPPSERVER10|Receiver.cpp|00025|23-01-2016 16:46:58:788|~IN~]Receiveing the data
[SMPPSERVER10|Receiver.cpp|00043|23-01-2016 16:47:09:810|~IN~]Receiveing the data from SMPP Clinet:20
[SMPPSERVER10|Receiver.cpp|00025|23-01-2016 16:47:09:810|~IN~]Receiveing the data
[SMPPSERVER10|Receiver.cpp|00043|23-01-2016 16:47:20:846|~IN~]Receiveing the data from SMPP Clinet:20
[SMPPSERVER10|Receiver.cpp|00025|23-01-2016 16:47:20:846|~IN~]Receiveing the data
[SMPPSERVER10|Receiver.cpp|00043|23-01-2016 16:47:31:868|~IN~]Receiveing the data from SMPP Clinet:20
[SMPPSERVER10|Receiver.cpp|00025|23-01-2016 16:47:31:868|~IN~]Receiveing the data
[SMPPSERVER10|Receiver.cpp|00043|23-01-2016 16:47:42:891|~IN~]Receiveing the data from SMPP Clinet:20
[SMPPSERVER10|Receiver.cpp|00025|23-01-2016 16:47:42:891|~IN~]Receiveing the data
[SMPPSERVER10|Receiver.cpp|00043|23-01-2016 16:47:53:913|~IN~]Receiveing the data from SMPP Clinet:20
[SMPPSERVER10|Receiver.cpp|00025|23-01-2016 16:47:53:913|~IN~]Receiveing the data
[SMPPSERVER10|Receiver.cpp|00043|23-01-2016 16:48:04:935|~IN~]Receiveing the data from SMPP Clinet:20
[SMPPSERVER10|Receiver.cpp|00025|23-01-2016 16:48:04:935|~IN~]Receiveing the data
[SMPPSERVER10|Receiver.cpp|00043|23-01-2016 16:48:15:956|~IN~]Receiveing the data from SMPP Clinet:20
[SMPPSERVER10|Receiver.cpp|00025|23-01-2016 16:48:15:956|~IN~]Receiveing the data
[SMPPSERVER10|Receiver.cpp|00043|23-01-2016 16:48:26:976|~IN~]Receiveing the data from SMPP Clinet:20
[SMPPSERVER10|Receiver.cpp|00025|23-01-2016 16:48:26:976|~IN~]Receiveing the data
[SMPPSERVER10|Receiver.cpp|00043|23-01-2016 16:48:37:996|~IN~]Receiveing the data from SMPP Clinet:20
[SMPPSERVER10|Receiver.cpp|00025|23-01-2016 16:48:37:996|~IN~]Receiveing the data
[SMPPSERVER10|Receiver.cpp|00043|23-01-2016 16:48:49:017|~IN~]Receiveing the data from SMPP Clinet:20
[SMPPSERVER10|Receiver.cpp|00025|23-01-2016 16:48:49:017|~IN~]Receiveing the data
[SMPPSERVER10|Receiver.cpp|00043|23-01-2016 16:49:00:037|~IN~]Receiveing the data from SMPP Clinet:20
[SMPPSERVER10|Receiver.cpp|00025|23-01-2016 16:49:00:037|~IN~]Receiveing the data
[SMPPSERVER10|Receiver.cpp|00043|23-01-2016 16:49:11:058|~IN~]Receiveing the data from SMPP Clinet:20
[SMPPSERVER10|Receiver.cpp|00025|23-01-2016 16:49:11:058|~IN~]Receiveing the data
[SMPPSERVER10|Receiver.cpp|00043|23-01-2016 16:49:22:078|~IN~]Receiveing the data from SMPP Clinet:20
[SMPPSERVER10|Receiver.cpp|00025|23-01-2016 16:49:22:078|~IN~]Receiveing the data
[SMPPSERVER10|Receiver.cpp|00043|23-01-2016 16:49:33:099|~IN~]Receiveing the data from SMPP Clinet:20
[SMPPSERVER10|Receiver.cpp|00025|23-01-2016 16:49:33:099|~IN~]Receiveing the data
[SMPPSERVER10|Receiver.cpp|00043|23-01-2016 16:49:44:119|~IN~]Receiveing the data from SMPP Clinet:20
[SMPPSERVER10|Receiver.cpp|00025|23-01-2016 16:49:44:119|~IN~]Receiveing the data
[SMPPSERVER10|Receiver.cpp|00043|23-01-2016 16:49:55:140|~IN~]Receiveing the data from SMPP Clinet:20
[SMPPSERVER10|Receiver.cpp|00025|23-01-2016 16:49:55:140|~IN~]Receiveing the data
[SMPPSERVER10|Receiver.cpp|00043|23-01-2016 16:50:06:160|~IN~]Receiveing the data from SMPP Clinet:20
[SMPPSERVER10|Receiver.cpp|00025|23-01-2016 16:50:06:160|~IN~]Receiveing the data
[SMPPSERVER10|Receiver.cpp|00043|23-01-2016 16:50:17:205|~IN~]Receiveing the data from SMPP Clinet:20
[SMPPSERVER10|Receiver.cpp|00025|23-01-2016 16:50:17:206|~IN~]Receiveing the data
[SMPPSERVER10|Receiver.cpp|00043|23-01-2016 16:50:28:250|~IN~]Receiveing the data from SMPP Clinet:20
[SMPPSERVER10|Receiver.cpp|00025|23-01-2016 16:50:28:250|~IN~]Receiveing the data
[SMPPSERVER10|Receiver.cpp|00043|23-01-2016 16:50:39:280|~IN~]Receiveing the data from SMPP Clinet:20
[SMPPSERVER10|Receiver.cpp|00025|23-01-2016 16:50:39:280|~IN~]Receiveing the data
[SMPPSERVER10|Receiver.cpp|00043|23-01-2016 16:50:50:300|~IN~]Receiveing the data from SMPP Clinet:20
[SMPPSERVER10|Receiver.cpp|00025|23-01-2016 16:50:50:300|~IN~]Receiveing the data
[SMPPSERVER10|Receiver.cpp|00043|23-01-2016 16:51:01:322|~IN~]Receiveing the data from SMPP Clinet:20
[SMPPSERVER10|Receiver.cpp|00025|23-01-2016 16:51:01:322|~IN~]Receiveing the data
[SMPPSERVER10|Receiver.cpp|00043|23-01-2016 16:51:12:344|~IN~]Receiveing the data from SMPP Clinet:20
[SMPPSERVER10|Receiver.cpp|00025|23-01-2016 16:51:12:344|~IN~]Receiveing the data
[SMPPSERVER10|Receiver.cpp|00043|23-01-2016 16:51:23:365|~IN~]Receiveing the data from SMPP Clinet:20
[SMPPSERVER10|Receiver.cpp|00025|23-01-2016 16:51:23:365|~IN~]Receiveing the data
[SMPPSERVER10|Receiver.cpp|00043|23-01-2016 16:51:34:386|~IN~]Receiveing the data from SMPP Clinet:20
[SMPPSERVER10|Receiver.cpp|00025|23-01-2016 16:51:34:386|~IN~]Receiveing the data
[SMPPSERVER10|Receiver.cpp|00043|23-01-2016 16:51:45:407|~IN~]Receiveing the data from SMPP Clinet:20
[SMPPSERVER10|Receiver.cpp|00025|23-01-2016 16:51:45:407|~IN~]Receiveing the data
[SMPPSERVER10|Receiver.cpp|00043|23-01-2016 16:51:56:427|~IN~]Receiveing the data from SMPP Clinet:20
[SMPPSERVER10|Receiver.cpp|00025|23-01-2016 16:51:56:427|~IN~]Receiveing the data
[SMPPSERVER10|Receiver.cpp|00043|23-01-2016 16:52:07:456|~IN~]Receiveing the data from SMPP Clinet:20
[SMPPSERVER10|Receiver.cpp|00025|23-01-2016 16:52:07:456|~IN~]Receiveing the data
[SMPPSERVER10|Receiver.cpp|00043|23-01-2016 16:52:18:477|~IN~]Receiveing the data from SMPP Clinet:20
[SMPPSERVER10|Receiver.cpp|00025|23-01-2016 16:52:18:477|~IN~]Receiveing the data
[SMPPSERVER10|Receiver.cpp|00043|23-01-2016 16:52:29:498|~IN~]Receiveing the data from SMPP Clinet:20
[SMPPSERVER10|Receiver.cpp|00025|23-01-2016 16:52:29:498|~IN~]Receiveing the data
[SMPPSERVER10|Receiver.cpp|00043|23-01-2016 16:52:40:519|~IN~]Receiveing the data from SMPP Clinet:20
[SMPPSERVER10|Receiver.cpp|00025|23-01-2016 16:52:40:519|~IN~]Receiveing the data
[SMPPSERVER10|Receiver.cpp|00043|23-01-2016 16:52:51:542|~IN~]Receiveing the data from SMPP Clinet:20
[SMPPSERVER10|Receiver.cpp|00025|23-01-2016 16:52:51:542|~IN~]Receiveing the data
[SMPPSERVER10|Receiver.cpp|00043|23-01-2016 16:53:02:562|~IN~]Receiveing the data from SMPP Clinet:20
[SMPPSERVER10|Receiver.cpp|00025|23-01-2016 16:53:02:562|~IN~]Receiveing the data
[SMPPSERVER10|Receiver.cpp|00043|23-01-2016 16:53:13:584|~IN~]Receiveing the data from SMPP Clinet:20
[SMPPSERVER10|Receiver.cpp|00025|23-01-2016 16:53:13:584|~IN~]Receiveing the data
[SMPPSERVER10|Receiver.cpp|00043|23-01-2016 16:53:24:605|~IN~]Receiveing the data from SMPP Clinet:20
[SMPPSERVER10|Receiver.cpp|00025|23-01-2016 16:53:24:605|~IN~]Receiveing the data
[SMPPSERVER10|Receiver.cpp|00043|23-01-2016 16:53:35:630|~IN~]Receiveing the data from SMPP Clinet:20
[SMPPSERVER10|Receiver.cpp|00025|23-01-2016 16:53:35:630|~IN~]Receiveing the data
[SMPPSERVER10|Receiver.cpp|00043|23-01-2016 16:53:46:652|~IN~]Receiveing the data from SMPP Clinet:20
[SMPPSERVER10|Receiver.cpp|00025|23-01-2016 16:53:46:652|~IN~]Receiveing the data
[SMPPSERVER10|Receiver.cpp|00043|23-01-2016 16:53:57:673|~IN~]Receiveing the data from SMPP Clinet:20
[SMPPSERVER10|Receiver.cpp|00025|23-01-2016 16:53:57:673|~IN~]Receiveing the data
[SMPPSERVER10|Receiver.cpp|00043|23-01-2016 16:54:08:695|~IN~]Receiveing the data from SMPP Clinet:20
[SMPPSERVER10|Receiver.cpp|00025|23-01-2016 16:54:08:695|~IN~]Receiveing the data
