[SMPPSERVER10|Receiver.cpp|00025|01-03-2016 21:01:33:913|~IN~]Receiveing the data
[SMPPSERVER10|Receiver.cpp|00043|01-03-2016 21:01:34:919|~IN~]Receiveing the data from SMPP Clinet:57
[SMPPSERVER10|Receiver.cpp|00052|01-03-2016 21:01:34:919|~IN~]Sending Bind Responc:ussdclient
[SMPPSERVER10|TcpServer.cpp|00202|01-03-2016 21:01:35:921|~IN~] Client connected from 
[SMPPSERVER10|TcpServer.cpp|00223|01-03-2016 21:01:35:969|~IN~]Started ClientThread[0x82650e8]
[SMPPSERVER10|Receiver.cpp|00025|01-03-2016 21:01:36:596|~IN~]Receiveing the data
[SMPPSERVER10|Receiver.cpp|00040|01-03-2016 21:01:36:596|~ER~]Clinet Disconnection happend
[SMPPSERVER10|Receiver.cpp|00025|01-03-2016 21:01:36:972|~IN~]Receiveing the data
[SMPPSERVER10|Receiver.cpp|00040|01-03-2016 21:01:36:972|~ER~]Clinet Disconnection happend
[SMPPSERVER10|TcpServer.cpp|00228|01-03-2016 21:01:36:972|~ER~]Clint Has Discoonected From 
[SMPPSERVER10|TcpServer.cpp|00245|01-03-2016 21:01:36:973|~CR~]Clinet  Disconnected
[SMPPSERVER10|TcpServer.cpp|00197|01-03-2016 21:01:37:599|~ER~]Accept failed 
[SMPPSERVER10|Receiver.cpp|00040|01-03-2016 21:01:38:266|~ER~]Clinet Disconnection happend
[SMPPSERVER10|TcpServer.cpp|00228|01-03-2016 21:01:38:266|~ER~]Clint Has Discoonected From 
[SMPPSERVER10|TcpServer.cpp|00245|01-03-2016 21:01:38:266|~CR~]Clinet  Disconnected
[SMPPSERVER10|Receiver.cpp|00025|01-03-2016 21:01:38:601|~IN~]Receiveing the data
[SMPPSERVER10|Receiver.cpp|00043|01-03-2016 21:01:39:602|~IN~]Receiveing the data from SMPP Clinet:57
[SMPPSERVER10|Receiver.cpp|00052|01-03-2016 21:01:39:602|~IN~]Sending Bind Responc:ussdclient
[SMPPSERVER10|TcpServer.cpp|00202|01-03-2016 21:01:40:604|~IN~] Client connected from 
[SMPPSERVER10|TcpServer.cpp|00223|01-03-2016 21:01:40:605|~IN~]Started ClientThread[0x82650e8]
[SMPPSERVER10|Receiver.cpp|00025|01-03-2016 21:01:41:617|~IN~]Receiveing the data
[SMPPSERVER10|Receiver.cpp|00040|01-03-2016 21:01:47:629|~ER~]Clinet Disconnection happend
[SMPPSERVER10|TcpServer.cpp|00228|01-03-2016 21:01:47:629|~ER~]Clint Has Discoonected From 
[SMPPSERVER10|TcpServer.cpp|00245|01-03-2016 21:01:47:629|~CR~]Clinet  Disconnected
[SMPPSERVER10|Receiver.cpp|00025|01-03-2016 21:01:47:629|~IN~]Receiveing the data
[SMPPSERVER10|Receiver.cpp|00040|01-03-2016 21:01:47:629|~ER~]Clinet Disconnection happend
[SMPPSERVER10|TcpServer.cpp|00197|01-03-2016 21:01:48:632|~ER~]Accept failed 
[SMPPSERVER10|Receiver.cpp|00025|01-03-2016 21:01:49:635|~IN~]Receiveing the data
[SMPPSERVER10|Receiver.cpp|00043|01-03-2016 21:01:50:637|~IN~]Receiveing the data from SMPP Clinet:57
[SMPPSERVER10|Receiver.cpp|00052|01-03-2016 21:01:50:637|~IN~]Sending Bind Responc:ussdclient
[SMPPSERVER10|TcpServer.cpp|00202|01-03-2016 21:01:51:639|~IN~] Client connected from 
[SMPPSERVER10|TcpServer.cpp|00223|01-03-2016 21:01:51:639|~IN~]Started ClientThread[0x8264c60]
[SMPPSERVER10|Receiver.cpp|00025|01-03-2016 21:01:52:641|~IN~]Receiveing the data
[SMPPSERVER10|Receiver.cpp|00040|01-03-2016 21:01:58:655|~ER~]Clinet Disconnection happend
[SMPPSERVER10|TcpServer.cpp|00228|01-03-2016 21:01:58:655|~ER~]Clint Has Discoonected From 
[SMPPSERVER10|TcpServer.cpp|00245|01-03-2016 21:01:58:655|~CR~]Clinet  Disconnected
[SMPPSERVER10|Receiver.cpp|00025|01-03-2016 21:01:58:655|~IN~]Receiveing the data
[SMPPSERVER10|Receiver.cpp|00040|01-03-2016 21:01:58:655|~ER~]Clinet Disconnection happend
[SMPPSERVER10|TcpServer.cpp|00197|01-03-2016 21:01:59:657|~ER~]Accept failed 
[SMPPSERVER10|Receiver.cpp|00025|01-03-2016 21:02:00:659|~IN~]Receiveing the data
[SMPPSERVER10|Receiver.cpp|00043|01-03-2016 21:02:01:660|~IN~]Receiveing the data from SMPP Clinet:57
[SMPPSERVER10|Receiver.cpp|00052|01-03-2016 21:02:01:660|~IN~]Sending Bind Responc:ussdclient
[SMPPSERVER10|TcpServer.cpp|00202|01-03-2016 21:02:02:662|~IN~] Client connected from 
[SMPPSERVER10|TcpServer.cpp|00223|01-03-2016 21:02:02:663|~IN~]Started ClientThread[0x8264c60]
[SMPPSERVER10|Receiver.cpp|00025|01-03-2016 21:02:03:665|~IN~]Receiveing the data
[SMPPSERVER10|Receiver.cpp|00040|01-03-2016 21:02:09:676|~ER~]Clinet Disconnection happend
[SMPPSERVER10|TcpServer.cpp|00228|01-03-2016 21:02:09:676|~ER~]Clint Has Discoonected From 
[SMPPSERVER10|TcpServer.cpp|00245|01-03-2016 21:02:09:677|~CR~]Clinet  Disconnected
[SMPPSERVER10|Receiver.cpp|00025|01-03-2016 21:02:09:677|~IN~]Receiveing the data
[SMPPSERVER10|Receiver.cpp|00040|01-03-2016 21:02:09:677|~ER~]Clinet Disconnection happend
[SMPPSERVER10|TcpServer.cpp|00197|01-03-2016 21:02:10:679|~ER~]Accept failed 
[SMPPSERVER10|Receiver.cpp|00025|01-03-2016 21:02:11:681|~IN~]Receiveing the data
[SMPPSERVER10|Receiver.cpp|00043|01-03-2016 21:02:12:683|~IN~]Receiveing the data from SMPP Clinet:57
[SMPPSERVER10|Receiver.cpp|00052|01-03-2016 21:02:12:683|~IN~]Sending Bind Responc:ussdclient
[SMPPSERVER10|TcpServer.cpp|00202|01-03-2016 21:02:13:684|~IN~] Client connected from 
[SMPPSERVER10|TcpServer.cpp|00223|01-03-2016 21:02:13:684|~IN~]Started ClientThread[0x8264c60]
[SMPPSERVER10|Receiver.cpp|00025|01-03-2016 21:02:14:687|~IN~]Receiveing the data
[SMPPSERVER10|Receiver.cpp|00040|01-03-2016 21:02:20:698|~ER~]Clinet Disconnection happend
[SMPPSERVER10|TcpServer.cpp|00228|01-03-2016 21:02:20:698|~ER~]Clint Has Discoonected From 
[SMPPSERVER10|TcpServer.cpp|00245|01-03-2016 21:02:20:698|~CR~]Clinet  Disconnected
[SMPPSERVER10|Receiver.cpp|00025|01-03-2016 21:02:20:698|~IN~]Receiveing the data
[SMPPSERVER10|Receiver.cpp|00040|01-03-2016 21:02:20:698|~ER~]Clinet Disconnection happend
[SMPPSERVER10|TcpServer.cpp|00197|01-03-2016 21:02:21:701|~ER~]Accept failed 
[SMPPSERVER10|Receiver.cpp|00025|01-03-2016 21:02:22:704|~IN~]Receiveing the data
[SMPPSERVER10|Receiver.cpp|00043|01-03-2016 21:02:23:705|~IN~]Receiveing the data from SMPP Clinet:57
[SMPPSERVER10|Receiver.cpp|00052|01-03-2016 21:02:23:705|~IN~]Sending Bind Responc:ussdclient
[SMPPSERVER10|TcpServer.cpp|00202|01-03-2016 21:02:24:707|~IN~] Client connected from 
[SMPPSERVER10|TcpServer.cpp|00223|01-03-2016 21:02:24:707|~IN~]Started ClientThread[0x8264c60]
[SMPPSERVER10|Receiver.cpp|00025|01-03-2016 21:02:25:709|~IN~]Receiveing the data
[SMPPSERVER10|Receiver.cpp|00040|01-03-2016 21:02:31:722|~ER~]Clinet Disconnection happend
[SMPPSERVER10|TcpServer.cpp|00228|01-03-2016 21:02:31:722|~ER~]Clint Has Discoonected From 
[SMPPSERVER10|TcpServer.cpp|00245|01-03-2016 21:02:31:722|~CR~]Clinet  Disconnected
[SMPPSERVER10|Receiver.cpp|00025|01-03-2016 21:02:31:722|~IN~]Receiveing the data
[SMPPSERVER10|Receiver.cpp|00040|01-03-2016 21:02:31:722|~ER~]Clinet Disconnection happend
[SMPPSERVER10|TcpServer.cpp|00197|01-03-2016 21:02:32:724|~ER~]Accept failed 
[SMPPSERVER10|Receiver.cpp|00025|01-03-2016 21:02:33:725|~IN~]Receiveing the data
[SMPPSERVER10|Receiver.cpp|00043|01-03-2016 21:02:34:728|~IN~]Receiveing the data from SMPP Clinet:57
[SMPPSERVER10|Receiver.cpp|00052|01-03-2016 21:02:34:728|~IN~]Sending Bind Responc:ussdclient
[SMPPSERVER10|TcpServer.cpp|00202|01-03-2016 21:02:35:730|~IN~] Client connected from 
[SMPPSERVER10|TcpServer.cpp|00223|01-03-2016 21:02:35:731|~IN~]Started ClientThread[0x8264c60]
[SMPPSERVER10|Receiver.cpp|00025|01-03-2016 21:02:36:733|~IN~]Receiveing the data
[SMPPSERVER10|Receiver.cpp|00040|01-03-2016 21:02:42:744|~ER~]Clinet Disconnection happend
[SMPPSERVER10|TcpServer.cpp|00228|01-03-2016 21:02:42:744|~ER~]Clint Has Discoonected From 
[SMPPSERVER10|TcpServer.cpp|00245|01-03-2016 21:02:42:744|~CR~]Clinet  Disconnected
[SMPPSERVER10|Receiver.cpp|00025|01-03-2016 21:02:42:744|~IN~]Receiveing the data
[SMPPSERVER10|Receiver.cpp|00040|01-03-2016 21:02:42:744|~ER~]Clinet Disconnection happend
[SMPPSERVER10|TcpServer.cpp|00197|01-03-2016 21:02:43:747|~ER~]Accept failed 
[SMPPSERVER10|Receiver.cpp|00025|01-03-2016 21:02:44:748|~IN~]Receiveing the data
[SMPPSERVER10|Receiver.cpp|00043|01-03-2016 21:02:45:750|~IN~]Receiveing the data from SMPP Clinet:57
[SMPPSERVER10|Receiver.cpp|00052|01-03-2016 21:02:45:750|~IN~]Sending Bind Responc:ussdclient
[SMPPSERVER10|TcpServer.cpp|00202|01-03-2016 21:02:46:752|~IN~] Client connected from 
[SMPPSERVER10|TcpServer.cpp|00223|01-03-2016 21:02:46:752|~IN~]Started ClientThread[0x8264c60]
[SMPPSERVER10|Receiver.cpp|00025|01-03-2016 21:02:47:754|~IN~]Receiveing the data
[SMPPSERVER10|Receiver.cpp|00040|01-03-2016 21:02:53:767|~ER~]Clinet Disconnection happend
[SMPPSERVER10|TcpServer.cpp|00228|01-03-2016 21:02:53:767|~ER~]Clint Has Discoonected From 
[SMPPSERVER10|TcpServer.cpp|00245|01-03-2016 21:02:53:767|~CR~]Clinet  Disconnected
[SMPPSERVER10|Receiver.cpp|00025|01-03-2016 21:02:53:767|~IN~]Receiveing the data
[SMPPSERVER10|Receiver.cpp|00040|01-03-2016 21:02:53:767|~ER~]Clinet Disconnection happend
[SMPPSERVER10|TcpServer.cpp|00197|01-03-2016 21:02:54:769|~ER~]Accept failed 
[SMPPSERVER10|Receiver.cpp|00025|01-03-2016 21:02:55:772|~IN~]Receiveing the data
[SMPPSERVER10|Receiver.cpp|00043|01-03-2016 21:02:56:774|~IN~]Receiveing the data from SMPP Clinet:57
[SMPPSERVER10|Receiver.cpp|00052|01-03-2016 21:02:56:774|~IN~]Sending Bind Responc:ussdclient
[SMPPSERVER10|TcpServer.cpp|00202|01-03-2016 21:02:57:775|~IN~] Client connected from 
[SMPPSERVER10|TcpServer.cpp|00223|01-03-2016 21:02:57:776|~IN~]Started ClientThread[0x8264c60]
[SMPPSERVER10|Receiver.cpp|00025|01-03-2016 21:02:58:778|~IN~]Receiveing the data
[SMPPSERVER10|Receiver.cpp|00040|01-03-2016 21:03:04:788|~ER~]Clinet Disconnection happend
[SMPPSERVER10|TcpServer.cpp|00228|01-03-2016 21:03:04:788|~ER~]Clint Has Discoonected From 
[SMPPSERVER10|TcpServer.cpp|00245|01-03-2016 21:03:04:788|~CR~]Clinet  Disconnected
[SMPPSERVER10|Receiver.cpp|00025|01-03-2016 21:03:04:789|~IN~]Receiveing the data
[SMPPSERVER10|Receiver.cpp|00040|01-03-2016 21:03:04:789|~ER~]Clinet Disconnection happend
[SMPPSERVER10|TcpServer.cpp|00197|01-03-2016 21:03:05:791|~ER~]Accept failed 
[SMPPSERVER10|Receiver.cpp|00025|01-03-2016 21:03:06:793|~IN~]Receiveing the data
[SMPPSERVER10|Receiver.cpp|00043|01-03-2016 21:03:07:796|~IN~]Receiveing the data from SMPP Clinet:57
[SMPPSERVER10|Receiver.cpp|00052|01-03-2016 21:03:07:796|~IN~]Sending Bind Responc:ussdclient
[SMPPSERVER10|TcpServer.cpp|00202|01-03-2016 21:03:08:797|~IN~] Client connected from 
[SMPPSERVER10|TcpServer.cpp|00223|01-03-2016 21:03:08:797|~IN~]Started ClientThread[0x8264c60]
[SMPPSERVER10|Receiver.cpp|00025|01-03-2016 21:03:09:799|~IN~]Receiveing the data
[SMPPSERVER10|Receiver.cpp|00040|01-03-2016 21:03:15:811|~ER~]Clinet Disconnection happend
[SMPPSERVER10|TcpServer.cpp|00228|01-03-2016 21:03:15:811|~ER~]Clint Has Discoonected From 
[SMPPSERVER10|TcpServer.cpp|00245|01-03-2016 21:03:15:811|~CR~]Clinet  Disconnected
[SMPPSERVER10|Receiver.cpp|00025|01-03-2016 21:03:15:811|~IN~]Receiveing the data
[SMPPSERVER10|Receiver.cpp|00040|01-03-2016 21:03:15:812|~ER~]Clinet Disconnection happend
[SMPPSERVER10|TcpServer.cpp|00197|01-03-2016 21:03:16:814|~ER~]Accept failed 
[SMPPSERVER10|Receiver.cpp|00025|01-03-2016 21:03:17:815|~IN~]Receiveing the data
[SMPPSERVER10|Receiver.cpp|00043|01-03-2016 21:03:18:816|~IN~]Receiveing the data from SMPP Clinet:57
[SMPPSERVER10|Receiver.cpp|00052|01-03-2016 21:03:18:816|~IN~]Sending Bind Responc:ussdclient
[SMPPSERVER10|TcpServer.cpp|00202|01-03-2016 21:03:19:819|~IN~] Client connected from 
[SMPPSERVER10|TcpServer.cpp|00223|01-03-2016 21:03:19:819|~IN~]Started ClientThread[0x8264c60]
[SMPPSERVER10|Receiver.cpp|00025|01-03-2016 21:03:20:821|~IN~]Receiveing the data
[SMPPSERVER10|Receiver.cpp|00040|01-03-2016 21:03:26:834|~ER~]Clinet Disconnection happend
[SMPPSERVER10|TcpServer.cpp|00228|01-03-2016 21:03:26:834|~ER~]Clint Has Discoonected From 
[SMPPSERVER10|TcpServer.cpp|00245|01-03-2016 21:03:26:834|~CR~]Clinet  Disconnected
[SMPPSERVER10|Receiver.cpp|00025|01-03-2016 21:03:26:834|~IN~]Receiveing the data
[SMPPSERVER10|Receiver.cpp|00040|01-03-2016 21:03:26:834|~ER~]Clinet Disconnection happend
[SMPPSERVER10|TcpServer.cpp|00197|01-03-2016 21:03:27:836|~ER~]Accept failed 
[SMPPSERVER10|Receiver.cpp|00025|01-03-2016 21:03:28:838|~IN~]Receiveing the data
[SMPPSERVER10|Receiver.cpp|00043|01-03-2016 21:03:29:840|~IN~]Receiveing the data from SMPP Clinet:57
[SMPPSERVER10|Receiver.cpp|00052|01-03-2016 21:03:29:840|~IN~]Sending Bind Responc:ussdclient
[SMPPSERVER10|TcpServer.cpp|00202|01-03-2016 21:03:30:842|~IN~] Client connected from 
[SMPPSERVER10|TcpServer.cpp|00223|01-03-2016 21:03:30:842|~IN~]Started ClientThread[0x8264c60]
[SMPPSERVER10|Receiver.cpp|00025|01-03-2016 21:03:31:844|~IN~]Receiveing the data
[SMPPSERVER10|Receiver.cpp|00040|01-03-2016 21:03:37:855|~ER~]Clinet Disconnection happend
[SMPPSERVER10|TcpServer.cpp|00228|01-03-2016 21:03:37:855|~ER~]Clint Has Discoonected From 
[SMPPSERVER10|TcpServer.cpp|00245|01-03-2016 21:03:37:855|~CR~]Clinet  Disconnected
[SMPPSERVER10|Receiver.cpp|00025|01-03-2016 21:03:37:855|~IN~]Receiveing the data
[SMPPSERVER10|Receiver.cpp|00040|01-03-2016 21:03:37:855|~ER~]Clinet Disconnection happend
[SMPPSERVER10|TcpServer.cpp|00197|01-03-2016 21:03:38:856|~ER~]Accept failed 
[SMPPSERVER10|Receiver.cpp|00025|01-03-2016 21:03:39:859|~IN~]Receiveing the data
[SMPPSERVER10|Receiver.cpp|00043|01-03-2016 21:03:40:860|~IN~]Receiveing the data from SMPP Clinet:57
[SMPPSERVER10|Receiver.cpp|00052|01-03-2016 21:03:40:860|~IN~]Sending Bind Responc:ussdclient
[SMPPSERVER10|TcpServer.cpp|00202|01-03-2016 21:03:41:862|~IN~] Client connected from 
[SMPPSERVER10|TcpServer.cpp|00223|01-03-2016 21:03:41:862|~IN~]Started ClientThread[0x8264c60]
[SMPPSERVER10|Receiver.cpp|00025|01-03-2016 21:03:42:865|~IN~]Receiveing the data
[SMPPSERVER10|Receiver.cpp|00040|01-03-2016 21:03:48:875|~ER~]Clinet Disconnection happend
[SMPPSERVER10|TcpServer.cpp|00228|01-03-2016 21:03:48:875|~ER~]Clint Has Discoonected From 
[SMPPSERVER10|TcpServer.cpp|00245|01-03-2016 21:03:48:875|~CR~]Clinet  Disconnected
[SMPPSERVER10|Receiver.cpp|00025|01-03-2016 21:03:48:876|~IN~]Receiveing the data
[SMPPSERVER10|Receiver.cpp|00040|01-03-2016 21:03:48:876|~ER~]Clinet Disconnection happend
[SMPPSERVER10|TcpServer.cpp|00197|01-03-2016 21:03:49:878|~ER~]Accept failed 
[SMPPSERVER10|Receiver.cpp|00025|01-03-2016 21:03:50:880|~IN~]Receiveing the data
[SMPPSERVER10|Receiver.cpp|00043|01-03-2016 21:03:51:882|~IN~]Receiveing the data from SMPP Clinet:57
[SMPPSERVER10|Receiver.cpp|00052|01-03-2016 21:03:51:882|~IN~]Sending Bind Responc:ussdclient
[SMPPSERVER10|TcpServer.cpp|00202|01-03-2016 21:03:52:884|~IN~] Client connected from 
[SMPPSERVER10|TcpServer.cpp|00223|01-03-2016 21:03:52:884|~IN~]Started ClientThread[0x8264c60]
[SMPPSERVER10|Receiver.cpp|00025|01-03-2016 21:03:53:887|~IN~]Receiveing the data
[SMPPSERVER10|Receiver.cpp|00040|01-03-2016 21:03:59:897|~ER~]Clinet Disconnection happend
[SMPPSERVER10|TcpServer.cpp|00228|01-03-2016 21:03:59:897|~ER~]Clint Has Discoonected From 
[SMPPSERVER10|TcpServer.cpp|00245|01-03-2016 21:03:59:898|~CR~]Clinet  Disconnected
[SMPPSERVER10|Receiver.cpp|00025|01-03-2016 21:03:59:898|~IN~]Receiveing the data
[SMPPSERVER10|Receiver.cpp|00040|01-03-2016 21:03:59:898|~ER~]Clinet Disconnection happend
[SMPPSERVER10|TcpServer.cpp|00197|01-03-2016 21:04:00:900|~ER~]Accept failed 
[SMPPSERVER10|Receiver.cpp|00025|01-03-2016 21:04:01:901|~IN~]Receiveing the data
[SMPPSERVER10|Receiver.cpp|00043|01-03-2016 21:04:02:903|~IN~]Receiveing the data from SMPP Clinet:57
[SMPPSERVER10|Receiver.cpp|00052|01-03-2016 21:04:02:903|~IN~]Sending Bind Responc:ussdclient
[SMPPSERVER10|TcpServer.cpp|00202|01-03-2016 21:04:03:905|~IN~] Client connected from 
[SMPPSERVER10|TcpServer.cpp|00223|01-03-2016 21:04:03:905|~IN~]Started ClientThread[0x8264c60]
[SMPPSERVER10|Receiver.cpp|00025|01-03-2016 21:04:04:907|~IN~]Receiveing the data
[SMPPSERVER10|Receiver.cpp|00040|01-03-2016 21:04:10:919|~ER~]Clinet Disconnection happend
[SMPPSERVER10|TcpServer.cpp|00228|01-03-2016 21:04:10:919|~ER~]Clint Has Discoonected From 
[SMPPSERVER10|TcpServer.cpp|00245|01-03-2016 21:04:10:919|~CR~]Clinet  Disconnected
[SMPPSERVER10|Receiver.cpp|00025|01-03-2016 21:04:10:919|~IN~]Receiveing the data
[SMPPSERVER10|Receiver.cpp|00040|01-03-2016 21:04:10:919|~ER~]Clinet Disconnection happend
[SMPPSERVER10|TcpServer.cpp|00197|01-03-2016 21:04:11:921|~ER~]Accept failed 
[SMPPSERVER10|Receiver.cpp|00025|01-03-2016 21:04:12:925|~IN~]Receiveing the data
[SMPPSERVER10|Receiver.cpp|00043|01-03-2016 21:04:13:927|~IN~]Receiveing the data from SMPP Clinet:57
[SMPPSERVER10|Receiver.cpp|00052|01-03-2016 21:04:13:927|~IN~]Sending Bind Responc:ussdclient
[SMPPSERVER10|TcpServer.cpp|00202|01-03-2016 21:04:14:930|~IN~] Client connected from 
[SMPPSERVER10|TcpServer.cpp|00223|01-03-2016 21:04:14:930|~IN~]Started ClientThread[0x8264c60]
[SMPPSERVER10|Receiver.cpp|00025|01-03-2016 21:04:15:933|~IN~]Receiveing the data
[SMPPSERVER10|Receiver.cpp|00040|01-03-2016 21:04:21:944|~ER~]Clinet Disconnection happend
[SMPPSERVER10|TcpServer.cpp|00228|01-03-2016 21:04:21:944|~ER~]Clint Has Discoonected From 
[SMPPSERVER10|TcpServer.cpp|00245|01-03-2016 21:04:21:944|~CR~]Clinet  Disconnected
[SMPPSERVER10|Receiver.cpp|00025|01-03-2016 21:04:21:944|~IN~]Receiveing the data
[SMPPSERVER10|Receiver.cpp|00040|01-03-2016 21:04:21:944|~ER~]Clinet Disconnection happend
[SMPPSERVER10|TcpServer.cpp|00197|01-03-2016 21:04:22:946|~ER~]Accept failed 
[SMPPSERVER10|Receiver.cpp|00025|01-03-2016 21:04:23:948|~IN~]Receiveing the data
[SMPPSERVER10|Receiver.cpp|00043|01-03-2016 21:04:24:949|~IN~]Receiveing the data from SMPP Clinet:57
[SMPPSERVER10|Receiver.cpp|00052|01-03-2016 21:04:24:949|~IN~]Sending Bind Responc:ussdclient
[SMPPSERVER10|TcpServer.cpp|00202|01-03-2016 21:04:25:952|~IN~] Client connected from 
[SMPPSERVER10|TcpServer.cpp|00223|01-03-2016 21:04:25:952|~IN~]Started ClientThread[0x8264c60]
[SMPPSERVER10|Receiver.cpp|00025|01-03-2016 21:04:26:953|~IN~]Receiveing the data
[SMPPSERVER10|Receiver.cpp|00040|01-03-2016 21:04:32:965|~ER~]Clinet Disconnection happend
[SMPPSERVER10|TcpServer.cpp|00228|01-03-2016 21:04:32:965|~ER~]Clint Has Discoonected From 
[SMPPSERVER10|TcpServer.cpp|00245|01-03-2016 21:04:32:965|~CR~]Clinet  Disconnected
[SMPPSERVER10|Receiver.cpp|00025|01-03-2016 21:04:32:965|~IN~]Receiveing the data
[SMPPSERVER10|Receiver.cpp|00040|01-03-2016 21:04:32:965|~ER~]Clinet Disconnection happend
[SMPPSERVER10|TcpServer.cpp|00197|01-03-2016 21:04:33:967|~ER~]Accept failed 
[SMPPSERVER10|Receiver.cpp|00025|01-03-2016 21:04:34:970|~IN~]Receiveing the data
[SMPPSERVER10|Receiver.cpp|00043|01-03-2016 21:04:35:972|~IN~]Receiveing the data from SMPP Clinet:57
[SMPPSERVER10|Receiver.cpp|00052|01-03-2016 21:04:35:972|~IN~]Sending Bind Responc:ussdclient
[SMPPSERVER10|TcpServer.cpp|00202|01-03-2016 21:04:36:973|~IN~] Client connected from 
[SMPPSERVER10|TcpServer.cpp|00223|01-03-2016 21:04:36:973|~IN~]Started ClientThread[0x8264c60]
[SMPPSERVER10|Receiver.cpp|00025|01-03-2016 21:04:37:976|~IN~]Receiveing the data
[SMPPSERVER10|Receiver.cpp|00040|01-03-2016 21:04:43:986|~ER~]Clinet Disconnection happend
[SMPPSERVER10|TcpServer.cpp|00228|01-03-2016 21:04:43:986|~ER~]Clint Has Discoonected From 
[SMPPSERVER10|TcpServer.cpp|00245|01-03-2016 21:04:43:986|~CR~]Clinet  Disconnected
[SMPPSERVER10|Receiver.cpp|00025|01-03-2016 21:04:43:987|~IN~]Receiveing the data
[SMPPSERVER10|Receiver.cpp|00040|01-03-2016 21:04:43:987|~ER~]Clinet Disconnection happend
[SMPPSERVER10|TcpServer.cpp|00197|01-03-2016 21:04:44:990|~ER~]Accept failed 
[SMPPSERVER10|Receiver.cpp|00025|01-03-2016 21:04:45:996|~IN~]Receiveing the data
[SMPPSERVER10|Receiver.cpp|00043|01-03-2016 21:04:46:993|~IN~]Receiveing the data from SMPP Clinet:57
[SMPPSERVER10|Receiver.cpp|00052|01-03-2016 21:04:46:994|~IN~]Sending Bind Responc:ussdclient
[SMPPSERVER10|TcpServer.cpp|00202|01-03-2016 21:04:47:995|~IN~] Client connected from 
[SMPPSERVER10|TcpServer.cpp|00223|01-03-2016 21:04:47:995|~IN~]Started ClientThread[0x8264c60]
[SMPPSERVER10|Receiver.cpp|00025|01-03-2016 21:04:48:997|~IN~]Receiveing the data
[SMPPSERVER10|Receiver.cpp|00040|01-03-2016 21:04:55:009|~ER~]Clinet Disconnection happend
[SMPPSERVER10|TcpServer.cpp|00228|01-03-2016 21:04:55:009|~ER~]Clint Has Discoonected From 
[SMPPSERVER10|TcpServer.cpp|00245|01-03-2016 21:04:55:009|~CR~]Clinet  Disconnected
[SMPPSERVER10|Receiver.cpp|00025|01-03-2016 21:04:55:009|~IN~]Receiveing the data
[SMPPSERVER10|Receiver.cpp|00040|01-03-2016 21:04:55:009|~ER~]Clinet Disconnection happend
[SMPPSERVER10|TcpServer.cpp|00197|01-03-2016 21:04:56:011|~ER~]Accept failed 
[SMPPSERVER10|Receiver.cpp|00025|01-03-2016 21:04:57:013|~IN~]Receiveing the data
[SMPPSERVER10|Receiver.cpp|00043|01-03-2016 21:04:58:016|~IN~]Receiveing the data from SMPP Clinet:57
[SMPPSERVER10|Receiver.cpp|00052|01-03-2016 21:04:58:016|~IN~]Sending Bind Responc:ussdclient
[SMPPSERVER10|TcpServer.cpp|00202|01-03-2016 21:04:59:018|~IN~] Client connected from 
[SMPPSERVER10|TcpServer.cpp|00223|01-03-2016 21:04:59:018|~IN~]Started ClientThread[0x8264c60]
[SMPPSERVER10|Receiver.cpp|00025|01-03-2016 21:05:00:020|~IN~]Receiveing the data
[SMPPSERVER10|Receiver.cpp|00040|01-03-2016 21:05:06:032|~ER~]Clinet Disconnection happend
[SMPPSERVER10|TcpServer.cpp|00228|01-03-2016 21:05:06:032|~ER~]Clint Has Discoonected From 
[SMPPSERVER10|TcpServer.cpp|00245|01-03-2016 21:05:06:032|~CR~]Clinet  Disconnected
[SMPPSERVER10|Receiver.cpp|00025|01-03-2016 21:05:06:033|~IN~]Receiveing the data
[SMPPSERVER10|Receiver.cpp|00040|01-03-2016 21:05:06:033|~ER~]Clinet Disconnection happend
[SMPPSERVER10|TcpServer.cpp|00197|01-03-2016 21:05:07:035|~ER~]Accept failed 
[SMPPSERVER10|Receiver.cpp|00025|01-03-2016 21:05:08:036|~IN~]Receiveing the data
[SMPPSERVER10|Receiver.cpp|00043|01-03-2016 21:05:09:037|~IN~]Receiveing the data from SMPP Clinet:57
[SMPPSERVER10|Receiver.cpp|00052|01-03-2016 21:05:09:037|~IN~]Sending Bind Responc:ussdclient
[SMPPSERVER10|TcpServer.cpp|00202|01-03-2016 21:05:10:039|~IN~] Client connected from 
[SMPPSERVER10|TcpServer.cpp|00223|01-03-2016 21:05:10:040|~IN~]Started ClientThread[0x8264c60]
[SMPPSERVER10|Receiver.cpp|00025|01-03-2016 21:05:11:042|~IN~]Receiveing the data
[SMPPSERVER10|Receiver.cpp|00040|01-03-2016 21:05:17:053|~ER~]Clinet Disconnection happend
[SMPPSERVER10|TcpServer.cpp|00228|01-03-2016 21:05:17:053|~ER~]Clint Has Discoonected From 
[SMPPSERVER10|TcpServer.cpp|00245|01-03-2016 21:05:17:053|~CR~]Clinet  Disconnected
[SMPPSERVER10|Receiver.cpp|00025|01-03-2016 21:05:17:053|~IN~]Receiveing the data
[SMPPSERVER10|Receiver.cpp|00040|01-03-2016 21:05:17:053|~ER~]Clinet Disconnection happend
[SMPPSERVER10|TcpServer.cpp|00197|01-03-2016 21:05:18:056|~ER~]Accept failed 
[SMPPSERVER10|Receiver.cpp|00025|01-03-2016 21:05:19:059|~IN~]Receiveing the data
[SMPPSERVER10|Receiver.cpp|00043|01-03-2016 21:05:20:060|~IN~]Receiveing the data from SMPP Clinet:57
[SMPPSERVER10|Receiver.cpp|00052|01-03-2016 21:05:20:060|~IN~]Sending Bind Responc:ussdclient
[SMPPSERVER10|TcpServer.cpp|00202|01-03-2016 21:05:21:061|~IN~] Client connected from 
[SMPPSERVER10|TcpServer.cpp|00223|01-03-2016 21:05:21:062|~IN~]Started ClientThread[0x8264c60]
[SMPPSERVER10|Receiver.cpp|00025|01-03-2016 21:05:22:064|~IN~]Receiveing the data
[SMPPSERVER10|Receiver.cpp|00040|01-03-2016 21:05:28:074|~ER~]Clinet Disconnection happend
[SMPPSERVER10|TcpServer.cpp|00228|01-03-2016 21:05:28:075|~ER~]Clint Has Discoonected From 
[SMPPSERVER10|TcpServer.cpp|00245|01-03-2016 21:05:28:075|~CR~]Clinet  Disconnected
[SMPPSERVER10|Receiver.cpp|00025|01-03-2016 21:05:28:075|~IN~]Receiveing the data
[SMPPSERVER10|Receiver.cpp|00040|01-03-2016 21:05:28:075|~ER~]Clinet Disconnection happend
[SMPPSERVER10|TcpServer.cpp|00197|01-03-2016 21:05:29:077|~ER~]Accept failed 
[SMPPSERVER10|Receiver.cpp|00025|01-03-2016 21:05:30:079|~IN~]Receiveing the data
[SMPPSERVER10|Receiver.cpp|00043|01-03-2016 21:05:31:082|~IN~]Receiveing the data from SMPP Clinet:57
[SMPPSERVER10|Receiver.cpp|00052|01-03-2016 21:05:31:082|~IN~]Sending Bind Responc:ussdclient
[SMPPSERVER10|TcpServer.cpp|00202|01-03-2016 21:05:32:084|~IN~] Client connected from 
[SMPPSERVER10|TcpServer.cpp|00223|01-03-2016 21:05:32:084|~IN~]Started ClientThread[0x8264c60]
[SMPPSERVER10|Receiver.cpp|00025|01-03-2016 21:05:33:086|~IN~]Receiveing the data
[SMPPSERVER10|Receiver.cpp|00040|01-03-2016 21:05:39:097|~ER~]Clinet Disconnection happend
[SMPPSERVER10|TcpServer.cpp|00228|01-03-2016 21:05:39:097|~ER~]Clint Has Discoonected From 
[SMPPSERVER10|TcpServer.cpp|00245|01-03-2016 21:05:39:097|~CR~]Clinet  Disconnected
[SMPPSERVER10|Receiver.cpp|00025|01-03-2016 21:05:39:098|~IN~]Receiveing the data
[SMPPSERVER10|Receiver.cpp|00040|01-03-2016 21:05:39:098|~ER~]Clinet Disconnection happend
[SMPPSERVER10|TcpServer.cpp|00197|01-03-2016 21:05:40:100|~ER~]Accept failed 
[SMPPSERVER10|Receiver.cpp|00025|01-03-2016 21:05:41:101|~IN~]Receiveing the data
[SMPPSERVER10|Receiver.cpp|00043|01-03-2016 21:05:42:102|~IN~]Receiveing the data from SMPP Clinet:57
[SMPPSERVER10|Receiver.cpp|00052|01-03-2016 21:05:42:102|~IN~]Sending Bind Responc:ussdclient
[SMPPSERVER10|TcpServer.cpp|00202|01-03-2016 21:05:43:105|~IN~] Client connected from 
[SMPPSERVER10|TcpServer.cpp|00223|01-03-2016 21:05:43:105|~IN~]Started ClientThread[0x8264c60]
[SMPPSERVER10|Receiver.cpp|00025|01-03-2016 21:05:44:108|~IN~]Receiveing the data
[SMPPSERVER10|Receiver.cpp|00040|01-03-2016 21:05:50:119|~ER~]Clinet Disconnection happend
[SMPPSERVER10|TcpServer.cpp|00228|01-03-2016 21:05:50:119|~ER~]Clint Has Discoonected From 
[SMPPSERVER10|TcpServer.cpp|00245|01-03-2016 21:05:50:119|~CR~]Clinet  Disconnected
[SMPPSERVER10|Receiver.cpp|00025|01-03-2016 21:05:50:119|~IN~]Receiveing the data
[SMPPSERVER10|Receiver.cpp|00040|01-03-2016 21:05:50:119|~ER~]Clinet Disconnection happend
[SMPPSERVER10|TcpServer.cpp|00197|01-03-2016 21:05:51:122|~ER~]Accept failed 
[SMPPSERVER10|Receiver.cpp|00025|01-03-2016 21:05:52:123|~IN~]Receiveing the data
[SMPPSERVER10|Receiver.cpp|00043|01-03-2016 21:05:53:125|~IN~]Receiveing the data from SMPP Clinet:57
[SMPPSERVER10|Receiver.cpp|00052|01-03-2016 21:05:53:125|~IN~]Sending Bind Responc:ussdclient
[SMPPSERVER10|TcpServer.cpp|00202|01-03-2016 21:05:54:127|~IN~] Client connected from 
[SMPPSERVER10|TcpServer.cpp|00223|01-03-2016 21:05:54:127|~IN~]Started ClientThread[0x8264c60]
[SMPPSERVER10|Receiver.cpp|00025|01-03-2016 21:05:55:129|~IN~]Receiveing the data
[SMPPSERVER10|Receiver.cpp|00040|01-03-2016 21:06:01:141|~ER~]Clinet Disconnection happend
[SMPPSERVER10|TcpServer.cpp|00228|01-03-2016 21:06:01:141|~ER~]Clint Has Discoonected From 
[SMPPSERVER10|TcpServer.cpp|00245|01-03-2016 21:06:01:141|~CR~]Clinet  Disconnected
[SMPPSERVER10|Receiver.cpp|00025|01-03-2016 21:06:01:141|~IN~]Receiveing the data
[SMPPSERVER10|Receiver.cpp|00040|01-03-2016 21:06:01:141|~ER~]Clinet Disconnection happend
[SMPPSERVER10|TcpServer.cpp|00197|01-03-2016 21:06:02:143|~ER~]Accept failed 
[SMPPSERVER10|Receiver.cpp|00025|01-03-2016 21:06:03:146|~IN~]Receiveing the data
[SMPPSERVER10|Receiver.cpp|00043|01-03-2016 21:06:04:147|~IN~]Receiveing the data from SMPP Clinet:57
[SMPPSERVER10|Receiver.cpp|00052|01-03-2016 21:06:04:147|~IN~]Sending Bind Responc:ussdclient
[SMPPSERVER10|TcpServer.cpp|00202|01-03-2016 21:06:05:149|~IN~] Client connected from 
[SMPPSERVER10|TcpServer.cpp|00223|01-03-2016 21:06:05:150|~IN~]Started ClientThread[0x8264c60]
[SMPPSERVER10|Receiver.cpp|00025|01-03-2016 21:06:06:151|~IN~]Receiveing the data
[SMPPSERVER10|Receiver.cpp|00040|01-03-2016 21:06:12:162|~ER~]Clinet Disconnection happend
[SMPPSERVER10|TcpServer.cpp|00228|01-03-2016 21:06:12:162|~ER~]Clint Has Discoonected From 
[SMPPSERVER10|TcpServer.cpp|00245|01-03-2016 21:06:12:162|~CR~]Clinet  Disconnected
[SMPPSERVER10|Receiver.cpp|00025|01-03-2016 21:06:12:163|~IN~]Receiveing the data
[SMPPSERVER10|Receiver.cpp|00040|01-03-2016 21:06:12:163|~ER~]Clinet Disconnection happend
[SMPPSERVER10|TcpServer.cpp|00197|01-03-2016 21:06:13:165|~ER~]Accept failed 
[SMPPSERVER10|Receiver.cpp|00025|01-03-2016 21:06:14:166|~IN~]Receiveing the data
[SMPPSERVER10|Receiver.cpp|00043|01-03-2016 21:06:15:168|~IN~]Receiveing the data from SMPP Clinet:57
[SMPPSERVER10|Receiver.cpp|00052|01-03-2016 21:06:15:168|~IN~]Sending Bind Responc:ussdclient
[SMPPSERVER10|TcpServer.cpp|00202|01-03-2016 21:06:16:169|~IN~] Client connected from 
[SMPPSERVER10|TcpServer.cpp|00223|01-03-2016 21:06:16:169|~IN~]Started ClientThread[0x8264c60]
[SMPPSERVER10|Receiver.cpp|00025|01-03-2016 21:06:17:172|~IN~]Receiveing the data
[SMPPSERVER10|Receiver.cpp|00040|01-03-2016 21:06:23:184|~ER~]Clinet Disconnection happend
[SMPPSERVER10|TcpServer.cpp|00228|01-03-2016 21:06:23:184|~ER~]Clint Has Discoonected From 
[SMPPSERVER10|TcpServer.cpp|00245|01-03-2016 21:06:23:184|~CR~]Clinet  Disconnected
[SMPPSERVER10|Receiver.cpp|00025|01-03-2016 21:06:23:184|~IN~]Receiveing the data
[SMPPSERVER10|Receiver.cpp|00040|01-03-2016 21:06:23:184|~ER~]Clinet Disconnection happend
[SMPPSERVER10|TcpServer.cpp|00197|01-03-2016 21:06:24:187|~ER~]Accept failed 
[SMPPSERVER10|Receiver.cpp|00025|01-03-2016 21:06:25:189|~IN~]Receiveing the data
[SMPPSERVER10|Receiver.cpp|00043|01-03-2016 21:06:26:191|~IN~]Receiveing the data from SMPP Clinet:57
[SMPPSERVER10|Receiver.cpp|00052|01-03-2016 21:06:26:191|~IN~]Sending Bind Responc:ussdclient
[SMPPSERVER10|TcpServer.cpp|00202|01-03-2016 21:06:27:193|~IN~] Client connected from 
[SMPPSERVER10|TcpServer.cpp|00223|01-03-2016 21:06:27:193|~IN~]Started ClientThread[0x8264c60]
[SMPPSERVER10|Receiver.cpp|00025|01-03-2016 21:06:28:194|~IN~]Receiveing the data
[SMPPSERVER10|Receiver.cpp|00040|01-03-2016 21:06:34:207|~ER~]Clinet Disconnection happend
[SMPPSERVER10|TcpServer.cpp|00228|01-03-2016 21:06:34:207|~ER~]Clint Has Discoonected From 
[SMPPSERVER10|TcpServer.cpp|00245|01-03-2016 21:06:34:207|~CR~]Clinet  Disconnected
[SMPPSERVER10|Receiver.cpp|00025|01-03-2016 21:06:34:208|~IN~]Receiveing the data
[SMPPSERVER10|Receiver.cpp|00040|01-03-2016 21:06:34:208|~ER~]Clinet Disconnection happend
[SMPPSERVER10|TcpServer.cpp|00197|01-03-2016 21:06:35:209|~ER~]Accept failed 
[SMPPSERVER10|Receiver.cpp|00025|01-03-2016 21:06:36:212|~IN~]Receiveing the data
[SMPPSERVER10|Receiver.cpp|00043|01-03-2016 21:06:37:214|~IN~]Receiveing the data from SMPP Clinet:57
[SMPPSERVER10|Receiver.cpp|00052|01-03-2016 21:06:37:214|~IN~]Sending Bind Responc:ussdclient
[SMPPSERVER10|TcpServer.cpp|00202|01-03-2016 21:06:38:216|~IN~] Client connected from 
[SMPPSERVER10|TcpServer.cpp|00223|01-03-2016 21:06:38:216|~IN~]Started ClientThread[0x8264c60]
[SMPPSERVER10|Receiver.cpp|00025|01-03-2016 21:06:39:218|~IN~]Receiveing the data
[SMPPSERVER10|Receiver.cpp|00040|01-03-2016 21:06:45:229|~ER~]Clinet Disconnection happend
[SMPPSERVER10|TcpServer.cpp|00228|01-03-2016 21:06:45:229|~ER~]Clint Has Discoonected From 
[SMPPSERVER10|TcpServer.cpp|00245|01-03-2016 21:06:45:229|~CR~]Clinet  Disconnected
[SMPPSERVER10|Receiver.cpp|00025|01-03-2016 21:06:45:229|~IN~]Receiveing the data
[SMPPSERVER10|Receiver.cpp|00040|01-03-2016 21:06:45:229|~ER~]Clinet Disconnection happend
[SMPPSERVER10|TcpServer.cpp|00197|01-03-2016 21:06:46:231|~ER~]Accept failed 
[SMPPSERVER10|Receiver.cpp|00025|01-03-2016 21:06:47:233|~IN~]Receiveing the data
[SMPPSERVER10|Receiver.cpp|00043|01-03-2016 21:06:48:235|~IN~]Receiveing the data from SMPP Clinet:57
[SMPPSERVER10|Receiver.cpp|00052|01-03-2016 21:06:48:235|~IN~]Sending Bind Responc:ussdclient
[SMPPSERVER10|TcpServer.cpp|00202|01-03-2016 21:06:49:238|~IN~] Client connected from 
[SMPPSERVER10|TcpServer.cpp|00223|01-03-2016 21:06:49:238|~IN~]Started ClientThread[0x8264c60]
[SMPPSERVER10|Receiver.cpp|00025|01-03-2016 21:06:50:239|~IN~]Receiveing the data
[SMPPSERVER10|Receiver.cpp|00040|01-03-2016 21:06:56:252|~ER~]Clinet Disconnection happend
[SMPPSERVER10|TcpServer.cpp|00228|01-03-2016 21:06:56:252|~ER~]Clint Has Discoonected From 
[SMPPSERVER10|TcpServer.cpp|00245|01-03-2016 21:06:56:252|~CR~]Clinet  Disconnected
[SMPPSERVER10|Receiver.cpp|00025|01-03-2016 21:06:56:252|~IN~]Receiveing the data
[SMPPSERVER10|Receiver.cpp|00040|01-03-2016 21:06:56:252|~ER~]Clinet Disconnection happend
[SMPPSERVER10|TcpServer.cpp|00197|01-03-2016 21:06:57:254|~ER~]Accept failed 
[SMPPSERVER10|Receiver.cpp|00025|01-03-2016 21:06:58:256|~IN~]Receiveing the data
[SMPPSERVER10|Receiver.cpp|00043|01-03-2016 21:06:59:258|~IN~]Receiveing the data from SMPP Clinet:57
[SMPPSERVER10|Receiver.cpp|00052|01-03-2016 21:06:59:258|~IN~]Sending Bind Responc:ussdclient
[SMPPSERVER10|TcpServer.cpp|00202|01-03-2016 21:07:00:259|~IN~] Client connected from 
[SMPPSERVER10|TcpServer.cpp|00223|01-03-2016 21:07:00:260|~IN~]Started ClientThread[0x8264c60]
[SMPPSERVER10|Receiver.cpp|00025|01-03-2016 21:07:01:262|~IN~]Receiveing the data
[SMPPSERVER10|Receiver.cpp|00040|01-03-2016 21:07:07:273|~ER~]Clinet Disconnection happend
[SMPPSERVER10|TcpServer.cpp|00228|01-03-2016 21:07:07:273|~ER~]Clint Has Discoonected From 
[SMPPSERVER10|TcpServer.cpp|00245|01-03-2016 21:07:07:274|~CR~]Clinet  Disconnected
[SMPPSERVER10|Receiver.cpp|00025|01-03-2016 21:07:07:274|~IN~]Receiveing the data
[SMPPSERVER10|Receiver.cpp|00040|01-03-2016 21:07:07:274|~ER~]Clinet Disconnection happend
[SMPPSERVER10|TcpServer.cpp|00197|01-03-2016 21:07:08:276|~ER~]Accept failed 
[SMPPSERVER10|Receiver.cpp|00025|01-03-2016 21:07:09:278|~IN~]Receiveing the data
[SMPPSERVER10|Receiver.cpp|00043|01-03-2016 21:07:10:280|~IN~]Receiveing the data from SMPP Clinet:57
[SMPPSERVER10|Receiver.cpp|00052|01-03-2016 21:07:10:280|~IN~]Sending Bind Responc:ussdclient
[SMPPSERVER10|TcpServer.cpp|00202|01-03-2016 21:07:11:281|~IN~] Client connected from 
[SMPPSERVER10|TcpServer.cpp|00223|01-03-2016 21:07:11:281|~IN~]Started ClientThread[0x8264c60]
[SMPPSERVER10|Receiver.cpp|00025|01-03-2016 21:07:12:283|~IN~]Receiveing the data
[SMPPSERVER10|Receiver.cpp|00040|01-03-2016 21:07:18:295|~ER~]Clinet Disconnection happend
[SMPPSERVER10|TcpServer.cpp|00228|01-03-2016 21:07:18:295|~ER~]Clint Has Discoonected From 
[SMPPSERVER10|TcpServer.cpp|00245|01-03-2016 21:07:18:295|~CR~]Clinet  Disconnected
[SMPPSERVER10|Receiver.cpp|00025|01-03-2016 21:07:18:295|~IN~]Receiveing the data
[SMPPSERVER10|Receiver.cpp|00040|01-03-2016 21:07:18:295|~ER~]Clinet Disconnection happend
[SMPPSERVER10|TcpServer.cpp|00197|01-03-2016 21:07:19:297|~ER~]Accept failed 
[SMPPSERVER10|Receiver.cpp|00025|01-03-2016 21:07:20:299|~IN~]Receiveing the data
[SMPPSERVER10|Receiver.cpp|00043|01-03-2016 21:07:21:302|~IN~]Receiveing the data from SMPP Clinet:57
[SMPPSERVER10|Receiver.cpp|00052|01-03-2016 21:07:21:302|~IN~]Sending Bind Responc:ussdclient
[SMPPSERVER10|TcpServer.cpp|00202|01-03-2016 21:07:22:304|~IN~] Client connected from 
[SMPPSERVER10|TcpServer.cpp|00223|01-03-2016 21:07:22:304|~IN~]Started ClientThread[0x8264c60]
[SMPPSERVER10|Receiver.cpp|00025|01-03-2016 21:07:23:306|~IN~]Receiveing the data
[SMPPSERVER10|Receiver.cpp|00040|01-03-2016 21:07:29:316|~ER~]Clinet Disconnection happend
[SMPPSERVER10|TcpServer.cpp|00228|01-03-2016 21:07:29:316|~ER~]Clint Has Discoonected From 
[SMPPSERVER10|TcpServer.cpp|00245|01-03-2016 21:07:29:316|~CR~]Clinet  Disconnected
[SMPPSERVER10|Receiver.cpp|00025|01-03-2016 21:07:29:317|~IN~]Receiveing the data
[SMPPSERVER10|Receiver.cpp|00040|01-03-2016 21:07:29:317|~ER~]Clinet Disconnection happend
[SMPPSERVER10|TcpServer.cpp|00197|01-03-2016 21:07:30:319|~ER~]Accept failed 
[SMPPSERVER10|Receiver.cpp|00025|01-03-2016 21:07:31:320|~IN~]Receiveing the data
[SMPPSERVER10|Receiver.cpp|00043|01-03-2016 21:07:32:323|~IN~]Receiveing the data from SMPP Clinet:57
[SMPPSERVER10|Receiver.cpp|00052|01-03-2016 21:07:32:323|~IN~]Sending Bind Responc:ussdclient
[SMPPSERVER10|TcpServer.cpp|00202|01-03-2016 21:07:33:324|~IN~] Client connected from 
[SMPPSERVER10|TcpServer.cpp|00223|01-03-2016 21:07:33:325|~IN~]Started ClientThread[0x8264c60]
[SMPPSERVER10|Receiver.cpp|00025|01-03-2016 21:07:34:327|~IN~]Receiveing the data
[SMPPSERVER10|Receiver.cpp|00040|01-03-2016 21:07:40:338|~ER~]Clinet Disconnection happend
[SMPPSERVER10|TcpServer.cpp|00228|01-03-2016 21:07:40:338|~ER~]Clint Has Discoonected From 
[SMPPSERVER10|TcpServer.cpp|00245|01-03-2016 21:07:40:338|~CR~]Clinet  Disconnected
[SMPPSERVER10|Receiver.cpp|00025|01-03-2016 21:07:40:338|~IN~]Receiveing the data
[SMPPSERVER10|Receiver.cpp|00040|01-03-2016 21:07:40:338|~ER~]Clinet Disconnection happend
[SMPPSERVER10|TcpServer.cpp|00197|01-03-2016 21:07:41:341|~ER~]Accept failed 
[SMPPSERVER10|Receiver.cpp|00025|01-03-2016 21:07:42:343|~IN~]Receiveing the data
[SMPPSERVER10|Receiver.cpp|00043|01-03-2016 21:07:43:344|~IN~]Receiveing the data from SMPP Clinet:57
[SMPPSERVER10|Receiver.cpp|00052|01-03-2016 21:07:43:344|~IN~]Sending Bind Responc:ussdclient
[SMPPSERVER10|TcpServer.cpp|00202|01-03-2016 21:07:44:346|~IN~] Client connected from 
[SMPPSERVER10|TcpServer.cpp|00223|01-03-2016 21:07:44:346|~IN~]Started ClientThread[0x8264c60]
[SMPPSERVER10|Receiver.cpp|00025|01-03-2016 21:07:45:348|~IN~]Receiveing the data
[SMPPSERVER10|Receiver.cpp|00040|01-03-2016 21:07:51:360|~ER~]Clinet Disconnection happend
[SMPPSERVER10|TcpServer.cpp|00228|01-03-2016 21:07:51:360|~ER~]Clint Has Discoonected From 
[SMPPSERVER10|TcpServer.cpp|00245|01-03-2016 21:07:51:360|~CR~]Clinet  Disconnected
[SMPPSERVER10|Receiver.cpp|00025|01-03-2016 21:07:51:360|~IN~]Receiveing the data
[SMPPSERVER10|Receiver.cpp|00040|01-03-2016 21:07:51:360|~ER~]Clinet Disconnection happend
[SMPPSERVER10|TcpServer.cpp|00197|01-03-2016 21:07:52:363|~ER~]Accept failed 
[SMPPSERVER10|Receiver.cpp|00025|01-03-2016 21:07:53:365|~IN~]Receiveing the data
[SMPPSERVER10|Receiver.cpp|00043|01-03-2016 21:07:54:367|~IN~]Receiveing the data from SMPP Clinet:57
[SMPPSERVER10|Receiver.cpp|00052|01-03-2016 21:07:54:367|~IN~]Sending Bind Responc:ussdclient
[SMPPSERVER10|TcpServer.cpp|00202|01-03-2016 21:07:55:368|~IN~] Client connected from 
[SMPPSERVER10|TcpServer.cpp|00223|01-03-2016 21:07:55:368|~IN~]Started ClientThread[0x8264c60]
[SMPPSERVER10|Receiver.cpp|00025|01-03-2016 21:07:56:370|~IN~]Receiveing the data
[SMPPSERVER10|Receiver.cpp|00040|01-03-2016 21:08:02:381|~ER~]Clinet Disconnection happend
[SMPPSERVER10|TcpServer.cpp|00228|01-03-2016 21:08:02:381|~ER~]Clint Has Discoonected From 
[SMPPSERVER10|TcpServer.cpp|00245|01-03-2016 21:08:02:381|~CR~]Clinet  Disconnected
[SMPPSERVER10|Receiver.cpp|00025|01-03-2016 21:08:02:382|~IN~]Receiveing the data
[SMPPSERVER10|Receiver.cpp|00040|01-03-2016 21:08:02:382|~ER~]Clinet Disconnection happend
[SMPPSERVER10|TcpServer.cpp|00197|01-03-2016 21:08:03:384|~ER~]Accept failed 
[SMPPSERVER10|Receiver.cpp|00025|01-03-2016 21:08:04:385|~IN~]Receiveing the data
[SMPPSERVER10|Receiver.cpp|00043|01-03-2016 21:08:05:387|~IN~]Receiveing the data from SMPP Clinet:57
[SMPPSERVER10|Receiver.cpp|00052|01-03-2016 21:08:05:387|~IN~]Sending Bind Responc:ussdclient
[SMPPSERVER10|TcpServer.cpp|00202|01-03-2016 21:08:06:389|~IN~] Client connected from 
[SMPPSERVER10|TcpServer.cpp|00223|01-03-2016 21:08:06:389|~IN~]Started ClientThread[0x8264c60]
[SMPPSERVER10|Receiver.cpp|00025|01-03-2016 21:08:07:392|~IN~]Receiveing the data
[SMPPSERVER10|Receiver.cpp|00040|01-03-2016 21:08:13:402|~ER~]Clinet Disconnection happend
[SMPPSERVER10|TcpServer.cpp|00228|01-03-2016 21:08:13:402|~ER~]Clint Has Discoonected From 
[SMPPSERVER10|TcpServer.cpp|00245|01-03-2016 21:08:13:402|~CR~]Clinet  Disconnected
[SMPPSERVER10|Receiver.cpp|00025|01-03-2016 21:08:13:402|~IN~]Receiveing the data
[SMPPSERVER10|Receiver.cpp|00040|01-03-2016 21:08:13:403|~ER~]Clinet Disconnection happend
[SMPPSERVER10|TcpServer.cpp|00197|01-03-2016 21:08:14:405|~ER~]Accept failed 
[SMPPSERVER10|Receiver.cpp|00025|01-03-2016 21:08:15:407|~IN~]Receiveing the data
[SMPPSERVER10|Receiver.cpp|00043|01-03-2016 21:08:16:409|~IN~]Receiveing the data from SMPP Clinet:57
[SMPPSERVER10|Receiver.cpp|00052|01-03-2016 21:08:16:409|~IN~]Sending Bind Responc:ussdclient
[SMPPSERVER10|TcpServer.cpp|00202|01-03-2016 21:08:17:411|~IN~] Client connected from 
[SMPPSERVER10|TcpServer.cpp|00223|01-03-2016 21:08:17:411|~IN~]Started ClientThread[0x8264c60]
[SMPPSERVER10|Receiver.cpp|00025|01-03-2016 21:08:18:414|~IN~]Receiveing the data
[SMPPSERVER10|Receiver.cpp|00040|01-03-2016 21:08:24:426|~ER~]Clinet Disconnection happend
[SMPPSERVER10|TcpServer.cpp|00228|01-03-2016 21:08:24:426|~ER~]Clint Has Discoonected From 
[SMPPSERVER10|TcpServer.cpp|00245|01-03-2016 21:08:24:426|~CR~]Clinet  Disconnected
[SMPPSERVER10|Receiver.cpp|00025|01-03-2016 21:08:24:426|~IN~]Receiveing the data
[SMPPSERVER10|Receiver.cpp|00040|01-03-2016 21:08:24:426|~ER~]Clinet Disconnection happend
[SMPPSERVER10|TcpServer.cpp|00197|01-03-2016 21:08:25:429|~ER~]Accept failed 
[SMPPSERVER10|Receiver.cpp|00025|01-03-2016 21:08:26:431|~IN~]Receiveing the data
[SMPPSERVER10|Receiver.cpp|00043|01-03-2016 21:08:27:433|~IN~]Receiveing the data from SMPP Clinet:57
[SMPPSERVER10|Receiver.cpp|00052|01-03-2016 21:08:27:433|~IN~]Sending Bind Responc:ussdclient
[SMPPSERVER10|TcpServer.cpp|00202|01-03-2016 21:08:28:435|~IN~] Client connected from 
[SMPPSERVER10|TcpServer.cpp|00223|01-03-2016 21:08:28:436|~IN~]Started ClientThread[0x8264c60]
[SMPPSERVER10|Receiver.cpp|00025|01-03-2016 21:08:29:437|~IN~]Receiveing the data
[SMPPSERVER10|Receiver.cpp|00040|01-03-2016 21:08:35:450|~ER~]Clinet Disconnection happend
[SMPPSERVER10|TcpServer.cpp|00228|01-03-2016 21:08:35:450|~ER~]Clint Has Discoonected From 
[SMPPSERVER10|TcpServer.cpp|00245|01-03-2016 21:08:35:450|~CR~]Clinet  Disconnected
[SMPPSERVER10|Receiver.cpp|00025|01-03-2016 21:08:35:450|~IN~]Receiveing the data
[SMPPSERVER10|Receiver.cpp|00040|01-03-2016 21:08:35:450|~ER~]Clinet Disconnection happend
[SMPPSERVER10|TcpServer.cpp|00197|01-03-2016 21:08:36:452|~ER~]Accept failed 
[SMPPSERVER10|Receiver.cpp|00025|01-03-2016 21:08:37:453|~IN~]Receiveing the data
[SMPPSERVER10|Receiver.cpp|00043|01-03-2016 21:08:38:455|~IN~]Receiveing the data from SMPP Clinet:57
[SMPPSERVER10|Receiver.cpp|00052|01-03-2016 21:08:38:455|~IN~]Sending Bind Responc:ussdclient
[SMPPSERVER10|TcpServer.cpp|00202|01-03-2016 21:08:39:457|~IN~] Client connected from 
[SMPPSERVER10|TcpServer.cpp|00223|01-03-2016 21:08:39:457|~IN~]Started ClientThread[0x8264c60]
[SMPPSERVER10|Receiver.cpp|00025|01-03-2016 21:08:40:460|~IN~]Receiveing the data
[SMPPSERVER10|Receiver.cpp|00040|01-03-2016 21:08:46:471|~ER~]Clinet Disconnection happend
[SMPPSERVER10|TcpServer.cpp|00228|01-03-2016 21:08:46:471|~ER~]Clint Has Discoonected From 
[SMPPSERVER10|TcpServer.cpp|00245|01-03-2016 21:08:46:471|~CR~]Clinet  Disconnected
[SMPPSERVER10|Receiver.cpp|00025|01-03-2016 21:08:46:471|~IN~]Receiveing the data
[SMPPSERVER10|Receiver.cpp|00040|01-03-2016 21:08:46:471|~ER~]Clinet Disconnection happend
[SMPPSERVER10|TcpServer.cpp|00197|01-03-2016 21:08:47:474|~ER~]Accept failed 
[SMPPSERVER10|Receiver.cpp|00025|01-03-2016 21:08:48:475|~IN~]Receiveing the data
[SMPPSERVER10|Receiver.cpp|00043|01-03-2016 21:08:49:476|~IN~]Receiveing the data from SMPP Clinet:57
[SMPPSERVER10|Receiver.cpp|00052|01-03-2016 21:08:49:476|~IN~]Sending Bind Responc:ussdclient
[SMPPSERVER10|TcpServer.cpp|00202|01-03-2016 21:08:50:478|~IN~] Client connected from 
[SMPPSERVER10|TcpServer.cpp|00223|01-03-2016 21:08:50:478|~IN~]Started ClientThread[0x8264c60]
[SMPPSERVER10|Receiver.cpp|00025|01-03-2016 21:08:51:480|~IN~]Receiveing the data
[SMPPSERVER10|Receiver.cpp|00040|01-03-2016 21:08:57:491|~ER~]Clinet Disconnection happend
[SMPPSERVER10|TcpServer.cpp|00228|01-03-2016 21:08:57:491|~ER~]Clint Has Discoonected From 
[SMPPSERVER10|TcpServer.cpp|00245|01-03-2016 21:08:57:492|~CR~]Clinet  Disconnected
[SMPPSERVER10|Receiver.cpp|00025|01-03-2016 21:08:57:492|~IN~]Receiveing the data
[SMPPSERVER10|Receiver.cpp|00040|01-03-2016 21:08:57:492|~ER~]Clinet Disconnection happend
[SMPPSERVER10|TcpServer.cpp|00197|01-03-2016 21:08:58:494|~ER~]Accept failed 
[SMPPSERVER10|Receiver.cpp|00025|01-03-2016 21:08:59:496|~IN~]Receiveing the data
[SMPPSERVER10|Receiver.cpp|00043|01-03-2016 21:09:00:499|~IN~]Receiveing the data from SMPP Clinet:57
[SMPPSERVER10|Receiver.cpp|00052|01-03-2016 21:09:00:499|~IN~]Sending Bind Responc:ussdclient
[SMPPSERVER10|TcpServer.cpp|00202|01-03-2016 21:09:01:500|~IN~] Client connected from 
[SMPPSERVER10|TcpServer.cpp|00223|01-03-2016 21:09:01:500|~IN~]Started ClientThread[0x8264c60]
[SMPPSERVER10|Receiver.cpp|00025|01-03-2016 21:09:02:502|~IN~]Receiveing the data
[SMPPSERVER10|Receiver.cpp|00040|01-03-2016 21:09:08:513|~ER~]Clinet Disconnection happend
[SMPPSERVER10|TcpServer.cpp|00228|01-03-2016 21:09:08:513|~ER~]Clint Has Discoonected From 
[SMPPSERVER10|TcpServer.cpp|00245|01-03-2016 21:09:08:513|~CR~]Clinet  Disconnected
[SMPPSERVER10|Receiver.cpp|00025|01-03-2016 21:09:08:513|~IN~]Receiveing the data
[SMPPSERVER10|Receiver.cpp|00040|01-03-2016 21:09:08:514|~ER~]Clinet Disconnection happend
[SMPPSERVER10|TcpServer.cpp|00197|01-03-2016 21:09:09:516|~ER~]Accept failed 
[SMPPSERVER10|Receiver.cpp|00025|01-03-2016 21:09:10:518|~IN~]Receiveing the data
[SMPPSERVER10|Receiver.cpp|00043|01-03-2016 21:09:11:520|~IN~]Receiveing the data from SMPP Clinet:57
[SMPPSERVER10|Receiver.cpp|00052|01-03-2016 21:09:11:520|~IN~]Sending Bind Responc:ussdclient
[SMPPSERVER10|TcpServer.cpp|00202|01-03-2016 21:09:12:523|~IN~] Client connected from 
[SMPPSERVER10|TcpServer.cpp|00223|01-03-2016 21:09:12:523|~IN~]Started ClientThread[0x8264c60]
[SMPPSERVER10|Receiver.cpp|00025|01-03-2016 21:09:13:525|~IN~]Receiveing the data
[SMPPSERVER10|Receiver.cpp|00040|01-03-2016 21:09:19:536|~ER~]Clinet Disconnection happend
[SMPPSERVER10|TcpServer.cpp|00228|01-03-2016 21:09:19:536|~ER~]Clint Has Discoonected From 
[SMPPSERVER10|TcpServer.cpp|00245|01-03-2016 21:09:19:536|~CR~]Clinet  Disconnected
[SMPPSERVER10|Receiver.cpp|00025|01-03-2016 21:09:19:536|~IN~]Receiveing the data
[SMPPSERVER10|Receiver.cpp|00040|01-03-2016 21:09:19:536|~ER~]Clinet Disconnection happend
[SMPPSERVER10|TcpServer.cpp|00197|01-03-2016 21:09:20:538|~ER~]Accept failed 
[SMPPSERVER10|Receiver.cpp|00025|01-03-2016 21:09:21:540|~IN~]Receiveing the data
[SMPPSERVER10|Receiver.cpp|00043|01-03-2016 21:09:22:541|~IN~]Receiveing the data from SMPP Clinet:57
[SMPPSERVER10|Receiver.cpp|00052|01-03-2016 21:09:22:541|~IN~]Sending Bind Responc:ussdclient
[SMPPSERVER10|TcpServer.cpp|00202|01-03-2016 21:09:23:544|~IN~] Client connected from 
[SMPPSERVER10|TcpServer.cpp|00223|01-03-2016 21:09:23:544|~IN~]Started ClientThread[0x8264c60]
[SMPPSERVER10|Receiver.cpp|00025|01-03-2016 21:09:24:546|~IN~]Receiveing the data
[SMPPSERVER10|Receiver.cpp|00040|01-03-2016 21:09:30:558|~ER~]Clinet Disconnection happend
[SMPPSERVER10|TcpServer.cpp|00228|01-03-2016 21:09:30:558|~ER~]Clint Has Discoonected From 
[SMPPSERVER10|TcpServer.cpp|00245|01-03-2016 21:09:30:558|~CR~]Clinet  Disconnected
[SMPPSERVER10|Receiver.cpp|00025|01-03-2016 21:09:30:558|~IN~]Receiveing the data
[SMPPSERVER10|Receiver.cpp|00040|01-03-2016 21:09:30:558|~ER~]Clinet Disconnection happend
[SMPPSERVER10|TcpServer.cpp|00197|01-03-2016 21:09:31:560|~ER~]Accept failed 
[SMPPSERVER10|Receiver.cpp|00025|01-03-2016 21:09:32:563|~IN~]Receiveing the data
[SMPPSERVER10|Receiver.cpp|00043|01-03-2016 21:09:33:565|~IN~]Receiveing the data from SMPP Clinet:57
[SMPPSERVER10|Receiver.cpp|00052|01-03-2016 21:09:33:565|~IN~]Sending Bind Responc:ussdclient
[SMPPSERVER10|TcpServer.cpp|00202|01-03-2016 21:09:34:566|~IN~] Client connected from 
[SMPPSERVER10|TcpServer.cpp|00223|01-03-2016 21:09:34:566|~IN~]Started ClientThread[0x8264c60]
[SMPPSERVER10|Receiver.cpp|00025|01-03-2016 21:09:35:568|~IN~]Receiveing the data
[SMPPSERVER10|Receiver.cpp|00040|01-03-2016 21:09:41:580|~ER~]Clinet Disconnection happend
[SMPPSERVER10|TcpServer.cpp|00228|01-03-2016 21:09:41:580|~ER~]Clint Has Discoonected From 
[SMPPSERVER10|TcpServer.cpp|00245|01-03-2016 21:09:41:580|~CR~]Clinet  Disconnected
[SMPPSERVER10|Receiver.cpp|00025|01-03-2016 21:09:41:581|~IN~]Receiveing the data
[SMPPSERVER10|Receiver.cpp|00040|01-03-2016 21:09:41:581|~ER~]Clinet Disconnection happend
[SMPPSERVER10|TcpServer.cpp|00197|01-03-2016 21:09:42:582|~ER~]Accept failed 
[SMPPSERVER10|Receiver.cpp|00025|01-03-2016 21:09:43:585|~IN~]Receiveing the data
[SMPPSERVER10|Receiver.cpp|00043|01-03-2016 21:09:44:587|~IN~]Receiveing the data from SMPP Clinet:57
[SMPPSERVER10|Receiver.cpp|00052|01-03-2016 21:09:44:587|~IN~]Sending Bind Responc:ussdclient
[SMPPSERVER10|TcpServer.cpp|00202|01-03-2016 21:09:45:589|~IN~] Client connected from 
[SMPPSERVER10|TcpServer.cpp|00223|01-03-2016 21:09:45:589|~IN~]Started ClientThread[0x8264c60]
[SMPPSERVER10|Receiver.cpp|00025|01-03-2016 21:09:46:592|~IN~]Receiveing the data
[SMPPSERVER10|Receiver.cpp|00040|01-03-2016 21:09:52:602|~ER~]Clinet Disconnection happend
[SMPPSERVER10|TcpServer.cpp|00228|01-03-2016 21:09:52:602|~ER~]Clint Has Discoonected From 
[SMPPSERVER10|TcpServer.cpp|00245|01-03-2016 21:09:52:602|~CR~]Clinet  Disconnected
[SMPPSERVER10|Receiver.cpp|00025|01-03-2016 21:09:52:602|~IN~]Receiveing the data
[SMPPSERVER10|Receiver.cpp|00040|01-03-2016 21:09:52:602|~ER~]Clinet Disconnection happend
[SMPPSERVER10|TcpServer.cpp|00197|01-03-2016 21:09:53:605|~ER~]Accept failed 
[SMPPSERVER10|Receiver.cpp|00025|01-03-2016 21:09:54:606|~IN~]Receiveing the data
[SMPPSERVER10|Receiver.cpp|00043|01-03-2016 21:09:55:609|~IN~]Receiveing the data from SMPP Clinet:57
[SMPPSERVER10|Receiver.cpp|00052|01-03-2016 21:09:55:609|~IN~]Sending Bind Responc:ussdclient
[SMPPSERVER10|TcpServer.cpp|00202|01-03-2016 21:09:56:611|~IN~] Client connected from 
[SMPPSERVER10|TcpServer.cpp|00223|01-03-2016 21:09:56:611|~IN~]Started ClientThread[0x8264c60]
[SMPPSERVER10|Receiver.cpp|00025|01-03-2016 21:09:57:613|~IN~]Receiveing the data
[SMPPSERVER10|Receiver.cpp|00040|01-03-2016 21:10:03:625|~ER~]Clinet Disconnection happend
[SMPPSERVER10|TcpServer.cpp|00228|01-03-2016 21:10:03:625|~ER~]Clint Has Discoonected From 
[SMPPSERVER10|TcpServer.cpp|00245|01-03-2016 21:10:03:625|~CR~]Clinet  Disconnected
[SMPPSERVER10|Receiver.cpp|00025|01-03-2016 21:10:03:626|~IN~]Receiveing the data
[SMPPSERVER10|Receiver.cpp|00040|01-03-2016 21:10:03:626|~ER~]Clinet Disconnection happend
[SMPPSERVER10|TcpServer.cpp|00197|01-03-2016 21:10:04:628|~ER~]Accept failed 
[SMPPSERVER10|Receiver.cpp|00025|01-03-2016 21:10:05:629|~IN~]Receiveing the data
[SMPPSERVER10|Receiver.cpp|00043|01-03-2016 21:10:06:630|~IN~]Receiveing the data from SMPP Clinet:57
[SMPPSERVER10|Receiver.cpp|00052|01-03-2016 21:10:06:630|~IN~]Sending Bind Responc:ussdclient
[SMPPSERVER10|TcpServer.cpp|00202|01-03-2016 21:10:07:632|~IN~] Client connected from 
[SMPPSERVER10|TcpServer.cpp|00223|01-03-2016 21:10:07:633|~IN~]Started ClientThread[0x8264c60]
[SMPPSERVER10|Receiver.cpp|00025|01-03-2016 21:10:08:634|~IN~]Receiveing the data
[SMPPSERVER10|Receiver.cpp|00040|01-03-2016 21:10:14:649|~ER~]Clinet Disconnection happend
[SMPPSERVER10|TcpServer.cpp|00228|01-03-2016 21:10:14:649|~ER~]Clint Has Discoonected From 
[SMPPSERVER10|TcpServer.cpp|00245|01-03-2016 21:10:14:649|~CR~]Clinet  Disconnected
[SMPPSERVER10|Receiver.cpp|00025|01-03-2016 21:10:14:649|~IN~]Receiveing the data
[SMPPSERVER10|Receiver.cpp|00040|01-03-2016 21:10:14:649|~ER~]Clinet Disconnection happend
[SMPPSERVER10|TcpServer.cpp|00197|01-03-2016 21:10:15:651|~ER~]Accept failed 
[SMPPSERVER10|Receiver.cpp|00025|01-03-2016 21:10:16:654|~IN~]Receiveing the data
[SMPPSERVER10|Receiver.cpp|00043|01-03-2016 21:10:17:656|~IN~]Receiveing the data from SMPP Clinet:57
[SMPPSERVER10|Receiver.cpp|00052|01-03-2016 21:10:17:656|~IN~]Sending Bind Responc:ussdclient
[SMPPSERVER10|TcpServer.cpp|00202|01-03-2016 21:10:18:658|~IN~] Client connected from 
[SMPPSERVER10|TcpServer.cpp|00223|01-03-2016 21:10:18:658|~IN~]Started ClientThread[0x8264c60]
[SMPPSERVER10|Receiver.cpp|00025|01-03-2016 21:10:19:659|~IN~]Receiveing the data
[SMPPSERVER10|Receiver.cpp|00040|01-03-2016 21:10:25:672|~ER~]Clinet Disconnection happend
[SMPPSERVER10|TcpServer.cpp|00228|01-03-2016 21:10:25:672|~ER~]Clint Has Discoonected From 
[SMPPSERVER10|TcpServer.cpp|00245|01-03-2016 21:10:25:672|~CR~]Clinet  Disconnected
[SMPPSERVER10|Receiver.cpp|00025|01-03-2016 21:10:25:672|~IN~]Receiveing the data
[SMPPSERVER10|Receiver.cpp|00040|01-03-2016 21:10:25:672|~ER~]Clinet Disconnection happend
[SMPPSERVER10|TcpServer.cpp|00197|01-03-2016 21:10:26:674|~ER~]Accept failed 
[SMPPSERVER10|Receiver.cpp|00025|01-03-2016 21:10:27:675|~IN~]Receiveing the data
[SMPPSERVER10|Receiver.cpp|00043|01-03-2016 21:10:28:678|~IN~]Receiveing the data from SMPP Clinet:57
[SMPPSERVER10|Receiver.cpp|00052|01-03-2016 21:10:28:678|~IN~]Sending Bind Responc:ussdclient
[SMPPSERVER10|TcpServer.cpp|00202|01-03-2016 21:10:29:680|~IN~] Client connected from 
[SMPPSERVER10|TcpServer.cpp|00223|01-03-2016 21:10:29:680|~IN~]Started ClientThread[0x8264c60]
[SMPPSERVER10|Receiver.cpp|00025|01-03-2016 21:10:30:692|~IN~]Receiveing the data
[SMPPSERVER10|Receiver.cpp|00040|01-03-2016 21:10:36:698|~ER~]Clinet Disconnection happend
[SMPPSERVER10|TcpServer.cpp|00228|01-03-2016 21:10:36:698|~ER~]Clint Has Discoonected From 
[SMPPSERVER10|TcpServer.cpp|00245|01-03-2016 21:10:36:698|~CR~]Clinet  Disconnected
[SMPPSERVER10|Receiver.cpp|00025|01-03-2016 21:10:36:699|~IN~]Receiveing the data
[SMPPSERVER10|Receiver.cpp|00040|01-03-2016 21:10:36:699|~ER~]Clinet Disconnection happend
[SMPPSERVER10|TcpServer.cpp|00197|01-03-2016 21:10:37:701|~ER~]Accept failed 
[SMPPSERVER10|Receiver.cpp|00025|01-03-2016 21:10:38:703|~IN~]Receiveing the data
[SMPPSERVER10|Receiver.cpp|00043|01-03-2016 21:10:39:704|~IN~]Receiveing the data from SMPP Clinet:57
[SMPPSERVER10|Receiver.cpp|00052|01-03-2016 21:10:39:705|~IN~]Sending Bind Responc:ussdclient
[SMPPSERVER10|TcpServer.cpp|00202|01-03-2016 21:10:40:706|~IN~] Client connected from 
[SMPPSERVER10|TcpServer.cpp|00223|01-03-2016 21:10:40:706|~IN~]Started ClientThread[0x8264c60]
[SMPPSERVER10|Receiver.cpp|00025|01-03-2016 21:10:41:709|~IN~]Receiveing the data
[SMPPSERVER10|Receiver.cpp|00040|01-03-2016 21:10:47:720|~ER~]Clinet Disconnection happend
[SMPPSERVER10|TcpServer.cpp|00228|01-03-2016 21:10:47:720|~ER~]Clint Has Discoonected From 
[SMPPSERVER10|TcpServer.cpp|00245|01-03-2016 21:10:47:720|~CR~]Clinet  Disconnected
[SMPPSERVER10|Receiver.cpp|00025|01-03-2016 21:10:47:720|~IN~]Receiveing the data
[SMPPSERVER10|Receiver.cpp|00040|01-03-2016 21:10:47:720|~ER~]Clinet Disconnection happend
[SMPPSERVER10|TcpServer.cpp|00197|01-03-2016 21:10:48:723|~ER~]Accept failed 
[SMPPSERVER10|Receiver.cpp|00025|01-03-2016 21:10:49:725|~IN~]Receiveing the data
[SMPPSERVER10|Receiver.cpp|00043|01-03-2016 21:10:50:727|~IN~]Receiveing the data from SMPP Clinet:57
[SMPPSERVER10|Receiver.cpp|00052|01-03-2016 21:10:50:727|~IN~]Sending Bind Responc:ussdclient
[SMPPSERVER10|TcpServer.cpp|00202|01-03-2016 21:10:51:729|~IN~] Client connected from 
[SMPPSERVER10|TcpServer.cpp|00223|01-03-2016 21:10:51:729|~IN~]Started ClientThread[0x8264c60]
[SMPPSERVER10|Receiver.cpp|00025|01-03-2016 21:10:52:730|~IN~]Receiveing the data
[SMPPSERVER10|Receiver.cpp|00040|01-03-2016 21:10:58:742|~ER~]Clinet Disconnection happend
[SMPPSERVER10|TcpServer.cpp|00228|01-03-2016 21:10:58:742|~ER~]Clint Has Discoonected From 
[SMPPSERVER10|TcpServer.cpp|00245|01-03-2016 21:10:58:742|~CR~]Clinet  Disconnected
[SMPPSERVER10|Receiver.cpp|00025|01-03-2016 21:10:58:742|~IN~]Receiveing the data
[SMPPSERVER10|Receiver.cpp|00040|01-03-2016 21:10:58:742|~ER~]Clinet Disconnection happend
[SMPPSERVER10|TcpServer.cpp|00197|01-03-2016 21:10:59:744|~ER~]Accept failed 
[SMPPSERVER10|Receiver.cpp|00025|01-03-2016 21:11:00:746|~IN~]Receiveing the data
[SMPPSERVER10|Receiver.cpp|00043|01-03-2016 21:11:01:748|~IN~]Receiveing the data from SMPP Clinet:57
[SMPPSERVER10|Receiver.cpp|00052|01-03-2016 21:11:01:748|~IN~]Sending Bind Responc:ussdclient
[SMPPSERVER10|TcpServer.cpp|00202|01-03-2016 21:11:02:750|~IN~] Client connected from 
[SMPPSERVER10|TcpServer.cpp|00223|01-03-2016 21:11:02:751|~IN~]Started ClientThread[0x8264c60]
[SMPPSERVER10|Receiver.cpp|00025|01-03-2016 21:11:03:753|~IN~]Receiveing the data
[SMPPSERVER10|Receiver.cpp|00040|01-03-2016 21:11:09:765|~ER~]Clinet Disconnection happend
[SMPPSERVER10|TcpServer.cpp|00228|01-03-2016 21:11:09:765|~ER~]Clint Has Discoonected From 
[SMPPSERVER10|TcpServer.cpp|00245|01-03-2016 21:11:09:765|~CR~]Clinet  Disconnected
[SMPPSERVER10|Receiver.cpp|00025|01-03-2016 21:11:09:765|~IN~]Receiveing the data
[SMPPSERVER10|Receiver.cpp|00040|01-03-2016 21:11:09:765|~ER~]Clinet Disconnection happend
[SMPPSERVER10|TcpServer.cpp|00197|01-03-2016 21:11:10:768|~ER~]Accept failed 
[SMPPSERVER10|Receiver.cpp|00025|01-03-2016 21:11:11:769|~IN~]Receiveing the data
[SMPPSERVER10|Receiver.cpp|00043|01-03-2016 21:11:12:770|~IN~]Receiveing the data from SMPP Clinet:57
[SMPPSERVER10|Receiver.cpp|00052|01-03-2016 21:11:12:770|~IN~]Sending Bind Responc:ussdclient
[SMPPSERVER10|TcpServer.cpp|00202|01-03-2016 21:11:13:773|~IN~] Client connected from 
[SMPPSERVER10|TcpServer.cpp|00223|01-03-2016 21:11:13:773|~IN~]Started ClientThread[0x8264c60]
[SMPPSERVER10|Receiver.cpp|00025|01-03-2016 21:11:14:776|~IN~]Receiveing the data
[SMPPSERVER10|Receiver.cpp|00040|01-03-2016 21:11:20:785|~ER~]Clinet Disconnection happend
[SMPPSERVER10|TcpServer.cpp|00228|01-03-2016 21:11:20:786|~ER~]Clint Has Discoonected From 
[SMPPSERVER10|TcpServer.cpp|00245|01-03-2016 21:11:20:786|~CR~]Clinet  Disconnected
[SMPPSERVER10|Receiver.cpp|00025|01-03-2016 21:11:20:786|~IN~]Receiveing the data
[SMPPSERVER10|Receiver.cpp|00040|01-03-2016 21:11:20:786|~ER~]Clinet Disconnection happend
[SMPPSERVER10|TcpServer.cpp|00197|01-03-2016 21:11:21:788|~ER~]Accept failed 
[SMPPSERVER10|Receiver.cpp|00025|01-03-2016 21:11:22:790|~IN~]Receiveing the data
[SMPPSERVER10|Receiver.cpp|00043|01-03-2016 21:11:23:792|~IN~]Receiveing the data from SMPP Clinet:57
[SMPPSERVER10|Receiver.cpp|00052|01-03-2016 21:11:23:792|~IN~]Sending Bind Responc:ussdclient
[SMPPSERVER10|TcpServer.cpp|00202|01-03-2016 21:11:24:793|~IN~] Client connected from 
[SMPPSERVER10|TcpServer.cpp|00223|01-03-2016 21:11:24:793|~IN~]Started ClientThread[0x8264c60]
[SMPPSERVER10|Receiver.cpp|00025|01-03-2016 21:11:25:796|~IN~]Receiveing the data
[SMPPSERVER10|Receiver.cpp|00040|01-03-2016 21:11:31:806|~ER~]Clinet Disconnection happend
[SMPPSERVER10|TcpServer.cpp|00228|01-03-2016 21:11:31:806|~ER~]Clint Has Discoonected From 
[SMPPSERVER10|TcpServer.cpp|00245|01-03-2016 21:11:31:806|~CR~]Clinet  Disconnected
[SMPPSERVER10|Receiver.cpp|00025|01-03-2016 21:11:31:807|~IN~]Receiveing the data
[SMPPSERVER10|Receiver.cpp|00040|01-03-2016 21:11:31:807|~ER~]Clinet Disconnection happend
[SMPPSERVER10|TcpServer.cpp|00197|01-03-2016 21:11:32:809|~ER~]Accept failed 
[SMPPSERVER10|Receiver.cpp|00025|01-03-2016 21:11:33:810|~IN~]Receiveing the data
[SMPPSERVER10|Receiver.cpp|00043|01-03-2016 21:11:34:812|~IN~]Receiveing the data from SMPP Clinet:57
[SMPPSERVER10|Receiver.cpp|00052|01-03-2016 21:11:34:812|~IN~]Sending Bind Responc:ussdclient
[SMPPSERVER10|TcpServer.cpp|00202|01-03-2016 21:11:35:814|~IN~] Client connected from 
[SMPPSERVER10|TcpServer.cpp|00223|01-03-2016 21:11:35:814|~IN~]Started ClientThread[0x8264c60]
[SMPPSERVER10|Receiver.cpp|00025|01-03-2016 21:11:36:816|~IN~]Receiveing the data
[SMPPSERVER10|Receiver.cpp|00040|01-03-2016 21:11:42:828|~ER~]Clinet Disconnection happend
[SMPPSERVER10|TcpServer.cpp|00228|01-03-2016 21:11:42:828|~ER~]Clint Has Discoonected From 
[SMPPSERVER10|TcpServer.cpp|00245|01-03-2016 21:11:42:828|~CR~]Clinet  Disconnected
[SMPPSERVER10|Receiver.cpp|00025|01-03-2016 21:11:42:828|~IN~]Receiveing the data
[SMPPSERVER10|Receiver.cpp|00040|01-03-2016 21:11:42:828|~ER~]Clinet Disconnection happend
[SMPPSERVER10|TcpServer.cpp|00197|01-03-2016 21:11:43:830|~ER~]Accept failed 
[SMPPSERVER10|Receiver.cpp|00025|01-03-2016 21:11:44:832|~IN~]Receiveing the data
[SMPPSERVER10|Receiver.cpp|00043|01-03-2016 21:11:45:834|~IN~]Receiveing the data from SMPP Clinet:57
[SMPPSERVER10|Receiver.cpp|00052|01-03-2016 21:11:45:834|~IN~]Sending Bind Responc:ussdclient
[SMPPSERVER10|TcpServer.cpp|00202|01-03-2016 21:11:46:837|~IN~] Client connected from 
[SMPPSERVER10|TcpServer.cpp|00223|01-03-2016 21:11:46:837|~IN~]Started ClientThread[0x8264c60]
[SMPPSERVER10|Receiver.cpp|00025|01-03-2016 21:11:47:839|~IN~]Receiveing the data
[SMPPSERVER10|Receiver.cpp|00040|01-03-2016 21:11:53:851|~ER~]Clinet Disconnection happend
[SMPPSERVER10|TcpServer.cpp|00228|01-03-2016 21:11:53:851|~ER~]Clint Has Discoonected From 
[SMPPSERVER10|TcpServer.cpp|00245|01-03-2016 21:11:53:851|~CR~]Clinet  Disconnected
[SMPPSERVER10|Receiver.cpp|00025|01-03-2016 21:11:53:851|~IN~]Receiveing the data
[SMPPSERVER10|Receiver.cpp|00040|01-03-2016 21:11:53:851|~ER~]Clinet Disconnection happend
[SMPPSERVER10|TcpServer.cpp|00197|01-03-2016 21:11:54:853|~ER~]Accept failed 
[SMPPSERVER10|Receiver.cpp|00025|01-03-2016 21:11:55:855|~IN~]Receiveing the data
[SMPPSERVER10|Receiver.cpp|00043|01-03-2016 21:11:56:857|~IN~]Receiveing the data from SMPP Clinet:57
[SMPPSERVER10|Receiver.cpp|00052|01-03-2016 21:11:56:857|~IN~]Sending Bind Responc:ussdclient
[SMPPSERVER10|TcpServer.cpp|00202|01-03-2016 21:11:57:858|~IN~] Client connected from 
[SMPPSERVER10|TcpServer.cpp|00223|01-03-2016 21:11:57:858|~IN~]Started ClientThread[0x8264c60]
[SMPPSERVER10|Receiver.cpp|00025|01-03-2016 21:11:58:861|~IN~]Receiveing the data
[SMPPSERVER10|Receiver.cpp|00040|01-03-2016 21:12:04:872|~ER~]Clinet Disconnection happend
[SMPPSERVER10|TcpServer.cpp|00228|01-03-2016 21:12:04:872|~ER~]Clint Has Discoonected From 
[SMPPSERVER10|TcpServer.cpp|00245|01-03-2016 21:12:04:872|~CR~]Clinet  Disconnected
[SMPPSERVER10|Receiver.cpp|00025|01-03-2016 21:12:04:873|~IN~]Receiveing the data
[SMPPSERVER10|Receiver.cpp|00040|01-03-2016 21:12:04:873|~ER~]Clinet Disconnection happend
[SMPPSERVER10|TcpServer.cpp|00197|01-03-2016 21:12:05:874|~ER~]Accept failed 
[SMPPSERVER10|Receiver.cpp|00025|01-03-2016 21:12:06:877|~IN~]Receiveing the data
[SMPPSERVER10|Receiver.cpp|00043|01-03-2016 21:12:07:878|~IN~]Receiveing the data from SMPP Clinet:57
[SMPPSERVER10|Receiver.cpp|00052|01-03-2016 21:12:07:878|~IN~]Sending Bind Responc:ussdclient
[SMPPSERVER10|TcpServer.cpp|00202|01-03-2016 21:12:08:880|~IN~] Client connected from 
[SMPPSERVER10|TcpServer.cpp|00223|01-03-2016 21:12:08:880|~IN~]Started ClientThread[0x8264c60]
[SMPPSERVER10|Receiver.cpp|00025|01-03-2016 21:12:09:882|~IN~]Receiveing the data
[SMPPSERVER10|Receiver.cpp|00040|01-03-2016 21:12:15:892|~ER~]Clinet Disconnection happend
[SMPPSERVER10|TcpServer.cpp|00228|01-03-2016 21:12:15:893|~ER~]Clint Has Discoonected From 
[SMPPSERVER10|TcpServer.cpp|00245|01-03-2016 21:12:15:893|~CR~]Clinet  Disconnected
[SMPPSERVER10|Receiver.cpp|00025|01-03-2016 21:12:15:893|~IN~]Receiveing the data
[SMPPSERVER10|Receiver.cpp|00040|01-03-2016 21:12:15:893|~ER~]Clinet Disconnection happend
[SMPPSERVER10|TcpServer.cpp|00197|01-03-2016 21:12:16:895|~ER~]Accept failed 
[SMPPSERVER10|Receiver.cpp|00025|01-03-2016 21:12:17:896|~IN~]Receiveing the data
[SMPPSERVER10|Receiver.cpp|00043|01-03-2016 21:12:18:899|~IN~]Receiveing the data from SMPP Clinet:57
[SMPPSERVER10|Receiver.cpp|00052|01-03-2016 21:12:18:899|~IN~]Sending Bind Responc:ussdclient
[SMPPSERVER10|TcpServer.cpp|00202|01-03-2016 21:12:19:900|~IN~] Client connected from 
[SMPPSERVER10|TcpServer.cpp|00223|01-03-2016 21:12:19:900|~IN~]Started ClientThread[0x8264c60]
[SMPPSERVER10|Receiver.cpp|00025|01-03-2016 21:12:20:902|~IN~]Receiveing the data
[SMPPSERVER10|Receiver.cpp|00040|01-03-2016 21:12:26:914|~ER~]Clinet Disconnection happend
[SMPPSERVER10|TcpServer.cpp|00228|01-03-2016 21:12:26:914|~ER~]Clint Has Discoonected From 
[SMPPSERVER10|TcpServer.cpp|00245|01-03-2016 21:12:26:914|~CR~]Clinet  Disconnected
[SMPPSERVER10|Receiver.cpp|00025|01-03-2016 21:12:26:915|~IN~]Receiveing the data
[SMPPSERVER10|Receiver.cpp|00040|01-03-2016 21:12:26:915|~ER~]Clinet Disconnection happend
[SMPPSERVER10|TcpServer.cpp|00197|01-03-2016 21:12:27:917|~ER~]Accept failed 
[SMPPSERVER10|Receiver.cpp|00025|01-03-2016 21:12:28:918|~IN~]Receiveing the data
[SMPPSERVER10|Receiver.cpp|00043|01-03-2016 21:12:29:919|~IN~]Receiveing the data from SMPP Clinet:57
[SMPPSERVER10|Receiver.cpp|00052|01-03-2016 21:12:29:920|~IN~]Sending Bind Responc:ussdclient
[SMPPSERVER10|TcpServer.cpp|00202|01-03-2016 21:12:30:922|~IN~] Client connected from 
[SMPPSERVER10|TcpServer.cpp|00223|01-03-2016 21:12:30:922|~IN~]Started ClientThread[0x8264c60]
[SMPPSERVER10|Receiver.cpp|00025|01-03-2016 21:12:31:924|~IN~]Receiveing the data
[SMPPSERVER10|Receiver.cpp|00040|01-03-2016 21:12:37:936|~ER~]Clinet Disconnection happend
[SMPPSERVER10|TcpServer.cpp|00228|01-03-2016 21:12:37:936|~ER~]Clint Has Discoonected From 
[SMPPSERVER10|TcpServer.cpp|00245|01-03-2016 21:12:37:936|~CR~]Clinet  Disconnected
[SMPPSERVER10|Receiver.cpp|00025|01-03-2016 21:12:37:936|~IN~]Receiveing the data
[SMPPSERVER10|Receiver.cpp|00040|01-03-2016 21:12:37:936|~ER~]Clinet Disconnection happend
[SMPPSERVER10|TcpServer.cpp|00197|01-03-2016 21:12:38:939|~ER~]Accept failed 
[SMPPSERVER10|Receiver.cpp|00025|01-03-2016 21:12:39:941|~IN~]Receiveing the data
[SMPPSERVER10|Receiver.cpp|00043|01-03-2016 21:12:40:943|~IN~]Receiveing the data from SMPP Clinet:57
[SMPPSERVER10|Receiver.cpp|00052|01-03-2016 21:12:40:943|~IN~]Sending Bind Responc:ussdclient
[SMPPSERVER10|TcpServer.cpp|00202|01-03-2016 21:12:41:945|~IN~] Client connected from 
[SMPPSERVER10|TcpServer.cpp|00223|01-03-2016 21:12:41:945|~IN~]Started ClientThread[0x8264c60]
[SMPPSERVER10|Receiver.cpp|00025|01-03-2016 21:12:42:947|~IN~]Receiveing the data
[SMPPSERVER10|Receiver.cpp|00040|01-03-2016 21:12:48:960|~ER~]Clinet Disconnection happend
[SMPPSERVER10|TcpServer.cpp|00228|01-03-2016 21:12:48:960|~ER~]Clint Has Discoonected From 
[SMPPSERVER10|TcpServer.cpp|00245|01-03-2016 21:12:48:960|~CR~]Clinet  Disconnected
[SMPPSERVER10|Receiver.cpp|00025|01-03-2016 21:12:48:960|~IN~]Receiveing the data
[SMPPSERVER10|Receiver.cpp|00040|01-03-2016 21:12:48:960|~ER~]Clinet Disconnection happend
[SMPPSERVER10|TcpServer.cpp|00197|01-03-2016 21:12:49:962|~ER~]Accept failed 
[SMPPSERVER10|Receiver.cpp|00025|01-03-2016 21:12:50:964|~IN~]Receiveing the data
[SMPPSERVER10|Receiver.cpp|00043|01-03-2016 21:12:51:967|~IN~]Receiveing the data from SMPP Clinet:57
[SMPPSERVER10|Receiver.cpp|00052|01-03-2016 21:12:51:967|~IN~]Sending Bind Responc:ussdclient
[SMPPSERVER10|TcpServer.cpp|00202|01-03-2016 21:12:52:969|~IN~] Client connected from 
[SMPPSERVER10|TcpServer.cpp|00223|01-03-2016 21:12:52:970|~IN~]Started ClientThread[0x8264c60]
[SMPPSERVER10|Receiver.cpp|00025|01-03-2016 21:12:53:971|~IN~]Receiveing the data
[SMPPSERVER10|Receiver.cpp|00040|01-03-2016 21:12:59:982|~ER~]Clinet Disconnection happend
[SMPPSERVER10|TcpServer.cpp|00228|01-03-2016 21:12:59:982|~ER~]Clint Has Discoonected From 
[SMPPSERVER10|TcpServer.cpp|00245|01-03-2016 21:12:59:982|~CR~]Clinet  Disconnected
[SMPPSERVER10|Receiver.cpp|00025|01-03-2016 21:12:59:983|~IN~]Receiveing the data
[SMPPSERVER10|Receiver.cpp|00040|01-03-2016 21:12:59:983|~ER~]Clinet Disconnection happend
[SMPPSERVER10|TcpServer.cpp|00197|01-03-2016 21:13:00:985|~ER~]Accept failed 
[SMPPSERVER10|Receiver.cpp|00025|01-03-2016 21:13:01:987|~IN~]Receiveing the data
[SMPPSERVER10|Receiver.cpp|00043|01-03-2016 21:13:02:989|~IN~]Receiveing the data from SMPP Clinet:57
[SMPPSERVER10|Receiver.cpp|00052|01-03-2016 21:13:02:989|~IN~]Sending Bind Responc:ussdclient
[SMPPSERVER10|TcpServer.cpp|00202|01-03-2016 21:13:03:990|~IN~] Client connected from 
[SMPPSERVER10|TcpServer.cpp|00223|01-03-2016 21:13:03:990|~IN~]Started ClientThread[0x8264c60]
[SMPPSERVER10|Receiver.cpp|00025|01-03-2016 21:13:04:993|~IN~]Receiveing the data
[SMPPSERVER10|Receiver.cpp|00040|01-03-2016 21:13:11:003|~ER~]Clinet Disconnection happend
[SMPPSERVER10|TcpServer.cpp|00228|01-03-2016 21:13:11:003|~ER~]Clint Has Discoonected From 
[SMPPSERVER10|TcpServer.cpp|00245|01-03-2016 21:13:11:003|~CR~]Clinet  Disconnected
[SMPPSERVER10|Receiver.cpp|00025|01-03-2016 21:13:11:003|~IN~]Receiveing the data
[SMPPSERVER10|Receiver.cpp|00040|01-03-2016 21:13:11:004|~ER~]Clinet Disconnection happend
[SMPPSERVER10|TcpServer.cpp|00197|01-03-2016 21:13:12:006|~ER~]Accept failed 
[SMPPSERVER10|Receiver.cpp|00025|01-03-2016 21:13:13:007|~IN~]Receiveing the data
[SMPPSERVER10|Receiver.cpp|00043|01-03-2016 21:13:14:009|~IN~]Receiveing the data from SMPP Clinet:57
[SMPPSERVER10|Receiver.cpp|00052|01-03-2016 21:13:14:009|~IN~]Sending Bind Responc:ussdclient
[SMPPSERVER10|TcpServer.cpp|00202|01-03-2016 21:13:15:011|~IN~] Client connected from 
[SMPPSERVER10|TcpServer.cpp|00223|01-03-2016 21:13:15:011|~IN~]Started ClientThread[0x8264c60]
[SMPPSERVER10|Receiver.cpp|00025|01-03-2016 21:13:16:013|~IN~]Receiveing the data
[SMPPSERVER10|Receiver.cpp|00040|01-03-2016 21:13:22:024|~ER~]Clinet Disconnection happend
[SMPPSERVER10|TcpServer.cpp|00228|01-03-2016 21:13:22:024|~ER~]Clint Has Discoonected From 
[SMPPSERVER10|TcpServer.cpp|00245|01-03-2016 21:13:22:024|~CR~]Clinet  Disconnected
[SMPPSERVER10|Receiver.cpp|00025|01-03-2016 21:13:22:024|~IN~]Receiveing the data
[SMPPSERVER10|Receiver.cpp|00040|01-03-2016 21:13:22:024|~ER~]Clinet Disconnection happend
[SMPPSERVER10|TcpServer.cpp|00197|01-03-2016 21:13:23:026|~ER~]Accept failed 
[SMPPSERVER10|Receiver.cpp|00025|01-03-2016 21:13:24:028|~IN~]Receiveing the data
[SMPPSERVER10|Receiver.cpp|00043|01-03-2016 21:13:25:030|~IN~]Receiveing the data from SMPP Clinet:57
[SMPPSERVER10|Receiver.cpp|00052|01-03-2016 21:13:25:031|~IN~]Sending Bind Responc:ussdclient
[SMPPSERVER10|TcpServer.cpp|00202|01-03-2016 21:13:26:032|~IN~] Client connected from 
[SMPPSERVER10|TcpServer.cpp|00223|01-03-2016 21:13:26:033|~IN~]Started ClientThread[0x8264c60]
[SMPPSERVER10|Receiver.cpp|00025|01-03-2016 21:13:27:035|~IN~]Receiveing the data
[SMPPSERVER10|Receiver.cpp|00040|01-03-2016 21:13:33:046|~ER~]Clinet Disconnection happend
[SMPPSERVER10|TcpServer.cpp|00228|01-03-2016 21:13:33:046|~ER~]Clint Has Discoonected From 
[SMPPSERVER10|TcpServer.cpp|00245|01-03-2016 21:13:33:046|~CR~]Clinet  Disconnected
[SMPPSERVER10|Receiver.cpp|00025|01-03-2016 21:13:33:046|~IN~]Receiveing the data
[SMPPSERVER10|Receiver.cpp|00040|01-03-2016 21:13:33:046|~ER~]Clinet Disconnection happend
[SMPPSERVER10|TcpServer.cpp|00197|01-03-2016 21:13:34:048|~ER~]Accept failed 
[SMPPSERVER10|Receiver.cpp|00025|01-03-2016 21:13:35:050|~IN~]Receiveing the data
[SMPPSERVER10|Receiver.cpp|00043|01-03-2016 21:13:36:052|~IN~]Receiveing the data from SMPP Clinet:57
[SMPPSERVER10|Receiver.cpp|00052|01-03-2016 21:13:36:052|~IN~]Sending Bind Responc:ussdclient
[SMPPSERVER10|TcpServer.cpp|00202|01-03-2016 21:13:37:055|~IN~] Client connected from 
[SMPPSERVER10|TcpServer.cpp|00223|01-03-2016 21:13:37:055|~IN~]Started ClientThread[0x8264c60]
[SMPPSERVER10|Receiver.cpp|00025|01-03-2016 21:13:38:057|~IN~]Receiveing the data
