[SMPPSERVER10|Receiver.cpp|00040|27-01-2016 21:56:05:704|~ER~]Clinet Disconnection happend
[SMPPSERVER10|TcpServer.cpp|00228|27-01-2016 21:56:05:758|~ER~]Clint Has Discoonected From 
[SMPPSERVER10|TcpServer.cpp|00245|27-01-2016 21:56:05:758|~CR~]Clinet  Disconnected
[SMPPSERVER10|Receiver.cpp|00025|27-01-2016 21:56:05:758|~IN~]Receiveing the data
[SMPPSERVER10|Receiver.cpp|00040|27-01-2016 21:56:05:758|~ER~]Clinet Disconnection happend
[SMPPSERVER10|TcpServer.cpp|00197|27-01-2016 21:56:06:759|~ER~]Accept failed 
[SMPPSERVER10|Receiver.cpp|00025|27-01-2016 21:56:07:709|~IN~]Receiveing the data
[SMPPSERVER10|Receiver.cpp|00043|27-01-2016 21:56:08:710|~IN~]Receiveing the data from SMPP Clinet:57
[SMPPSERVER10|Receiver.cpp|00052|27-01-2016 21:56:08:710|~IN~]Sending Bind Responc:ussdclient
[SMPPSERVER10|TcpServer.cpp|00202|27-01-2016 21:56:09:712|~IN~] Client connected from 
[SMPPSERVER10|TcpServer.cpp|00223|27-01-2016 21:56:09:712|~IN~]Started ClientThread[0x8264c60]
[SMPPSERVER10|Receiver.cpp|00025|27-01-2016 21:56:10:714|~IN~]Receiveing the data
[SMPPSERVER10|Receiver.cpp|00040|27-01-2016 21:56:16:724|~ER~]Clinet Disconnection happend
[SMPPSERVER10|TcpServer.cpp|00228|27-01-2016 21:56:16:725|~ER~]Clint Has Discoonected From 
[SMPPSERVER10|TcpServer.cpp|00245|27-01-2016 21:56:16:725|~CR~]Clinet  Disconnected
[SMPPSERVER10|Receiver.cpp|00025|27-01-2016 21:56:16:725|~IN~]Receiveing the data
[SMPPSERVER10|Receiver.cpp|00040|27-01-2016 21:56:16:725|~ER~]Clinet Disconnection happend
[SMPPSERVER10|TcpServer.cpp|00197|27-01-2016 21:56:17:727|~ER~]Accept failed 
[SMPPSERVER10|Receiver.cpp|00025|27-01-2016 21:56:18:729|~IN~]Receiveing the data
[SMPPSERVER10|Receiver.cpp|00043|27-01-2016 21:56:19:732|~IN~]Receiveing the data from SMPP Clinet:57
[SMPPSERVER10|Receiver.cpp|00052|27-01-2016 21:56:19:732|~IN~]Sending Bind Responc:ussdclient
[SMPPSERVER10|TcpServer.cpp|00202|27-01-2016 21:56:20:733|~IN~] Client connected from 
[SMPPSERVER10|TcpServer.cpp|00223|27-01-2016 21:56:20:733|~IN~]Started ClientThread[0x8264c60]
[SMPPSERVER10|Receiver.cpp|00025|27-01-2016 21:56:21:735|~IN~]Receiveing the data
[SMPPSERVER10|Receiver.cpp|00040|27-01-2016 21:56:27:746|~ER~]Clinet Disconnection happend
[SMPPSERVER10|TcpServer.cpp|00228|27-01-2016 21:56:27:746|~ER~]Clint Has Discoonected From 
[SMPPSERVER10|TcpServer.cpp|00245|27-01-2016 21:56:27:746|~CR~]Clinet  Disconnected
[SMPPSERVER10|Receiver.cpp|00025|27-01-2016 21:56:27:746|~IN~]Receiveing the data
[SMPPSERVER10|Receiver.cpp|00040|27-01-2016 21:56:27:747|~ER~]Clinet Disconnection happend
[SMPPSERVER10|TcpServer.cpp|00197|27-01-2016 21:56:28:748|~ER~]Accept failed 
[SMPPSERVER10|Receiver.cpp|00025|27-01-2016 21:56:29:750|~IN~]Receiveing the data
[SMPPSERVER10|Receiver.cpp|00043|27-01-2016 21:56:30:751|~IN~]Receiveing the data from SMPP Clinet:57
[SMPPSERVER10|Receiver.cpp|00052|27-01-2016 21:56:30:751|~IN~]Sending Bind Responc:ussdclient
[SMPPSERVER10|TcpServer.cpp|00202|27-01-2016 21:56:31:754|~IN~] Client connected from 
[SMPPSERVER10|TcpServer.cpp|00223|27-01-2016 21:56:31:754|~IN~]Started ClientThread[0x8264c60]
[SMPPSERVER10|Receiver.cpp|00025|27-01-2016 21:56:32:756|~IN~]Receiveing the data
[SMPPSERVER10|Receiver.cpp|00040|27-01-2016 21:56:38:767|~ER~]Clinet Disconnection happend
[SMPPSERVER10|TcpServer.cpp|00228|27-01-2016 21:56:38:767|~ER~]Clint Has Discoonected From 
[SMPPSERVER10|TcpServer.cpp|00245|27-01-2016 21:56:38:767|~CR~]Clinet  Disconnected
[SMPPSERVER10|Receiver.cpp|00025|27-01-2016 21:56:38:767|~IN~]Receiveing the data
[SMPPSERVER10|Receiver.cpp|00040|27-01-2016 21:56:38:768|~ER~]Clinet Disconnection happend
[SMPPSERVER10|TcpServer.cpp|00197|27-01-2016 21:56:39:769|~ER~]Accept failed 
[SMPPSERVER10|Receiver.cpp|00025|27-01-2016 21:56:40:771|~IN~]Receiveing the data
[SMPPSERVER10|Receiver.cpp|00043|27-01-2016 21:56:41:773|~IN~]Receiveing the data from SMPP Clinet:57
[SMPPSERVER10|Receiver.cpp|00052|27-01-2016 21:56:41:773|~IN~]Sending Bind Responc:ussdclient
[SMPPSERVER10|TcpServer.cpp|00202|27-01-2016 21:56:42:774|~IN~] Client connected from 
[SMPPSERVER10|TcpServer.cpp|00223|27-01-2016 21:56:42:775|~IN~]Started ClientThread[0x8264c60]
[SMPPSERVER10|Receiver.cpp|00025|27-01-2016 21:56:43:777|~IN~]Receiveing the data
[SMPPSERVER10|Receiver.cpp|00040|27-01-2016 21:56:49:790|~ER~]Clinet Disconnection happend
[SMPPSERVER10|TcpServer.cpp|00228|27-01-2016 21:56:49:790|~ER~]Clint Has Discoonected From 
[SMPPSERVER10|TcpServer.cpp|00245|27-01-2016 21:56:49:790|~CR~]Clinet  Disconnected
[SMPPSERVER10|Receiver.cpp|00025|27-01-2016 21:56:49:790|~IN~]Receiveing the data
[SMPPSERVER10|Receiver.cpp|00040|27-01-2016 21:56:49:790|~ER~]Clinet Disconnection happend
[SMPPSERVER10|TcpServer.cpp|00197|27-01-2016 21:56:50:793|~ER~]Accept failed 
[SMPPSERVER10|Receiver.cpp|00025|27-01-2016 21:56:51:794|~IN~]Receiveing the data
[SMPPSERVER10|Receiver.cpp|00043|27-01-2016 21:56:52:795|~IN~]Receiveing the data from SMPP Clinet:57
[SMPPSERVER10|Receiver.cpp|00052|27-01-2016 21:56:52:795|~IN~]Sending Bind Responc:ussdclient
[SMPPSERVER10|TcpServer.cpp|00202|27-01-2016 21:56:53:798|~IN~] Client connected from 
[SMPPSERVER10|TcpServer.cpp|00223|27-01-2016 21:56:53:798|~IN~]Started ClientThread[0x8264c60]
[SMPPSERVER10|Receiver.cpp|00025|27-01-2016 21:56:54:800|~IN~]Receiveing the data
[SMPPSERVER10|Receiver.cpp|00040|27-01-2016 21:57:00:810|~ER~]Clinet Disconnection happend
[SMPPSERVER10|TcpServer.cpp|00228|27-01-2016 21:57:00:810|~ER~]Clint Has Discoonected From 
[SMPPSERVER10|TcpServer.cpp|00245|27-01-2016 21:57:00:810|~CR~]Clinet  Disconnected
[SMPPSERVER10|Receiver.cpp|00025|27-01-2016 21:57:00:811|~IN~]Receiveing the data
[SMPPSERVER10|Receiver.cpp|00040|27-01-2016 21:57:00:811|~ER~]Clinet Disconnection happend
[SMPPSERVER10|TcpServer.cpp|00197|27-01-2016 21:57:01:813|~ER~]Accept failed 
[SMPPSERVER10|Receiver.cpp|00025|27-01-2016 21:57:02:815|~IN~]Receiveing the data
[SMPPSERVER10|Receiver.cpp|00043|27-01-2016 21:57:03:817|~IN~]Receiveing the data from SMPP Clinet:57
[SMPPSERVER10|Receiver.cpp|00052|27-01-2016 21:57:03:817|~IN~]Sending Bind Responc:ussdclient
[SMPPSERVER10|TcpServer.cpp|00202|27-01-2016 21:57:04:818|~IN~] Client connected from 
[SMPPSERVER10|TcpServer.cpp|00223|27-01-2016 21:57:04:818|~IN~]Started ClientThread[0x8264c60]
[SMPPSERVER10|Receiver.cpp|00025|27-01-2016 21:57:05:821|~IN~]Receiveing the data
[SMPPSERVER10|Receiver.cpp|00040|27-01-2016 21:57:11:831|~ER~]Clinet Disconnection happend
[SMPPSERVER10|TcpServer.cpp|00228|27-01-2016 21:57:11:831|~ER~]Clint Has Discoonected From 
[SMPPSERVER10|TcpServer.cpp|00245|27-01-2016 21:57:11:831|~CR~]Clinet  Disconnected
[SMPPSERVER10|Receiver.cpp|00025|27-01-2016 21:57:11:832|~IN~]Receiveing the data
[SMPPSERVER10|Receiver.cpp|00040|27-01-2016 21:57:11:832|~ER~]Clinet Disconnection happend
[SMPPSERVER10|TcpServer.cpp|00197|27-01-2016 21:57:12:834|~ER~]Accept failed 
[SMPPSERVER10|Receiver.cpp|00025|27-01-2016 21:57:13:835|~IN~]Receiveing the data
[SMPPSERVER10|Receiver.cpp|00043|27-01-2016 21:57:14:838|~IN~]Receiveing the data from SMPP Clinet:57
[SMPPSERVER10|Receiver.cpp|00052|27-01-2016 21:57:14:838|~IN~]Sending Bind Responc:ussdclient
[SMPPSERVER10|TcpServer.cpp|00202|27-01-2016 21:57:15:840|~IN~] Client connected from 
[SMPPSERVER10|TcpServer.cpp|00223|27-01-2016 21:57:15:840|~IN~]Started ClientThread[0x8264c60]
[SMPPSERVER10|Receiver.cpp|00025|27-01-2016 21:57:16:841|~IN~]Receiveing the data
[SMPPSERVER10|Receiver.cpp|00040|27-01-2016 21:57:22:853|~ER~]Clinet Disconnection happend
[SMPPSERVER10|TcpServer.cpp|00228|27-01-2016 21:57:22:853|~ER~]Clint Has Discoonected From 
[SMPPSERVER10|TcpServer.cpp|00245|27-01-2016 21:57:22:853|~CR~]Clinet  Disconnected
[SMPPSERVER10|Receiver.cpp|00025|27-01-2016 21:57:22:853|~IN~]Receiveing the data
[SMPPSERVER10|Receiver.cpp|00040|27-01-2016 21:57:22:854|~ER~]Clinet Disconnection happend
[SMPPSERVER10|TcpServer.cpp|00197|27-01-2016 21:57:23:856|~ER~]Accept failed 
[SMPPSERVER10|Receiver.cpp|00025|27-01-2016 21:57:24:858|~IN~]Receiveing the data
[SMPPSERVER10|Receiver.cpp|00043|27-01-2016 21:57:25:859|~IN~]Receiveing the data from SMPP Clinet:57
[SMPPSERVER10|Receiver.cpp|00052|27-01-2016 21:57:25:859|~IN~]Sending Bind Responc:ussdclient
[SMPPSERVER10|TcpServer.cpp|00202|27-01-2016 21:57:26:861|~IN~] Client connected from 
[SMPPSERVER10|TcpServer.cpp|00223|27-01-2016 21:57:26:861|~IN~]Started ClientThread[0x8264c60]
[SMPPSERVER10|Receiver.cpp|00025|27-01-2016 21:57:27:864|~IN~]Receiveing the data
[SMPPSERVER10|Receiver.cpp|00040|27-01-2016 21:57:33:874|~ER~]Clinet Disconnection happend
[SMPPSERVER10|TcpServer.cpp|00228|27-01-2016 21:57:33:874|~ER~]Clint Has Discoonected From 
[SMPPSERVER10|TcpServer.cpp|00245|27-01-2016 21:57:33:874|~CR~]Clinet  Disconnected
[SMPPSERVER10|Receiver.cpp|00025|27-01-2016 21:57:33:874|~IN~]Receiveing the data
[SMPPSERVER10|Receiver.cpp|00040|27-01-2016 21:57:33:874|~ER~]Clinet Disconnection happend
[SMPPSERVER10|TcpServer.cpp|00197|27-01-2016 21:57:34:876|~ER~]Accept failed 
[SMPPSERVER10|Receiver.cpp|00025|27-01-2016 21:57:35:878|~IN~]Receiveing the data
[SMPPSERVER10|Receiver.cpp|00043|27-01-2016 21:57:36:880|~IN~]Receiveing the data from SMPP Clinet:57
[SMPPSERVER10|Receiver.cpp|00052|27-01-2016 21:57:36:880|~IN~]Sending Bind Responc:ussdclient
[SMPPSERVER10|TcpServer.cpp|00202|27-01-2016 21:57:37:882|~IN~] Client connected from 
[SMPPSERVER10|TcpServer.cpp|00223|27-01-2016 21:57:37:882|~IN~]Started ClientThread[0x8264c60]
[SMPPSERVER10|Receiver.cpp|00025|27-01-2016 21:57:38:883|~IN~]Receiveing the data
[SMPPSERVER10|Receiver.cpp|00040|27-01-2016 21:57:44:894|~ER~]Clinet Disconnection happend
[SMPPSERVER10|TcpServer.cpp|00228|27-01-2016 21:57:44:894|~ER~]Clint Has Discoonected From 
[SMPPSERVER10|TcpServer.cpp|00245|27-01-2016 21:57:44:895|~CR~]Clinet  Disconnected
[SMPPSERVER10|Receiver.cpp|00025|27-01-2016 21:57:44:895|~IN~]Receiveing the data
[SMPPSERVER10|Receiver.cpp|00040|27-01-2016 21:57:44:895|~ER~]Clinet Disconnection happend
[SMPPSERVER10|TcpServer.cpp|00197|27-01-2016 21:57:45:897|~ER~]Accept failed 
[SMPPSERVER10|Receiver.cpp|00025|27-01-2016 21:57:46:899|~IN~]Receiveing the data
[SMPPSERVER10|Receiver.cpp|00043|27-01-2016 21:57:47:901|~IN~]Receiveing the data from SMPP Clinet:57
[SMPPSERVER10|Receiver.cpp|00052|27-01-2016 21:57:47:901|~IN~]Sending Bind Responc:ussdclient
[SMPPSERVER10|TcpServer.cpp|00202|27-01-2016 21:57:48:903|~IN~] Client connected from 
[SMPPSERVER10|TcpServer.cpp|00223|27-01-2016 21:57:48:903|~IN~]Started ClientThread[0x8264c60]
[SMPPSERVER10|Receiver.cpp|00025|27-01-2016 21:57:49:906|~IN~]Receiveing the data
[SMPPSERVER10|Receiver.cpp|00040|27-01-2016 21:57:55:918|~ER~]Clinet Disconnection happend
[SMPPSERVER10|TcpServer.cpp|00228|27-01-2016 21:57:55:918|~ER~]Clint Has Discoonected From 
[SMPPSERVER10|TcpServer.cpp|00245|27-01-2016 21:57:55:918|~CR~]Clinet  Disconnected
[SMPPSERVER10|Receiver.cpp|00025|27-01-2016 21:57:55:918|~IN~]Receiveing the data
[SMPPSERVER10|Receiver.cpp|00040|27-01-2016 21:57:55:918|~ER~]Clinet Disconnection happend
[SMPPSERVER10|TcpServer.cpp|00197|27-01-2016 21:57:56:920|~ER~]Accept failed 
[SMPPSERVER10|Receiver.cpp|00025|27-01-2016 21:57:57:921|~IN~]Receiveing the data
[SMPPSERVER10|Receiver.cpp|00043|27-01-2016 21:57:58:924|~IN~]Receiveing the data from SMPP Clinet:57
[SMPPSERVER10|Receiver.cpp|00052|27-01-2016 21:57:58:924|~IN~]Sending Bind Responc:ussdclient
[SMPPSERVER10|TcpServer.cpp|00202|27-01-2016 21:57:59:926|~IN~] Client connected from 
[SMPPSERVER10|TcpServer.cpp|00223|27-01-2016 21:57:59:926|~IN~]Started ClientThread[0x8264c60]
[SMPPSERVER10|Receiver.cpp|00025|27-01-2016 21:58:00:928|~IN~]Receiveing the data
[SMPPSERVER10|Receiver.cpp|00040|27-01-2016 21:58:06:939|~ER~]Clinet Disconnection happend
[SMPPSERVER10|TcpServer.cpp|00228|27-01-2016 21:58:06:939|~ER~]Clint Has Discoonected From 
[SMPPSERVER10|TcpServer.cpp|00245|27-01-2016 21:58:06:939|~CR~]Clinet  Disconnected
[SMPPSERVER10|Receiver.cpp|00025|27-01-2016 21:58:06:939|~IN~]Receiveing the data
[SMPPSERVER10|Receiver.cpp|00040|27-01-2016 21:58:06:939|~ER~]Clinet Disconnection happend
[SMPPSERVER10|TcpServer.cpp|00197|27-01-2016 21:58:07:941|~ER~]Accept failed 
[SMPPSERVER10|Receiver.cpp|00025|27-01-2016 21:58:08:943|~IN~]Receiveing the data
[SMPPSERVER10|Receiver.cpp|00043|27-01-2016 21:58:09:944|~IN~]Receiveing the data from SMPP Clinet:57
[SMPPSERVER10|Receiver.cpp|00052|27-01-2016 21:58:09:944|~IN~]Sending Bind Responc:ussdclient
[SMPPSERVER10|TcpServer.cpp|00202|27-01-2016 21:58:10:947|~IN~] Client connected from 
[SMPPSERVER10|TcpServer.cpp|00223|27-01-2016 21:58:10:947|~IN~]Started ClientThread[0x8264c60]
[SMPPSERVER10|Receiver.cpp|00025|27-01-2016 21:58:11:949|~IN~]Receiveing the data
[SMPPSERVER10|Receiver.cpp|00040|27-01-2016 21:58:17:961|~ER~]Clinet Disconnection happend
[SMPPSERVER10|TcpServer.cpp|00228|27-01-2016 21:58:17:961|~ER~]Clint Has Discoonected From 
[SMPPSERVER10|TcpServer.cpp|00245|27-01-2016 21:58:17:961|~CR~]Clinet  Disconnected
[SMPPSERVER10|Receiver.cpp|00025|27-01-2016 21:58:17:961|~IN~]Receiveing the data
[SMPPSERVER10|Receiver.cpp|00040|27-01-2016 21:58:17:961|~ER~]Clinet Disconnection happend
[SMPPSERVER10|TcpServer.cpp|00197|27-01-2016 21:58:18:963|~ER~]Accept failed 
[SMPPSERVER10|Receiver.cpp|00025|27-01-2016 21:58:19:965|~IN~]Receiveing the data
[SMPPSERVER10|Receiver.cpp|00043|27-01-2016 21:58:20:967|~IN~]Receiveing the data from SMPP Clinet:57
[SMPPSERVER10|Receiver.cpp|00052|27-01-2016 21:58:20:967|~IN~]Sending Bind Responc:ussdclient
[SMPPSERVER10|TcpServer.cpp|00202|27-01-2016 21:58:21:969|~IN~] Client connected from 
[SMPPSERVER10|TcpServer.cpp|00223|27-01-2016 21:58:21:970|~IN~]Started ClientThread[0x8264c60]
[SMPPSERVER10|Receiver.cpp|00025|27-01-2016 21:58:22:972|~IN~]Receiveing the data
[SMPPSERVER10|Receiver.cpp|00040|27-01-2016 21:58:28:983|~ER~]Clinet Disconnection happend
[SMPPSERVER10|TcpServer.cpp|00228|27-01-2016 21:58:28:983|~ER~]Clint Has Discoonected From 
[SMPPSERVER10|TcpServer.cpp|00245|27-01-2016 21:58:28:983|~CR~]Clinet  Disconnected
[SMPPSERVER10|Receiver.cpp|00025|27-01-2016 21:58:28:983|~IN~]Receiveing the data
[SMPPSERVER10|Receiver.cpp|00040|27-01-2016 21:58:28:983|~ER~]Clinet Disconnection happend
[SMPPSERVER10|TcpServer.cpp|00197|27-01-2016 21:58:29:986|~ER~]Accept failed 
[SMPPSERVER10|Receiver.cpp|00025|27-01-2016 21:58:30:987|~IN~]Receiveing the data
[SMPPSERVER10|Receiver.cpp|00043|27-01-2016 21:58:31:989|~IN~]Receiveing the data from SMPP Clinet:57
[SMPPSERVER10|Receiver.cpp|00052|27-01-2016 21:58:31:989|~IN~]Sending Bind Responc:ussdclient
[SMPPSERVER10|TcpServer.cpp|00202|27-01-2016 21:58:32:990|~IN~] Client connected from 
[SMPPSERVER10|TcpServer.cpp|00223|27-01-2016 21:58:32:991|~IN~]Started ClientThread[0x8264c60]
[SMPPSERVER10|Receiver.cpp|00025|27-01-2016 21:58:33:993|~IN~]Receiveing the data
[SMPPSERVER10|Receiver.cpp|00040|27-01-2016 21:58:40:005|~ER~]Clinet Disconnection happend
[SMPPSERVER10|TcpServer.cpp|00228|27-01-2016 21:58:40:005|~ER~]Clint Has Discoonected From 
[SMPPSERVER10|TcpServer.cpp|00245|27-01-2016 21:58:40:005|~CR~]Clinet  Disconnected
[SMPPSERVER10|Receiver.cpp|00025|27-01-2016 21:58:40:005|~IN~]Receiveing the data
[SMPPSERVER10|Receiver.cpp|00040|27-01-2016 21:58:40:005|~ER~]Clinet Disconnection happend
[SMPPSERVER10|TcpServer.cpp|00197|27-01-2016 21:58:41:007|~ER~]Accept failed 
[SMPPSERVER10|Receiver.cpp|00025|27-01-2016 21:58:42:009|~IN~]Receiveing the data
[SMPPSERVER10|Receiver.cpp|00043|27-01-2016 21:58:43:011|~IN~]Receiveing the data from SMPP Clinet:57
[SMPPSERVER10|Receiver.cpp|00052|27-01-2016 21:58:43:011|~IN~]Sending Bind Responc:ussdclient
[SMPPSERVER10|TcpServer.cpp|00202|27-01-2016 21:58:44:012|~IN~] Client connected from 
[SMPPSERVER10|TcpServer.cpp|00223|27-01-2016 21:58:44:012|~IN~]Started ClientThread[0x8264c60]
[SMPPSERVER10|Receiver.cpp|00025|27-01-2016 21:58:45:015|~IN~]Receiveing the data
[SMPPSERVER10|Receiver.cpp|00040|27-01-2016 21:58:51:026|~ER~]Clinet Disconnection happend
[SMPPSERVER10|TcpServer.cpp|00228|27-01-2016 21:58:51:026|~ER~]Clint Has Discoonected From 
[SMPPSERVER10|TcpServer.cpp|00245|27-01-2016 21:58:51:026|~CR~]Clinet  Disconnected
[SMPPSERVER10|Receiver.cpp|00025|27-01-2016 21:58:51:026|~IN~]Receiveing the data
[SMPPSERVER10|Receiver.cpp|00040|27-01-2016 21:58:51:026|~ER~]Clinet Disconnection happend
[SMPPSERVER10|TcpServer.cpp|00197|27-01-2016 21:58:52:029|~ER~]Accept failed 
[SMPPSERVER10|Receiver.cpp|00025|27-01-2016 21:58:53:031|~IN~]Receiveing the data
[SMPPSERVER10|Receiver.cpp|00043|27-01-2016 21:58:54:033|~IN~]Receiveing the data from SMPP Clinet:57
[SMPPSERVER10|Receiver.cpp|00052|27-01-2016 21:58:54:033|~IN~]Sending Bind Responc:ussdclient
[SMPPSERVER10|TcpServer.cpp|00202|27-01-2016 21:58:55:035|~IN~] Client connected from 
[SMPPSERVER10|TcpServer.cpp|00223|27-01-2016 21:58:55:035|~IN~]Started ClientThread[0x8264c60]
[SMPPSERVER10|Receiver.cpp|00025|27-01-2016 21:58:56:037|~IN~]Receiveing the data
[SMPPSERVER10|Receiver.cpp|00040|27-01-2016 21:59:02:048|~ER~]Clinet Disconnection happend
[SMPPSERVER10|TcpServer.cpp|00228|27-01-2016 21:59:02:048|~ER~]Clint Has Discoonected From 
[SMPPSERVER10|TcpServer.cpp|00245|27-01-2016 21:59:02:048|~CR~]Clinet  Disconnected
[SMPPSERVER10|Receiver.cpp|00025|27-01-2016 21:59:02:049|~IN~]Receiveing the data
[SMPPSERVER10|Receiver.cpp|00040|27-01-2016 21:59:02:049|~ER~]Clinet Disconnection happend
[SMPPSERVER10|TcpServer.cpp|00197|27-01-2016 21:59:03:050|~ER~]Accept failed 
[SMPPSERVER10|Receiver.cpp|00025|27-01-2016 21:59:04:053|~IN~]Receiveing the data
[SMPPSERVER10|Receiver.cpp|00043|27-01-2016 21:59:05:055|~IN~]Receiveing the data from SMPP Clinet:57
[SMPPSERVER10|Receiver.cpp|00052|27-01-2016 21:59:05:055|~IN~]Sending Bind Responc:ussdclient
[SMPPSERVER10|TcpServer.cpp|00202|27-01-2016 21:59:06:057|~IN~] Client connected from 
[SMPPSERVER10|TcpServer.cpp|00223|27-01-2016 21:59:06:057|~IN~]Started ClientThread[0x8264c60]
[SMPPSERVER10|Receiver.cpp|00025|27-01-2016 21:59:07:059|~IN~]Receiveing the data
[SMPPSERVER10|Receiver.cpp|00040|27-01-2016 21:59:13:070|~ER~]Clinet Disconnection happend
[SMPPSERVER10|TcpServer.cpp|00228|27-01-2016 21:59:13:070|~ER~]Clint Has Discoonected From 
[SMPPSERVER10|TcpServer.cpp|00245|27-01-2016 21:59:13:070|~CR~]Clinet  Disconnected
[SMPPSERVER10|Receiver.cpp|00025|27-01-2016 21:59:13:070|~IN~]Receiveing the data
[SMPPSERVER10|Receiver.cpp|00040|27-01-2016 21:59:13:070|~ER~]Clinet Disconnection happend
[SMPPSERVER10|TcpServer.cpp|00197|27-01-2016 21:59:14:072|~ER~]Accept failed 
[SMPPSERVER10|Receiver.cpp|00025|27-01-2016 21:59:15:074|~IN~]Receiveing the data
[SMPPSERVER10|Receiver.cpp|00043|27-01-2016 21:59:16:076|~IN~]Receiveing the data from SMPP Clinet:57
[SMPPSERVER10|Receiver.cpp|00052|27-01-2016 21:59:16:076|~IN~]Sending Bind Responc:ussdclient
[SMPPSERVER10|TcpServer.cpp|00202|27-01-2016 21:59:17:079|~IN~] Client connected from 
[SMPPSERVER10|TcpServer.cpp|00223|27-01-2016 21:59:17:079|~IN~]Started ClientThread[0x8264c60]
[SMPPSERVER10|Receiver.cpp|00025|27-01-2016 21:59:18:080|~IN~]Receiveing the data
[SMPPSERVER10|Receiver.cpp|00040|27-01-2016 21:59:24:091|~ER~]Clinet Disconnection happend
[SMPPSERVER10|TcpServer.cpp|00228|27-01-2016 21:59:24:092|~ER~]Clint Has Discoonected From 
[SMPPSERVER10|TcpServer.cpp|00245|27-01-2016 21:59:24:092|~CR~]Clinet  Disconnected
[SMPPSERVER10|Receiver.cpp|00025|27-01-2016 21:59:24:092|~IN~]Receiveing the data
[SMPPSERVER10|Receiver.cpp|00040|27-01-2016 21:59:24:092|~ER~]Clinet Disconnection happend
[SMPPSERVER10|TcpServer.cpp|00197|27-01-2016 21:59:25:094|~ER~]Accept failed 
[SMPPSERVER10|Receiver.cpp|00025|27-01-2016 21:59:26:096|~IN~]Receiveing the data
[SMPPSERVER10|Receiver.cpp|00043|27-01-2016 21:59:27:098|~IN~]Receiveing the data from SMPP Clinet:57
[SMPPSERVER10|Receiver.cpp|00052|27-01-2016 21:59:27:098|~IN~]Sending Bind Responc:ussdclient
[SMPPSERVER10|TcpServer.cpp|00202|27-01-2016 21:59:28:100|~IN~] Client connected from 
[SMPPSERVER10|TcpServer.cpp|00223|27-01-2016 21:59:28:100|~IN~]Started ClientThread[0x8264c60]
[SMPPSERVER10|Receiver.cpp|00025|27-01-2016 21:59:29:103|~IN~]Receiveing the data
[SMPPSERVER10|Receiver.cpp|00040|27-01-2016 21:59:35:115|~ER~]Clinet Disconnection happend
[SMPPSERVER10|TcpServer.cpp|00228|27-01-2016 21:59:35:115|~ER~]Clint Has Discoonected From 
[SMPPSERVER10|TcpServer.cpp|00245|27-01-2016 21:59:35:115|~CR~]Clinet  Disconnected
[SMPPSERVER10|Receiver.cpp|00025|27-01-2016 21:59:35:115|~IN~]Receiveing the data
[SMPPSERVER10|Receiver.cpp|00040|27-01-2016 21:59:35:115|~ER~]Clinet Disconnection happend
[SMPPSERVER10|TcpServer.cpp|00197|27-01-2016 21:59:36:117|~ER~]Accept failed 
[SMPPSERVER10|Receiver.cpp|00025|27-01-2016 21:59:37:118|~IN~]Receiveing the data
[SMPPSERVER10|Receiver.cpp|00043|27-01-2016 21:59:38:121|~IN~]Receiveing the data from SMPP Clinet:57
[SMPPSERVER10|Receiver.cpp|00052|27-01-2016 21:59:38:121|~IN~]Sending Bind Responc:ussdclient
[SMPPSERVER10|TcpServer.cpp|00202|27-01-2016 21:59:39:123|~IN~] Client connected from 
[SMPPSERVER10|TcpServer.cpp|00223|27-01-2016 21:59:39:123|~IN~]Started ClientThread[0x8264c60]
[SMPPSERVER10|Receiver.cpp|00025|27-01-2016 21:59:40:126|~IN~]Receiveing the data
[SMPPSERVER10|Receiver.cpp|00040|27-01-2016 21:59:46:136|~ER~]Clinet Disconnection happend
[SMPPSERVER10|TcpServer.cpp|00228|27-01-2016 21:59:46:136|~ER~]Clint Has Discoonected From 
[SMPPSERVER10|TcpServer.cpp|00245|27-01-2016 21:59:46:136|~CR~]Clinet  Disconnected
[SMPPSERVER10|Receiver.cpp|00025|27-01-2016 21:59:46:137|~IN~]Receiveing the data
[SMPPSERVER10|Receiver.cpp|00040|27-01-2016 21:59:46:137|~ER~]Clinet Disconnection happend
[SMPPSERVER10|TcpServer.cpp|00197|27-01-2016 21:59:47:139|~ER~]Accept failed 
[SMPPSERVER10|Receiver.cpp|00025|27-01-2016 21:59:48:141|~IN~]Receiveing the data
[SMPPSERVER10|Receiver.cpp|00043|27-01-2016 21:59:49:142|~IN~]Receiveing the data from SMPP Clinet:57
[SMPPSERVER10|Receiver.cpp|00052|27-01-2016 21:59:49:142|~IN~]Sending Bind Responc:ussdclient
[SMPPSERVER10|TcpServer.cpp|00202|27-01-2016 21:59:50:145|~IN~] Client connected from 
[SMPPSERVER10|TcpServer.cpp|00223|27-01-2016 21:59:50:145|~IN~]Started ClientThread[0x8264c60]
[SMPPSERVER10|Receiver.cpp|00025|27-01-2016 21:59:51:148|~IN~]Receiveing the data
[SMPPSERVER10|Receiver.cpp|00040|27-01-2016 21:59:57:159|~ER~]Clinet Disconnection happend
[SMPPSERVER10|TcpServer.cpp|00228|27-01-2016 21:59:57:159|~ER~]Clint Has Discoonected From 
[SMPPSERVER10|TcpServer.cpp|00245|27-01-2016 21:59:57:159|~CR~]Clinet  Disconnected
[SMPPSERVER10|Receiver.cpp|00025|27-01-2016 21:59:57:159|~IN~]Receiveing the data
[SMPPSERVER10|Receiver.cpp|00040|27-01-2016 21:59:57:159|~ER~]Clinet Disconnection happend
[SMPPSERVER10|TcpServer.cpp|00197|27-01-2016 21:59:58:161|~ER~]Accept failed 
[SMPPSERVER10|Receiver.cpp|00025|27-01-2016 21:59:59:163|~IN~]Receiveing the data
[SMPPSERVER10|Receiver.cpp|00043|27-01-2016 22:00:00:165|~IN~]Receiveing the data from SMPP Clinet:57
[SMPPSERVER10|Receiver.cpp|00052|27-01-2016 22:00:00:165|~IN~]Sending Bind Responc:ussdclient
[SMPPSERVER10|TcpServer.cpp|00202|27-01-2016 22:00:01:166|~IN~] Client connected from 
[SMPPSERVER10|TcpServer.cpp|00223|27-01-2016 22:00:01:167|~IN~]Started ClientThread[0x8264c60]
[SMPPSERVER10|Receiver.cpp|00025|27-01-2016 22:00:02:168|~IN~]Receiveing the data
[SMPPSERVER10|Receiver.cpp|00040|27-01-2016 22:00:08:179|~ER~]Clinet Disconnection happend
[SMPPSERVER10|TcpServer.cpp|00228|27-01-2016 22:00:08:179|~ER~]Clint Has Discoonected From 
[SMPPSERVER10|TcpServer.cpp|00245|27-01-2016 22:00:08:179|~CR~]Clinet  Disconnected
[SMPPSERVER10|Receiver.cpp|00025|27-01-2016 22:00:08:180|~IN~]Receiveing the data
[SMPPSERVER10|Receiver.cpp|00040|27-01-2016 22:00:08:180|~ER~]Clinet Disconnection happend
[SMPPSERVER10|TcpServer.cpp|00197|27-01-2016 22:00:09:182|~ER~]Accept failed 
[SMPPSERVER10|Receiver.cpp|00025|27-01-2016 22:00:10:185|~IN~]Receiveing the data
[SMPPSERVER10|Receiver.cpp|00043|27-01-2016 22:00:11:186|~IN~]Receiveing the data from SMPP Clinet:57
[SMPPSERVER10|Receiver.cpp|00052|27-01-2016 22:00:11:186|~IN~]Sending Bind Responc:ussdclient
[SMPPSERVER10|TcpServer.cpp|00202|27-01-2016 22:00:12:188|~IN~] Client connected from 
[SMPPSERVER10|TcpServer.cpp|00223|27-01-2016 22:00:12:188|~IN~]Started ClientThread[0x8264c60]
[SMPPSERVER10|Receiver.cpp|00025|27-01-2016 22:00:13:190|~IN~]Receiveing the data
[SMPPSERVER10|Receiver.cpp|00040|27-01-2016 22:00:19:201|~ER~]Clinet Disconnection happend
[SMPPSERVER10|TcpServer.cpp|00228|27-01-2016 22:00:19:201|~ER~]Clint Has Discoonected From 
[SMPPSERVER10|TcpServer.cpp|00245|27-01-2016 22:00:19:201|~CR~]Clinet  Disconnected
[SMPPSERVER10|Receiver.cpp|00025|27-01-2016 22:00:19:201|~IN~]Receiveing the data
[SMPPSERVER10|Receiver.cpp|00040|27-01-2016 22:00:19:201|~ER~]Clinet Disconnection happend
[SMPPSERVER10|TcpServer.cpp|00197|27-01-2016 22:00:20:203|~ER~]Accept failed 
[SMPPSERVER10|Receiver.cpp|00025|27-01-2016 22:00:21:205|~IN~]Receiveing the data
[SMPPSERVER10|Receiver.cpp|00043|27-01-2016 22:00:22:208|~IN~]Receiveing the data from SMPP Clinet:57
[SMPPSERVER10|Receiver.cpp|00052|27-01-2016 22:00:22:208|~IN~]Sending Bind Responc:ussdclient
[SMPPSERVER10|TcpServer.cpp|00202|27-01-2016 22:00:23:209|~IN~] Client connected from 
[SMPPSERVER10|TcpServer.cpp|00223|27-01-2016 22:00:23:209|~IN~]Started ClientThread[0x8264c60]
[SMPPSERVER10|Receiver.cpp|00025|27-01-2016 22:00:24:211|~IN~]Receiveing the data
[SMPPSERVER10|Receiver.cpp|00040|27-01-2016 22:00:30:222|~ER~]Clinet Disconnection happend
[SMPPSERVER10|TcpServer.cpp|00228|27-01-2016 22:00:30:222|~ER~]Clint Has Discoonected From 
[SMPPSERVER10|TcpServer.cpp|00245|27-01-2016 22:00:30:222|~CR~]Clinet  Disconnected
[SMPPSERVER10|Receiver.cpp|00025|27-01-2016 22:00:30:222|~IN~]Receiveing the data
[SMPPSERVER10|Receiver.cpp|00040|27-01-2016 22:00:30:223|~ER~]Clinet Disconnection happend
[SMPPSERVER10|TcpServer.cpp|00197|27-01-2016 22:00:31:224|~ER~]Accept failed 
[SMPPSERVER10|Receiver.cpp|00025|27-01-2016 22:00:32:226|~IN~]Receiveing the data
[SMPPSERVER10|Receiver.cpp|00043|27-01-2016 22:00:33:228|~IN~]Receiveing the data from SMPP Clinet:57
[SMPPSERVER10|Receiver.cpp|00052|27-01-2016 22:00:33:228|~IN~]Sending Bind Responc:ussdclient
[SMPPSERVER10|TcpServer.cpp|00202|27-01-2016 22:00:34:231|~IN~] Client connected from 
[SMPPSERVER10|TcpServer.cpp|00223|27-01-2016 22:00:34:231|~IN~]Started ClientThread[0x8264c60]
[SMPPSERVER10|Receiver.cpp|00025|27-01-2016 22:00:35:233|~IN~]Receiveing the data
[SMPPSERVER10|Receiver.cpp|00040|27-01-2016 22:00:41:244|~ER~]Clinet Disconnection happend
[SMPPSERVER10|TcpServer.cpp|00228|27-01-2016 22:00:41:244|~ER~]Clint Has Discoonected From 
[SMPPSERVER10|TcpServer.cpp|00245|27-01-2016 22:00:41:244|~CR~]Clinet  Disconnected
[SMPPSERVER10|Receiver.cpp|00025|27-01-2016 22:00:41:244|~IN~]Receiveing the data
[SMPPSERVER10|Receiver.cpp|00040|27-01-2016 22:00:41:244|~ER~]Clinet Disconnection happend
[SMPPSERVER10|TcpServer.cpp|00197|27-01-2016 22:00:42:246|~ER~]Accept failed 
[SMPPSERVER10|Receiver.cpp|00025|27-01-2016 22:00:43:247|~IN~]Receiveing the data
[SMPPSERVER10|Receiver.cpp|00043|27-01-2016 22:00:44:249|~IN~]Receiveing the data from SMPP Clinet:57
[SMPPSERVER10|Receiver.cpp|00052|27-01-2016 22:00:44:249|~IN~]Sending Bind Responc:ussdclient
[SMPPSERVER10|TcpServer.cpp|00202|27-01-2016 22:00:45:252|~IN~] Client connected from 
[SMPPSERVER10|TcpServer.cpp|00223|27-01-2016 22:00:45:252|~IN~]Started ClientThread[0x8264c60]
[SMPPSERVER10|Receiver.cpp|00025|27-01-2016 22:00:46:261|~IN~]Receiveing the data
[SMPPSERVER10|Receiver.cpp|00040|27-01-2016 22:00:52:269|~ER~]Clinet Disconnection happend
[SMPPSERVER10|TcpServer.cpp|00228|27-01-2016 22:00:52:269|~ER~]Clint Has Discoonected From 
[SMPPSERVER10|TcpServer.cpp|00245|27-01-2016 22:00:52:269|~CR~]Clinet  Disconnected
[SMPPSERVER10|Receiver.cpp|00025|27-01-2016 22:00:52:269|~IN~]Receiveing the data
[SMPPSERVER10|Receiver.cpp|00040|27-01-2016 22:00:52:269|~ER~]Clinet Disconnection happend
[SMPPSERVER10|TcpServer.cpp|00197|27-01-2016 22:00:53:271|~ER~]Accept failed 
[SMPPSERVER10|Receiver.cpp|00025|27-01-2016 22:00:54:273|~IN~]Receiveing the data
[SMPPSERVER10|Receiver.cpp|00043|27-01-2016 22:00:55:274|~IN~]Receiveing the data from SMPP Clinet:57
[SMPPSERVER10|Receiver.cpp|00052|27-01-2016 22:00:55:274|~IN~]Sending Bind Responc:ussdclient
[SMPPSERVER10|TcpServer.cpp|00202|27-01-2016 22:00:56:277|~IN~] Client connected from 
[SMPPSERVER10|TcpServer.cpp|00223|27-01-2016 22:00:56:277|~IN~]Started ClientThread[0x8264c60]
[SMPPSERVER10|Receiver.cpp|00025|27-01-2016 22:00:57:279|~IN~]Receiveing the data
[SMPPSERVER10|Receiver.cpp|00040|27-01-2016 22:01:03:290|~ER~]Clinet Disconnection happend
[SMPPSERVER10|TcpServer.cpp|00228|27-01-2016 22:01:03:290|~ER~]Clint Has Discoonected From 
[SMPPSERVER10|TcpServer.cpp|00245|27-01-2016 22:01:03:290|~CR~]Clinet  Disconnected
[SMPPSERVER10|Receiver.cpp|00025|27-01-2016 22:01:03:290|~IN~]Receiveing the data
[SMPPSERVER10|Receiver.cpp|00040|27-01-2016 22:01:03:290|~ER~]Clinet Disconnection happend
[SMPPSERVER10|TcpServer.cpp|00197|27-01-2016 22:01:04:292|~ER~]Accept failed 
[SMPPSERVER10|Receiver.cpp|00025|27-01-2016 22:01:05:294|~IN~]Receiveing the data
[SMPPSERVER10|Receiver.cpp|00043|27-01-2016 22:01:06:296|~IN~]Receiveing the data from SMPP Clinet:57
[SMPPSERVER10|Receiver.cpp|00052|27-01-2016 22:01:06:296|~IN~]Sending Bind Responc:ussdclient
[SMPPSERVER10|TcpServer.cpp|00202|27-01-2016 22:01:07:297|~IN~] Client connected from 
[SMPPSERVER10|TcpServer.cpp|00223|27-01-2016 22:01:07:297|~IN~]Started ClientThread[0x8264c60]
[SMPPSERVER10|Receiver.cpp|00025|27-01-2016 22:01:08:300|~IN~]Receiveing the data
[SMPPSERVER10|Receiver.cpp|00040|27-01-2016 22:01:14:310|~ER~]Clinet Disconnection happend
[SMPPSERVER10|TcpServer.cpp|00228|27-01-2016 22:01:14:310|~ER~]Clint Has Discoonected From 
[SMPPSERVER10|TcpServer.cpp|00245|27-01-2016 22:01:14:310|~CR~]Clinet  Disconnected
[SMPPSERVER10|Receiver.cpp|00025|27-01-2016 22:01:14:310|~IN~]Receiveing the data
[SMPPSERVER10|Receiver.cpp|00040|27-01-2016 22:01:14:311|~ER~]Clinet Disconnection happend
[SMPPSERVER10|TcpServer.cpp|00197|27-01-2016 22:01:15:313|~ER~]Accept failed 
[SMPPSERVER10|Receiver.cpp|00025|27-01-2016 22:01:16:314|~IN~]Receiveing the data
[SMPPSERVER10|Receiver.cpp|00043|27-01-2016 22:01:17:316|~IN~]Receiveing the data from SMPP Clinet:57
[SMPPSERVER10|Receiver.cpp|00052|27-01-2016 22:01:17:316|~IN~]Sending Bind Responc:ussdclient
[SMPPSERVER10|TcpServer.cpp|00202|27-01-2016 22:01:18:318|~IN~] Client connected from 
[SMPPSERVER10|TcpServer.cpp|00223|27-01-2016 22:01:18:318|~IN~]Started ClientThread[0x8264c60]
[SMPPSERVER10|Receiver.cpp|00025|27-01-2016 22:01:19:320|~IN~]Receiveing the data
[SMPPSERVER10|Receiver.cpp|00040|27-01-2016 22:01:25:342|~ER~]Clinet Disconnection happend
[SMPPSERVER10|TcpServer.cpp|00228|27-01-2016 22:01:25:342|~ER~]Clint Has Discoonected From 
[SMPPSERVER10|TcpServer.cpp|00245|27-01-2016 22:01:25:342|~CR~]Clinet  Disconnected
[SMPPSERVER10|Receiver.cpp|00025|27-01-2016 22:01:25:343|~IN~]Receiveing the data
[SMPPSERVER10|Receiver.cpp|00040|27-01-2016 22:01:25:343|~ER~]Clinet Disconnection happend
[SMPPSERVER10|TcpServer.cpp|00197|27-01-2016 22:01:26:345|~ER~]Accept failed 
[SMPPSERVER10|Receiver.cpp|00025|27-01-2016 22:01:27:347|~IN~]Receiveing the data
[SMPPSERVER10|Receiver.cpp|00043|27-01-2016 22:01:28:348|~IN~]Receiveing the data from SMPP Clinet:57
[SMPPSERVER10|Receiver.cpp|00052|27-01-2016 22:01:28:349|~IN~]Sending Bind Responc:ussdclient
[SMPPSERVER10|TcpServer.cpp|00202|27-01-2016 22:01:29:350|~IN~] Client connected from 
[SMPPSERVER10|TcpServer.cpp|00223|27-01-2016 22:01:29:350|~IN~]Started ClientThread[0x8264c60]
[SMPPSERVER10|Receiver.cpp|00025|27-01-2016 22:01:30:353|~IN~]Receiveing the data
[SMPPSERVER10|Receiver.cpp|00040|27-01-2016 22:01:36:363|~ER~]Clinet Disconnection happend
[SMPPSERVER10|TcpServer.cpp|00228|27-01-2016 22:01:36:363|~ER~]Clint Has Discoonected From 
[SMPPSERVER10|TcpServer.cpp|00245|27-01-2016 22:01:36:363|~CR~]Clinet  Disconnected
[SMPPSERVER10|Receiver.cpp|00025|27-01-2016 22:01:36:363|~IN~]Receiveing the data
[SMPPSERVER10|Receiver.cpp|00040|27-01-2016 22:01:36:363|~ER~]Clinet Disconnection happend
[SMPPSERVER10|TcpServer.cpp|00197|27-01-2016 22:01:37:366|~ER~]Accept failed 
[SMPPSERVER10|Receiver.cpp|00025|27-01-2016 22:01:38:368|~IN~]Receiveing the data
[SMPPSERVER10|Receiver.cpp|00043|27-01-2016 22:01:39:370|~IN~]Receiveing the data from SMPP Clinet:57
[SMPPSERVER10|Receiver.cpp|00052|27-01-2016 22:01:39:370|~IN~]Sending Bind Responc:ussdclient
[SMPPSERVER10|TcpServer.cpp|00202|27-01-2016 22:01:40:372|~IN~] Client connected from 
[SMPPSERVER10|TcpServer.cpp|00223|27-01-2016 22:01:40:372|~IN~]Started ClientThread[0x8264c60]
[SMPPSERVER10|Receiver.cpp|00025|27-01-2016 22:01:41:373|~IN~]Receiveing the data
[SMPPSERVER10|Receiver.cpp|00040|27-01-2016 22:01:47:384|~ER~]Clinet Disconnection happend
[SMPPSERVER10|TcpServer.cpp|00228|27-01-2016 22:01:47:385|~ER~]Clint Has Discoonected From 
[SMPPSERVER10|TcpServer.cpp|00245|27-01-2016 22:01:47:385|~CR~]Clinet  Disconnected
[SMPPSERVER10|Receiver.cpp|00025|27-01-2016 22:01:47:385|~IN~]Receiveing the data
[SMPPSERVER10|Receiver.cpp|00040|27-01-2016 22:01:47:385|~ER~]Clinet Disconnection happend
[SMPPSERVER10|TcpServer.cpp|00197|27-01-2016 22:01:48:386|~ER~]Accept failed 
[SMPPSERVER10|Receiver.cpp|00025|27-01-2016 22:01:49:389|~IN~]Receiveing the data
[SMPPSERVER10|Receiver.cpp|00043|27-01-2016 22:01:50:391|~IN~]Receiveing the data from SMPP Clinet:57
[SMPPSERVER10|Receiver.cpp|00052|27-01-2016 22:01:50:391|~IN~]Sending Bind Responc:ussdclient
[SMPPSERVER10|TcpServer.cpp|00202|27-01-2016 22:01:51:394|~IN~] Client connected from 
[SMPPSERVER10|TcpServer.cpp|00223|27-01-2016 22:01:51:394|~IN~]Started ClientThread[0x8264c60]
[SMPPSERVER10|Receiver.cpp|00025|27-01-2016 22:01:52:396|~IN~]Receiveing the data
[SMPPSERVER10|Receiver.cpp|00040|27-01-2016 22:01:58:411|~ER~]Clinet Disconnection happend
[SMPPSERVER10|TcpServer.cpp|00228|27-01-2016 22:01:58:411|~ER~]Clint Has Discoonected From 
[SMPPSERVER10|TcpServer.cpp|00245|27-01-2016 22:01:58:411|~CR~]Clinet  Disconnected
[SMPPSERVER10|Receiver.cpp|00025|27-01-2016 22:01:58:411|~IN~]Receiveing the data
[SMPPSERVER10|Receiver.cpp|00040|27-01-2016 22:01:58:411|~ER~]Clinet Disconnection happend
[SMPPSERVER10|TcpServer.cpp|00197|27-01-2016 22:01:59:413|~ER~]Accept failed 
[SMPPSERVER10|Receiver.cpp|00025|27-01-2016 22:02:00:415|~IN~]Receiveing the data
[SMPPSERVER10|Receiver.cpp|00043|27-01-2016 22:02:01:418|~IN~]Receiveing the data from SMPP Clinet:57
[SMPPSERVER10|Receiver.cpp|00052|27-01-2016 22:02:01:418|~IN~]Sending Bind Responc:ussdclient
[SMPPSERVER10|TcpServer.cpp|00202|27-01-2016 22:02:02:419|~IN~] Client connected from 
[SMPPSERVER10|TcpServer.cpp|00223|27-01-2016 22:02:02:419|~IN~]Started ClientThread[0x8264c60]
[SMPPSERVER10|Receiver.cpp|00025|27-01-2016 22:02:03:421|~IN~]Receiveing the data
[SMPPSERVER10|Receiver.cpp|00040|27-01-2016 22:02:09:433|~ER~]Clinet Disconnection happend
[SMPPSERVER10|TcpServer.cpp|00228|27-01-2016 22:02:09:433|~ER~]Clint Has Discoonected From 
[SMPPSERVER10|TcpServer.cpp|00245|27-01-2016 22:02:09:433|~CR~]Clinet  Disconnected
[SMPPSERVER10|Receiver.cpp|00025|27-01-2016 22:02:09:434|~IN~]Receiveing the data
[SMPPSERVER10|Receiver.cpp|00040|27-01-2016 22:02:09:434|~ER~]Clinet Disconnection happend
[SMPPSERVER10|TcpServer.cpp|00197|27-01-2016 22:02:10:436|~ER~]Accept failed 
[SMPPSERVER10|Receiver.cpp|00025|27-01-2016 22:02:11:438|~IN~]Receiveing the data
[SMPPSERVER10|Receiver.cpp|00043|27-01-2016 22:02:12:439|~IN~]Receiveing the data from SMPP Clinet:57
[SMPPSERVER10|Receiver.cpp|00052|27-01-2016 22:02:12:439|~IN~]Sending Bind Responc:ussdclient
[SMPPSERVER10|TcpServer.cpp|00202|27-01-2016 22:02:13:442|~IN~] Client connected from 
[SMPPSERVER10|TcpServer.cpp|00223|27-01-2016 22:02:13:442|~IN~]Started ClientThread[0x8264c60]
[SMPPSERVER10|Receiver.cpp|00025|27-01-2016 22:02:14:445|~IN~]Receiveing the data
[SMPPSERVER10|Receiver.cpp|00040|27-01-2016 22:02:20:454|~ER~]Clinet Disconnection happend
[SMPPSERVER10|TcpServer.cpp|00228|27-01-2016 22:02:20:454|~ER~]Clint Has Discoonected From 
[SMPPSERVER10|TcpServer.cpp|00245|27-01-2016 22:02:20:454|~CR~]Clinet  Disconnected
[SMPPSERVER10|Receiver.cpp|00025|27-01-2016 22:02:20:455|~IN~]Receiveing the data
[SMPPSERVER10|Receiver.cpp|00040|27-01-2016 22:02:20:455|~ER~]Clinet Disconnection happend
[SMPPSERVER10|TcpServer.cpp|00197|27-01-2016 22:02:21:457|~ER~]Accept failed 
[SMPPSERVER10|Receiver.cpp|00025|27-01-2016 22:02:22:458|~IN~]Receiveing the data
[SMPPSERVER10|Receiver.cpp|00043|27-01-2016 22:02:23:461|~IN~]Receiveing the data from SMPP Clinet:57
[SMPPSERVER10|Receiver.cpp|00052|27-01-2016 22:02:23:461|~IN~]Sending Bind Responc:ussdclient
[SMPPSERVER10|TcpServer.cpp|00202|27-01-2016 22:02:24:463|~IN~] Client connected from 
[SMPPSERVER10|TcpServer.cpp|00223|27-01-2016 22:02:24:463|~IN~]Started ClientThread[0x8264c60]
[SMPPSERVER10|Receiver.cpp|00025|27-01-2016 22:02:25:465|~IN~]Receiveing the data
[SMPPSERVER10|Receiver.cpp|00040|27-01-2016 22:02:31:476|~ER~]Clinet Disconnection happend
[SMPPSERVER10|TcpServer.cpp|00228|27-01-2016 22:02:31:476|~ER~]Clint Has Discoonected From 
[SMPPSERVER10|TcpServer.cpp|00245|27-01-2016 22:02:31:476|~CR~]Clinet  Disconnected
[SMPPSERVER10|Receiver.cpp|00025|27-01-2016 22:02:31:476|~IN~]Receiveing the data
[SMPPSERVER10|Receiver.cpp|00040|27-01-2016 22:02:31:476|~ER~]Clinet Disconnection happend
[SMPPSERVER10|TcpServer.cpp|00197|27-01-2016 22:02:32:479|~ER~]Accept failed 
[SMPPSERVER10|Receiver.cpp|00025|27-01-2016 22:02:33:480|~IN~]Receiveing the data
[SMPPSERVER10|Receiver.cpp|00043|27-01-2016 22:02:34:481|~IN~]Receiveing the data from SMPP Clinet:57
[SMPPSERVER10|Receiver.cpp|00052|27-01-2016 22:02:34:481|~IN~]Sending Bind Responc:ussdclient
[SMPPSERVER10|TcpServer.cpp|00202|27-01-2016 22:02:35:484|~IN~] Client connected from 
[SMPPSERVER10|TcpServer.cpp|00223|27-01-2016 22:02:35:484|~IN~]Started ClientThread[0x8264c60]
[SMPPSERVER10|Receiver.cpp|00025|27-01-2016 22:02:36:486|~IN~]Receiveing the data
[SMPPSERVER10|Receiver.cpp|00040|27-01-2016 22:02:42:498|~ER~]Clinet Disconnection happend
[SMPPSERVER10|TcpServer.cpp|00228|27-01-2016 22:02:42:498|~ER~]Clint Has Discoonected From 
[SMPPSERVER10|TcpServer.cpp|00245|27-01-2016 22:02:42:498|~CR~]Clinet  Disconnected
[SMPPSERVER10|Receiver.cpp|00025|27-01-2016 22:02:42:498|~IN~]Receiveing the data
[SMPPSERVER10|Receiver.cpp|00040|27-01-2016 22:02:42:498|~ER~]Clinet Disconnection happend
[SMPPSERVER10|TcpServer.cpp|00197|27-01-2016 22:02:43:500|~ER~]Accept failed 
[SMPPSERVER10|Receiver.cpp|00025|27-01-2016 22:02:44:503|~IN~]Receiveing the data
[SMPPSERVER10|Receiver.cpp|00043|27-01-2016 22:02:45:505|~IN~]Receiveing the data from SMPP Clinet:57
[SMPPSERVER10|Receiver.cpp|00052|27-01-2016 22:02:45:505|~IN~]Sending Bind Responc:ussdclient
[SMPPSERVER10|TcpServer.cpp|00202|27-01-2016 22:02:46:506|~IN~] Client connected from 
[SMPPSERVER10|TcpServer.cpp|00223|27-01-2016 22:02:46:506|~IN~]Started ClientThread[0x8264c60]
[SMPPSERVER10|Receiver.cpp|00025|27-01-2016 22:02:47:509|~IN~]Receiveing the data
[SMPPSERVER10|Receiver.cpp|00040|27-01-2016 22:02:53:519|~ER~]Clinet Disconnection happend
[SMPPSERVER10|TcpServer.cpp|00228|27-01-2016 22:02:53:519|~ER~]Clint Has Discoonected From 
[SMPPSERVER10|TcpServer.cpp|00245|27-01-2016 22:02:53:519|~CR~]Clinet  Disconnected
[SMPPSERVER10|Receiver.cpp|00025|27-01-2016 22:02:53:520|~IN~]Receiveing the data
[SMPPSERVER10|Receiver.cpp|00040|27-01-2016 22:02:53:520|~ER~]Clinet Disconnection happend
[SMPPSERVER10|TcpServer.cpp|00197|27-01-2016 22:02:54:522|~ER~]Accept failed 
[SMPPSERVER10|Receiver.cpp|00025|27-01-2016 22:02:55:524|~IN~]Receiveing the data
[SMPPSERVER10|Receiver.cpp|00043|27-01-2016 22:02:56:526|~IN~]Receiveing the data from SMPP Clinet:57
[SMPPSERVER10|Receiver.cpp|00052|27-01-2016 22:02:56:526|~IN~]Sending Bind Responc:ussdclient
[SMPPSERVER10|TcpServer.cpp|00202|27-01-2016 22:02:57:528|~IN~] Client connected from 
[SMPPSERVER10|TcpServer.cpp|00223|27-01-2016 22:02:57:528|~IN~]Started ClientThread[0x8264c60]
[SMPPSERVER10|Receiver.cpp|00025|27-01-2016 22:02:58:529|~IN~]Receiveing the data
[SMPPSERVER10|Receiver.cpp|00040|27-01-2016 22:03:04:541|~ER~]Clinet Disconnection happend
[SMPPSERVER10|TcpServer.cpp|00228|27-01-2016 22:03:04:541|~ER~]Clint Has Discoonected From 
[SMPPSERVER10|TcpServer.cpp|00245|27-01-2016 22:03:04:541|~CR~]Clinet  Disconnected
[SMPPSERVER10|Receiver.cpp|00025|27-01-2016 22:03:04:542|~IN~]Receiveing the data
[SMPPSERVER10|Receiver.cpp|00040|27-01-2016 22:03:04:542|~ER~]Clinet Disconnection happend
[SMPPSERVER10|TcpServer.cpp|00197|27-01-2016 22:03:05:544|~ER~]Accept failed 
[SMPPSERVER10|Receiver.cpp|00025|27-01-2016 22:03:06:546|~IN~]Receiveing the data
[SMPPSERVER10|Receiver.cpp|00043|27-01-2016 22:03:07:551|~IN~]Receiveing the data from SMPP Clinet:57
[SMPPSERVER10|Receiver.cpp|00052|27-01-2016 22:03:07:551|~IN~]Sending Bind Responc:ussdclient
[SMPPSERVER10|TcpServer.cpp|00202|27-01-2016 22:03:08:558|~IN~] Client connected from 
[SMPPSERVER10|TcpServer.cpp|00223|27-01-2016 22:03:08:623|~IN~]Started ClientThread[0x8264c60]
[SMPPSERVER10|Receiver.cpp|00025|27-01-2016 22:03:09:625|~IN~]Receiveing the data
[SMPPSERVER10|Receiver.cpp|00040|27-01-2016 22:03:15:575|~ER~]Clinet Disconnection happend
[SMPPSERVER10|TcpServer.cpp|00228|27-01-2016 22:03:15:575|~ER~]Clint Has Discoonected From 
[SMPPSERVER10|TcpServer.cpp|00245|27-01-2016 22:03:15:575|~CR~]Clinet  Disconnected
[SMPPSERVER10|Receiver.cpp|00025|27-01-2016 22:03:15:575|~IN~]Receiveing the data
[SMPPSERVER10|Receiver.cpp|00040|27-01-2016 22:03:15:575|~ER~]Clinet Disconnection happend
[SMPPSERVER10|TcpServer.cpp|00197|27-01-2016 22:03:16:578|~ER~]Accept failed 
[SMPPSERVER10|Receiver.cpp|00025|27-01-2016 22:03:17:580|~IN~]Receiveing the data
[SMPPSERVER10|Receiver.cpp|00043|27-01-2016 22:03:18:582|~IN~]Receiveing the data from SMPP Clinet:57
[SMPPSERVER10|Receiver.cpp|00052|27-01-2016 22:03:18:582|~IN~]Sending Bind Responc:ussdclient
[SMPPSERVER10|TcpServer.cpp|00202|27-01-2016 22:03:19:584|~IN~] Client connected from 
[SMPPSERVER10|TcpServer.cpp|00223|27-01-2016 22:03:19:584|~IN~]Started ClientThread[0x8264c60]
[SMPPSERVER10|Receiver.cpp|00025|27-01-2016 22:03:20:585|~IN~]Receiveing the data
[SMPPSERVER10|Receiver.cpp|00040|27-01-2016 22:03:26:597|~ER~]Clinet Disconnection happend
[SMPPSERVER10|TcpServer.cpp|00228|27-01-2016 22:03:26:597|~ER~]Clint Has Discoonected From 
[SMPPSERVER10|TcpServer.cpp|00245|27-01-2016 22:03:26:597|~CR~]Clinet  Disconnected
[SMPPSERVER10|Receiver.cpp|00025|27-01-2016 22:03:26:598|~IN~]Receiveing the data
[SMPPSERVER10|Receiver.cpp|00040|27-01-2016 22:03:26:598|~ER~]Clinet Disconnection happend
[SMPPSERVER10|TcpServer.cpp|00197|27-01-2016 22:03:27:599|~ER~]Accept failed 
[SMPPSERVER10|Receiver.cpp|00025|27-01-2016 22:03:28:602|~IN~]Receiveing the data
[SMPPSERVER10|Receiver.cpp|00043|27-01-2016 22:03:29:604|~IN~]Receiveing the data from SMPP Clinet:57
[SMPPSERVER10|Receiver.cpp|00052|27-01-2016 22:03:29:604|~IN~]Sending Bind Responc:ussdclient
[SMPPSERVER10|TcpServer.cpp|00202|27-01-2016 22:03:30:606|~IN~] Client connected from 
[SMPPSERVER10|TcpServer.cpp|00223|27-01-2016 22:03:30:606|~IN~]Started ClientThread[0x8264c60]
[SMPPSERVER10|Receiver.cpp|00025|27-01-2016 22:03:31:608|~IN~]Receiveing the data
[SMPPSERVER10|Receiver.cpp|00040|27-01-2016 22:03:37:619|~ER~]Clinet Disconnection happend
[SMPPSERVER10|TcpServer.cpp|00228|27-01-2016 22:03:37:619|~ER~]Clint Has Discoonected From 
[SMPPSERVER10|TcpServer.cpp|00245|27-01-2016 22:03:37:619|~CR~]Clinet  Disconnected
[SMPPSERVER10|Receiver.cpp|00025|27-01-2016 22:03:37:619|~IN~]Receiveing the data
[SMPPSERVER10|Receiver.cpp|00040|27-01-2016 22:03:37:619|~ER~]Clinet Disconnection happend
[SMPPSERVER10|TcpServer.cpp|00197|27-01-2016 22:03:38:620|~ER~]Accept failed 
[SMPPSERVER10|Receiver.cpp|00025|27-01-2016 22:03:39:622|~IN~]Receiveing the data
[SMPPSERVER10|Receiver.cpp|00043|27-01-2016 22:03:40:625|~IN~]Receiveing the data from SMPP Clinet:57
[SMPPSERVER10|Receiver.cpp|00052|27-01-2016 22:03:40:625|~IN~]Sending Bind Responc:ussdclient
[SMPPSERVER10|TcpServer.cpp|00202|27-01-2016 22:03:41:627|~IN~] Client connected from 
[SMPPSERVER10|TcpServer.cpp|00223|27-01-2016 22:03:41:627|~IN~]Started ClientThread[0x8264c60]
[SMPPSERVER10|Receiver.cpp|00025|27-01-2016 22:03:42:629|~IN~]Receiveing the data
[SMPPSERVER10|Receiver.cpp|00040|27-01-2016 22:03:48:641|~ER~]Clinet Disconnection happend
[SMPPSERVER10|TcpServer.cpp|00228|27-01-2016 22:03:48:641|~ER~]Clint Has Discoonected From 
[SMPPSERVER10|TcpServer.cpp|00245|27-01-2016 22:03:48:641|~CR~]Clinet  Disconnected
[SMPPSERVER10|Receiver.cpp|00025|27-01-2016 22:03:48:642|~IN~]Receiveing the data
[SMPPSERVER10|Receiver.cpp|00040|27-01-2016 22:03:48:642|~ER~]Clinet Disconnection happend
[SMPPSERVER10|TcpServer.cpp|00197|27-01-2016 22:03:49:644|~ER~]Accept failed 
[SMPPSERVER10|Receiver.cpp|00025|27-01-2016 22:03:50:646|~IN~]Receiveing the data
[SMPPSERVER10|Receiver.cpp|00043|27-01-2016 22:03:51:648|~IN~]Receiveing the data from SMPP Clinet:57
[SMPPSERVER10|Receiver.cpp|00052|27-01-2016 22:03:51:648|~IN~]Sending Bind Responc:ussdclient
[SMPPSERVER10|TcpServer.cpp|00202|27-01-2016 22:03:52:650|~IN~] Client connected from 
[SMPPSERVER10|TcpServer.cpp|00223|27-01-2016 22:03:52:650|~IN~]Started ClientThread[0x8264c60]
[SMPPSERVER10|Receiver.cpp|00025|27-01-2016 22:03:53:653|~IN~]Receiveing the data
[SMPPSERVER10|Receiver.cpp|00040|27-01-2016 22:03:59:663|~ER~]Clinet Disconnection happend
[SMPPSERVER10|TcpServer.cpp|00228|27-01-2016 22:03:59:664|~ER~]Clint Has Discoonected From 
[SMPPSERVER10|TcpServer.cpp|00245|27-01-2016 22:03:59:664|~CR~]Clinet  Disconnected
[SMPPSERVER10|Receiver.cpp|00025|27-01-2016 22:03:59:664|~IN~]Receiveing the data
[SMPPSERVER10|Receiver.cpp|00040|27-01-2016 22:03:59:664|~ER~]Clinet Disconnection happend
[SMPPSERVER10|TcpServer.cpp|00197|27-01-2016 22:04:00:666|~ER~]Accept failed 
[SMPPSERVER10|Receiver.cpp|00025|27-01-2016 22:04:01:667|~IN~]Receiveing the data
[SMPPSERVER10|Receiver.cpp|00043|27-01-2016 22:04:02:669|~IN~]Receiveing the data from SMPP Clinet:57
[SMPPSERVER10|Receiver.cpp|00052|27-01-2016 22:04:02:669|~IN~]Sending Bind Responc:ussdclient
[SMPPSERVER10|TcpServer.cpp|00202|27-01-2016 22:04:03:671|~IN~] Client connected from 
[SMPPSERVER10|TcpServer.cpp|00223|27-01-2016 22:04:03:671|~IN~]Started ClientThread[0x8264c60]
[SMPPSERVER10|Receiver.cpp|00025|27-01-2016 22:04:04:673|~IN~]Receiveing the data
[SMPPSERVER10|Receiver.cpp|00040|27-01-2016 22:04:10:684|~ER~]Clinet Disconnection happend
[SMPPSERVER10|TcpServer.cpp|00228|27-01-2016 22:04:10:684|~ER~]Clint Has Discoonected From 
[SMPPSERVER10|TcpServer.cpp|00245|27-01-2016 22:04:10:684|~CR~]Clinet  Disconnected
[SMPPSERVER10|Receiver.cpp|00025|27-01-2016 22:04:10:684|~IN~]Receiveing the data
[SMPPSERVER10|Receiver.cpp|00040|27-01-2016 22:04:10:684|~ER~]Clinet Disconnection happend
[SMPPSERVER10|TcpServer.cpp|00197|27-01-2016 22:04:11:687|~ER~]Accept failed 
[SMPPSERVER10|Receiver.cpp|00025|27-01-2016 22:04:12:689|~IN~]Receiveing the data
[SMPPSERVER10|Receiver.cpp|00043|27-01-2016 22:04:13:690|~IN~]Receiveing the data from SMPP Clinet:57
[SMPPSERVER10|Receiver.cpp|00052|27-01-2016 22:04:13:690|~IN~]Sending Bind Responc:ussdclient
[SMPPSERVER10|TcpServer.cpp|00202|27-01-2016 22:04:14:692|~IN~] Client connected from 
[SMPPSERVER10|TcpServer.cpp|00223|27-01-2016 22:04:14:692|~IN~]Started ClientThread[0x8264c60]
[SMPPSERVER10|Receiver.cpp|00025|27-01-2016 22:04:15:695|~IN~]Receiveing the data
[SMPPSERVER10|Receiver.cpp|00040|27-01-2016 22:04:21:705|~ER~]Clinet Disconnection happend
[SMPPSERVER10|TcpServer.cpp|00228|27-01-2016 22:04:21:705|~ER~]Clint Has Discoonected From 
[SMPPSERVER10|TcpServer.cpp|00245|27-01-2016 22:04:21:705|~CR~]Clinet  Disconnected
[SMPPSERVER10|Receiver.cpp|00025|27-01-2016 22:04:21:705|~IN~]Receiveing the data
[SMPPSERVER10|Receiver.cpp|00040|27-01-2016 22:04:21:705|~ER~]Clinet Disconnection happend
[SMPPSERVER10|TcpServer.cpp|00197|27-01-2016 22:04:22:707|~ER~]Accept failed 
[SMPPSERVER10|Receiver.cpp|00025|27-01-2016 22:04:23:709|~IN~]Receiveing the data
[SMPPSERVER10|Receiver.cpp|00043|27-01-2016 22:04:24:711|~IN~]Receiveing the data from SMPP Clinet:57
[SMPPSERVER10|Receiver.cpp|00052|27-01-2016 22:04:24:711|~IN~]Sending Bind Responc:ussdclient
[SMPPSERVER10|TcpServer.cpp|00202|27-01-2016 22:04:25:712|~IN~] Client connected from 
[SMPPSERVER10|TcpServer.cpp|00223|27-01-2016 22:04:25:713|~IN~]Started ClientThread[0x8264c60]
[SMPPSERVER10|Receiver.cpp|00025|27-01-2016 22:04:26:714|~IN~]Receiveing the data
[SMPPSERVER10|Receiver.cpp|00040|27-01-2016 22:04:32:725|~ER~]Clinet Disconnection happend
[SMPPSERVER10|TcpServer.cpp|00228|27-01-2016 22:04:32:725|~ER~]Clint Has Discoonected From 
[SMPPSERVER10|TcpServer.cpp|00245|27-01-2016 22:04:32:725|~CR~]Clinet  Disconnected
[SMPPSERVER10|Receiver.cpp|00025|27-01-2016 22:04:32:726|~IN~]Receiveing the data
[SMPPSERVER10|Receiver.cpp|00040|27-01-2016 22:04:32:726|~ER~]Clinet Disconnection happend
[SMPPSERVER10|TcpServer.cpp|00197|27-01-2016 22:04:33:727|~ER~]Accept failed 
[SMPPSERVER10|Receiver.cpp|00025|27-01-2016 22:04:34:729|~IN~]Receiveing the data
[SMPPSERVER10|Receiver.cpp|00043|27-01-2016 22:04:35:731|~IN~]Receiveing the data from SMPP Clinet:57
[SMPPSERVER10|Receiver.cpp|00052|27-01-2016 22:04:35:731|~IN~]Sending Bind Responc:ussdclient
[SMPPSERVER10|TcpServer.cpp|00202|27-01-2016 22:04:36:733|~IN~] Client connected from 
[SMPPSERVER10|TcpServer.cpp|00223|27-01-2016 22:04:36:733|~IN~]Started ClientThread[0x8264c60]
[SMPPSERVER10|Receiver.cpp|00025|27-01-2016 22:04:37:735|~IN~]Receiveing the data
[SMPPSERVER10|Receiver.cpp|00040|27-01-2016 22:04:43:745|~ER~]Clinet Disconnection happend
[SMPPSERVER10|TcpServer.cpp|00228|27-01-2016 22:04:43:745|~ER~]Clint Has Discoonected From 
[SMPPSERVER10|TcpServer.cpp|00245|27-01-2016 22:04:43:745|~CR~]Clinet  Disconnected
[SMPPSERVER10|Receiver.cpp|00025|27-01-2016 22:04:43:746|~IN~]Receiveing the data
[SMPPSERVER10|Receiver.cpp|00040|27-01-2016 22:04:43:746|~ER~]Clinet Disconnection happend
[SMPPSERVER10|TcpServer.cpp|00197|27-01-2016 22:04:44:748|~ER~]Accept failed 
[SMPPSERVER10|Receiver.cpp|00025|27-01-2016 22:04:45:749|~IN~]Receiveing the data
[SMPPSERVER10|Receiver.cpp|00043|27-01-2016 22:04:46:752|~IN~]Receiveing the data from SMPP Clinet:57
[SMPPSERVER10|Receiver.cpp|00052|27-01-2016 22:04:46:752|~IN~]Sending Bind Responc:ussdclient
[SMPPSERVER10|TcpServer.cpp|00202|27-01-2016 22:04:47:753|~IN~] Client connected from 
[SMPPSERVER10|TcpServer.cpp|00223|27-01-2016 22:04:47:753|~IN~]Started ClientThread[0x8264c60]
[SMPPSERVER10|Receiver.cpp|00025|27-01-2016 22:04:48:755|~IN~]Receiveing the data
[SMPPSERVER10|Receiver.cpp|00040|27-01-2016 22:04:54:766|~ER~]Clinet Disconnection happend
[SMPPSERVER10|TcpServer.cpp|00228|27-01-2016 22:04:54:766|~ER~]Clint Has Discoonected From 
[SMPPSERVER10|TcpServer.cpp|00245|27-01-2016 22:04:54:766|~CR~]Clinet  Disconnected
[SMPPSERVER10|Receiver.cpp|00025|27-01-2016 22:04:54:766|~IN~]Receiveing the data
[SMPPSERVER10|Receiver.cpp|00040|27-01-2016 22:04:54:766|~ER~]Clinet Disconnection happend
[SMPPSERVER10|TcpServer.cpp|00197|27-01-2016 22:04:55:768|~ER~]Accept failed 
[SMPPSERVER10|Receiver.cpp|00025|27-01-2016 22:04:56:770|~IN~]Receiveing the data
[SMPPSERVER10|Receiver.cpp|00043|27-01-2016 22:04:57:772|~IN~]Receiveing the data from SMPP Clinet:57
[SMPPSERVER10|Receiver.cpp|00052|27-01-2016 22:04:57:772|~IN~]Sending Bind Responc:ussdclient
[SMPPSERVER10|TcpServer.cpp|00202|27-01-2016 22:04:58:775|~IN~] Client connected from 
[SMPPSERVER10|TcpServer.cpp|00223|27-01-2016 22:04:58:775|~IN~]Started ClientThread[0x8264c60]
[SMPPSERVER10|Receiver.cpp|00025|27-01-2016 22:04:59:776|~IN~]Receiveing the data
[SMPPSERVER10|Receiver.cpp|00040|27-01-2016 22:05:05:788|~ER~]Clinet Disconnection happend
[SMPPSERVER10|TcpServer.cpp|00228|27-01-2016 22:05:05:788|~ER~]Clint Has Discoonected From 
[SMPPSERVER10|TcpServer.cpp|00245|27-01-2016 22:05:05:788|~CR~]Clinet  Disconnected
[SMPPSERVER10|Receiver.cpp|00025|27-01-2016 22:05:05:788|~IN~]Receiveing the data
[SMPPSERVER10|Receiver.cpp|00040|27-01-2016 22:05:05:788|~ER~]Clinet Disconnection happend
[SMPPSERVER10|TcpServer.cpp|00197|27-01-2016 22:05:06:790|~ER~]Accept failed 
[SMPPSERVER10|Receiver.cpp|00025|27-01-2016 22:05:07:792|~IN~]Receiveing the data
[SMPPSERVER10|Receiver.cpp|00043|27-01-2016 22:05:08:794|~IN~]Receiveing the data from SMPP Clinet:57
[SMPPSERVER10|Receiver.cpp|00052|27-01-2016 22:05:08:794|~IN~]Sending Bind Responc:ussdclient
[SMPPSERVER10|TcpServer.cpp|00202|27-01-2016 22:05:09:795|~IN~] Client connected from 
[SMPPSERVER10|TcpServer.cpp|00223|27-01-2016 22:05:09:795|~IN~]Started ClientThread[0x8264c60]
[SMPPSERVER10|Receiver.cpp|00025|27-01-2016 22:05:10:798|~IN~]Receiveing the data
[SMPPSERVER10|Receiver.cpp|00040|27-01-2016 22:05:16:810|~ER~]Clinet Disconnection happend
[SMPPSERVER10|TcpServer.cpp|00228|27-01-2016 22:05:16:810|~ER~]Clint Has Discoonected From 
[SMPPSERVER10|TcpServer.cpp|00245|27-01-2016 22:05:16:810|~CR~]Clinet  Disconnected
[SMPPSERVER10|Receiver.cpp|00025|27-01-2016 22:05:16:810|~IN~]Receiveing the data
[SMPPSERVER10|Receiver.cpp|00040|27-01-2016 22:05:16:810|~ER~]Clinet Disconnection happend
[SMPPSERVER10|TcpServer.cpp|00197|27-01-2016 22:05:17:813|~ER~]Accept failed 
[SMPPSERVER10|Receiver.cpp|00025|27-01-2016 22:05:18:814|~IN~]Receiveing the data
[SMPPSERVER10|Receiver.cpp|00043|27-01-2016 22:05:19:815|~IN~]Receiveing the data from SMPP Clinet:57
[SMPPSERVER10|Receiver.cpp|00052|27-01-2016 22:05:19:815|~IN~]Sending Bind Responc:ussdclient
[SMPPSERVER10|TcpServer.cpp|00202|27-01-2016 22:05:20:817|~IN~] Client connected from 
[SMPPSERVER10|TcpServer.cpp|00223|27-01-2016 22:05:20:818|~IN~]Started ClientThread[0x8264c60]
[SMPPSERVER10|Receiver.cpp|00025|27-01-2016 22:05:21:820|~IN~]Receiveing the data
[SMPPSERVER10|Receiver.cpp|00040|27-01-2016 22:05:27:830|~ER~]Clinet Disconnection happend
[SMPPSERVER10|TcpServer.cpp|00228|27-01-2016 22:05:27:830|~ER~]Clint Has Discoonected From 
[SMPPSERVER10|TcpServer.cpp|00245|27-01-2016 22:05:27:830|~CR~]Clinet  Disconnected
[SMPPSERVER10|Receiver.cpp|00025|27-01-2016 22:05:27:831|~IN~]Receiveing the data
[SMPPSERVER10|Receiver.cpp|00040|27-01-2016 22:05:27:831|~ER~]Clinet Disconnection happend
[SMPPSERVER10|TcpServer.cpp|00197|27-01-2016 22:05:28:833|~ER~]Accept failed 
[SMPPSERVER10|Receiver.cpp|00025|27-01-2016 22:05:29:836|~IN~]Receiveing the data
[SMPPSERVER10|Receiver.cpp|00043|27-01-2016 22:05:30:838|~IN~]Receiveing the data from SMPP Clinet:57
[SMPPSERVER10|Receiver.cpp|00052|27-01-2016 22:05:30:838|~IN~]Sending Bind Responc:ussdclient
[SMPPSERVER10|TcpServer.cpp|00202|27-01-2016 22:05:31:839|~IN~] Client connected from 
[SMPPSERVER10|TcpServer.cpp|00223|27-01-2016 22:05:31:839|~IN~]Started ClientThread[0x8264c60]
[SMPPSERVER10|Receiver.cpp|00025|27-01-2016 22:05:32:842|~IN~]Receiveing the data
[SMPPSERVER10|Receiver.cpp|00040|27-01-2016 22:05:38:852|~ER~]Clinet Disconnection happend
[SMPPSERVER10|TcpServer.cpp|00228|27-01-2016 22:05:38:852|~ER~]Clint Has Discoonected From 
[SMPPSERVER10|TcpServer.cpp|00245|27-01-2016 22:05:38:852|~CR~]Clinet  Disconnected
[SMPPSERVER10|Receiver.cpp|00025|27-01-2016 22:05:38:852|~IN~]Receiveing the data
[SMPPSERVER10|Receiver.cpp|00040|27-01-2016 22:05:38:852|~ER~]Clinet Disconnection happend
[SMPPSERVER10|TcpServer.cpp|00197|27-01-2016 22:05:39:855|~ER~]Accept failed 
[SMPPSERVER10|Receiver.cpp|00025|27-01-2016 22:05:40:856|~IN~]Receiveing the data
[SMPPSERVER10|Receiver.cpp|00043|27-01-2016 22:05:41:858|~IN~]Receiveing the data from SMPP Clinet:57
[SMPPSERVER10|Receiver.cpp|00052|27-01-2016 22:05:41:858|~IN~]Sending Bind Responc:ussdclient
[SMPPSERVER10|TcpServer.cpp|00202|27-01-2016 22:05:42:860|~IN~] Client connected from 
[SMPPSERVER10|TcpServer.cpp|00223|27-01-2016 22:05:42:860|~IN~]Started ClientThread[0x8264c60]
[SMPPSERVER10|Receiver.cpp|00025|27-01-2016 22:05:43:861|~IN~]Receiveing the data
[SMPPSERVER10|Receiver.cpp|00040|27-01-2016 22:05:49:873|~ER~]Clinet Disconnection happend
[SMPPSERVER10|TcpServer.cpp|00228|27-01-2016 22:05:49:873|~ER~]Clint Has Discoonected From 
[SMPPSERVER10|TcpServer.cpp|00245|27-01-2016 22:05:49:873|~CR~]Clinet  Disconnected
[SMPPSERVER10|Receiver.cpp|00025|27-01-2016 22:05:49:873|~IN~]Receiveing the data
[SMPPSERVER10|Receiver.cpp|00040|27-01-2016 22:05:49:873|~ER~]Clinet Disconnection happend
[SMPPSERVER10|TcpServer.cpp|00197|27-01-2016 22:05:50:875|~ER~]Accept failed 
[SMPPSERVER10|Receiver.cpp|00025|27-01-2016 22:05:51:878|~IN~]Receiveing the data
[SMPPSERVER10|Receiver.cpp|00043|27-01-2016 22:05:52:880|~IN~]Receiveing the data from SMPP Clinet:57
[SMPPSERVER10|Receiver.cpp|00052|27-01-2016 22:05:52:880|~IN~]Sending Bind Responc:ussdclient
[SMPPSERVER10|TcpServer.cpp|00202|27-01-2016 22:05:53:882|~IN~] Client connected from 
[SMPPSERVER10|TcpServer.cpp|00223|27-01-2016 22:05:53:882|~IN~]Started ClientThread[0x8264c60]
[SMPPSERVER10|Receiver.cpp|00025|27-01-2016 22:05:54:884|~IN~]Receiveing the data
[SMPPSERVER10|Receiver.cpp|00040|27-01-2016 22:06:00:895|~ER~]Clinet Disconnection happend
[SMPPSERVER10|TcpServer.cpp|00228|27-01-2016 22:06:00:895|~ER~]Clint Has Discoonected From 
[SMPPSERVER10|TcpServer.cpp|00245|27-01-2016 22:06:00:895|~CR~]Clinet  Disconnected
[SMPPSERVER10|Receiver.cpp|00025|27-01-2016 22:06:00:895|~IN~]Receiveing the data
[SMPPSERVER10|Receiver.cpp|00040|27-01-2016 22:06:00:895|~ER~]Clinet Disconnection happend
[SMPPSERVER10|TcpServer.cpp|00197|27-01-2016 22:06:01:897|~ER~]Accept failed 
[SMPPSERVER10|Receiver.cpp|00025|27-01-2016 22:06:02:899|~IN~]Receiveing the data
[SMPPSERVER10|Receiver.cpp|00043|27-01-2016 22:06:03:902|~IN~]Receiveing the data from SMPP Clinet:57
[SMPPSERVER10|Receiver.cpp|00052|27-01-2016 22:06:03:902|~IN~]Sending Bind Responc:ussdclient
[SMPPSERVER10|TcpServer.cpp|00202|27-01-2016 22:06:04:903|~IN~] Client connected from 
[SMPPSERVER10|TcpServer.cpp|00223|27-01-2016 22:06:04:904|~IN~]Started ClientThread[0x8264c60]
[SMPPSERVER10|Receiver.cpp|00025|27-01-2016 22:06:05:905|~IN~]Receiveing the data
[SMPPSERVER10|Receiver.cpp|00040|27-01-2016 22:06:11:917|~ER~]Clinet Disconnection happend
[SMPPSERVER10|TcpServer.cpp|00228|27-01-2016 22:06:11:917|~ER~]Clint Has Discoonected From 
[SMPPSERVER10|TcpServer.cpp|00245|27-01-2016 22:06:11:917|~CR~]Clinet  Disconnected
[SMPPSERVER10|Receiver.cpp|00025|27-01-2016 22:06:11:918|~IN~]Receiveing the data
[SMPPSERVER10|Receiver.cpp|00040|27-01-2016 22:06:11:918|~ER~]Clinet Disconnection happend
[SMPPSERVER10|TcpServer.cpp|00197|27-01-2016 22:06:12:919|~ER~]Accept failed 
[SMPPSERVER10|Receiver.cpp|00025|27-01-2016 22:06:13:922|~IN~]Receiveing the data
[SMPPSERVER10|Receiver.cpp|00043|27-01-2016 22:06:14:924|~IN~]Receiveing the data from SMPP Clinet:57
[SMPPSERVER10|Receiver.cpp|00052|27-01-2016 22:06:14:924|~IN~]Sending Bind Responc:ussdclient
[SMPPSERVER10|TcpServer.cpp|00202|27-01-2016 22:06:15:926|~IN~] Client connected from 
[SMPPSERVER10|TcpServer.cpp|00223|27-01-2016 22:06:15:926|~IN~]Started ClientThread[0x8264c60]
[SMPPSERVER10|Receiver.cpp|00025|27-01-2016 22:06:16:929|~IN~]Receiveing the data
[SMPPSERVER10|Receiver.cpp|00040|27-01-2016 22:06:22:938|~ER~]Clinet Disconnection happend
[SMPPSERVER10|TcpServer.cpp|00228|27-01-2016 22:06:22:938|~ER~]Clint Has Discoonected From 
[SMPPSERVER10|TcpServer.cpp|00245|27-01-2016 22:06:22:939|~CR~]Clinet  Disconnected
[SMPPSERVER10|Receiver.cpp|00025|27-01-2016 22:06:22:939|~IN~]Receiveing the data
[SMPPSERVER10|Receiver.cpp|00040|27-01-2016 22:06:22:939|~ER~]Clinet Disconnection happend
[SMPPSERVER10|TcpServer.cpp|00197|27-01-2016 22:06:23:941|~ER~]Accept failed 
[SMPPSERVER10|Receiver.cpp|00025|27-01-2016 22:06:24:942|~IN~]Receiveing the data
[SMPPSERVER10|Receiver.cpp|00043|27-01-2016 22:06:25:945|~IN~]Receiveing the data from SMPP Clinet:57
[SMPPSERVER10|Receiver.cpp|00052|27-01-2016 22:06:25:945|~IN~]Sending Bind Responc:ussdclient
[SMPPSERVER10|TcpServer.cpp|00202|27-01-2016 22:06:26:947|~IN~] Client connected from 
[SMPPSERVER10|TcpServer.cpp|00223|27-01-2016 22:06:26:947|~IN~]Started ClientThread[0x8264c60]
[SMPPSERVER10|Receiver.cpp|00025|27-01-2016 22:06:27:949|~IN~]Receiveing the data
[SMPPSERVER10|Receiver.cpp|00040|27-01-2016 22:06:33:960|~ER~]Clinet Disconnection happend
[SMPPSERVER10|TcpServer.cpp|00228|27-01-2016 22:06:33:960|~ER~]Clint Has Discoonected From 
[SMPPSERVER10|TcpServer.cpp|00245|27-01-2016 22:06:33:960|~CR~]Clinet  Disconnected
[SMPPSERVER10|Receiver.cpp|00025|27-01-2016 22:06:33:960|~IN~]Receiveing the data
[SMPPSERVER10|Receiver.cpp|00040|27-01-2016 22:06:33:960|~ER~]Clinet Disconnection happend
[SMPPSERVER10|TcpServer.cpp|00197|27-01-2016 22:06:34:963|~ER~]Accept failed 
[SMPPSERVER10|Receiver.cpp|00025|27-01-2016 22:06:35:964|~IN~]Receiveing the data
[SMPPSERVER10|Receiver.cpp|00043|27-01-2016 22:06:36:965|~IN~]Receiveing the data from SMPP Clinet:57
[SMPPSERVER10|Receiver.cpp|00052|27-01-2016 22:06:36:965|~IN~]Sending Bind Responc:ussdclient
[SMPPSERVER10|TcpServer.cpp|00202|27-01-2016 22:06:37:968|~IN~] Client connected from 
[SMPPSERVER10|TcpServer.cpp|00223|27-01-2016 22:06:37:968|~IN~]Started ClientThread[0x8264c60]
[SMPPSERVER10|Receiver.cpp|00025|27-01-2016 22:06:38:970|~IN~]Receiveing the data
[SMPPSERVER10|Receiver.cpp|00040|27-01-2016 22:06:44:982|~ER~]Clinet Disconnection happend
[SMPPSERVER10|TcpServer.cpp|00228|27-01-2016 22:06:44:982|~ER~]Clint Has Discoonected From 
[SMPPSERVER10|TcpServer.cpp|00245|27-01-2016 22:06:44:982|~CR~]Clinet  Disconnected
[SMPPSERVER10|Receiver.cpp|00025|27-01-2016 22:06:44:982|~IN~]Receiveing the data
[SMPPSERVER10|Receiver.cpp|00040|27-01-2016 22:06:44:982|~ER~]Clinet Disconnection happend
[SMPPSERVER10|TcpServer.cpp|00197|27-01-2016 22:06:45:984|~ER~]Accept failed 
[SMPPSERVER10|Receiver.cpp|00025|27-01-2016 22:06:46:986|~IN~]Receiveing the data
[SMPPSERVER10|Receiver.cpp|00043|27-01-2016 22:06:47:988|~IN~]Receiveing the data from SMPP Clinet:57
[SMPPSERVER10|Receiver.cpp|00052|27-01-2016 22:06:47:988|~IN~]Sending Bind Responc:ussdclient
[SMPPSERVER10|TcpServer.cpp|00202|27-01-2016 22:06:48:989|~IN~] Client connected from 
[SMPPSERVER10|TcpServer.cpp|00223|27-01-2016 22:06:48:990|~IN~]Started ClientThread[0x8264c60]
[SMPPSERVER10|Receiver.cpp|00025|27-01-2016 22:06:49:992|~IN~]Receiveing the data
[SMPPSERVER10|Receiver.cpp|00040|27-01-2016 22:06:56:002|~ER~]Clinet Disconnection happend
[SMPPSERVER10|TcpServer.cpp|00228|27-01-2016 22:06:56:002|~ER~]Clint Has Discoonected From 
[SMPPSERVER10|TcpServer.cpp|00245|27-01-2016 22:06:56:002|~CR~]Clinet  Disconnected
[SMPPSERVER10|Receiver.cpp|00025|27-01-2016 22:06:56:003|~IN~]Receiveing the data
[SMPPSERVER10|Receiver.cpp|00040|27-01-2016 22:06:56:003|~ER~]Clinet Disconnection happend
[SMPPSERVER10|TcpServer.cpp|00197|27-01-2016 22:06:57:005|~ER~]Accept failed 
[SMPPSERVER10|Receiver.cpp|00025|27-01-2016 22:06:58:008|~IN~]Receiveing the data
[SMPPSERVER10|Receiver.cpp|00043|27-01-2016 22:06:59:009|~IN~]Receiveing the data from SMPP Clinet:57
[SMPPSERVER10|Receiver.cpp|00052|27-01-2016 22:06:59:009|~IN~]Sending Bind Responc:ussdclient
[SMPPSERVER10|TcpServer.cpp|00202|27-01-2016 22:07:00:011|~IN~] Client connected from 
[SMPPSERVER10|TcpServer.cpp|00223|27-01-2016 22:07:00:011|~IN~]Started ClientThread[0x8264c60]
[SMPPSERVER10|Receiver.cpp|00025|27-01-2016 22:07:01:013|~IN~]Receiveing the data
[SMPPSERVER10|Receiver.cpp|00040|27-01-2016 22:07:07:024|~ER~]Clinet Disconnection happend
[SMPPSERVER10|TcpServer.cpp|00228|27-01-2016 22:07:07:024|~ER~]Clint Has Discoonected From 
[SMPPSERVER10|TcpServer.cpp|00245|27-01-2016 22:07:07:025|~CR~]Clinet  Disconnected
[SMPPSERVER10|Receiver.cpp|00025|27-01-2016 22:07:07:025|~IN~]Receiveing the data
[SMPPSERVER10|Receiver.cpp|00040|27-01-2016 22:07:07:025|~ER~]Clinet Disconnection happend
[SMPPSERVER10|TcpServer.cpp|00197|27-01-2016 22:07:08:027|~ER~]Accept failed 
[SMPPSERVER10|Receiver.cpp|00025|27-01-2016 22:07:09:029|~IN~]Receiveing the data
[SMPPSERVER10|Receiver.cpp|00043|27-01-2016 22:07:10:032|~IN~]Receiveing the data from SMPP Clinet:57
[SMPPSERVER10|Receiver.cpp|00052|27-01-2016 22:07:10:032|~IN~]Sending Bind Responc:ussdclient
[SMPPSERVER10|TcpServer.cpp|00202|27-01-2016 22:07:11:034|~IN~] Client connected from 
[SMPPSERVER10|TcpServer.cpp|00223|27-01-2016 22:07:11:034|~IN~]Started ClientThread[0x8264c60]
[SMPPSERVER10|Receiver.cpp|00025|27-01-2016 22:07:12:037|~IN~]Receiveing the data
[SMPPSERVER10|Receiver.cpp|00040|27-01-2016 22:07:18:047|~ER~]Clinet Disconnection happend
[SMPPSERVER10|TcpServer.cpp|00228|27-01-2016 22:07:18:047|~ER~]Clint Has Discoonected From 
[SMPPSERVER10|TcpServer.cpp|00245|27-01-2016 22:07:18:047|~CR~]Clinet  Disconnected
[SMPPSERVER10|Receiver.cpp|00025|27-01-2016 22:07:18:047|~IN~]Receiveing the data
[SMPPSERVER10|Receiver.cpp|00040|27-01-2016 22:07:18:047|~ER~]Clinet Disconnection happend
[SMPPSERVER10|TcpServer.cpp|00197|27-01-2016 22:07:19:050|~ER~]Accept failed 
[SMPPSERVER10|Receiver.cpp|00025|27-01-2016 22:07:20:052|~IN~]Receiveing the data
[SMPPSERVER10|Receiver.cpp|00043|27-01-2016 22:07:21:054|~IN~]Receiveing the data from SMPP Clinet:57
[SMPPSERVER10|Receiver.cpp|00052|27-01-2016 22:07:21:054|~IN~]Sending Bind Responc:ussdclient
[SMPPSERVER10|TcpServer.cpp|00202|27-01-2016 22:07:22:056|~IN~] Client connected from 
[SMPPSERVER10|TcpServer.cpp|00223|27-01-2016 22:07:22:056|~IN~]Started ClientThread[0x8264c60]
[SMPPSERVER10|Receiver.cpp|00025|27-01-2016 22:07:23:057|~IN~]Receiveing the data
[SMPPSERVER10|Receiver.cpp|00040|27-01-2016 22:07:29:070|~ER~]Clinet Disconnection happend
[SMPPSERVER10|TcpServer.cpp|00228|27-01-2016 22:07:29:070|~ER~]Clint Has Discoonected From 
[SMPPSERVER10|TcpServer.cpp|00245|27-01-2016 22:07:29:070|~CR~]Clinet  Disconnected
[SMPPSERVER10|Receiver.cpp|00025|27-01-2016 22:07:29:070|~IN~]Receiveing the data
[SMPPSERVER10|Receiver.cpp|00040|27-01-2016 22:07:29:070|~ER~]Clinet Disconnection happend
[SMPPSERVER10|TcpServer.cpp|00197|27-01-2016 22:07:30:071|~ER~]Accept failed 
[SMPPSERVER10|Receiver.cpp|00025|27-01-2016 22:07:31:074|~IN~]Receiveing the data
[SMPPSERVER10|Receiver.cpp|00043|27-01-2016 22:07:32:076|~IN~]Receiveing the data from SMPP Clinet:57
[SMPPSERVER10|Receiver.cpp|00052|27-01-2016 22:07:32:076|~IN~]Sending Bind Responc:ussdclient
[SMPPSERVER10|TcpServer.cpp|00202|27-01-2016 22:07:33:078|~IN~] Client connected from 
[SMPPSERVER10|TcpServer.cpp|00223|27-01-2016 22:07:33:079|~IN~]Started ClientThread[0x8264c60]
[SMPPSERVER10|Receiver.cpp|00025|27-01-2016 22:07:34:081|~IN~]Receiveing the data
[SMPPSERVER10|Receiver.cpp|00040|27-01-2016 22:07:40:091|~ER~]Clinet Disconnection happend
[SMPPSERVER10|TcpServer.cpp|00228|27-01-2016 22:07:40:091|~ER~]Clint Has Discoonected From 
[SMPPSERVER10|TcpServer.cpp|00245|27-01-2016 22:07:40:091|~CR~]Clinet  Disconnected
[SMPPSERVER10|Receiver.cpp|00025|27-01-2016 22:07:40:091|~IN~]Receiveing the data
[SMPPSERVER10|Receiver.cpp|00040|27-01-2016 22:07:40:091|~ER~]Clinet Disconnection happend
[SMPPSERVER10|TcpServer.cpp|00197|27-01-2016 22:07:41:093|~ER~]Accept failed 
[SMPPSERVER10|Receiver.cpp|00025|27-01-2016 22:07:42:096|~IN~]Receiveing the data
[SMPPSERVER10|Receiver.cpp|00043|27-01-2016 22:07:43:098|~IN~]Receiveing the data from SMPP Clinet:57
[SMPPSERVER10|Receiver.cpp|00052|27-01-2016 22:07:43:098|~IN~]Sending Bind Responc:ussdclient
[SMPPSERVER10|TcpServer.cpp|00202|27-01-2016 22:07:44:100|~IN~] Client connected from 
[SMPPSERVER10|TcpServer.cpp|00223|27-01-2016 22:07:44:101|~IN~]Started ClientThread[0x8264c60]
[SMPPSERVER10|Receiver.cpp|00025|27-01-2016 22:07:45:103|~IN~]Receiveing the data
[SMPPSERVER10|Receiver.cpp|00040|27-01-2016 22:07:51:114|~ER~]Clinet Disconnection happend
[SMPPSERVER10|TcpServer.cpp|00228|27-01-2016 22:07:51:115|~ER~]Clint Has Discoonected From 
[SMPPSERVER10|TcpServer.cpp|00245|27-01-2016 22:07:51:115|~CR~]Clinet  Disconnected
[SMPPSERVER10|Receiver.cpp|00025|27-01-2016 22:07:51:115|~IN~]Receiveing the data
[SMPPSERVER10|Receiver.cpp|00040|27-01-2016 22:07:51:115|~ER~]Clinet Disconnection happend
[SMPPSERVER10|TcpServer.cpp|00197|27-01-2016 22:07:52:117|~ER~]Accept failed 
[SMPPSERVER10|Receiver.cpp|00025|27-01-2016 22:07:53:118|~IN~]Receiveing the data
[SMPPSERVER10|Receiver.cpp|00043|27-01-2016 22:07:54:120|~IN~]Receiveing the data from SMPP Clinet:57
[SMPPSERVER10|Receiver.cpp|00052|27-01-2016 22:07:54:120|~IN~]Sending Bind Responc:ussdclient
[SMPPSERVER10|TcpServer.cpp|00202|27-01-2016 22:07:55:122|~IN~] Client connected from 
[SMPPSERVER10|TcpServer.cpp|00223|27-01-2016 22:07:55:122|~IN~]Started ClientThread[0x8264c60]
[SMPPSERVER10|Receiver.cpp|00025|27-01-2016 22:07:56:125|~IN~]Receiveing the data
[SMPPSERVER10|Receiver.cpp|00040|27-01-2016 22:08:02:137|~ER~]Clinet Disconnection happend
[SMPPSERVER10|TcpServer.cpp|00228|27-01-2016 22:08:02:137|~ER~]Clint Has Discoonected From 
[SMPPSERVER10|TcpServer.cpp|00245|27-01-2016 22:08:02:137|~CR~]Clinet  Disconnected
[SMPPSERVER10|Receiver.cpp|00025|27-01-2016 22:08:02:137|~IN~]Receiveing the data
[SMPPSERVER10|Receiver.cpp|00040|27-01-2016 22:08:02:137|~ER~]Clinet Disconnection happend
[SMPPSERVER10|TcpServer.cpp|00197|27-01-2016 22:08:03:140|~ER~]Accept failed 
[SMPPSERVER10|Receiver.cpp|00025|27-01-2016 22:08:04:141|~IN~]Receiveing the data
[SMPPSERVER10|Receiver.cpp|00043|27-01-2016 22:08:05:143|~IN~]Receiveing the data from SMPP Clinet:57
[SMPPSERVER10|Receiver.cpp|00052|27-01-2016 22:08:05:143|~IN~]Sending Bind Responc:ussdclient
[SMPPSERVER10|TcpServer.cpp|00202|27-01-2016 22:08:06:145|~IN~] Client connected from 
[SMPPSERVER10|TcpServer.cpp|00223|27-01-2016 22:08:06:145|~IN~]Started ClientThread[0x8264c60]
[SMPPSERVER10|Receiver.cpp|00025|27-01-2016 22:08:07:147|~IN~]Receiveing the data
[SMPPSERVER10|Receiver.cpp|00040|27-01-2016 22:08:13:158|~ER~]Clinet Disconnection happend
[SMPPSERVER10|TcpServer.cpp|00228|27-01-2016 22:08:13:158|~ER~]Clint Has Discoonected From 
[SMPPSERVER10|TcpServer.cpp|00245|27-01-2016 22:08:13:158|~CR~]Clinet  Disconnected
[SMPPSERVER10|Receiver.cpp|00025|27-01-2016 22:08:13:159|~IN~]Receiveing the data
[SMPPSERVER10|Receiver.cpp|00040|27-01-2016 22:08:13:159|~ER~]Clinet Disconnection happend
[SMPPSERVER10|TcpServer.cpp|00197|27-01-2016 22:08:14:161|~ER~]Accept failed 
[SMPPSERVER10|Receiver.cpp|00025|27-01-2016 22:08:15:164|~IN~]Receiveing the data
[SMPPSERVER10|Receiver.cpp|00043|27-01-2016 22:08:16:165|~IN~]Receiveing the data from SMPP Clinet:57
[SMPPSERVER10|Receiver.cpp|00052|27-01-2016 22:08:16:165|~IN~]Sending Bind Responc:ussdclient
[SMPPSERVER10|TcpServer.cpp|00202|27-01-2016 22:08:17:167|~IN~] Client connected from 
[SMPPSERVER10|TcpServer.cpp|00223|27-01-2016 22:08:17:167|~IN~]Started ClientThread[0x8264c60]
[SMPPSERVER10|Receiver.cpp|00025|27-01-2016 22:08:18:169|~IN~]Receiveing the data
[SMPPSERVER10|Receiver.cpp|00040|27-01-2016 22:08:24:181|~ER~]Clinet Disconnection happend
[SMPPSERVER10|TcpServer.cpp|00228|27-01-2016 22:08:24:181|~ER~]Clint Has Discoonected From 
[SMPPSERVER10|TcpServer.cpp|00245|27-01-2016 22:08:24:181|~CR~]Clinet  Disconnected
[SMPPSERVER10|Receiver.cpp|00025|27-01-2016 22:08:24:181|~IN~]Receiveing the data
[SMPPSERVER10|Receiver.cpp|00040|27-01-2016 22:08:24:181|~ER~]Clinet Disconnection happend
[SMPPSERVER10|TcpServer.cpp|00197|27-01-2016 22:08:25:183|~ER~]Accept failed 
[SMPPSERVER10|Receiver.cpp|00025|27-01-2016 22:08:26:185|~IN~]Receiveing the data
[SMPPSERVER10|Receiver.cpp|00043|27-01-2016 22:08:27:187|~IN~]Receiveing the data from SMPP Clinet:57
[SMPPSERVER10|Receiver.cpp|00052|27-01-2016 22:08:27:187|~IN~]Sending Bind Responc:ussdclient
[SMPPSERVER10|TcpServer.cpp|00202|27-01-2016 22:08:28:188|~IN~] Client connected from 
[SMPPSERVER10|TcpServer.cpp|00223|27-01-2016 22:08:28:189|~IN~]Started ClientThread[0x8264c60]
[SMPPSERVER10|Receiver.cpp|00025|27-01-2016 22:08:29:190|~IN~]Receiveing the data
[SMPPSERVER10|Receiver.cpp|00040|27-01-2016 22:08:35:201|~ER~]Clinet Disconnection happend
[SMPPSERVER10|TcpServer.cpp|00228|27-01-2016 22:08:35:201|~ER~]Clint Has Discoonected From 
[SMPPSERVER10|TcpServer.cpp|00245|27-01-2016 22:08:35:201|~CR~]Clinet  Disconnected
[SMPPSERVER10|Receiver.cpp|00025|27-01-2016 22:08:35:202|~IN~]Receiveing the data
[SMPPSERVER10|Receiver.cpp|00040|27-01-2016 22:08:35:202|~ER~]Clinet Disconnection happend
[SMPPSERVER10|TcpServer.cpp|00197|27-01-2016 22:08:36:204|~ER~]Accept failed 
[SMPPSERVER10|Receiver.cpp|00025|27-01-2016 22:08:37:207|~IN~]Receiveing the data
[SMPPSERVER10|Receiver.cpp|00043|27-01-2016 22:08:38:208|~IN~]Receiveing the data from SMPP Clinet:57
[SMPPSERVER10|Receiver.cpp|00052|27-01-2016 22:08:38:208|~IN~]Sending Bind Responc:ussdclient
[SMPPSERVER10|TcpServer.cpp|00202|27-01-2016 22:08:39:210|~IN~] Client connected from 
[SMPPSERVER10|TcpServer.cpp|00223|27-01-2016 22:08:39:210|~IN~]Started ClientThread[0x8264c60]
[SMPPSERVER10|Receiver.cpp|00025|27-01-2016 22:08:40:212|~IN~]Receiveing the data
[SMPPSERVER10|Receiver.cpp|00040|27-01-2016 22:08:46:223|~ER~]Clinet Disconnection happend
[SMPPSERVER10|TcpServer.cpp|00228|27-01-2016 22:08:46:223|~ER~]Clint Has Discoonected From 
[SMPPSERVER10|TcpServer.cpp|00245|27-01-2016 22:08:46:223|~CR~]Clinet  Disconnected
[SMPPSERVER10|Receiver.cpp|00025|27-01-2016 22:08:46:223|~IN~]Receiveing the data
[SMPPSERVER10|Receiver.cpp|00040|27-01-2016 22:08:46:223|~ER~]Clinet Disconnection happend
[SMPPSERVER10|TcpServer.cpp|00197|27-01-2016 22:08:47:225|~ER~]Accept failed 
[SMPPSERVER10|Receiver.cpp|00025|27-01-2016 22:08:48:226|~IN~]Receiveing the data
[SMPPSERVER10|Receiver.cpp|00043|27-01-2016 22:08:49:229|~IN~]Receiveing the data from SMPP Clinet:57
[SMPPSERVER10|Receiver.cpp|00052|27-01-2016 22:08:49:229|~IN~]Sending Bind Responc:ussdclient
[SMPPSERVER10|TcpServer.cpp|00202|27-01-2016 22:08:50:230|~IN~] Client connected from 
[SMPPSERVER10|TcpServer.cpp|00223|27-01-2016 22:08:50:230|~IN~]Started ClientThread[0x8264c60]
[SMPPSERVER10|Receiver.cpp|00025|27-01-2016 22:08:51:232|~IN~]Receiveing the data
[SMPPSERVER10|Receiver.cpp|00040|27-01-2016 22:08:57:243|~ER~]Clinet Disconnection happend
[SMPPSERVER10|TcpServer.cpp|00228|27-01-2016 22:08:57:243|~ER~]Clint Has Discoonected From 
[SMPPSERVER10|TcpServer.cpp|00245|27-01-2016 22:08:57:243|~CR~]Clinet  Disconnected
[SMPPSERVER10|Receiver.cpp|00025|27-01-2016 22:08:57:243|~IN~]Receiveing the data
[SMPPSERVER10|Receiver.cpp|00040|27-01-2016 22:08:57:243|~ER~]Clinet Disconnection happend
[SMPPSERVER10|TcpServer.cpp|00197|27-01-2016 22:08:58:245|~ER~]Accept failed 
[SMPPSERVER10|Receiver.cpp|00025|27-01-2016 22:08:59:247|~IN~]Receiveing the data
[SMPPSERVER10|Receiver.cpp|00043|27-01-2016 22:09:00:248|~IN~]Receiveing the data from SMPP Clinet:57
[SMPPSERVER10|Receiver.cpp|00052|27-01-2016 22:09:00:248|~IN~]Sending Bind Responc:ussdclient
[SMPPSERVER10|TcpServer.cpp|00202|27-01-2016 22:09:01:251|~IN~] Client connected from 
[SMPPSERVER10|TcpServer.cpp|00223|27-01-2016 22:09:01:251|~IN~]Started ClientThread[0x8264c60]
[SMPPSERVER10|Receiver.cpp|00025|27-01-2016 22:09:02:252|~IN~]Receiveing the data
[SMPPSERVER10|Receiver.cpp|00040|27-01-2016 22:09:08:264|~ER~]Clinet Disconnection happend
[SMPPSERVER10|TcpServer.cpp|00228|27-01-2016 22:09:08:264|~ER~]Clint Has Discoonected From 
[SMPPSERVER10|TcpServer.cpp|00245|27-01-2016 22:09:08:264|~CR~]Clinet  Disconnected
[SMPPSERVER10|Receiver.cpp|00025|27-01-2016 22:09:08:264|~IN~]Receiveing the data
[SMPPSERVER10|Receiver.cpp|00040|27-01-2016 22:09:08:264|~ER~]Clinet Disconnection happend
[SMPPSERVER10|TcpServer.cpp|00197|27-01-2016 22:09:09:266|~ER~]Accept failed 
[SMPPSERVER10|Receiver.cpp|00025|27-01-2016 22:09:10:267|~IN~]Receiveing the data
[SMPPSERVER10|Receiver.cpp|00043|27-01-2016 22:09:11:269|~IN~]Receiveing the data from SMPP Clinet:57
[SMPPSERVER10|Receiver.cpp|00052|27-01-2016 22:09:11:269|~IN~]Sending Bind Responc:ussdclient
[SMPPSERVER10|TcpServer.cpp|00202|27-01-2016 22:09:12:270|~IN~] Client connected from 
[SMPPSERVER10|TcpServer.cpp|00223|27-01-2016 22:09:12:271|~IN~]Started ClientThread[0x8264c60]
[SMPPSERVER10|Receiver.cpp|00025|27-01-2016 22:09:13:273|~IN~]Receiveing the data
[SMPPSERVER10|Receiver.cpp|00040|27-01-2016 22:09:19:285|~ER~]Clinet Disconnection happend
[SMPPSERVER10|TcpServer.cpp|00228|27-01-2016 22:09:19:285|~ER~]Clint Has Discoonected From 
[SMPPSERVER10|TcpServer.cpp|00245|27-01-2016 22:09:19:285|~CR~]Clinet  Disconnected
[SMPPSERVER10|Receiver.cpp|00025|27-01-2016 22:09:19:285|~IN~]Receiveing the data
[SMPPSERVER10|Receiver.cpp|00040|27-01-2016 22:09:19:285|~ER~]Clinet Disconnection happend
[SMPPSERVER10|TcpServer.cpp|00197|27-01-2016 22:09:20:287|~ER~]Accept failed 
[SMPPSERVER10|Receiver.cpp|00025|27-01-2016 22:09:21:289|~IN~]Receiveing the data
[SMPPSERVER10|Receiver.cpp|00043|27-01-2016 22:09:22:290|~IN~]Receiveing the data from SMPP Clinet:57
[SMPPSERVER10|Receiver.cpp|00052|27-01-2016 22:09:22:290|~IN~]Sending Bind Responc:ussdclient
[SMPPSERVER10|TcpServer.cpp|00202|27-01-2016 22:09:23:293|~IN~] Client connected from 
[SMPPSERVER10|TcpServer.cpp|00223|27-01-2016 22:09:23:293|~IN~]Started ClientThread[0x8264c60]
[SMPPSERVER10|Receiver.cpp|00025|27-01-2016 22:09:24:296|~IN~]Receiveing the data
[SMPPSERVER10|Receiver.cpp|00040|27-01-2016 22:09:30:307|~ER~]Clinet Disconnection happend
[SMPPSERVER10|TcpServer.cpp|00228|27-01-2016 22:09:30:307|~ER~]Clint Has Discoonected From 
[SMPPSERVER10|TcpServer.cpp|00245|27-01-2016 22:09:30:307|~CR~]Clinet  Disconnected
[SMPPSERVER10|Receiver.cpp|00025|27-01-2016 22:09:30:308|~IN~]Receiveing the data
[SMPPSERVER10|Receiver.cpp|00040|27-01-2016 22:09:30:308|~ER~]Clinet Disconnection happend
[SMPPSERVER10|TcpServer.cpp|00197|27-01-2016 22:09:31:310|~ER~]Accept failed 
[SMPPSERVER10|Receiver.cpp|00025|27-01-2016 22:09:32:312|~IN~]Receiveing the data
[SMPPSERVER10|Receiver.cpp|00043|27-01-2016 22:09:33:314|~IN~]Receiveing the data from SMPP Clinet:57
[SMPPSERVER10|Receiver.cpp|00052|27-01-2016 22:09:33:314|~IN~]Sending Bind Responc:ussdclient
[SMPPSERVER10|TcpServer.cpp|00202|27-01-2016 22:09:34:315|~IN~] Client connected from 
[SMPPSERVER10|TcpServer.cpp|00223|27-01-2016 22:09:34:315|~IN~]Started ClientThread[0x8264c60]
[SMPPSERVER10|Receiver.cpp|00025|27-01-2016 22:09:35:318|~IN~]Receiveing the data
[SMPPSERVER10|Receiver.cpp|00040|27-01-2016 22:09:41:329|~ER~]Clinet Disconnection happend
[SMPPSERVER10|TcpServer.cpp|00228|27-01-2016 22:09:41:329|~ER~]Clint Has Discoonected From 
[SMPPSERVER10|TcpServer.cpp|00245|27-01-2016 22:09:41:329|~CR~]Clinet  Disconnected
[SMPPSERVER10|Receiver.cpp|00025|27-01-2016 22:09:41:329|~IN~]Receiveing the data
[SMPPSERVER10|Receiver.cpp|00040|27-01-2016 22:09:41:330|~ER~]Clinet Disconnection happend
[SMPPSERVER10|TcpServer.cpp|00197|27-01-2016 22:09:42:332|~ER~]Accept failed 
[SMPPSERVER10|Receiver.cpp|00025|27-01-2016 22:09:43:333|~IN~]Receiveing the data
[SMPPSERVER10|Receiver.cpp|00043|27-01-2016 22:09:44:335|~IN~]Receiveing the data from SMPP Clinet:57
[SMPPSERVER10|Receiver.cpp|00052|27-01-2016 22:09:44:335|~IN~]Sending Bind Responc:ussdclient
[SMPPSERVER10|TcpServer.cpp|00202|27-01-2016 22:09:45:337|~IN~] Client connected from 
[SMPPSERVER10|TcpServer.cpp|00223|27-01-2016 22:09:45:337|~IN~]Started ClientThread[0x8264c60]
[SMPPSERVER10|Receiver.cpp|00025|27-01-2016 22:09:46:339|~IN~]Receiveing the data
[SMPPSERVER10|Receiver.cpp|00040|27-01-2016 22:09:52:351|~ER~]Clinet Disconnection happend
[SMPPSERVER10|TcpServer.cpp|00228|27-01-2016 22:09:52:351|~ER~]Clint Has Discoonected From 
[SMPPSERVER10|TcpServer.cpp|00245|27-01-2016 22:09:52:351|~CR~]Clinet  Disconnected
[SMPPSERVER10|Receiver.cpp|00025|27-01-2016 22:09:52:351|~IN~]Receiveing the data
[SMPPSERVER10|Receiver.cpp|00040|27-01-2016 22:09:52:351|~ER~]Clinet Disconnection happend
[SMPPSERVER10|TcpServer.cpp|00197|27-01-2016 22:09:53:352|~ER~]Accept failed 
[SMPPSERVER10|Receiver.cpp|00025|27-01-2016 22:09:54:355|~IN~]Receiveing the data
[SMPPSERVER10|Receiver.cpp|00043|27-01-2016 22:09:55:356|~IN~]Receiveing the data from SMPP Clinet:57
[SMPPSERVER10|Receiver.cpp|00052|27-01-2016 22:09:55:356|~IN~]Sending Bind Responc:ussdclient
[SMPPSERVER10|TcpServer.cpp|00202|27-01-2016 22:09:56:358|~IN~] Client connected from 
[SMPPSERVER10|TcpServer.cpp|00223|27-01-2016 22:09:56:358|~IN~]Started ClientThread[0x8264c60]
[SMPPSERVER10|Receiver.cpp|00025|27-01-2016 22:09:57:360|~IN~]Receiveing the data
[SMPPSERVER10|Receiver.cpp|00040|27-01-2016 22:10:03:371|~ER~]Clinet Disconnection happend
[SMPPSERVER10|TcpServer.cpp|00228|27-01-2016 22:10:03:371|~ER~]Clint Has Discoonected From 
[SMPPSERVER10|TcpServer.cpp|00245|27-01-2016 22:10:03:371|~CR~]Clinet  Disconnected
[SMPPSERVER10|Receiver.cpp|00025|27-01-2016 22:10:03:371|~IN~]Receiveing the data
[SMPPSERVER10|Receiver.cpp|00040|27-01-2016 22:10:03:371|~ER~]Clinet Disconnection happend
[SMPPSERVER10|TcpServer.cpp|00197|27-01-2016 22:10:04:373|~ER~]Accept failed 
[SMPPSERVER10|Receiver.cpp|00025|27-01-2016 22:10:05:375|~IN~]Receiveing the data
[SMPPSERVER10|Receiver.cpp|00043|27-01-2016 22:10:06:377|~IN~]Receiveing the data from SMPP Clinet:57
[SMPPSERVER10|Receiver.cpp|00052|27-01-2016 22:10:06:377|~IN~]Sending Bind Responc:ussdclient
[SMPPSERVER10|TcpServer.cpp|00202|27-01-2016 22:10:07:379|~IN~] Client connected from 
[SMPPSERVER10|TcpServer.cpp|00223|27-01-2016 22:10:07:379|~IN~]Started ClientThread[0x8264c60]
[SMPPSERVER10|Receiver.cpp|00025|27-01-2016 22:10:08:380|~IN~]Receiveing the data
[SMPPSERVER10|Receiver.cpp|00040|27-01-2016 22:10:14:391|~ER~]Clinet Disconnection happend
[SMPPSERVER10|TcpServer.cpp|00228|27-01-2016 22:10:14:391|~ER~]Clint Has Discoonected From 
[SMPPSERVER10|TcpServer.cpp|00245|27-01-2016 22:10:14:392|~CR~]Clinet  Disconnected
[SMPPSERVER10|Receiver.cpp|00025|27-01-2016 22:10:14:392|~IN~]Receiveing the data
[SMPPSERVER10|Receiver.cpp|00040|27-01-2016 22:10:14:392|~ER~]Clinet Disconnection happend
[SMPPSERVER10|TcpServer.cpp|00197|27-01-2016 22:10:15:393|~ER~]Accept failed 
[SMPPSERVER10|Receiver.cpp|00025|27-01-2016 22:10:16:396|~IN~]Receiveing the data
[SMPPSERVER10|Receiver.cpp|00043|27-01-2016 22:10:17:398|~IN~]Receiveing the data from SMPP Clinet:57
[SMPPSERVER10|Receiver.cpp|00052|27-01-2016 22:10:17:398|~IN~]Sending Bind Responc:ussdclient
[SMPPSERVER10|TcpServer.cpp|00202|27-01-2016 22:10:18:400|~IN~] Client connected from 
[SMPPSERVER10|TcpServer.cpp|00223|27-01-2016 22:10:18:400|~IN~]Started ClientThread[0x8264c60]
[SMPPSERVER10|Receiver.cpp|00025|27-01-2016 22:10:19:403|~IN~]Receiveing the data
[SMPPSERVER10|Receiver.cpp|00040|27-01-2016 22:10:25:414|~ER~]Clinet Disconnection happend
[SMPPSERVER10|TcpServer.cpp|00228|27-01-2016 22:10:25:414|~ER~]Clint Has Discoonected From 
[SMPPSERVER10|TcpServer.cpp|00245|27-01-2016 22:10:25:414|~CR~]Clinet  Disconnected
[SMPPSERVER10|Receiver.cpp|00025|27-01-2016 22:10:25:414|~IN~]Receiveing the data
[SMPPSERVER10|Receiver.cpp|00040|27-01-2016 22:10:25:415|~ER~]Clinet Disconnection happend
[SMPPSERVER10|TcpServer.cpp|00197|27-01-2016 22:10:26:417|~ER~]Accept failed 
[SMPPSERVER10|Receiver.cpp|00025|27-01-2016 22:10:27:418|~IN~]Receiveing the data
[SMPPSERVER10|Receiver.cpp|00043|27-01-2016 22:10:28:421|~IN~]Receiveing the data from SMPP Clinet:57
[SMPPSERVER10|Receiver.cpp|00052|27-01-2016 22:10:28:421|~IN~]Sending Bind Responc:ussdclient
[SMPPSERVER10|TcpServer.cpp|00202|27-01-2016 22:10:29:422|~IN~] Client connected from 
[SMPPSERVER10|TcpServer.cpp|00223|27-01-2016 22:10:29:422|~IN~]Started ClientThread[0x8264c60]
[SMPPSERVER10|Receiver.cpp|00025|27-01-2016 22:10:30:424|~IN~]Receiveing the data
[SMPPSERVER10|Receiver.cpp|00040|27-01-2016 22:10:36:436|~ER~]Clinet Disconnection happend
[SMPPSERVER10|TcpServer.cpp|00228|27-01-2016 22:10:36:436|~ER~]Clint Has Discoonected From 
[SMPPSERVER10|TcpServer.cpp|00245|27-01-2016 22:10:36:436|~CR~]Clinet  Disconnected
[SMPPSERVER10|Receiver.cpp|00025|27-01-2016 22:10:36:437|~IN~]Receiveing the data
[SMPPSERVER10|Receiver.cpp|00040|27-01-2016 22:10:36:437|~ER~]Clinet Disconnection happend
[SMPPSERVER10|TcpServer.cpp|00197|27-01-2016 22:10:37:439|~ER~]Accept failed 
[SMPPSERVER10|Receiver.cpp|00025|27-01-2016 22:10:38:440|~IN~]Receiveing the data
[SMPPSERVER10|Receiver.cpp|00043|27-01-2016 22:10:39:441|~IN~]Receiveing the data from SMPP Clinet:57
[SMPPSERVER10|Receiver.cpp|00052|27-01-2016 22:10:39:441|~IN~]Sending Bind Responc:ussdclient
[SMPPSERVER10|TcpServer.cpp|00202|27-01-2016 22:10:40:444|~IN~] Client connected from 
[SMPPSERVER10|TcpServer.cpp|00223|27-01-2016 22:10:40:444|~IN~]Started ClientThread[0x8264c60]
[SMPPSERVER10|Receiver.cpp|00025|27-01-2016 22:10:41:446|~IN~]Receiveing the data
[SMPPSERVER10|Receiver.cpp|00040|27-01-2016 22:10:47:457|~ER~]Clinet Disconnection happend
[SMPPSERVER10|TcpServer.cpp|00228|27-01-2016 22:10:47:457|~ER~]Clint Has Discoonected From 
[SMPPSERVER10|TcpServer.cpp|00245|27-01-2016 22:10:47:457|~CR~]Clinet  Disconnected
[SMPPSERVER10|Receiver.cpp|00025|27-01-2016 22:10:47:457|~IN~]Receiveing the data
[SMPPSERVER10|Receiver.cpp|00040|27-01-2016 22:10:47:457|~ER~]Clinet Disconnection happend
[SMPPSERVER10|TcpServer.cpp|00197|27-01-2016 22:10:48:459|~ER~]Accept failed 
[SMPPSERVER10|Receiver.cpp|00025|27-01-2016 22:10:49:461|~IN~]Receiveing the data
[SMPPSERVER10|Receiver.cpp|00043|27-01-2016 22:10:50:463|~IN~]Receiveing the data from SMPP Clinet:57
[SMPPSERVER10|Receiver.cpp|00052|27-01-2016 22:10:50:463|~IN~]Sending Bind Responc:ussdclient
[SMPPSERVER10|TcpServer.cpp|00202|27-01-2016 22:10:51:464|~IN~] Client connected from 
[SMPPSERVER10|TcpServer.cpp|00223|27-01-2016 22:10:51:465|~IN~]Started ClientThread[0x8264c60]
[SMPPSERVER10|Receiver.cpp|00025|27-01-2016 22:10:52:467|~IN~]Receiveing the data
[SMPPSERVER10|Receiver.cpp|00040|27-01-2016 22:10:58:477|~ER~]Clinet Disconnection happend
[SMPPSERVER10|TcpServer.cpp|00228|27-01-2016 22:10:58:477|~ER~]Clint Has Discoonected From 
[SMPPSERVER10|TcpServer.cpp|00245|27-01-2016 22:10:58:477|~CR~]Clinet  Disconnected
[SMPPSERVER10|Receiver.cpp|00025|27-01-2016 22:10:58:478|~IN~]Receiveing the data
[SMPPSERVER10|Receiver.cpp|00040|27-01-2016 22:10:58:478|~ER~]Clinet Disconnection happend
[SMPPSERVER10|TcpServer.cpp|00197|27-01-2016 22:10:59:480|~ER~]Accept failed 
[SMPPSERVER10|Receiver.cpp|00025|27-01-2016 22:11:00:482|~IN~]Receiveing the data
[SMPPSERVER10|Receiver.cpp|00043|27-01-2016 22:11:01:483|~IN~]Receiveing the data from SMPP Clinet:57
[SMPPSERVER10|Receiver.cpp|00052|27-01-2016 22:11:01:483|~IN~]Sending Bind Responc:ussdclient
[SMPPSERVER10|TcpServer.cpp|00202|27-01-2016 22:11:02:485|~IN~] Client connected from 
[SMPPSERVER10|TcpServer.cpp|00223|27-01-2016 22:11:02:485|~IN~]Started ClientThread[0x8264c60]
[SMPPSERVER10|Receiver.cpp|00025|27-01-2016 22:11:03:487|~IN~]Receiveing the data
[SMPPSERVER10|Receiver.cpp|00040|27-01-2016 22:11:09:499|~ER~]Clinet Disconnection happend
[SMPPSERVER10|TcpServer.cpp|00228|27-01-2016 22:11:09:499|~ER~]Clint Has Discoonected From 
[SMPPSERVER10|TcpServer.cpp|00245|27-01-2016 22:11:09:499|~CR~]Clinet  Disconnected
[SMPPSERVER10|Receiver.cpp|00025|27-01-2016 22:11:09:499|~IN~]Receiveing the data
[SMPPSERVER10|Receiver.cpp|00040|27-01-2016 22:11:09:499|~ER~]Clinet Disconnection happend
[SMPPSERVER10|TcpServer.cpp|00197|27-01-2016 22:11:10:501|~ER~]Accept failed 
[SMPPSERVER10|Receiver.cpp|00025|27-01-2016 22:11:11:503|~IN~]Receiveing the data
[SMPPSERVER10|Receiver.cpp|00043|27-01-2016 22:11:12:505|~IN~]Receiveing the data from SMPP Clinet:57
[SMPPSERVER10|Receiver.cpp|00052|27-01-2016 22:11:12:505|~IN~]Sending Bind Responc:ussdclient
[SMPPSERVER10|TcpServer.cpp|00202|27-01-2016 22:11:13:506|~IN~] Client connected from 
[SMPPSERVER10|TcpServer.cpp|00223|27-01-2016 22:11:13:506|~IN~]Started ClientThread[0x8264c60]
[SMPPSERVER10|Receiver.cpp|00025|27-01-2016 22:11:14:508|~IN~]Receiveing the data
[SMPPSERVER10|Receiver.cpp|00040|27-01-2016 22:11:20:519|~ER~]Clinet Disconnection happend
[SMPPSERVER10|TcpServer.cpp|00228|27-01-2016 22:11:20:519|~ER~]Clint Has Discoonected From 
[SMPPSERVER10|TcpServer.cpp|00245|27-01-2016 22:11:20:519|~CR~]Clinet  Disconnected
[SMPPSERVER10|Receiver.cpp|00025|27-01-2016 22:11:20:519|~IN~]Receiveing the data
[SMPPSERVER10|Receiver.cpp|00040|27-01-2016 22:11:20:519|~ER~]Clinet Disconnection happend
[SMPPSERVER10|TcpServer.cpp|00197|27-01-2016 22:11:21:522|~ER~]Accept failed 
[SMPPSERVER10|Receiver.cpp|00025|27-01-2016 22:11:22:524|~IN~]Receiveing the data
[SMPPSERVER10|Receiver.cpp|00043|27-01-2016 22:11:23:526|~IN~]Receiveing the data from SMPP Clinet:57
[SMPPSERVER10|Receiver.cpp|00052|27-01-2016 22:11:23:526|~IN~]Sending Bind Responc:ussdclient
[SMPPSERVER10|TcpServer.cpp|00202|27-01-2016 22:11:24:528|~IN~] Client connected from 
[SMPPSERVER10|TcpServer.cpp|00223|27-01-2016 22:11:24:528|~IN~]Started ClientThread[0x8264c60]
[SMPPSERVER10|Receiver.cpp|00025|27-01-2016 22:11:25:529|~IN~]Receiveing the data
[SMPPSERVER10|Receiver.cpp|00040|27-01-2016 22:11:31:542|~ER~]Clinet Disconnection happend
[SMPPSERVER10|TcpServer.cpp|00228|27-01-2016 22:11:31:542|~ER~]Clint Has Discoonected From 
[SMPPSERVER10|TcpServer.cpp|00245|27-01-2016 22:11:31:542|~CR~]Clinet  Disconnected
[SMPPSERVER10|Receiver.cpp|00025|27-01-2016 22:11:31:542|~IN~]Receiveing the data
[SMPPSERVER10|Receiver.cpp|00040|27-01-2016 22:11:31:542|~ER~]Clinet Disconnection happend
[SMPPSERVER10|TcpServer.cpp|00197|27-01-2016 22:11:32:543|~ER~]Accept failed 
[SMPPSERVER10|Receiver.cpp|00025|27-01-2016 22:11:33:546|~IN~]Receiveing the data
[SMPPSERVER10|Receiver.cpp|00043|27-01-2016 22:11:34:548|~IN~]Receiveing the data from SMPP Clinet:57
[SMPPSERVER10|Receiver.cpp|00052|27-01-2016 22:11:34:548|~IN~]Sending Bind Responc:ussdclient
[SMPPSERVER10|TcpServer.cpp|00202|27-01-2016 22:11:35:550|~IN~] Client connected from 
[SMPPSERVER10|TcpServer.cpp|00223|27-01-2016 22:11:35:551|~IN~]Started ClientThread[0x8264c60]
[SMPPSERVER10|Receiver.cpp|00025|27-01-2016 22:11:36:553|~IN~]Receiveing the data
[SMPPSERVER10|Receiver.cpp|00040|27-01-2016 22:11:42:563|~ER~]Clinet Disconnection happend
[SMPPSERVER10|TcpServer.cpp|00228|27-01-2016 22:11:42:563|~ER~]Clint Has Discoonected From 
[SMPPSERVER10|TcpServer.cpp|00245|27-01-2016 22:11:42:563|~CR~]Clinet  Disconnected
[SMPPSERVER10|Receiver.cpp|00025|27-01-2016 22:11:42:563|~IN~]Receiveing the data
[SMPPSERVER10|Receiver.cpp|00040|27-01-2016 22:11:42:563|~ER~]Clinet Disconnection happend
[SMPPSERVER10|TcpServer.cpp|00197|27-01-2016 22:11:43:565|~ER~]Accept failed 
[SMPPSERVER10|Receiver.cpp|00025|27-01-2016 22:11:44:567|~IN~]Receiveing the data
[SMPPSERVER10|Receiver.cpp|00043|27-01-2016 22:11:45:569|~IN~]Receiveing the data from SMPP Clinet:57
[SMPPSERVER10|Receiver.cpp|00052|27-01-2016 22:11:45:569|~IN~]Sending Bind Responc:ussdclient
[SMPPSERVER10|TcpServer.cpp|00202|27-01-2016 22:11:46:572|~IN~] Client connected from 
[SMPPSERVER10|TcpServer.cpp|00223|27-01-2016 22:11:46:572|~IN~]Started ClientThread[0x8264c60]
[SMPPSERVER10|Receiver.cpp|00025|27-01-2016 22:11:47:574|~IN~]Receiveing the data
[SMPPSERVER10|Receiver.cpp|00040|27-01-2016 22:11:53:585|~ER~]Clinet Disconnection happend
[SMPPSERVER10|TcpServer.cpp|00228|27-01-2016 22:11:53:585|~ER~]Clint Has Discoonected From 
[SMPPSERVER10|TcpServer.cpp|00245|27-01-2016 22:11:53:585|~CR~]Clinet  Disconnected
[SMPPSERVER10|Receiver.cpp|00025|27-01-2016 22:11:53:585|~IN~]Receiveing the data
[SMPPSERVER10|Receiver.cpp|00040|27-01-2016 22:11:53:585|~ER~]Clinet Disconnection happend
[SMPPSERVER10|TcpServer.cpp|00197|27-01-2016 22:11:54:587|~ER~]Accept failed 
[SMPPSERVER10|Receiver.cpp|00025|27-01-2016 22:11:55:588|~IN~]Receiveing the data
[SMPPSERVER10|Receiver.cpp|00043|27-01-2016 22:11:56:590|~IN~]Receiveing the data from SMPP Clinet:57
[SMPPSERVER10|Receiver.cpp|00052|27-01-2016 22:11:56:590|~IN~]Sending Bind Responc:ussdclient
[SMPPSERVER10|TcpServer.cpp|00202|27-01-2016 22:11:57:592|~IN~] Client connected from 
[SMPPSERVER10|TcpServer.cpp|00223|27-01-2016 22:11:57:592|~IN~]Started ClientThread[0x8264c60]
[SMPPSERVER10|Receiver.cpp|00025|27-01-2016 22:11:58:595|~IN~]Receiveing the data
[SMPPSERVER10|Receiver.cpp|00040|27-01-2016 22:12:04:606|~ER~]Clinet Disconnection happend
[SMPPSERVER10|TcpServer.cpp|00228|27-01-2016 22:12:04:606|~ER~]Clint Has Discoonected From 
[SMPPSERVER10|TcpServer.cpp|00245|27-01-2016 22:12:04:606|~CR~]Clinet  Disconnected
[SMPPSERVER10|Receiver.cpp|00025|27-01-2016 22:12:04:607|~IN~]Receiveing the data
[SMPPSERVER10|Receiver.cpp|00040|27-01-2016 22:12:04:607|~ER~]Clinet Disconnection happend
[SMPPSERVER10|TcpServer.cpp|00197|27-01-2016 22:12:05:609|~ER~]Accept failed 
[SMPPSERVER10|Receiver.cpp|00025|27-01-2016 22:12:06:610|~IN~]Receiveing the data
[SMPPSERVER10|Receiver.cpp|00043|27-01-2016 22:12:07:612|~IN~]Receiveing the data from SMPP Clinet:57
[SMPPSERVER10|Receiver.cpp|00052|27-01-2016 22:12:07:612|~IN~]Sending Bind Responc:ussdclient
[SMPPSERVER10|TcpServer.cpp|00202|27-01-2016 22:12:08:614|~IN~] Client connected from 
[SMPPSERVER10|TcpServer.cpp|00223|27-01-2016 22:12:08:614|~IN~]Started ClientThread[0x8264c60]
[SMPPSERVER10|Receiver.cpp|00025|27-01-2016 22:12:09:617|~IN~]Receiveing the data
[SMPPSERVER10|Receiver.cpp|00040|27-01-2016 22:12:15:627|~ER~]Clinet Disconnection happend
[SMPPSERVER10|TcpServer.cpp|00228|27-01-2016 22:12:15:627|~ER~]Clint Has Discoonected From 
[SMPPSERVER10|TcpServer.cpp|00245|27-01-2016 22:12:15:627|~CR~]Clinet  Disconnected
[SMPPSERVER10|Receiver.cpp|00025|27-01-2016 22:12:15:627|~IN~]Receiveing the data
[SMPPSERVER10|Receiver.cpp|00040|27-01-2016 22:12:15:627|~ER~]Clinet Disconnection happend
[SMPPSERVER10|TcpServer.cpp|00197|27-01-2016 22:12:16:629|~ER~]Accept failed 
[SMPPSERVER10|Receiver.cpp|00025|27-01-2016 22:12:17:632|~IN~]Receiveing the data
[SMPPSERVER10|Receiver.cpp|00043|27-01-2016 22:12:18:633|~IN~]Receiveing the data from SMPP Clinet:57
[SMPPSERVER10|Receiver.cpp|00052|27-01-2016 22:12:18:634|~IN~]Sending Bind Responc:ussdclient
[SMPPSERVER10|TcpServer.cpp|00202|27-01-2016 22:12:19:635|~IN~] Client connected from 
[SMPPSERVER10|TcpServer.cpp|00223|27-01-2016 22:12:19:636|~IN~]Started ClientThread[0x8264c60]
[SMPPSERVER10|Receiver.cpp|00025|27-01-2016 22:12:20:637|~IN~]Receiveing the data
[SMPPSERVER10|Receiver.cpp|00040|27-01-2016 22:12:26:648|~ER~]Clinet Disconnection happend
[SMPPSERVER10|TcpServer.cpp|00228|27-01-2016 22:12:26:648|~ER~]Clint Has Discoonected From 
[SMPPSERVER10|TcpServer.cpp|00245|27-01-2016 22:12:26:648|~CR~]Clinet  Disconnected
[SMPPSERVER10|Receiver.cpp|00025|27-01-2016 22:12:26:648|~IN~]Receiveing the data
[SMPPSERVER10|Receiver.cpp|00040|27-01-2016 22:12:26:648|~ER~]Clinet Disconnection happend
[SMPPSERVER10|TcpServer.cpp|00197|27-01-2016 22:12:27:650|~ER~]Accept failed 
[SMPPSERVER10|Receiver.cpp|00025|27-01-2016 22:12:28:653|~IN~]Receiveing the data
[SMPPSERVER10|Receiver.cpp|00043|27-01-2016 22:12:29:655|~IN~]Receiveing the data from SMPP Clinet:57
[SMPPSERVER10|Receiver.cpp|00052|27-01-2016 22:12:29:655|~IN~]Sending Bind Responc:ussdclient
[SMPPSERVER10|TcpServer.cpp|00202|27-01-2016 22:12:30:658|~IN~] Client connected from 
[SMPPSERVER10|TcpServer.cpp|00223|27-01-2016 22:12:30:658|~IN~]Started ClientThread[0x8264c60]
[SMPPSERVER10|Receiver.cpp|00025|27-01-2016 22:12:31:660|~IN~]Receiveing the data
[SMPPSERVER10|Receiver.cpp|00040|27-01-2016 22:12:37:671|~ER~]Clinet Disconnection happend
[SMPPSERVER10|TcpServer.cpp|00228|27-01-2016 22:12:37:672|~ER~]Clint Has Discoonected From 
[SMPPSERVER10|TcpServer.cpp|00245|27-01-2016 22:12:37:672|~CR~]Clinet  Disconnected
[SMPPSERVER10|Receiver.cpp|00025|27-01-2016 22:12:37:672|~IN~]Receiveing the data
[SMPPSERVER10|Receiver.cpp|00040|27-01-2016 22:12:37:672|~ER~]Clinet Disconnection happend
[SMPPSERVER10|TcpServer.cpp|00197|27-01-2016 22:12:38:674|~ER~]Accept failed 
[SMPPSERVER10|Receiver.cpp|00025|27-01-2016 22:12:39:676|~IN~]Receiveing the data
[SMPPSERVER10|Receiver.cpp|00043|27-01-2016 22:12:40:679|~IN~]Receiveing the data from SMPP Clinet:57
[SMPPSERVER10|Receiver.cpp|00052|27-01-2016 22:12:40:679|~IN~]Sending Bind Responc:ussdclient
[SMPPSERVER10|TcpServer.cpp|00202|27-01-2016 22:12:41:681|~IN~] Client connected from 
[SMPPSERVER10|TcpServer.cpp|00223|27-01-2016 22:12:41:681|~IN~]Started ClientThread[0x8264c60]
[SMPPSERVER10|Receiver.cpp|00025|27-01-2016 22:12:42:683|~IN~]Receiveing the data
[SMPPSERVER10|Receiver.cpp|00040|27-01-2016 22:12:48:695|~ER~]Clinet Disconnection happend
[SMPPSERVER10|TcpServer.cpp|00228|27-01-2016 22:12:48:695|~ER~]Clint Has Discoonected From 
[SMPPSERVER10|TcpServer.cpp|00245|27-01-2016 22:12:48:695|~CR~]Clinet  Disconnected
[SMPPSERVER10|Receiver.cpp|00025|27-01-2016 22:12:48:695|~IN~]Receiveing the data
[SMPPSERVER10|Receiver.cpp|00040|27-01-2016 22:12:48:696|~ER~]Clinet Disconnection happend
[SMPPSERVER10|TcpServer.cpp|00197|27-01-2016 22:12:49:698|~ER~]Accept failed 
[SMPPSERVER10|Receiver.cpp|00025|27-01-2016 22:12:50:699|~IN~]Receiveing the data
[SMPPSERVER10|Receiver.cpp|00043|27-01-2016 22:12:51:701|~IN~]Receiveing the data from SMPP Clinet:57
[SMPPSERVER10|Receiver.cpp|00052|27-01-2016 22:12:51:701|~IN~]Sending Bind Responc:ussdclient
[SMPPSERVER10|TcpServer.cpp|00202|27-01-2016 22:12:52:704|~IN~] Client connected from 
[SMPPSERVER10|TcpServer.cpp|00223|27-01-2016 22:12:52:704|~IN~]Started ClientThread[0x8264c60]
[SMPPSERVER10|Receiver.cpp|00025|27-01-2016 22:12:53:706|~IN~]Receiveing the data
[SMPPSERVER10|Receiver.cpp|00040|27-01-2016 22:12:59:718|~ER~]Clinet Disconnection happend
[SMPPSERVER10|TcpServer.cpp|00228|27-01-2016 22:12:59:718|~ER~]Clint Has Discoonected From 
[SMPPSERVER10|TcpServer.cpp|00245|27-01-2016 22:12:59:718|~CR~]Clinet  Disconnected
[SMPPSERVER10|Receiver.cpp|00025|27-01-2016 22:12:59:719|~IN~]Receiveing the data
[SMPPSERVER10|Receiver.cpp|00040|27-01-2016 22:12:59:719|~ER~]Clinet Disconnection happend
[SMPPSERVER10|TcpServer.cpp|00197|27-01-2016 22:13:00:720|~ER~]Accept failed 
[SMPPSERVER10|Receiver.cpp|00025|27-01-2016 22:13:01:722|~IN~]Receiveing the data
[SMPPSERVER10|Receiver.cpp|00043|27-01-2016 22:13:02:724|~IN~]Receiveing the data from SMPP Clinet:57
[SMPPSERVER10|Receiver.cpp|00052|27-01-2016 22:13:02:724|~IN~]Sending Bind Responc:ussdclient
[SMPPSERVER10|TcpServer.cpp|00202|27-01-2016 22:13:03:727|~IN~] Client connected from 
[SMPPSERVER10|TcpServer.cpp|00223|27-01-2016 22:13:03:727|~IN~]Started ClientThread[0x8264c60]
[SMPPSERVER10|Receiver.cpp|00025|27-01-2016 22:13:04:731|~IN~]Receiveing the data
