[SMPPSERVER10|TcpServer.cpp|00165|22-01-2016 19:29:09:302|~IN~]StartServerThread started...
[SMPPSERVER10|Receiver.cpp|00025|22-01-2016 19:29:09:939|~IN~]Receiveing the data
[SMPPSERVER10|Receiver.cpp|00043|22-01-2016 19:29:10:950|~IN~]Receiveing the data from SMPP Clinet:57
[SMPPSERVER10|Receiver.cpp|00052|22-01-2016 19:29:10:950|~IN~]Sending Bind Responc:ussdclient
[SMPPSERVER10|TcpServer.cpp|00202|22-01-2016 19:29:11:953|~IN~] Client connected from 
[SMPPSERVER10|TcpServer.cpp|00223|22-01-2016 19:29:11:953|~IN~]Started ClientThread[0x8c08c60]
[SMPPSERVER10|Receiver.cpp|00025|22-01-2016 19:29:12:956|~IN~]Receiveing the data
[SMPPSERVER10|Receiver.cpp|00043|22-01-2016 19:29:12:956|~IN~]Receiveing the data from SMPP Clinet:20
[SMPPSERVER10|Receiver.cpp|00025|22-01-2016 19:29:12:956|~IN~]Receiveing the data
[SMPPSERVER10|Receiver.cpp|00043|22-01-2016 19:29:22:964|~IN~]Receiveing the data from SMPP Clinet:20
[SMPPSERVER10|Receiver.cpp|00025|22-01-2016 19:29:22:964|~IN~]Receiveing the data
[SMPPSERVER10|Receiver.cpp|00043|22-01-2016 19:29:33:985|~IN~]Receiveing the data from SMPP Clinet:20
[SMPPSERVER10|Receiver.cpp|00025|22-01-2016 19:29:33:985|~IN~]Receiveing the data
[SMPPSERVER10|Receiver.cpp|00043|22-01-2016 19:29:45:005|~IN~]Receiveing the data from SMPP Clinet:20
[SMPPSERVER10|Receiver.cpp|00025|22-01-2016 19:29:45:005|~IN~]Receiveing the data
[SMPPSERVER10|Receiver.cpp|00043|22-01-2016 19:29:56:029|~IN~]Receiveing the data from SMPP Clinet:20
[SMPPSERVER10|Receiver.cpp|00025|22-01-2016 19:29:56:029|~IN~]Receiveing the data
[SMPPSERVER10|Receiver.cpp|00043|22-01-2016 19:30:15:065|~IN~]Receiveing the data from SMPP Clinet:20
[SMPPSERVER10|Receiver.cpp|00025|22-01-2016 19:30:15:066|~IN~]Receiveing the data
[SMPPSERVER10|Receiver.cpp|00043|22-01-2016 19:30:26:086|~IN~]Receiveing the data from SMPP Clinet:20
[SMPPSERVER10|Receiver.cpp|00025|22-01-2016 19:30:26:086|~IN~]Receiveing the data
[SMPPSERVER10|Receiver.cpp|00043|22-01-2016 19:30:37:108|~IN~]Receiveing the data from SMPP Clinet:20
[SMPPSERVER10|Receiver.cpp|00025|22-01-2016 19:30:37:108|~IN~]Receiveing the data
[SMPPSERVER10|Receiver.cpp|00043|22-01-2016 19:30:48:128|~IN~]Receiveing the data from SMPP Clinet:20
[SMPPSERVER10|Receiver.cpp|00025|22-01-2016 19:30:48:128|~IN~]Receiveing the data
[SMPPSERVER10|Receiver.cpp|00043|22-01-2016 19:30:59:148|~IN~]Receiveing the data from SMPP Clinet:20
[SMPPSERVER10|Receiver.cpp|00025|22-01-2016 19:30:59:148|~IN~]Receiveing the data
[SMPPSERVER10|Receiver.cpp|00043|22-01-2016 19:31:10:169|~IN~]Receiveing the data from SMPP Clinet:20
[SMPPSERVER10|Receiver.cpp|00025|22-01-2016 19:31:10:169|~IN~]Receiveing the data
[SMPPSERVER10|Receiver.cpp|00043|22-01-2016 19:31:21:191|~IN~]Receiveing the data from SMPP Clinet:20
[SMPPSERVER10|Receiver.cpp|00025|22-01-2016 19:31:21:191|~IN~]Receiveing the data
[SMPPSERVER10|Receiver.cpp|00043|22-01-2016 19:31:32:212|~IN~]Receiveing the data from SMPP Clinet:20
[SMPPSERVER10|Receiver.cpp|00025|22-01-2016 19:31:32:212|~IN~]Receiveing the data
[SMPPSERVER10|Receiver.cpp|00043|22-01-2016 19:31:43:234|~IN~]Receiveing the data from SMPP Clinet:20
[SMPPSERVER10|Receiver.cpp|00025|22-01-2016 19:31:43:234|~IN~]Receiveing the data
[SMPPSERVER10|Receiver.cpp|00043|22-01-2016 19:31:54:255|~IN~]Receiveing the data from SMPP Clinet:20
[SMPPSERVER10|Receiver.cpp|00025|22-01-2016 19:31:54:255|~IN~]Receiveing the data
[SMPPSERVER10|Receiver.cpp|00043|22-01-2016 19:32:05:275|~IN~]Receiveing the data from SMPP Clinet:20
[SMPPSERVER10|Receiver.cpp|00025|22-01-2016 19:32:05:275|~IN~]Receiveing the data
[SMPPSERVER10|Receiver.cpp|00043|22-01-2016 19:32:16:307|~IN~]Receiveing the data from SMPP Clinet:20
[SMPPSERVER10|Receiver.cpp|00025|22-01-2016 19:32:16:307|~IN~]Receiveing the data
[SMPPSERVER10|Receiver.cpp|00043|22-01-2016 19:32:27:328|~IN~]Receiveing the data from SMPP Clinet:20
[SMPPSERVER10|Receiver.cpp|00025|22-01-2016 19:32:27:328|~IN~]Receiveing the data
[SMPPSERVER10|Receiver.cpp|00043|22-01-2016 19:32:38:353|~IN~]Receiveing the data from SMPP Clinet:20
[SMPPSERVER10|Receiver.cpp|00025|22-01-2016 19:32:38:354|~IN~]Receiveing the data
[SMPPSERVER10|Receiver.cpp|00043|22-01-2016 19:32:49:378|~IN~]Receiveing the data from SMPP Clinet:20
[SMPPSERVER10|Receiver.cpp|00025|22-01-2016 19:32:49:378|~IN~]Receiveing the data
[SMPPSERVER10|Receiver.cpp|00043|22-01-2016 19:33:00:399|~IN~]Receiveing the data from SMPP Clinet:20
[SMPPSERVER10|Receiver.cpp|00025|22-01-2016 19:33:00:399|~IN~]Receiveing the data
[SMPPSERVER10|Receiver.cpp|00043|22-01-2016 19:33:11:423|~IN~]Receiveing the data from SMPP Clinet:20
[SMPPSERVER10|Receiver.cpp|00025|22-01-2016 19:33:11:423|~IN~]Receiveing the data
[SMPPSERVER10|Receiver.cpp|00043|22-01-2016 19:33:22:444|~IN~]Receiveing the data from SMPP Clinet:20
[SMPPSERVER10|Receiver.cpp|00025|22-01-2016 19:33:22:444|~IN~]Receiveing the data
[SMPPSERVER10|Receiver.cpp|00043|22-01-2016 19:33:33:468|~IN~]Receiveing the data from SMPP Clinet:20
[SMPPSERVER10|Receiver.cpp|00025|22-01-2016 19:33:33:468|~IN~]Receiveing the data
[SMPPSERVER10|Receiver.cpp|00043|22-01-2016 19:33:44:488|~IN~]Receiveing the data from SMPP Clinet:20
[SMPPSERVER10|Receiver.cpp|00025|22-01-2016 19:33:44:488|~IN~]Receiveing the data
[SMPPSERVER10|Receiver.cpp|00043|22-01-2016 19:33:55:509|~IN~]Receiveing the data from SMPP Clinet:20
[SMPPSERVER10|Receiver.cpp|00025|22-01-2016 19:33:55:509|~IN~]Receiveing the data
[SMPPSERVER10|Receiver.cpp|00043|22-01-2016 19:34:06:529|~IN~]Receiveing the data from SMPP Clinet:20
[SMPPSERVER10|Receiver.cpp|00025|22-01-2016 19:34:06:529|~IN~]Receiveing the data
[SMPPSERVER10|Receiver.cpp|00043|22-01-2016 19:34:17:551|~IN~]Receiveing the data from SMPP Clinet:20
[SMPPSERVER10|Receiver.cpp|00025|22-01-2016 19:34:17:551|~IN~]Receiveing the data
[SMPPSERVER10|Receiver.cpp|00043|22-01-2016 19:34:28:572|~IN~]Receiveing the data from SMPP Clinet:20
[SMPPSERVER10|Receiver.cpp|00025|22-01-2016 19:34:28:572|~IN~]Receiveing the data
[SMPPSERVER10|Receiver.cpp|00043|22-01-2016 19:34:39:593|~IN~]Receiveing the data from SMPP Clinet:20
[SMPPSERVER10|Receiver.cpp|00025|22-01-2016 19:34:39:593|~IN~]Receiveing the data
[SMPPSERVER10|Receiver.cpp|00043|22-01-2016 19:34:50:613|~IN~]Receiveing the data from SMPP Clinet:20
[SMPPSERVER10|Receiver.cpp|00025|22-01-2016 19:34:50:613|~IN~]Receiveing the data
[SMPPSERVER10|Receiver.cpp|00043|22-01-2016 19:35:01:634|~IN~]Receiveing the data from SMPP Clinet:20
[SMPPSERVER10|Receiver.cpp|00025|22-01-2016 19:35:01:634|~IN~]Receiveing the data
[SMPPSERVER10|Receiver.cpp|00043|22-01-2016 19:35:12:654|~IN~]Receiveing the data from SMPP Clinet:20
[SMPPSERVER10|Receiver.cpp|00025|22-01-2016 19:35:12:654|~IN~]Receiveing the data
[SMPPSERVER10|Receiver.cpp|00043|22-01-2016 19:35:23:675|~IN~]Receiveing the data from SMPP Clinet:20
[SMPPSERVER10|Receiver.cpp|00025|22-01-2016 19:35:23:675|~IN~]Receiveing the data
[SMPPSERVER10|Receiver.cpp|00043|22-01-2016 19:35:34:697|~IN~]Receiveing the data from SMPP Clinet:20
[SMPPSERVER10|Receiver.cpp|00025|22-01-2016 19:35:34:697|~IN~]Receiveing the data
[SMPPSERVER10|Receiver.cpp|00043|22-01-2016 19:35:45:718|~IN~]Receiveing the data from SMPP Clinet:20
[SMPPSERVER10|Receiver.cpp|00025|22-01-2016 19:35:45:719|~IN~]Receiveing the data
[SMPPSERVER10|Receiver.cpp|00043|22-01-2016 19:35:56:739|~IN~]Receiveing the data from SMPP Clinet:20
[SMPPSERVER10|Receiver.cpp|00025|22-01-2016 19:35:56:739|~IN~]Receiveing the data
[SMPPSERVER10|Receiver.cpp|00043|22-01-2016 19:36:07:760|~IN~]Receiveing the data from SMPP Clinet:20
[SMPPSERVER10|Receiver.cpp|00025|22-01-2016 19:36:07:760|~IN~]Receiveing the data
[SMPPSERVER10|Receiver.cpp|00043|22-01-2016 19:36:18:781|~IN~]Receiveing the data from SMPP Clinet:20
[SMPPSERVER10|Receiver.cpp|00025|22-01-2016 19:36:18:781|~IN~]Receiveing the data
[SMPPSERVER10|Receiver.cpp|00043|22-01-2016 19:36:29:802|~IN~]Receiveing the data from SMPP Clinet:20
[SMPPSERVER10|Receiver.cpp|00025|22-01-2016 19:36:29:802|~IN~]Receiveing the data
[SMPPSERVER10|Receiver.cpp|00043|22-01-2016 19:36:40:825|~IN~]Receiveing the data from SMPP Clinet:20
[SMPPSERVER10|Receiver.cpp|00025|22-01-2016 19:36:40:825|~IN~]Receiveing the data
[SMPPSERVER10|Receiver.cpp|00043|22-01-2016 19:36:51:853|~IN~]Receiveing the data from SMPP Clinet:20
[SMPPSERVER10|Receiver.cpp|00025|22-01-2016 19:36:51:853|~IN~]Receiveing the data
[SMPPSERVER10|Receiver.cpp|00043|22-01-2016 19:37:02:879|~IN~]Receiveing the data from SMPP Clinet:20
[SMPPSERVER10|Receiver.cpp|00025|22-01-2016 19:37:02:879|~IN~]Receiveing the data
[SMPPSERVER10|Receiver.cpp|00043|22-01-2016 19:37:13:902|~IN~]Receiveing the data from SMPP Clinet:20
[SMPPSERVER10|Receiver.cpp|00025|22-01-2016 19:37:13:902|~IN~]Receiveing the data
[SMPPSERVER10|Receiver.cpp|00043|22-01-2016 19:37:24:924|~IN~]Receiveing the data from SMPP Clinet:20
[SMPPSERVER10|Receiver.cpp|00025|22-01-2016 19:37:24:924|~IN~]Receiveing the data
[SMPPSERVER10|Receiver.cpp|00043|22-01-2016 19:37:35:951|~IN~]Receiveing the data from SMPP Clinet:20
[SMPPSERVER10|Receiver.cpp|00025|22-01-2016 19:37:35:951|~IN~]Receiveing the data
[SMPPSERVER10|Receiver.cpp|00043|22-01-2016 19:37:46:972|~IN~]Receiveing the data from SMPP Clinet:20
[SMPPSERVER10|Receiver.cpp|00025|22-01-2016 19:37:46:972|~IN~]Receiveing the data
[SMPPSERVER10|Receiver.cpp|00043|22-01-2016 19:37:57:994|~IN~]Receiveing the data from SMPP Clinet:20
[SMPPSERVER10|Receiver.cpp|00025|22-01-2016 19:37:57:994|~IN~]Receiveing the data
[SMPPSERVER10|Receiver.cpp|00043|22-01-2016 19:38:09:016|~IN~]Receiveing the data from SMPP Clinet:20
[SMPPSERVER10|Receiver.cpp|00025|22-01-2016 19:38:09:016|~IN~]Receiveing the data
[SMPPSERVER10|Receiver.cpp|00043|22-01-2016 19:38:20:039|~IN~]Receiveing the data from SMPP Clinet:20
[SMPPSERVER10|Receiver.cpp|00025|22-01-2016 19:38:20:039|~IN~]Receiveing the data
[SMPPSERVER10|Receiver.cpp|00043|22-01-2016 19:38:31:063|~IN~]Receiveing the data from SMPP Clinet:20
[SMPPSERVER10|Receiver.cpp|00025|22-01-2016 19:38:31:063|~IN~]Receiveing the data
[SMPPSERVER10|Receiver.cpp|00043|22-01-2016 19:38:42:085|~IN~]Receiveing the data from SMPP Clinet:20
[SMPPSERVER10|Receiver.cpp|00025|22-01-2016 19:38:42:085|~IN~]Receiveing the data
[SMPPSERVER10|Receiver.cpp|00043|22-01-2016 19:38:53:111|~IN~]Receiveing the data from SMPP Clinet:20
[SMPPSERVER10|Receiver.cpp|00025|22-01-2016 19:38:53:111|~IN~]Receiveing the data
[SMPPSERVER10|Receiver.cpp|00040|22-01-2016 19:38:59:558|~ER~]Clinet Disconnection happend
[SMPPSERVER10|TcpServer.cpp|00228|22-01-2016 19:38:59:558|~ER~]Clint Has Discoonected From 
[SMPPSERVER10|TcpServer.cpp|00245|22-01-2016 19:38:59:558|~CR~]Clinet  Disconnected
[SMPPSERVER10|Receiver.cpp|00025|22-01-2016 19:39:08:557|~IN~]Receiveing the data
[SMPPSERVER10|Receiver.cpp|00043|22-01-2016 19:39:09:559|~IN~]Receiveing the data from SMPP Clinet:57
[SMPPSERVER10|Receiver.cpp|00052|22-01-2016 19:39:09:559|~IN~]Sending Bind Responc:ussdclient
[SMPPSERVER10|TcpServer.cpp|00202|22-01-2016 19:39:10:563|~IN~] Client connected from 
[SMPPSERVER10|TcpServer.cpp|00223|22-01-2016 19:39:10:563|~IN~]Started ClientThread[0x8c090e8]
[SMPPSERVER10|Receiver.cpp|00025|22-01-2016 19:39:11:566|~IN~]Receiveing the data
[SMPPSERVER10|Receiver.cpp|00043|22-01-2016 19:39:20:582|~IN~]Receiveing the data from SMPP Clinet:20
[SMPPSERVER10|Receiver.cpp|00025|22-01-2016 19:39:20:583|~IN~]Receiveing the data
[SMPPSERVER10|Receiver.cpp|00043|22-01-2016 19:39:31:604|~IN~]Receiveing the data from SMPP Clinet:20
[SMPPSERVER10|Receiver.cpp|00025|22-01-2016 19:39:31:604|~IN~]Receiveing the data
[SMPPSERVER10|Receiver.cpp|00043|22-01-2016 19:39:45:635|~IN~]Receiveing the data from SMPP Clinet:20
[SMPPSERVER10|Receiver.cpp|00025|22-01-2016 19:39:45:636|~IN~]Receiveing the data
[SMPPSERVER10|Receiver.cpp|00043|22-01-2016 19:39:56:657|~IN~]Receiveing the data from SMPP Clinet:20
[SMPPSERVER10|Receiver.cpp|00025|22-01-2016 19:39:56:657|~IN~]Receiveing the data
[SMPPSERVER10|Receiver.cpp|00043|22-01-2016 19:40:07:682|~IN~]Receiveing the data from SMPP Clinet:20
[SMPPSERVER10|Receiver.cpp|00025|22-01-2016 19:40:07:682|~IN~]Receiveing the data
[SMPPSERVER10|Receiver.cpp|00043|22-01-2016 19:40:18:704|~IN~]Receiveing the data from SMPP Clinet:20
[SMPPSERVER10|Receiver.cpp|00025|22-01-2016 19:40:18:704|~IN~]Receiveing the data
[SMPPSERVER10|Receiver.cpp|00043|22-01-2016 19:40:29:724|~IN~]Receiveing the data from SMPP Clinet:20
[SMPPSERVER10|Receiver.cpp|00025|22-01-2016 19:40:29:724|~IN~]Receiveing the data
[SMPPSERVER10|Receiver.cpp|00043|22-01-2016 19:40:40:746|~IN~]Receiveing the data from SMPP Clinet:20
[SMPPSERVER10|Receiver.cpp|00025|22-01-2016 19:40:40:746|~IN~]Receiveing the data
[SMPPSERVER10|Receiver.cpp|00043|22-01-2016 19:40:51:768|~IN~]Receiveing the data from SMPP Clinet:20
[SMPPSERVER10|Receiver.cpp|00025|22-01-2016 19:40:51:768|~IN~]Receiveing the data
[SMPPSERVER10|Receiver.cpp|00043|22-01-2016 19:41:02:789|~IN~]Receiveing the data from SMPP Clinet:20
[SMPPSERVER10|Receiver.cpp|00025|22-01-2016 19:41:02:789|~IN~]Receiveing the data
[SMPPSERVER10|Receiver.cpp|00043|22-01-2016 19:41:13:811|~IN~]Receiveing the data from SMPP Clinet:20
[SMPPSERVER10|Receiver.cpp|00025|22-01-2016 19:41:13:811|~IN~]Receiveing the data
[SMPPSERVER10|Receiver.cpp|00043|22-01-2016 19:41:24:832|~IN~]Receiveing the data from SMPP Clinet:20
[SMPPSERVER10|Receiver.cpp|00025|22-01-2016 19:41:24:832|~IN~]Receiveing the data
[SMPPSERVER10|Receiver.cpp|00043|22-01-2016 19:41:35:853|~IN~]Receiveing the data from SMPP Clinet:20
[SMPPSERVER10|Receiver.cpp|00025|22-01-2016 19:41:35:853|~IN~]Receiveing the data
[SMPPSERVER10|Receiver.cpp|00043|22-01-2016 19:41:46:874|~IN~]Receiveing the data from SMPP Clinet:20
[SMPPSERVER10|Receiver.cpp|00025|22-01-2016 19:41:46:874|~IN~]Receiveing the data
[SMPPSERVER10|Receiver.cpp|00043|22-01-2016 19:41:57:897|~IN~]Receiveing the data from SMPP Clinet:20
[SMPPSERVER10|Receiver.cpp|00025|22-01-2016 19:41:57:897|~IN~]Receiveing the data
[SMPPSERVER10|Receiver.cpp|00043|22-01-2016 19:42:08:918|~IN~]Receiveing the data from SMPP Clinet:20
[SMPPSERVER10|Receiver.cpp|00025|22-01-2016 19:42:08:918|~IN~]Receiveing the data
[SMPPSERVER10|Receiver.cpp|00043|22-01-2016 19:42:19:938|~IN~]Receiveing the data from SMPP Clinet:20
[SMPPSERVER10|Receiver.cpp|00025|22-01-2016 19:42:19:938|~IN~]Receiveing the data
[SMPPSERVER10|Receiver.cpp|00043|22-01-2016 19:42:30:959|~IN~]Receiveing the data from SMPP Clinet:20
[SMPPSERVER10|Receiver.cpp|00025|22-01-2016 19:42:30:959|~IN~]Receiveing the data
[SMPPSERVER10|Receiver.cpp|00043|22-01-2016 19:42:41:981|~IN~]Receiveing the data from SMPP Clinet:20
[SMPPSERVER10|Receiver.cpp|00025|22-01-2016 19:42:41:981|~IN~]Receiveing the data
[SMPPSERVER10|Receiver.cpp|00043|22-01-2016 19:42:53:002|~IN~]Receiveing the data from SMPP Clinet:20
[SMPPSERVER10|Receiver.cpp|00025|22-01-2016 19:42:53:002|~IN~]Receiveing the data
[SMPPSERVER10|Receiver.cpp|00040|22-01-2016 19:43:03:457|~ER~]Clinet Disconnection happend
[SMPPSERVER10|TcpServer.cpp|00228|22-01-2016 19:43:03:457|~ER~]Clint Has Discoonected From 
[SMPPSERVER10|TcpServer.cpp|00245|22-01-2016 19:43:03:457|~CR~]Clinet  Disconnected
[SMPPSERVER10|Receiver.cpp|00025|22-01-2016 19:55:13:226|~IN~]Receiveing the data
[SMPPSERVER10|Receiver.cpp|00043|22-01-2016 19:55:14:229|~IN~]Receiveing the data from SMPP Clinet:57
[SMPPSERVER10|Receiver.cpp|00052|22-01-2016 19:55:14:229|~IN~]Sending Bind Responc:ussdclient
[SMPPSERVER10|TcpServer.cpp|00202|22-01-2016 19:55:15:230|~IN~] Client connected from 
[SMPPSERVER10|TcpServer.cpp|00223|22-01-2016 19:55:15:230|~IN~]Started ClientThread[0x8c08c60]
[SMPPSERVER10|Receiver.cpp|00025|22-01-2016 19:55:16:232|~IN~]Receiveing the data
[SMPPSERVER10|Receiver.cpp|00043|22-01-2016 19:55:25:250|~IN~]Receiveing the data from SMPP Clinet:20
[SMPPSERVER10|Receiver.cpp|00025|22-01-2016 19:55:25:250|~IN~]Receiveing the data
[SMPPSERVER10|Receiver.cpp|00043|22-01-2016 19:55:36:272|~IN~]Receiveing the data from SMPP Clinet:20
[SMPPSERVER10|Receiver.cpp|00025|22-01-2016 19:55:36:272|~IN~]Receiveing the data
[SMPPSERVER10|Receiver.cpp|00043|22-01-2016 19:55:47:293|~IN~]Receiveing the data from SMPP Clinet:20
[SMPPSERVER10|Receiver.cpp|00025|22-01-2016 19:55:47:293|~IN~]Receiveing the data
[SMPPSERVER10|Receiver.cpp|00043|22-01-2016 19:55:58:313|~IN~]Receiveing the data from SMPP Clinet:20
[SMPPSERVER10|Receiver.cpp|00025|22-01-2016 19:55:58:314|~IN~]Receiveing the data
[SMPPSERVER10|Receiver.cpp|00040|22-01-2016 19:55:59:411|~ER~]Clinet Disconnection happend
[SMPPSERVER10|TcpServer.cpp|00228|22-01-2016 19:55:59:411|~ER~]Clint Has Discoonected From 
[SMPPSERVER10|TcpServer.cpp|00245|22-01-2016 19:55:59:412|~CR~]Clinet  Disconnected
[SMPPSERVER10|Receiver.cpp|00025|22-01-2016 20:00:06:489|~IN~]Receiveing the data
[SMPPSERVER10|Receiver.cpp|00043|22-01-2016 20:00:07:492|~IN~]Receiveing the data from SMPP Clinet:57
[SMPPSERVER10|Receiver.cpp|00052|22-01-2016 20:00:07:492|~IN~]Sending Bind Responc:ussdclient
[SMPPSERVER10|TcpServer.cpp|00202|22-01-2016 20:00:08:494|~IN~] Client connected from 
[SMPPSERVER10|TcpServer.cpp|00223|22-01-2016 20:00:08:494|~IN~]Started ClientThread[0x8c090e8]
[SMPPSERVER10|Receiver.cpp|00025|22-01-2016 20:00:09:496|~IN~]Receiveing the data
[SMPPSERVER10|Receiver.cpp|00043|22-01-2016 20:00:18:512|~IN~]Receiveing the data from SMPP Clinet:20
[SMPPSERVER10|Receiver.cpp|00025|22-01-2016 20:00:18:512|~IN~]Receiveing the data
[SMPPSERVER10|Receiver.cpp|00043|22-01-2016 20:00:22:521|~IN~]Receiveing the data from SMPP Clinet:85
[SMPPSERVER10|Receiver.cpp|00025|22-01-2016 20:00:41:508|~IN~]Receiveing the data
[SMPPSERVER10|Receiver.cpp|00043|22-01-2016 20:00:41:509|~IN~]Receiveing the data from SMPP Clinet:20
[SMPPSERVER10|Receiver.cpp|00025|22-01-2016 20:00:41:509|~IN~]Receiveing the data
[SMPPSERVER10|Receiver.cpp|00043|22-01-2016 20:00:41:553|~IN~]Receiveing the data from SMPP Clinet:96
[SMPPSERVER10|Receiver.cpp|00025|22-01-2016 20:00:41:553|~IN~]Receiveing the data
[SMPPSERVER10|Receiver.cpp|00043|22-01-2016 20:00:42:554|~IN~]Receiveing the data from SMPP Clinet:96
[SMPPSERVER10|Receiver.cpp|00025|22-01-2016 20:00:42:554|~IN~]Receiveing the data
[SMPPSERVER10|Receiver.cpp|00043|22-01-2016 20:00:44:576|~IN~]Receiveing the data from SMPP Clinet:20
[SMPPSERVER10|Receiver.cpp|00025|22-01-2016 20:00:44:576|~IN~]Receiveing the data
[SMPPSERVER10|Receiver.cpp|00043|22-01-2016 20:00:55:602|~IN~]Receiveing the data from SMPP Clinet:20
[SMPPSERVER10|Receiver.cpp|00025|22-01-2016 20:00:55:602|~IN~]Receiveing the data
[SMPPSERVER10|Receiver.cpp|00043|22-01-2016 20:01:06:624|~IN~]Receiveing the data from SMPP Clinet:20
[SMPPSERVER10|Receiver.cpp|00025|22-01-2016 20:01:06:624|~IN~]Receiveing the data
[SMPPSERVER10|Receiver.cpp|00043|22-01-2016 20:01:17:645|~IN~]Receiveing the data from SMPP Clinet:20
[SMPPSERVER10|Receiver.cpp|00025|22-01-2016 20:01:17:645|~IN~]Receiveing the data
[SMPPSERVER10|Receiver.cpp|00043|22-01-2016 20:01:28:666|~IN~]Receiveing the data from SMPP Clinet:20
[SMPPSERVER10|Receiver.cpp|00025|22-01-2016 20:01:28:666|~IN~]Receiveing the data
[SMPPSERVER10|Receiver.cpp|00043|22-01-2016 20:01:39:687|~IN~]Receiveing the data from SMPP Clinet:20
[SMPPSERVER10|Receiver.cpp|00025|22-01-2016 20:01:39:687|~IN~]Receiveing the data
[SMPPSERVER10|Receiver.cpp|00043|22-01-2016 20:01:50:716|~IN~]Receiveing the data from SMPP Clinet:20
[SMPPSERVER10|Receiver.cpp|00025|22-01-2016 20:01:50:716|~IN~]Receiveing the data
[SMPPSERVER10|Receiver.cpp|00043|22-01-2016 20:02:01:736|~IN~]Receiveing the data from SMPP Clinet:20
[SMPPSERVER10|Receiver.cpp|00025|22-01-2016 20:02:01:737|~IN~]Receiveing the data
[SMPPSERVER10|Receiver.cpp|00043|22-01-2016 20:02:12:759|~IN~]Receiveing the data from SMPP Clinet:20
[SMPPSERVER10|Receiver.cpp|00025|22-01-2016 20:02:12:759|~IN~]Receiveing the data
[SMPPSERVER10|Receiver.cpp|00043|22-01-2016 20:02:23:779|~IN~]Receiveing the data from SMPP Clinet:20
[SMPPSERVER10|Receiver.cpp|00025|22-01-2016 20:02:23:779|~IN~]Receiveing the data
[SMPPSERVER10|Receiver.cpp|00043|22-01-2016 20:02:34:801|~IN~]Receiveing the data from SMPP Clinet:20
[SMPPSERVER10|Receiver.cpp|00025|22-01-2016 20:02:34:801|~IN~]Receiveing the data
[SMPPSERVER10|Receiver.cpp|00043|22-01-2016 20:02:45:821|~IN~]Receiveing the data from SMPP Clinet:20
[SMPPSERVER10|Receiver.cpp|00025|22-01-2016 20:02:45:821|~IN~]Receiveing the data
[SMPPSERVER10|Receiver.cpp|00043|22-01-2016 20:02:56:843|~IN~]Receiveing the data from SMPP Clinet:20
[SMPPSERVER10|Receiver.cpp|00025|22-01-2016 20:02:56:843|~IN~]Receiveing the data
[SMPPSERVER10|Receiver.cpp|00043|22-01-2016 20:03:07:863|~IN~]Receiveing the data from SMPP Clinet:20
[SMPPSERVER10|Receiver.cpp|00025|22-01-2016 20:03:07:863|~IN~]Receiveing the data
[SMPPSERVER10|Receiver.cpp|00043|22-01-2016 20:03:18:885|~IN~]Receiveing the data from SMPP Clinet:20
[SMPPSERVER10|Receiver.cpp|00025|22-01-2016 20:03:18:885|~IN~]Receiveing the data
[SMPPSERVER10|Receiver.cpp|00043|22-01-2016 20:03:29:905|~IN~]Receiveing the data from SMPP Clinet:20
[SMPPSERVER10|Receiver.cpp|00025|22-01-2016 20:03:29:905|~IN~]Receiveing the data
[SMPPSERVER10|Receiver.cpp|00043|22-01-2016 20:03:40:932|~IN~]Receiveing the data from SMPP Clinet:20
[SMPPSERVER10|Receiver.cpp|00025|22-01-2016 20:03:40:933|~IN~]Receiveing the data
[SMPPSERVER10|Receiver.cpp|00043|22-01-2016 20:03:51:954|~IN~]Receiveing the data from SMPP Clinet:20
[SMPPSERVER10|Receiver.cpp|00025|22-01-2016 20:03:51:954|~IN~]Receiveing the data
[SMPPSERVER10|Receiver.cpp|00043|22-01-2016 20:04:02:975|~IN~]Receiveing the data from SMPP Clinet:20
[SMPPSERVER10|Receiver.cpp|00025|22-01-2016 20:04:02:975|~IN~]Receiveing the data
[SMPPSERVER10|Receiver.cpp|00043|22-01-2016 20:04:13:998|~IN~]Receiveing the data from SMPP Clinet:20
[SMPPSERVER10|Receiver.cpp|00025|22-01-2016 20:04:13:998|~IN~]Receiveing the data
[SMPPSERVER10|Receiver.cpp|00043|22-01-2016 20:04:25:070|~IN~]Receiveing the data from SMPP Clinet:20
[SMPPSERVER10|Receiver.cpp|00025|22-01-2016 20:04:25:070|~IN~]Receiveing the data
[SMPPSERVER10|Receiver.cpp|00043|22-01-2016 20:04:36:094|~IN~]Receiveing the data from SMPP Clinet:20
[SMPPSERVER10|Receiver.cpp|00025|22-01-2016 20:04:36:094|~IN~]Receiveing the data
[SMPPSERVER10|Receiver.cpp|00043|22-01-2016 20:04:54:129|~IN~]Receiveing the data from SMPP Clinet:20
[SMPPSERVER10|Receiver.cpp|00025|22-01-2016 20:04:54:129|~IN~]Receiveing the data
[SMPPSERVER10|Receiver.cpp|00043|22-01-2016 20:05:05:149|~IN~]Receiveing the data from SMPP Clinet:20
[SMPPSERVER10|Receiver.cpp|00025|22-01-2016 20:05:05:149|~IN~]Receiveing the data
[SMPPSERVER10|Receiver.cpp|00043|22-01-2016 20:05:16:169|~IN~]Receiveing the data from SMPP Clinet:20
[SMPPSERVER10|Receiver.cpp|00025|22-01-2016 20:05:16:169|~IN~]Receiveing the data
[SMPPSERVER10|Receiver.cpp|00043|22-01-2016 20:05:27:190|~IN~]Receiveing the data from SMPP Clinet:20
[SMPPSERVER10|Receiver.cpp|00025|22-01-2016 20:05:27:190|~IN~]Receiveing the data
[SMPPSERVER10|Receiver.cpp|00043|22-01-2016 20:05:38:211|~IN~]Receiveing the data from SMPP Clinet:20
[SMPPSERVER10|Receiver.cpp|00025|22-01-2016 20:05:38:211|~IN~]Receiveing the data
[SMPPSERVER10|Receiver.cpp|00043|22-01-2016 20:05:49:237|~IN~]Receiveing the data from SMPP Clinet:20
[SMPPSERVER10|Receiver.cpp|00025|22-01-2016 20:05:49:237|~IN~]Receiveing the data
[SMPPSERVER10|Receiver.cpp|00043|22-01-2016 20:06:00:258|~IN~]Receiveing the data from SMPP Clinet:20
[SMPPSERVER10|Receiver.cpp|00025|22-01-2016 20:06:00:258|~IN~]Receiveing the data
[SMPPSERVER10|Receiver.cpp|00043|22-01-2016 20:06:11:279|~IN~]Receiveing the data from SMPP Clinet:20
[SMPPSERVER10|Receiver.cpp|00025|22-01-2016 20:06:11:279|~IN~]Receiveing the data
[SMPPSERVER10|Receiver.cpp|00043|22-01-2016 20:06:21:303|~IN~]Receiveing the data from SMPP Clinet:85
[SMPPSERVER10|Receiver.cpp|00025|22-01-2016 20:08:12:475|~IN~]Receiveing the data
[SMPPSERVER10|Receiver.cpp|00043|22-01-2016 20:08:12:475|~IN~]Receiveing the data from SMPP Clinet:20
[SMPPSERVER10|Receiver.cpp|00025|22-01-2016 20:08:12:475|~IN~]Receiveing the data
[SMPPSERVER10|Receiver.cpp|00043|22-01-2016 20:08:12:475|~IN~]Receiveing the data from SMPP Clinet:20
[SMPPSERVER10|Receiver.cpp|00025|22-01-2016 20:08:12:475|~IN~]Receiveing the data
[SMPPSERVER10|Receiver.cpp|00043|22-01-2016 20:08:12:475|~IN~]Receiveing the data from SMPP Clinet:20
[SMPPSERVER10|Receiver.cpp|00025|22-01-2016 20:08:12:475|~IN~]Receiveing the data
[SMPPSERVER10|Receiver.cpp|00043|22-01-2016 20:08:12:475|~IN~]Receiveing the data from SMPP Clinet:20
[SMPPSERVER10|Receiver.cpp|00025|22-01-2016 20:08:12:475|~IN~]Receiveing the data
[SMPPSERVER10|Receiver.cpp|00043|22-01-2016 20:08:12:475|~IN~]Receiveing the data from SMPP Clinet:20
[SMPPSERVER10|Receiver.cpp|00025|22-01-2016 20:08:12:475|~IN~]Receiveing the data
[SMPPSERVER10|Receiver.cpp|00043|22-01-2016 20:08:12:475|~IN~]Receiveing the data from SMPP Clinet:20
[SMPPSERVER10|Receiver.cpp|00025|22-01-2016 20:08:12:475|~IN~]Receiveing the data
[SMPPSERVER10|Receiver.cpp|00043|22-01-2016 20:08:12:475|~IN~]Receiveing the data from SMPP Clinet:85
[SMPPSERVER10|Receiver.cpp|00025|22-01-2016 20:08:14:182|~IN~]Receiveing the data
[SMPPSERVER10|Receiver.cpp|00043|22-01-2016 20:08:14:182|~IN~]Receiveing the data from SMPP Clinet:20
[SMPPSERVER10|Receiver.cpp|00025|22-01-2016 20:08:14:183|~IN~]Receiveing the data
[SMPPSERVER10|Receiver.cpp|00043|22-01-2016 20:08:14:183|~IN~]Receiveing the data from SMPP Clinet:20
[SMPPSERVER10|Receiver.cpp|00025|22-01-2016 20:08:14:183|~IN~]Receiveing the data
[SMPPSERVER10|Receiver.cpp|00043|22-01-2016 20:08:14:183|~IN~]Receiveing the data from SMPP Clinet:20
[SMPPSERVER10|Receiver.cpp|00025|22-01-2016 20:08:14:183|~IN~]Receiveing the data
[SMPPSERVER10|Receiver.cpp|00043|22-01-2016 20:08:14:183|~IN~]Receiveing the data from SMPP Clinet:20
[SMPPSERVER10|Receiver.cpp|00025|22-01-2016 20:08:14:183|~IN~]Receiveing the data
[SMPPSERVER10|Receiver.cpp|00043|22-01-2016 20:08:14:449|~IN~]Receiveing the data from SMPP Clinet:125
[SMPPSERVER10|Receiver.cpp|00025|22-01-2016 20:08:14:449|~IN~]Receiveing the data
[SMPPSERVER10|Receiver.cpp|00043|22-01-2016 20:08:14:499|~IN~]Receiveing the data from SMPP Clinet:137
[SMPPSERVER10|Receiver.cpp|00025|22-01-2016 20:08:14:499|~IN~]Receiveing the data
[SMPPSERVER10|Receiver.cpp|00043|22-01-2016 20:08:16:536|~IN~]Receiveing the data from SMPP Clinet:20
[SMPPSERVER10|Receiver.cpp|00025|22-01-2016 20:08:16:537|~IN~]Receiveing the data
[SMPPSERVER10|Receiver.cpp|00043|22-01-2016 20:08:27:558|~IN~]Receiveing the data from SMPP Clinet:20
[SMPPSERVER10|Receiver.cpp|00025|22-01-2016 20:08:27:558|~IN~]Receiveing the data
[SMPPSERVER10|Receiver.cpp|00043|22-01-2016 20:08:38:579|~IN~]Receiveing the data from SMPP Clinet:20
[SMPPSERVER10|Receiver.cpp|00025|22-01-2016 20:08:38:579|~IN~]Receiveing the data
