[SMPPCLINET1|EsmeMain.cpp|00150|26-11-2016 21:13:08:095|~IN~]Version:V1.0
[SMPPCLINET1|EsmeMain.cpp|00151|26-11-2016 21:13:08:096|~IN~]Release Date:05-Apr-2014
[SMPPCLINET1|DBPoolManager.cpp|00013|26-11-2016 21:13:08:096|~IN~]Creating PoolManager object...
[SMPPCLINET1|DBPoolManager.cpp|00024|26-11-2016 21:13:08:096|~VB~]CDBPoolManager::mcfn_AddDB >>
[SMPPCLINET1|DBPoolManager.cpp|00029|26-11-2016 21:13:08:097|~VB~]CDBPoolManager::mcfn_AddDB <<
[SMPPCLINET1|EsmeMain.cpp|00155|26-11-2016 21:13:08:097|~VB~]PoolMgr Size:1
[SMPPCLINET1|Thread.cpp|00071|26-11-2016 21:13:08:097|~CR~]Started PrecessReceivedSmppPacketThread Thread:0
[SMPPCLINET1|DBConnPool.h|00049|26-11-2016 21:13:09:099|~VB~]Creating connection object
[SMPPCLINET1|DBPoolManager.cpp|00063|26-11-2016 21:13:09:108|~VB~]mesi_CurrentActiveIdx:0
[SMPPCLINET1|DBOperations.cpp|00085|26-11-2016 21:13:09:108|~VB~]DBConn:167271416,Idx:0
[SMPPCLINET1|DBOperations.cpp|00089|26-11-2016 21:13:09:109|~VB~]Executing Query:SELECT * from esme_details WHERE ESME_ID=1 limit 1
[SMPPCLINET1|DBOperations.cpp|00092|26-11-2016 21:13:09:110|~VB~]Executed SuccessFully
[SMPPCLINET1|DBPoolManager.cpp|00063|26-11-2016 21:13:09:111|~VB~]mesi_CurrentActiveIdx:0
[SMPPCLINET1|DBOperations.cpp|00085|26-11-2016 21:13:09:112|~VB~]DBConn:167271416,Idx:0
[SMPPCLINET1|DBOperations.cpp|00089|26-11-2016 21:13:09:112|~VB~]Executing Query:SELECT * from smsc_details WHERE SMSC_ID=1 limit 1
[SMPPCLINET1|DBOperations.cpp|00092|26-11-2016 21:13:09:113|~VB~]Executed SuccessFully
[SMPPCLINET1|SMPP.cpp|00038|26-11-2016 21:13:09:113|~IN~]Loaded initial configuration sucessfully:1
[SMPPCLINET1|TcpServer.cpp|00165|26-11-2016 21:13:09:114|~IN~]PublisherStartServerThread started...
[SMPPCLINET1|TcpClient.cpp|00083|26-11-2016 21:13:09:114|~IN~]Started mcfn_connectToSMPPThread
[SMPPCLINET1|TcpClient.cpp|00175|26-11-2016 21:13:09:116|~VB~][0]Connected to SMPP[127.0.0.1:3014]
[SMPPCLINET1|Thread.cpp|00071|26-11-2016 21:13:09:117|~CR~]Started ProcessReceivedMsgsThread Thread:0
[SMPPCLINET1|SMPP.cpp|00112|26-11-2016 21:13:09:117|~IN~]Started processReceivedMsgs Thread
[SMPPCLINET1|Thread.cpp|00071|26-11-2016 21:13:10:116|~CR~]Started SendMsgToSmscThread Thread:1
[SMPPCLINET1|SMPP.cpp|00137|26-11-2016 21:13:10:116|~IN~]Started sendSmppMsgsToSmsc Thread
0000002b00000009000000000000000175737364636c69656e740070617373776f7264005452000a000000
[SMPPCLINET1|DBPoolManager.cpp|00063|26-11-2016 21:13:10:121|~VB~]mesi_CurrentActiveIdx:0
[SMPPCLINET1|DBOperations.cpp|00085|26-11-2016 21:13:10:121|~VB~]DBConn:167271416,Idx:0
[SMPPCLINET1|DBOperations.cpp|00089|26-11-2016 21:13:10:121|~VB~]Executing Query:SELECT * from errorcode_details
[SMPPCLINET1|DBOperations.cpp|00092|26-11-2016 21:13:10:122|~VB~]Executed SuccessFully
[SMPPCLINET1|EsmeConnection.cpp|00057|26-11-2016 21:13:10:122|~IN~]Receiveing the data from SMPP[27]:cmdLength:27,cmdId:0x80000009,cmdStatus:0,mcsi_sessionId1:Error Not Configured
0000001b8000000900000000000000017465737441636f756e7400
[SMPPCLINET1|EsmeConnection.cpp|00118|26-11-2016 21:13:10:122|~IN~]Login Sucess With :testAcount
[SMPPCLINET1|Thread.cpp|00071|26-11-2016 21:13:11:121|~CR~]Started RetryThread Thread:0
[SMPPCLINET1|RetryPlaner.cpp|00018|26-11-2016 21:13:12:122|~IN~]Loading retry plan from configuation
[SMPPCLINET1|DBPoolManager.cpp|00063|26-11-2016 21:13:12:123|~VB~]mesi_CurrentActiveIdx:0
[SMPPCLINET1|DBOperations.cpp|00085|26-11-2016 21:13:12:123|~VB~]DBConn:167271416,Idx:0
[SMPPCLINET1|DBOperations.cpp|00089|26-11-2016 21:13:12:123|~VB~]Executing Query:SELECT * from menu_retry_plan WHERE status='A'
[SMPPCLINET1|DBOperations.cpp|00092|26-11-2016 21:13:12:124|~VB~]Executed SuccessFully
[SMPPCLINET1|RetryPlaner.cpp|00027|26-11-2016 21:13:12:124|~IN~]retry plans are configured :1
[SMPPCLINET1|RetryPlaner.cpp|00053|26-11-2016 21:13:12:124|~IN~]plan interval ration:1:1,interval  :10
[SMPPCLINET1|RetryPlaner.cpp|00101|26-11-2016 21:13:12:124|~IN~]Loading planner configurations
[SMPPCLINET1|DBPoolManager.cpp|00063|26-11-2016 21:13:12:124|~VB~]mesi_CurrentActiveIdx:0
[SMPPCLINET1|DBOperations.cpp|00085|26-11-2016 21:13:12:124|~VB~]DBConn:167271416,Idx:0
[SMPPCLINET1|DBOperations.cpp|00089|26-11-2016 21:13:12:124|~VB~]Executing Query:SELECT * from plan_profile WHERE  STATUS='A'
[SMPPCLINET1|DBOperations.cpp|00092|26-11-2016 21:13:12:125|~VB~]Executed SuccessFully
[SMPPCLINET1|RetryPlaner.cpp|00110|26-11-2016 21:13:12:125|~IN~]plan profiles are configured :1
[SMPPCLINET1|Thread.cpp|00071|26-11-2016 21:13:12:126|~CR~]Started CdrSendThread Thread:0
[SMPPCLINET1|EsmeMain.cpp|00062|26-11-2016 21:13:13:128|~IN~]loading MO Menus starts
[SMPPCLINET1|TcpClient.cpp|00083|26-11-2016 21:13:13:129|~IN~]Started mcfn_connectToCdrServerThread
[SMPPCLINET1|TcpClient.cpp|00175|26-11-2016 21:13:13:129|~VB~][0]Connected to CdrServer[127.0.0.1:4141]
[SMPPCLINET1|TcpClient.cpp|00134|26-11-2016 21:13:13:129|~VB~]Receiveing From CdrServer
[SMPPCLINET1|DBPoolManager.cpp|00063|26-11-2016 21:13:13:129|~VB~]mesi_CurrentActiveIdx:0
[SMPPCLINET1|DBOperations.cpp|00085|26-11-2016 21:13:13:130|~VB~]DBConn:167271416,Idx:0
[SMPPCLINET1|DBOperations.cpp|00089|26-11-2016 21:13:13:130|~VB~]Executing Query:SELECT * from mo_menu_map WHERE  STATUS = 'A'
[SMPPCLINET1|DBOperations.cpp|00092|26-11-2016 21:13:13:130|~VB~]Executed SuccessFully
[SMPPCLINET1|EsmeMain.cpp|00087|26-11-2016 21:13:13:130|~IN~]*667-->[icmuser:1257]
[SMPPCLINET1|EsmeMain.cpp|00095|26-11-2016 21:13:13:130|~IN~]loading MO Menus Ends
[SMPPCLINET1|TcpServer.cpp|00165|26-11-2016 21:13:13:130|~IN~]RELOADStartServerThread started...
[SMPPCLINET1|EsmeConnection.cpp|00057|26-11-2016 21:13:16:127|~IN~]Receiveing the data from SMPP[63]:cmdLength:63,cmdId:0x5,cmdStatus:0,mcsi_sessionId2:Error Not Configured
0000003f000000050000000000000002555353440001013931393439333032343730350000002a36363700000000000000000f00052a363637230501000101
0000001180000005000000000000000200
[SMPPCLINET1|EsmeConnection.cpp|00166|26-11-2016 21:13:17:118|~VB~]MO message checking for config:*667[*667#][MO][*667]
[SMPPCLINET1|Menu.cpp|00024|26-11-2016 21:13:17:119|~IN~]MO serice configured is icmuser:1257
[SMPPCLINET1|Menu.cpp|00186|26-11-2016 21:13:17:120|~IN~]Loading Menus for username:icmuser
[SMPPCLINET1|DBConnPool.h|00084|26-11-2016 21:13:17:120|~IN~]Destroying the db connection
[SMPPCLINET1|DBConnPool.h|00049|26-11-2016 21:13:17:121|~VB~]Creating connection object
[SMPPCLINET1|DBPoolManager.cpp|00063|26-11-2016 21:13:17:138|~VB~]mesi_CurrentActiveIdx:0
[SMPPCLINET1|DBOperations.cpp|00085|26-11-2016 21:13:17:139|~VB~]DBConn:167343776,Idx:0
[SMPPCLINET1|DBOperations.cpp|00089|26-11-2016 21:13:17:139|~VB~]Executing Query:SELECT DISTINCT(menu_service_code) from menu_details WHERE USER_NAME='icmuser' AND STATUS='A'
[SMPPCLINET1|DBOperations.cpp|00092|26-11-2016 21:13:17:146|~VB~]Executed SuccessFully
[SMPPCLINET1|Menu.cpp|00208|26-11-2016 21:13:17:147|~IN~]Loading Menu for username:icmuser,Service Code:1257
[SMPPCLINET1|DBPoolManager.cpp|00063|26-11-2016 21:13:17:150|~VB~]mesi_CurrentActiveIdx:0
[SMPPCLINET1|DBOperations.cpp|00085|26-11-2016 21:13:17:150|~VB~]DBConn:167343776,Idx:0
[SMPPCLINET1|DBOperations.cpp|00089|26-11-2016 21:13:17:151|~VB~]Executing Query:SELECT * from menu_details WHERE USER_NAME='icmuser' and MENU_SERVICE_CODE='1257' AND STATUS='A' order by menu_id
[SMPPCLINET1|DBOperations.cpp|00092|26-11-2016 21:13:17:161|~VB~]Executed SuccessFully
[SMPPCLINET1|Menu.cpp|00235|26-11-2016 21:13:17:162|~IN~]Menu Id:0,Dtmf:1,Node{Node Data:Songs,Node Msg:select your choice:,URL:,End Message:,nextMenuId:1}
[SMPPCLINET1|Menu.cpp|00235|26-11-2016 21:13:17:163|~IN~]Menu Id:0,Dtmf:2,Node{Node Data:Dailogs,Node Msg:,URL:,End Message:,nextMenuId:2}
[SMPPCLINET1|Menu.cpp|00235|26-11-2016 21:13:17:164|~IN~]Menu Id:1,Dtmf:1,Node{Node Data:Folk Songs,Node Msg:Select Song type,URL:,End Message:thanks for chosing Folk songs,nextMenuId:}
[SMPPCLINET1|Menu.cpp|00235|26-11-2016 21:13:17:165|~IN~]Menu Id:1,Dtmf:2,Node{Node Data:Melody Songs,Node Msg:,URL:,End Message:thanks for chosing melody songs,nextMenuId:}
[SMPPCLINET1|Menu.cpp|00235|26-11-2016 21:13:17:166|~IN~]Menu Id:2,Dtmf:1,Node{Node Data:Comedy,Node Msg: chose dailog type,URL:,End Message:thanks for chosing comedy dailogs,nextMenuId:}
[SMPPCLINET1|Menu.cpp|00235|26-11-2016 21:13:17:168|~IN~]Menu Id:2,Dtmf:2,Node{Node Data:warning,Node Msg:,URL:,End Message: thank for chosing warning dailogs,nextMenuId:}
[SMPPCLINET1|EsmeConnection.cpp|00176|26-11-2016 21:13:17:169|~VB~]Message sending to server:1.Songsselect your choice:2.Dailogs
0000005d000000040000000000000002555353440000002a3636370001013931393439333032343730350000000000000000000023312e536f6e677373656c65637420796f75722063686f6963653a322e4461696c6f67730501000102
[SMPPCLINET1|EsmeConnection.cpp|00057|26-11-2016 21:13:17:176|~IN~]Receiveing the data from SMPP[18]:cmdLength:18,cmdId:0x80000004,cmdStatus:0,mcsi_sessionId2:Error Not Configured
000000128000000400000000000000023000
[SMPPCLINET1|TimerManeger.cpp|00024|26-11-2016 21:13:17:178|~IN~]Creating PoolManager object...
[SMPPCLINET1|TimerManeger.cpp|00072|26-11-2016 21:13:17:182|~VB~]Started Timer Check Thread
[SMPPCLINET1|TimerManeger.cpp|00107|26-11-2016 21:13:17:183|~DG~]No Timer Event Are Registed With TimerManeger
[SMPPCLINET1|TimerManeger.cpp|00051|26-11-2016 21:13:17:188|~DG~]Created and  adding to that:1480175057
[SMPPCLINET1|TimerManeger.cpp|00088|26-11-2016 21:13:18:187|~DG~]Time to get Evetn:59,1
[SMPPCLINET1|TimerManeger.cpp|00088|26-11-2016 21:13:19:190|~DG~]Time to get Evetn:58,1
[SMPPCLINET1|TimerManeger.cpp|00088|26-11-2016 21:13:20:191|~DG~]Time to get Evetn:57,1
[SMPPCLINET1|EsmeConnection.cpp|00057|26-11-2016 21:13:20:465|~IN~]Receiveing the data from SMPP[59]:cmdLength:59,cmdId:0x5,cmdStatus:0,mcsi_sessionId3:Error Not Configured
0000003b000000050000000000000003555353440001013931393439333032343730350000002a3636370000000000000000000001310501000112
[SMPPCLINET1|TimerManeger.cpp|00088|26-11-2016 21:13:21:194|~DG~]Time to get Evetn:56,1
0000001180000005000000000000000300
[SMPPCLINET1|EsmeConnection.cpp|00199|26-11-2016 21:13:21:197|~VB~]Received Continue Message:919493024705,UserInput:1
[SMPPCLINET1|EsmeConnection.cpp|00202|26-11-2016 21:13:21:197|~IN~]USSR Session found :919493024705,Analysing User Input:1
[SMPPCLINET1|TimerManeger.cpp|00061|26-11-2016 21:13:21:198|~DG~]Unregister Call came with :1480175057,0x9faf050
[SMPPCLINET1|TimerManeger.cpp|00066|26-11-2016 21:13:21:199|~DG~]Created and  adding to that:1480175057,0x9faf050
[SMPPCLINET1|EsmeConnection.cpp|00246|26-11-2016 21:13:21:199|~IN~]Session found :919493024705,Sending Continue Message :1.Folk SongsSelect Song type2.Melody Songs
000000640000000400000000000000035553534400000031323537000101393139343933303234373035000000000000000000002a312e466f6c6b20536f6e677353656c65637420536f6e672074797065322e4d656c6f647920536f6e67730501000102
[SMPPCLINET1|TimerManeger.cpp|00051|26-11-2016 21:13:21:200|~DG~]Created and  adding to that:1480175061
[SMPPCLINET1|EsmeConnection.cpp|00057|26-11-2016 21:13:21:237|~IN~]Receiveing the data from SMPP[18]:cmdLength:18,cmdId:0x80000004,cmdStatus:0,mcsi_sessionId3:Error Not Configured
000000128000000400000000000000033000
[SMPPCLINET1|TimerManeger.cpp|00088|26-11-2016 21:13:22:198|~DG~]Time to get Evetn:59,1
[SMPPCLINET1|TimerManeger.cpp|00088|26-11-2016 21:13:23:200|~DG~]Time to get Evetn:58,1
[SMPPCLINET1|EsmeConnection.cpp|00057|26-11-2016 21:13:23:203|~IN~]Receiveing the data from SMPP[59]:cmdLength:59,cmdId:0x5,cmdStatus:0,mcsi_sessionId4:Error Not Configured
0000003b00000005000000000000000455535344000101393139343933303234373035000000313235370000000000000000000001310501000112
0000001180000005000000000000000400
[SMPPCLINET1|EsmeConnection.cpp|00199|26-11-2016 21:13:23:206|~VB~]Received Continue Message:919493024705,UserInput:1
[SMPPCLINET1|EsmeConnection.cpp|00202|26-11-2016 21:13:23:206|~IN~]USSR Session found :919493024705,Analysing User Input:1
[SMPPCLINET1|Menu.cpp|00128|26-11-2016 21:13:23:206|~DG~]Node Found:Node Data:Folk Songs,Node Msg:Select Song type,URL:,End Message:thanks for chosing Folk songs,nextMenuId:
[SMPPCLINET1|TimerManeger.cpp|00061|26-11-2016 21:13:23:206|~DG~]Unregister Call came with :1480175061,0x9faf050
[SMPPCLINET1|TimerManeger.cpp|00066|26-11-2016 21:13:23:206|~DG~]Created and  adding to that:1480175061,0x9faf050
[SMPPCLINET1|EsmeConnection.cpp|00216|26-11-2016 21:13:23:206|~IN~]Session found :919493024705[cdr:0],Sending Continue Message :thanks for chosing Folk songs
000000570000000400000000000000045553534400000031323537000101393139343933303234373035000000000000000000001d7468616e6b7320666f722063686f73696e6720466f6c6b20736f6e67730501000111
[SMPPCLINET1|TcpClient.cpp|00189|26-11-2016 21:13:23:207|~VB~]Sending Length:87
[SMPPCLINET1|CdrClient.cpp|00046|26-11-2016 21:13:23:208|~IN~][0]Sent to Cdr Server:msg_type: USSD_SUBMIT submit_msg { task_id: 0 msg_id: 1 oa: "MO" da: "919493024705" msg: "*667*1*1" interface_id: 10 msg_type: 2 srv_code: "1257" username: "icmuser" status: 0 submit_time: 1480174997 submit_msgid: 1 session_endtime: 1480175003 sender_sessionid: 1 receiver_sessionid: 1 service_url: "" }
[SMPPCLINET1|EsmeConnection.cpp|00057|26-11-2016 21:13:23:247|~IN~]Receiveing the data from SMPP[18]:cmdLength:18,cmdId:0x80000004,cmdStatus:0,mcsi_sessionId4:Error Not Configured
000000128000000400000000000000043000
[SMPPCLINET1|TimerManeger.cpp|00107|26-11-2016 21:13:24:202|~DG~]No Timer Event Are Registed With TimerManeger
[SMPPCLINET1|TimerManeger.cpp|00107|26-11-2016 21:13:25:204|~DG~]No Timer Event Are Registed With TimerManeger
[SMPPCLINET1|TimerManeger.cpp|00107|26-11-2016 21:13:26:205|~DG~]No Timer Event Are Registed With TimerManeger
[SMPPCLINET1|TimerManeger.cpp|00107|26-11-2016 21:13:27:207|~DG~]No Timer Event Are Registed With TimerManeger
[SMPPCLINET1|TimerManeger.cpp|00107|26-11-2016 21:13:28:210|~DG~]No Timer Event Are Registed With TimerManeger
[SMPPCLINET1|TimerManeger.cpp|00107|26-11-2016 21:13:29:212|~DG~]No Timer Event Are Registed With TimerManeger
[SMPPCLINET1|TimerManeger.cpp|00107|26-11-2016 21:13:30:214|~DG~]No Timer Event Are Registed With TimerManeger
