[SMPPCLINET1|EsmeMain.cpp|00150|26-11-2016 21:50:02:389|~IN~]Version:V1.0
[SMPPCLINET1|EsmeMain.cpp|00151|26-11-2016 21:50:02:390|~IN~]Release Date:05-Apr-2014
[SMPPCLINET1|DBPoolManager.cpp|00013|26-11-2016 21:50:02:391|~IN~]Creating PoolManager object...
[SMPPCLINET1|DBPoolManager.cpp|00024|26-11-2016 21:50:02:392|~VB~]CDBPoolManager::mcfn_AddDB >>
[SMPPCLINET1|DBPoolManager.cpp|00029|26-11-2016 21:50:02:392|~VB~]CDBPoolManager::mcfn_AddDB <<
[SMPPCLINET1|EsmeMain.cpp|00155|26-11-2016 21:50:02:392|~VB~]PoolMgr Size:1
[SMPPCLINET1|Thread.cpp|00071|26-11-2016 21:50:02:393|~CR~]Started PrecessReceivedSmppPacketThread Thread:0
[SMPPCLINET1|DBConnPool.h|00049|26-11-2016 21:50:03:395|~VB~]Creating connection object
[SMPPCLINET1|DBPoolManager.cpp|00063|26-11-2016 21:50:03:407|~VB~]mesi_CurrentActiveIdx:0
[SMPPCLINET1|DBOperations.cpp|00085|26-11-2016 21:50:03:408|~VB~]DBConn:153648120,Idx:0
[SMPPCLINET1|DBOperations.cpp|00089|26-11-2016 21:50:03:408|~VB~]Executing Query:SELECT * from esme_details WHERE ESME_ID=1 limit 1
[SMPPCLINET1|DBOperations.cpp|00092|26-11-2016 21:50:03:411|~VB~]Executed SuccessFully
[SMPPCLINET1|DBPoolManager.cpp|00063|26-11-2016 21:50:03:412|~VB~]mesi_CurrentActiveIdx:0
[SMPPCLINET1|DBOperations.cpp|00085|26-11-2016 21:50:03:412|~VB~]DBConn:153648120,Idx:0
[SMPPCLINET1|DBOperations.cpp|00089|26-11-2016 21:50:03:413|~VB~]Executing Query:SELECT * from smsc_details WHERE SMSC_ID=1 limit 1
[SMPPCLINET1|TcpServer.cpp|00165|26-11-2016 21:50:03:414|~IN~]PublisherStartServerThread started...
[SMPPCLINET1|DBOperations.cpp|00092|26-11-2016 21:50:03:415|~VB~]Executed SuccessFully
[SMPPCLINET1|SMPP.cpp|00038|26-11-2016 21:50:03:416|~IN~]Loaded initial configuration sucessfully:1
[SMPPCLINET1|TcpClient.cpp|00083|26-11-2016 21:50:03:416|~IN~]Started mcfn_connectToSMPPThread
[SMPPCLINET1|TcpClient.cpp|00171|26-11-2016 21:50:03:419|~ER~][0]Error in Connecting to SMPP [127.0.0.1:3014]
[SMPPCLINET1|Thread.cpp|00071|26-11-2016 21:50:03:420|~CR~]Started ProcessReceivedMsgsThread Thread:0
[SMPPCLINET1|SMPP.cpp|00112|26-11-2016 21:50:03:420|~IN~]Started processReceivedMsgs Thread
[SMPPCLINET1|TcpClient.cpp|00171|26-11-2016 21:50:04:424|~ER~][1]Error in Connecting to SMPP [127.0.0.1:3014]
[SMPPCLINET1|Thread.cpp|00071|26-11-2016 21:50:04:434|~CR~]Started SendMsgToSmscThread Thread:1
[SMPPCLINET1|SMPP.cpp|00137|26-11-2016 21:50:04:434|~IN~]Started sendSmppMsgsToSmsc Thread
[SMPPCLINET1|TcpClient.cpp|00175|26-11-2016 21:50:05:431|~VB~][2]Connected to SMPP[127.0.0.1:3014]
[SMPPCLINET1|Thread.cpp|00071|26-11-2016 21:50:05:434|~CR~]Started RetryThread Thread:0
[SMPPCLINET1|RetryPlaner.cpp|00018|26-11-2016 21:50:06:434|~IN~]Loading retry plan from configuation
[SMPPCLINET1|DBConnPool.h|00084|26-11-2016 21:50:06:435|~IN~]Destroying the db connection
[SMPPCLINET1|DBConnPool.h|00049|26-11-2016 21:50:06:435|~VB~]Creating connection object
0000002b00000009000000000000000175737364636c69656e740070617373776f7264005452000a000000
[SMPPCLINET1|DBPoolManager.cpp|00063|26-11-2016 21:50:06:467|~VB~]mesi_CurrentActiveIdx:0
[SMPPCLINET1|DBOperations.cpp|00085|26-11-2016 21:50:06:468|~VB~]DBConn:153720480,Idx:0
[SMPPCLINET1|DBOperations.cpp|00089|26-11-2016 21:50:06:469|~VB~]Executing Query:SELECT * from menu_retry_plan WHERE status='A'
[SMPPCLINET1|DBConnPool.h|00049|26-11-2016 21:50:06:473|~VB~]Creating connection object
[SMPPCLINET1|DBOperations.cpp|00092|26-11-2016 21:50:06:484|~VB~]Executed SuccessFully
[SMPPCLINET1|RetryPlaner.cpp|00027|26-11-2016 21:50:06:485|~IN~]retry plans are configured :1
[SMPPCLINET1|RetryPlaner.cpp|00053|26-11-2016 21:50:06:486|~IN~]plan interval ration:1:1,interval  :10
[SMPPCLINET1|RetryPlaner.cpp|00101|26-11-2016 21:50:06:486|~IN~]Loading planner configurations
[SMPPCLINET1|DBPoolManager.cpp|00063|26-11-2016 21:50:06:493|~VB~]mesi_CurrentActiveIdx:0
[SMPPCLINET1|DBOperations.cpp|00085|26-11-2016 21:50:06:494|~VB~]DBConn:153817592,Idx:0
[SMPPCLINET1|DBOperations.cpp|00089|26-11-2016 21:50:06:494|~VB~]Executing Query:SELECT * from errorcode_details
[SMPPCLINET1|DBOperations.cpp|00092|26-11-2016 21:50:06:501|~VB~]Executed SuccessFully
[SMPPCLINET1|EsmeConnection.cpp|00057|26-11-2016 21:50:06:503|~IN~]Receiveing the data from SMPP[27]:cmdLength:27,cmdId:0x80000009,cmdStatus:0,mcsi_sessionId1:Error Not Configured
0000001b8000000900000000000000017465737441636f756e7400
[SMPPCLINET1|EsmeConnection.cpp|00118|26-11-2016 21:50:06:504|~IN~]Login Sucess With :testAcount
[SMPPCLINET1|DBPoolManager.cpp|00063|26-11-2016 21:50:06:507|~VB~]mesi_CurrentActiveIdx:0
[SMPPCLINET1|DBOperations.cpp|00085|26-11-2016 21:50:06:508|~VB~]DBConn:153720480,Idx:0
[SMPPCLINET1|DBOperations.cpp|00089|26-11-2016 21:50:06:508|~VB~]Executing Query:SELECT * from plan_profile WHERE  STATUS='A'
[SMPPCLINET1|DBOperations.cpp|00092|26-11-2016 21:50:06:512|~VB~]Executed SuccessFully
[SMPPCLINET1|RetryPlaner.cpp|00110|26-11-2016 21:50:06:512|~IN~]plan profiles are configured :1
[SMPPCLINET1|Thread.cpp|00071|26-11-2016 21:50:06:513|~CR~]Started CdrSendThread Thread:0
[SMPPCLINET1|EsmeMain.cpp|00062|26-11-2016 21:50:07:515|~IN~]loading MO Menus starts
[SMPPCLINET1|DBPoolManager.cpp|00063|26-11-2016 21:50:07:516|~VB~]mesi_CurrentActiveIdx:0
[SMPPCLINET1|DBOperations.cpp|00085|26-11-2016 21:50:07:516|~VB~]DBConn:153720480,Idx:0
[SMPPCLINET1|DBOperations.cpp|00089|26-11-2016 21:50:07:516|~VB~]Executing Query:SELECT * from mo_menu_map WHERE  STATUS = 'A'
[SMPPCLINET1|TcpClient.cpp|00083|26-11-2016 21:50:07:518|~IN~]Started mcfn_connectToCdrServerThread
[SMPPCLINET1|DBOperations.cpp|00092|26-11-2016 21:50:07:518|~VB~]Executed SuccessFully
[SMPPCLINET1|EsmeMain.cpp|00087|26-11-2016 21:50:07:518|~IN~]*667-->[icmuser:1257]
[SMPPCLINET1|EsmeMain.cpp|00095|26-11-2016 21:50:07:518|~IN~]loading MO Menus Ends
[SMPPCLINET1|TcpClient.cpp|00175|26-11-2016 21:50:07:521|~VB~][0]Connected to CdrServer[127.0.0.1:4141]
[SMPPCLINET1|TcpClient.cpp|00134|26-11-2016 21:50:07:522|~VB~]Receiveing From CdrServer
[SMPPCLINET1|TcpServer.cpp|00165|26-11-2016 21:50:07:522|~IN~]RELOADStartServerThread started...
[SMPPCLINET1|EsmeConnection.cpp|00057|26-11-2016 21:50:12:447|~IN~]Receiveing the data from SMPP[63]:cmdLength:63,cmdId:0x5,cmdStatus:0,mcsi_sessionId2:Error Not Configured
0000003f000000050000000000000002555353440001013931393439333032343730350000002a36363700000000000000000f00052a363637230501000101
0000001180000005000000000000000200
[SMPPCLINET1|EsmeConnection.cpp|00166|26-11-2016 21:50:13:418|~VB~]MO message checking for config:*667[*667#][MO][*667]
[SMPPCLINET1|Menu.cpp|00024|26-11-2016 21:50:13:418|~IN~]MO serice configured is icmuser:1257
[SMPPCLINET1|Menu.cpp|00188|26-11-2016 21:50:13:418|~IN~]Loading Menus for username:icmuser
[SMPPCLINET1|DBConnPool.h|00084|26-11-2016 21:50:13:419|~IN~]Destroying the db connection
[SMPPCLINET1|DBConnPool.h|00084|26-11-2016 21:50:13:419|~IN~]Destroying the db connection
[SMPPCLINET1|DBConnPool.h|00049|26-11-2016 21:50:13:419|~VB~]Creating connection object
[SMPPCLINET1|DBPoolManager.cpp|00063|26-11-2016 21:50:13:449|~VB~]mesi_CurrentActiveIdx:0
[SMPPCLINET1|DBOperations.cpp|00085|26-11-2016 21:50:13:451|~VB~]DBConn:153817016,Idx:0
[SMPPCLINET1|DBOperations.cpp|00089|26-11-2016 21:50:13:452|~VB~]Executing Query:SELECT DISTINCT(menu_service_code) from menu_details WHERE USER_NAME='icmuser' AND STATUS='A'
[SMPPCLINET1|DBOperations.cpp|00092|26-11-2016 21:50:13:463|~VB~]Executed SuccessFully
[SMPPCLINET1|Menu.cpp|00210|26-11-2016 21:50:13:464|~IN~]Loading Menu for username:icmuser,Service Code:1257
[SMPPCLINET1|DBPoolManager.cpp|00063|26-11-2016 21:50:13:468|~VB~]mesi_CurrentActiveIdx:0
[SMPPCLINET1|DBOperations.cpp|00085|26-11-2016 21:50:13:469|~VB~]DBConn:153817016,Idx:0
[SMPPCLINET1|DBOperations.cpp|00089|26-11-2016 21:50:13:469|~VB~]Executing Query:SELECT * from menu_details WHERE USER_NAME='icmuser' and MENU_SERVICE_CODE='1257' AND STATUS='A' order by menu_id
[SMPPCLINET1|DBOperations.cpp|00092|26-11-2016 21:50:13:471|~VB~]Executed SuccessFully
[SMPPCLINET1|Menu.cpp|00237|26-11-2016 21:50:13:472|~IN~]Menu Id:0,Dtmf:1,Node{Node Data:Songs,Node Msg:select your choice:,URL:,End Message:,nextMenuId:3}
[SMPPCLINET1|Menu.cpp|00237|26-11-2016 21:50:13:472|~IN~]Menu Id:0,Dtmf:2,Node{Node Data:Dailogs,Node Msg:,URL:,End Message:,nextMenuId:2}
[SMPPCLINET1|Menu.cpp|00237|26-11-2016 21:50:13:472|~IN~]Menu Id:1,Dtmf:1,Node{Node Data:Folk Songs,Node Msg:Select Song type,URL:,End Message:thanks for chosing Folk songs,nextMenuId:}
[SMPPCLINET1|Menu.cpp|00237|26-11-2016 21:50:13:472|~IN~]Menu Id:1,Dtmf:2,Node{Node Data:Melody Songs,Node Msg:,URL:,End Message:thanks for chosing melody songs,nextMenuId:}
[SMPPCLINET1|Menu.cpp|00237|26-11-2016 21:50:13:472|~IN~]Menu Id:2,Dtmf:1,Node{Node Data:Comedy,Node Msg: chose dailog type,URL:,End Message:thanks for chosing comedy dailogs,nextMenuId:}
[SMPPCLINET1|Menu.cpp|00237|26-11-2016 21:50:13:472|~IN~]Menu Id:2,Dtmf:2,Node{Node Data:warning,Node Msg:,URL:,End Message: thank for chosing warning dailogs,nextMenuId:}
[SMPPCLINET1|Menu.cpp|00237|26-11-2016 21:50:13:473|~IN~]Menu Id:3,Dtmf:-1,Node{Node Data:Enter your phone Number:,Node Msg:,URL:,End Message:,nextMenuId:2}
[SMPPCLINET1|EsmeConnection.cpp|00176|26-11-2016 21:50:13:473|~VB~]Message sending to server:1.Songsselect your choice:2.Dailogs
0000005d000000040000000000000002555353440000002a3636370001013931393439333032343730350000000000000000000023312e536f6e677373656c65637420796f75722063686f6963653a322e4461696c6f67730501000102
[SMPPCLINET1|EsmeConnection.cpp|00057|26-11-2016 21:50:13:474|~IN~]Receiveing the data from SMPP[18]:cmdLength:18,cmdId:0x80000004,cmdStatus:0,mcsi_sessionId2:Error Not Configured
000000128000000400000000000000023000
[SMPPCLINET1|TimerManeger.cpp|00024|26-11-2016 21:50:13:474|~IN~]Creating PoolManager object...
[SMPPCLINET1|TimerManeger.cpp|00072|26-11-2016 21:50:13:476|~VB~]Started Timer Check Thread
[SMPPCLINET1|TimerManeger.cpp|00107|26-11-2016 21:50:13:476|~DG~]No Timer Event Are Registed With TimerManeger
[SMPPCLINET1|TimerManeger.cpp|00051|26-11-2016 21:50:13:477|~DG~]Created and  adding to that:1480177273
[SMPPCLINET1|TimerManeger.cpp|00088|26-11-2016 21:50:14:479|~DG~]Time to get Evetn:59,1
[SMPPCLINET1|EsmeConnection.cpp|00057|26-11-2016 21:50:14:616|~IN~]Receiveing the data from SMPP[59]:cmdLength:59,cmdId:0x5,cmdStatus:0,mcsi_sessionId1:Error Not Configured
0000003b000000050000000000000001555353440001013931393439333032343730350000002a3636370000000000000000000001310501000112
[SMPPCLINET1|TimerManeger.cpp|00088|26-11-2016 21:50:15:481|~DG~]Time to get Evetn:58,1
0000001180000005000000000000000100
[SMPPCLINET1|EsmeConnection.cpp|00199|26-11-2016 21:50:15:482|~VB~]Received Continue Message:919493024705,UserInput:1
[SMPPCLINET1|EsmeConnection.cpp|00202|26-11-2016 21:50:15:482|~IN~]USSR Session found :919493024705,Analysing User Input:1
[SMPPCLINET1|TimerManeger.cpp|00061|26-11-2016 21:50:15:482|~DG~]Unregister Call came with :1480177273,0x92b0b10
[SMPPCLINET1|TimerManeger.cpp|00066|26-11-2016 21:50:15:482|~DG~]Created and  adding to that:1480177273,0x92b0b10
[SMPPCLINET1|EsmeConnection.cpp|00251|26-11-2016 21:50:15:483|~IN~]Session found :919493024705,Sending Continue Message :Enter your phone Number:
0000005200000004000000000000000355535344000000313235370001013931393439333032343730350000000000000000000018456e74657220796f75722070686f6e65204e756d6265723a0501000102
[SMPPCLINET1|TimerManeger.cpp|00051|26-11-2016 21:50:15:483|~DG~]Created and  adding to that:1480177275
[SMPPCLINET1|EsmeConnection.cpp|00057|26-11-2016 21:50:15:532|~IN~]Receiveing the data from SMPP[18]:cmdLength:18,cmdId:0x80000004,cmdStatus:0,mcsi_sessionId3:Error Not Configured
000000128000000400000000000000033000
[SMPPCLINET1|TimerManeger.cpp|00088|26-11-2016 21:50:16:483|~DG~]Time to get Evetn:59,1
[SMPPCLINET1|TimerManeger.cpp|00088|26-11-2016 21:50:17:485|~DG~]Time to get Evetn:58,1
[SMPPCLINET1|TimerManeger.cpp|00088|26-11-2016 21:50:18:488|~DG~]Time to get Evetn:57,1
[SMPPCLINET1|EsmeConnection.cpp|00057|26-11-2016 21:50:18:827|~IN~]Receiveing the data from SMPP[68]:cmdLength:68,cmdId:0x5,cmdStatus:0,mcsi_sessionId2:Error Not Configured
000000440000000500000000000000025553534400010139313934393330323437303500000031323537000000000000000000000a373637363732343631340501000112
[SMPPCLINET1|TimerManeger.cpp|00088|26-11-2016 21:50:19:489|~DG~]Time to get Evetn:56,1
0000001180000005000000000000000200
[SMPPCLINET1|EsmeConnection.cpp|00199|26-11-2016 21:50:19:494|~VB~]Received Continue Message:919493024705,UserInput:7676724614
[SMPPCLINET1|EsmeConnection.cpp|00202|26-11-2016 21:50:19:494|~IN~]USSR Session found :919493024705,Analysing User Input:7676724614
[SMPPCLINET1|Menu.cpp|00141|26-11-2016 21:50:19:494|~CR~]UserInput is invalid {input:7676724614,menu Id:3,username:icmuser,serviceCode:1257}
[SMPPCLINET1|TimerManeger.cpp|00061|26-11-2016 21:50:19:494|~DG~]Unregister Call came with :1480177275,0x92b0b10
[SMPPCLINET1|TimerManeger.cpp|00066|26-11-2016 21:50:19:494|~DG~]Created and  adding to that:1480177275,0x92b0b10
[SMPPCLINET1|EsmeConnection.cpp|00251|26-11-2016 21:50:19:494|~IN~]Session found :919493024705,Sending Continue Message :Invalid Input,Enter your phone Number:
0000006000000004000000000000000455535344000000313235370001013931393439333032343730350000000000000000000026496e76616c696420496e7075742c456e74657220796f75722070686f6e65204e756d6265723a0501000102
[SMPPCLINET1|TimerManeger.cpp|00051|26-11-2016 21:50:19:495|~DG~]Created and  adding to that:1480177279
[SMPPCLINET1|EsmeConnection.cpp|00057|26-11-2016 21:50:19:534|~IN~]Receiveing the data from SMPP[18]:cmdLength:18,cmdId:0x80000004,cmdStatus:0,mcsi_sessionId4:Error Not Configured
000000128000000400000000000000043000
[SMPPCLINET1|TimerManeger.cpp|00088|26-11-2016 21:50:20:492|~DG~]Time to get Evetn:59,1
[SMPPCLINET1|TimerManeger.cpp|00088|26-11-2016 21:50:21:494|~DG~]Time to get Evetn:58,1
[SMPPCLINET1|TimerManeger.cpp|00088|26-11-2016 21:50:22:497|~DG~]Time to get Evetn:57,1
[SMPPCLINET1|TimerManeger.cpp|00088|26-11-2016 21:50:23:499|~DG~]Time to get Evetn:56,1
[SMPPCLINET1|TimerManeger.cpp|00088|26-11-2016 21:50:24:502|~DG~]Time to get Evetn:55,1
[SMPPCLINET1|TimerManeger.cpp|00088|26-11-2016 21:50:25:505|~DG~]Time to get Evetn:54,1
[SMPPCLINET1|TimerManeger.cpp|00088|26-11-2016 21:50:26:506|~DG~]Time to get Evetn:53,1
[SMPPCLINET1|TimerManeger.cpp|00088|26-11-2016 21:50:27:508|~DG~]Time to get Evetn:52,1
[SMPPCLINET1|TimerManeger.cpp|00088|26-11-2016 21:50:28:510|~DG~]Time to get Evetn:51,1
[SMPPCLINET1|TimerManeger.cpp|00088|26-11-2016 21:50:29:512|~DG~]Time to get Evetn:50,1
