[SMPPCLINET1|EsmeMain.cpp|00150|26-11-2016 21:51:15:629|~IN~]Version:V1.0
[SMPPCLINET1|EsmeMain.cpp|00151|26-11-2016 21:51:15:630|~IN~]Release Date:05-Apr-2014
[SMPPCLINET1|DBPoolManager.cpp|00013|26-11-2016 21:51:15:631|~IN~]Creating PoolManager object...
[SMPPCLINET1|DBPoolManager.cpp|00024|26-11-2016 21:51:15:633|~VB~]CDBPoolManager::mcfn_AddDB >>
[SMPPCLINET1|DBPoolManager.cpp|00029|26-11-2016 21:51:15:633|~VB~]CDBPoolManager::mcfn_AddDB <<
[SMPPCLINET1|EsmeMain.cpp|00155|26-11-2016 21:51:15:634|~VB~]PoolMgr Size:1
[SMPPCLINET1|Thread.cpp|00071|26-11-2016 21:51:15:635|~CR~]Started PrecessReceivedSmppPacketThread Thread:0
[SMPPCLINET1|DBConnPool.h|00049|26-11-2016 21:51:16:637|~VB~]Creating connection object
[SMPPCLINET1|DBPoolManager.cpp|00063|26-11-2016 21:51:16:648|~VB~]mesi_CurrentActiveIdx:0
[SMPPCLINET1|DBOperations.cpp|00085|26-11-2016 21:51:16:648|~VB~]DBConn:164199416,Idx:0
[SMPPCLINET1|DBOperations.cpp|00089|26-11-2016 21:51:16:649|~VB~]Executing Query:SELECT * from esme_details WHERE ESME_ID=1 limit 1
[SMPPCLINET1|DBOperations.cpp|00092|26-11-2016 21:51:16:650|~VB~]Executed SuccessFully
[SMPPCLINET1|TcpServer.cpp|00165|26-11-2016 21:51:16:652|~IN~]PublisherStartServerThread started...
[SMPPCLINET1|DBPoolManager.cpp|00063|26-11-2016 21:51:16:652|~VB~]mesi_CurrentActiveIdx:0
[SMPPCLINET1|DBOperations.cpp|00085|26-11-2016 21:51:16:653|~VB~]DBConn:164199416,Idx:0
[SMPPCLINET1|DBOperations.cpp|00089|26-11-2016 21:51:16:653|~VB~]Executing Query:SELECT * from smsc_details WHERE SMSC_ID=1 limit 1
[SMPPCLINET1|DBOperations.cpp|00092|26-11-2016 21:51:16:654|~VB~]Executed SuccessFully
[SMPPCLINET1|SMPP.cpp|00038|26-11-2016 21:51:16:655|~IN~]Loaded initial configuration sucessfully:1
[SMPPCLINET1|TcpClient.cpp|00083|26-11-2016 21:51:16:655|~IN~]Started mcfn_connectToSMPPThread
[SMPPCLINET1|TcpClient.cpp|00175|26-11-2016 21:51:16:658|~VB~][0]Connected to SMPP[127.0.0.1:3014]
[SMPPCLINET1|Thread.cpp|00071|26-11-2016 21:51:16:659|~CR~]Started ProcessReceivedMsgsThread Thread:0
[SMPPCLINET1|SMPP.cpp|00112|26-11-2016 21:51:16:659|~IN~]Started processReceivedMsgs Thread
[SMPPCLINET1|Thread.cpp|00071|26-11-2016 21:51:17:657|~CR~]Started SendMsgToSmscThread Thread:1
[SMPPCLINET1|SMPP.cpp|00137|26-11-2016 21:51:17:658|~IN~]Started sendSmppMsgsToSmsc Thread
0000002b00000009000000000000000175737364636c69656e740070617373776f7264005452000a000000
[SMPPCLINET1|EsmeConnection.cpp|00053|26-11-2016 21:51:17:661|~ER~]Receive failed so closing the connection
[SMPPCLINET1|TcpClient.cpp|00106|26-11-2016 21:51:17:661|~ER~]Connection Rejected with SMPP
[SMPPCLINET1|TcpClient.cpp|00171|26-11-2016 21:51:17:662|~ER~][0]Error in Connecting to SMPP [127.0.0.1:3014]
[SMPPCLINET1|TcpClient.cpp|00175|26-11-2016 21:51:18:667|~VB~][1]Connected to SMPP[127.0.0.1:3014]
[SMPPCLINET1|Thread.cpp|00071|26-11-2016 21:51:18:668|~CR~]Started RetryThread Thread:0
[SMPPCLINET1|RetryPlaner.cpp|00018|26-11-2016 21:51:19:667|~IN~]Loading retry plan from configuation
[SMPPCLINET1|DBConnPool.h|00084|26-11-2016 21:51:19:668|~IN~]Destroying the db connection
[SMPPCLINET1|DBConnPool.h|00049|26-11-2016 21:51:19:668|~VB~]Creating connection object
0000002b00000009000000000000000175737364636c69656e740070617373776f7264005452000a000000
[SMPPCLINET1|DBPoolManager.cpp|00063|26-11-2016 21:51:19:672|~VB~]mesi_CurrentActiveIdx:0
[SMPPCLINET1|DBOperations.cpp|00085|26-11-2016 21:51:19:672|~VB~]DBConn:164271776,Idx:0
[SMPPCLINET1|DBOperations.cpp|00089|26-11-2016 21:51:19:672|~VB~]Executing Query:SELECT * from menu_retry_plan WHERE status='A'
[SMPPCLINET1|DBConnPool.h|00049|26-11-2016 21:51:19:673|~VB~]Creating connection object
[SMPPCLINET1|DBOperations.cpp|00092|26-11-2016 21:51:19:676|~VB~]Executed SuccessFully
[SMPPCLINET1|RetryPlaner.cpp|00027|26-11-2016 21:51:19:676|~IN~]retry plans are configured :1
[SMPPCLINET1|RetryPlaner.cpp|00053|26-11-2016 21:51:19:676|~IN~]plan interval ration:1:1,interval  :10
[SMPPCLINET1|RetryPlaner.cpp|00101|26-11-2016 21:51:19:676|~IN~]Loading planner configurations
[SMPPCLINET1|DBPoolManager.cpp|00063|26-11-2016 21:51:19:678|~VB~]mesi_CurrentActiveIdx:0
[SMPPCLINET1|DBOperations.cpp|00085|26-11-2016 21:51:19:678|~VB~]DBConn:164368872,Idx:0
[SMPPCLINET1|DBOperations.cpp|00089|26-11-2016 21:51:19:678|~VB~]Executing Query:SELECT * from errorcode_details
[SMPPCLINET1|DBOperations.cpp|00092|26-11-2016 21:51:19:679|~VB~]Executed SuccessFully
[SMPPCLINET1|EsmeConnection.cpp|00057|26-11-2016 21:51:19:679|~IN~]Receiveing the data from SMPP[27]:cmdLength:27,cmdId:0x80000009,cmdStatus:0,mcsi_sessionId1:Error Not Configured
0000001b8000000900000000000000017465737441636f756e7400
[SMPPCLINET1|EsmeConnection.cpp|00118|26-11-2016 21:51:19:679|~IN~]Login Sucess With :testAcount
[SMPPCLINET1|DBPoolManager.cpp|00063|26-11-2016 21:51:19:680|~VB~]mesi_CurrentActiveIdx:0
[SMPPCLINET1|DBOperations.cpp|00085|26-11-2016 21:51:19:680|~VB~]DBConn:164271776,Idx:0
[SMPPCLINET1|DBOperations.cpp|00089|26-11-2016 21:51:19:681|~VB~]Executing Query:SELECT * from plan_profile WHERE  STATUS='A'
[SMPPCLINET1|DBOperations.cpp|00092|26-11-2016 21:51:19:682|~VB~]Executed SuccessFully
[SMPPCLINET1|RetryPlaner.cpp|00110|26-11-2016 21:51:19:682|~IN~]plan profiles are configured :1
[SMPPCLINET1|Thread.cpp|00071|26-11-2016 21:51:19:683|~CR~]Started CdrSendThread Thread:0
[SMPPCLINET1|EsmeMain.cpp|00062|26-11-2016 21:51:20:684|~IN~]loading MO Menus starts
[SMPPCLINET1|TcpClient.cpp|00083|26-11-2016 21:51:20:685|~IN~]Started mcfn_connectToCdrServerThread
[SMPPCLINET1|DBPoolManager.cpp|00063|26-11-2016 21:51:20:688|~VB~]mesi_CurrentActiveIdx:0
[SMPPCLINET1|DBOperations.cpp|00085|26-11-2016 21:51:20:688|~VB~]DBConn:164271776,Idx:0
[SMPPCLINET1|DBOperations.cpp|00089|26-11-2016 21:51:20:688|~VB~]Executing Query:SELECT * from mo_menu_map WHERE  STATUS = 'A'
[SMPPCLINET1|DBOperations.cpp|00092|26-11-2016 21:51:20:690|~VB~]Executed SuccessFully
[SMPPCLINET1|EsmeMain.cpp|00087|26-11-2016 21:51:20:690|~IN~]*667-->[icmuser:1257]
[SMPPCLINET1|EsmeMain.cpp|00095|26-11-2016 21:51:20:690|~IN~]loading MO Menus Ends
[SMPPCLINET1|TcpClient.cpp|00175|26-11-2016 21:51:20:693|~VB~][0]Connected to CdrServer[127.0.0.1:4141]
[SMPPCLINET1|TcpClient.cpp|00134|26-11-2016 21:51:20:693|~VB~]Receiveing From CdrServer
[SMPPCLINET1|TcpServer.cpp|00165|26-11-2016 21:51:20:694|~IN~]RELOADStartServerThread started...
[SMPPCLINET1|EsmeConnection.cpp|00057|26-11-2016 21:51:25:675|~IN~]Receiveing the data from SMPP[63]:cmdLength:63,cmdId:0x5,cmdStatus:0,mcsi_sessionId2:Error Not Configured
0000003f000000050000000000000002555353440001013931393439333032343730350000002a36363700000000000000000f00052a363637230501000101
0000001180000005000000000000000200
[SMPPCLINET1|EsmeConnection.cpp|00166|26-11-2016 21:51:26:663|~VB~]MO message checking for config:*667[*667#][MO][*667]
[SMPPCLINET1|Menu.cpp|00024|26-11-2016 21:51:26:663|~IN~]MO serice configured is icmuser:1257
[SMPPCLINET1|Menu.cpp|00188|26-11-2016 21:51:26:663|~IN~]Loading Menus for username:icmuser
[SMPPCLINET1|DBConnPool.h|00084|26-11-2016 21:51:26:663|~IN~]Destroying the db connection
[SMPPCLINET1|DBConnPool.h|00084|26-11-2016 21:51:26:663|~IN~]Destroying the db connection
[SMPPCLINET1|DBConnPool.h|00049|26-11-2016 21:51:26:663|~VB~]Creating connection object
[SMPPCLINET1|DBPoolManager.cpp|00063|26-11-2016 21:51:26:666|~VB~]mesi_CurrentActiveIdx:0
[SMPPCLINET1|DBOperations.cpp|00085|26-11-2016 21:51:26:666|~VB~]DBConn:164368296,Idx:0
[SMPPCLINET1|DBOperations.cpp|00089|26-11-2016 21:51:26:666|~VB~]Executing Query:SELECT DISTINCT(menu_service_code) from menu_details WHERE USER_NAME='icmuser' AND STATUS='A'
[SMPPCLINET1|DBOperations.cpp|00092|26-11-2016 21:51:26:668|~VB~]Executed SuccessFully
[SMPPCLINET1|Menu.cpp|00210|26-11-2016 21:51:26:668|~IN~]Loading Menu for username:icmuser,Service Code:1257
[SMPPCLINET1|DBPoolManager.cpp|00063|26-11-2016 21:51:26:669|~VB~]mesi_CurrentActiveIdx:0
[SMPPCLINET1|DBOperations.cpp|00085|26-11-2016 21:51:26:669|~VB~]DBConn:164368296,Idx:0
[SMPPCLINET1|DBOperations.cpp|00089|26-11-2016 21:51:26:669|~VB~]Executing Query:SELECT * from menu_details WHERE USER_NAME='icmuser' and MENU_SERVICE_CODE='1257' AND STATUS='A' order by menu_id
[SMPPCLINET1|DBOperations.cpp|00092|26-11-2016 21:51:26:670|~VB~]Executed SuccessFully
[SMPPCLINET1|Menu.cpp|00237|26-11-2016 21:51:26:671|~IN~]Menu Id:0,Dtmf:1,Node{Node Data:Songs,Node Msg:select your choice:,URL:,End Message:,nextMenuId:3}
[SMPPCLINET1|Menu.cpp|00237|26-11-2016 21:51:26:671|~IN~]Menu Id:0,Dtmf:2,Node{Node Data:Dailogs,Node Msg:,URL:,End Message:,nextMenuId:2}
[SMPPCLINET1|Menu.cpp|00237|26-11-2016 21:51:26:671|~IN~]Menu Id:1,Dtmf:1,Node{Node Data:Folk Songs,Node Msg:Select Song type,URL:,End Message:thanks for chosing Folk songs,nextMenuId:}
[SMPPCLINET1|Menu.cpp|00237|26-11-2016 21:51:26:672|~IN~]Menu Id:1,Dtmf:2,Node{Node Data:Melody Songs,Node Msg:,URL:,End Message:thanks for chosing melody songs,nextMenuId:}
[SMPPCLINET1|Menu.cpp|00237|26-11-2016 21:51:26:672|~IN~]Menu Id:2,Dtmf:1,Node{Node Data:Comedy,Node Msg: chose dailog type,URL:,End Message:thanks for chosing comedy dailogs,nextMenuId:}
[SMPPCLINET1|Menu.cpp|00237|26-11-2016 21:51:26:672|~IN~]Menu Id:2,Dtmf:2,Node{Node Data:warning,Node Msg:,URL:,End Message: thank for chosing warning dailogs,nextMenuId:}
[SMPPCLINET1|Menu.cpp|00237|26-11-2016 21:51:26:672|~IN~]Menu Id:3,Dtmf:-1,Node{Node Data:Enter your phone Number:,Node Msg:,URL:,End Message:,nextMenuId:2}
[SMPPCLINET1|EsmeConnection.cpp|00176|26-11-2016 21:51:26:672|~VB~]Message sending to server:1.Songsselect your choice:2.Dailogs
0000005d000000040000000000000002555353440000002a3636370001013931393439333032343730350000000000000000000023312e536f6e677373656c65637420796f75722063686f6963653a322e4461696c6f67730501000102
[SMPPCLINET1|TimerManeger.cpp|00024|26-11-2016 21:51:26:672|~IN~]Creating PoolManager object...
[SMPPCLINET1|TimerManeger.cpp|00072|26-11-2016 21:51:26:673|~VB~]Started Timer Check Thread
[SMPPCLINET1|TimerManeger.cpp|00107|26-11-2016 21:51:26:673|~DG~]No Timer Event Are Registed With TimerManeger
[SMPPCLINET1|TimerManeger.cpp|00051|26-11-2016 21:51:26:677|~DG~]Created and  adding to that:1480177346
[SMPPCLINET1|EsmeConnection.cpp|00057|26-11-2016 21:51:26:705|~IN~]Receiveing the data from SMPP[18]:cmdLength:18,cmdId:0x80000004,cmdStatus:0,mcsi_sessionId2:Error Not Configured
000000128000000400000000000000023000
[SMPPCLINET1|EsmeConnection.cpp|00057|26-11-2016 21:51:27:657|~IN~]Receiveing the data from SMPP[59]:cmdLength:59,cmdId:0x5,cmdStatus:0,mcsi_sessionId1:Error Not Configured
0000003b000000050000000000000001555353440001013931393439333032343730350000002a3636370000000000000000000001310501000112
[SMPPCLINET1|TimerManeger.cpp|00088|26-11-2016 21:51:27:676|~DG~]Time to get Evetn:59,1
0000001180000005000000000000000100
[SMPPCLINET1|EsmeConnection.cpp|00199|26-11-2016 21:51:27:679|~VB~]Received Continue Message:919493024705,UserInput:1
[SMPPCLINET1|EsmeConnection.cpp|00202|26-11-2016 21:51:27:679|~IN~]USSR Session found :919493024705,Analysing User Input:1
[SMPPCLINET1|TimerManeger.cpp|00061|26-11-2016 21:51:27:679|~DG~]Unregister Call came with :1480177346,0x9cc0b00
[SMPPCLINET1|TimerManeger.cpp|00066|26-11-2016 21:51:27:679|~DG~]Created and  adding to that:1480177346,0x9cc0b00
[SMPPCLINET1|EsmeConnection.cpp|00251|26-11-2016 21:51:27:679|~IN~]Session found :919493024705,Sending Continue Message :Enter your phone Number:
0000005200000004000000000000000355535344000000313235370001013931393439333032343730350000000000000000000018456e74657220796f75722070686f6e65204e756d6265723a0501000102
[SMPPCLINET1|TimerManeger.cpp|00051|26-11-2016 21:51:27:679|~DG~]Created and  adding to that:1480177347
[SMPPCLINET1|EsmeConnection.cpp|00057|26-11-2016 21:51:27:720|~IN~]Receiveing the data from SMPP[18]:cmdLength:18,cmdId:0x80000004,cmdStatus:0,mcsi_sessionId3:Error Not Configured
000000128000000400000000000000033000
[SMPPCLINET1|TimerManeger.cpp|00088|26-11-2016 21:51:28:677|~DG~]Time to get Evetn:59,1
[SMPPCLINET1|TimerManeger.cpp|00088|26-11-2016 21:51:29:680|~DG~]Time to get Evetn:58,1
[SMPPCLINET1|EsmeConnection.cpp|00057|26-11-2016 21:51:29:831|~IN~]Receiveing the data from SMPP[61]:cmdLength:61,cmdId:0x5,cmdStatus:0,mcsi_sessionId2:Error Not Configured
0000003d000000050000000000000002555353440001013931393439333032343730350000003132353700000000000000000000036173610501000112
[SMPPCLINET1|TimerManeger.cpp|00088|26-11-2016 21:51:30:681|~DG~]Time to get Evetn:57,1
0000001180000005000000000000000200
[SMPPCLINET1|EsmeConnection.cpp|00199|26-11-2016 21:51:30:686|~VB~]Received Continue Message:919493024705,UserInput:asa
[SMPPCLINET1|EsmeConnection.cpp|00202|26-11-2016 21:51:30:686|~IN~]USSR Session found :919493024705,Analysing User Input:asa
[SMPPCLINET1|Menu.cpp|00076|26-11-2016 21:51:30:686|~CR~]User Input is having non-digit data:asa[4]
[SMPPCLINET1|Menu.cpp|00141|26-11-2016 21:51:30:686|~CR~]UserInput is invalid {input:asa,menu Id:3,username:icmuser,serviceCode:1257}
[SMPPCLINET1|TimerManeger.cpp|00061|26-11-2016 21:51:30:686|~DG~]Unregister Call came with :1480177347,0x9cc0b00
[SMPPCLINET1|TimerManeger.cpp|00066|26-11-2016 21:51:30:686|~DG~]Created and  adding to that:1480177347,0x9cc0b00
[SMPPCLINET1|EsmeConnection.cpp|00251|26-11-2016 21:51:30:686|~IN~]Session found :919493024705,Sending Continue Message :Invalid Input,Enter your phone Number:
0000006000000004000000000000000455535344000000313235370001013931393439333032343730350000000000000000000026496e76616c696420496e7075742c456e74657220796f75722070686f6e65204e756d6265723a0501000102
[SMPPCLINET1|TimerManeger.cpp|00051|26-11-2016 21:51:30:686|~DG~]Created and  adding to that:1480177350
[SMPPCLINET1|EsmeConnection.cpp|00057|26-11-2016 21:51:30:726|~IN~]Receiveing the data from SMPP[18]:cmdLength:18,cmdId:0x80000004,cmdStatus:0,mcsi_sessionId4:Error Not Configured
000000128000000400000000000000043000
[SMPPCLINET1|TimerManeger.cpp|00088|26-11-2016 21:51:31:685|~DG~]Time to get Evetn:59,1
[SMPPCLINET1|TimerManeger.cpp|00088|26-11-2016 21:51:32:687|~DG~]Time to get Evetn:58,1
[SMPPCLINET1|TimerManeger.cpp|00088|26-11-2016 21:51:33:689|~DG~]Time to get Evetn:57,1
[SMPPCLINET1|TimerManeger.cpp|00088|26-11-2016 21:51:34:691|~DG~]Time to get Evetn:56,1
[SMPPCLINET1|EsmeConnection.cpp|00057|26-11-2016 21:51:35:126|~IN~]Receiveing the data from SMPP[68]:cmdLength:68,cmdId:0x5,cmdStatus:0,mcsi_sessionId3:Error Not Configured
000000440000000500000000000000035553534400010139313934393330323437303500000031323537000000000000000000000a373637363732363137310501000112
[SMPPCLINET1|TimerManeger.cpp|00088|26-11-2016 21:51:35:692|~DG~]Time to get Evetn:55,1
0000001180000005000000000000000300
[SMPPCLINET1|EsmeConnection.cpp|00199|26-11-2016 21:51:35:699|~VB~]Received Continue Message:919493024705,UserInput:7676726171
[SMPPCLINET1|EsmeConnection.cpp|00202|26-11-2016 21:51:35:700|~IN~]USSR Session found :919493024705,Analysing User Input:7676726171
[SMPPCLINET1|Menu.cpp|00117|26-11-2016 21:51:35:700|~DG~]user input is valid string
[SMPPCLINET1|TimerManeger.cpp|00061|26-11-2016 21:51:35:700|~DG~]Unregister Call came with :1480177350,0x9cc0b00
[SMPPCLINET1|TimerManeger.cpp|00066|26-11-2016 21:51:35:700|~DG~]Created and  adding to that:1480177350,0x9cc0b00
[SMPPCLINET1|EsmeConnection.cpp|00251|26-11-2016 21:51:35:701|~IN~]Session found :919493024705,Sending Continue Message :1.Comedy chose dailog type2.warning
0000005d00000004000000000000000555535344000000313235370001013931393439333032343730350000000000000000000023312e436f6d6564792063686f7365206461696c6f672074797065322e7761726e696e670501000102
[SMPPCLINET1|TimerManeger.cpp|00051|26-11-2016 21:51:35:701|~DG~]Created and  adding to that:1480177355
[SMPPCLINET1|EsmeConnection.cpp|00057|26-11-2016 21:51:35:740|~IN~]Receiveing the data from SMPP[18]:cmdLength:18,cmdId:0x80000004,cmdStatus:0,mcsi_sessionId5:Error Not Configured
000000128000000400000000000000053000
[SMPPCLINET1|TimerManeger.cpp|00088|26-11-2016 21:51:36:697|~DG~]Time to get Evetn:59,1
[SMPPCLINET1|TimerManeger.cpp|00088|26-11-2016 21:51:37:698|~DG~]Time to get Evetn:58,1
[SMPPCLINET1|TimerManeger.cpp|00088|26-11-2016 21:51:38:700|~DG~]Time to get Evetn:57,1
[SMPPCLINET1|EsmeConnection.cpp|00057|26-11-2016 21:51:39:428|~IN~]Receiveing the data from SMPP[59]:cmdLength:59,cmdId:0x5,cmdStatus:0,mcsi_sessionId4:Error Not Configured
0000003b00000005000000000000000455535344000101393139343933303234373035000000313235370000000000000000000001310501000112
[SMPPCLINET1|TimerManeger.cpp|00088|26-11-2016 21:51:39:702|~DG~]Time to get Evetn:56,1
0000001180000005000000000000000400
[SMPPCLINET1|EsmeConnection.cpp|00199|26-11-2016 21:51:39:714|~VB~]Received Continue Message:919493024705,UserInput:1
[SMPPCLINET1|EsmeConnection.cpp|00202|26-11-2016 21:51:39:715|~IN~]USSR Session found :919493024705,Analysing User Input:1
[SMPPCLINET1|Menu.cpp|00129|26-11-2016 21:51:39:716|~DG~]Node Found:Node Data:Comedy,Node Msg: chose dailog type,URL:,End Message:thanks for chosing comedy dailogs,nextMenuId:
[SMPPCLINET1|TimerManeger.cpp|00061|26-11-2016 21:51:39:716|~DG~]Unregister Call came with :1480177355,0x9cc0b00
[SMPPCLINET1|TimerManeger.cpp|00066|26-11-2016 21:51:39:716|~DG~]Created and  adding to that:1480177355,0x9cc0b00
[SMPPCLINET1|EsmeConnection.cpp|00216|26-11-2016 21:51:39:716|~IN~]Session found :919493024705[cdr:0],Sending Continue Message :thanks for chosing comedy dailogs
0000005b000000040000000000000006555353440000003132353700010139313934393330323437303500000000000000000000217468616e6b7320666f722063686f73696e6720636f6d656479206461696c6f67730501000111
[SMPPCLINET1|EsmeConnection.cpp|00242|26-11-2016 21:51:39:716|~IN~]User Input 0:7676726171
[SMPPCLINET1|TcpClient.cpp|00189|26-11-2016 21:51:39:717|~VB~]Sending Length:98
[SMPPCLINET1|CdrClient.cpp|00046|26-11-2016 21:51:39:718|~IN~][0]Sent to Cdr Server:msg_type: USSD_SUBMIT submit_msg { task_id: 0 msg_id: 1 oa: "MO" da: "919493024705" msg: "*667*1*7676726171*1" interface_id: 10 msg_type: 2 srv_code: "1257" username: "icmuser" status: 0 submit_time: 1480177286 submit_msgid: 1 session_endtime: 1480177299 sender_sessionid: 1 receiver_sessionid: 1 service_url: "" }
[SMPPCLINET1|EsmeConnection.cpp|00057|26-11-2016 21:51:39:754|~IN~]Receiveing the data from SMPP[18]:cmdLength:18,cmdId:0x80000004,cmdStatus:0,mcsi_sessionId6:Error Not Configured
000000128000000400000000000000063000
[SMPPCLINET1|TimerManeger.cpp|00107|26-11-2016 21:51:40:705|~DG~]No Timer Event Are Registed With TimerManeger
[SMPPCLINET1|TimerManeger.cpp|00107|26-11-2016 21:51:41:708|~DG~]No Timer Event Are Registed With TimerManeger
[SMPPCLINET1|TimerManeger.cpp|00107|26-11-2016 21:51:42:710|~DG~]No Timer Event Are Registed With TimerManeger
[SMPPCLINET1|TimerManeger.cpp|00107|26-11-2016 21:51:43:712|~DG~]No Timer Event Are Registed With TimerManeger
[SMPPCLINET1|TimerManeger.cpp|00107|26-11-2016 21:51:44:714|~DG~]No Timer Event Are Registed With TimerManeger
[SMPPCLINET1|TimerManeger.cpp|00107|26-11-2016 21:51:45:717|~DG~]No Timer Event Are Registed With TimerManeger
[SMPPCLINET1|TimerManeger.cpp|00107|26-11-2016 21:51:46:719|~DG~]No Timer Event Are Registed With TimerManeger
[SMPPCLINET1|TimerManeger.cpp|00107|26-11-2016 21:51:47:721|~DG~]No Timer Event Are Registed With TimerManeger
[SMPPCLINET1|TimerManeger.cpp|00107|26-11-2016 21:51:48:722|~DG~]No Timer Event Are Registed With TimerManeger
[SMPPCLINET1|TimerManeger.cpp|00107|26-11-2016 21:51:49:724|~DG~]No Timer Event Are Registed With TimerManeger
[SMPPCLINET1|TimerManeger.cpp|00107|26-11-2016 21:51:50:726|~DG~]No Timer Event Are Registed With TimerManeger
00000010000000150000000000000007
[SMPPCLINET1|TimerManeger.cpp|00107|26-11-2016 21:51:51:728|~DG~]No Timer Event Are Registed With TimerManeger
[SMPPCLINET1|TimerManeger.cpp|00107|26-11-2016 21:51:52:730|~DG~]No Timer Event Are Registed With TimerManeger
[SMPPCLINET1|TimerManeger.cpp|00107|26-11-2016 21:51:53:732|~DG~]No Timer Event Are Registed With TimerManeger
[SMPPCLINET1|TimerManeger.cpp|00107|26-11-2016 21:51:54:734|~DG~]No Timer Event Are Registed With TimerManeger
