[SMPPCLINET1|EsmeMain.cpp|00150|26-11-2016 21:10:50:522|~IN~]Version:V1.0
[SMPPCLINET1|EsmeMain.cpp|00151|26-11-2016 21:10:50:522|~IN~]Release Date:05-Apr-2014
[SMPPCLINET1|DBPoolManager.cpp|00013|26-11-2016 21:10:50:522|~IN~]Creating PoolManager object...
[SMPPCLINET1|DBPoolManager.cpp|00024|26-11-2016 21:10:50:522|~VB~]CDBPoolManager::mcfn_AddDB >>
[SMPPCLINET1|DBPoolManager.cpp|00029|26-11-2016 21:10:50:522|~VB~]CDBPoolManager::mcfn_AddDB <<
[SMPPCLINET1|EsmeMain.cpp|00155|26-11-2016 21:10:50:522|~VB~]PoolMgr Size:1
[SMPPCLINET1|Thread.cpp|00071|26-11-2016 21:10:50:522|~CR~]Started PrecessReceivedSmppPacketThread Thread:0
[SMPPCLINET1|DBConnPool.h|00049|26-11-2016 21:10:51:524|~VB~]Creating connection object
[SMPPCLINET1|DBPoolManager.cpp|00063|26-11-2016 21:10:51:530|~VB~]mesi_CurrentActiveIdx:0
[SMPPCLINET1|DBOperations.cpp|00085|26-11-2016 21:10:51:530|~VB~]DBConn:161205240,Idx:0
[SMPPCLINET1|DBOperations.cpp|00089|26-11-2016 21:10:51:531|~VB~]Executing Query:SELECT * from esme_details WHERE ESME_ID=1 limit 1
[SMPPCLINET1|DBOperations.cpp|00092|26-11-2016 21:10:51:532|~VB~]Executed SuccessFully
[SMPPCLINET1|TcpServer.cpp|00165|26-11-2016 21:10:51:532|~IN~]PublisherStartServerThread started...
[SMPPCLINET1|DBPoolManager.cpp|00063|26-11-2016 21:10:51:533|~VB~]mesi_CurrentActiveIdx:0
[SMPPCLINET1|DBOperations.cpp|00085|26-11-2016 21:10:51:533|~VB~]DBConn:161205240,Idx:0
[SMPPCLINET1|DBOperations.cpp|00089|26-11-2016 21:10:51:533|~VB~]Executing Query:SELECT * from smsc_details WHERE SMSC_ID=1 limit 1
[SMPPCLINET1|DBOperations.cpp|00092|26-11-2016 21:10:51:534|~VB~]Executed SuccessFully
[SMPPCLINET1|SMPP.cpp|00038|26-11-2016 21:10:51:534|~IN~]Loaded initial configuration sucessfully:1
[SMPPCLINET1|TcpClient.cpp|00083|26-11-2016 21:10:51:534|~IN~]Started mcfn_connectToSMPPThread
[SMPPCLINET1|TcpClient.cpp|00171|26-11-2016 21:10:51:536|~ER~][0]Error in Connecting to SMPP [127.0.0.1:3014]
[SMPPCLINET1|Thread.cpp|00071|26-11-2016 21:10:51:536|~CR~]Started ProcessReceivedMsgsThread Thread:0
[SMPPCLINET1|SMPP.cpp|00112|26-11-2016 21:10:51:536|~IN~]Started processReceivedMsgs Thread
[SMPPCLINET1|Thread.cpp|00071|26-11-2016 21:10:52:537|~CR~]Started SendMsgToSmscThread Thread:1
[SMPPCLINET1|SMPP.cpp|00137|26-11-2016 21:10:52:537|~IN~]Started sendSmppMsgsToSmsc Thread
[SMPPCLINET1|TcpClient.cpp|00171|26-11-2016 21:10:52:538|~ER~][1]Error in Connecting to SMPP [127.0.0.1:3014]
[SMPPCLINET1|TcpClient.cpp|00175|26-11-2016 21:10:53:544|~VB~][2]Connected to SMPP[127.0.0.1:3014]
[SMPPCLINET1|Thread.cpp|00071|26-11-2016 21:10:53:547|~CR~]Started RetryThread Thread:0
[SMPPCLINET1|RetryPlaner.cpp|00018|26-11-2016 21:10:54:547|~IN~]Loading retry plan from configuation
[SMPPCLINET1|DBConnPool.h|00084|26-11-2016 21:10:54:547|~IN~]Destroying the db connection
[SMPPCLINET1|DBConnPool.h|00049|26-11-2016 21:10:54:548|~VB~]Creating connection object
0000002b00000009000000000000000175737364636c69656e740070617373776f7264005452000a000000
[SMPPCLINET1|DBPoolManager.cpp|00063|26-11-2016 21:10:54:550|~VB~]mesi_CurrentActiveIdx:0
[SMPPCLINET1|DBOperations.cpp|00085|26-11-2016 21:10:54:550|~VB~]DBConn:161277600,Idx:0
[SMPPCLINET1|DBOperations.cpp|00089|26-11-2016 21:10:54:550|~VB~]Executing Query:SELECT * from menu_retry_plan WHERE status='A'
[SMPPCLINET1|DBConnPool.h|00049|26-11-2016 21:10:54:551|~VB~]Creating connection object
[SMPPCLINET1|DBOperations.cpp|00092|26-11-2016 21:10:54:553|~VB~]Executed SuccessFully
[SMPPCLINET1|RetryPlaner.cpp|00027|26-11-2016 21:10:54:553|~IN~]retry plans are configured :1
[SMPPCLINET1|RetryPlaner.cpp|00053|26-11-2016 21:10:54:553|~IN~]plan interval ration:1:1,interval  :10
[SMPPCLINET1|RetryPlaner.cpp|00101|26-11-2016 21:10:54:553|~IN~]Loading planner configurations
[SMPPCLINET1|DBPoolManager.cpp|00063|26-11-2016 21:10:54:553|~VB~]mesi_CurrentActiveIdx:0
[SMPPCLINET1|DBOperations.cpp|00085|26-11-2016 21:10:54:553|~VB~]DBConn:161374696,Idx:0
[SMPPCLINET1|DBOperations.cpp|00089|26-11-2016 21:10:54:553|~VB~]Executing Query:SELECT * from errorcode_details
[SMPPCLINET1|DBOperations.cpp|00092|26-11-2016 21:10:54:554|~VB~]Executed SuccessFully
[SMPPCLINET1|EsmeConnection.cpp|00057|26-11-2016 21:10:54:554|~IN~]Receiveing the data from SMPP[27]:cmdLength:27,cmdId:0x80000009,cmdStatus:0,mcsi_sessionId1:Error Not Configured
0000001b8000000900000000000000017465737441636f756e7400
[SMPPCLINET1|EsmeConnection.cpp|00118|26-11-2016 21:10:54:554|~IN~]Login Sucess With :testAcount
[SMPPCLINET1|DBPoolManager.cpp|00063|26-11-2016 21:10:54:555|~VB~]mesi_CurrentActiveIdx:0
[SMPPCLINET1|DBOperations.cpp|00085|26-11-2016 21:10:54:555|~VB~]DBConn:161277600,Idx:0
[SMPPCLINET1|DBOperations.cpp|00089|26-11-2016 21:10:54:555|~VB~]Executing Query:SELECT * from plan_profile WHERE  STATUS='A'
[SMPPCLINET1|DBOperations.cpp|00092|26-11-2016 21:10:54:556|~VB~]Executed SuccessFully
[SMPPCLINET1|RetryPlaner.cpp|00110|26-11-2016 21:10:54:556|~IN~]plan profiles are configured :1
[SMPPCLINET1|Thread.cpp|00071|26-11-2016 21:10:54:557|~CR~]Started CdrSendThread Thread:0
[SMPPCLINET1|EsmeMain.cpp|00062|26-11-2016 21:10:55:559|~IN~]loading MO Menus starts
[SMPPCLINET1|TcpClient.cpp|00083|26-11-2016 21:10:55:560|~IN~]Started mcfn_connectToCdrServerThread
[SMPPCLINET1|TcpClient.cpp|00175|26-11-2016 21:10:55:563|~VB~][0]Connected to CdrServer[127.0.0.1:4141]
[SMPPCLINET1|TcpClient.cpp|00134|26-11-2016 21:10:55:563|~VB~]Receiveing From CdrServer
[SMPPCLINET1|DBPoolManager.cpp|00063|26-11-2016 21:10:55:563|~VB~]mesi_CurrentActiveIdx:0
[SMPPCLINET1|DBOperations.cpp|00085|26-11-2016 21:10:55:563|~VB~]DBConn:161277600,Idx:0
[SMPPCLINET1|DBOperations.cpp|00089|26-11-2016 21:10:55:564|~VB~]Executing Query:SELECT * from mo_menu_map WHERE  STATUS = 'A'
[SMPPCLINET1|DBOperations.cpp|00092|26-11-2016 21:10:55:565|~VB~]Executed SuccessFully
[SMPPCLINET1|EsmeMain.cpp|00087|26-11-2016 21:10:55:565|~IN~]*667-->[icmuser:1257]
[SMPPCLINET1|EsmeMain.cpp|00095|26-11-2016 21:10:55:565|~IN~]loading MO Menus Ends
[SMPPCLINET1|TcpServer.cpp|00165|26-11-2016 21:10:55:566|~IN~]RELOADStartServerThread started...
[SMPPCLINET1|EsmeConnection.cpp|00057|26-11-2016 21:11:00:553|~IN~]Receiveing the data from SMPP[63]:cmdLength:63,cmdId:0x5,cmdStatus:0,mcsi_sessionId2:Error Not Configured
0000003f000000050000000000000002555353440001013931393439333032343730350000002a36363700000000000000000f00052a363637230501000101
0000001180000005000000000000000200
[SMPPCLINET1|EsmeConnection.cpp|00166|26-11-2016 21:11:01:545|~VB~]MO message checking for config:*667[*667#][MO][*667]
[SMPPCLINET1|Menu.cpp|00024|26-11-2016 21:11:01:545|~IN~]MO serice configured is icmuser:1257
[SMPPCLINET1|Menu.cpp|00186|26-11-2016 21:11:01:545|~IN~]Loading Menus for username:icmuser
[SMPPCLINET1|DBConnPool.h|00084|26-11-2016 21:11:01:545|~IN~]Destroying the db connection
[SMPPCLINET1|DBConnPool.h|00084|26-11-2016 21:11:01:546|~IN~]Destroying the db connection
[SMPPCLINET1|DBConnPool.h|00049|26-11-2016 21:11:01:546|~VB~]Creating connection object
[SMPPCLINET1|DBPoolManager.cpp|00063|26-11-2016 21:11:01:547|~VB~]mesi_CurrentActiveIdx:0
[SMPPCLINET1|DBOperations.cpp|00085|26-11-2016 21:11:01:548|~VB~]DBConn:161401856,Idx:0
[SMPPCLINET1|DBOperations.cpp|00089|26-11-2016 21:11:01:548|~VB~]Executing Query:SELECT DISTINCT(menu_service_code) from menu_details WHERE USER_NAME='icmuser' AND STATUS='A'
[SMPPCLINET1|DBOperations.cpp|00092|26-11-2016 21:11:01:549|~VB~]Executed SuccessFully
[SMPPCLINET1|Menu.cpp|00208|26-11-2016 21:11:01:549|~IN~]Loading Menu for username:icmuser,Service Code:1257
[SMPPCLINET1|DBPoolManager.cpp|00063|26-11-2016 21:11:01:550|~VB~]mesi_CurrentActiveIdx:0
[SMPPCLINET1|DBOperations.cpp|00085|26-11-2016 21:11:01:550|~VB~]DBConn:161401856,Idx:0
[SMPPCLINET1|DBOperations.cpp|00089|26-11-2016 21:11:01:550|~VB~]Executing Query:SELECT * from menu_details WHERE USER_NAME='icmuser' and MENU_SERVICE_CODE='1257' AND STATUS='A' order by menu_id
[SMPPCLINET1|DBOperations.cpp|00092|26-11-2016 21:11:01:550|~VB~]Executed SuccessFully
[SMPPCLINET1|Menu.cpp|00045|26-11-2016 21:11:01:551|~CR~]Exception came  :Unknown field name: node_type
[SMPPCLINET1|EsmeConnection.cpp|00169|26-11-2016 21:11:01:551|~VB~]Menu Not cofigure for this message:*667[][MO]
[SMPPCLINET1|EsmeConnection.cpp|00079|26-11-2016 21:11:01:551|~ER~]Failed to process message sending Invalid commad id  to server
000000128000000400000003000000023000
