[SMPPCLINET1|EsmeMain.cpp|00150|26-11-2016 21:11:50:574|~IN~]Version:V1.0
[SMPPCLINET1|EsmeMain.cpp|00151|26-11-2016 21:11:50:574|~IN~]Release Date:05-Apr-2014
[SMPPCLINET1|DBPoolManager.cpp|00013|26-11-2016 21:11:50:574|~IN~]Creating PoolManager object...
[SMPPCLINET1|DBPoolManager.cpp|00024|26-11-2016 21:11:50:574|~VB~]CDBPoolManager::mcfn_AddDB >>
[SMPPCLINET1|DBPoolManager.cpp|00029|26-11-2016 21:11:50:574|~VB~]CDBPoolManager::mcfn_AddDB <<
[SMPPCLINET1|EsmeMain.cpp|00155|26-11-2016 21:11:50:574|~VB~]PoolMgr Size:1
[SMPPCLINET1|Thread.cpp|00071|26-11-2016 21:11:50:575|~CR~]Started PrecessReceivedSmppPacketThread Thread:0
[SMPPCLINET1|DBConnPool.h|00049|26-11-2016 21:11:51:577|~VB~]Creating connection object
[SMPPCLINET1|DBPoolManager.cpp|00063|26-11-2016 21:11:51:587|~VB~]mesi_CurrentActiveIdx:0
[SMPPCLINET1|DBOperations.cpp|00085|26-11-2016 21:11:51:587|~VB~]DBConn:156044280,Idx:0
[SMPPCLINET1|DBOperations.cpp|00089|26-11-2016 21:11:51:588|~VB~]Executing Query:SELECT * from esme_details WHERE ESME_ID=1 limit 1
[SMPPCLINET1|DBOperations.cpp|00092|26-11-2016 21:11:51:589|~VB~]Executed SuccessFully
[SMPPCLINET1|TcpServer.cpp|00165|26-11-2016 21:11:51:590|~IN~]PublisherStartServerThread started...
[SMPPCLINET1|DBPoolManager.cpp|00063|26-11-2016 21:11:51:590|~VB~]mesi_CurrentActiveIdx:0
[SMPPCLINET1|DBOperations.cpp|00085|26-11-2016 21:11:51:591|~VB~]DBConn:156044280,Idx:0
[SMPPCLINET1|DBOperations.cpp|00089|26-11-2016 21:11:51:591|~VB~]Executing Query:SELECT * from smsc_details WHERE SMSC_ID=1 limit 1
[SMPPCLINET1|DBOperations.cpp|00092|26-11-2016 21:11:51:592|~VB~]Executed SuccessFully
[SMPPCLINET1|SMPP.cpp|00038|26-11-2016 21:11:51:592|~IN~]Loaded initial configuration sucessfully:1
[SMPPCLINET1|TcpClient.cpp|00083|26-11-2016 21:11:51:592|~IN~]Started mcfn_connectToSMPPThread
[SMPPCLINET1|TcpClient.cpp|00175|26-11-2016 21:11:51:593|~VB~][0]Connected to SMPP[127.0.0.1:3014]
[SMPPCLINET1|Thread.cpp|00071|26-11-2016 21:11:51:593|~CR~]Started ProcessReceivedMsgsThread Thread:0
[SMPPCLINET1|SMPP.cpp|00112|26-11-2016 21:11:51:593|~IN~]Started processReceivedMsgs Thread
[SMPPCLINET1|Thread.cpp|00071|26-11-2016 21:11:52:594|~CR~]Started SendMsgToSmscThread Thread:1
[SMPPCLINET1|SMPP.cpp|00137|26-11-2016 21:11:52:594|~IN~]Started sendSmppMsgsToSmsc Thread
0000002b00000009000000000000000175737364636c69656e740070617373776f7264005452000a000000
[SMPPCLINET1|DBPoolManager.cpp|00063|26-11-2016 21:11:52:595|~VB~]mesi_CurrentActiveIdx:0
[SMPPCLINET1|DBOperations.cpp|00085|26-11-2016 21:11:52:595|~VB~]DBConn:156044280,Idx:0
[SMPPCLINET1|DBOperations.cpp|00089|26-11-2016 21:11:52:595|~VB~]Executing Query:SELECT * from errorcode_details
[SMPPCLINET1|DBOperations.cpp|00092|26-11-2016 21:11:52:595|~VB~]Executed SuccessFully
[SMPPCLINET1|EsmeConnection.cpp|00057|26-11-2016 21:11:52:596|~IN~]Receiveing the data from SMPP[27]:cmdLength:27,cmdId:0x80000009,cmdStatus:0,mcsi_sessionId1:Error Not Configured
0000001b8000000900000000000000017465737441636f756e7400
[SMPPCLINET1|EsmeConnection.cpp|00118|26-11-2016 21:11:52:596|~IN~]Login Sucess With :testAcount
[SMPPCLINET1|Thread.cpp|00071|26-11-2016 21:11:53:600|~CR~]Started RetryThread Thread:0
[SMPPCLINET1|RetryPlaner.cpp|00018|26-11-2016 21:11:54:601|~IN~]Loading retry plan from configuation
[SMPPCLINET1|DBPoolManager.cpp|00063|26-11-2016 21:11:54:602|~VB~]mesi_CurrentActiveIdx:0
[SMPPCLINET1|DBOperations.cpp|00085|26-11-2016 21:11:54:603|~VB~]DBConn:156044280,Idx:0
[SMPPCLINET1|DBOperations.cpp|00089|26-11-2016 21:11:54:603|~VB~]Executing Query:SELECT * from menu_retry_plan WHERE status='A'
[SMPPCLINET1|DBOperations.cpp|00092|26-11-2016 21:11:54:603|~VB~]Executed SuccessFully
[SMPPCLINET1|RetryPlaner.cpp|00027|26-11-2016 21:11:54:603|~IN~]retry plans are configured :1
[SMPPCLINET1|RetryPlaner.cpp|00053|26-11-2016 21:11:54:604|~IN~]plan interval ration:1:1,interval  :10
[SMPPCLINET1|RetryPlaner.cpp|00101|26-11-2016 21:11:54:604|~IN~]Loading planner configurations
[SMPPCLINET1|DBPoolManager.cpp|00063|26-11-2016 21:11:54:604|~VB~]mesi_CurrentActiveIdx:0
[SMPPCLINET1|DBOperations.cpp|00085|26-11-2016 21:11:54:604|~VB~]DBConn:156044280,Idx:0
[SMPPCLINET1|DBOperations.cpp|00089|26-11-2016 21:11:54:604|~VB~]Executing Query:SELECT * from plan_profile WHERE  STATUS='A'
[SMPPCLINET1|DBOperations.cpp|00092|26-11-2016 21:11:54:605|~VB~]Executed SuccessFully
[SMPPCLINET1|RetryPlaner.cpp|00110|26-11-2016 21:11:54:605|~IN~]plan profiles are configured :1
[SMPPCLINET1|Thread.cpp|00071|26-11-2016 21:11:54:605|~CR~]Started CdrSendThread Thread:0
[SMPPCLINET1|EsmeMain.cpp|00062|26-11-2016 21:11:55:607|~IN~]loading MO Menus starts
[SMPPCLINET1|DBPoolManager.cpp|00063|26-11-2016 21:11:55:607|~VB~]mesi_CurrentActiveIdx:0
[SMPPCLINET1|DBOperations.cpp|00085|26-11-2016 21:11:55:608|~VB~]DBConn:156044280,Idx:0
[SMPPCLINET1|DBOperations.cpp|00089|26-11-2016 21:11:55:608|~VB~]Executing Query:SELECT * from mo_menu_map WHERE  STATUS = 'A'
[SMPPCLINET1|DBOperations.cpp|00092|26-11-2016 21:11:55:608|~VB~]Executed SuccessFully
[SMPPCLINET1|EsmeMain.cpp|00087|26-11-2016 21:11:55:608|~IN~]*667-->[icmuser:1257]
[SMPPCLINET1|EsmeMain.cpp|00095|26-11-2016 21:11:55:609|~IN~]loading MO Menus Ends
[SMPPCLINET1|TcpClient.cpp|00083|26-11-2016 21:11:55:609|~IN~]Started mcfn_connectToCdrServerThread
[SMPPCLINET1|TcpClient.cpp|00175|26-11-2016 21:11:55:610|~VB~][0]Connected to CdrServer[127.0.0.1:4141]
[SMPPCLINET1|TcpClient.cpp|00134|26-11-2016 21:11:55:610|~VB~]Receiveing From CdrServer
[SMPPCLINET1|TcpServer.cpp|00165|26-11-2016 21:11:55:611|~IN~]RELOADStartServerThread started...
[SMPPCLINET1|EsmeConnection.cpp|00057|26-11-2016 21:11:58:602|~IN~]Receiveing the data from SMPP[63]:cmdLength:63,cmdId:0x5,cmdStatus:0,mcsi_sessionId2:Error Not Configured
0000003f000000050000000000000002555353440001013931393439333032343730350000002a36363700000000000000000f00052a363637230501000101
0000001180000005000000000000000200
[SMPPCLINET1|EsmeConnection.cpp|00166|26-11-2016 21:11:59:594|~VB~]MO message checking for config:*667[*667#][MO][*667]
[SMPPCLINET1|Menu.cpp|00024|26-11-2016 21:11:59:594|~IN~]MO serice configured is icmuser:1257
[SMPPCLINET1|Menu.cpp|00186|26-11-2016 21:11:59:594|~IN~]Loading Menus for username:icmuser
[SMPPCLINET1|DBConnPool.h|00084|26-11-2016 21:11:59:594|~IN~]Destroying the db connection
[SMPPCLINET1|DBConnPool.h|00049|26-11-2016 21:11:59:595|~VB~]Creating connection object
[SMPPCLINET1|DBPoolManager.cpp|00063|26-11-2016 21:11:59:613|~VB~]mesi_CurrentActiveIdx:0
[SMPPCLINET1|DBOperations.cpp|00085|26-11-2016 21:11:59:614|~VB~]DBConn:156116640,Idx:0
[SMPPCLINET1|DBOperations.cpp|00089|26-11-2016 21:11:59:615|~VB~]Executing Query:SELECT DISTINCT(menu_service_code) from menu_details WHERE USER_NAME='icmuser' AND STATUS='A'
[SMPPCLINET1|DBOperations.cpp|00092|26-11-2016 21:11:59:625|~VB~]Executed SuccessFully
[SMPPCLINET1|Menu.cpp|00208|26-11-2016 21:11:59:626|~IN~]Loading Menu for username:icmuser,Service Code:1257
[SMPPCLINET1|DBPoolManager.cpp|00063|26-11-2016 21:11:59:632|~VB~]mesi_CurrentActiveIdx:0
[SMPPCLINET1|DBOperations.cpp|00085|26-11-2016 21:11:59:633|~VB~]DBConn:156116640,Idx:0
[SMPPCLINET1|DBOperations.cpp|00089|26-11-2016 21:11:59:633|~VB~]Executing Query:SELECT * from menu_details WHERE USER_NAME='icmuser' and MENU_SERVICE_CODE='1257' AND STATUS='A' order by menu_id
[SMPPCLINET1|DBOperations.cpp|00092|26-11-2016 21:11:59:642|~VB~]Executed SuccessFully
[SMPPCLINET1|Menu.cpp|00235|26-11-2016 21:11:59:644|~IN~]Menu Id:0,Dtmf:1,Node{Node Data:Songs,Node Msg:select your choice:,URL:,End Message:,nextMenuId:1}
[SMPPCLINET1|Menu.cpp|00235|26-11-2016 21:11:59:645|~IN~]Menu Id:0,Dtmf:2,Node{Node Data:Dailogs,Node Msg:,URL:,End Message:,nextMenuId:2}
[SMPPCLINET1|Menu.cpp|00235|26-11-2016 21:11:59:646|~IN~]Menu Id:1,Dtmf:1,Node{Node Data:Folk Songs,Node Msg:Select Song type,URL:,End Message:thanks for chosing Folk songs,nextMenuId:}
[SMPPCLINET1|Menu.cpp|00235|26-11-2016 21:11:59:648|~IN~]Menu Id:1,Dtmf:2,Node{Node Data:Melody Songs,Node Msg:,URL:,End Message:thanks for chosing melody songs,nextMenuId:}
[SMPPCLINET1|Menu.cpp|00235|26-11-2016 21:11:59:649|~IN~]Menu Id:2,Dtmf:1,Node{Node Data:Comedy,Node Msg: chose dailog type,URL:,End Message:thanks for chosing comedy dailogs,nextMenuId:}
[SMPPCLINET1|Menu.cpp|00235|26-11-2016 21:11:59:652|~IN~]Menu Id:2,Dtmf:2,Node{Node Data:warning,Node Msg:,URL:,End Message: thank for chosing warning dailogs,nextMenuId:}
[SMPPCLINET1|EsmeConnection.cpp|00176|26-11-2016 21:11:59:653|~VB~]Message sending to server:select your choice:1.Songs2.Dailogs
0000005d000000040000000000000002555353440000002a363637000101393139343933303234373035000000000000000000002373656c65637420796f75722063686f6963653a312e536f6e6773322e4461696c6f67730501000102
[SMPPCLINET1|EsmeConnection.cpp|00057|26-11-2016 21:11:59:661|~IN~]Receiveing the data from SMPP[18]:cmdLength:18,cmdId:0x80000004,cmdStatus:0,mcsi_sessionId2:Error Not Configured
000000128000000400000000000000023000
[SMPPCLINET1|TimerManeger.cpp|00024|26-11-2016 21:11:59:663|~IN~]Creating PoolManager object...
[SMPPCLINET1|TimerManeger.cpp|00072|26-11-2016 21:11:59:667|~VB~]Started Timer Check Thread
[SMPPCLINET1|TimerManeger.cpp|00051|26-11-2016 21:11:59:668|~DG~]Created and  adding to that:1480174979
[SMPPCLINET1|TimerManeger.cpp|00088|26-11-2016 21:11:59:669|~DG~]Time to get Evetn:60,1
[SMPPCLINET1|TimerManeger.cpp|00088|26-11-2016 21:12:00:672|~DG~]Time to get Evetn:59,1
[SMPPCLINET1|TimerManeger.cpp|00088|26-11-2016 21:12:01:675|~DG~]Time to get Evetn:58,1
[SMPPCLINET1|TimerManeger.cpp|00088|26-11-2016 21:12:02:677|~DG~]Time to get Evetn:57,1
[SMPPCLINET1|TimerManeger.cpp|00088|26-11-2016 21:12:03:679|~DG~]Time to get Evetn:56,1
[SMPPCLINET1|EsmeConnection.cpp|00057|26-11-2016 21:12:03:921|~IN~]Receiveing the data from SMPP[59]:cmdLength:59,cmdId:0x5,cmdStatus:0,mcsi_sessionId1:Error Not Configured
0000003b000000050000000000000001555353440001013931393439333032343730350000002a3636370000000000000000000001310501000112
0000001180000005000000000000000100
[SMPPCLINET1|TimerManeger.cpp|00088|26-11-2016 21:12:04:682|~DG~]Time to get Evetn:55,1
[SMPPCLINET1|EsmeConnection.cpp|00199|26-11-2016 21:12:04:682|~VB~]Received Continue Message:919493024705,UserInput:1
[SMPPCLINET1|EsmeConnection.cpp|00202|26-11-2016 21:12:04:683|~IN~]USSR Session found :919493024705,Analysing User Input:1
[SMPPCLINET1|TimerManeger.cpp|00061|26-11-2016 21:12:04:683|~DG~]Unregister Call came with :1480174979,0x94fa3a8
[SMPPCLINET1|TimerManeger.cpp|00066|26-11-2016 21:12:04:684|~DG~]Created and  adding to that:1480174979,0x94fa3a8
[SMPPCLINET1|EsmeConnection.cpp|00246|26-11-2016 21:12:04:684|~IN~]Session found :919493024705,Sending Continue Message :Select Song type1.Folk Songs2.Melody Songs
000000640000000400000000000000035553534400000031323537000101393139343933303234373035000000000000000000002a53656c65637420536f6e672074797065312e466f6c6b20536f6e6773322e4d656c6f647920536f6e67730501000102
[SMPPCLINET1|TimerManeger.cpp|00051|26-11-2016 21:12:04:684|~DG~]Created and  adding to that:1480174984
[SMPPCLINET1|EsmeConnection.cpp|00057|26-11-2016 21:12:04:722|~IN~]Receiveing the data from SMPP[18]:cmdLength:18,cmdId:0x80000004,cmdStatus:0,mcsi_sessionId3:Error Not Configured
000000128000000400000000000000033000
[SMPPCLINET1|TimerManeger.cpp|00088|26-11-2016 21:12:05:684|~DG~]Time to get Evetn:59,1
[SMPPCLINET1|TimerManeger.cpp|00088|26-11-2016 21:12:06:687|~DG~]Time to get Evetn:58,1
[SMPPCLINET1|EsmeConnection.cpp|00057|26-11-2016 21:12:06:688|~IN~]Receiveing the data from SMPP[59]:cmdLength:59,cmdId:0x5,cmdStatus:0,mcsi_sessionId2:Error Not Configured
0000003b00000005000000000000000255535344000101393139343933303234373035000000313235370000000000000000000001310501000112
0000001180000005000000000000000200
[SMPPCLINET1|EsmeConnection.cpp|00199|26-11-2016 21:12:06:689|~VB~]Received Continue Message:919493024705,UserInput:1
[SMPPCLINET1|EsmeConnection.cpp|00202|26-11-2016 21:12:06:689|~IN~]USSR Session found :919493024705,Analysing User Input:1
[SMPPCLINET1|Menu.cpp|00128|26-11-2016 21:12:06:689|~DG~]Node Found:Node Data:Folk Songs,Node Msg:Select Song type,URL:,End Message:thanks for chosing Folk songs,nextMenuId:
[SMPPCLINET1|TimerManeger.cpp|00061|26-11-2016 21:12:06:689|~DG~]Unregister Call came with :1480174984,0x94fa3a8
[SMPPCLINET1|TimerManeger.cpp|00066|26-11-2016 21:12:06:690|~DG~]Created and  adding to that:1480174984,0x94fa3a8
[SMPPCLINET1|EsmeConnection.cpp|00216|26-11-2016 21:12:06:690|~IN~]Session found :919493024705[cdr:0],Sending Continue Message :thanks for chosing Folk songs
000000570000000400000000000000045553534400000031323537000101393139343933303234373035000000000000000000001d7468616e6b7320666f722063686f73696e6720466f6c6b20736f6e67730501000111
[SMPPCLINET1|TcpClient.cpp|00189|26-11-2016 21:12:06:691|~VB~]Sending Length:87
[SMPPCLINET1|CdrClient.cpp|00046|26-11-2016 21:12:06:698|~IN~][0]Sent to Cdr Server:msg_type: USSD_SUBMIT submit_msg { task_id: 0 msg_id: 1 oa: "MO" da: "919493024705" msg: "*667*1*1" interface_id: 10 msg_type: 2 srv_code: "1257" username: "icmuser" status: 0 submit_time: 1480174919 submit_msgid: 1 session_endtime: 1480174926 sender_sessionid: 1 receiver_sessionid: 1 service_url: "" }
[SMPPCLINET1|EsmeConnection.cpp|00057|26-11-2016 21:12:06:736|~IN~]Receiveing the data from SMPP[18]:cmdLength:18,cmdId:0x80000004,cmdStatus:0,mcsi_sessionId4:Error Not Configured
000000128000000400000000000000043000
[SMPPCLINET1|TimerManeger.cpp|00107|26-11-2016 21:12:07:688|~DG~]No Timer Event Are Registed With TimerManeger
[SMPPCLINET1|TimerManeger.cpp|00107|26-11-2016 21:12:08:690|~DG~]No Timer Event Are Registed With TimerManeger
[SMPPCLINET1|TimerManeger.cpp|00107|26-11-2016 21:12:09:692|~DG~]No Timer Event Are Registed With TimerManeger
[SMPPCLINET1|TimerManeger.cpp|00107|26-11-2016 21:12:10:694|~DG~]No Timer Event Are Registed With TimerManeger
[SMPPCLINET1|TimerManeger.cpp|00107|26-11-2016 21:12:11:696|~DG~]No Timer Event Are Registed With TimerManeger
[SMPPCLINET1|TimerManeger.cpp|00107|26-11-2016 21:12:12:699|~DG~]No Timer Event Are Registed With TimerManeger
[SMPPCLINET1|TimerManeger.cpp|00107|26-11-2016 21:12:13:700|~DG~]No Timer Event Are Registed With TimerManeger
[SMPPCLINET1|TimerManeger.cpp|00107|26-11-2016 21:12:14:703|~DG~]No Timer Event Are Registed With TimerManeger
[SMPPCLINET1|TimerManeger.cpp|00107|26-11-2016 21:12:15:705|~DG~]No Timer Event Are Registed With TimerManeger
[SMPPCLINET1|TimerManeger.cpp|00107|26-11-2016 21:12:16:708|~DG~]No Timer Event Are Registed With TimerManeger
[SMPPCLINET1|TimerManeger.cpp|00107|26-11-2016 21:12:17:710|~DG~]No Timer Event Are Registed With TimerManeger
[SMPPCLINET1|TimerManeger.cpp|00107|26-11-2016 21:12:18:711|~DG~]No Timer Event Are Registed With TimerManeger
[SMPPCLINET1|TimerManeger.cpp|00107|26-11-2016 21:12:19:713|~DG~]No Timer Event Are Registed With TimerManeger
[SMPPCLINET1|TimerManeger.cpp|00107|26-11-2016 21:12:20:715|~DG~]No Timer Event Are Registed With TimerManeger
[SMPPCLINET1|TimerManeger.cpp|00107|26-11-2016 21:12:21:718|~DG~]No Timer Event Are Registed With TimerManeger
[SMPPCLINET1|TimerManeger.cpp|00107|26-11-2016 21:12:22:720|~DG~]No Timer Event Are Registed With TimerManeger
00000010000000150000000000000005
[SMPPCLINET1|TimerManeger.cpp|00107|26-11-2016 21:12:23:722|~DG~]No Timer Event Are Registed With TimerManeger
[SMPPCLINET1|TimerManeger.cpp|00107|26-11-2016 21:12:24:724|~DG~]No Timer Event Are Registed With TimerManeger
[SMPPCLINET1|TimerManeger.cpp|00107|26-11-2016 21:12:25:725|~DG~]No Timer Event Are Registed With TimerManeger
[SMPPCLINET1|TimerManeger.cpp|00107|26-11-2016 21:12:26:728|~DG~]No Timer Event Are Registed With TimerManeger
[SMPPCLINET1|TimerManeger.cpp|00107|26-11-2016 21:12:27:730|~DG~]No Timer Event Are Registed With TimerManeger
[SMPPCLINET1|TimerManeger.cpp|00107|26-11-2016 21:12:28:732|~DG~]No Timer Event Are Registed With TimerManeger
[SMPPCLINET1|TimerManeger.cpp|00107|26-11-2016 21:12:29:734|~DG~]No Timer Event Are Registed With TimerManeger
[SMPPCLINET1|TimerManeger.cpp|00107|26-11-2016 21:12:30:736|~DG~]No Timer Event Are Registed With TimerManeger
[SMPPCLINET1|TimerManeger.cpp|00107|26-11-2016 21:12:31:738|~DG~]No Timer Event Are Registed With TimerManeger
[SMPPCLINET1|TimerManeger.cpp|00107|26-11-2016 21:12:32:741|~DG~]No Timer Event Are Registed With TimerManeger
[SMPPCLINET1|TimerManeger.cpp|00107|26-11-2016 21:12:33:742|~DG~]No Timer Event Are Registed With TimerManeger
[SMPPCLINET1|TimerManeger.cpp|00107|26-11-2016 21:12:34:744|~DG~]No Timer Event Are Registed With TimerManeger
[SMPPCLINET1|TimerManeger.cpp|00107|26-11-2016 21:12:35:746|~DG~]No Timer Event Are Registed With TimerManeger
[SMPPCLINET1|TimerManeger.cpp|00107|26-11-2016 21:12:36:748|~DG~]No Timer Event Are Registed With TimerManeger
[SMPPCLINET1|TimerManeger.cpp|00107|26-11-2016 21:12:37:750|~DG~]No Timer Event Are Registed With TimerManeger
[SMPPCLINET1|TimerManeger.cpp|00107|26-11-2016 21:12:38:752|~DG~]No Timer Event Are Registed With TimerManeger
[SMPPCLINET1|TimerManeger.cpp|00107|26-11-2016 21:12:39:754|~DG~]No Timer Event Are Registed With TimerManeger
[SMPPCLINET1|TimerManeger.cpp|00107|26-11-2016 21:12:40:755|~DG~]No Timer Event Are Registed With TimerManeger
[SMPPCLINET1|TimerManeger.cpp|00107|26-11-2016 21:12:41:757|~DG~]No Timer Event Are Registed With TimerManeger
[SMPPCLINET1|TimerManeger.cpp|00107|26-11-2016 21:12:42:759|~DG~]No Timer Event Are Registed With TimerManeger
[SMPPCLINET1|TimerManeger.cpp|00107|26-11-2016 21:12:43:761|~DG~]No Timer Event Are Registed With TimerManeger
[SMPPCLINET1|TimerManeger.cpp|00107|26-11-2016 21:12:44:764|~DG~]No Timer Event Are Registed With TimerManeger
[SMPPCLINET1|TimerManeger.cpp|00107|26-11-2016 21:12:45:765|~DG~]No Timer Event Are Registed With TimerManeger
[SMPPCLINET1|TimerManeger.cpp|00107|26-11-2016 21:12:46:767|~DG~]No Timer Event Are Registed With TimerManeger
[SMPPCLINET1|TimerManeger.cpp|00107|26-11-2016 21:12:47:769|~DG~]No Timer Event Are Registed With TimerManeger
