[SMPPCLINET1|EsmeMain.cpp|00150|26-11-2016 21:20:26:480|~IN~]Version:V1.0
[SMPPCLINET1|EsmeMain.cpp|00151|26-11-2016 21:20:26:480|~IN~]Release Date:05-Apr-2014
[SMPPCLINET1|DBPoolManager.cpp|00013|26-11-2016 21:20:26:480|~IN~]Creating PoolManager object...
[SMPPCLINET1|DBPoolManager.cpp|00024|26-11-2016 21:20:26:480|~VB~]CDBPoolManager::mcfn_AddDB >>
[SMPPCLINET1|DBPoolManager.cpp|00029|26-11-2016 21:20:26:481|~VB~]CDBPoolManager::mcfn_AddDB <<
[SMPPCLINET1|EsmeMain.cpp|00155|26-11-2016 21:20:26:481|~VB~]PoolMgr Size:1
[SMPPCLINET1|Thread.cpp|00071|26-11-2016 21:20:26:481|~CR~]Started PrecessReceivedSmppPacketThread Thread:0
[SMPPCLINET1|DBConnPool.h|00049|26-11-2016 21:20:27:483|~VB~]Creating connection object
[SMPPCLINET1|DBPoolManager.cpp|00063|26-11-2016 21:20:27:486|~VB~]mesi_CurrentActiveIdx:0
[SMPPCLINET1|DBOperations.cpp|00085|26-11-2016 21:20:27:486|~VB~]DBConn:150232056,Idx:0
[SMPPCLINET1|DBOperations.cpp|00089|26-11-2016 21:20:27:486|~VB~]Executing Query:SELECT * from esme_details WHERE ESME_ID=1 limit 1
[SMPPCLINET1|DBOperations.cpp|00092|26-11-2016 21:20:27:486|~VB~]Executed SuccessFully
[SMPPCLINET1|DBPoolManager.cpp|00063|26-11-2016 21:20:27:487|~VB~]mesi_CurrentActiveIdx:0
[SMPPCLINET1|DBOperations.cpp|00085|26-11-2016 21:20:27:487|~VB~]DBConn:150232056,Idx:0
[SMPPCLINET1|DBOperations.cpp|00089|26-11-2016 21:20:27:487|~VB~]Executing Query:SELECT * from smsc_details WHERE SMSC_ID=1 limit 1
[SMPPCLINET1|TcpServer.cpp|00165|26-11-2016 21:20:27:487|~IN~]PublisherStartServerThread started...
[SMPPCLINET1|DBOperations.cpp|00092|26-11-2016 21:20:27:487|~VB~]Executed SuccessFully
[SMPPCLINET1|SMPP.cpp|00038|26-11-2016 21:20:27:487|~IN~]Loaded initial configuration sucessfully:1
[SMPPCLINET1|TcpClient.cpp|00083|26-11-2016 21:20:27:487|~IN~]Started mcfn_connectToSMPPThread
[SMPPCLINET1|TcpClient.cpp|00171|26-11-2016 21:20:27:488|~ER~][0]Error in Connecting to SMPP [127.0.0.1:3014]
[SMPPCLINET1|Thread.cpp|00071|26-11-2016 21:20:27:488|~CR~]Started ProcessReceivedMsgsThread Thread:0
[SMPPCLINET1|SMPP.cpp|00112|26-11-2016 21:20:27:488|~IN~]Started processReceivedMsgs Thread
[SMPPCLINET1|TcpClient.cpp|00171|26-11-2016 21:20:28:489|~ER~][1]Error in Connecting to SMPP [127.0.0.1:3014]
[SMPPCLINET1|Thread.cpp|00071|26-11-2016 21:20:28:489|~CR~]Started SendMsgToSmscThread Thread:1
[SMPPCLINET1|SMPP.cpp|00137|26-11-2016 21:20:28:490|~IN~]Started sendSmppMsgsToSmsc Thread
[SMPPCLINET1|TcpClient.cpp|00175|26-11-2016 21:20:29:496|~VB~][2]Connected to SMPP[127.0.0.1:3014]
[SMPPCLINET1|Thread.cpp|00071|26-11-2016 21:20:29:497|~CR~]Started RetryThread Thread:0
[SMPPCLINET1|RetryPlaner.cpp|00018|26-11-2016 21:20:30:498|~IN~]Loading retry plan from configuation
[SMPPCLINET1|DBConnPool.h|00084|26-11-2016 21:20:30:498|~IN~]Destroying the db connection
[SMPPCLINET1|DBConnPool.h|00049|26-11-2016 21:20:30:498|~VB~]Creating connection object
0000002b00000009000000000000000175737364636c69656e740070617373776f7264005452000a000000
[SMPPCLINET1|DBPoolManager.cpp|00063|26-11-2016 21:20:30:500|~VB~]mesi_CurrentActiveIdx:0
[SMPPCLINET1|DBConnPool.h|00049|26-11-2016 21:20:30:500|~VB~]Creating connection object
[SMPPCLINET1|DBOperations.cpp|00085|26-11-2016 21:20:30:500|~VB~]DBConn:150304416,Idx:0
[SMPPCLINET1|DBOperations.cpp|00089|26-11-2016 21:20:30:500|~VB~]Executing Query:SELECT * from menu_retry_plan WHERE status='A'
[SMPPCLINET1|DBPoolManager.cpp|00063|26-11-2016 21:20:30:501|~VB~]mesi_CurrentActiveIdx:0
[SMPPCLINET1|DBOperations.cpp|00085|26-11-2016 21:20:30:501|~VB~]DBConn:150304392,Idx:0
[SMPPCLINET1|DBOperations.cpp|00089|26-11-2016 21:20:30:501|~VB~]Executing Query:SELECT * from errorcode_details
[SMPPCLINET1|DBOperations.cpp|00092|26-11-2016 21:20:30:501|~VB~]Executed SuccessFully
[SMPPCLINET1|EsmeConnection.cpp|00057|26-11-2016 21:20:30:501|~IN~]Receiveing the data from SMPP[27]:cmdLength:27,cmdId:0x80000009,cmdStatus:0,mcsi_sessionId1:Error Not Configured
0000001b8000000900000000000000017465737441636f756e7400
[SMPPCLINET1|EsmeConnection.cpp|00118|26-11-2016 21:20:30:501|~IN~]Login Sucess With :testAcount
[SMPPCLINET1|DBOperations.cpp|00092|26-11-2016 21:20:30:501|~VB~]Executed SuccessFully
[SMPPCLINET1|RetryPlaner.cpp|00027|26-11-2016 21:20:30:501|~IN~]retry plans are configured :1
[SMPPCLINET1|RetryPlaner.cpp|00053|26-11-2016 21:20:30:501|~IN~]plan interval ration:1:1,interval  :10
[SMPPCLINET1|RetryPlaner.cpp|00101|26-11-2016 21:20:30:501|~IN~]Loading planner configurations
[SMPPCLINET1|DBPoolManager.cpp|00063|26-11-2016 21:20:30:501|~VB~]mesi_CurrentActiveIdx:0
[SMPPCLINET1|DBOperations.cpp|00085|26-11-2016 21:20:30:501|~VB~]DBConn:150304416,Idx:0
[SMPPCLINET1|DBOperations.cpp|00089|26-11-2016 21:20:30:501|~VB~]Executing Query:SELECT * from plan_profile WHERE  STATUS='A'
[SMPPCLINET1|DBOperations.cpp|00092|26-11-2016 21:20:30:501|~VB~]Executed SuccessFully
[SMPPCLINET1|RetryPlaner.cpp|00110|26-11-2016 21:20:30:501|~IN~]plan profiles are configured :1
[SMPPCLINET1|Thread.cpp|00071|26-11-2016 21:20:30:502|~CR~]Started CdrSendThread Thread:0
[SMPPCLINET1|EsmeMain.cpp|00062|26-11-2016 21:20:31:503|~IN~]loading MO Menus starts
[SMPPCLINET1|TcpClient.cpp|00083|26-11-2016 21:20:31:504|~IN~]Started mcfn_connectToCdrServerThread
[SMPPCLINET1|TcpClient.cpp|00175|26-11-2016 21:20:31:509|~VB~][0]Connected to CdrServer[127.0.0.1:4141]
[SMPPCLINET1|TcpClient.cpp|00134|26-11-2016 21:20:31:510|~VB~]Receiveing From CdrServer
[SMPPCLINET1|DBPoolManager.cpp|00063|26-11-2016 21:20:31:511|~VB~]mesi_CurrentActiveIdx:0
[SMPPCLINET1|DBOperations.cpp|00085|26-11-2016 21:20:31:511|~VB~]DBConn:150304416,Idx:0
[SMPPCLINET1|DBOperations.cpp|00089|26-11-2016 21:20:31:511|~VB~]Executing Query:SELECT * from mo_menu_map WHERE  STATUS = 'A'
[SMPPCLINET1|DBOperations.cpp|00092|26-11-2016 21:20:31:515|~VB~]Executed SuccessFully
[SMPPCLINET1|EsmeMain.cpp|00087|26-11-2016 21:20:31:515|~IN~]*667-->[icmuser:1257]
[SMPPCLINET1|EsmeMain.cpp|00095|26-11-2016 21:20:31:515|~IN~]loading MO Menus Ends
[SMPPCLINET1|TcpServer.cpp|00165|26-11-2016 21:20:31:517|~IN~]RELOADStartServerThread started...
[SMPPCLINET1|EsmeConnection.cpp|00057|26-11-2016 21:20:36:504|~IN~]Receiveing the data from SMPP[63]:cmdLength:63,cmdId:0x5,cmdStatus:0,mcsi_sessionId2:Error Not Configured
0000003f000000050000000000000002555353440001013931393439333032343730350000002a36363700000000000000000f00052a363637230501000101
0000001180000005000000000000000200
[SMPPCLINET1|EsmeConnection.cpp|00166|26-11-2016 21:20:37:502|~VB~]MO message checking for config:*667[*667#][MO][*667]
[SMPPCLINET1|Menu.cpp|00024|26-11-2016 21:20:37:502|~IN~]MO serice configured is icmuser:1257
[SMPPCLINET1|Menu.cpp|00187|26-11-2016 21:20:37:502|~IN~]Loading Menus for username:icmuser
[SMPPCLINET1|DBConnPool.h|00084|26-11-2016 21:20:37:502|~IN~]Destroying the db connection
[SMPPCLINET1|DBConnPool.h|00084|26-11-2016 21:20:37:502|~IN~]Destroying the db connection
[SMPPCLINET1|DBConnPool.h|00049|26-11-2016 21:20:37:502|~VB~]Creating connection object
[SMPPCLINET1|DBPoolManager.cpp|00063|26-11-2016 21:20:37:504|~VB~]mesi_CurrentActiveIdx:0
[SMPPCLINET1|DBOperations.cpp|00085|26-11-2016 21:20:37:505|~VB~]DBConn:150428680,Idx:0
[SMPPCLINET1|DBOperations.cpp|00089|26-11-2016 21:20:37:505|~VB~]Executing Query:SELECT DISTINCT(menu_service_code) from menu_details WHERE USER_NAME='icmuser' AND STATUS='A'
[SMPPCLINET1|DBOperations.cpp|00092|26-11-2016 21:20:37:506|~VB~]Executed SuccessFully
[SMPPCLINET1|Menu.cpp|00209|26-11-2016 21:20:37:506|~IN~]Loading Menu for username:icmuser,Service Code:1257
[SMPPCLINET1|DBPoolManager.cpp|00063|26-11-2016 21:20:37:506|~VB~]mesi_CurrentActiveIdx:0
[SMPPCLINET1|DBOperations.cpp|00085|26-11-2016 21:20:37:506|~VB~]DBConn:150428680,Idx:0
[SMPPCLINET1|DBOperations.cpp|00089|26-11-2016 21:20:37:506|~VB~]Executing Query:SELECT * from menu_details WHERE USER_NAME='icmuser' and MENU_SERVICE_CODE='1257' AND STATUS='A' order by menu_id
[SMPPCLINET1|DBOperations.cpp|00092|26-11-2016 21:20:37:507|~VB~]Executed SuccessFully
[SMPPCLINET1|Menu.cpp|00236|26-11-2016 21:20:37:507|~IN~]Menu Id:0,Dtmf:1,Node{Node Data:Songs,Node Msg:select your choice:,URL:,End Message:,nextMenuId:3}
[SMPPCLINET1|Menu.cpp|00236|26-11-2016 21:20:37:507|~IN~]Menu Id:0,Dtmf:2,Node{Node Data:Dailogs,Node Msg:,URL:,End Message:,nextMenuId:2}
[SMPPCLINET1|Menu.cpp|00236|26-11-2016 21:20:37:507|~IN~]Menu Id:1,Dtmf:1,Node{Node Data:Folk Songs,Node Msg:Select Song type,URL:,End Message:thanks for chosing Folk songs,nextMenuId:}
[SMPPCLINET1|Menu.cpp|00236|26-11-2016 21:20:37:507|~IN~]Menu Id:1,Dtmf:2,Node{Node Data:Melody Songs,Node Msg:,URL:,End Message:thanks for chosing melody songs,nextMenuId:}
[SMPPCLINET1|Menu.cpp|00236|26-11-2016 21:20:37:507|~IN~]Menu Id:2,Dtmf:1,Node{Node Data:Comedy,Node Msg: chose dailog type,URL:,End Message:thanks for chosing comedy dailogs,nextMenuId:}
[SMPPCLINET1|Menu.cpp|00236|26-11-2016 21:20:37:507|~IN~]Menu Id:2,Dtmf:2,Node{Node Data:warning,Node Msg:,URL:,End Message: thank for chosing warning dailogs,nextMenuId:}
[SMPPCLINET1|Menu.cpp|00236|26-11-2016 21:20:37:507|~IN~]Menu Id:3,Dtmf:-1,Node{Node Data:Enter your phone Number:,Node Msg:,URL:,End Message:,nextMenuId:2}
[SMPPCLINET1|EsmeConnection.cpp|00176|26-11-2016 21:20:37:508|~VB~]Message sending to server:1.Songsselect your choice:2.Dailogs
0000005d000000040000000000000002555353440000002a3636370001013931393439333032343730350000000000000000000023312e536f6e677373656c65637420796f75722063686f6963653a322e4461696c6f67730501000102
[SMPPCLINET1|TimerManeger.cpp|00024|26-11-2016 21:20:37:508|~IN~]Creating PoolManager object...
[SMPPCLINET1|TimerManeger.cpp|00072|26-11-2016 21:20:37:508|~VB~]Started Timer Check Thread
[SMPPCLINET1|TimerManeger.cpp|00107|26-11-2016 21:20:37:508|~DG~]No Timer Event Are Registed With TimerManeger
[SMPPCLINET1|TimerManeger.cpp|00051|26-11-2016 21:20:37:511|~DG~]Created and  adding to that:1480175497
[SMPPCLINET1|EsmeConnection.cpp|00057|26-11-2016 21:20:37:545|~IN~]Receiveing the data from SMPP[18]:cmdLength:18,cmdId:0x80000004,cmdStatus:0,mcsi_sessionId2:Error Not Configured
000000128000000400000000000000023000
[SMPPCLINET1|TimerManeger.cpp|00088|26-11-2016 21:20:38:511|~DG~]Time to get Evetn:59,1
[SMPPCLINET1|TimerManeger.cpp|00088|26-11-2016 21:20:39:513|~DG~]Time to get Evetn:58,1
[SMPPCLINET1|EsmeConnection.cpp|00057|26-11-2016 21:20:40:006|~IN~]Receiveing the data from SMPP[59]:cmdLength:59,cmdId:0x5,cmdStatus:0,mcsi_sessionId1:Error Not Configured
0000003b000000050000000000000001555353440001013931393439333032343730350000002a3636370000000000000000000001310501000112
[SMPPCLINET1|TimerManeger.cpp|00088|26-11-2016 21:20:40:515|~DG~]Time to get Evetn:57,1
0000001180000005000000000000000100
[SMPPCLINET1|EsmeConnection.cpp|00199|26-11-2016 21:20:40:518|~VB~]Received Continue Message:919493024705,UserInput:1
[SMPPCLINET1|EsmeConnection.cpp|00202|26-11-2016 21:20:40:518|~IN~]USSR Session found :919493024705,Analysing User Input:1
[SMPPCLINET1|TimerManeger.cpp|00061|26-11-2016 21:20:40:519|~DG~]Unregister Call came with :1480175497,0x8f6eb10
[SMPPCLINET1|TimerManeger.cpp|00066|26-11-2016 21:20:40:519|~DG~]Created and  adding to that:1480175497,0x8f6eb10
[SMPPCLINET1|EsmeConnection.cpp|00246|26-11-2016 21:20:40:519|~IN~]Session found :919493024705,Sending Continue Message :Enter your phone Number:
0000005200000004000000000000000355535344000000313235370001013931393439333032343730350000000000000000000018456e74657220796f75722070686f6e65204e756d6265723a0501000102
[SMPPCLINET1|TimerManeger.cpp|00051|26-11-2016 21:20:40:519|~DG~]Created and  adding to that:1480175500
[SMPPCLINET1|EsmeConnection.cpp|00057|26-11-2016 21:20:40:561|~IN~]Receiveing the data from SMPP[18]:cmdLength:18,cmdId:0x80000004,cmdStatus:0,mcsi_sessionId3:Error Not Configured
000000128000000400000000000000033000
[SMPPCLINET1|TimerManeger.cpp|00088|26-11-2016 21:20:41:518|~DG~]Time to get Evetn:59,1
[SMPPCLINET1|EsmeConnection.cpp|00057|26-11-2016 21:20:42:379|~IN~]Receiveing the data from SMPP[60]:cmdLength:60,cmdId:0x5,cmdStatus:0,mcsi_sessionId2:Error Not Configured
0000003c0000000500000000000000025553534400010139313934393330323437303500000031323537000000000000000000000261730501000112
[SMPPCLINET1|TimerManeger.cpp|00088|26-11-2016 21:20:42:520|~DG~]Time to get Evetn:58,1
0000001180000005000000000000000200
[SMPPCLINET1|EsmeConnection.cpp|00199|26-11-2016 21:20:42:524|~VB~]Received Continue Message:919493024705,UserInput:as
[SMPPCLINET1|EsmeConnection.cpp|00202|26-11-2016 21:20:42:525|~IN~]USSR Session found :919493024705,Analysing User Input:as
[SMPPCLINET1|Menu.cpp|00076|26-11-2016 21:20:42:525|~CR~]User Input is having non-digit data:as[4]
[SMPPCLINET1|Menu.cpp|00140|26-11-2016 21:20:42:525|~CR~]UserInput is invalid {input:as,menu Id:3,username:icmuser,serviceCode:1257}
[SMPPCLINET1|TimerManeger.cpp|00061|26-11-2016 21:20:42:525|~DG~]Unregister Call came with :1480175500,0x8f6eb10
[SMPPCLINET1|TimerManeger.cpp|00066|26-11-2016 21:20:42:525|~DG~]Created and  adding to that:1480175500,0x8f6eb10
[SMPPCLINET1|EsmeConnection.cpp|00246|26-11-2016 21:20:42:525|~IN~]Session found :919493024705,Sending Continue Message :Invalid Input,Enter your phone Number:
0000006000000004000000000000000455535344000000313235370001013931393439333032343730350000000000000000000026496e76616c696420496e7075742c456e74657220796f75722070686f6e65204e756d6265723a0501000102
[SMPPCLINET1|TimerManeger.cpp|00051|26-11-2016 21:20:42:525|~DG~]Created and  adding to that:1480175502
[SMPPCLINET1|EsmeConnection.cpp|00057|26-11-2016 21:20:42:565|~IN~]Receiveing the data from SMPP[18]:cmdLength:18,cmdId:0x80000004,cmdStatus:0,mcsi_sessionId4:Error Not Configured
000000128000000400000000000000043000
[SMPPCLINET1|TimerManeger.cpp|00088|26-11-2016 21:20:43:523|~DG~]Time to get Evetn:59,1
[SMPPCLINET1|TimerManeger.cpp|00088|26-11-2016 21:20:44:525|~DG~]Time to get Evetn:58,1
[SMPPCLINET1|TimerManeger.cpp|00088|26-11-2016 21:20:45:526|~DG~]Time to get Evetn:57,1
[SMPPCLINET1|TimerManeger.cpp|00088|26-11-2016 21:20:46:529|~DG~]Time to get Evetn:56,1
[SMPPCLINET1|EsmeConnection.cpp|00057|26-11-2016 21:20:47:103|~IN~]Receiveing the data from SMPP[68]:cmdLength:68,cmdId:0x5,cmdStatus:0,mcsi_sessionId3:Error Not Configured
000000440000000500000000000000035553534400010139313934393330323437303500000031323537000000000000000000000a373637363732343631340501000112
[SMPPCLINET1|TimerManeger.cpp|00088|26-11-2016 21:20:47:530|~DG~]Time to get Evetn:55,1
0000001180000005000000000000000300
[SMPPCLINET1|EsmeConnection.cpp|00199|26-11-2016 21:20:47:536|~VB~]Received Continue Message:919493024705,UserInput:7676724614
[SMPPCLINET1|EsmeConnection.cpp|00202|26-11-2016 21:20:47:536|~IN~]USSR Session found :919493024705,Analysing User Input:7676724614
[SMPPCLINET1|TimerManeger.cpp|00061|26-11-2016 21:20:47:536|~DG~]Unregister Call came with :1480175502,0x8f6eb10
[SMPPCLINET1|TimerManeger.cpp|00066|26-11-2016 21:20:47:536|~DG~]Created and  adding to that:1480175502,0x8f6eb10
[SMPPCLINET1|EsmeConnection.cpp|00246|26-11-2016 21:20:47:537|~IN~]Session found :919493024705,Sending Continue Message :1.Comedy chose dailog type2.warning
0000005d00000004000000000000000555535344000000313235370001013931393439333032343730350000000000000000000023312e436f6d6564792063686f7365206461696c6f672074797065322e7761726e696e670501000102
[SMPPCLINET1|TimerManeger.cpp|00051|26-11-2016 21:20:47:537|~DG~]Created and  adding to that:1480175507
[SMPPCLINET1|EsmeConnection.cpp|00057|26-11-2016 21:20:47:576|~IN~]Receiveing the data from SMPP[18]:cmdLength:18,cmdId:0x80000004,cmdStatus:0,mcsi_sessionId5:Error Not Configured
000000128000000400000000000000053000
[SMPPCLINET1|TimerManeger.cpp|00088|26-11-2016 21:20:48:532|~DG~]Time to get Evetn:59,1
[SMPPCLINET1|TimerManeger.cpp|00088|26-11-2016 21:20:49:534|~DG~]Time to get Evetn:58,1
[SMPPCLINET1|TimerManeger.cpp|00088|26-11-2016 21:20:50:536|~DG~]Time to get Evetn:57,1
[SMPPCLINET1|EsmeConnection.cpp|00057|26-11-2016 21:20:50:907|~IN~]Receiveing the data from SMPP[59]:cmdLength:59,cmdId:0x5,cmdStatus:0,mcsi_sessionId4:Error Not Configured
0000003b00000005000000000000000455535344000101393139343933303234373035000000313235370000000000000000000001310501000112
[SMPPCLINET1|TimerManeger.cpp|00088|26-11-2016 21:20:51:538|~DG~]Time to get Evetn:56,1
0000001180000005000000000000000400
[SMPPCLINET1|EsmeConnection.cpp|00199|26-11-2016 21:20:51:545|~VB~]Received Continue Message:919493024705,UserInput:1
[SMPPCLINET1|EsmeConnection.cpp|00202|26-11-2016 21:20:51:545|~IN~]USSR Session found :919493024705,Analysing User Input:1
[SMPPCLINET1|Menu.cpp|00128|26-11-2016 21:20:51:546|~DG~]Node Found:Node Data:Comedy,Node Msg: chose dailog type,URL:,End Message:thanks for chosing comedy dailogs,nextMenuId:
[SMPPCLINET1|TimerManeger.cpp|00061|26-11-2016 21:20:51:546|~DG~]Unregister Call came with :1480175507,0x8f6eb10
[SMPPCLINET1|TimerManeger.cpp|00066|26-11-2016 21:20:51:546|~DG~]Created and  adding to that:1480175507,0x8f6eb10
[SMPPCLINET1|EsmeConnection.cpp|00216|26-11-2016 21:20:51:546|~IN~]Session found :919493024705[cdr:0],Sending Continue Message :thanks for chosing comedy dailogs
0000005b000000040000000000000006555353440000003132353700010139313934393330323437303500000000000000000000217468616e6b7320666f722063686f73696e6720636f6d656479206461696c6f67730501000111
[SMPPCLINET1|TcpClient.cpp|00189|26-11-2016 21:20:51:546|~VB~]Sending Length:98
[SMPPCLINET1|CdrClient.cpp|00046|26-11-2016 21:20:51:546|~IN~][0]Sent to Cdr Server:msg_type: USSD_SUBMIT submit_msg { task_id: 0 msg_id: 1 oa: "MO" da: "919493024705" msg: "*667*1*7676724614*1" interface_id: 10 msg_type: 2 srv_code: "1257" username: "icmuser" status: 0 submit_time: 1480175437 submit_msgid: 1 session_endtime: 1480175451 sender_sessionid: 1 receiver_sessionid: 1 service_url: "" }
[SMPPCLINET1|EsmeConnection.cpp|00057|26-11-2016 21:20:51:585|~IN~]Receiveing the data from SMPP[18]:cmdLength:18,cmdId:0x80000004,cmdStatus:0,mcsi_sessionId6:Error Not Configured
000000128000000400000000000000063000
[SMPPCLINET1|TimerManeger.cpp|00107|26-11-2016 21:20:52:540|~DG~]No Timer Event Are Registed With TimerManeger
[SMPPCLINET1|TimerManeger.cpp|00107|26-11-2016 21:20:53:543|~DG~]No Timer Event Are Registed With TimerManeger
[SMPPCLINET1|TimerManeger.cpp|00107|26-11-2016 21:20:54:544|~DG~]No Timer Event Are Registed With TimerManeger
[SMPPCLINET1|TimerManeger.cpp|00107|26-11-2016 21:20:55:546|~DG~]No Timer Event Are Registed With TimerManeger
