[RECORDER10|CdrMain.cpp|00141|30-03-2016 18:52:07:843|~IN~]Version:V1.0
[RECORDER10|CdrMain.cpp|00142|30-03-2016 18:52:07:843|~IN~]Release Date:05-Apr-2014
[RECORDER10|TcpServer.cpp|00165|30-03-2016 18:52:07:856|~IN~]StartServerThread started...
[RECORDER10|CdrMain.cpp|00110|30-03-2016 18:52:07:856|~IN~]Starting fnG_checkFiletoChange
[RECORDER10|CdrMain.cpp|00042|30-03-2016 18:52:07:856|~IN~]Started fnG_processCdrMsgsThread 
[RECORDER10|TcpServer.cpp|00202|30-03-2016 18:52:12:872|~IN~] Client connected from 
[RECORDER10|TcpServer.cpp|00223|30-03-2016 18:52:12:872|~IN~]Started ClientThread[0x9050d28]
[RECORDER10|TcpServer.cpp|00093|30-03-2016 18:52:12:872|~VB~]Receiveing From 
[RECORDER10|WriteFile.cpp|00349|30-03-2016 18:52:17:858|~IN~]Checking all files which are crossed the time to close
[RECORDER10|WriteFile.cpp|00349|30-03-2016 18:52:17:858|~IN~]Checking all files which are crossed the time to close
[RECORDER10|WriteFile.cpp|00349|30-03-2016 18:52:17:858|~IN~]Checking all files which are crossed the time to close
[RECORDER10|WriteFile.cpp|00349|30-03-2016 18:52:27:860|~IN~]Checking all files which are crossed the time to close
[RECORDER10|WriteFile.cpp|00349|30-03-2016 18:52:27:860|~IN~]Checking all files which are crossed the time to close
[RECORDER10|WriteFile.cpp|00349|30-03-2016 18:52:27:860|~IN~]Checking all files which are crossed the time to close
[RECORDER10|WriteFile.cpp|00349|30-03-2016 18:52:37:861|~IN~]Checking all files which are crossed the time to close
[RECORDER10|WriteFile.cpp|00349|30-03-2016 18:52:37:861|~IN~]Checking all files which are crossed the time to close
[RECORDER10|WriteFile.cpp|00349|30-03-2016 18:52:37:861|~IN~]Checking all files which are crossed the time to close
[RECORDER10|WriteFile.cpp|00349|30-03-2016 18:52:47:862|~IN~]Checking all files which are crossed the time to close
[RECORDER10|WriteFile.cpp|00349|30-03-2016 18:52:47:862|~IN~]Checking all files which are crossed the time to close
[RECORDER10|WriteFile.cpp|00349|30-03-2016 18:52:47:862|~IN~]Checking all files which are crossed the time to close
[RECORDER10|WriteFile.cpp|00349|30-03-2016 18:52:57:864|~IN~]Checking all files which are crossed the time to close
[RECORDER10|WriteFile.cpp|00349|30-03-2016 18:52:57:864|~IN~]Checking all files which are crossed the time to close
[RECORDER10|WriteFile.cpp|00349|30-03-2016 18:52:57:864|~IN~]Checking all files which are crossed the time to close
[RECORDER10|WriteFile.cpp|00349|30-03-2016 18:53:07:867|~IN~]Checking all files which are crossed the time to close
[RECORDER10|WriteFile.cpp|00349|30-03-2016 18:53:07:867|~IN~]Checking all files which are crossed the time to close
[RECORDER10|WriteFile.cpp|00349|30-03-2016 18:53:07:867|~IN~]Checking all files which are crossed the time to close
[RECORDER10|WriteFile.cpp|00349|30-03-2016 18:53:17:867|~IN~]Checking all files which are crossed the time to close
[RECORDER10|WriteFile.cpp|00349|30-03-2016 18:53:17:867|~IN~]Checking all files which are crossed the time to close
[RECORDER10|WriteFile.cpp|00349|30-03-2016 18:53:17:867|~IN~]Checking all files which are crossed the time to close
[RECORDER10|WriteFile.cpp|00349|30-03-2016 18:53:27:869|~IN~]Checking all files which are crossed the time to close
[RECORDER10|WriteFile.cpp|00349|30-03-2016 18:53:27:869|~IN~]Checking all files which are crossed the time to close
[RECORDER10|WriteFile.cpp|00349|30-03-2016 18:53:27:869|~IN~]Checking all files which are crossed the time to close
[RECORDER10|WriteFile.cpp|00349|30-03-2016 18:53:37:871|~IN~]Checking all files which are crossed the time to close
[RECORDER10|WriteFile.cpp|00349|30-03-2016 18:53:37:871|~IN~]Checking all files which are crossed the time to close
[RECORDER10|WriteFile.cpp|00349|30-03-2016 18:53:37:871|~IN~]Checking all files which are crossed the time to close
[RECORDER10|WriteFile.cpp|00349|30-03-2016 18:53:47:872|~IN~]Checking all files which are crossed the time to close
[RECORDER10|WriteFile.cpp|00349|30-03-2016 18:53:47:872|~IN~]Checking all files which are crossed the time to close
[RECORDER10|WriteFile.cpp|00349|30-03-2016 18:53:47:872|~IN~]Checking all files which are crossed the time to close
[RECORDER10|WriteFile.cpp|00349|30-03-2016 18:53:57:873|~IN~]Checking all files which are crossed the time to close
[RECORDER10|WriteFile.cpp|00349|30-03-2016 18:53:57:873|~IN~]Checking all files which are crossed the time to close
[RECORDER10|WriteFile.cpp|00349|30-03-2016 18:53:57:873|~IN~]Checking all files which are crossed the time to close
[RECORDER10|WriteFile.cpp|00349|30-03-2016 18:54:07:875|~IN~]Checking all files which are crossed the time to close
[RECORDER10|WriteFile.cpp|00349|30-03-2016 18:54:07:875|~IN~]Checking all files which are crossed the time to close
[RECORDER10|WriteFile.cpp|00349|30-03-2016 18:54:07:875|~IN~]Checking all files which are crossed the time to close
[RECORDER10|WriteFile.cpp|00349|30-03-2016 18:54:17:880|~IN~]Checking all files which are crossed the time to close
[RECORDER10|WriteFile.cpp|00349|30-03-2016 18:54:17:881|~IN~]Checking all files which are crossed the time to close
[RECORDER10|WriteFile.cpp|00349|30-03-2016 18:54:17:881|~IN~]Checking all files which are crossed the time to close
[RECORDER10|WriteFile.cpp|00349|30-03-2016 18:54:27:882|~IN~]Checking all files which are crossed the time to close
[RECORDER10|WriteFile.cpp|00349|30-03-2016 18:54:27:882|~IN~]Checking all files which are crossed the time to close
[RECORDER10|WriteFile.cpp|00349|30-03-2016 18:54:27:882|~IN~]Checking all files which are crossed the time to close
[RECORDER10|WriteFile.cpp|00349|30-03-2016 18:54:37:884|~IN~]Checking all files which are crossed the time to close
[RECORDER10|WriteFile.cpp|00349|30-03-2016 18:54:37:884|~IN~]Checking all files which are crossed the time to close
[RECORDER10|WriteFile.cpp|00349|30-03-2016 18:54:37:884|~IN~]Checking all files which are crossed the time to close
[RECORDER10|WriteFile.cpp|00349|30-03-2016 18:54:47:885|~IN~]Checking all files which are crossed the time to close
[RECORDER10|WriteFile.cpp|00349|30-03-2016 18:54:47:885|~IN~]Checking all files which are crossed the time to close
[RECORDER10|WriteFile.cpp|00349|30-03-2016 18:54:47:885|~IN~]Checking all files which are crossed the time to close
[RECORDER10|WriteFile.cpp|00349|30-03-2016 18:54:57:886|~IN~]Checking all files which are crossed the time to close
[RECORDER10|WriteFile.cpp|00349|30-03-2016 18:54:57:886|~IN~]Checking all files which are crossed the time to close
[RECORDER10|WriteFile.cpp|00349|30-03-2016 18:54:57:886|~IN~]Checking all files which are crossed the time to close
[RECORDER10|WriteFile.cpp|00349|30-03-2016 18:55:07:887|~IN~]Checking all files which are crossed the time to close
[RECORDER10|WriteFile.cpp|00349|30-03-2016 18:55:07:888|~IN~]Checking all files which are crossed the time to close
[RECORDER10|WriteFile.cpp|00349|30-03-2016 18:55:07:888|~IN~]Checking all files which are crossed the time to close
[RECORDER10|WriteFile.cpp|00349|30-03-2016 18:55:17:890|~IN~]Checking all files which are crossed the time to close
[RECORDER10|WriteFile.cpp|00349|30-03-2016 18:55:17:890|~IN~]Checking all files which are crossed the time to close
[RECORDER10|WriteFile.cpp|00349|30-03-2016 18:55:17:890|~IN~]Checking all files which are crossed the time to close
[RECORDER10|WriteFile.cpp|00349|30-03-2016 18:55:27:892|~IN~]Checking all files which are crossed the time to close
[RECORDER10|WriteFile.cpp|00349|30-03-2016 18:55:27:892|~IN~]Checking all files which are crossed the time to close
[RECORDER10|WriteFile.cpp|00349|30-03-2016 18:55:27:892|~IN~]Checking all files which are crossed the time to close
[RECORDER10|WriteFile.cpp|00349|30-03-2016 18:55:37:894|~IN~]Checking all files which are crossed the time to close
[RECORDER10|WriteFile.cpp|00349|30-03-2016 18:55:37:894|~IN~]Checking all files which are crossed the time to close
[RECORDER10|WriteFile.cpp|00349|30-03-2016 18:55:37:894|~IN~]Checking all files which are crossed the time to close
[RECORDER10|WriteFile.cpp|00349|30-03-2016 18:55:47:896|~IN~]Checking all files which are crossed the time to close
[RECORDER10|WriteFile.cpp|00349|30-03-2016 18:55:47:896|~IN~]Checking all files which are crossed the time to close
[RECORDER10|WriteFile.cpp|00349|30-03-2016 18:55:47:896|~IN~]Checking all files which are crossed the time to close
[RECORDER10|WriteFile.cpp|00349|30-03-2016 18:55:57:897|~IN~]Checking all files which are crossed the time to close
[RECORDER10|WriteFile.cpp|00349|30-03-2016 18:55:57:898|~IN~]Checking all files which are crossed the time to close
[RECORDER10|WriteFile.cpp|00349|30-03-2016 18:55:57:898|~IN~]Checking all files which are crossed the time to close
[RECORDER10|WriteFile.cpp|00349|30-03-2016 18:56:07:899|~IN~]Checking all files which are crossed the time to close
[RECORDER10|WriteFile.cpp|00349|30-03-2016 18:56:07:899|~IN~]Checking all files which are crossed the time to close
[RECORDER10|WriteFile.cpp|00349|30-03-2016 18:56:07:899|~IN~]Checking all files which are crossed the time to close
[RECORDER10|WriteFile.cpp|00349|30-03-2016 18:56:17:901|~IN~]Checking all files which are crossed the time to close
[RECORDER10|WriteFile.cpp|00349|30-03-2016 18:56:17:901|~IN~]Checking all files which are crossed the time to close
[RECORDER10|WriteFile.cpp|00349|30-03-2016 18:56:17:901|~IN~]Checking all files which are crossed the time to close
[RECORDER10|WriteFile.cpp|00349|30-03-2016 18:56:27:903|~IN~]Checking all files which are crossed the time to close
[RECORDER10|WriteFile.cpp|00349|30-03-2016 18:56:27:903|~IN~]Checking all files which are crossed the time to close
[RECORDER10|WriteFile.cpp|00349|30-03-2016 18:56:27:903|~IN~]Checking all files which are crossed the time to close
[RECORDER10|WriteFile.cpp|00349|30-03-2016 18:56:37:904|~IN~]Checking all files which are crossed the time to close
[RECORDER10|WriteFile.cpp|00349|30-03-2016 18:56:37:904|~IN~]Checking all files which are crossed the time to close
[RECORDER10|WriteFile.cpp|00349|30-03-2016 18:56:37:904|~IN~]Checking all files which are crossed the time to close
[RECORDER10|WriteFile.cpp|00349|30-03-2016 18:56:47:906|~IN~]Checking all files which are crossed the time to close
[RECORDER10|WriteFile.cpp|00349|30-03-2016 18:56:47:906|~IN~]Checking all files which are crossed the time to close
[RECORDER10|WriteFile.cpp|00349|30-03-2016 18:56:47:906|~IN~]Checking all files which are crossed the time to close
[RECORDER10|WriteFile.cpp|00349|30-03-2016 18:56:57:908|~IN~]Checking all files which are crossed the time to close
[RECORDER10|WriteFile.cpp|00349|30-03-2016 18:56:57:908|~IN~]Checking all files which are crossed the time to close
[RECORDER10|WriteFile.cpp|00349|30-03-2016 18:56:57:908|~IN~]Checking all files which are crossed the time to close
[RECORDER10|WriteFile.cpp|00349|30-03-2016 18:57:07:909|~IN~]Checking all files which are crossed the time to close
[RECORDER10|WriteFile.cpp|00349|30-03-2016 18:57:07:909|~IN~]Checking all files which are crossed the time to close
[RECORDER10|WriteFile.cpp|00349|30-03-2016 18:57:07:909|~IN~]Checking all files which are crossed the time to close
[RECORDER10|WriteFile.cpp|00349|30-03-2016 18:57:17:912|~IN~]Checking all files which are crossed the time to close
[RECORDER10|WriteFile.cpp|00349|30-03-2016 18:57:17:912|~IN~]Checking all files which are crossed the time to close
[RECORDER10|WriteFile.cpp|00349|30-03-2016 18:57:17:912|~IN~]Checking all files which are crossed the time to close
[RECORDER10|WriteFile.cpp|00349|30-03-2016 18:57:27:914|~IN~]Checking all files which are crossed the time to close
[RECORDER10|WriteFile.cpp|00349|30-03-2016 18:57:27:914|~IN~]Checking all files which are crossed the time to close
[RECORDER10|WriteFile.cpp|00349|30-03-2016 18:57:27:914|~IN~]Checking all files which are crossed the time to close
[RECORDER10|WriteFile.cpp|00349|30-03-2016 18:57:37:915|~IN~]Checking all files which are crossed the time to close
[RECORDER10|WriteFile.cpp|00349|30-03-2016 18:57:37:915|~IN~]Checking all files which are crossed the time to close
[RECORDER10|WriteFile.cpp|00349|30-03-2016 18:57:37:915|~IN~]Checking all files which are crossed the time to close
[RECORDER10|WriteFile.cpp|00349|30-03-2016 18:57:47:916|~IN~]Checking all files which are crossed the time to close
[RECORDER10|WriteFile.cpp|00349|30-03-2016 18:57:47:916|~IN~]Checking all files which are crossed the time to close
[RECORDER10|WriteFile.cpp|00349|30-03-2016 18:57:47:916|~IN~]Checking all files which are crossed the time to close
[RECORDER10|WriteFile.cpp|00349|30-03-2016 18:57:57:918|~IN~]Checking all files which are crossed the time to close
[RECORDER10|WriteFile.cpp|00349|30-03-2016 18:57:57:918|~IN~]Checking all files which are crossed the time to close
[RECORDER10|WriteFile.cpp|00349|30-03-2016 18:57:57:918|~IN~]Checking all files which are crossed the time to close
[RECORDER10|WriteFile.cpp|00349|30-03-2016 18:58:07:920|~IN~]Checking all files which are crossed the time to close
[RECORDER10|WriteFile.cpp|00349|30-03-2016 18:58:07:920|~IN~]Checking all files which are crossed the time to close
[RECORDER10|WriteFile.cpp|00349|30-03-2016 18:58:07:920|~IN~]Checking all files which are crossed the time to close
[RECORDER10|WriteFile.cpp|00349|30-03-2016 18:58:17:921|~IN~]Checking all files which are crossed the time to close
[RECORDER10|WriteFile.cpp|00349|30-03-2016 18:58:17:921|~IN~]Checking all files which are crossed the time to close
[RECORDER10|WriteFile.cpp|00349|30-03-2016 18:58:17:921|~IN~]Checking all files which are crossed the time to close
[RECORDER10|WriteFile.cpp|00349|30-03-2016 18:58:27:922|~IN~]Checking all files which are crossed the time to close
[RECORDER10|WriteFile.cpp|00349|30-03-2016 18:58:27:922|~IN~]Checking all files which are crossed the time to close
[RECORDER10|WriteFile.cpp|00349|30-03-2016 18:58:27:922|~IN~]Checking all files which are crossed the time to close
[RECORDER10|WriteFile.cpp|00349|30-03-2016 18:58:37:924|~IN~]Checking all files which are crossed the time to close
[RECORDER10|WriteFile.cpp|00349|30-03-2016 18:58:37:924|~IN~]Checking all files which are crossed the time to close
[RECORDER10|WriteFile.cpp|00349|30-03-2016 18:58:37:924|~IN~]Checking all files which are crossed the time to close
[RECORDER10|WriteFile.cpp|00349|30-03-2016 18:58:47:925|~IN~]Checking all files which are crossed the time to close
[RECORDER10|WriteFile.cpp|00349|30-03-2016 18:58:47:925|~IN~]Checking all files which are crossed the time to close
[RECORDER10|WriteFile.cpp|00349|30-03-2016 18:58:47:925|~IN~]Checking all files which are crossed the time to close
[RECORDER10|WriteFile.cpp|00349|30-03-2016 18:58:57:927|~IN~]Checking all files which are crossed the time to close
[RECORDER10|WriteFile.cpp|00349|30-03-2016 18:58:57:928|~IN~]Checking all files which are crossed the time to close
[RECORDER10|WriteFile.cpp|00349|30-03-2016 18:58:57:928|~IN~]Checking all files which are crossed the time to close
[RECORDER10|WriteFile.cpp|00349|30-03-2016 18:59:07:930|~IN~]Checking all files which are crossed the time to close
[RECORDER10|WriteFile.cpp|00349|30-03-2016 18:59:07:930|~IN~]Checking all files which are crossed the time to close
[RECORDER10|WriteFile.cpp|00349|30-03-2016 18:59:07:930|~IN~]Checking all files which are crossed the time to close
[RECORDER10|CdrServer.cpp|00022|30-03-2016 18:59:08:702|~VB~]Received Data:msg_type: USSD_SUBMIT submit_msg { task_id: 2 msg_id: 0 oa: "HTTP" da: "12121212" msg: "1257*1*1" interface_id: 4 reg_del: 1 channel_id: 2 expiry_time: 1459446941 pid: 0 dcs: 21 lang_id: 0 task_name: "HttpPush" msg_type: 2 srv_code: "1257" username: "icmuser" status: 0 submit_time: 1459344541 submit_msgid: 1 session_endtime: 1459344548 sender_sessionid: 1 receiver_sessionid: -1 service_url: "" }
[RECORDER10|TcpServer.cpp|00093|30-03-2016 18:59:08:703|~VB~]Receiveing From 
[RECORDER10|CdrMain.cpp|00036|30-03-2016 18:59:08:707|~VB~]Timestamp String: 2016-03-30 18:59:01
[RECORDER10|CdrMain.cpp|00036|30-03-2016 18:59:08:707|~VB~]Timestamp String: 2016-03-30 18:59:08
[RECORDER10|CdrMain.cpp|00082|30-03-2016 18:59:08:794|~VB~]Generated Ussd Submit CDR Sucessfully:msg_type: USSD_SUBMIT submit_msg { task_id: 2 msg_id: 0 oa: "HTTP" da: "12121212" msg: "1257*1*1" interface_id: 4 reg_del: 1 channel_id: 2 expiry_time: 1459446941 pid: 0 dcs: 21 lang_id: 0 task_name: "HttpPush" msg_type: 2 srv_code: "1257" username: "icmuser" status: 0 submit_time: 1459344541 submit_msgid: 1 session_endtime: 1459344548 sender_sessionid: 1 receiver_sessionid: -1 service_url: "" }
[RECORDER10|WriteFile.cpp|00349|30-03-2016 18:59:17:931|~IN~]Checking all files which are crossed the time to close
[RECORDER10|WriteFile.cpp|00349|30-03-2016 18:59:17:931|~IN~]Checking all files which are crossed the time to close
[RECORDER10|WriteFile.cpp|00349|30-03-2016 18:59:17:931|~IN~]Checking all files which are crossed the time to close
[RECORDER10|WriteFile.cpp|00349|30-03-2016 18:59:27:932|~IN~]Checking all files which are crossed the time to close
[RECORDER10|WriteFile.cpp|00349|30-03-2016 18:59:27:932|~IN~]Checking all files which are crossed the time to close
[RECORDER10|WriteFile.cpp|00171|30-03-2016 18:59:27:932|~IN~]File closed and renamed as ./Files/USSDSUBMIT_2016_03_30_18_59_01_1.TXT
[RECORDER10|WriteFile.cpp|00349|30-03-2016 18:59:27:932|~IN~]Checking all files which are crossed the time to close
[RECORDER10|WriteFile.cpp|00349|30-03-2016 18:59:37:934|~IN~]Checking all files which are crossed the time to close
[RECORDER10|WriteFile.cpp|00349|30-03-2016 18:59:37:934|~IN~]Checking all files which are crossed the time to close
[RECORDER10|WriteFile.cpp|00349|30-03-2016 18:59:37:934|~IN~]Checking all files which are crossed the time to close
[RECORDER10|WriteFile.cpp|00349|30-03-2016 18:59:47:935|~IN~]Checking all files which are crossed the time to close
[RECORDER10|WriteFile.cpp|00349|30-03-2016 18:59:47:935|~IN~]Checking all files which are crossed the time to close
[RECORDER10|WriteFile.cpp|00349|30-03-2016 18:59:47:935|~IN~]Checking all files which are crossed the time to close
[RECORDER10|WriteFile.cpp|00349|30-03-2016 18:59:57:937|~IN~]Checking all files which are crossed the time to close
[RECORDER10|WriteFile.cpp|00349|30-03-2016 18:59:57:937|~IN~]Checking all files which are crossed the time to close
[RECORDER10|WriteFile.cpp|00349|30-03-2016 18:59:57:937|~IN~]Checking all files which are crossed the time to close
[RECORDER10|WriteFile.cpp|00349|30-03-2016 19:00:07:939|~IN~]Checking all files which are crossed the time to close
[RECORDER10|WriteFile.cpp|00349|30-03-2016 19:00:07:939|~IN~]Checking all files which are crossed the time to close
[RECORDER10|WriteFile.cpp|00349|30-03-2016 19:00:07:939|~IN~]Checking all files which are crossed the time to close
[RECORDER10|CdrServer.cpp|00022|30-03-2016 19:00:09:871|~VB~]Received Data:msg_type: USSD_SUBMIT submit_msg { task_id: 2 msg_id: 0 oa: "HTTP" da: "12121212" msg: "1257*1*1" interface_id: 4 reg_del: 1 channel_id: 2 expiry_time: 1459447000 pid: 0 dcs: 21 lang_id: 0 task_name: "HttpPush" msg_type: 2 srv_code: "1257" username: "icmuser" status: 0 submit_time: 1459344600 submit_msgid: 2 session_endtime: 1459344609 sender_sessionid: 2 receiver_sessionid: -1 service_url: "http://127.0.0.1:8080?MSISDN=12121212,UNIQUE_ID=0,STATUS=0,TRAVERSOL_PATH1257*1*1" service_url_status: 1001 }
[RECORDER10|TcpServer.cpp|00093|30-03-2016 19:00:09:872|~VB~]Receiveing From 
[RECORDER10|CdrMain.cpp|00036|30-03-2016 19:00:09:872|~VB~]Timestamp String: 2016-03-30 19:00:00
[RECORDER10|CdrMain.cpp|00036|30-03-2016 19:00:09:872|~VB~]Timestamp String: 2016-03-30 19:00:09
[RECORDER10|CdrMain.cpp|00082|30-03-2016 19:00:09:872|~VB~]Generated Ussd Submit CDR Sucessfully:msg_type: USSD_SUBMIT submit_msg { task_id: 2 msg_id: 0 oa: "HTTP" da: "12121212" msg: "1257*1*1" interface_id: 4 reg_del: 1 channel_id: 2 expiry_time: 1459447000 pid: 0 dcs: 21 lang_id: 0 task_name: "HttpPush" msg_type: 2 srv_code: "1257" username: "icmuser" status: 0 submit_time: 1459344600 submit_msgid: 2 session_endtime: 1459344609 sender_sessionid: 2 receiver_sessionid: -1 service_url: "http://127.0.0.1:8080?MSISDN=12121212,UNIQUE_ID=0,STATUS=0,TRAVERSOL_PATH1257*1*1" service_url_status: 1001 }
[RECORDER10|WriteFile.cpp|00349|30-03-2016 19:00:17:940|~IN~]Checking all files which are crossed the time to close
[RECORDER10|WriteFile.cpp|00349|30-03-2016 19:00:17:940|~IN~]Checking all files which are crossed the time to close
[RECORDER10|WriteFile.cpp|00349|30-03-2016 19:00:17:940|~IN~]Checking all files which are crossed the time to close
[RECORDER10|WriteFile.cpp|00349|30-03-2016 19:00:27:941|~IN~]Checking all files which are crossed the time to close
[RECORDER10|WriteFile.cpp|00349|30-03-2016 19:00:27:941|~IN~]Checking all files which are crossed the time to close
[RECORDER10|WriteFile.cpp|00171|30-03-2016 19:00:27:941|~IN~]File closed and renamed as ./Files/USSDSUBMIT_2016_03_30_19_00_00_2.TXT
[RECORDER10|WriteFile.cpp|00349|30-03-2016 19:00:27:941|~IN~]Checking all files which are crossed the time to close
[RECORDER10|WriteFile.cpp|00349|30-03-2016 19:00:37:943|~IN~]Checking all files which are crossed the time to close
[RECORDER10|WriteFile.cpp|00349|30-03-2016 19:00:37:943|~IN~]Checking all files which are crossed the time to close
[RECORDER10|WriteFile.cpp|00349|30-03-2016 19:00:37:943|~IN~]Checking all files which are crossed the time to close
[RECORDER10|WriteFile.cpp|00349|30-03-2016 19:00:47:945|~IN~]Checking all files which are crossed the time to close
[RECORDER10|WriteFile.cpp|00349|30-03-2016 19:00:47:946|~IN~]Checking all files which are crossed the time to close
[RECORDER10|WriteFile.cpp|00349|30-03-2016 19:00:47:946|~IN~]Checking all files which are crossed the time to close
[RECORDER10|WriteFile.cpp|00349|30-03-2016 19:00:57:946|~IN~]Checking all files which are crossed the time to close
[RECORDER10|WriteFile.cpp|00349|30-03-2016 19:00:57:946|~IN~]Checking all files which are crossed the time to close
[RECORDER10|WriteFile.cpp|00349|30-03-2016 19:00:57:946|~IN~]Checking all files which are crossed the time to close
[RECORDER10|WriteFile.cpp|00349|30-03-2016 19:01:07:948|~IN~]Checking all files which are crossed the time to close
[RECORDER10|WriteFile.cpp|00349|30-03-2016 19:01:07:948|~IN~]Checking all files which are crossed the time to close
[RECORDER10|WriteFile.cpp|00349|30-03-2016 19:01:07:948|~IN~]Checking all files which are crossed the time to close
[RECORDER10|WriteFile.cpp|00349|30-03-2016 19:01:17:950|~IN~]Checking all files which are crossed the time to close
[RECORDER10|WriteFile.cpp|00349|30-03-2016 19:01:17:950|~IN~]Checking all files which are crossed the time to close
[RECORDER10|WriteFile.cpp|00349|30-03-2016 19:01:17:950|~IN~]Checking all files which are crossed the time to close
[RECORDER10|WriteFile.cpp|00349|30-03-2016 19:01:27:952|~IN~]Checking all files which are crossed the time to close
[RECORDER10|WriteFile.cpp|00349|30-03-2016 19:01:28:006|~IN~]Checking all files which are crossed the time to close
[RECORDER10|WriteFile.cpp|00349|30-03-2016 19:01:28:006|~IN~]Checking all files which are crossed the time to close
[RECORDER10|WriteFile.cpp|00349|30-03-2016 19:01:38:007|~IN~]Checking all files which are crossed the time to close
[RECORDER10|WriteFile.cpp|00349|30-03-2016 19:01:38:007|~IN~]Checking all files which are crossed the time to close
[RECORDER10|WriteFile.cpp|00349|30-03-2016 19:01:38:007|~IN~]Checking all files which are crossed the time to close
[RECORDER10|WriteFile.cpp|00349|30-03-2016 19:01:48:008|~IN~]Checking all files which are crossed the time to close
[RECORDER10|WriteFile.cpp|00349|30-03-2016 19:01:48:008|~IN~]Checking all files which are crossed the time to close
[RECORDER10|WriteFile.cpp|00349|30-03-2016 19:01:48:008|~IN~]Checking all files which are crossed the time to close
[RECORDER10|WriteFile.cpp|00349|30-03-2016 19:01:58:009|~IN~]Checking all files which are crossed the time to close
[RECORDER10|WriteFile.cpp|00349|30-03-2016 19:01:58:009|~IN~]Checking all files which are crossed the time to close
[RECORDER10|WriteFile.cpp|00349|30-03-2016 19:01:58:009|~IN~]Checking all files which are crossed the time to close
[RECORDER10|WriteFile.cpp|00349|30-03-2016 19:02:08:012|~IN~]Checking all files which are crossed the time to close
[RECORDER10|WriteFile.cpp|00349|30-03-2016 19:02:08:012|~IN~]Checking all files which are crossed the time to close
[RECORDER10|WriteFile.cpp|00349|30-03-2016 19:02:08:012|~IN~]Checking all files which are crossed the time to close
[RECORDER10|WriteFile.cpp|00349|30-03-2016 19:02:18:013|~IN~]Checking all files which are crossed the time to close
[RECORDER10|WriteFile.cpp|00349|30-03-2016 19:02:18:013|~IN~]Checking all files which are crossed the time to close
[RECORDER10|WriteFile.cpp|00349|30-03-2016 19:02:18:013|~IN~]Checking all files which are crossed the time to close
[RECORDER10|WriteFile.cpp|00349|30-03-2016 19:02:28:016|~IN~]Checking all files which are crossed the time to close
[RECORDER10|WriteFile.cpp|00349|30-03-2016 19:02:28:016|~IN~]Checking all files which are crossed the time to close
[RECORDER10|WriteFile.cpp|00349|30-03-2016 19:02:28:016|~IN~]Checking all files which are crossed the time to close
[RECORDER10|WriteFile.cpp|00349|30-03-2016 19:02:38:018|~IN~]Checking all files which are crossed the time to close
[RECORDER10|WriteFile.cpp|00349|30-03-2016 19:02:38:018|~IN~]Checking all files which are crossed the time to close
[RECORDER10|WriteFile.cpp|00349|30-03-2016 19:02:38:018|~IN~]Checking all files which are crossed the time to close
[RECORDER10|WriteFile.cpp|00349|30-03-2016 19:02:48:019|~IN~]Checking all files which are crossed the time to close
[RECORDER10|WriteFile.cpp|00349|30-03-2016 19:02:48:019|~IN~]Checking all files which are crossed the time to close
[RECORDER10|WriteFile.cpp|00349|30-03-2016 19:02:48:019|~IN~]Checking all files which are crossed the time to close
[RECORDER10|WriteFile.cpp|00349|30-03-2016 19:02:58:020|~IN~]Checking all files which are crossed the time to close
[RECORDER10|WriteFile.cpp|00349|30-03-2016 19:02:58:020|~IN~]Checking all files which are crossed the time to close
[RECORDER10|WriteFile.cpp|00349|30-03-2016 19:02:58:020|~IN~]Checking all files which are crossed the time to close
[RECORDER10|WriteFile.cpp|00349|30-03-2016 19:03:08:022|~IN~]Checking all files which are crossed the time to close
[RECORDER10|WriteFile.cpp|00349|30-03-2016 19:03:08:022|~IN~]Checking all files which are crossed the time to close
[RECORDER10|WriteFile.cpp|00349|30-03-2016 19:03:08:022|~IN~]Checking all files which are crossed the time to close
[RECORDER10|WriteFile.cpp|00349|30-03-2016 19:03:18:023|~IN~]Checking all files which are crossed the time to close
[RECORDER10|WriteFile.cpp|00349|30-03-2016 19:03:18:024|~IN~]Checking all files which are crossed the time to close
[RECORDER10|WriteFile.cpp|00349|30-03-2016 19:03:18:024|~IN~]Checking all files which are crossed the time to close
[RECORDER10|WriteFile.cpp|00349|30-03-2016 19:03:28:024|~IN~]Checking all files which are crossed the time to close
[RECORDER10|WriteFile.cpp|00349|30-03-2016 19:03:28:025|~IN~]Checking all files which are crossed the time to close
[RECORDER10|WriteFile.cpp|00349|30-03-2016 19:03:28:025|~IN~]Checking all files which are crossed the time to close
[RECORDER10|WriteFile.cpp|00349|30-03-2016 19:03:38:027|~IN~]Checking all files which are crossed the time to close
[RECORDER10|WriteFile.cpp|00349|30-03-2016 19:03:38:027|~IN~]Checking all files which are crossed the time to close
[RECORDER10|WriteFile.cpp|00349|30-03-2016 19:03:38:027|~IN~]Checking all files which are crossed the time to close
[RECORDER10|WriteFile.cpp|00349|30-03-2016 19:03:48:028|~IN~]Checking all files which are crossed the time to close
[RECORDER10|WriteFile.cpp|00349|30-03-2016 19:03:48:028|~IN~]Checking all files which are crossed the time to close
[RECORDER10|WriteFile.cpp|00349|30-03-2016 19:03:48:028|~IN~]Checking all files which are crossed the time to close
[RECORDER10|WriteFile.cpp|00349|30-03-2016 19:03:58:029|~IN~]Checking all files which are crossed the time to close
[RECORDER10|WriteFile.cpp|00349|30-03-2016 19:03:58:029|~IN~]Checking all files which are crossed the time to close
[RECORDER10|WriteFile.cpp|00349|30-03-2016 19:03:58:029|~IN~]Checking all files which are crossed the time to close
[RECORDER10|WriteFile.cpp|00349|30-03-2016 19:04:08:030|~IN~]Checking all files which are crossed the time to close
[RECORDER10|WriteFile.cpp|00349|30-03-2016 19:04:08:030|~IN~]Checking all files which are crossed the time to close
[RECORDER10|WriteFile.cpp|00349|30-03-2016 19:04:08:030|~IN~]Checking all files which are crossed the time to close
[RECORDER10|WriteFile.cpp|00349|30-03-2016 19:04:18:032|~IN~]Checking all files which are crossed the time to close
[RECORDER10|WriteFile.cpp|00349|30-03-2016 19:04:18:032|~IN~]Checking all files which are crossed the time to close
[RECORDER10|WriteFile.cpp|00349|30-03-2016 19:04:18:032|~IN~]Checking all files which are crossed the time to close
[RECORDER10|WriteFile.cpp|00349|30-03-2016 19:04:28:034|~IN~]Checking all files which are crossed the time to close
[RECORDER10|WriteFile.cpp|00349|30-03-2016 19:04:28:034|~IN~]Checking all files which are crossed the time to close
[RECORDER10|WriteFile.cpp|00349|30-03-2016 19:04:28:034|~IN~]Checking all files which are crossed the time to close
[RECORDER10|WriteFile.cpp|00349|30-03-2016 19:04:38:035|~IN~]Checking all files which are crossed the time to close
[RECORDER10|WriteFile.cpp|00349|30-03-2016 19:04:38:035|~IN~]Checking all files which are crossed the time to close
[RECORDER10|WriteFile.cpp|00349|30-03-2016 19:04:38:035|~IN~]Checking all files which are crossed the time to close
[RECORDER10|WriteFile.cpp|00349|30-03-2016 19:04:48:037|~IN~]Checking all files which are crossed the time to close
[RECORDER10|WriteFile.cpp|00349|30-03-2016 19:04:48:037|~IN~]Checking all files which are crossed the time to close
[RECORDER10|WriteFile.cpp|00349|30-03-2016 19:04:48:037|~IN~]Checking all files which are crossed the time to close
[RECORDER10|WriteFile.cpp|00349|30-03-2016 19:04:58:038|~IN~]Checking all files which are crossed the time to close
[RECORDER10|WriteFile.cpp|00349|30-03-2016 19:04:58:038|~IN~]Checking all files which are crossed the time to close
[RECORDER10|WriteFile.cpp|00349|30-03-2016 19:04:58:038|~IN~]Checking all files which are crossed the time to close
[RECORDER10|WriteFile.cpp|00349|30-03-2016 19:05:08:040|~IN~]Checking all files which are crossed the time to close
[RECORDER10|WriteFile.cpp|00349|30-03-2016 19:05:08:040|~IN~]Checking all files which are crossed the time to close
[RECORDER10|WriteFile.cpp|00349|30-03-2016 19:05:08:040|~IN~]Checking all files which are crossed the time to close
[RECORDER10|WriteFile.cpp|00349|30-03-2016 19:05:18:043|~IN~]Checking all files which are crossed the time to close
[RECORDER10|WriteFile.cpp|00349|30-03-2016 19:05:18:043|~IN~]Checking all files which are crossed the time to close
[RECORDER10|WriteFile.cpp|00349|30-03-2016 19:05:18:043|~IN~]Checking all files which are crossed the time to close
[RECORDER10|WriteFile.cpp|00349|30-03-2016 19:05:28:044|~IN~]Checking all files which are crossed the time to close
[RECORDER10|WriteFile.cpp|00349|30-03-2016 19:05:28:044|~IN~]Checking all files which are crossed the time to close
[RECORDER10|WriteFile.cpp|00349|30-03-2016 19:05:28:044|~IN~]Checking all files which are crossed the time to close
[RECORDER10|WriteFile.cpp|00349|30-03-2016 19:05:38:045|~IN~]Checking all files which are crossed the time to close
[RECORDER10|WriteFile.cpp|00349|30-03-2016 19:05:38:045|~IN~]Checking all files which are crossed the time to close
[RECORDER10|WriteFile.cpp|00349|30-03-2016 19:05:38:045|~IN~]Checking all files which are crossed the time to close
[RECORDER10|WriteFile.cpp|00349|30-03-2016 19:05:48:047|~IN~]Checking all files which are crossed the time to close
[RECORDER10|WriteFile.cpp|00349|30-03-2016 19:05:48:047|~IN~]Checking all files which are crossed the time to close
[RECORDER10|WriteFile.cpp|00349|30-03-2016 19:05:48:047|~IN~]Checking all files which are crossed the time to close
[RECORDER10|WriteFile.cpp|00349|30-03-2016 19:05:58:049|~IN~]Checking all files which are crossed the time to close
[RECORDER10|WriteFile.cpp|00349|30-03-2016 19:05:58:050|~IN~]Checking all files which are crossed the time to close
[RECORDER10|WriteFile.cpp|00349|30-03-2016 19:05:58:050|~IN~]Checking all files which are crossed the time to close
[RECORDER10|WriteFile.cpp|00349|30-03-2016 19:06:08:050|~IN~]Checking all files which are crossed the time to close
[RECORDER10|WriteFile.cpp|00349|30-03-2016 19:06:08:050|~IN~]Checking all files which are crossed the time to close
[RECORDER10|WriteFile.cpp|00349|30-03-2016 19:06:08:050|~IN~]Checking all files which are crossed the time to close
[RECORDER10|WriteFile.cpp|00349|30-03-2016 19:06:18:052|~IN~]Checking all files which are crossed the time to close
[RECORDER10|WriteFile.cpp|00349|30-03-2016 19:06:18:052|~IN~]Checking all files which are crossed the time to close
[RECORDER10|WriteFile.cpp|00349|30-03-2016 19:06:18:052|~IN~]Checking all files which are crossed the time to close
[RECORDER10|WriteFile.cpp|00349|30-03-2016 19:06:28:054|~IN~]Checking all files which are crossed the time to close
[RECORDER10|WriteFile.cpp|00349|30-03-2016 19:06:28:054|~IN~]Checking all files which are crossed the time to close
[RECORDER10|WriteFile.cpp|00349|30-03-2016 19:06:28:054|~IN~]Checking all files which are crossed the time to close
[RECORDER10|WriteFile.cpp|00349|30-03-2016 19:06:38:055|~IN~]Checking all files which are crossed the time to close
[RECORDER10|WriteFile.cpp|00349|30-03-2016 19:06:38:055|~IN~]Checking all files which are crossed the time to close
[RECORDER10|WriteFile.cpp|00349|30-03-2016 19:06:38:055|~IN~]Checking all files which are crossed the time to close
[RECORDER10|WriteFile.cpp|00349|30-03-2016 19:06:48:056|~IN~]Checking all files which are crossed the time to close
[RECORDER10|WriteFile.cpp|00349|30-03-2016 19:06:48:056|~IN~]Checking all files which are crossed the time to close
[RECORDER10|WriteFile.cpp|00349|30-03-2016 19:06:48:056|~IN~]Checking all files which are crossed the time to close
[RECORDER10|WriteFile.cpp|00349|30-03-2016 19:06:58:058|~IN~]Checking all files which are crossed the time to close
[RECORDER10|WriteFile.cpp|00349|30-03-2016 19:06:58:058|~IN~]Checking all files which are crossed the time to close
[RECORDER10|WriteFile.cpp|00349|30-03-2016 19:06:58:058|~IN~]Checking all files which are crossed the time to close
[RECORDER10|WriteFile.cpp|00349|30-03-2016 19:07:08:060|~IN~]Checking all files which are crossed the time to close
[RECORDER10|WriteFile.cpp|00349|30-03-2016 19:07:08:060|~IN~]Checking all files which are crossed the time to close
[RECORDER10|WriteFile.cpp|00349|30-03-2016 19:07:08:060|~IN~]Checking all files which are crossed the time to close
[RECORDER10|WriteFile.cpp|00349|30-03-2016 19:07:18:061|~IN~]Checking all files which are crossed the time to close
[RECORDER10|WriteFile.cpp|00349|30-03-2016 19:07:18:061|~IN~]Checking all files which are crossed the time to close
[RECORDER10|WriteFile.cpp|00349|30-03-2016 19:07:18:061|~IN~]Checking all files which are crossed the time to close
[RECORDER10|WriteFile.cpp|00349|30-03-2016 19:07:28:063|~IN~]Checking all files which are crossed the time to close
[RECORDER10|WriteFile.cpp|00349|30-03-2016 19:07:28:063|~IN~]Checking all files which are crossed the time to close
[RECORDER10|WriteFile.cpp|00349|30-03-2016 19:07:28:063|~IN~]Checking all files which are crossed the time to close
[RECORDER10|WriteFile.cpp|00349|30-03-2016 19:07:38:065|~IN~]Checking all files which are crossed the time to close
[RECORDER10|WriteFile.cpp|00349|30-03-2016 19:07:38:065|~IN~]Checking all files which are crossed the time to close
[RECORDER10|WriteFile.cpp|00349|30-03-2016 19:07:38:065|~IN~]Checking all files which are crossed the time to close
[RECORDER10|WriteFile.cpp|00349|30-03-2016 19:07:48:069|~IN~]Checking all files which are crossed the time to close
[RECORDER10|WriteFile.cpp|00349|30-03-2016 19:07:48:069|~IN~]Checking all files which are crossed the time to close
[RECORDER10|WriteFile.cpp|00349|30-03-2016 19:07:48:069|~IN~]Checking all files which are crossed the time to close
[RECORDER10|WriteFile.cpp|00349|30-03-2016 19:07:58:069|~IN~]Checking all files which are crossed the time to close
[RECORDER10|WriteFile.cpp|00349|30-03-2016 19:07:58:069|~IN~]Checking all files which are crossed the time to close
[RECORDER10|WriteFile.cpp|00349|30-03-2016 19:07:58:070|~IN~]Checking all files which are crossed the time to close
[RECORDER10|WriteFile.cpp|00349|30-03-2016 19:08:08:071|~IN~]Checking all files which are crossed the time to close
[RECORDER10|WriteFile.cpp|00349|30-03-2016 19:08:08:071|~IN~]Checking all files which are crossed the time to close
[RECORDER10|WriteFile.cpp|00349|30-03-2016 19:08:08:071|~IN~]Checking all files which are crossed the time to close
[RECORDER10|WriteFile.cpp|00349|30-03-2016 19:08:18:073|~IN~]Checking all files which are crossed the time to close
[RECORDER10|WriteFile.cpp|00349|30-03-2016 19:08:18:073|~IN~]Checking all files which are crossed the time to close
[RECORDER10|WriteFile.cpp|00349|30-03-2016 19:08:18:073|~IN~]Checking all files which are crossed the time to close
[RECORDER10|WriteFile.cpp|00349|30-03-2016 19:08:28:074|~IN~]Checking all files which are crossed the time to close
[RECORDER10|WriteFile.cpp|00349|30-03-2016 19:08:28:074|~IN~]Checking all files which are crossed the time to close
[RECORDER10|WriteFile.cpp|00349|30-03-2016 19:08:28:074|~IN~]Checking all files which are crossed the time to close
[RECORDER10|WriteFile.cpp|00349|30-03-2016 19:08:38:076|~IN~]Checking all files which are crossed the time to close
[RECORDER10|WriteFile.cpp|00349|30-03-2016 19:08:38:076|~IN~]Checking all files which are crossed the time to close
[RECORDER10|WriteFile.cpp|00349|30-03-2016 19:08:38:076|~IN~]Checking all files which are crossed the time to close
[RECORDER10|WriteFile.cpp|00349|30-03-2016 19:08:48:077|~IN~]Checking all files which are crossed the time to close
[RECORDER10|WriteFile.cpp|00349|30-03-2016 19:08:48:077|~IN~]Checking all files which are crossed the time to close
[RECORDER10|WriteFile.cpp|00349|30-03-2016 19:08:48:077|~IN~]Checking all files which are crossed the time to close
[RECORDER10|WriteFile.cpp|00349|30-03-2016 19:08:58:079|~IN~]Checking all files which are crossed the time to close
[RECORDER10|WriteFile.cpp|00349|30-03-2016 19:08:58:079|~IN~]Checking all files which are crossed the time to close
[RECORDER10|WriteFile.cpp|00349|30-03-2016 19:08:58:079|~IN~]Checking all files which are crossed the time to close
[RECORDER10|WriteFile.cpp|00349|30-03-2016 19:09:08:082|~IN~]Checking all files which are crossed the time to close
[RECORDER10|WriteFile.cpp|00349|30-03-2016 19:09:08:082|~IN~]Checking all files which are crossed the time to close
[RECORDER10|WriteFile.cpp|00349|30-03-2016 19:09:08:082|~IN~]Checking all files which are crossed the time to close
[RECORDER10|WriteFile.cpp|00349|30-03-2016 19:09:18:086|~IN~]Checking all files which are crossed the time to close
[RECORDER10|WriteFile.cpp|00349|30-03-2016 19:09:18:086|~IN~]Checking all files which are crossed the time to close
[RECORDER10|WriteFile.cpp|00349|30-03-2016 19:09:18:086|~IN~]Checking all files which are crossed the time to close
[RECORDER10|WriteFile.cpp|00349|30-03-2016 19:09:28:087|~IN~]Checking all files which are crossed the time to close
[RECORDER10|WriteFile.cpp|00349|30-03-2016 19:09:28:087|~IN~]Checking all files which are crossed the time to close
[RECORDER10|WriteFile.cpp|00349|30-03-2016 19:09:28:087|~IN~]Checking all files which are crossed the time to close
[RECORDER10|WriteFile.cpp|00349|30-03-2016 19:09:38:089|~IN~]Checking all files which are crossed the time to close
[RECORDER10|WriteFile.cpp|00349|30-03-2016 19:09:38:089|~IN~]Checking all files which are crossed the time to close
[RECORDER10|WriteFile.cpp|00349|30-03-2016 19:09:38:089|~IN~]Checking all files which are crossed the time to close
[RECORDER10|WriteFile.cpp|00349|30-03-2016 19:09:48:091|~IN~]Checking all files which are crossed the time to close
[RECORDER10|WriteFile.cpp|00349|30-03-2016 19:09:48:091|~IN~]Checking all files which are crossed the time to close
[RECORDER10|WriteFile.cpp|00349|30-03-2016 19:09:48:092|~IN~]Checking all files which are crossed the time to close
[RECORDER10|WriteFile.cpp|00349|30-03-2016 19:09:58:092|~IN~]Checking all files which are crossed the time to close
[RECORDER10|WriteFile.cpp|00349|30-03-2016 19:09:58:092|~IN~]Checking all files which are crossed the time to close
[RECORDER10|WriteFile.cpp|00349|30-03-2016 19:09:58:092|~IN~]Checking all files which are crossed the time to close
[RECORDER10|WriteFile.cpp|00349|30-03-2016 19:10:08:094|~IN~]Checking all files which are crossed the time to close
[RECORDER10|WriteFile.cpp|00349|30-03-2016 19:10:08:094|~IN~]Checking all files which are crossed the time to close
[RECORDER10|WriteFile.cpp|00349|30-03-2016 19:10:08:094|~IN~]Checking all files which are crossed the time to close
[RECORDER10|WriteFile.cpp|00349|30-03-2016 19:10:18:096|~IN~]Checking all files which are crossed the time to close
[RECORDER10|WriteFile.cpp|00349|30-03-2016 19:10:18:096|~IN~]Checking all files which are crossed the time to close
[RECORDER10|WriteFile.cpp|00349|30-03-2016 19:10:18:096|~IN~]Checking all files which are crossed the time to close
[RECORDER10|WriteFile.cpp|00349|30-03-2016 19:10:28:105|~IN~]Checking all files which are crossed the time to close
[RECORDER10|WriteFile.cpp|00349|30-03-2016 19:10:28:105|~IN~]Checking all files which are crossed the time to close
[RECORDER10|WriteFile.cpp|00349|30-03-2016 19:10:28:105|~IN~]Checking all files which are crossed the time to close
[RECORDER10|WriteFile.cpp|00349|30-03-2016 19:10:38:106|~IN~]Checking all files which are crossed the time to close
[RECORDER10|WriteFile.cpp|00349|30-03-2016 19:10:38:106|~IN~]Checking all files which are crossed the time to close
[RECORDER10|WriteFile.cpp|00349|30-03-2016 19:10:38:106|~IN~]Checking all files which are crossed the time to close
[RECORDER10|WriteFile.cpp|00349|30-03-2016 19:10:48:110|~IN~]Checking all files which are crossed the time to close
[RECORDER10|WriteFile.cpp|00349|30-03-2016 19:10:48:110|~IN~]Checking all files which are crossed the time to close
[RECORDER10|WriteFile.cpp|00349|30-03-2016 19:10:48:110|~IN~]Checking all files which are crossed the time to close
[RECORDER10|WriteFile.cpp|00349|30-03-2016 19:10:58:112|~IN~]Checking all files which are crossed the time to close
[RECORDER10|WriteFile.cpp|00349|30-03-2016 19:10:58:112|~IN~]Checking all files which are crossed the time to close
[RECORDER10|WriteFile.cpp|00349|30-03-2016 19:10:58:112|~IN~]Checking all files which are crossed the time to close
[RECORDER10|WriteFile.cpp|00349|30-03-2016 19:11:08:113|~IN~]Checking all files which are crossed the time to close
[RECORDER10|WriteFile.cpp|00349|30-03-2016 19:11:08:113|~IN~]Checking all files which are crossed the time to close
[RECORDER10|WriteFile.cpp|00349|30-03-2016 19:11:08:113|~IN~]Checking all files which are crossed the time to close
[RECORDER10|WriteFile.cpp|00349|30-03-2016 19:11:18:115|~IN~]Checking all files which are crossed the time to close
[RECORDER10|WriteFile.cpp|00349|30-03-2016 19:11:18:115|~IN~]Checking all files which are crossed the time to close
[RECORDER10|WriteFile.cpp|00349|30-03-2016 19:11:18:115|~IN~]Checking all files which are crossed the time to close
[RECORDER10|WriteFile.cpp|00349|30-03-2016 19:11:28:116|~IN~]Checking all files which are crossed the time to close
[RECORDER10|WriteFile.cpp|00349|30-03-2016 19:11:28:116|~IN~]Checking all files which are crossed the time to close
[RECORDER10|WriteFile.cpp|00349|30-03-2016 19:11:28:116|~IN~]Checking all files which are crossed the time to close
[RECORDER10|WriteFile.cpp|00349|30-03-2016 19:11:38:117|~IN~]Checking all files which are crossed the time to close
[RECORDER10|WriteFile.cpp|00349|30-03-2016 19:11:38:117|~IN~]Checking all files which are crossed the time to close
[RECORDER10|WriteFile.cpp|00349|30-03-2016 19:11:38:117|~IN~]Checking all files which are crossed the time to close
[RECORDER10|WriteFile.cpp|00349|30-03-2016 19:11:48:119|~IN~]Checking all files which are crossed the time to close
[RECORDER10|WriteFile.cpp|00349|30-03-2016 19:11:48:119|~IN~]Checking all files which are crossed the time to close
[RECORDER10|WriteFile.cpp|00349|30-03-2016 19:11:48:120|~IN~]Checking all files which are crossed the time to close
[RECORDER10|WriteFile.cpp|00349|30-03-2016 19:11:58:122|~IN~]Checking all files which are crossed the time to close
[RECORDER10|WriteFile.cpp|00349|30-03-2016 19:11:58:122|~IN~]Checking all files which are crossed the time to close
[RECORDER10|WriteFile.cpp|00349|30-03-2016 19:11:58:122|~IN~]Checking all files which are crossed the time to close
[RECORDER10|WriteFile.cpp|00349|30-03-2016 19:12:08:124|~IN~]Checking all files which are crossed the time to close
[RECORDER10|WriteFile.cpp|00349|30-03-2016 19:12:08:124|~IN~]Checking all files which are crossed the time to close
[RECORDER10|WriteFile.cpp|00349|30-03-2016 19:12:08:124|~IN~]Checking all files which are crossed the time to close
[RECORDER10|WriteFile.cpp|00349|30-03-2016 19:12:18:125|~IN~]Checking all files which are crossed the time to close
[RECORDER10|WriteFile.cpp|00349|30-03-2016 19:12:18:125|~IN~]Checking all files which are crossed the time to close
[RECORDER10|WriteFile.cpp|00349|30-03-2016 19:12:18:125|~IN~]Checking all files which are crossed the time to close
[RECORDER10|WriteFile.cpp|00349|30-03-2016 19:12:28:127|~IN~]Checking all files which are crossed the time to close
[RECORDER10|WriteFile.cpp|00349|30-03-2016 19:12:28:128|~IN~]Checking all files which are crossed the time to close
[RECORDER10|WriteFile.cpp|00349|30-03-2016 19:12:28:128|~IN~]Checking all files which are crossed the time to close
[RECORDER10|WriteFile.cpp|00349|30-03-2016 19:12:38:129|~IN~]Checking all files which are crossed the time to close
[RECORDER10|WriteFile.cpp|00349|30-03-2016 19:12:38:129|~IN~]Checking all files which are crossed the time to close
[RECORDER10|WriteFile.cpp|00349|30-03-2016 19:12:38:129|~IN~]Checking all files which are crossed the time to close
[RECORDER10|WriteFile.cpp|00349|30-03-2016 19:12:48:131|~IN~]Checking all files which are crossed the time to close
[RECORDER10|WriteFile.cpp|00349|30-03-2016 19:12:48:131|~IN~]Checking all files which are crossed the time to close
[RECORDER10|WriteFile.cpp|00349|30-03-2016 19:12:48:131|~IN~]Checking all files which are crossed the time to close
[RECORDER10|WriteFile.cpp|00349|30-03-2016 19:12:58:133|~IN~]Checking all files which are crossed the time to close
[RECORDER10|WriteFile.cpp|00349|30-03-2016 19:12:58:133|~IN~]Checking all files which are crossed the time to close
[RECORDER10|WriteFile.cpp|00349|30-03-2016 19:12:58:133|~IN~]Checking all files which are crossed the time to close
[RECORDER10|WriteFile.cpp|00349|30-03-2016 19:13:08:134|~IN~]Checking all files which are crossed the time to close
[RECORDER10|WriteFile.cpp|00349|30-03-2016 19:13:08:134|~IN~]Checking all files which are crossed the time to close
[RECORDER10|WriteFile.cpp|00349|30-03-2016 19:13:08:134|~IN~]Checking all files which are crossed the time to close
[RECORDER10|WriteFile.cpp|00349|30-03-2016 19:13:18:135|~IN~]Checking all files which are crossed the time to close
[RECORDER10|WriteFile.cpp|00349|30-03-2016 19:13:18:135|~IN~]Checking all files which are crossed the time to close
[RECORDER10|WriteFile.cpp|00349|30-03-2016 19:13:18:135|~IN~]Checking all files which are crossed the time to close
[RECORDER10|WriteFile.cpp|00349|30-03-2016 19:13:28:137|~IN~]Checking all files which are crossed the time to close
[RECORDER10|WriteFile.cpp|00349|30-03-2016 19:13:28:137|~IN~]Checking all files which are crossed the time to close
[RECORDER10|WriteFile.cpp|00349|30-03-2016 19:13:28:137|~IN~]Checking all files which are crossed the time to close
[RECORDER10|WriteFile.cpp|00349|30-03-2016 19:13:38:139|~IN~]Checking all files which are crossed the time to close
[RECORDER10|WriteFile.cpp|00349|30-03-2016 19:13:38:140|~IN~]Checking all files which are crossed the time to close
[RECORDER10|WriteFile.cpp|00349|30-03-2016 19:13:38:140|~IN~]Checking all files which are crossed the time to close
[RECORDER10|WriteFile.cpp|00349|30-03-2016 19:13:48:140|~IN~]Checking all files which are crossed the time to close
[RECORDER10|WriteFile.cpp|00349|30-03-2016 19:13:48:140|~IN~]Checking all files which are crossed the time to close
[RECORDER10|WriteFile.cpp|00349|30-03-2016 19:13:48:140|~IN~]Checking all files which are crossed the time to close
[RECORDER10|WriteFile.cpp|00349|30-03-2016 19:13:58:142|~IN~]Checking all files which are crossed the time to close
[RECORDER10|WriteFile.cpp|00349|30-03-2016 19:13:58:142|~IN~]Checking all files which are crossed the time to close
[RECORDER10|WriteFile.cpp|00349|30-03-2016 19:13:58:142|~IN~]Checking all files which are crossed the time to close
[RECORDER10|WriteFile.cpp|00349|30-03-2016 19:14:08:143|~IN~]Checking all files which are crossed the time to close
[RECORDER10|WriteFile.cpp|00349|30-03-2016 19:14:08:143|~IN~]Checking all files which are crossed the time to close
[RECORDER10|WriteFile.cpp|00349|30-03-2016 19:14:08:143|~IN~]Checking all files which are crossed the time to close
[RECORDER10|WriteFile.cpp|00349|30-03-2016 19:14:18:145|~IN~]Checking all files which are crossed the time to close
[RECORDER10|WriteFile.cpp|00349|30-03-2016 19:14:18:145|~IN~]Checking all files which are crossed the time to close
[RECORDER10|WriteFile.cpp|00349|30-03-2016 19:14:18:145|~IN~]Checking all files which are crossed the time to close
[RECORDER10|WriteFile.cpp|00349|30-03-2016 19:14:28:146|~IN~]Checking all files which are crossed the time to close
[RECORDER10|WriteFile.cpp|00349|30-03-2016 19:14:28:146|~IN~]Checking all files which are crossed the time to close
[RECORDER10|WriteFile.cpp|00349|30-03-2016 19:14:28:146|~IN~]Checking all files which are crossed the time to close
[RECORDER10|WriteFile.cpp|00349|30-03-2016 19:14:38:148|~IN~]Checking all files which are crossed the time to close
[RECORDER10|WriteFile.cpp|00349|30-03-2016 19:14:38:148|~IN~]Checking all files which are crossed the time to close
[RECORDER10|WriteFile.cpp|00349|30-03-2016 19:14:38:148|~IN~]Checking all files which are crossed the time to close
[RECORDER10|WriteFile.cpp|00349|30-03-2016 19:14:48:150|~IN~]Checking all files which are crossed the time to close
[RECORDER10|WriteFile.cpp|00349|30-03-2016 19:14:48:150|~IN~]Checking all files which are crossed the time to close
[RECORDER10|WriteFile.cpp|00349|30-03-2016 19:14:48:150|~IN~]Checking all files which are crossed the time to close
[RECORDER10|WriteFile.cpp|00349|30-03-2016 19:14:58:151|~IN~]Checking all files which are crossed the time to close
[RECORDER10|WriteFile.cpp|00349|30-03-2016 19:14:58:151|~IN~]Checking all files which are crossed the time to close
[RECORDER10|WriteFile.cpp|00349|30-03-2016 19:14:58:151|~IN~]Checking all files which are crossed the time to close
[RECORDER10|WriteFile.cpp|00349|30-03-2016 19:15:08:153|~IN~]Checking all files which are crossed the time to close
[RECORDER10|WriteFile.cpp|00349|30-03-2016 19:15:08:153|~IN~]Checking all files which are crossed the time to close
[RECORDER10|WriteFile.cpp|00349|30-03-2016 19:15:08:153|~IN~]Checking all files which are crossed the time to close
[RECORDER10|WriteFile.cpp|00349|30-03-2016 19:15:18:154|~IN~]Checking all files which are crossed the time to close
[RECORDER10|WriteFile.cpp|00349|30-03-2016 19:15:18:154|~IN~]Checking all files which are crossed the time to close
[RECORDER10|WriteFile.cpp|00349|30-03-2016 19:15:18:154|~IN~]Checking all files which are crossed the time to close
[RECORDER10|WriteFile.cpp|00349|30-03-2016 19:15:28:155|~IN~]Checking all files which are crossed the time to close
[RECORDER10|WriteFile.cpp|00349|30-03-2016 19:15:28:155|~IN~]Checking all files which are crossed the time to close
[RECORDER10|WriteFile.cpp|00349|30-03-2016 19:15:28:155|~IN~]Checking all files which are crossed the time to close
[RECORDER10|WriteFile.cpp|00349|30-03-2016 19:15:38:157|~IN~]Checking all files which are crossed the time to close
[RECORDER10|WriteFile.cpp|00349|30-03-2016 19:15:38:158|~IN~]Checking all files which are crossed the time to close
[RECORDER10|WriteFile.cpp|00349|30-03-2016 19:15:38:158|~IN~]Checking all files which are crossed the time to close
[RECORDER10|WriteFile.cpp|00349|30-03-2016 19:15:48:160|~IN~]Checking all files which are crossed the time to close
[RECORDER10|WriteFile.cpp|00349|30-03-2016 19:15:48:160|~IN~]Checking all files which are crossed the time to close
[RECORDER10|WriteFile.cpp|00349|30-03-2016 19:15:48:160|~IN~]Checking all files which are crossed the time to close
[RECORDER10|WriteFile.cpp|00349|30-03-2016 19:15:58:162|~IN~]Checking all files which are crossed the time to close
[RECORDER10|WriteFile.cpp|00349|30-03-2016 19:15:58:162|~IN~]Checking all files which are crossed the time to close
[RECORDER10|WriteFile.cpp|00349|30-03-2016 19:15:58:162|~IN~]Checking all files which are crossed the time to close
[RECORDER10|WriteFile.cpp|00349|30-03-2016 19:16:08:164|~IN~]Checking all files which are crossed the time to close
[RECORDER10|WriteFile.cpp|00349|30-03-2016 19:16:08:164|~IN~]Checking all files which are crossed the time to close
[RECORDER10|WriteFile.cpp|00349|30-03-2016 19:16:08:164|~IN~]Checking all files which are crossed the time to close
[RECORDER10|WriteFile.cpp|00349|30-03-2016 19:16:18:166|~IN~]Checking all files which are crossed the time to close
[RECORDER10|WriteFile.cpp|00349|30-03-2016 19:16:18:166|~IN~]Checking all files which are crossed the time to close
[RECORDER10|WriteFile.cpp|00349|30-03-2016 19:16:18:166|~IN~]Checking all files which are crossed the time to close
[RECORDER10|WriteFile.cpp|00349|30-03-2016 19:16:28:167|~IN~]Checking all files which are crossed the time to close
[RECORDER10|WriteFile.cpp|00349|30-03-2016 19:16:28:167|~IN~]Checking all files which are crossed the time to close
[RECORDER10|WriteFile.cpp|00349|30-03-2016 19:16:28:167|~IN~]Checking all files which are crossed the time to close
[RECORDER10|WriteFile.cpp|00349|30-03-2016 19:16:38:169|~IN~]Checking all files which are crossed the time to close
[RECORDER10|WriteFile.cpp|00349|30-03-2016 19:16:38:169|~IN~]Checking all files which are crossed the time to close
[RECORDER10|WriteFile.cpp|00349|30-03-2016 19:16:38:169|~IN~]Checking all files which are crossed the time to close
[RECORDER10|WriteFile.cpp|00349|30-03-2016 19:16:48:170|~IN~]Checking all files which are crossed the time to close
[RECORDER10|WriteFile.cpp|00349|30-03-2016 19:16:48:170|~IN~]Checking all files which are crossed the time to close
[RECORDER10|WriteFile.cpp|00349|30-03-2016 19:16:48:170|~IN~]Checking all files which are crossed the time to close
[RECORDER10|WriteFile.cpp|00349|30-03-2016 19:16:58:172|~IN~]Checking all files which are crossed the time to close
[RECORDER10|WriteFile.cpp|00349|30-03-2016 19:16:58:172|~IN~]Checking all files which are crossed the time to close
[RECORDER10|WriteFile.cpp|00349|30-03-2016 19:16:58:172|~IN~]Checking all files which are crossed the time to close
[RECORDER10|WriteFile.cpp|00349|30-03-2016 19:17:08:173|~IN~]Checking all files which are crossed the time to close
[RECORDER10|WriteFile.cpp|00349|30-03-2016 19:17:08:173|~IN~]Checking all files which are crossed the time to close
[RECORDER10|WriteFile.cpp|00349|30-03-2016 19:17:08:173|~IN~]Checking all files which are crossed the time to close
[RECORDER10|WriteFile.cpp|00349|30-03-2016 19:17:18:175|~IN~]Checking all files which are crossed the time to close
[RECORDER10|WriteFile.cpp|00349|30-03-2016 19:17:18:175|~IN~]Checking all files which are crossed the time to close
[RECORDER10|WriteFile.cpp|00349|30-03-2016 19:17:18:175|~IN~]Checking all files which are crossed the time to close
[RECORDER10|WriteFile.cpp|00349|30-03-2016 19:17:28:177|~IN~]Checking all files which are crossed the time to close
[RECORDER10|WriteFile.cpp|00349|30-03-2016 19:17:28:178|~IN~]Checking all files which are crossed the time to close
[RECORDER10|WriteFile.cpp|00349|30-03-2016 19:17:28:178|~IN~]Checking all files which are crossed the time to close
[RECORDER10|WriteFile.cpp|00349|30-03-2016 19:17:38:178|~IN~]Checking all files which are crossed the time to close
[RECORDER10|WriteFile.cpp|00349|30-03-2016 19:17:38:179|~IN~]Checking all files which are crossed the time to close
[RECORDER10|WriteFile.cpp|00349|30-03-2016 19:17:38:179|~IN~]Checking all files which are crossed the time to close
[RECORDER10|WriteFile.cpp|00349|30-03-2016 19:17:48:180|~IN~]Checking all files which are crossed the time to close
[RECORDER10|WriteFile.cpp|00349|30-03-2016 19:17:48:180|~IN~]Checking all files which are crossed the time to close
[RECORDER10|WriteFile.cpp|00349|30-03-2016 19:17:48:180|~IN~]Checking all files which are crossed the time to close
[RECORDER10|WriteFile.cpp|00349|30-03-2016 19:17:58:182|~IN~]Checking all files which are crossed the time to close
[RECORDER10|WriteFile.cpp|00349|30-03-2016 19:17:58:182|~IN~]Checking all files which are crossed the time to close
[RECORDER10|WriteFile.cpp|00349|30-03-2016 19:17:58:182|~IN~]Checking all files which are crossed the time to close
[RECORDER10|WriteFile.cpp|00349|30-03-2016 19:18:08:184|~IN~]Checking all files which are crossed the time to close
[RECORDER10|WriteFile.cpp|00349|30-03-2016 19:18:08:184|~IN~]Checking all files which are crossed the time to close
[RECORDER10|WriteFile.cpp|00349|30-03-2016 19:18:08:184|~IN~]Checking all files which are crossed the time to close
[RECORDER10|WriteFile.cpp|00349|30-03-2016 19:18:18:185|~IN~]Checking all files which are crossed the time to close
[RECORDER10|WriteFile.cpp|00349|30-03-2016 19:18:18:185|~IN~]Checking all files which are crossed the time to close
[RECORDER10|WriteFile.cpp|00349|30-03-2016 19:18:18:185|~IN~]Checking all files which are crossed the time to close
[RECORDER10|WriteFile.cpp|00349|30-03-2016 19:18:28:187|~IN~]Checking all files which are crossed the time to close
[RECORDER10|WriteFile.cpp|00349|30-03-2016 19:18:28:187|~IN~]Checking all files which are crossed the time to close
[RECORDER10|WriteFile.cpp|00349|30-03-2016 19:18:28:187|~IN~]Checking all files which are crossed the time to close
[RECORDER10|WriteFile.cpp|00349|30-03-2016 19:18:38:189|~IN~]Checking all files which are crossed the time to close
[RECORDER10|WriteFile.cpp|00349|30-03-2016 19:18:38:189|~IN~]Checking all files which are crossed the time to close
[RECORDER10|WriteFile.cpp|00349|30-03-2016 19:18:38:189|~IN~]Checking all files which are crossed the time to close
[RECORDER10|WriteFile.cpp|00349|30-03-2016 19:18:48:194|~IN~]Checking all files which are crossed the time to close
[RECORDER10|WriteFile.cpp|00349|30-03-2016 19:18:48:194|~IN~]Checking all files which are crossed the time to close
[RECORDER10|WriteFile.cpp|00349|30-03-2016 19:18:48:194|~IN~]Checking all files which are crossed the time to close
[RECORDER10|WriteFile.cpp|00349|30-03-2016 19:18:58:196|~IN~]Checking all files which are crossed the time to close
[RECORDER10|WriteFile.cpp|00349|30-03-2016 19:18:58:196|~IN~]Checking all files which are crossed the time to close
[RECORDER10|WriteFile.cpp|00349|30-03-2016 19:18:58:196|~IN~]Checking all files which are crossed the time to close
[RECORDER10|WriteFile.cpp|00349|30-03-2016 19:19:08:197|~IN~]Checking all files which are crossed the time to close
[RECORDER10|WriteFile.cpp|00349|30-03-2016 19:19:08:197|~IN~]Checking all files which are crossed the time to close
[RECORDER10|WriteFile.cpp|00349|30-03-2016 19:19:08:197|~IN~]Checking all files which are crossed the time to close
[RECORDER10|WriteFile.cpp|00349|30-03-2016 19:19:18:198|~IN~]Checking all files which are crossed the time to close
[RECORDER10|WriteFile.cpp|00349|30-03-2016 19:19:18:198|~IN~]Checking all files which are crossed the time to close
[RECORDER10|WriteFile.cpp|00349|30-03-2016 19:19:18:198|~IN~]Checking all files which are crossed the time to close
[RECORDER10|WriteFile.cpp|00349|30-03-2016 19:19:28:200|~IN~]Checking all files which are crossed the time to close
[RECORDER10|WriteFile.cpp|00349|30-03-2016 19:19:28:201|~IN~]Checking all files which are crossed the time to close
[RECORDER10|WriteFile.cpp|00349|30-03-2016 19:19:28:201|~IN~]Checking all files which are crossed the time to close
[RECORDER10|WriteFile.cpp|00349|30-03-2016 19:19:38:203|~IN~]Checking all files which are crossed the time to close
[RECORDER10|WriteFile.cpp|00349|30-03-2016 19:19:38:203|~IN~]Checking all files which are crossed the time to close
[RECORDER10|WriteFile.cpp|00349|30-03-2016 19:19:38:203|~IN~]Checking all files which are crossed the time to close
[RECORDER10|WriteFile.cpp|00349|30-03-2016 19:19:48:204|~IN~]Checking all files which are crossed the time to close
[RECORDER10|WriteFile.cpp|00349|30-03-2016 19:19:48:204|~IN~]Checking all files which are crossed the time to close
[RECORDER10|WriteFile.cpp|00349|30-03-2016 19:19:48:204|~IN~]Checking all files which are crossed the time to close
[RECORDER10|WriteFile.cpp|00349|30-03-2016 19:19:58:205|~IN~]Checking all files which are crossed the time to close
[RECORDER10|WriteFile.cpp|00349|30-03-2016 19:19:58:205|~IN~]Checking all files which are crossed the time to close
[RECORDER10|WriteFile.cpp|00349|30-03-2016 19:19:58:205|~IN~]Checking all files which are crossed the time to close
[RECORDER10|WriteFile.cpp|00349|30-03-2016 19:20:08:207|~IN~]Checking all files which are crossed the time to close
[RECORDER10|WriteFile.cpp|00349|30-03-2016 19:20:08:207|~IN~]Checking all files which are crossed the time to close
[RECORDER10|WriteFile.cpp|00349|30-03-2016 19:20:08:207|~IN~]Checking all files which are crossed the time to close
[RECORDER10|WriteFile.cpp|00349|30-03-2016 19:20:18:208|~IN~]Checking all files which are crossed the time to close
[RECORDER10|WriteFile.cpp|00349|30-03-2016 19:20:18:208|~IN~]Checking all files which are crossed the time to close
[RECORDER10|WriteFile.cpp|00349|30-03-2016 19:20:18:208|~IN~]Checking all files which are crossed the time to close
[RECORDER10|WriteFile.cpp|00349|30-03-2016 19:20:28:210|~IN~]Checking all files which are crossed the time to close
[RECORDER10|WriteFile.cpp|00349|30-03-2016 19:20:28:210|~IN~]Checking all files which are crossed the time to close
[RECORDER10|WriteFile.cpp|00349|30-03-2016 19:20:28:210|~IN~]Checking all files which are crossed the time to close
[RECORDER10|WriteFile.cpp|00349|30-03-2016 19:20:38:211|~IN~]Checking all files which are crossed the time to close
[RECORDER10|WriteFile.cpp|00349|30-03-2016 19:20:38:212|~IN~]Checking all files which are crossed the time to close
[RECORDER10|WriteFile.cpp|00349|30-03-2016 19:20:38:212|~IN~]Checking all files which are crossed the time to close
[RECORDER10|WriteFile.cpp|00349|30-03-2016 19:20:48:213|~IN~]Checking all files which are crossed the time to close
[RECORDER10|WriteFile.cpp|00349|30-03-2016 19:20:48:213|~IN~]Checking all files which are crossed the time to close
[RECORDER10|WriteFile.cpp|00349|30-03-2016 19:20:48:213|~IN~]Checking all files which are crossed the time to close
[RECORDER10|WriteFile.cpp|00349|30-03-2016 19:20:58:214|~IN~]Checking all files which are crossed the time to close
[RECORDER10|WriteFile.cpp|00349|30-03-2016 19:20:58:214|~IN~]Checking all files which are crossed the time to close
[RECORDER10|WriteFile.cpp|00349|30-03-2016 19:20:58:214|~IN~]Checking all files which are crossed the time to close
[RECORDER10|WriteFile.cpp|00349|30-03-2016 19:21:08:216|~IN~]Checking all files which are crossed the time to close
[RECORDER10|WriteFile.cpp|00349|30-03-2016 19:21:08:216|~IN~]Checking all files which are crossed the time to close
[RECORDER10|WriteFile.cpp|00349|30-03-2016 19:21:08:216|~IN~]Checking all files which are crossed the time to close
[RECORDER10|WriteFile.cpp|00349|30-03-2016 19:21:18:217|~IN~]Checking all files which are crossed the time to close
[RECORDER10|WriteFile.cpp|00349|30-03-2016 19:21:18:218|~IN~]Checking all files which are crossed the time to close
[RECORDER10|WriteFile.cpp|00349|30-03-2016 19:21:18:218|~IN~]Checking all files which are crossed the time to close
[RECORDER10|WriteFile.cpp|00349|30-03-2016 19:21:28:218|~IN~]Checking all files which are crossed the time to close
[RECORDER10|WriteFile.cpp|00349|30-03-2016 19:21:28:218|~IN~]Checking all files which are crossed the time to close
[RECORDER10|WriteFile.cpp|00349|30-03-2016 19:21:28:218|~IN~]Checking all files which are crossed the time to close
[RECORDER10|WriteFile.cpp|00349|30-03-2016 19:21:38:220|~IN~]Checking all files which are crossed the time to close
[RECORDER10|WriteFile.cpp|00349|30-03-2016 19:21:38:220|~IN~]Checking all files which are crossed the time to close
[RECORDER10|WriteFile.cpp|00349|30-03-2016 19:21:38:220|~IN~]Checking all files which are crossed the time to close
[RECORDER10|WriteFile.cpp|00349|30-03-2016 19:21:48:222|~IN~]Checking all files which are crossed the time to close
[RECORDER10|WriteFile.cpp|00349|30-03-2016 19:21:48:222|~IN~]Checking all files which are crossed the time to close
[RECORDER10|WriteFile.cpp|00349|30-03-2016 19:21:48:222|~IN~]Checking all files which are crossed the time to close
[RECORDER10|WriteFile.cpp|00349|30-03-2016 19:21:58:224|~IN~]Checking all files which are crossed the time to close
[RECORDER10|WriteFile.cpp|00349|30-03-2016 19:21:58:224|~IN~]Checking all files which are crossed the time to close
[RECORDER10|WriteFile.cpp|00349|30-03-2016 19:21:58:224|~IN~]Checking all files which are crossed the time to close
[RECORDER10|WriteFile.cpp|00349|30-03-2016 19:22:08:225|~IN~]Checking all files which are crossed the time to close
[RECORDER10|WriteFile.cpp|00349|30-03-2016 19:22:08:225|~IN~]Checking all files which are crossed the time to close
[RECORDER10|WriteFile.cpp|00349|30-03-2016 19:22:08:225|~IN~]Checking all files which are crossed the time to close
[RECORDER10|WriteFile.cpp|00349|30-03-2016 19:22:18:227|~IN~]Checking all files which are crossed the time to close
[RECORDER10|WriteFile.cpp|00349|30-03-2016 19:22:18:227|~IN~]Checking all files which are crossed the time to close
[RECORDER10|WriteFile.cpp|00349|30-03-2016 19:22:18:227|~IN~]Checking all files which are crossed the time to close
[RECORDER10|WriteFile.cpp|00349|30-03-2016 19:22:28:231|~IN~]Checking all files which are crossed the time to close
[RECORDER10|WriteFile.cpp|00349|30-03-2016 19:22:28:231|~IN~]Checking all files which are crossed the time to close
[RECORDER10|WriteFile.cpp|00349|30-03-2016 19:22:28:231|~IN~]Checking all files which are crossed the time to close
[RECORDER10|WriteFile.cpp|00349|30-03-2016 19:22:38:232|~IN~]Checking all files which are crossed the time to close
[RECORDER10|WriteFile.cpp|00349|30-03-2016 19:22:38:232|~IN~]Checking all files which are crossed the time to close
[RECORDER10|WriteFile.cpp|00349|30-03-2016 19:22:38:232|~IN~]Checking all files which are crossed the time to close
[RECORDER10|WriteFile.cpp|00349|30-03-2016 19:22:48:234|~IN~]Checking all files which are crossed the time to close
[RECORDER10|WriteFile.cpp|00349|30-03-2016 19:22:48:234|~IN~]Checking all files which are crossed the time to close
[RECORDER10|WriteFile.cpp|00349|30-03-2016 19:22:48:234|~IN~]Checking all files which are crossed the time to close
[RECORDER10|WriteFile.cpp|00349|30-03-2016 19:22:58:236|~IN~]Checking all files which are crossed the time to close
[RECORDER10|WriteFile.cpp|00349|30-03-2016 19:22:58:236|~IN~]Checking all files which are crossed the time to close
[RECORDER10|WriteFile.cpp|00349|30-03-2016 19:22:58:236|~IN~]Checking all files which are crossed the time to close
[RECORDER10|WriteFile.cpp|00349|30-03-2016 19:23:08:237|~IN~]Checking all files which are crossed the time to close
[RECORDER10|WriteFile.cpp|00349|30-03-2016 19:23:08:237|~IN~]Checking all files which are crossed the time to close
[RECORDER10|WriteFile.cpp|00349|30-03-2016 19:23:08:237|~IN~]Checking all files which are crossed the time to close
[RECORDER10|WriteFile.cpp|00349|30-03-2016 19:23:18:239|~IN~]Checking all files which are crossed the time to close
[RECORDER10|WriteFile.cpp|00349|30-03-2016 19:23:18:239|~IN~]Checking all files which are crossed the time to close
[RECORDER10|WriteFile.cpp|00349|30-03-2016 19:23:18:239|~IN~]Checking all files which are crossed the time to close
[RECORDER10|WriteFile.cpp|00349|30-03-2016 19:23:28:249|~IN~]Checking all files which are crossed the time to close
[RECORDER10|WriteFile.cpp|00349|30-03-2016 19:23:28:249|~IN~]Checking all files which are crossed the time to close
[RECORDER10|WriteFile.cpp|00349|30-03-2016 19:23:28:249|~IN~]Checking all files which are crossed the time to close
[RECORDER10|WriteFile.cpp|00349|30-03-2016 19:23:38:250|~IN~]Checking all files which are crossed the time to close
[RECORDER10|WriteFile.cpp|00349|30-03-2016 19:23:38:250|~IN~]Checking all files which are crossed the time to close
[RECORDER10|WriteFile.cpp|00349|30-03-2016 19:23:38:250|~IN~]Checking all files which are crossed the time to close
[RECORDER10|WriteFile.cpp|00349|30-03-2016 19:23:48:251|~IN~]Checking all files which are crossed the time to close
[RECORDER10|WriteFile.cpp|00349|30-03-2016 19:23:48:251|~IN~]Checking all files which are crossed the time to close
[RECORDER10|WriteFile.cpp|00349|30-03-2016 19:23:48:251|~IN~]Checking all files which are crossed the time to close
[RECORDER10|WriteFile.cpp|00349|30-03-2016 19:23:58:252|~IN~]Checking all files which are crossed the time to close
[RECORDER10|WriteFile.cpp|00349|30-03-2016 19:23:58:252|~IN~]Checking all files which are crossed the time to close
[RECORDER10|WriteFile.cpp|00349|30-03-2016 19:23:58:252|~IN~]Checking all files which are crossed the time to close
[RECORDER10|WriteFile.cpp|00349|30-03-2016 19:24:08:254|~IN~]Checking all files which are crossed the time to close
[RECORDER10|WriteFile.cpp|00349|30-03-2016 19:24:08:254|~IN~]Checking all files which are crossed the time to close
[RECORDER10|WriteFile.cpp|00349|30-03-2016 19:24:08:254|~IN~]Checking all files which are crossed the time to close
[RECORDER10|WriteFile.cpp|00349|30-03-2016 19:24:18:256|~IN~]Checking all files which are crossed the time to close
[RECORDER10|WriteFile.cpp|00349|30-03-2016 19:24:18:256|~IN~]Checking all files which are crossed the time to close
[RECORDER10|WriteFile.cpp|00349|30-03-2016 19:24:18:256|~IN~]Checking all files which are crossed the time to close
[RECORDER10|WriteFile.cpp|00349|30-03-2016 19:24:28:258|~IN~]Checking all files which are crossed the time to close
[RECORDER10|WriteFile.cpp|00349|30-03-2016 19:24:28:258|~IN~]Checking all files which are crossed the time to close
[RECORDER10|WriteFile.cpp|00349|30-03-2016 19:24:28:258|~IN~]Checking all files which are crossed the time to close
[RECORDER10|WriteFile.cpp|00349|30-03-2016 19:24:38:259|~IN~]Checking all files which are crossed the time to close
[RECORDER10|WriteFile.cpp|00349|30-03-2016 19:24:38:259|~IN~]Checking all files which are crossed the time to close
[RECORDER10|WriteFile.cpp|00349|30-03-2016 19:24:38:259|~IN~]Checking all files which are crossed the time to close
[RECORDER10|WriteFile.cpp|00349|30-03-2016 19:24:48:260|~IN~]Checking all files which are crossed the time to close
[RECORDER10|WriteFile.cpp|00349|30-03-2016 19:24:48:260|~IN~]Checking all files which are crossed the time to close
[RECORDER10|WriteFile.cpp|00349|30-03-2016 19:24:48:260|~IN~]Checking all files which are crossed the time to close
[RECORDER10|WriteFile.cpp|00349|30-03-2016 19:24:58:262|~IN~]Checking all files which are crossed the time to close
[RECORDER10|WriteFile.cpp|00349|30-03-2016 19:24:58:262|~IN~]Checking all files which are crossed the time to close
[RECORDER10|WriteFile.cpp|00349|30-03-2016 19:24:58:262|~IN~]Checking all files which are crossed the time to close
[RECORDER10|WriteFile.cpp|00349|30-03-2016 19:25:08:265|~IN~]Checking all files which are crossed the time to close
[RECORDER10|WriteFile.cpp|00349|30-03-2016 19:25:08:265|~IN~]Checking all files which are crossed the time to close
[RECORDER10|WriteFile.cpp|00349|30-03-2016 19:25:08:265|~IN~]Checking all files which are crossed the time to close
[RECORDER10|WriteFile.cpp|00349|30-03-2016 19:25:18:265|~IN~]Checking all files which are crossed the time to close
[RECORDER10|WriteFile.cpp|00349|30-03-2016 19:25:18:265|~IN~]Checking all files which are crossed the time to close
[RECORDER10|WriteFile.cpp|00349|30-03-2016 19:25:18:265|~IN~]Checking all files which are crossed the time to close
