[RECORDER10|WriteFile.cpp|00349|15-11-2016 14:06:15:916|~IN~]Checking all files which are crossed the time to close
[RECORDER10|WriteFile.cpp|00349|15-11-2016 14:06:15:917|~IN~]Checking all files which are crossed the time to close
[RECORDER10|WriteFile.cpp|00349|15-11-2016 14:06:15:917|~IN~]Checking all files which are crossed the time to close
[RECORDER10|WriteFile.cpp|00349|15-11-2016 14:06:25:918|~IN~]Checking all files which are crossed the time to close
[RECORDER10|WriteFile.cpp|00349|15-11-2016 14:06:25:919|~IN~]Checking all files which are crossed the time to close
[RECORDER10|WriteFile.cpp|00349|15-11-2016 14:06:25:919|~IN~]Checking all files which are crossed the time to close
[RECORDER10|WriteFile.cpp|00349|15-11-2016 14:06:35:918|~IN~]Checking all files which are crossed the time to close
[RECORDER10|WriteFile.cpp|00349|15-11-2016 14:06:35:919|~IN~]Checking all files which are crossed the time to close
[RECORDER10|WriteFile.cpp|00349|15-11-2016 14:06:35:919|~IN~]Checking all files which are crossed the time to close
[RECORDER10|WriteFile.cpp|00349|15-11-2016 14:06:45:920|~IN~]Checking all files which are crossed the time to close
[RECORDER10|WriteFile.cpp|00349|15-11-2016 14:06:45:920|~IN~]Checking all files which are crossed the time to close
[RECORDER10|WriteFile.cpp|00349|15-11-2016 14:06:45:920|~IN~]Checking all files which are crossed the time to close
[RECORDER10|WriteFile.cpp|00349|15-11-2016 14:06:55:922|~IN~]Checking all files which are crossed the time to close
[RECORDER10|WriteFile.cpp|00349|15-11-2016 14:06:55:922|~IN~]Checking all files which are crossed the time to close
[RECORDER10|WriteFile.cpp|00349|15-11-2016 14:06:55:922|~IN~]Checking all files which are crossed the time to close
[RECORDER10|WriteFile.cpp|00349|15-11-2016 14:07:05:923|~IN~]Checking all files which are crossed the time to close
[RECORDER10|WriteFile.cpp|00349|15-11-2016 14:07:05:923|~IN~]Checking all files which are crossed the time to close
[RECORDER10|WriteFile.cpp|00349|15-11-2016 14:07:05:923|~IN~]Checking all files which are crossed the time to close
[RECORDER10|WriteFile.cpp|00349|15-11-2016 14:07:15:925|~IN~]Checking all files which are crossed the time to close
[RECORDER10|WriteFile.cpp|00349|15-11-2016 14:07:15:925|~IN~]Checking all files which are crossed the time to close
[RECORDER10|WriteFile.cpp|00349|15-11-2016 14:07:15:925|~IN~]Checking all files which are crossed the time to close
[RECORDER10|WriteFile.cpp|00349|15-11-2016 14:07:25:927|~IN~]Checking all files which are crossed the time to close
[RECORDER10|WriteFile.cpp|00349|15-11-2016 14:07:25:927|~IN~]Checking all files which are crossed the time to close
[RECORDER10|WriteFile.cpp|00349|15-11-2016 14:07:25:927|~IN~]Checking all files which are crossed the time to close
[RECORDER10|WriteFile.cpp|00349|15-11-2016 14:07:35:930|~IN~]Checking all files which are crossed the time to close
[RECORDER10|WriteFile.cpp|00349|15-11-2016 14:07:35:930|~IN~]Checking all files which are crossed the time to close
[RECORDER10|WriteFile.cpp|00349|15-11-2016 14:07:35:930|~IN~]Checking all files which are crossed the time to close
[RECORDER10|WriteFile.cpp|00349|15-11-2016 14:07:45:933|~IN~]Checking all files which are crossed the time to close
[RECORDER10|WriteFile.cpp|00349|15-11-2016 14:07:45:933|~IN~]Checking all files which are crossed the time to close
[RECORDER10|WriteFile.cpp|00349|15-11-2016 14:07:45:933|~IN~]Checking all files which are crossed the time to close
[RECORDER10|WriteFile.cpp|00349|15-11-2016 14:07:55:945|~IN~]Checking all files which are crossed the time to close
[RECORDER10|WriteFile.cpp|00349|15-11-2016 14:07:55:946|~IN~]Checking all files which are crossed the time to close
[RECORDER10|WriteFile.cpp|00349|15-11-2016 14:07:55:946|~IN~]Checking all files which are crossed the time to close
[RECORDER10|WriteFile.cpp|00349|15-11-2016 14:08:05:948|~IN~]Checking all files which are crossed the time to close
[RECORDER10|WriteFile.cpp|00349|15-11-2016 14:08:05:949|~IN~]Checking all files which are crossed the time to close
[RECORDER10|WriteFile.cpp|00349|15-11-2016 14:08:05:949|~IN~]Checking all files which are crossed the time to close
[RECORDER10|WriteFile.cpp|00349|15-11-2016 14:08:15:950|~IN~]Checking all files which are crossed the time to close
[RECORDER10|WriteFile.cpp|00349|15-11-2016 14:08:15:951|~IN~]Checking all files which are crossed the time to close
[RECORDER10|WriteFile.cpp|00349|15-11-2016 14:08:15:951|~IN~]Checking all files which are crossed the time to close
[RECORDER10|TcpServer.cpp|00098|15-11-2016 14:08:16:843|~ER~] Socket Disconnected : 0
[RECORDER10|TcpServer.cpp|00228|15-11-2016 14:08:16:843|~ER~]Clint Has Discoonected From 
[RECORDER10|CdrServer.cpp|00029|15-11-2016 14:08:16:843|~ER~]Clinet Disconnected :144297256
[RECORDER10|TcpServer.cpp|00245|15-11-2016 14:08:16:845|~CR~]Clinet  Disconnected
[RECORDER10|WriteFile.cpp|00349|15-11-2016 14:08:25:954|~IN~]Checking all files which are crossed the time to close
[RECORDER10|WriteFile.cpp|00349|15-11-2016 14:08:25:954|~IN~]Checking all files which are crossed the time to close
[RECORDER10|WriteFile.cpp|00349|15-11-2016 14:08:25:954|~IN~]Checking all files which are crossed the time to close
[RECORDER10|WriteFile.cpp|00349|15-11-2016 14:08:35:957|~IN~]Checking all files which are crossed the time to close
[RECORDER10|WriteFile.cpp|00349|15-11-2016 14:08:35:957|~IN~]Checking all files which are crossed the time to close
[RECORDER10|WriteFile.cpp|00349|15-11-2016 14:08:35:957|~IN~]Checking all files which are crossed the time to close
[RECORDER10|WriteFile.cpp|00349|15-11-2016 14:08:45:959|~IN~]Checking all files which are crossed the time to close
[RECORDER10|WriteFile.cpp|00349|15-11-2016 14:08:45:959|~IN~]Checking all files which are crossed the time to close
[RECORDER10|WriteFile.cpp|00349|15-11-2016 14:08:45:959|~IN~]Checking all files which are crossed the time to close
[RECORDER10|WriteFile.cpp|00349|15-11-2016 14:08:55:962|~IN~]Checking all files which are crossed the time to close
[RECORDER10|WriteFile.cpp|00349|15-11-2016 14:08:55:962|~IN~]Checking all files which are crossed the time to close
[RECORDER10|WriteFile.cpp|00349|15-11-2016 14:08:55:962|~IN~]Checking all files which are crossed the time to close
[RECORDER10|WriteFile.cpp|00349|15-11-2016 14:09:05:964|~IN~]Checking all files which are crossed the time to close
[RECORDER10|WriteFile.cpp|00349|15-11-2016 14:09:05:964|~IN~]Checking all files which are crossed the time to close
[RECORDER10|WriteFile.cpp|00349|15-11-2016 14:09:05:964|~IN~]Checking all files which are crossed the time to close
[RECORDER10|WriteFile.cpp|00349|15-11-2016 14:09:15:967|~IN~]Checking all files which are crossed the time to close
[RECORDER10|WriteFile.cpp|00349|15-11-2016 14:09:15:967|~IN~]Checking all files which are crossed the time to close
[RECORDER10|WriteFile.cpp|00349|15-11-2016 14:09:15:967|~IN~]Checking all files which are crossed the time to close
[RECORDER10|WriteFile.cpp|00349|15-11-2016 14:09:25:969|~IN~]Checking all files which are crossed the time to close
[RECORDER10|WriteFile.cpp|00349|15-11-2016 14:09:25:969|~IN~]Checking all files which are crossed the time to close
[RECORDER10|WriteFile.cpp|00349|15-11-2016 14:09:25:969|~IN~]Checking all files which are crossed the time to close
[RECORDER10|WriteFile.cpp|00349|15-11-2016 14:09:35:972|~IN~]Checking all files which are crossed the time to close
[RECORDER10|WriteFile.cpp|00349|15-11-2016 14:09:35:972|~IN~]Checking all files which are crossed the time to close
[RECORDER10|WriteFile.cpp|00349|15-11-2016 14:09:35:972|~IN~]Checking all files which are crossed the time to close
[RECORDER10|WriteFile.cpp|00349|15-11-2016 14:09:45:975|~IN~]Checking all files which are crossed the time to close
[RECORDER10|WriteFile.cpp|00349|15-11-2016 14:09:45:975|~IN~]Checking all files which are crossed the time to close
[RECORDER10|WriteFile.cpp|00349|15-11-2016 14:09:45:975|~IN~]Checking all files which are crossed the time to close
[RECORDER10|WriteFile.cpp|00349|15-11-2016 14:09:55:978|~IN~]Checking all files which are crossed the time to close
[RECORDER10|WriteFile.cpp|00349|15-11-2016 14:09:55:978|~IN~]Checking all files which are crossed the time to close
[RECORDER10|WriteFile.cpp|00349|15-11-2016 14:09:55:978|~IN~]Checking all files which are crossed the time to close
[RECORDER10|WriteFile.cpp|00349|15-11-2016 14:10:05:980|~IN~]Checking all files which are crossed the time to close
[RECORDER10|WriteFile.cpp|00349|15-11-2016 14:10:05:980|~IN~]Checking all files which are crossed the time to close
[RECORDER10|WriteFile.cpp|00349|15-11-2016 14:10:05:980|~IN~]Checking all files which are crossed the time to close
[RECORDER10|WriteFile.cpp|00349|15-11-2016 14:10:15:983|~IN~]Checking all files which are crossed the time to close
[RECORDER10|WriteFile.cpp|00349|15-11-2016 14:10:15:983|~IN~]Checking all files which are crossed the time to close
[RECORDER10|WriteFile.cpp|00349|15-11-2016 14:10:15:983|~IN~]Checking all files which are crossed the time to close
[RECORDER10|WriteFile.cpp|00349|15-11-2016 14:10:25:987|~IN~]Checking all files which are crossed the time to close
[RECORDER10|WriteFile.cpp|00349|15-11-2016 14:10:25:987|~IN~]Checking all files which are crossed the time to close
[RECORDER10|WriteFile.cpp|00349|15-11-2016 14:10:25:987|~IN~]Checking all files which are crossed the time to close
[RECORDER10|WriteFile.cpp|00349|15-11-2016 14:10:35:990|~IN~]Checking all files which are crossed the time to close
[RECORDER10|WriteFile.cpp|00349|15-11-2016 14:10:35:990|~IN~]Checking all files which are crossed the time to close
[RECORDER10|WriteFile.cpp|00349|15-11-2016 14:10:35:990|~IN~]Checking all files which are crossed the time to close
[RECORDER10|WriteFile.cpp|00349|15-11-2016 14:10:45:993|~IN~]Checking all files which are crossed the time to close
[RECORDER10|WriteFile.cpp|00349|15-11-2016 14:10:45:993|~IN~]Checking all files which are crossed the time to close
[RECORDER10|WriteFile.cpp|00349|15-11-2016 14:10:45:993|~IN~]Checking all files which are crossed the time to close
[RECORDER10|WriteFile.cpp|00349|15-11-2016 14:10:55:995|~IN~]Checking all files which are crossed the time to close
[RECORDER10|WriteFile.cpp|00349|15-11-2016 14:10:55:995|~IN~]Checking all files which are crossed the time to close
[RECORDER10|WriteFile.cpp|00349|15-11-2016 14:10:55:995|~IN~]Checking all files which are crossed the time to close
[RECORDER10|WriteFile.cpp|00349|15-11-2016 14:11:05:999|~IN~]Checking all files which are crossed the time to close
[RECORDER10|WriteFile.cpp|00349|15-11-2016 14:11:05:999|~IN~]Checking all files which are crossed the time to close
[RECORDER10|WriteFile.cpp|00349|15-11-2016 14:11:05:999|~IN~]Checking all files which are crossed the time to close
[RECORDER10|WriteFile.cpp|00349|15-11-2016 14:11:16:002|~IN~]Checking all files which are crossed the time to close
[RECORDER10|WriteFile.cpp|00349|15-11-2016 14:11:16:002|~IN~]Checking all files which are crossed the time to close
[RECORDER10|WriteFile.cpp|00349|15-11-2016 14:11:16:002|~IN~]Checking all files which are crossed the time to close
[RECORDER10|WriteFile.cpp|00349|15-11-2016 14:11:26:005|~IN~]Checking all files which are crossed the time to close
[RECORDER10|WriteFile.cpp|00349|15-11-2016 14:11:26:005|~IN~]Checking all files which are crossed the time to close
[RECORDER10|WriteFile.cpp|00349|15-11-2016 14:11:26:005|~IN~]Checking all files which are crossed the time to close
[RECORDER10|WriteFile.cpp|00349|15-11-2016 14:11:36:007|~IN~]Checking all files which are crossed the time to close
[RECORDER10|WriteFile.cpp|00349|15-11-2016 14:11:36:007|~IN~]Checking all files which are crossed the time to close
[RECORDER10|WriteFile.cpp|00349|15-11-2016 14:11:36:007|~IN~]Checking all files which are crossed the time to close
[RECORDER10|WriteFile.cpp|00349|15-11-2016 14:11:46:010|~IN~]Checking all files which are crossed the time to close
[RECORDER10|WriteFile.cpp|00349|15-11-2016 14:11:46:010|~IN~]Checking all files which are crossed the time to close
[RECORDER10|WriteFile.cpp|00349|15-11-2016 14:11:46:010|~IN~]Checking all files which are crossed the time to close
[RECORDER10|WriteFile.cpp|00349|15-11-2016 14:11:56:012|~IN~]Checking all files which are crossed the time to close
[RECORDER10|WriteFile.cpp|00349|15-11-2016 14:11:56:012|~IN~]Checking all files which are crossed the time to close
[RECORDER10|WriteFile.cpp|00349|15-11-2016 14:11:56:013|~IN~]Checking all files which are crossed the time to close
[RECORDER10|WriteFile.cpp|00349|15-11-2016 14:12:06:015|~IN~]Checking all files which are crossed the time to close
[RECORDER10|WriteFile.cpp|00349|15-11-2016 14:12:06:016|~IN~]Checking all files which are crossed the time to close
[RECORDER10|WriteFile.cpp|00349|15-11-2016 14:12:06:016|~IN~]Checking all files which are crossed the time to close
[RECORDER10|WriteFile.cpp|00349|15-11-2016 14:12:16:018|~IN~]Checking all files which are crossed the time to close
[RECORDER10|WriteFile.cpp|00349|15-11-2016 14:12:16:018|~IN~]Checking all files which are crossed the time to close
[RECORDER10|WriteFile.cpp|00349|15-11-2016 14:12:16:018|~IN~]Checking all files which are crossed the time to close
[RECORDER10|WriteFile.cpp|00349|15-11-2016 14:12:26:019|~IN~]Checking all files which are crossed the time to close
[RECORDER10|WriteFile.cpp|00349|15-11-2016 14:12:26:019|~IN~]Checking all files which are crossed the time to close
[RECORDER10|WriteFile.cpp|00349|15-11-2016 14:12:26:019|~IN~]Checking all files which are crossed the time to close
[RECORDER10|WriteFile.cpp|00349|15-11-2016 14:12:36:020|~IN~]Checking all files which are crossed the time to close
[RECORDER10|WriteFile.cpp|00349|15-11-2016 14:12:36:021|~IN~]Checking all files which are crossed the time to close
[RECORDER10|WriteFile.cpp|00349|15-11-2016 14:12:36:021|~IN~]Checking all files which are crossed the time to close
[RECORDER10|WriteFile.cpp|00349|15-11-2016 14:12:46:022|~IN~]Checking all files which are crossed the time to close
[RECORDER10|WriteFile.cpp|00349|15-11-2016 14:12:46:022|~IN~]Checking all files which are crossed the time to close
[RECORDER10|WriteFile.cpp|00349|15-11-2016 14:12:46:022|~IN~]Checking all files which are crossed the time to close
[RECORDER10|WriteFile.cpp|00349|15-11-2016 14:12:56:024|~IN~]Checking all files which are crossed the time to close
[RECORDER10|WriteFile.cpp|00349|15-11-2016 14:12:56:024|~IN~]Checking all files which are crossed the time to close
[RECORDER10|WriteFile.cpp|00349|15-11-2016 14:12:56:024|~IN~]Checking all files which are crossed the time to close
[RECORDER10|WriteFile.cpp|00349|15-11-2016 14:13:06:025|~IN~]Checking all files which are crossed the time to close
[RECORDER10|WriteFile.cpp|00349|15-11-2016 14:13:06:025|~IN~]Checking all files which are crossed the time to close
[RECORDER10|WriteFile.cpp|00349|15-11-2016 14:13:06:025|~IN~]Checking all files which are crossed the time to close
[RECORDER10|WriteFile.cpp|00349|15-11-2016 14:13:16:026|~IN~]Checking all files which are crossed the time to close
[RECORDER10|WriteFile.cpp|00349|15-11-2016 14:13:16:026|~IN~]Checking all files which are crossed the time to close
[RECORDER10|WriteFile.cpp|00349|15-11-2016 14:13:16:026|~IN~]Checking all files which are crossed the time to close
[RECORDER10|WriteFile.cpp|00349|15-11-2016 14:13:26:029|~IN~]Checking all files which are crossed the time to close
[RECORDER10|WriteFile.cpp|00349|15-11-2016 14:13:26:033|~IN~]Checking all files which are crossed the time to close
[RECORDER10|WriteFile.cpp|00349|15-11-2016 14:13:26:033|~IN~]Checking all files which are crossed the time to close
[RECORDER10|WriteFile.cpp|00349|15-11-2016 14:13:36:035|~IN~]Checking all files which are crossed the time to close
[RECORDER10|WriteFile.cpp|00349|15-11-2016 14:13:36:035|~IN~]Checking all files which are crossed the time to close
[RECORDER10|WriteFile.cpp|00349|15-11-2016 14:13:36:035|~IN~]Checking all files which are crossed the time to close
[RECORDER10|WriteFile.cpp|00349|15-11-2016 14:13:46:036|~IN~]Checking all files which are crossed the time to close
[RECORDER10|WriteFile.cpp|00349|15-11-2016 14:13:46:036|~IN~]Checking all files which are crossed the time to close
[RECORDER10|WriteFile.cpp|00349|15-11-2016 14:13:46:036|~IN~]Checking all files which are crossed the time to close
[RECORDER10|WriteFile.cpp|00349|15-11-2016 14:13:56:037|~IN~]Checking all files which are crossed the time to close
[RECORDER10|WriteFile.cpp|00349|15-11-2016 14:13:56:037|~IN~]Checking all files which are crossed the time to close
[RECORDER10|WriteFile.cpp|00349|15-11-2016 14:13:56:037|~IN~]Checking all files which are crossed the time to close
[RECORDER10|WriteFile.cpp|00349|15-11-2016 14:14:06:039|~IN~]Checking all files which are crossed the time to close
[RECORDER10|WriteFile.cpp|00349|15-11-2016 14:14:06:039|~IN~]Checking all files which are crossed the time to close
[RECORDER10|WriteFile.cpp|00349|15-11-2016 14:14:06:039|~IN~]Checking all files which are crossed the time to close
[RECORDER10|WriteFile.cpp|00349|15-11-2016 14:14:16:041|~IN~]Checking all files which are crossed the time to close
[RECORDER10|WriteFile.cpp|00349|15-11-2016 14:14:16:041|~IN~]Checking all files which are crossed the time to close
[RECORDER10|WriteFile.cpp|00349|15-11-2016 14:14:16:041|~IN~]Checking all files which are crossed the time to close
[RECORDER10|WriteFile.cpp|00349|15-11-2016 14:14:26:044|~IN~]Checking all files which are crossed the time to close
[RECORDER10|WriteFile.cpp|00349|15-11-2016 14:14:26:044|~IN~]Checking all files which are crossed the time to close
[RECORDER10|WriteFile.cpp|00349|15-11-2016 14:14:26:044|~IN~]Checking all files which are crossed the time to close
[RECORDER10|WriteFile.cpp|00349|15-11-2016 14:14:36:046|~IN~]Checking all files which are crossed the time to close
[RECORDER10|WriteFile.cpp|00349|15-11-2016 14:14:36:046|~IN~]Checking all files which are crossed the time to close
[RECORDER10|WriteFile.cpp|00349|15-11-2016 14:14:36:046|~IN~]Checking all files which are crossed the time to close
[RECORDER10|WriteFile.cpp|00349|15-11-2016 14:14:46:048|~IN~]Checking all files which are crossed the time to close
[RECORDER10|WriteFile.cpp|00349|15-11-2016 14:14:46:049|~IN~]Checking all files which are crossed the time to close
[RECORDER10|WriteFile.cpp|00349|15-11-2016 14:14:46:049|~IN~]Checking all files which are crossed the time to close
[RECORDER10|WriteFile.cpp|00349|15-11-2016 14:14:56:051|~IN~]Checking all files which are crossed the time to close
[RECORDER10|WriteFile.cpp|00349|15-11-2016 14:14:56:051|~IN~]Checking all files which are crossed the time to close
[RECORDER10|WriteFile.cpp|00349|15-11-2016 14:14:56:051|~IN~]Checking all files which are crossed the time to close
[RECORDER10|WriteFile.cpp|00349|15-11-2016 14:15:06:054|~IN~]Checking all files which are crossed the time to close
[RECORDER10|WriteFile.cpp|00349|15-11-2016 14:15:06:055|~IN~]Checking all files which are crossed the time to close
[RECORDER10|WriteFile.cpp|00349|15-11-2016 14:15:06:055|~IN~]Checking all files which are crossed the time to close
[RECORDER10|WriteFile.cpp|00349|15-11-2016 14:15:16:057|~IN~]Checking all files which are crossed the time to close
[RECORDER10|WriteFile.cpp|00349|15-11-2016 14:15:16:057|~IN~]Checking all files which are crossed the time to close
[RECORDER10|WriteFile.cpp|00349|15-11-2016 14:15:16:057|~IN~]Checking all files which are crossed the time to close
[RECORDER10|WriteFile.cpp|00349|15-11-2016 14:15:26:059|~IN~]Checking all files which are crossed the time to close
[RECORDER10|WriteFile.cpp|00349|15-11-2016 14:15:26:059|~IN~]Checking all files which are crossed the time to close
[RECORDER10|WriteFile.cpp|00349|15-11-2016 14:15:26:059|~IN~]Checking all files which are crossed the time to close
[RECORDER10|WriteFile.cpp|00349|15-11-2016 14:15:36:062|~IN~]Checking all files which are crossed the time to close
[RECORDER10|WriteFile.cpp|00349|15-11-2016 14:15:36:062|~IN~]Checking all files which are crossed the time to close
[RECORDER10|WriteFile.cpp|00349|15-11-2016 14:15:36:063|~IN~]Checking all files which are crossed the time to close
[RECORDER10|WriteFile.cpp|00349|15-11-2016 14:15:46:066|~IN~]Checking all files which are crossed the time to close
[RECORDER10|WriteFile.cpp|00349|15-11-2016 14:15:46:066|~IN~]Checking all files which are crossed the time to close
[RECORDER10|WriteFile.cpp|00349|15-11-2016 14:15:46:066|~IN~]Checking all files which are crossed the time to close
[RECORDER10|WriteFile.cpp|00349|15-11-2016 14:15:56:068|~IN~]Checking all files which are crossed the time to close
[RECORDER10|WriteFile.cpp|00349|15-11-2016 14:15:56:068|~IN~]Checking all files which are crossed the time to close
[RECORDER10|WriteFile.cpp|00349|15-11-2016 14:15:56:068|~IN~]Checking all files which are crossed the time to close
[RECORDER10|WriteFile.cpp|00349|15-11-2016 14:16:06:071|~IN~]Checking all files which are crossed the time to close
[RECORDER10|WriteFile.cpp|00349|15-11-2016 14:16:06:071|~IN~]Checking all files which are crossed the time to close
[RECORDER10|WriteFile.cpp|00349|15-11-2016 14:16:06:071|~IN~]Checking all files which are crossed the time to close
[RECORDER10|WriteFile.cpp|00349|15-11-2016 14:16:16:073|~IN~]Checking all files which are crossed the time to close
[RECORDER10|WriteFile.cpp|00349|15-11-2016 14:16:16:073|~IN~]Checking all files which are crossed the time to close
[RECORDER10|WriteFile.cpp|00349|15-11-2016 14:16:16:073|~IN~]Checking all files which are crossed the time to close
[RECORDER10|WriteFile.cpp|00349|15-11-2016 14:16:26:075|~IN~]Checking all files which are crossed the time to close
[RECORDER10|WriteFile.cpp|00349|15-11-2016 14:16:26:075|~IN~]Checking all files which are crossed the time to close
[RECORDER10|WriteFile.cpp|00349|15-11-2016 14:16:26:075|~IN~]Checking all files which are crossed the time to close
[RECORDER10|WriteFile.cpp|00349|15-11-2016 14:16:36:078|~IN~]Checking all files which are crossed the time to close
[RECORDER10|WriteFile.cpp|00349|15-11-2016 14:16:36:078|~IN~]Checking all files which are crossed the time to close
[RECORDER10|WriteFile.cpp|00349|15-11-2016 14:16:36:078|~IN~]Checking all files which are crossed the time to close
[RECORDER10|WriteFile.cpp|00349|15-11-2016 14:16:46:081|~IN~]Checking all files which are crossed the time to close
[RECORDER10|WriteFile.cpp|00349|15-11-2016 14:16:46:081|~IN~]Checking all files which are crossed the time to close
[RECORDER10|WriteFile.cpp|00349|15-11-2016 14:16:46:081|~IN~]Checking all files which are crossed the time to close
[RECORDER10|WriteFile.cpp|00349|15-11-2016 14:16:56:084|~IN~]Checking all files which are crossed the time to close
[RECORDER10|WriteFile.cpp|00349|15-11-2016 14:16:56:084|~IN~]Checking all files which are crossed the time to close
[RECORDER10|WriteFile.cpp|00349|15-11-2016 14:16:56:084|~IN~]Checking all files which are crossed the time to close
[RECORDER10|WriteFile.cpp|00349|15-11-2016 14:17:06:086|~IN~]Checking all files which are crossed the time to close
[RECORDER10|WriteFile.cpp|00349|15-11-2016 14:17:06:086|~IN~]Checking all files which are crossed the time to close
[RECORDER10|WriteFile.cpp|00349|15-11-2016 14:17:06:086|~IN~]Checking all files which are crossed the time to close
[RECORDER10|WriteFile.cpp|00349|15-11-2016 14:17:16:089|~IN~]Checking all files which are crossed the time to close
[RECORDER10|WriteFile.cpp|00349|15-11-2016 14:17:16:089|~IN~]Checking all files which are crossed the time to close
[RECORDER10|WriteFile.cpp|00349|15-11-2016 14:17:16:089|~IN~]Checking all files which are crossed the time to close
[RECORDER10|WriteFile.cpp|00349|15-11-2016 14:17:26:092|~IN~]Checking all files which are crossed the time to close
[RECORDER10|WriteFile.cpp|00349|15-11-2016 14:17:26:092|~IN~]Checking all files which are crossed the time to close
[RECORDER10|WriteFile.cpp|00349|15-11-2016 14:17:26:092|~IN~]Checking all files which are crossed the time to close
[RECORDER10|WriteFile.cpp|00349|15-11-2016 14:17:36:095|~IN~]Checking all files which are crossed the time to close
[RECORDER10|WriteFile.cpp|00349|15-11-2016 14:17:36:095|~IN~]Checking all files which are crossed the time to close
[RECORDER10|WriteFile.cpp|00349|15-11-2016 14:17:36:095|~IN~]Checking all files which are crossed the time to close
[RECORDER10|WriteFile.cpp|00349|15-11-2016 14:17:46:098|~IN~]Checking all files which are crossed the time to close
[RECORDER10|WriteFile.cpp|00349|15-11-2016 14:17:46:098|~IN~]Checking all files which are crossed the time to close
[RECORDER10|WriteFile.cpp|00349|15-11-2016 14:17:46:098|~IN~]Checking all files which are crossed the time to close
[RECORDER10|WriteFile.cpp|00349|15-11-2016 14:17:56:100|~IN~]Checking all files which are crossed the time to close
[RECORDER10|WriteFile.cpp|00349|15-11-2016 14:17:56:101|~IN~]Checking all files which are crossed the time to close
[RECORDER10|WriteFile.cpp|00349|15-11-2016 14:17:56:101|~IN~]Checking all files which are crossed the time to close
[RECORDER10|WriteFile.cpp|00349|15-11-2016 14:18:06:115|~IN~]Checking all files which are crossed the time to close
[RECORDER10|WriteFile.cpp|00349|15-11-2016 14:18:06:115|~IN~]Checking all files which are crossed the time to close
[RECORDER10|WriteFile.cpp|00349|15-11-2016 14:18:06:115|~IN~]Checking all files which are crossed the time to close
[RECORDER10|WriteFile.cpp|00349|15-11-2016 14:18:16:118|~IN~]Checking all files which are crossed the time to close
[RECORDER10|WriteFile.cpp|00349|15-11-2016 14:18:16:118|~IN~]Checking all files which are crossed the time to close
[RECORDER10|WriteFile.cpp|00349|15-11-2016 14:18:16:118|~IN~]Checking all files which are crossed the time to close
[RECORDER10|WriteFile.cpp|00349|15-11-2016 14:18:26:120|~IN~]Checking all files which are crossed the time to close
[RECORDER10|WriteFile.cpp|00349|15-11-2016 14:18:26:120|~IN~]Checking all files which are crossed the time to close
[RECORDER10|WriteFile.cpp|00349|15-11-2016 14:18:26:120|~IN~]Checking all files which are crossed the time to close
[RECORDER10|WriteFile.cpp|00349|15-11-2016 14:18:36:121|~IN~]Checking all files which are crossed the time to close
[RECORDER10|WriteFile.cpp|00349|15-11-2016 14:18:36:121|~IN~]Checking all files which are crossed the time to close
[RECORDER10|WriteFile.cpp|00349|15-11-2016 14:18:36:121|~IN~]Checking all files which are crossed the time to close
[RECORDER10|WriteFile.cpp|00349|15-11-2016 14:18:46:123|~IN~]Checking all files which are crossed the time to close
[RECORDER10|WriteFile.cpp|00349|15-11-2016 14:18:46:123|~IN~]Checking all files which are crossed the time to close
[RECORDER10|WriteFile.cpp|00349|15-11-2016 14:18:46:123|~IN~]Checking all files which are crossed the time to close
[RECORDER10|WriteFile.cpp|00349|15-11-2016 14:18:56:125|~IN~]Checking all files which are crossed the time to close
[RECORDER10|WriteFile.cpp|00349|15-11-2016 14:18:56:125|~IN~]Checking all files which are crossed the time to close
[RECORDER10|WriteFile.cpp|00349|15-11-2016 14:18:56:125|~IN~]Checking all files which are crossed the time to close
[RECORDER10|WriteFile.cpp|00349|15-11-2016 14:19:06:126|~IN~]Checking all files which are crossed the time to close
[RECORDER10|WriteFile.cpp|00349|15-11-2016 14:19:06:126|~IN~]Checking all files which are crossed the time to close
[RECORDER10|WriteFile.cpp|00349|15-11-2016 14:19:06:126|~IN~]Checking all files which are crossed the time to close
[RECORDER10|WriteFile.cpp|00349|15-11-2016 14:19:16:127|~IN~]Checking all files which are crossed the time to close
[RECORDER10|WriteFile.cpp|00349|15-11-2016 14:19:16:128|~IN~]Checking all files which are crossed the time to close
[RECORDER10|WriteFile.cpp|00349|15-11-2016 14:19:16:128|~IN~]Checking all files which are crossed the time to close
[RECORDER10|WriteFile.cpp|00349|15-11-2016 14:19:26:130|~IN~]Checking all files which are crossed the time to close
[RECORDER10|WriteFile.cpp|00349|15-11-2016 14:19:26:130|~IN~]Checking all files which are crossed the time to close
[RECORDER10|WriteFile.cpp|00349|15-11-2016 14:19:26:130|~IN~]Checking all files which are crossed the time to close
[RECORDER10|WriteFile.cpp|00349|15-11-2016 14:19:36:132|~IN~]Checking all files which are crossed the time to close
[RECORDER10|WriteFile.cpp|00349|15-11-2016 14:19:36:132|~IN~]Checking all files which are crossed the time to close
[RECORDER10|WriteFile.cpp|00349|15-11-2016 14:19:36:132|~IN~]Checking all files which are crossed the time to close
[RECORDER10|WriteFile.cpp|00349|15-11-2016 14:19:46:133|~IN~]Checking all files which are crossed the time to close
[RECORDER10|WriteFile.cpp|00349|15-11-2016 14:19:46:133|~IN~]Checking all files which are crossed the time to close
[RECORDER10|WriteFile.cpp|00349|15-11-2016 14:19:46:133|~IN~]Checking all files which are crossed the time to close
[RECORDER10|WriteFile.cpp|00349|15-11-2016 14:19:56:134|~IN~]Checking all files which are crossed the time to close
[RECORDER10|WriteFile.cpp|00349|15-11-2016 14:19:56:134|~IN~]Checking all files which are crossed the time to close
[RECORDER10|WriteFile.cpp|00349|15-11-2016 14:19:56:134|~IN~]Checking all files which are crossed the time to close
[RECORDER10|WriteFile.cpp|00349|15-11-2016 14:20:06:137|~IN~]Checking all files which are crossed the time to close
[RECORDER10|WriteFile.cpp|00349|15-11-2016 14:20:06:137|~IN~]Checking all files which are crossed the time to close
[RECORDER10|WriteFile.cpp|00349|15-11-2016 14:20:06:137|~IN~]Checking all files which are crossed the time to close
[RECORDER10|WriteFile.cpp|00349|15-11-2016 14:20:16:139|~IN~]Checking all files which are crossed the time to close
[RECORDER10|WriteFile.cpp|00349|15-11-2016 14:20:16:140|~IN~]Checking all files which are crossed the time to close
[RECORDER10|WriteFile.cpp|00349|15-11-2016 14:20:16:140|~IN~]Checking all files which are crossed the time to close
[RECORDER10|WriteFile.cpp|00349|15-11-2016 14:20:26:142|~IN~]Checking all files which are crossed the time to close
[RECORDER10|WriteFile.cpp|00349|15-11-2016 14:20:26:142|~IN~]Checking all files which are crossed the time to close
[RECORDER10|WriteFile.cpp|00349|15-11-2016 14:20:26:142|~IN~]Checking all files which are crossed the time to close
[RECORDER10|WriteFile.cpp|00349|15-11-2016 14:20:36:144|~IN~]Checking all files which are crossed the time to close
[RECORDER10|WriteFile.cpp|00349|15-11-2016 14:20:36:145|~IN~]Checking all files which are crossed the time to close
[RECORDER10|WriteFile.cpp|00349|15-11-2016 14:20:36:145|~IN~]Checking all files which are crossed the time to close
[RECORDER10|WriteFile.cpp|00349|15-11-2016 14:20:46:147|~IN~]Checking all files which are crossed the time to close
[RECORDER10|WriteFile.cpp|00349|15-11-2016 14:20:46:148|~IN~]Checking all files which are crossed the time to close
[RECORDER10|WriteFile.cpp|00349|15-11-2016 14:20:46:148|~IN~]Checking all files which are crossed the time to close
[RECORDER10|WriteFile.cpp|00349|15-11-2016 14:20:56:150|~IN~]Checking all files which are crossed the time to close
[RECORDER10|WriteFile.cpp|00349|15-11-2016 14:20:56:150|~IN~]Checking all files which are crossed the time to close
[RECORDER10|WriteFile.cpp|00349|15-11-2016 14:20:56:150|~IN~]Checking all files which are crossed the time to close
[RECORDER10|WriteFile.cpp|00349|15-11-2016 14:21:06:153|~IN~]Checking all files which are crossed the time to close
[RECORDER10|WriteFile.cpp|00349|15-11-2016 14:21:06:153|~IN~]Checking all files which are crossed the time to close
[RECORDER10|WriteFile.cpp|00349|15-11-2016 14:21:06:153|~IN~]Checking all files which are crossed the time to close
[RECORDER10|WriteFile.cpp|00349|15-11-2016 14:21:16:156|~IN~]Checking all files which are crossed the time to close
[RECORDER10|WriteFile.cpp|00349|15-11-2016 14:21:16:157|~IN~]Checking all files which are crossed the time to close
[RECORDER10|WriteFile.cpp|00349|15-11-2016 14:21:16:157|~IN~]Checking all files which are crossed the time to close
[RECORDER10|WriteFile.cpp|00349|15-11-2016 14:21:26:158|~IN~]Checking all files which are crossed the time to close
[RECORDER10|WriteFile.cpp|00349|15-11-2016 14:21:26:159|~IN~]Checking all files which are crossed the time to close
[RECORDER10|WriteFile.cpp|00349|15-11-2016 14:21:26:159|~IN~]Checking all files which are crossed the time to close
[RECORDER10|WriteFile.cpp|00349|15-11-2016 14:21:36:161|~IN~]Checking all files which are crossed the time to close
[RECORDER10|WriteFile.cpp|00349|15-11-2016 14:21:36:161|~IN~]Checking all files which are crossed the time to close
[RECORDER10|WriteFile.cpp|00349|15-11-2016 14:21:36:161|~IN~]Checking all files which are crossed the time to close
[RECORDER10|WriteFile.cpp|00349|15-11-2016 14:21:46:164|~IN~]Checking all files which are crossed the time to close
[RECORDER10|WriteFile.cpp|00349|15-11-2016 14:21:46:164|~IN~]Checking all files which are crossed the time to close
[RECORDER10|WriteFile.cpp|00349|15-11-2016 14:21:46:164|~IN~]Checking all files which are crossed the time to close
[RECORDER10|WriteFile.cpp|00349|15-11-2016 14:21:56:167|~IN~]Checking all files which are crossed the time to close
[RECORDER10|WriteFile.cpp|00349|15-11-2016 14:21:56:168|~IN~]Checking all files which are crossed the time to close
[RECORDER10|WriteFile.cpp|00349|15-11-2016 14:21:56:168|~IN~]Checking all files which are crossed the time to close
[RECORDER10|WriteFile.cpp|00349|15-11-2016 14:22:06:170|~IN~]Checking all files which are crossed the time to close
[RECORDER10|WriteFile.cpp|00349|15-11-2016 14:22:06:170|~IN~]Checking all files which are crossed the time to close
[RECORDER10|WriteFile.cpp|00349|15-11-2016 14:22:06:170|~IN~]Checking all files which are crossed the time to close
[RECORDER10|WriteFile.cpp|00349|15-11-2016 14:22:16:177|~IN~]Checking all files which are crossed the time to close
[RECORDER10|WriteFile.cpp|00349|15-11-2016 14:22:16:177|~IN~]Checking all files which are crossed the time to close
[RECORDER10|WriteFile.cpp|00349|15-11-2016 14:22:16:177|~IN~]Checking all files which are crossed the time to close
[RECORDER10|WriteFile.cpp|00349|15-11-2016 14:22:26:180|~IN~]Checking all files which are crossed the time to close
[RECORDER10|WriteFile.cpp|00349|15-11-2016 14:22:26:180|~IN~]Checking all files which are crossed the time to close
[RECORDER10|WriteFile.cpp|00349|15-11-2016 14:22:26:180|~IN~]Checking all files which are crossed the time to close
[RECORDER10|WriteFile.cpp|00349|15-11-2016 14:22:36:183|~IN~]Checking all files which are crossed the time to close
[RECORDER10|WriteFile.cpp|00349|15-11-2016 14:22:36:183|~IN~]Checking all files which are crossed the time to close
[RECORDER10|WriteFile.cpp|00349|15-11-2016 14:22:36:183|~IN~]Checking all files which are crossed the time to close
[RECORDER10|WriteFile.cpp|00349|15-11-2016 14:22:46:186|~IN~]Checking all files which are crossed the time to close
[RECORDER10|WriteFile.cpp|00349|15-11-2016 14:22:46:186|~IN~]Checking all files which are crossed the time to close
[RECORDER10|WriteFile.cpp|00349|15-11-2016 14:22:46:186|~IN~]Checking all files which are crossed the time to close
[RECORDER10|WriteFile.cpp|00349|15-11-2016 14:22:56:188|~IN~]Checking all files which are crossed the time to close
[RECORDER10|WriteFile.cpp|00349|15-11-2016 14:22:56:188|~IN~]Checking all files which are crossed the time to close
[RECORDER10|WriteFile.cpp|00349|15-11-2016 14:22:56:188|~IN~]Checking all files which are crossed the time to close
[RECORDER10|WriteFile.cpp|00349|15-11-2016 14:23:06:190|~IN~]Checking all files which are crossed the time to close
[RECORDER10|WriteFile.cpp|00349|15-11-2016 14:23:06:190|~IN~]Checking all files which are crossed the time to close
[RECORDER10|WriteFile.cpp|00349|15-11-2016 14:23:06:190|~IN~]Checking all files which are crossed the time to close
[RECORDER10|WriteFile.cpp|00349|15-11-2016 14:23:16:193|~IN~]Checking all files which are crossed the time to close
[RECORDER10|WriteFile.cpp|00349|15-11-2016 14:23:16:193|~IN~]Checking all files which are crossed the time to close
[RECORDER10|WriteFile.cpp|00349|15-11-2016 14:23:16:193|~IN~]Checking all files which are crossed the time to close
[RECORDER10|WriteFile.cpp|00349|15-11-2016 14:23:26:196|~IN~]Checking all files which are crossed the time to close
[RECORDER10|WriteFile.cpp|00349|15-11-2016 14:23:26:196|~IN~]Checking all files which are crossed the time to close
[RECORDER10|WriteFile.cpp|00349|15-11-2016 14:23:26:196|~IN~]Checking all files which are crossed the time to close
[RECORDER10|WriteFile.cpp|00349|15-11-2016 14:23:36:198|~IN~]Checking all files which are crossed the time to close
[RECORDER10|WriteFile.cpp|00349|15-11-2016 14:23:36:198|~IN~]Checking all files which are crossed the time to close
[RECORDER10|WriteFile.cpp|00349|15-11-2016 14:23:36:198|~IN~]Checking all files which are crossed the time to close
[RECORDER10|WriteFile.cpp|00349|15-11-2016 14:23:46:200|~IN~]Checking all files which are crossed the time to close
[RECORDER10|WriteFile.cpp|00349|15-11-2016 14:23:46:200|~IN~]Checking all files which are crossed the time to close
[RECORDER10|WriteFile.cpp|00349|15-11-2016 14:23:46:200|~IN~]Checking all files which are crossed the time to close
[RECORDER10|WriteFile.cpp|00349|15-11-2016 14:23:56:203|~IN~]Checking all files which are crossed the time to close
[RECORDER10|WriteFile.cpp|00349|15-11-2016 14:23:56:203|~IN~]Checking all files which are crossed the time to close
[RECORDER10|WriteFile.cpp|00349|15-11-2016 14:23:56:203|~IN~]Checking all files which are crossed the time to close
[RECORDER10|WriteFile.cpp|00349|15-11-2016 14:24:06:205|~IN~]Checking all files which are crossed the time to close
[RECORDER10|WriteFile.cpp|00349|15-11-2016 14:24:06:206|~IN~]Checking all files which are crossed the time to close
[RECORDER10|WriteFile.cpp|00349|15-11-2016 14:24:06:206|~IN~]Checking all files which are crossed the time to close
[RECORDER10|WriteFile.cpp|00349|15-11-2016 14:24:16:208|~IN~]Checking all files which are crossed the time to close
[RECORDER10|WriteFile.cpp|00349|15-11-2016 14:24:16:208|~IN~]Checking all files which are crossed the time to close
[RECORDER10|WriteFile.cpp|00349|15-11-2016 14:24:16:208|~IN~]Checking all files which are crossed the time to close
[RECORDER10|WriteFile.cpp|00349|15-11-2016 14:24:26:210|~IN~]Checking all files which are crossed the time to close
[RECORDER10|WriteFile.cpp|00349|15-11-2016 14:24:26:210|~IN~]Checking all files which are crossed the time to close
[RECORDER10|WriteFile.cpp|00349|15-11-2016 14:24:26:210|~IN~]Checking all files which are crossed the time to close
