[RECORDER10|WriteFile.cpp|00349|10-11-2016 21:59:27:035|~IN~]Checking all files which are crossed the time to close
[RECORDER10|WriteFile.cpp|00349|10-11-2016 21:59:27:086|~IN~]Checking all files which are crossed the time to close
[RECORDER10|WriteFile.cpp|00349|10-11-2016 21:59:27:086|~IN~]Checking all files which are crossed the time to close
[RECORDER10|WriteFile.cpp|00349|10-11-2016 21:59:37:122|~IN~]Checking all files which are crossed the time to close
[RECORDER10|WriteFile.cpp|00349|10-11-2016 21:59:37:123|~IN~]Checking all files which are crossed the time to close
[RECORDER10|WriteFile.cpp|00349|10-11-2016 21:59:37:123|~IN~]Checking all files which are crossed the time to close
[RECORDER10|WriteFile.cpp|00349|10-11-2016 21:59:47:126|~IN~]Checking all files which are crossed the time to close
[RECORDER10|WriteFile.cpp|00349|10-11-2016 21:59:47:126|~IN~]Checking all files which are crossed the time to close
[RECORDER10|WriteFile.cpp|00349|10-11-2016 21:59:47:126|~IN~]Checking all files which are crossed the time to close
[RECORDER10|TcpServer.cpp|00098|10-11-2016 21:59:55:454|~ER~] Socket Disconnected : 0
[RECORDER10|TcpServer.cpp|00228|10-11-2016 21:59:55:454|~ER~]Clint Has Discoonected From 
[RECORDER10|CdrServer.cpp|00029|10-11-2016 21:59:55:454|~ER~]Clinet Disconnected :144298416
[RECORDER10|TcpServer.cpp|00245|10-11-2016 21:59:55:454|~CR~]Clinet  Disconnected
[RECORDER10|WriteFile.cpp|00349|10-11-2016 21:59:57:128|~IN~]Checking all files which are crossed the time to close
[RECORDER10|WriteFile.cpp|00349|10-11-2016 21:59:57:128|~IN~]Checking all files which are crossed the time to close
[RECORDER10|WriteFile.cpp|00349|10-11-2016 21:59:57:128|~IN~]Checking all files which are crossed the time to close
[RECORDER10|WriteFile.cpp|00349|10-11-2016 22:00:07:130|~IN~]Checking all files which are crossed the time to close
[RECORDER10|WriteFile.cpp|00349|10-11-2016 22:00:07:131|~IN~]Checking all files which are crossed the time to close
[RECORDER10|WriteFile.cpp|00349|10-11-2016 22:00:07:131|~IN~]Checking all files which are crossed the time to close
[RECORDER10|WriteFile.cpp|00349|10-11-2016 22:00:17:134|~IN~]Checking all files which are crossed the time to close
[RECORDER10|WriteFile.cpp|00349|10-11-2016 22:00:17:134|~IN~]Checking all files which are crossed the time to close
[RECORDER10|WriteFile.cpp|00349|10-11-2016 22:00:17:134|~IN~]Checking all files which are crossed the time to close
[RECORDER10|WriteFile.cpp|00349|10-11-2016 22:00:27:138|~IN~]Checking all files which are crossed the time to close
[RECORDER10|WriteFile.cpp|00349|10-11-2016 22:00:27:138|~IN~]Checking all files which are crossed the time to close
[RECORDER10|WriteFile.cpp|00349|10-11-2016 22:00:27:138|~IN~]Checking all files which are crossed the time to close
[RECORDER10|WriteFile.cpp|00349|10-11-2016 22:00:37:141|~IN~]Checking all files which are crossed the time to close
[RECORDER10|WriteFile.cpp|00349|10-11-2016 22:00:37:141|~IN~]Checking all files which are crossed the time to close
[RECORDER10|WriteFile.cpp|00349|10-11-2016 22:00:37:142|~IN~]Checking all files which are crossed the time to close
[RECORDER10|WriteFile.cpp|00349|10-11-2016 22:00:47:143|~IN~]Checking all files which are crossed the time to close
[RECORDER10|WriteFile.cpp|00349|10-11-2016 22:00:47:143|~IN~]Checking all files which are crossed the time to close
[RECORDER10|WriteFile.cpp|00349|10-11-2016 22:00:47:143|~IN~]Checking all files which are crossed the time to close
[RECORDER10|WriteFile.cpp|00349|10-11-2016 22:00:57:144|~IN~]Checking all files which are crossed the time to close
[RECORDER10|WriteFile.cpp|00349|10-11-2016 22:00:57:144|~IN~]Checking all files which are crossed the time to close
[RECORDER10|WriteFile.cpp|00349|10-11-2016 22:00:57:144|~IN~]Checking all files which are crossed the time to close
[RECORDER10|WriteFile.cpp|00349|10-11-2016 22:01:07:146|~IN~]Checking all files which are crossed the time to close
[RECORDER10|WriteFile.cpp|00349|10-11-2016 22:01:07:146|~IN~]Checking all files which are crossed the time to close
[RECORDER10|WriteFile.cpp|00349|10-11-2016 22:01:07:146|~IN~]Checking all files which are crossed the time to close
[RECORDER10|WriteFile.cpp|00349|10-11-2016 22:01:17:148|~IN~]Checking all files which are crossed the time to close
[RECORDER10|WriteFile.cpp|00349|10-11-2016 22:01:17:148|~IN~]Checking all files which are crossed the time to close
[RECORDER10|WriteFile.cpp|00349|10-11-2016 22:01:17:148|~IN~]Checking all files which are crossed the time to close
[RECORDER10|WriteFile.cpp|00349|10-11-2016 22:01:27:151|~IN~]Checking all files which are crossed the time to close
[RECORDER10|WriteFile.cpp|00349|10-11-2016 22:01:27:151|~IN~]Checking all files which are crossed the time to close
[RECORDER10|WriteFile.cpp|00349|10-11-2016 22:01:27:151|~IN~]Checking all files which are crossed the time to close
[RECORDER10|WriteFile.cpp|00349|10-11-2016 22:01:37:153|~IN~]Checking all files which are crossed the time to close
[RECORDER10|WriteFile.cpp|00349|10-11-2016 22:01:37:153|~IN~]Checking all files which are crossed the time to close
[RECORDER10|WriteFile.cpp|00349|10-11-2016 22:01:37:153|~IN~]Checking all files which are crossed the time to close
[RECORDER10|WriteFile.cpp|00349|10-11-2016 22:01:47:158|~IN~]Checking all files which are crossed the time to close
[RECORDER10|WriteFile.cpp|00349|10-11-2016 22:01:47:158|~IN~]Checking all files which are crossed the time to close
[RECORDER10|WriteFile.cpp|00349|10-11-2016 22:01:47:158|~IN~]Checking all files which are crossed the time to close
[RECORDER10|WriteFile.cpp|00349|10-11-2016 22:01:57:161|~IN~]Checking all files which are crossed the time to close
[RECORDER10|WriteFile.cpp|00349|10-11-2016 22:01:57:162|~IN~]Checking all files which are crossed the time to close
[RECORDER10|WriteFile.cpp|00349|10-11-2016 22:01:57:162|~IN~]Checking all files which are crossed the time to close
[RECORDER10|WriteFile.cpp|00349|10-11-2016 22:02:07:165|~IN~]Checking all files which are crossed the time to close
[RECORDER10|WriteFile.cpp|00349|10-11-2016 22:02:07:165|~IN~]Checking all files which are crossed the time to close
[RECORDER10|WriteFile.cpp|00349|10-11-2016 22:02:07:165|~IN~]Checking all files which are crossed the time to close
[RECORDER10|WriteFile.cpp|00349|10-11-2016 22:02:17:167|~IN~]Checking all files which are crossed the time to close
[RECORDER10|WriteFile.cpp|00349|10-11-2016 22:02:17:167|~IN~]Checking all files which are crossed the time to close
[RECORDER10|WriteFile.cpp|00349|10-11-2016 22:02:17:167|~IN~]Checking all files which are crossed the time to close
[RECORDER10|WriteFile.cpp|00349|10-11-2016 22:02:27:170|~IN~]Checking all files which are crossed the time to close
[RECORDER10|WriteFile.cpp|00349|10-11-2016 22:02:27:170|~IN~]Checking all files which are crossed the time to close
[RECORDER10|WriteFile.cpp|00349|10-11-2016 22:02:27:170|~IN~]Checking all files which are crossed the time to close
[RECORDER10|WriteFile.cpp|00349|10-11-2016 22:02:37:171|~IN~]Checking all files which are crossed the time to close
[RECORDER10|WriteFile.cpp|00349|10-11-2016 22:02:37:171|~IN~]Checking all files which are crossed the time to close
[RECORDER10|WriteFile.cpp|00349|10-11-2016 22:02:37:171|~IN~]Checking all files which are crossed the time to close
[RECORDER10|WriteFile.cpp|00349|10-11-2016 22:02:47:173|~IN~]Checking all files which are crossed the time to close
[RECORDER10|WriteFile.cpp|00349|10-11-2016 22:02:47:173|~IN~]Checking all files which are crossed the time to close
[RECORDER10|WriteFile.cpp|00349|10-11-2016 22:02:47:173|~IN~]Checking all files which are crossed the time to close
[RECORDER10|TcpServer.cpp|00202|10-11-2016 22:02:54:021|~IN~] Client connected from 
[RECORDER10|TcpServer.cpp|00223|10-11-2016 22:02:54:027|~IN~]Started ClientThread[0x899cd28]
[RECORDER10|TcpServer.cpp|00093|10-11-2016 22:02:54:027|~VB~]Receiveing From 
[RECORDER10|WriteFile.cpp|00349|10-11-2016 22:02:57:176|~IN~]Checking all files which are crossed the time to close
[RECORDER10|WriteFile.cpp|00349|10-11-2016 22:02:57:176|~IN~]Checking all files which are crossed the time to close
[RECORDER10|WriteFile.cpp|00349|10-11-2016 22:02:57:176|~IN~]Checking all files which are crossed the time to close
[RECORDER10|WriteFile.cpp|00349|10-11-2016 22:03:07:178|~IN~]Checking all files which are crossed the time to close
[RECORDER10|WriteFile.cpp|00349|10-11-2016 22:03:07:178|~IN~]Checking all files which are crossed the time to close
[RECORDER10|WriteFile.cpp|00349|10-11-2016 22:03:07:178|~IN~]Checking all files which are crossed the time to close
[RECORDER10|WriteFile.cpp|00349|10-11-2016 22:03:17:179|~IN~]Checking all files which are crossed the time to close
[RECORDER10|WriteFile.cpp|00349|10-11-2016 22:03:17:179|~IN~]Checking all files which are crossed the time to close
[RECORDER10|WriteFile.cpp|00349|10-11-2016 22:03:17:179|~IN~]Checking all files which are crossed the time to close
[RECORDER10|WriteFile.cpp|00349|10-11-2016 22:03:27:181|~IN~]Checking all files which are crossed the time to close
[RECORDER10|WriteFile.cpp|00349|10-11-2016 22:03:27:181|~IN~]Checking all files which are crossed the time to close
[RECORDER10|WriteFile.cpp|00349|10-11-2016 22:03:27:181|~IN~]Checking all files which are crossed the time to close
[RECORDER10|WriteFile.cpp|00349|10-11-2016 22:03:37:184|~IN~]Checking all files which are crossed the time to close
[RECORDER10|WriteFile.cpp|00349|10-11-2016 22:03:37:185|~IN~]Checking all files which are crossed the time to close
[RECORDER10|WriteFile.cpp|00349|10-11-2016 22:03:37:185|~IN~]Checking all files which are crossed the time to close
[RECORDER10|WriteFile.cpp|00349|10-11-2016 22:03:47:187|~IN~]Checking all files which are crossed the time to close
[RECORDER10|WriteFile.cpp|00349|10-11-2016 22:03:47:187|~IN~]Checking all files which are crossed the time to close
[RECORDER10|WriteFile.cpp|00349|10-11-2016 22:03:47:187|~IN~]Checking all files which are crossed the time to close
