[RECORDER10|CdrMain.cpp|00141|30-03-2016 18:49:33:760|~IN~]Version:V1.0
[RECORDER10|CdrMain.cpp|00142|30-03-2016 18:49:33:760|~IN~]Release Date:05-Apr-2014
[RECORDER10|TcpServer.cpp|00165|30-03-2016 18:49:33:787|~IN~]StartServerThread started...
[RECORDER10|CdrMain.cpp|00110|30-03-2016 18:49:33:787|~IN~]Starting fnG_checkFiletoChange
[RECORDER10|CdrMain.cpp|00042|30-03-2016 18:49:33:787|~IN~]Started fnG_processCdrMsgsThread 
[RECORDER10|TcpServer.cpp|00202|30-03-2016 18:49:38:931|~IN~] Client connected from 
[RECORDER10|TcpServer.cpp|00223|30-03-2016 18:49:38:931|~IN~]Started ClientThread[0x8c48d28]
[RECORDER10|TcpServer.cpp|00093|30-03-2016 18:49:38:931|~VB~]Receiveing From 
[RECORDER10|WriteFile.cpp|00349|30-03-2016 18:49:43:788|~IN~]Checking all files which are crossed the time to close
[RECORDER10|WriteFile.cpp|00349|30-03-2016 18:49:43:788|~IN~]Checking all files which are crossed the time to close
[RECORDER10|WriteFile.cpp|00349|30-03-2016 18:49:43:788|~IN~]Checking all files which are crossed the time to close
[RECORDER10|WriteFile.cpp|00349|30-03-2016 18:49:53:790|~IN~]Checking all files which are crossed the time to close
[RECORDER10|WriteFile.cpp|00349|30-03-2016 18:49:53:790|~IN~]Checking all files which are crossed the time to close
[RECORDER10|WriteFile.cpp|00349|30-03-2016 18:49:53:790|~IN~]Checking all files which are crossed the time to close
[RECORDER10|WriteFile.cpp|00349|30-03-2016 18:50:03:792|~IN~]Checking all files which are crossed the time to close
[RECORDER10|WriteFile.cpp|00349|30-03-2016 18:50:03:792|~IN~]Checking all files which are crossed the time to close
[RECORDER10|WriteFile.cpp|00349|30-03-2016 18:50:03:792|~IN~]Checking all files which are crossed the time to close
[RECORDER10|WriteFile.cpp|00349|30-03-2016 18:50:13:793|~IN~]Checking all files which are crossed the time to close
[RECORDER10|WriteFile.cpp|00349|30-03-2016 18:50:13:793|~IN~]Checking all files which are crossed the time to close
[RECORDER10|WriteFile.cpp|00349|30-03-2016 18:50:13:793|~IN~]Checking all files which are crossed the time to close
[RECORDER10|WriteFile.cpp|00349|30-03-2016 18:50:23:795|~IN~]Checking all files which are crossed the time to close
[RECORDER10|WriteFile.cpp|00349|30-03-2016 18:50:23:795|~IN~]Checking all files which are crossed the time to close
[RECORDER10|WriteFile.cpp|00349|30-03-2016 18:50:23:795|~IN~]Checking all files which are crossed the time to close
[RECORDER10|WriteFile.cpp|00349|30-03-2016 18:50:33:797|~IN~]Checking all files which are crossed the time to close
[RECORDER10|WriteFile.cpp|00349|30-03-2016 18:50:33:797|~IN~]Checking all files which are crossed the time to close
[RECORDER10|WriteFile.cpp|00349|30-03-2016 18:50:33:797|~IN~]Checking all files which are crossed the time to close
[RECORDER10|WriteFile.cpp|00349|30-03-2016 18:50:43:798|~IN~]Checking all files which are crossed the time to close
[RECORDER10|WriteFile.cpp|00349|30-03-2016 18:50:43:798|~IN~]Checking all files which are crossed the time to close
[RECORDER10|WriteFile.cpp|00349|30-03-2016 18:50:43:798|~IN~]Checking all files which are crossed the time to close
[RECORDER10|WriteFile.cpp|00349|30-03-2016 18:50:53:800|~IN~]Checking all files which are crossed the time to close
[RECORDER10|WriteFile.cpp|00349|30-03-2016 18:50:53:800|~IN~]Checking all files which are crossed the time to close
[RECORDER10|WriteFile.cpp|00349|30-03-2016 18:50:53:800|~IN~]Checking all files which are crossed the time to close
[RECORDER10|WriteFile.cpp|00349|30-03-2016 18:51:03:801|~IN~]Checking all files which are crossed the time to close
[RECORDER10|WriteFile.cpp|00349|30-03-2016 18:51:03:801|~IN~]Checking all files which are crossed the time to close
[RECORDER10|WriteFile.cpp|00349|30-03-2016 18:51:03:801|~IN~]Checking all files which are crossed the time to close
[RECORDER10|WriteFile.cpp|00349|30-03-2016 18:51:13:802|~IN~]Checking all files which are crossed the time to close
[RECORDER10|WriteFile.cpp|00349|30-03-2016 18:51:13:802|~IN~]Checking all files which are crossed the time to close
[RECORDER10|WriteFile.cpp|00349|30-03-2016 18:51:13:802|~IN~]Checking all files which are crossed the time to close
[RECORDER10|WriteFile.cpp|00349|30-03-2016 18:51:23:805|~IN~]Checking all files which are crossed the time to close
[RECORDER10|WriteFile.cpp|00349|30-03-2016 18:51:23:805|~IN~]Checking all files which are crossed the time to close
[RECORDER10|WriteFile.cpp|00349|30-03-2016 18:51:23:805|~IN~]Checking all files which are crossed the time to close
[RECORDER10|WriteFile.cpp|00349|30-03-2016 18:51:33:807|~IN~]Checking all files which are crossed the time to close
[RECORDER10|WriteFile.cpp|00349|30-03-2016 18:51:33:807|~IN~]Checking all files which are crossed the time to close
[RECORDER10|WriteFile.cpp|00349|30-03-2016 18:51:33:807|~IN~]Checking all files which are crossed the time to close
[RECORDER10|WriteFile.cpp|00349|30-03-2016 18:51:43:808|~IN~]Checking all files which are crossed the time to close
[RECORDER10|WriteFile.cpp|00349|30-03-2016 18:51:43:808|~IN~]Checking all files which are crossed the time to close
[RECORDER10|WriteFile.cpp|00349|30-03-2016 18:51:43:808|~IN~]Checking all files which are crossed the time to close
[RECORDER10|WriteFile.cpp|00349|30-03-2016 18:51:53:810|~IN~]Checking all files which are crossed the time to close
[RECORDER10|WriteFile.cpp|00349|30-03-2016 18:51:53:810|~IN~]Checking all files which are crossed the time to close
[RECORDER10|WriteFile.cpp|00349|30-03-2016 18:51:53:810|~IN~]Checking all files which are crossed the time to close
[RECORDER10|WriteFile.cpp|00349|30-03-2016 18:52:03:811|~IN~]Checking all files which are crossed the time to close
[RECORDER10|WriteFile.cpp|00349|30-03-2016 18:52:03:812|~IN~]Checking all files which are crossed the time to close
[RECORDER10|WriteFile.cpp|00349|30-03-2016 18:52:03:812|~IN~]Checking all files which are crossed the time to close
