[SMPPCLINET1|EsmeConnection.cpp|00307|31-03-2016 20:05:56:052|~VB~]Ussd Shake Resp:[cmdLength:20,cmdId:132,cmdStatus:0,senderCB:-1,receiverCB:-1]
[SMPPCLINET1|TimerManeger.cpp|00107|31-03-2016 20:05:56:628|~DG~]No Timer Event Are Registed With TimerManeger
[SMPPCLINET1|TimerManeger.cpp|00107|31-03-2016 20:05:57:631|~DG~]No Timer Event Are Registed With TimerManeger
[SMPPCLINET1|TimerManeger.cpp|00107|31-03-2016 20:05:58:632|~DG~]No Timer Event Are Registed With TimerManeger
[SMPPCLINET1|TimerManeger.cpp|00107|31-03-2016 20:05:59:634|~DG~]No Timer Event Are Registed With TimerManeger
[SMPPCLINET1|TimerManeger.cpp|00107|31-03-2016 20:06:00:636|~DG~]No Timer Event Are Registed With TimerManeger
[SMPPCLINET1|TimerManeger.cpp|00107|31-03-2016 20:06:01:638|~DG~]No Timer Event Are Registed With TimerManeger
[SMPPCLINET1|TimerManeger.cpp|00107|31-03-2016 20:06:02:640|~DG~]No Timer Event Are Registed With TimerManeger
[SMPPCLINET1|TimerManeger.cpp|00107|31-03-2016 20:06:03:641|~DG~]No Timer Event Are Registed With TimerManeger
[SMPPCLINET1|TimerManeger.cpp|00107|31-03-2016 20:06:04:644|~DG~]No Timer Event Are Registed With TimerManeger
[SMPPCLINET1|TimerManeger.cpp|00107|31-03-2016 20:06:05:645|~DG~]No Timer Event Are Registed With TimerManeger
[SMPPCLINET1|TimerManeger.cpp|00107|31-03-2016 20:06:06:648|~DG~]No Timer Event Are Registed With TimerManeger
[SMPPCLINET1|TimerManeger.cpp|00107|31-03-2016 20:06:07:650|~DG~]No Timer Event Are Registed With TimerManeger
[SMPPCLINET1|TimerManeger.cpp|00107|31-03-2016 20:06:08:652|~DG~]No Timer Event Are Registed With TimerManeger
[SMPPCLINET1|TimerManeger.cpp|00107|31-03-2016 20:06:09:654|~DG~]No Timer Event Are Registed With TimerManeger
[SMPPCLINET1|TimerManeger.cpp|00107|31-03-2016 20:06:10:656|~DG~]No Timer Event Are Registed With TimerManeger
[SMPPCLINET1|TimerManeger.cpp|00107|31-03-2016 20:06:11:659|~DG~]No Timer Event Are Registed With TimerManeger
[SMPPCLINET1|TimerManeger.cpp|00107|31-03-2016 20:06:12:660|~DG~]No Timer Event Are Registed With TimerManeger
[SMPPCLINET1|TimerManeger.cpp|00107|31-03-2016 20:06:13:662|~DG~]No Timer Event Are Registed With TimerManeger
[SMPPCLINET1|TimerManeger.cpp|00107|31-03-2016 20:06:14:664|~DG~]No Timer Event Are Registed With TimerManeger
[SMPPCLINET1|TimerManeger.cpp|00107|31-03-2016 20:06:15:666|~DG~]No Timer Event Are Registed With TimerManeger
[SMPPCLINET1|TimerManeger.cpp|00107|31-03-2016 20:06:16:667|~DG~]No Timer Event Are Registed With TimerManeger
[SMPPCLINET1|TimerManeger.cpp|00107|31-03-2016 20:06:17:669|~DG~]No Timer Event Are Registed With TimerManeger
[SMPPCLINET1|TimerManeger.cpp|00107|31-03-2016 20:06:18:671|~DG~]No Timer Event Are Registed With TimerManeger
[SMPPCLINET1|TimerManeger.cpp|00107|31-03-2016 20:06:19:673|~DG~]No Timer Event Are Registed With TimerManeger
[SMPPCLINET1|TimerManeger.cpp|00107|31-03-2016 20:06:20:675|~DG~]No Timer Event Are Registed With TimerManeger
[SMPPCLINET1|TimerManeger.cpp|00107|31-03-2016 20:06:21:677|~DG~]No Timer Event Are Registed With TimerManeger
[SMPPCLINET1|TimerManeger.cpp|00107|31-03-2016 20:06:22:679|~DG~]No Timer Event Are Registed With TimerManeger
[SMPPCLINET1|TimerManeger.cpp|00107|31-03-2016 20:06:23:680|~DG~]No Timer Event Are Registed With TimerManeger
[SMPPCLINET1|TimerManeger.cpp|00107|31-03-2016 20:06:24:682|~DG~]No Timer Event Are Registed With TimerManeger
[SMPPCLINET1|TimerManeger.cpp|00107|31-03-2016 20:06:25:684|~DG~]No Timer Event Are Registed With TimerManeger
140000008300000000000000ffffffffffffffff
[SMPPCLINET1|EsmeConnection.cpp|00056|31-03-2016 20:06:26:471|~IN~]Receiveing the data from SMPP[20]:cmdLength:20,cmdId:132,cmdStatus:0,senderCB:-1,receiverCB:-1:Error Not Configured
140000008400000000000000ffffffffffffffff
[SMPPCLINET1|TimerManeger.cpp|00107|31-03-2016 20:06:26:687|~DG~]No Timer Event Are Registed With TimerManeger
[SMPPCLINET1|EsmeConnection.cpp|00307|31-03-2016 20:06:27:186|~VB~]Ussd Shake Resp:[cmdLength:20,cmdId:132,cmdStatus:0,senderCB:-1,receiverCB:-1]
[SMPPCLINET1|TimerManeger.cpp|00107|31-03-2016 20:06:27:688|~DG~]No Timer Event Are Registed With TimerManeger
[SMPPCLINET1|TimerManeger.cpp|00107|31-03-2016 20:06:28:690|~DG~]No Timer Event Are Registed With TimerManeger
[SMPPCLINET1|TimerManeger.cpp|00107|31-03-2016 20:06:29:692|~DG~]No Timer Event Are Registed With TimerManeger
[SMPPCLINET1|TimerManeger.cpp|00107|31-03-2016 20:06:30:693|~DG~]No Timer Event Are Registed With TimerManeger
[SMPPCLINET1|TimerManeger.cpp|00107|31-03-2016 20:06:31:695|~DG~]No Timer Event Are Registed With TimerManeger
[SMPPCLINET1|TimerManeger.cpp|00107|31-03-2016 20:06:32:697|~DG~]No Timer Event Are Registed With TimerManeger
[SMPPCLINET1|TimerManeger.cpp|00107|31-03-2016 20:06:33:737|~DG~]No Timer Event Are Registed With TimerManeger
[SMPPCLINET1|TimerManeger.cpp|00107|31-03-2016 20:06:34:739|~DG~]No Timer Event Are Registed With TimerManeger
[SMPPCLINET1|TimerManeger.cpp|00107|31-03-2016 20:06:35:741|~DG~]No Timer Event Are Registed With TimerManeger
[SMPPCLINET1|TimerManeger.cpp|00107|31-03-2016 20:06:36:742|~DG~]No Timer Event Are Registed With TimerManeger
[SMPPCLINET1|TimerManeger.cpp|00107|31-03-2016 20:06:37:744|~DG~]No Timer Event Are Registed With TimerManeger
[SMPPCLINET1|TimerManeger.cpp|00107|31-03-2016 20:06:38:746|~DG~]No Timer Event Are Registed With TimerManeger
[SMPPCLINET1|TimerManeger.cpp|00107|31-03-2016 20:06:39:748|~DG~]No Timer Event Are Registed With TimerManeger
[SMPPCLINET1|TimerManeger.cpp|00107|31-03-2016 20:06:40:750|~DG~]No Timer Event Are Registed With TimerManeger
[SMPPCLINET1|TimerManeger.cpp|00107|31-03-2016 20:06:41:752|~DG~]No Timer Event Are Registed With TimerManeger
[SMPPCLINET1|TimerManeger.cpp|00107|31-03-2016 20:06:42:754|~DG~]No Timer Event Are Registed With TimerManeger
[SMPPCLINET1|TimerManeger.cpp|00107|31-03-2016 20:06:43:755|~DG~]No Timer Event Are Registed With TimerManeger
[SMPPCLINET1|TimerManeger.cpp|00107|31-03-2016 20:06:44:757|~DG~]No Timer Event Are Registed With TimerManeger
[SMPPCLINET1|TimerManeger.cpp|00107|31-03-2016 20:06:45:759|~DG~]No Timer Event Are Registed With TimerManeger
[SMPPCLINET1|TimerManeger.cpp|00107|31-03-2016 20:06:46:762|~DG~]No Timer Event Are Registed With TimerManeger
[SMPPCLINET1|TimerManeger.cpp|00107|31-03-2016 20:06:47:763|~DG~]No Timer Event Are Registed With TimerManeger
[SMPPCLINET1|TimerManeger.cpp|00107|31-03-2016 20:06:48:765|~DG~]No Timer Event Are Registed With TimerManeger
[SMPPCLINET1|TimerManeger.cpp|00107|31-03-2016 20:06:49:767|~DG~]No Timer Event Are Registed With TimerManeger
[SMPPCLINET1|TimerManeger.cpp|00107|31-03-2016 20:06:50:768|~DG~]No Timer Event Are Registed With TimerManeger
[SMPPCLINET1|TimerManeger.cpp|00107|31-03-2016 20:06:51:770|~DG~]No Timer Event Are Registed With TimerManeger
[SMPPCLINET1|TimerManeger.cpp|00107|31-03-2016 20:06:52:772|~DG~]No Timer Event Are Registed With TimerManeger
[SMPPCLINET1|TimerManeger.cpp|00107|31-03-2016 20:06:53:775|~DG~]No Timer Event Are Registed With TimerManeger
[SMPPCLINET1|TimerManeger.cpp|00107|31-03-2016 20:06:54:777|~DG~]No Timer Event Are Registed With TimerManeger
[SMPPCLINET1|TimerManeger.cpp|00107|31-03-2016 20:06:55:779|~DG~]No Timer Event Are Registed With TimerManeger
[SMPPCLINET1|TimerManeger.cpp|00107|31-03-2016 20:06:56:781|~DG~]No Timer Event Are Registed With TimerManeger
140000008300000000000000ffffffffffffffff
[SMPPCLINET1|EsmeConnection.cpp|00056|31-03-2016 20:06:57:466|~IN~]Receiveing the data from SMPP[20]:cmdLength:20,cmdId:132,cmdStatus:0,senderCB:-1,receiverCB:-1:Error Not Configured
140000008400000000000000ffffffffffffffff
[SMPPCLINET1|TimerManeger.cpp|00107|31-03-2016 20:06:57:782|~DG~]No Timer Event Are Registed With TimerManeger
[SMPPCLINET1|EsmeConnection.cpp|00307|31-03-2016 20:06:58:243|~VB~]Ussd Shake Resp:[cmdLength:20,cmdId:132,cmdStatus:0,senderCB:-1,receiverCB:-1]
[SMPPCLINET1|TimerManeger.cpp|00107|31-03-2016 20:06:58:784|~DG~]No Timer Event Are Registed With TimerManeger
[SMPPCLINET1|TimerManeger.cpp|00107|31-03-2016 20:06:59:786|~DG~]No Timer Event Are Registed With TimerManeger
[SMPPCLINET1|TimerManeger.cpp|00107|31-03-2016 20:07:00:788|~DG~]No Timer Event Are Registed With TimerManeger
[SMPPCLINET1|TimerManeger.cpp|00107|31-03-2016 20:07:01:790|~DG~]No Timer Event Are Registed With TimerManeger
[SMPPCLINET1|TimerManeger.cpp|00107|31-03-2016 20:07:02:791|~DG~]No Timer Event Are Registed With TimerManeger
[SMPPCLINET1|TimerManeger.cpp|00107|31-03-2016 20:07:03:794|~DG~]No Timer Event Are Registed With TimerManeger
[SMPPCLINET1|TimerManeger.cpp|00107|31-03-2016 20:07:04:795|~DG~]No Timer Event Are Registed With TimerManeger
[SMPPCLINET1|TimerManeger.cpp|00107|31-03-2016 20:07:05:797|~DG~]No Timer Event Are Registed With TimerManeger
[SMPPCLINET1|TimerManeger.cpp|00107|31-03-2016 20:07:06:799|~DG~]No Timer Event Are Registed With TimerManeger
[SMPPCLINET1|TimerManeger.cpp|00107|31-03-2016 20:07:07:801|~DG~]No Timer Event Are Registed With TimerManeger
[SMPPCLINET1|TimerManeger.cpp|00107|31-03-2016 20:07:08:803|~DG~]No Timer Event Are Registed With TimerManeger
[SMPPCLINET1|TimerManeger.cpp|00107|31-03-2016 20:07:09:804|~DG~]No Timer Event Are Registed With TimerManeger
[SMPPCLINET1|TimerManeger.cpp|00107|31-03-2016 20:07:10:807|~DG~]No Timer Event Are Registed With TimerManeger
[SMPPCLINET1|TimerManeger.cpp|00107|31-03-2016 20:07:11:808|~DG~]No Timer Event Are Registed With TimerManeger
[SMPPCLINET1|TimerManeger.cpp|00107|31-03-2016 20:07:12:811|~DG~]No Timer Event Are Registed With TimerManeger
[SMPPCLINET1|TimerManeger.cpp|00107|31-03-2016 20:07:13:812|~DG~]No Timer Event Are Registed With TimerManeger
[SMPPCLINET1|TimerManeger.cpp|00107|31-03-2016 20:07:14:814|~DG~]No Timer Event Are Registed With TimerManeger
[SMPPCLINET1|TimerManeger.cpp|00107|31-03-2016 20:07:15:815|~DG~]No Timer Event Are Registed With TimerManeger
[SMPPCLINET1|TimerManeger.cpp|00107|31-03-2016 20:07:16:817|~DG~]No Timer Event Are Registed With TimerManeger
[SMPPCLINET1|TimerManeger.cpp|00107|31-03-2016 20:07:17:820|~DG~]No Timer Event Are Registed With TimerManeger
[SMPPCLINET1|TimerManeger.cpp|00107|31-03-2016 20:07:18:821|~DG~]No Timer Event Are Registed With TimerManeger
[SMPPCLINET1|TimerManeger.cpp|00107|31-03-2016 20:07:19:823|~DG~]No Timer Event Are Registed With TimerManeger
[SMPPCLINET1|TimerManeger.cpp|00107|31-03-2016 20:07:20:825|~DG~]No Timer Event Are Registed With TimerManeger
[SMPPCLINET1|TimerManeger.cpp|00107|31-03-2016 20:07:21:827|~DG~]No Timer Event Are Registed With TimerManeger
[SMPPCLINET1|TimerManeger.cpp|00107|31-03-2016 20:07:22:828|~DG~]No Timer Event Are Registed With TimerManeger
[SMPPCLINET1|TimerManeger.cpp|00107|31-03-2016 20:07:23:830|~DG~]No Timer Event Are Registed With TimerManeger
[SMPPCLINET1|TimerManeger.cpp|00107|31-03-2016 20:07:24:833|~DG~]No Timer Event Are Registed With TimerManeger
[SMPPCLINET1|TimerManeger.cpp|00107|31-03-2016 20:07:25:835|~DG~]No Timer Event Are Registed With TimerManeger
[SMPPCLINET1|TimerManeger.cpp|00107|31-03-2016 20:07:26:837|~DG~]No Timer Event Are Registed With TimerManeger
[SMPPCLINET1|TimerManeger.cpp|00107|31-03-2016 20:07:27:839|~DG~]No Timer Event Are Registed With TimerManeger
140000008300000000000000ffffffffffffffff
[SMPPCLINET1|EsmeConnection.cpp|00056|31-03-2016 20:07:28:524|~IN~]Receiveing the data from SMPP[20]:cmdLength:20,cmdId:132,cmdStatus:0,senderCB:-1,receiverCB:-1:Error Not Configured
140000008400000000000000ffffffffffffffff
[SMPPCLINET1|TimerManeger.cpp|00107|31-03-2016 20:07:28:841|~DG~]No Timer Event Are Registed With TimerManeger
[SMPPCLINET1|EsmeConnection.cpp|00307|31-03-2016 20:07:29:302|~VB~]Ussd Shake Resp:[cmdLength:20,cmdId:132,cmdStatus:0,senderCB:-1,receiverCB:-1]
[SMPPCLINET1|TimerManeger.cpp|00107|31-03-2016 20:07:29:842|~DG~]No Timer Event Are Registed With TimerManeger
[SMPPCLINET1|TimerManeger.cpp|00107|31-03-2016 20:07:30:845|~DG~]No Timer Event Are Registed With TimerManeger
[SMPPCLINET1|TimerManeger.cpp|00107|31-03-2016 20:07:31:846|~DG~]No Timer Event Are Registed With TimerManeger
[SMPPCLINET1|TimerManeger.cpp|00107|31-03-2016 20:07:32:849|~DG~]No Timer Event Are Registed With TimerManeger
[SMPPCLINET1|TimerManeger.cpp|00107|31-03-2016 20:07:33:850|~DG~]No Timer Event Are Registed With TimerManeger
[SMPPCLINET1|TimerManeger.cpp|00107|31-03-2016 20:07:34:852|~DG~]No Timer Event Are Registed With TimerManeger
[SMPPCLINET1|TimerManeger.cpp|00107|31-03-2016 20:07:35:854|~DG~]No Timer Event Are Registed With TimerManeger
[SMPPCLINET1|TimerManeger.cpp|00107|31-03-2016 20:07:36:855|~DG~]No Timer Event Are Registed With TimerManeger
[SMPPCLINET1|TimerManeger.cpp|00107|31-03-2016 20:07:37:857|~DG~]No Timer Event Are Registed With TimerManeger
[SMPPCLINET1|TimerManeger.cpp|00107|31-03-2016 20:07:38:859|~DG~]No Timer Event Are Registed With TimerManeger
[SMPPCLINET1|TimerManeger.cpp|00107|31-03-2016 20:07:39:862|~DG~]No Timer Event Are Registed With TimerManeger
[SMPPCLINET1|TimerManeger.cpp|00107|31-03-2016 20:07:40:863|~DG~]No Timer Event Are Registed With TimerManeger
[SMPPCLINET1|TimerManeger.cpp|00107|31-03-2016 20:07:41:865|~DG~]No Timer Event Are Registed With TimerManeger
[SMPPCLINET1|TimerManeger.cpp|00107|31-03-2016 20:07:42:867|~DG~]No Timer Event Are Registed With TimerManeger
[SMPPCLINET1|TimerManeger.cpp|00107|31-03-2016 20:07:43:868|~DG~]No Timer Event Are Registed With TimerManeger
[SMPPCLINET1|TimerManeger.cpp|00107|31-03-2016 20:07:44:870|~DG~]No Timer Event Are Registed With TimerManeger
[SMPPCLINET1|TimerManeger.cpp|00107|31-03-2016 20:07:45:872|~DG~]No Timer Event Are Registed With TimerManeger
[SMPPCLINET1|TimerManeger.cpp|00107|31-03-2016 20:07:46:874|~DG~]No Timer Event Are Registed With TimerManeger
[SMPPCLINET1|TimerManeger.cpp|00107|31-03-2016 20:07:47:876|~DG~]No Timer Event Are Registed With TimerManeger
[SMPPCLINET1|TimerManeger.cpp|00107|31-03-2016 20:07:48:877|~DG~]No Timer Event Are Registed With TimerManeger
[SMPPCLINET1|TimerManeger.cpp|00107|31-03-2016 20:07:49:880|~DG~]No Timer Event Are Registed With TimerManeger
[SMPPCLINET1|TimerManeger.cpp|00107|31-03-2016 20:07:50:881|~DG~]No Timer Event Are Registed With TimerManeger
[SMPPCLINET1|TimerManeger.cpp|00107|31-03-2016 20:07:51:883|~DG~]No Timer Event Are Registed With TimerManeger
[SMPPCLINET1|TimerManeger.cpp|00107|31-03-2016 20:07:52:885|~DG~]No Timer Event Are Registed With TimerManeger
[SMPPCLINET1|TimerManeger.cpp|00107|31-03-2016 20:07:53:887|~DG~]No Timer Event Are Registed With TimerManeger
[SMPPCLINET1|TimerManeger.cpp|00107|31-03-2016 20:07:54:889|~DG~]No Timer Event Are Registed With TimerManeger
[SMPPCLINET1|TimerManeger.cpp|00107|31-03-2016 20:07:55:890|~DG~]No Timer Event Are Registed With TimerManeger
[SMPPCLINET1|TimerManeger.cpp|00107|31-03-2016 20:07:56:893|~DG~]No Timer Event Are Registed With TimerManeger
[SMPPCLINET1|TimerManeger.cpp|00107|31-03-2016 20:07:57:894|~DG~]No Timer Event Are Registed With TimerManeger
[SMPPCLINET1|TimerManeger.cpp|00107|31-03-2016 20:07:58:896|~DG~]No Timer Event Are Registed With TimerManeger
140000008300000000000000ffffffffffffffff
[SMPPCLINET1|EsmeConnection.cpp|00056|31-03-2016 20:07:59:582|~IN~]Receiveing the data from SMPP[20]:cmdLength:20,cmdId:132,cmdStatus:0,senderCB:-1,receiverCB:-1:Error Not Configured
140000008400000000000000ffffffffffffffff
[SMPPCLINET1|TimerManeger.cpp|00107|31-03-2016 20:07:59:898|~DG~]No Timer Event Are Registed With TimerManeger
[SMPPCLINET1|EsmeConnection.cpp|00307|31-03-2016 20:08:00:361|~VB~]Ussd Shake Resp:[cmdLength:20,cmdId:132,cmdStatus:0,senderCB:-1,receiverCB:-1]
[SMPPCLINET1|TimerManeger.cpp|00107|31-03-2016 20:08:00:900|~DG~]No Timer Event Are Registed With TimerManeger
[SMPPCLINET1|TimerManeger.cpp|00107|31-03-2016 20:08:01:902|~DG~]No Timer Event Are Registed With TimerManeger
[SMPPCLINET1|TimerManeger.cpp|00107|31-03-2016 20:08:02:903|~DG~]No Timer Event Are Registed With TimerManeger
[SMPPCLINET1|TimerManeger.cpp|00107|31-03-2016 20:08:03:906|~DG~]No Timer Event Are Registed With TimerManeger
[SMPPCLINET1|TimerManeger.cpp|00107|31-03-2016 20:08:04:907|~DG~]No Timer Event Are Registed With TimerManeger
[SMPPCLINET1|TimerManeger.cpp|00107|31-03-2016 20:08:05:909|~DG~]No Timer Event Are Registed With TimerManeger
[SMPPCLINET1|TimerManeger.cpp|00107|31-03-2016 20:08:06:911|~DG~]No Timer Event Are Registed With TimerManeger
[SMPPCLINET1|TimerManeger.cpp|00107|31-03-2016 20:08:07:913|~DG~]No Timer Event Are Registed With TimerManeger
[SMPPCLINET1|TimerManeger.cpp|00107|31-03-2016 20:08:08:914|~DG~]No Timer Event Are Registed With TimerManeger
[SMPPCLINET1|TimerManeger.cpp|00107|31-03-2016 20:08:09:916|~DG~]No Timer Event Are Registed With TimerManeger
[SMPPCLINET1|TimerManeger.cpp|00107|31-03-2016 20:08:10:918|~DG~]No Timer Event Are Registed With TimerManeger
[SMPPCLINET1|TimerManeger.cpp|00107|31-03-2016 20:08:11:920|~DG~]No Timer Event Are Registed With TimerManeger
[SMPPCLINET1|TimerManeger.cpp|00107|31-03-2016 20:08:12:923|~DG~]No Timer Event Are Registed With TimerManeger
[SMPPCLINET1|TimerManeger.cpp|00107|31-03-2016 20:08:13:924|~DG~]No Timer Event Are Registed With TimerManeger
[SMPPCLINET1|TimerManeger.cpp|00107|31-03-2016 20:08:14:926|~DG~]No Timer Event Are Registed With TimerManeger
[SMPPCLINET1|TimerManeger.cpp|00107|31-03-2016 20:08:15:928|~DG~]No Timer Event Are Registed With TimerManeger
[SMPPCLINET1|TimerManeger.cpp|00107|31-03-2016 20:08:16:931|~DG~]No Timer Event Are Registed With TimerManeger
[SMPPCLINET1|TimerManeger.cpp|00107|31-03-2016 20:08:17:932|~DG~]No Timer Event Are Registed With TimerManeger
[SMPPCLINET1|TimerManeger.cpp|00107|31-03-2016 20:08:18:934|~DG~]No Timer Event Are Registed With TimerManeger
[SMPPCLINET1|TimerManeger.cpp|00107|31-03-2016 20:08:19:936|~DG~]No Timer Event Are Registed With TimerManeger
[SMPPCLINET1|TimerManeger.cpp|00107|31-03-2016 20:08:20:938|~DG~]No Timer Event Are Registed With TimerManeger
[SMPPCLINET1|TimerManeger.cpp|00107|31-03-2016 20:08:21:940|~DG~]No Timer Event Are Registed With TimerManeger
[SMPPCLINET1|TimerManeger.cpp|00107|31-03-2016 20:08:22:941|~DG~]No Timer Event Are Registed With TimerManeger
[SMPPCLINET1|TimerManeger.cpp|00107|31-03-2016 20:08:23:943|~DG~]No Timer Event Are Registed With TimerManeger
[SMPPCLINET1|TimerManeger.cpp|00107|31-03-2016 20:08:24:945|~DG~]No Timer Event Are Registed With TimerManeger
[SMPPCLINET1|TimerManeger.cpp|00107|31-03-2016 20:08:25:947|~DG~]No Timer Event Are Registed With TimerManeger
[SMPPCLINET1|TimerManeger.cpp|00107|31-03-2016 20:08:26:948|~DG~]No Timer Event Are Registed With TimerManeger
[SMPPCLINET1|TimerManeger.cpp|00107|31-03-2016 20:08:27:951|~DG~]No Timer Event Are Registed With TimerManeger
[SMPPCLINET1|TimerManeger.cpp|00107|31-03-2016 20:08:28:953|~DG~]No Timer Event Are Registed With TimerManeger
[SMPPCLINET1|TimerManeger.cpp|00107|31-03-2016 20:08:29:954|~DG~]No Timer Event Are Registed With TimerManeger
140000008300000000000000ffffffffffffffff
[SMPPCLINET1|EsmeConnection.cpp|00056|31-03-2016 20:08:30:640|~IN~]Receiveing the data from SMPP[20]:cmdLength:20,cmdId:132,cmdStatus:0,senderCB:-1,receiverCB:-1:Error Not Configured
140000008400000000000000ffffffffffffffff
[SMPPCLINET1|TimerManeger.cpp|00107|31-03-2016 20:08:30:956|~DG~]No Timer Event Are Registed With TimerManeger
[SMPPCLINET1|EsmeConnection.cpp|00307|31-03-2016 20:08:31:419|~VB~]Ussd Shake Resp:[cmdLength:20,cmdId:132,cmdStatus:0,senderCB:-1,receiverCB:-1]
[SMPPCLINET1|TimerManeger.cpp|00107|31-03-2016 20:08:31:958|~DG~]No Timer Event Are Registed With TimerManeger
[SMPPCLINET1|TimerManeger.cpp|00107|31-03-2016 20:08:32:960|~DG~]No Timer Event Are Registed With TimerManeger
[SMPPCLINET1|TimerManeger.cpp|00107|31-03-2016 20:08:33:962|~DG~]No Timer Event Are Registed With TimerManeger
[SMPPCLINET1|TimerManeger.cpp|00107|31-03-2016 20:08:34:964|~DG~]No Timer Event Are Registed With TimerManeger
[SMPPCLINET1|TimerManeger.cpp|00107|31-03-2016 20:08:35:967|~DG~]No Timer Event Are Registed With TimerManeger
[SMPPCLINET1|TimerManeger.cpp|00107|31-03-2016 20:08:36:968|~DG~]No Timer Event Are Registed With TimerManeger
[SMPPCLINET1|TimerManeger.cpp|00107|31-03-2016 20:08:37:970|~DG~]No Timer Event Are Registed With TimerManeger
[SMPPCLINET1|TimerManeger.cpp|00107|31-03-2016 20:08:38:972|~DG~]No Timer Event Are Registed With TimerManeger
[SMPPCLINET1|TimerManeger.cpp|00107|31-03-2016 20:08:39:973|~DG~]No Timer Event Are Registed With TimerManeger
[SMPPCLINET1|TimerManeger.cpp|00107|31-03-2016 20:08:40:976|~DG~]No Timer Event Are Registed With TimerManeger
[SMPPCLINET1|TimerManeger.cpp|00107|31-03-2016 20:08:41:977|~DG~]No Timer Event Are Registed With TimerManeger
[SMPPCLINET1|TimerManeger.cpp|00107|31-03-2016 20:08:42:980|~DG~]No Timer Event Are Registed With TimerManeger
[SMPPCLINET1|TimerManeger.cpp|00107|31-03-2016 20:08:43:981|~DG~]No Timer Event Are Registed With TimerManeger
[SMPPCLINET1|TimerManeger.cpp|00107|31-03-2016 20:08:44:983|~DG~]No Timer Event Are Registed With TimerManeger
[SMPPCLINET1|TimerManeger.cpp|00107|31-03-2016 20:08:45:985|~DG~]No Timer Event Are Registed With TimerManeger
[SMPPCLINET1|TimerManeger.cpp|00107|31-03-2016 20:08:46:987|~DG~]No Timer Event Are Registed With TimerManeger
[SMPPCLINET1|TimerManeger.cpp|00107|31-03-2016 20:08:47:989|~DG~]No Timer Event Are Registed With TimerManeger
[SMPPCLINET1|TimerManeger.cpp|00107|31-03-2016 20:08:48:990|~DG~]No Timer Event Are Registed With TimerManeger
[SMPPCLINET1|TimerManeger.cpp|00107|31-03-2016 20:08:49:993|~DG~]No Timer Event Are Registed With TimerManeger
[SMPPCLINET1|TimerManeger.cpp|00107|31-03-2016 20:08:50:994|~DG~]No Timer Event Are Registed With TimerManeger
[SMPPCLINET1|TimerManeger.cpp|00107|31-03-2016 20:08:51:996|~DG~]No Timer Event Are Registed With TimerManeger
[SMPPCLINET1|TimerManeger.cpp|00107|31-03-2016 20:08:52:998|~DG~]No Timer Event Are Registed With TimerManeger
[SMPPCLINET1|TimerManeger.cpp|00107|31-03-2016 20:08:53:999|~DG~]No Timer Event Are Registed With TimerManeger
[SMPPCLINET1|TimerManeger.cpp|00107|31-03-2016 20:08:55:001|~DG~]No Timer Event Are Registed With TimerManeger
[SMPPCLINET1|TimerManeger.cpp|00107|31-03-2016 20:08:56:003|~DG~]No Timer Event Are Registed With TimerManeger
[SMPPCLINET1|TimerManeger.cpp|00107|31-03-2016 20:08:57:006|~DG~]No Timer Event Are Registed With TimerManeger
[SMPPCLINET1|TimerManeger.cpp|00107|31-03-2016 20:08:58:007|~DG~]No Timer Event Are Registed With TimerManeger
[SMPPCLINET1|TimerManeger.cpp|00107|31-03-2016 20:08:59:009|~DG~]No Timer Event Are Registed With TimerManeger
[SMPPCLINET1|TimerManeger.cpp|00107|31-03-2016 20:09:00:011|~DG~]No Timer Event Are Registed With TimerManeger
[SMPPCLINET1|TimerManeger.cpp|00107|31-03-2016 20:09:01:013|~DG~]No Timer Event Are Registed With TimerManeger
140000008300000000000000ffffffffffffffff
[SMPPCLINET1|EsmeConnection.cpp|00056|31-03-2016 20:09:01:697|~IN~]Receiveing the data from SMPP[20]:cmdLength:20,cmdId:132,cmdStatus:0,senderCB:-1,receiverCB:-1:Error Not Configured
140000008400000000000000ffffffffffffffff
[SMPPCLINET1|TimerManeger.cpp|00107|31-03-2016 20:09:02:015|~DG~]No Timer Event Are Registed With TimerManeger
[SMPPCLINET1|EsmeConnection.cpp|00307|31-03-2016 20:09:02:477|~VB~]Ussd Shake Resp:[cmdLength:20,cmdId:132,cmdStatus:0,senderCB:-1,receiverCB:-1]
[SMPPCLINET1|TimerManeger.cpp|00107|31-03-2016 20:09:03:017|~DG~]No Timer Event Are Registed With TimerManeger
[SMPPCLINET1|TimerManeger.cpp|00107|31-03-2016 20:09:04:019|~DG~]No Timer Event Are Registed With TimerManeger
[SMPPCLINET1|TimerManeger.cpp|00107|31-03-2016 20:09:05:021|~DG~]No Timer Event Are Registed With TimerManeger
[SMPPCLINET1|TimerManeger.cpp|00107|31-03-2016 20:09:06:023|~DG~]No Timer Event Are Registed With TimerManeger
[SMPPCLINET1|TimerManeger.cpp|00107|31-03-2016 20:09:07:025|~DG~]No Timer Event Are Registed With TimerManeger
[SMPPCLINET1|TimerManeger.cpp|00107|31-03-2016 20:09:08:027|~DG~]No Timer Event Are Registed With TimerManeger
[SMPPCLINET1|TimerManeger.cpp|00107|31-03-2016 20:09:09:028|~DG~]No Timer Event Are Registed With TimerManeger
[SMPPCLINET1|TimerManeger.cpp|00107|31-03-2016 20:09:10:030|~DG~]No Timer Event Are Registed With TimerManeger
[SMPPCLINET1|TimerManeger.cpp|00107|31-03-2016 20:09:11:032|~DG~]No Timer Event Are Registed With TimerManeger
[SMPPCLINET1|TimerManeger.cpp|00107|31-03-2016 20:09:12:034|~DG~]No Timer Event Are Registed With TimerManeger
[SMPPCLINET1|TimerManeger.cpp|00107|31-03-2016 20:09:13:035|~DG~]No Timer Event Are Registed With TimerManeger
[SMPPCLINET1|TimerManeger.cpp|00107|31-03-2016 20:09:14:038|~DG~]No Timer Event Are Registed With TimerManeger
[SMPPCLINET1|TimerManeger.cpp|00107|31-03-2016 20:09:15:040|~DG~]No Timer Event Are Registed With TimerManeger
[SMPPCLINET1|TimerManeger.cpp|00107|31-03-2016 20:09:16:042|~DG~]No Timer Event Are Registed With TimerManeger
[SMPPCLINET1|TimerManeger.cpp|00107|31-03-2016 20:09:17:044|~DG~]No Timer Event Are Registed With TimerManeger
[SMPPCLINET1|TimerManeger.cpp|00107|31-03-2016 20:09:18:046|~DG~]No Timer Event Are Registed With TimerManeger
[SMPPCLINET1|TimerManeger.cpp|00107|31-03-2016 20:09:19:049|~DG~]No Timer Event Are Registed With TimerManeger
[SMPPCLINET1|TimerManeger.cpp|00107|31-03-2016 20:09:20:051|~DG~]No Timer Event Are Registed With TimerManeger
[SMPPCLINET1|TimerManeger.cpp|00107|31-03-2016 20:09:21:053|~DG~]No Timer Event Are Registed With TimerManeger
[SMPPCLINET1|TimerManeger.cpp|00107|31-03-2016 20:09:22:055|~DG~]No Timer Event Are Registed With TimerManeger
[SMPPCLINET1|TimerManeger.cpp|00107|31-03-2016 20:09:23:057|~DG~]No Timer Event Are Registed With TimerManeger
[SMPPCLINET1|TimerManeger.cpp|00107|31-03-2016 20:09:24:059|~DG~]No Timer Event Are Registed With TimerManeger
[SMPPCLINET1|TimerManeger.cpp|00107|31-03-2016 20:09:25:061|~DG~]No Timer Event Are Registed With TimerManeger
[SMPPCLINET1|TimerManeger.cpp|00107|31-03-2016 20:09:26:062|~DG~]No Timer Event Are Registed With TimerManeger
[SMPPCLINET1|TimerManeger.cpp|00107|31-03-2016 20:09:27:065|~DG~]No Timer Event Are Registed With TimerManeger
[SMPPCLINET1|TimerManeger.cpp|00107|31-03-2016 20:09:28:066|~DG~]No Timer Event Are Registed With TimerManeger
[SMPPCLINET1|TimerManeger.cpp|00107|31-03-2016 20:09:29:069|~DG~]No Timer Event Are Registed With TimerManeger
[SMPPCLINET1|TimerManeger.cpp|00107|31-03-2016 20:09:30:070|~DG~]No Timer Event Are Registed With TimerManeger
[SMPPCLINET1|TimerManeger.cpp|00107|31-03-2016 20:09:31:072|~DG~]No Timer Event Are Registed With TimerManeger
[SMPPCLINET1|TimerManeger.cpp|00107|31-03-2016 20:09:32:074|~DG~]No Timer Event Are Registed With TimerManeger
140000008300000000000000ffffffffffffffff
[SMPPCLINET1|EsmeConnection.cpp|00056|31-03-2016 20:09:32:756|~IN~]Receiveing the data from SMPP[20]:cmdLength:20,cmdId:132,cmdStatus:0,senderCB:-1,receiverCB:-1:Error Not Configured
140000008400000000000000ffffffffffffffff
[SMPPCLINET1|TimerManeger.cpp|00107|31-03-2016 20:09:33:075|~DG~]No Timer Event Are Registed With TimerManeger
[SMPPCLINET1|EsmeConnection.cpp|00307|31-03-2016 20:09:33:535|~VB~]Ussd Shake Resp:[cmdLength:20,cmdId:132,cmdStatus:0,senderCB:-1,receiverCB:-1]
[SMPPCLINET1|TimerManeger.cpp|00107|31-03-2016 20:09:34:078|~DG~]No Timer Event Are Registed With TimerManeger
[SMPPCLINET1|TimerManeger.cpp|00107|31-03-2016 20:09:35:079|~DG~]No Timer Event Are Registed With TimerManeger
[SMPPCLINET1|TimerManeger.cpp|00107|31-03-2016 20:09:36:081|~DG~]No Timer Event Are Registed With TimerManeger
[SMPPCLINET1|TimerManeger.cpp|00107|31-03-2016 20:09:37:083|~DG~]No Timer Event Are Registed With TimerManeger
[SMPPCLINET1|TimerManeger.cpp|00107|31-03-2016 20:09:38:085|~DG~]No Timer Event Are Registed With TimerManeger
[SMPPCLINET1|TimerManeger.cpp|00107|31-03-2016 20:09:39:087|~DG~]No Timer Event Are Registed With TimerManeger
[SMPPCLINET1|TimerManeger.cpp|00107|31-03-2016 20:09:40:088|~DG~]No Timer Event Are Registed With TimerManeger
[SMPPCLINET1|TimerManeger.cpp|00107|31-03-2016 20:09:41:091|~DG~]No Timer Event Are Registed With TimerManeger
[SMPPCLINET1|TimerManeger.cpp|00107|31-03-2016 20:09:42:093|~DG~]No Timer Event Are Registed With TimerManeger
[SMPPCLINET1|TimerManeger.cpp|00107|31-03-2016 20:09:43:096|~DG~]No Timer Event Are Registed With TimerManeger
[SMPPCLINET1|TimerManeger.cpp|00107|31-03-2016 20:09:44:097|~DG~]No Timer Event Are Registed With TimerManeger
[SMPPCLINET1|TimerManeger.cpp|00107|31-03-2016 20:09:45:099|~DG~]No Timer Event Are Registed With TimerManeger
[SMPPCLINET1|TimerManeger.cpp|00107|31-03-2016 20:09:46:101|~DG~]No Timer Event Are Registed With TimerManeger
[SMPPCLINET1|TimerManeger.cpp|00107|31-03-2016 20:09:47:103|~DG~]No Timer Event Are Registed With TimerManeger
[SMPPCLINET1|TimerManeger.cpp|00107|31-03-2016 20:09:48:104|~DG~]No Timer Event Are Registed With TimerManeger
[SMPPCLINET1|TimerManeger.cpp|00107|31-03-2016 20:09:49:106|~DG~]No Timer Event Are Registed With TimerManeger
[SMPPCLINET1|TimerManeger.cpp|00107|31-03-2016 20:09:50:108|~DG~]No Timer Event Are Registed With TimerManeger
[SMPPCLINET1|TimerManeger.cpp|00107|31-03-2016 20:09:51:110|~DG~]No Timer Event Are Registed With TimerManeger
[SMPPCLINET1|TimerManeger.cpp|00107|31-03-2016 20:09:52:112|~DG~]No Timer Event Are Registed With TimerManeger
[SMPPCLINET1|TimerManeger.cpp|00107|31-03-2016 20:09:53:114|~DG~]No Timer Event Are Registed With TimerManeger
[SMPPCLINET1|TimerManeger.cpp|00107|31-03-2016 20:09:54:116|~DG~]No Timer Event Are Registed With TimerManeger
[SMPPCLINET1|TimerManeger.cpp|00107|31-03-2016 20:09:55:117|~DG~]No Timer Event Are Registed With TimerManeger
[SMPPCLINET1|TimerManeger.cpp|00107|31-03-2016 20:09:56:119|~DG~]No Timer Event Are Registed With TimerManeger
[SMPPCLINET1|TimerManeger.cpp|00107|31-03-2016 20:09:57:121|~DG~]No Timer Event Are Registed With TimerManeger
[SMPPCLINET1|TimerManeger.cpp|00107|31-03-2016 20:09:58:124|~DG~]No Timer Event Are Registed With TimerManeger
[SMPPCLINET1|TimerManeger.cpp|00107|31-03-2016 20:09:59:125|~DG~]No Timer Event Are Registed With TimerManeger
[SMPPCLINET1|TimerManeger.cpp|00107|31-03-2016 20:10:00:128|~DG~]No Timer Event Are Registed With TimerManeger
[SMPPCLINET1|TimerManeger.cpp|00107|31-03-2016 20:10:01:130|~DG~]No Timer Event Are Registed With TimerManeger
[SMPPCLINET1|TimerManeger.cpp|00107|31-03-2016 20:10:02:131|~DG~]No Timer Event Are Registed With TimerManeger
[SMPPCLINET1|TimerManeger.cpp|00107|31-03-2016 20:10:03:133|~DG~]No Timer Event Are Registed With TimerManeger
140000008300000000000000ffffffffffffffff
[SMPPCLINET1|EsmeConnection.cpp|00056|31-03-2016 20:10:03:813|~IN~]Receiveing the data from SMPP[20]:cmdLength:20,cmdId:132,cmdStatus:0,senderCB:-1,receiverCB:-1:Error Not Configured
140000008400000000000000ffffffffffffffff
[SMPPCLINET1|TimerManeger.cpp|00107|31-03-2016 20:10:04:135|~DG~]No Timer Event Are Registed With TimerManeger
[SMPPCLINET1|EsmeConnection.cpp|00307|31-03-2016 20:10:04:594|~VB~]Ussd Shake Resp:[cmdLength:20,cmdId:132,cmdStatus:0,senderCB:-1,receiverCB:-1]
[SMPPCLINET1|TimerManeger.cpp|00107|31-03-2016 20:10:05:137|~DG~]No Timer Event Are Registed With TimerManeger
[SMPPCLINET1|TimerManeger.cpp|00107|31-03-2016 20:10:06:138|~DG~]No Timer Event Are Registed With TimerManeger
[SMPPCLINET1|TimerManeger.cpp|00107|31-03-2016 20:10:07:141|~DG~]No Timer Event Are Registed With TimerManeger
[SMPPCLINET1|TimerManeger.cpp|00107|31-03-2016 20:10:08:143|~DG~]No Timer Event Are Registed With TimerManeger
[SMPPCLINET1|TimerManeger.cpp|00107|31-03-2016 20:10:09:144|~DG~]No Timer Event Are Registed With TimerManeger
[SMPPCLINET1|TimerManeger.cpp|00107|31-03-2016 20:10:10:146|~DG~]No Timer Event Are Registed With TimerManeger
[SMPPCLINET1|TimerManeger.cpp|00107|31-03-2016 20:10:11:148|~DG~]No Timer Event Are Registed With TimerManeger
[SMPPCLINET1|TimerManeger.cpp|00107|31-03-2016 20:10:12:149|~DG~]No Timer Event Are Registed With TimerManeger
[SMPPCLINET1|TimerManeger.cpp|00107|31-03-2016 20:10:13:152|~DG~]No Timer Event Are Registed With TimerManeger
[SMPPCLINET1|TimerManeger.cpp|00107|31-03-2016 20:10:14:154|~DG~]No Timer Event Are Registed With TimerManeger
[SMPPCLINET1|TimerManeger.cpp|00107|31-03-2016 20:10:15:157|~DG~]No Timer Event Are Registed With TimerManeger
[SMPPCLINET1|TimerManeger.cpp|00107|31-03-2016 20:10:16:158|~DG~]No Timer Event Are Registed With TimerManeger
[SMPPCLINET1|TimerManeger.cpp|00107|31-03-2016 20:10:17:160|~DG~]No Timer Event Are Registed With TimerManeger
[SMPPCLINET1|TimerManeger.cpp|00107|31-03-2016 20:10:18:162|~DG~]No Timer Event Are Registed With TimerManeger
[SMPPCLINET1|TimerManeger.cpp|00107|31-03-2016 20:10:19:163|~DG~]No Timer Event Are Registed With TimerManeger
[SMPPCLINET1|TimerManeger.cpp|00107|31-03-2016 20:10:20:166|~DG~]No Timer Event Are Registed With TimerManeger
[SMPPCLINET1|TimerManeger.cpp|00107|31-03-2016 20:10:21:167|~DG~]No Timer Event Are Registed With TimerManeger
[SMPPCLINET1|TimerManeger.cpp|00107|31-03-2016 20:10:22:170|~DG~]No Timer Event Are Registed With TimerManeger
[SMPPCLINET1|TimerManeger.cpp|00107|31-03-2016 20:10:23:171|~DG~]No Timer Event Are Registed With TimerManeger
[SMPPCLINET1|TimerManeger.cpp|00107|31-03-2016 20:10:24:174|~DG~]No Timer Event Are Registed With TimerManeger
[SMPPCLINET1|TimerManeger.cpp|00107|31-03-2016 20:10:25:176|~DG~]No Timer Event Are Registed With TimerManeger
[SMPPCLINET1|TimerManeger.cpp|00107|31-03-2016 20:10:26:177|~DG~]No Timer Event Are Registed With TimerManeger
[SMPPCLINET1|TimerManeger.cpp|00107|31-03-2016 20:10:27:180|~DG~]No Timer Event Are Registed With TimerManeger
[SMPPCLINET1|TimerManeger.cpp|00107|31-03-2016 20:10:28:181|~DG~]No Timer Event Are Registed With TimerManeger
[SMPPCLINET1|TimerManeger.cpp|00107|31-03-2016 20:10:29:184|~DG~]No Timer Event Are Registed With TimerManeger
[SMPPCLINET1|TimerManeger.cpp|00107|31-03-2016 20:10:30:185|~DG~]No Timer Event Are Registed With TimerManeger
[SMPPCLINET1|TimerManeger.cpp|00107|31-03-2016 20:10:31:187|~DG~]No Timer Event Are Registed With TimerManeger
[SMPPCLINET1|TimerManeger.cpp|00107|31-03-2016 20:10:32:189|~DG~]No Timer Event Are Registed With TimerManeger
[SMPPCLINET1|TimerManeger.cpp|00107|31-03-2016 20:10:33:190|~DG~]No Timer Event Are Registed With TimerManeger
[SMPPCLINET1|TimerManeger.cpp|00107|31-03-2016 20:10:34:192|~DG~]No Timer Event Are Registed With TimerManeger
140000008300000000000000ffffffffffffffff
[SMPPCLINET1|EsmeConnection.cpp|00056|31-03-2016 20:10:34:870|~IN~]Receiveing the data from SMPP[20]:cmdLength:20,cmdId:132,cmdStatus:0,senderCB:-1,receiverCB:-1:Error Not Configured
140000008400000000000000ffffffffffffffff
[SMPPCLINET1|TimerManeger.cpp|00107|31-03-2016 20:10:35:194|~DG~]No Timer Event Are Registed With TimerManeger
[SMPPCLINET1|EsmeConnection.cpp|00307|31-03-2016 20:10:35:655|~VB~]Ussd Shake Resp:[cmdLength:20,cmdId:132,cmdStatus:0,senderCB:-1,receiverCB:-1]
[SMPPCLINET1|TimerManeger.cpp|00107|31-03-2016 20:10:36:197|~DG~]No Timer Event Are Registed With TimerManeger
[SMPPCLINET1|TimerManeger.cpp|00107|31-03-2016 20:10:37:199|~DG~]No Timer Event Are Registed With TimerManeger
[SMPPCLINET1|TimerManeger.cpp|00107|31-03-2016 20:10:38:201|~DG~]No Timer Event Are Registed With TimerManeger
[SMPPCLINET1|TimerManeger.cpp|00107|31-03-2016 20:10:39:203|~DG~]No Timer Event Are Registed With TimerManeger
[SMPPCLINET1|TimerManeger.cpp|00107|31-03-2016 20:10:40:204|~DG~]No Timer Event Are Registed With TimerManeger
[SMPPCLINET1|TimerManeger.cpp|00107|31-03-2016 20:10:41:206|~DG~]No Timer Event Are Registed With TimerManeger
[SMPPCLINET1|TimerManeger.cpp|00107|31-03-2016 20:10:42:208|~DG~]No Timer Event Are Registed With TimerManeger
[SMPPCLINET1|TimerManeger.cpp|00107|31-03-2016 20:10:43:210|~DG~]No Timer Event Are Registed With TimerManeger
[SMPPCLINET1|TimerManeger.cpp|00107|31-03-2016 20:10:44:212|~DG~]No Timer Event Are Registed With TimerManeger
[SMPPCLINET1|TimerManeger.cpp|00107|31-03-2016 20:10:45:213|~DG~]No Timer Event Are Registed With TimerManeger
[SMPPCLINET1|TimerManeger.cpp|00107|31-03-2016 20:10:46:216|~DG~]No Timer Event Are Registed With TimerManeger
[SMPPCLINET1|TimerManeger.cpp|00107|31-03-2016 20:10:47:218|~DG~]No Timer Event Are Registed With TimerManeger
[SMPPCLINET1|TimerManeger.cpp|00107|31-03-2016 20:10:48:219|~DG~]No Timer Event Are Registed With TimerManeger
[SMPPCLINET1|TimerManeger.cpp|00107|31-03-2016 20:10:49:221|~DG~]No Timer Event Are Registed With TimerManeger
[SMPPCLINET1|TimerManeger.cpp|00107|31-03-2016 20:10:50:223|~DG~]No Timer Event Are Registed With TimerManeger
[SMPPCLINET1|TimerManeger.cpp|00107|31-03-2016 20:10:51:225|~DG~]No Timer Event Are Registed With TimerManeger
[SMPPCLINET1|TimerManeger.cpp|00107|31-03-2016 20:10:52:226|~DG~]No Timer Event Are Registed With TimerManeger
[SMPPCLINET1|TimerManeger.cpp|00107|31-03-2016 20:10:53:229|~DG~]No Timer Event Are Registed With TimerManeger
[SMPPCLINET1|TimerManeger.cpp|00107|31-03-2016 20:10:54:231|~DG~]No Timer Event Are Registed With TimerManeger
[SMPPCLINET1|TimerManeger.cpp|00107|31-03-2016 20:10:55:232|~DG~]No Timer Event Are Registed With TimerManeger
[SMPPCLINET1|TimerManeger.cpp|00107|31-03-2016 20:10:56:234|~DG~]No Timer Event Are Registed With TimerManeger
[SMPPCLINET1|TimerManeger.cpp|00107|31-03-2016 20:10:57:236|~DG~]No Timer Event Are Registed With TimerManeger
[SMPPCLINET1|TimerManeger.cpp|00107|31-03-2016 20:10:58:238|~DG~]No Timer Event Are Registed With TimerManeger
[SMPPCLINET1|TimerManeger.cpp|00107|31-03-2016 20:10:59:240|~DG~]No Timer Event Are Registed With TimerManeger
[SMPPCLINET1|TimerManeger.cpp|00107|31-03-2016 20:11:00:243|~DG~]No Timer Event Are Registed With TimerManeger
[SMPPCLINET1|TimerManeger.cpp|00107|31-03-2016 20:11:01:245|~DG~]No Timer Event Are Registed With TimerManeger
[SMPPCLINET1|TimerManeger.cpp|00107|31-03-2016 20:11:02:246|~DG~]No Timer Event Are Registed With TimerManeger
[SMPPCLINET1|TimerManeger.cpp|00107|31-03-2016 20:11:03:248|~DG~]No Timer Event Are Registed With TimerManeger
[SMPPCLINET1|TimerManeger.cpp|00107|31-03-2016 20:11:04:250|~DG~]No Timer Event Are Registed With TimerManeger
[SMPPCLINET1|TimerManeger.cpp|00107|31-03-2016 20:11:05:252|~DG~]No Timer Event Are Registed With TimerManeger
140000008300000000000000ffffffffffffffff
[SMPPCLINET1|EsmeConnection.cpp|00056|31-03-2016 20:11:05:928|~IN~]Receiveing the data from SMPP[20]:cmdLength:20,cmdId:132,cmdStatus:0,senderCB:-1,receiverCB:-1:Error Not Configured
140000008400000000000000ffffffffffffffff
[SMPPCLINET1|TimerManeger.cpp|00107|31-03-2016 20:11:06:255|~DG~]No Timer Event Are Registed With TimerManeger
[SMPPCLINET1|EsmeConnection.cpp|00307|31-03-2016 20:11:06:713|~VB~]Ussd Shake Resp:[cmdLength:20,cmdId:132,cmdStatus:0,senderCB:-1,receiverCB:-1]
[SMPPCLINET1|TimerManeger.cpp|00107|31-03-2016 20:11:07:256|~DG~]No Timer Event Are Registed With TimerManeger
[SMPPCLINET1|TimerManeger.cpp|00107|31-03-2016 20:11:08:259|~DG~]No Timer Event Are Registed With TimerManeger
[SMPPCLINET1|TimerManeger.cpp|00107|31-03-2016 20:11:09:260|~DG~]No Timer Event Are Registed With TimerManeger
[SMPPCLINET1|TimerManeger.cpp|00107|31-03-2016 20:11:10:262|~DG~]No Timer Event Are Registed With TimerManeger
[SMPPCLINET1|TimerManeger.cpp|00107|31-03-2016 20:11:11:264|~DG~]No Timer Event Are Registed With TimerManeger
[SMPPCLINET1|TimerManeger.cpp|00107|31-03-2016 20:11:12:265|~DG~]No Timer Event Are Registed With TimerManeger
[SMPPCLINET1|TimerManeger.cpp|00107|31-03-2016 20:11:13:268|~DG~]No Timer Event Are Registed With TimerManeger
[SMPPCLINET1|TimerManeger.cpp|00107|31-03-2016 20:11:14:269|~DG~]No Timer Event Are Registed With TimerManeger
[SMPPCLINET1|TimerManeger.cpp|00107|31-03-2016 20:11:15:272|~DG~]No Timer Event Are Registed With TimerManeger
[SMPPCLINET1|TimerManeger.cpp|00107|31-03-2016 20:11:16:273|~DG~]No Timer Event Are Registed With TimerManeger
[SMPPCLINET1|TimerManeger.cpp|00107|31-03-2016 20:11:17:275|~DG~]No Timer Event Are Registed With TimerManeger
[SMPPCLINET1|TimerManeger.cpp|00107|31-03-2016 20:11:18:277|~DG~]No Timer Event Are Registed With TimerManeger
[SMPPCLINET1|TimerManeger.cpp|00107|31-03-2016 20:11:19:278|~DG~]No Timer Event Are Registed With TimerManeger
[SMPPCLINET1|TimerManeger.cpp|00107|31-03-2016 20:11:20:281|~DG~]No Timer Event Are Registed With TimerManeger
[SMPPCLINET1|TimerManeger.cpp|00107|31-03-2016 20:11:21:283|~DG~]No Timer Event Are Registed With TimerManeger
[SMPPCLINET1|TimerManeger.cpp|00107|31-03-2016 20:11:22:286|~DG~]No Timer Event Are Registed With TimerManeger
[SMPPCLINET1|TimerManeger.cpp|00107|31-03-2016 20:11:23:287|~DG~]No Timer Event Are Registed With TimerManeger
[SMPPCLINET1|TimerManeger.cpp|00107|31-03-2016 20:11:24:289|~DG~]No Timer Event Are Registed With TimerManeger
[SMPPCLINET1|TimerManeger.cpp|00107|31-03-2016 20:11:25:291|~DG~]No Timer Event Are Registed With TimerManeger
[SMPPCLINET1|TimerManeger.cpp|00107|31-03-2016 20:11:26:292|~DG~]No Timer Event Are Registed With TimerManeger
[SMPPCLINET1|TimerManeger.cpp|00107|31-03-2016 20:11:27:294|~DG~]No Timer Event Are Registed With TimerManeger
[SMPPCLINET1|TimerManeger.cpp|00107|31-03-2016 20:11:28:296|~DG~]No Timer Event Are Registed With TimerManeger
[SMPPCLINET1|TimerManeger.cpp|00107|31-03-2016 20:11:29:298|~DG~]No Timer Event Are Registed With TimerManeger
[SMPPCLINET1|TimerManeger.cpp|00107|31-03-2016 20:11:30:300|~DG~]No Timer Event Are Registed With TimerManeger
[SMPPCLINET1|TimerManeger.cpp|00107|31-03-2016 20:11:31:301|~DG~]No Timer Event Are Registed With TimerManeger
[SMPPCLINET1|TimerManeger.cpp|00107|31-03-2016 20:11:32:304|~DG~]No Timer Event Are Registed With TimerManeger
[SMPPCLINET1|TimerManeger.cpp|00107|31-03-2016 20:11:33:306|~DG~]No Timer Event Are Registed With TimerManeger
[SMPPCLINET1|TimerManeger.cpp|00107|31-03-2016 20:11:34:307|~DG~]No Timer Event Are Registed With TimerManeger
[SMPPCLINET1|TimerManeger.cpp|00107|31-03-2016 20:11:35:309|~DG~]No Timer Event Are Registed With TimerManeger
[SMPPCLINET1|TimerManeger.cpp|00107|31-03-2016 20:11:36:311|~DG~]No Timer Event Are Registed With TimerManeger
140000008300000000000000ffffffffffffffff
[SMPPCLINET1|EsmeConnection.cpp|00056|31-03-2016 20:11:36:990|~IN~]Receiveing the data from SMPP[20]:cmdLength:20,cmdId:132,cmdStatus:0,senderCB:-1,receiverCB:-1:Error Not Configured
140000008400000000000000ffffffffffffffff
[SMPPCLINET1|TimerManeger.cpp|00107|31-03-2016 20:11:37:313|~DG~]No Timer Event Are Registed With TimerManeger
[SMPPCLINET1|EsmeConnection.cpp|00307|31-03-2016 20:11:37:771|~VB~]Ussd Shake Resp:[cmdLength:20,cmdId:132,cmdStatus:0,senderCB:-1,receiverCB:-1]
[SMPPCLINET1|TimerManeger.cpp|00107|31-03-2016 20:11:38:314|~DG~]No Timer Event Are Registed With TimerManeger
[SMPPCLINET1|TimerManeger.cpp|00107|31-03-2016 20:11:39:317|~DG~]No Timer Event Are Registed With TimerManeger
[SMPPCLINET1|TimerManeger.cpp|00107|31-03-2016 20:11:40:319|~DG~]No Timer Event Are Registed With TimerManeger
[SMPPCLINET1|TimerManeger.cpp|00107|31-03-2016 20:11:41:320|~DG~]No Timer Event Are Registed With TimerManeger
[SMPPCLINET1|TimerManeger.cpp|00107|31-03-2016 20:11:42:322|~DG~]No Timer Event Are Registed With TimerManeger
[SMPPCLINET1|TimerManeger.cpp|00107|31-03-2016 20:11:43:324|~DG~]No Timer Event Are Registed With TimerManeger
[SMPPCLINET1|TimerManeger.cpp|00107|31-03-2016 20:11:44:326|~DG~]No Timer Event Are Registed With TimerManeger
[SMPPCLINET1|TimerManeger.cpp|00107|31-03-2016 20:11:45:327|~DG~]No Timer Event Are Registed With TimerManeger
[SMPPCLINET1|TimerManeger.cpp|00107|31-03-2016 20:11:46:330|~DG~]No Timer Event Are Registed With TimerManeger
[SMPPCLINET1|TimerManeger.cpp|00107|31-03-2016 20:11:47:332|~DG~]No Timer Event Are Registed With TimerManeger
[SMPPCLINET1|TimerManeger.cpp|00107|31-03-2016 20:11:48:334|~DG~]No Timer Event Are Registed With TimerManeger
[SMPPCLINET1|TimerManeger.cpp|00107|31-03-2016 20:11:49:336|~DG~]No Timer Event Are Registed With TimerManeger
[SMPPCLINET1|TimerManeger.cpp|00107|31-03-2016 20:11:50:338|~DG~]No Timer Event Are Registed With TimerManeger
[SMPPCLINET1|TimerManeger.cpp|00107|31-03-2016 20:11:51:340|~DG~]No Timer Event Are Registed With TimerManeger
[SMPPCLINET1|TimerManeger.cpp|00107|31-03-2016 20:11:52:342|~DG~]No Timer Event Are Registed With TimerManeger
[SMPPCLINET1|TimerManeger.cpp|00107|31-03-2016 20:11:53:343|~DG~]No Timer Event Are Registed With TimerManeger
[SMPPCLINET1|TimerManeger.cpp|00107|31-03-2016 20:11:54:346|~DG~]No Timer Event Are Registed With TimerManeger
[SMPPCLINET1|TimerManeger.cpp|00107|31-03-2016 20:11:55:347|~DG~]No Timer Event Are Registed With TimerManeger
[SMPPCLINET1|TimerManeger.cpp|00107|31-03-2016 20:11:56:349|~DG~]No Timer Event Are Registed With TimerManeger
[SMPPCLINET1|TimerManeger.cpp|00107|31-03-2016 20:11:57:351|~DG~]No Timer Event Are Registed With TimerManeger
[SMPPCLINET1|TimerManeger.cpp|00107|31-03-2016 20:11:58:352|~DG~]No Timer Event Are Registed With TimerManeger
[SMPPCLINET1|TimerManeger.cpp|00107|31-03-2016 20:11:59:355|~DG~]No Timer Event Are Registed With TimerManeger
[SMPPCLINET1|TimerManeger.cpp|00107|31-03-2016 20:12:00:356|~DG~]No Timer Event Are Registed With TimerManeger
[SMPPCLINET1|TimerManeger.cpp|00107|31-03-2016 20:12:01:359|~DG~]No Timer Event Are Registed With TimerManeger
[SMPPCLINET1|TimerManeger.cpp|00107|31-03-2016 20:12:02:360|~DG~]No Timer Event Are Registed With TimerManeger
[SMPPCLINET1|TimerManeger.cpp|00107|31-03-2016 20:12:03:362|~DG~]No Timer Event Are Registed With TimerManeger
[SMPPCLINET1|TimerManeger.cpp|00107|31-03-2016 20:12:04:364|~DG~]No Timer Event Are Registed With TimerManeger
[SMPPCLINET1|TimerManeger.cpp|00107|31-03-2016 20:12:05:365|~DG~]No Timer Event Are Registed With TimerManeger
[SMPPCLINET1|TimerManeger.cpp|00107|31-03-2016 20:12:06:368|~DG~]No Timer Event Are Registed With TimerManeger
[SMPPCLINET1|TimerManeger.cpp|00107|31-03-2016 20:12:07:370|~DG~]No Timer Event Are Registed With TimerManeger
140000008300000000000000ffffffffffffffff
[SMPPCLINET1|EsmeConnection.cpp|00056|31-03-2016 20:12:08:048|~IN~]Receiveing the data from SMPP[20]:cmdLength:20,cmdId:132,cmdStatus:0,senderCB:-1,receiverCB:-1:Error Not Configured
140000008400000000000000ffffffffffffffff
[SMPPCLINET1|TimerManeger.cpp|00107|31-03-2016 20:12:08:373|~DG~]No Timer Event Are Registed With TimerManeger
[SMPPCLINET1|EsmeConnection.cpp|00307|31-03-2016 20:12:08:829|~VB~]Ussd Shake Resp:[cmdLength:20,cmdId:132,cmdStatus:0,senderCB:-1,receiverCB:-1]
[SMPPCLINET1|TimerManeger.cpp|00107|31-03-2016 20:12:09:374|~DG~]No Timer Event Are Registed With TimerManeger
[SMPPCLINET1|TimerManeger.cpp|00107|31-03-2016 20:12:10:376|~DG~]No Timer Event Are Registed With TimerManeger
[SMPPCLINET1|TimerManeger.cpp|00107|31-03-2016 20:12:11:378|~DG~]No Timer Event Are Registed With TimerManeger
[SMPPCLINET1|TimerManeger.cpp|00107|31-03-2016 20:12:12:379|~DG~]No Timer Event Are Registed With TimerManeger
[SMPPCLINET1|TimerManeger.cpp|00107|31-03-2016 20:12:13:381|~DG~]No Timer Event Are Registed With TimerManeger
[SMPPCLINET1|TimerManeger.cpp|00107|31-03-2016 20:12:14:383|~DG~]No Timer Event Are Registed With TimerManeger
[SMPPCLINET1|TimerManeger.cpp|00107|31-03-2016 20:12:15:385|~DG~]No Timer Event Are Registed With TimerManeger
[SMPPCLINET1|TimerManeger.cpp|00107|31-03-2016 20:12:16:387|~DG~]No Timer Event Are Registed With TimerManeger
[SMPPCLINET1|TimerManeger.cpp|00107|31-03-2016 20:12:17:389|~DG~]No Timer Event Are Registed With TimerManeger
[SMPPCLINET1|TimerManeger.cpp|00107|31-03-2016 20:12:18:392|~DG~]No Timer Event Are Registed With TimerManeger
[SMPPCLINET1|TimerManeger.cpp|00107|31-03-2016 20:12:19:393|~DG~]No Timer Event Are Registed With TimerManeger
[SMPPCLINET1|TimerManeger.cpp|00107|31-03-2016 20:12:20:395|~DG~]No Timer Event Are Registed With TimerManeger
[SMPPCLINET1|TimerManeger.cpp|00107|31-03-2016 20:12:21:397|~DG~]No Timer Event Are Registed With TimerManeger
[SMPPCLINET1|TimerManeger.cpp|00107|31-03-2016 20:12:22:399|~DG~]No Timer Event Are Registed With TimerManeger
[SMPPCLINET1|TimerManeger.cpp|00107|31-03-2016 20:12:23:401|~DG~]No Timer Event Are Registed With TimerManeger
[SMPPCLINET1|TimerManeger.cpp|00107|31-03-2016 20:12:24:402|~DG~]No Timer Event Are Registed With TimerManeger
[SMPPCLINET1|TimerManeger.cpp|00107|31-03-2016 20:12:25:405|~DG~]No Timer Event Are Registed With TimerManeger
[SMPPCLINET1|TimerManeger.cpp|00107|31-03-2016 20:12:26:407|~DG~]No Timer Event Are Registed With TimerManeger
[SMPPCLINET1|TimerManeger.cpp|00107|31-03-2016 20:12:27:408|~DG~]No Timer Event Are Registed With TimerManeger
[SMPPCLINET1|TimerManeger.cpp|00107|31-03-2016 20:12:28:410|~DG~]No Timer Event Are Registed With TimerManeger
[SMPPCLINET1|TimerManeger.cpp|00107|31-03-2016 20:12:29:412|~DG~]No Timer Event Are Registed With TimerManeger
[SMPPCLINET1|TimerManeger.cpp|00107|31-03-2016 20:12:30:414|~DG~]No Timer Event Are Registed With TimerManeger
[SMPPCLINET1|TimerManeger.cpp|00107|31-03-2016 20:12:31:415|~DG~]No Timer Event Are Registed With TimerManeger
[SMPPCLINET1|TimerManeger.cpp|00107|31-03-2016 20:12:32:418|~DG~]No Timer Event Are Registed With TimerManeger
[SMPPCLINET1|TimerManeger.cpp|00107|31-03-2016 20:12:33:420|~DG~]No Timer Event Are Registed With TimerManeger
[SMPPCLINET1|TimerManeger.cpp|00107|31-03-2016 20:12:34:421|~DG~]No Timer Event Are Registed With TimerManeger
[SMPPCLINET1|TimerManeger.cpp|00107|31-03-2016 20:12:35:423|~DG~]No Timer Event Are Registed With TimerManeger
[SMPPCLINET1|TimerManeger.cpp|00107|31-03-2016 20:12:36:425|~DG~]No Timer Event Are Registed With TimerManeger
[SMPPCLINET1|TimerManeger.cpp|00107|31-03-2016 20:12:37:426|~DG~]No Timer Event Are Registed With TimerManeger
[SMPPCLINET1|TimerManeger.cpp|00107|31-03-2016 20:12:38:428|~DG~]No Timer Event Are Registed With TimerManeger
140000008300000000000000ffffffffffffffff
[SMPPCLINET1|EsmeConnection.cpp|00056|31-03-2016 20:12:39:107|~IN~]Receiveing the data from SMPP[20]:cmdLength:20,cmdId:132,cmdStatus:0,senderCB:-1,receiverCB:-1:Error Not Configured
140000008400000000000000ffffffffffffffff
[SMPPCLINET1|TimerManeger.cpp|00107|31-03-2016 20:12:39:431|~DG~]No Timer Event Are Registed With TimerManeger
[SMPPCLINET1|EsmeConnection.cpp|00307|31-03-2016 20:12:39:888|~VB~]Ussd Shake Resp:[cmdLength:20,cmdId:132,cmdStatus:0,senderCB:-1,receiverCB:-1]
[SMPPCLINET1|TimerManeger.cpp|00107|31-03-2016 20:12:40:432|~DG~]No Timer Event Are Registed With TimerManeger
[SMPPCLINET1|TimerManeger.cpp|00107|31-03-2016 20:12:41:434|~DG~]No Timer Event Are Registed With TimerManeger
[SMPPCLINET1|TimerManeger.cpp|00107|31-03-2016 20:12:42:436|~DG~]No Timer Event Are Registed With TimerManeger
[SMPPCLINET1|TimerManeger.cpp|00107|31-03-2016 20:12:43:438|~DG~]No Timer Event Are Registed With TimerManeger
[SMPPCLINET1|TimerManeger.cpp|00107|31-03-2016 20:12:44:439|~DG~]No Timer Event Are Registed With TimerManeger
[SMPPCLINET1|TimerManeger.cpp|00107|31-03-2016 20:12:45:441|~DG~]No Timer Event Are Registed With TimerManeger
[SMPPCLINET1|TimerManeger.cpp|00107|31-03-2016 20:12:46:443|~DG~]No Timer Event Are Registed With TimerManeger
[SMPPCLINET1|TimerManeger.cpp|00107|31-03-2016 20:12:47:446|~DG~]No Timer Event Are Registed With TimerManeger
[SMPPCLINET1|TimerManeger.cpp|00107|31-03-2016 20:12:48:447|~DG~]No Timer Event Are Registed With TimerManeger
[SMPPCLINET1|TimerManeger.cpp|00107|31-03-2016 20:12:49:449|~DG~]No Timer Event Are Registed With TimerManeger
[SMPPCLINET1|TimerManeger.cpp|00107|31-03-2016 20:12:50:451|~DG~]No Timer Event Are Registed With TimerManeger
[SMPPCLINET1|TimerManeger.cpp|00107|31-03-2016 20:12:51:452|~DG~]No Timer Event Are Registed With TimerManeger
[SMPPCLINET1|TimerManeger.cpp|00107|31-03-2016 20:12:52:455|~DG~]No Timer Event Are Registed With TimerManeger
[SMPPCLINET1|TimerManeger.cpp|00107|31-03-2016 20:12:53:456|~DG~]No Timer Event Are Registed With TimerManeger
[SMPPCLINET1|TimerManeger.cpp|00107|31-03-2016 20:12:54:459|~DG~]No Timer Event Are Registed With TimerManeger
[SMPPCLINET1|TimerManeger.cpp|00107|31-03-2016 20:12:55:460|~DG~]No Timer Event Are Registed With TimerManeger
[SMPPCLINET1|TimerManeger.cpp|00107|31-03-2016 20:12:56:462|~DG~]No Timer Event Are Registed With TimerManeger
[SMPPCLINET1|TimerManeger.cpp|00107|31-03-2016 20:12:57:464|~DG~]No Timer Event Are Registed With TimerManeger
[SMPPCLINET1|TimerManeger.cpp|00107|31-03-2016 20:12:58:465|~DG~]No Timer Event Are Registed With TimerManeger
[SMPPCLINET1|TimerManeger.cpp|00107|31-03-2016 20:12:59:467|~DG~]No Timer Event Are Registed With TimerManeger
[SMPPCLINET1|TimerManeger.cpp|00107|31-03-2016 20:13:00:469|~DG~]No Timer Event Are Registed With TimerManeger
[SMPPCLINET1|TimerManeger.cpp|00107|31-03-2016 20:13:01:472|~DG~]No Timer Event Are Registed With TimerManeger
[SMPPCLINET1|TimerManeger.cpp|00107|31-03-2016 20:13:02:474|~DG~]No Timer Event Are Registed With TimerManeger
[SMPPCLINET1|TimerManeger.cpp|00107|31-03-2016 20:13:03:476|~DG~]No Timer Event Are Registed With TimerManeger
[SMPPCLINET1|TimerManeger.cpp|00107|31-03-2016 20:13:04:478|~DG~]No Timer Event Are Registed With TimerManeger
[SMPPCLINET1|TimerManeger.cpp|00107|31-03-2016 20:13:05:479|~DG~]No Timer Event Are Registed With TimerManeger
[SMPPCLINET1|TimerManeger.cpp|00107|31-03-2016 20:13:06:481|~DG~]No Timer Event Are Registed With TimerManeger
[SMPPCLINET1|TimerManeger.cpp|00107|31-03-2016 20:13:07:483|~DG~]No Timer Event Are Registed With TimerManeger
[SMPPCLINET1|TimerManeger.cpp|00107|31-03-2016 20:13:08:485|~DG~]No Timer Event Are Registed With TimerManeger
[SMPPCLINET1|TimerManeger.cpp|00107|31-03-2016 20:13:09:487|~DG~]No Timer Event Are Registed With TimerManeger
140000008300000000000000ffffffffffffffff
[SMPPCLINET1|EsmeConnection.cpp|00056|31-03-2016 20:13:10:168|~IN~]Receiveing the data from SMPP[20]:cmdLength:20,cmdId:132,cmdStatus:0,senderCB:-1,receiverCB:-1:Error Not Configured
140000008400000000000000ffffffffffffffff
[SMPPCLINET1|TimerManeger.cpp|00107|31-03-2016 20:13:10:488|~DG~]No Timer Event Are Registed With TimerManeger
[SMPPCLINET1|EsmeConnection.cpp|00307|31-03-2016 20:13:10:948|~VB~]Ussd Shake Resp:[cmdLength:20,cmdId:132,cmdStatus:0,senderCB:-1,receiverCB:-1]
[SMPPCLINET1|TimerManeger.cpp|00107|31-03-2016 20:13:11:491|~DG~]No Timer Event Are Registed With TimerManeger
[SMPPCLINET1|TimerManeger.cpp|00107|31-03-2016 20:13:12:492|~DG~]No Timer Event Are Registed With TimerManeger
[SMPPCLINET1|TimerManeger.cpp|00107|31-03-2016 20:13:13:494|~DG~]No Timer Event Are Registed With TimerManeger
[SMPPCLINET1|TimerManeger.cpp|00107|31-03-2016 20:13:14:496|~DG~]No Timer Event Are Registed With TimerManeger
[SMPPCLINET1|TimerManeger.cpp|00107|31-03-2016 20:13:15:498|~DG~]No Timer Event Are Registed With TimerManeger
[SMPPCLINET1|TimerManeger.cpp|00107|31-03-2016 20:13:16:500|~DG~]No Timer Event Are Registed With TimerManeger
[SMPPCLINET1|TimerManeger.cpp|00107|31-03-2016 20:13:17:501|~DG~]No Timer Event Are Registed With TimerManeger
[SMPPCLINET1|TimerManeger.cpp|00107|31-03-2016 20:13:18:504|~DG~]No Timer Event Are Registed With TimerManeger
[SMPPCLINET1|TimerManeger.cpp|00107|31-03-2016 20:13:19:505|~DG~]No Timer Event Are Registed With TimerManeger
[SMPPCLINET1|TimerManeger.cpp|00107|31-03-2016 20:13:20:507|~DG~]No Timer Event Are Registed With TimerManeger
[SMPPCLINET1|TimerManeger.cpp|00107|31-03-2016 20:13:21:509|~DG~]No Timer Event Are Registed With TimerManeger
[SMPPCLINET1|TimerManeger.cpp|00107|31-03-2016 20:13:22:511|~DG~]No Timer Event Are Registed With TimerManeger
[SMPPCLINET1|TimerManeger.cpp|00107|31-03-2016 20:13:23:513|~DG~]No Timer Event Are Registed With TimerManeger
[SMPPCLINET1|TimerManeger.cpp|00107|31-03-2016 20:13:24:514|~DG~]No Timer Event Are Registed With TimerManeger
[SMPPCLINET1|TimerManeger.cpp|00107|31-03-2016 20:13:25:517|~DG~]No Timer Event Are Registed With TimerManeger
[SMPPCLINET1|TimerManeger.cpp|00107|31-03-2016 20:13:26:518|~DG~]No Timer Event Are Registed With TimerManeger
[SMPPCLINET1|TimerManeger.cpp|00107|31-03-2016 20:13:27:520|~DG~]No Timer Event Are Registed With TimerManeger
[SMPPCLINET1|TimerManeger.cpp|00107|31-03-2016 20:13:28:522|~DG~]No Timer Event Are Registed With TimerManeger
[SMPPCLINET1|TimerManeger.cpp|00107|31-03-2016 20:13:29:524|~DG~]No Timer Event Are Registed With TimerManeger
[SMPPCLINET1|TimerManeger.cpp|00107|31-03-2016 20:13:30:525|~DG~]No Timer Event Are Registed With TimerManeger
[SMPPCLINET1|TimerManeger.cpp|00107|31-03-2016 20:13:31:527|~DG~]No Timer Event Are Registed With TimerManeger
[SMPPCLINET1|TimerManeger.cpp|00107|31-03-2016 20:13:32:529|~DG~]No Timer Event Are Registed With TimerManeger
[SMPPCLINET1|TimerManeger.cpp|00107|31-03-2016 20:13:33:532|~DG~]No Timer Event Are Registed With TimerManeger
[SMPPCLINET1|TimerManeger.cpp|00107|31-03-2016 20:13:34:533|~DG~]No Timer Event Are Registed With TimerManeger
[SMPPCLINET1|TimerManeger.cpp|00107|31-03-2016 20:13:35:535|~DG~]No Timer Event Are Registed With TimerManeger
[SMPPCLINET1|TimerManeger.cpp|00107|31-03-2016 20:13:36:537|~DG~]No Timer Event Are Registed With TimerManeger
[SMPPCLINET1|TimerManeger.cpp|00107|31-03-2016 20:13:37:538|~DG~]No Timer Event Are Registed With TimerManeger
[SMPPCLINET1|TimerManeger.cpp|00107|31-03-2016 20:13:38:540|~DG~]No Timer Event Are Registed With TimerManeger
[SMPPCLINET1|TimerManeger.cpp|00107|31-03-2016 20:13:39:542|~DG~]No Timer Event Are Registed With TimerManeger
[SMPPCLINET1|TimerManeger.cpp|00107|31-03-2016 20:13:40:545|~DG~]No Timer Event Are Registed With TimerManeger
140000008300000000000000ffffffffffffffff
[SMPPCLINET1|EsmeConnection.cpp|00056|31-03-2016 20:13:41:225|~IN~]Receiveing the data from SMPP[20]:cmdLength:20,cmdId:132,cmdStatus:0,senderCB:-1,receiverCB:-1:Error Not Configured
140000008400000000000000ffffffffffffffff
[SMPPCLINET1|TimerManeger.cpp|00107|31-03-2016 20:13:41:546|~DG~]No Timer Event Are Registed With TimerManeger
[SMPPCLINET1|EsmeConnection.cpp|00307|31-03-2016 20:13:42:007|~VB~]Ussd Shake Resp:[cmdLength:20,cmdId:132,cmdStatus:0,senderCB:-1,receiverCB:-1]
[SMPPCLINET1|TimerManeger.cpp|00107|31-03-2016 20:13:42:548|~DG~]No Timer Event Are Registed With TimerManeger
[SMPPCLINET1|TimerManeger.cpp|00107|31-03-2016 20:13:43:550|~DG~]No Timer Event Are Registed With TimerManeger
[SMPPCLINET1|TimerManeger.cpp|00107|31-03-2016 20:13:44:551|~DG~]No Timer Event Are Registed With TimerManeger
[SMPPCLINET1|TimerManeger.cpp|00107|31-03-2016 20:13:45:553|~DG~]No Timer Event Are Registed With TimerManeger
[SMPPCLINET1|TimerManeger.cpp|00107|31-03-2016 20:13:46:555|~DG~]No Timer Event Are Registed With TimerManeger
[SMPPCLINET1|TimerManeger.cpp|00107|31-03-2016 20:13:47:558|~DG~]No Timer Event Are Registed With TimerManeger
[SMPPCLINET1|TimerManeger.cpp|00107|31-03-2016 20:13:48:559|~DG~]No Timer Event Are Registed With TimerManeger
[SMPPCLINET1|TimerManeger.cpp|00107|31-03-2016 20:13:49:561|~DG~]No Timer Event Are Registed With TimerManeger
[SMPPCLINET1|TimerManeger.cpp|00107|31-03-2016 20:13:50:563|~DG~]No Timer Event Are Registed With TimerManeger
[SMPPCLINET1|TimerManeger.cpp|00107|31-03-2016 20:13:51:564|~DG~]No Timer Event Are Registed With TimerManeger
[SMPPCLINET1|TimerManeger.cpp|00107|31-03-2016 20:13:52:567|~DG~]No Timer Event Are Registed With TimerManeger
[SMPPCLINET1|TimerManeger.cpp|00107|31-03-2016 20:13:53:569|~DG~]No Timer Event Are Registed With TimerManeger
[SMPPCLINET1|TimerManeger.cpp|00107|31-03-2016 20:13:54:571|~DG~]No Timer Event Are Registed With TimerManeger
[SMPPCLINET1|TimerManeger.cpp|00107|31-03-2016 20:13:55:573|~DG~]No Timer Event Are Registed With TimerManeger
[SMPPCLINET1|TimerManeger.cpp|00107|31-03-2016 20:13:56:575|~DG~]No Timer Event Are Registed With TimerManeger
[SMPPCLINET1|TimerManeger.cpp|00107|31-03-2016 20:13:57:578|~DG~]No Timer Event Are Registed With TimerManeger
[SMPPCLINET1|TimerManeger.cpp|00107|31-03-2016 20:13:58:579|~DG~]No Timer Event Are Registed With TimerManeger
[SMPPCLINET1|TimerManeger.cpp|00107|31-03-2016 20:13:59:581|~DG~]No Timer Event Are Registed With TimerManeger
[SMPPCLINET1|TimerManeger.cpp|00107|31-03-2016 20:14:00:583|~DG~]No Timer Event Are Registed With TimerManeger
[SMPPCLINET1|TimerManeger.cpp|00107|31-03-2016 20:14:01:585|~DG~]No Timer Event Are Registed With TimerManeger
[SMPPCLINET1|TimerManeger.cpp|00107|31-03-2016 20:14:02:587|~DG~]No Timer Event Are Registed With TimerManeger
[SMPPCLINET1|TimerManeger.cpp|00107|31-03-2016 20:14:03:588|~DG~]No Timer Event Are Registed With TimerManeger
[SMPPCLINET1|TimerManeger.cpp|00107|31-03-2016 20:14:04:592|~DG~]No Timer Event Are Registed With TimerManeger
[SMPPCLINET1|TimerManeger.cpp|00107|31-03-2016 20:14:05:593|~DG~]No Timer Event Are Registed With TimerManeger
[SMPPCLINET1|TimerManeger.cpp|00107|31-03-2016 20:14:06:595|~DG~]No Timer Event Are Registed With TimerManeger
[SMPPCLINET1|TimerManeger.cpp|00107|31-03-2016 20:14:07:597|~DG~]No Timer Event Are Registed With TimerManeger
[SMPPCLINET1|TimerManeger.cpp|00107|31-03-2016 20:14:08:599|~DG~]No Timer Event Are Registed With TimerManeger
[SMPPCLINET1|TimerManeger.cpp|00107|31-03-2016 20:14:09:601|~DG~]No Timer Event Are Registed With TimerManeger
[SMPPCLINET1|TimerManeger.cpp|00107|31-03-2016 20:14:10:602|~DG~]No Timer Event Are Registed With TimerManeger
[SMPPCLINET1|TimerManeger.cpp|00107|31-03-2016 20:14:11:605|~DG~]No Timer Event Are Registed With TimerManeger
140000008300000000000000ffffffffffffffff
[SMPPCLINET1|EsmeConnection.cpp|00056|31-03-2016 20:14:12:284|~IN~]Receiveing the data from SMPP[20]:cmdLength:20,cmdId:132,cmdStatus:0,senderCB:-1,receiverCB:-1:Error Not Configured
140000008400000000000000ffffffffffffffff
[SMPPCLINET1|TimerManeger.cpp|00107|31-03-2016 20:14:12:606|~DG~]No Timer Event Are Registed With TimerManeger
[SMPPCLINET1|EsmeConnection.cpp|00307|31-03-2016 20:14:13:066|~VB~]Ussd Shake Resp:[cmdLength:20,cmdId:132,cmdStatus:0,senderCB:-1,receiverCB:-1]
[SMPPCLINET1|TimerManeger.cpp|00107|31-03-2016 20:14:13:608|~DG~]No Timer Event Are Registed With TimerManeger
[SMPPCLINET1|TimerManeger.cpp|00107|31-03-2016 20:14:14:610|~DG~]No Timer Event Are Registed With TimerManeger
[SMPPCLINET1|TimerManeger.cpp|00107|31-03-2016 20:14:15:612|~DG~]No Timer Event Are Registed With TimerManeger
[SMPPCLINET1|TimerManeger.cpp|00107|31-03-2016 20:14:16:613|~DG~]No Timer Event Are Registed With TimerManeger
[SMPPCLINET1|TimerManeger.cpp|00107|31-03-2016 20:14:17:615|~DG~]No Timer Event Are Registed With TimerManeger
[SMPPCLINET1|TimerManeger.cpp|00107|31-03-2016 20:14:18:618|~DG~]No Timer Event Are Registed With TimerManeger
[SMPPCLINET1|TimerManeger.cpp|00107|31-03-2016 20:14:19:620|~DG~]No Timer Event Are Registed With TimerManeger
[SMPPCLINET1|TimerManeger.cpp|00107|31-03-2016 20:14:20:622|~DG~]No Timer Event Are Registed With TimerManeger
[SMPPCLINET1|TimerManeger.cpp|00107|31-03-2016 20:14:21:624|~DG~]No Timer Event Are Registed With TimerManeger
[SMPPCLINET1|TimerManeger.cpp|00107|31-03-2016 20:14:22:626|~DG~]No Timer Event Are Registed With TimerManeger
[SMPPCLINET1|TimerManeger.cpp|00107|31-03-2016 20:14:23:627|~DG~]No Timer Event Are Registed With TimerManeger
[SMPPCLINET1|TimerManeger.cpp|00107|31-03-2016 20:14:24:629|~DG~]No Timer Event Are Registed With TimerManeger
[SMPPCLINET1|TimerManeger.cpp|00107|31-03-2016 20:14:25:631|~DG~]No Timer Event Are Registed With TimerManeger
[SMPPCLINET1|TimerManeger.cpp|00107|31-03-2016 20:14:26:634|~DG~]No Timer Event Are Registed With TimerManeger
[SMPPCLINET1|TimerManeger.cpp|00107|31-03-2016 20:14:27:635|~DG~]No Timer Event Are Registed With TimerManeger
[SMPPCLINET1|TimerManeger.cpp|00107|31-03-2016 20:14:28:637|~DG~]No Timer Event Are Registed With TimerManeger
[SMPPCLINET1|TimerManeger.cpp|00107|31-03-2016 20:14:29:639|~DG~]No Timer Event Are Registed With TimerManeger
[SMPPCLINET1|TimerManeger.cpp|00107|31-03-2016 20:14:30:640|~DG~]No Timer Event Are Registed With TimerManeger
[SMPPCLINET1|TimerManeger.cpp|00107|31-03-2016 20:14:31:642|~DG~]No Timer Event Are Registed With TimerManeger
[SMPPCLINET1|TimerManeger.cpp|00107|31-03-2016 20:14:32:644|~DG~]No Timer Event Are Registed With TimerManeger
[SMPPCLINET1|TimerManeger.cpp|00107|31-03-2016 20:14:33:647|~DG~]No Timer Event Are Registed With TimerManeger
[SMPPCLINET1|TimerManeger.cpp|00107|31-03-2016 20:14:34:648|~DG~]No Timer Event Are Registed With TimerManeger
[SMPPCLINET1|TimerManeger.cpp|00107|31-03-2016 20:14:35:650|~DG~]No Timer Event Are Registed With TimerManeger
[SMPPCLINET1|TimerManeger.cpp|00107|31-03-2016 20:14:36:653|~DG~]No Timer Event Are Registed With TimerManeger
[SMPPCLINET1|TimerManeger.cpp|00107|31-03-2016 20:14:37:654|~DG~]No Timer Event Are Registed With TimerManeger
[SMPPCLINET1|TimerManeger.cpp|00107|31-03-2016 20:14:38:656|~DG~]No Timer Event Are Registed With TimerManeger
[SMPPCLINET1|TimerManeger.cpp|00107|31-03-2016 20:14:39:658|~DG~]No Timer Event Are Registed With TimerManeger
[SMPPCLINET1|TimerManeger.cpp|00107|31-03-2016 20:14:40:661|~DG~]No Timer Event Are Registed With TimerManeger
[SMPPCLINET1|TimerManeger.cpp|00107|31-03-2016 20:14:41:663|~DG~]No Timer Event Are Registed With TimerManeger
[SMPPCLINET1|TimerManeger.cpp|00107|31-03-2016 20:14:42:665|~DG~]No Timer Event Are Registed With TimerManeger
140000008300000000000000ffffffffffffffff
[SMPPCLINET1|EsmeConnection.cpp|00056|31-03-2016 20:14:43:342|~IN~]Receiveing the data from SMPP[20]:cmdLength:20,cmdId:132,cmdStatus:0,senderCB:-1,receiverCB:-1:Error Not Configured
140000008400000000000000ffffffffffffffff
[SMPPCLINET1|TimerManeger.cpp|00107|31-03-2016 20:14:43:667|~DG~]No Timer Event Are Registed With TimerManeger
[SMPPCLINET1|EsmeConnection.cpp|00307|31-03-2016 20:14:44:126|~VB~]Ussd Shake Resp:[cmdLength:20,cmdId:132,cmdStatus:0,senderCB:-1,receiverCB:-1]
[SMPPCLINET1|TimerManeger.cpp|00107|31-03-2016 20:14:44:668|~DG~]No Timer Event Are Registed With TimerManeger
[SMPPCLINET1|TimerManeger.cpp|00107|31-03-2016 20:14:45:670|~DG~]No Timer Event Are Registed With TimerManeger
[SMPPCLINET1|TimerManeger.cpp|00107|31-03-2016 20:14:46:672|~DG~]No Timer Event Are Registed With TimerManeger
[SMPPCLINET1|TimerManeger.cpp|00107|31-03-2016 20:14:47:674|~DG~]No Timer Event Are Registed With TimerManeger
[SMPPCLINET1|TimerManeger.cpp|00107|31-03-2016 20:14:48:676|~DG~]No Timer Event Are Registed With TimerManeger
[SMPPCLINET1|TimerManeger.cpp|00107|31-03-2016 20:14:49:677|~DG~]No Timer Event Are Registed With TimerManeger
[SMPPCLINET1|TimerManeger.cpp|00107|31-03-2016 20:14:50:680|~DG~]No Timer Event Are Registed With TimerManeger
[SMPPCLINET1|TimerManeger.cpp|00107|31-03-2016 20:14:51:681|~DG~]No Timer Event Are Registed With TimerManeger
[SMPPCLINET1|TimerManeger.cpp|00107|31-03-2016 20:14:52:683|~DG~]No Timer Event Are Registed With TimerManeger
[SMPPCLINET1|TimerManeger.cpp|00107|31-03-2016 20:14:53:685|~DG~]No Timer Event Are Registed With TimerManeger
[SMPPCLINET1|TimerManeger.cpp|00107|31-03-2016 20:14:54:686|~DG~]No Timer Event Are Registed With TimerManeger
[SMPPCLINET1|TimerManeger.cpp|00107|31-03-2016 20:14:55:689|~DG~]No Timer Event Are Registed With TimerManeger
[SMPPCLINET1|TimerManeger.cpp|00107|31-03-2016 20:14:56:690|~DG~]No Timer Event Are Registed With TimerManeger
[SMPPCLINET1|TimerManeger.cpp|00107|31-03-2016 20:14:57:693|~DG~]No Timer Event Are Registed With TimerManeger
[SMPPCLINET1|TimerManeger.cpp|00107|31-03-2016 20:14:58:694|~DG~]No Timer Event Are Registed With TimerManeger
[SMPPCLINET1|TimerManeger.cpp|00107|31-03-2016 20:14:59:696|~DG~]No Timer Event Are Registed With TimerManeger
[SMPPCLINET1|TimerManeger.cpp|00107|31-03-2016 20:15:00:698|~DG~]No Timer Event Are Registed With TimerManeger
[SMPPCLINET1|TimerManeger.cpp|00107|31-03-2016 20:15:01:700|~DG~]No Timer Event Are Registed With TimerManeger
[SMPPCLINET1|TimerManeger.cpp|00107|31-03-2016 20:15:02:702|~DG~]No Timer Event Are Registed With TimerManeger
[SMPPCLINET1|TimerManeger.cpp|00107|31-03-2016 20:15:03:704|~DG~]No Timer Event Are Registed With TimerManeger
[SMPPCLINET1|TimerManeger.cpp|00107|31-03-2016 20:15:04:707|~DG~]No Timer Event Are Registed With TimerManeger
[SMPPCLINET1|TimerManeger.cpp|00107|31-03-2016 20:15:05:708|~DG~]No Timer Event Are Registed With TimerManeger
[SMPPCLINET1|TimerManeger.cpp|00107|31-03-2016 20:15:06:711|~DG~]No Timer Event Are Registed With TimerManeger
[SMPPCLINET1|TimerManeger.cpp|00107|31-03-2016 20:15:07:713|~DG~]No Timer Event Are Registed With TimerManeger
[SMPPCLINET1|TimerManeger.cpp|00107|31-03-2016 20:15:08:715|~DG~]No Timer Event Are Registed With TimerManeger
[SMPPCLINET1|TimerManeger.cpp|00107|31-03-2016 20:15:09:716|~DG~]No Timer Event Are Registed With TimerManeger
[SMPPCLINET1|TimerManeger.cpp|00107|31-03-2016 20:15:10:718|~DG~]No Timer Event Are Registed With TimerManeger
[SMPPCLINET1|TimerManeger.cpp|00107|31-03-2016 20:15:11:721|~DG~]No Timer Event Are Registed With TimerManeger
[SMPPCLINET1|TimerManeger.cpp|00107|31-03-2016 20:15:12:722|~DG~]No Timer Event Are Registed With TimerManeger
[SMPPCLINET1|TimerManeger.cpp|00107|31-03-2016 20:15:13:724|~DG~]No Timer Event Are Registed With TimerManeger
140000008300000000000000ffffffffffffffff
[SMPPCLINET1|EsmeConnection.cpp|00056|31-03-2016 20:15:14:401|~IN~]Receiveing the data from SMPP[20]:cmdLength:20,cmdId:132,cmdStatus:0,senderCB:-1,receiverCB:-1:Error Not Configured
140000008400000000000000ffffffffffffffff
[SMPPCLINET1|TimerManeger.cpp|00107|31-03-2016 20:15:14:726|~DG~]No Timer Event Are Registed With TimerManeger
[SMPPCLINET1|EsmeConnection.cpp|00307|31-03-2016 20:15:15:184|~VB~]Ussd Shake Resp:[cmdLength:20,cmdId:132,cmdStatus:0,senderCB:-1,receiverCB:-1]
[SMPPCLINET1|TimerManeger.cpp|00107|31-03-2016 20:15:15:728|~DG~]No Timer Event Are Registed With TimerManeger
[SMPPCLINET1|TimerManeger.cpp|00107|31-03-2016 20:15:16:729|~DG~]No Timer Event Are Registed With TimerManeger
[SMPPCLINET1|TimerManeger.cpp|00107|31-03-2016 20:15:17:731|~DG~]No Timer Event Are Registed With TimerManeger
[SMPPCLINET1|TimerManeger.cpp|00107|31-03-2016 20:15:18:733|~DG~]No Timer Event Are Registed With TimerManeger
[SMPPCLINET1|TimerManeger.cpp|00107|31-03-2016 20:15:19:736|~DG~]No Timer Event Are Registed With TimerManeger
[SMPPCLINET1|TimerManeger.cpp|00107|31-03-2016 20:15:20:737|~DG~]No Timer Event Are Registed With TimerManeger
[SMPPCLINET1|TimerManeger.cpp|00107|31-03-2016 20:15:21:739|~DG~]No Timer Event Are Registed With TimerManeger
[SMPPCLINET1|TimerManeger.cpp|00107|31-03-2016 20:15:22:741|~DG~]No Timer Event Are Registed With TimerManeger
[SMPPCLINET1|TimerManeger.cpp|00107|31-03-2016 20:15:23:742|~DG~]No Timer Event Are Registed With TimerManeger
[SMPPCLINET1|TimerManeger.cpp|00107|31-03-2016 20:15:24:744|~DG~]No Timer Event Are Registed With TimerManeger
[SMPPCLINET1|TimerManeger.cpp|00107|31-03-2016 20:15:25:746|~DG~]No Timer Event Are Registed With TimerManeger
[SMPPCLINET1|TimerManeger.cpp|00107|31-03-2016 20:15:26:749|~DG~]No Timer Event Are Registed With TimerManeger
[SMPPCLINET1|TimerManeger.cpp|00107|31-03-2016 20:15:27:750|~DG~]No Timer Event Are Registed With TimerManeger
[SMPPCLINET1|TimerManeger.cpp|00107|31-03-2016 20:15:28:752|~DG~]No Timer Event Are Registed With TimerManeger
[SMPPCLINET1|TimerManeger.cpp|00107|31-03-2016 20:15:29:754|~DG~]No Timer Event Are Registed With TimerManeger
[SMPPCLINET1|TimerManeger.cpp|00107|31-03-2016 20:15:30:755|~DG~]No Timer Event Are Registed With TimerManeger
[SMPPCLINET1|TimerManeger.cpp|00107|31-03-2016 20:15:31:758|~DG~]No Timer Event Are Registed With TimerManeger
[SMPPCLINET1|TimerManeger.cpp|00107|31-03-2016 20:15:32:760|~DG~]No Timer Event Are Registed With TimerManeger
[SMPPCLINET1|TimerManeger.cpp|00107|31-03-2016 20:15:33:762|~DG~]No Timer Event Are Registed With TimerManeger
[SMPPCLINET1|TimerManeger.cpp|00107|31-03-2016 20:15:34:764|~DG~]No Timer Event Are Registed With TimerManeger
[SMPPCLINET1|TimerManeger.cpp|00107|31-03-2016 20:15:35:765|~DG~]No Timer Event Are Registed With TimerManeger
[SMPPCLINET1|TimerManeger.cpp|00107|31-03-2016 20:15:36:768|~DG~]No Timer Event Are Registed With TimerManeger
[SMPPCLINET1|TimerManeger.cpp|00107|31-03-2016 20:15:37:769|~DG~]No Timer Event Are Registed With TimerManeger
[SMPPCLINET1|TimerManeger.cpp|00107|31-03-2016 20:15:38:772|~DG~]No Timer Event Are Registed With TimerManeger
[SMPPCLINET1|TimerManeger.cpp|00107|31-03-2016 20:15:39:774|~DG~]No Timer Event Are Registed With TimerManeger
[SMPPCLINET1|TimerManeger.cpp|00107|31-03-2016 20:15:40:776|~DG~]No Timer Event Are Registed With TimerManeger
[SMPPCLINET1|TimerManeger.cpp|00107|31-03-2016 20:15:41:778|~DG~]No Timer Event Are Registed With TimerManeger
[SMPPCLINET1|TimerManeger.cpp|00107|31-03-2016 20:15:42:779|~DG~]No Timer Event Are Registed With TimerManeger
[SMPPCLINET1|TimerManeger.cpp|00107|31-03-2016 20:15:43:782|~DG~]No Timer Event Are Registed With TimerManeger
[SMPPCLINET1|TimerManeger.cpp|00107|31-03-2016 20:15:44:783|~DG~]No Timer Event Are Registed With TimerManeger
140000008300000000000000ffffffffffffffff
[SMPPCLINET1|EsmeConnection.cpp|00056|31-03-2016 20:15:45:459|~IN~]Receiveing the data from SMPP[20]:cmdLength:20,cmdId:132,cmdStatus:0,senderCB:-1,receiverCB:-1:Error Not Configured
140000008400000000000000ffffffffffffffff
[SMPPCLINET1|TimerManeger.cpp|00107|31-03-2016 20:15:45:785|~DG~]No Timer Event Are Registed With TimerManeger
[SMPPCLINET1|EsmeConnection.cpp|00307|31-03-2016 20:15:46:242|~VB~]Ussd Shake Resp:[cmdLength:20,cmdId:132,cmdStatus:0,senderCB:-1,receiverCB:-1]
[SMPPCLINET1|TimerManeger.cpp|00107|31-03-2016 20:15:46:787|~DG~]No Timer Event Are Registed With TimerManeger
[SMPPCLINET1|TimerManeger.cpp|00107|31-03-2016 20:15:47:789|~DG~]No Timer Event Are Registed With TimerManeger
[SMPPCLINET1|TimerManeger.cpp|00107|31-03-2016 20:15:48:791|~DG~]No Timer Event Are Registed With TimerManeger
[SMPPCLINET1|TimerManeger.cpp|00107|31-03-2016 20:15:49:792|~DG~]No Timer Event Are Registed With TimerManeger
[SMPPCLINET1|TimerManeger.cpp|00107|31-03-2016 20:15:50:795|~DG~]No Timer Event Are Registed With TimerManeger
[SMPPCLINET1|TimerManeger.cpp|00107|31-03-2016 20:15:51:796|~DG~]No Timer Event Are Registed With TimerManeger
[SMPPCLINET1|TimerManeger.cpp|00107|31-03-2016 20:15:52:798|~DG~]No Timer Event Are Registed With TimerManeger
[SMPPCLINET1|TimerManeger.cpp|00107|31-03-2016 20:15:53:800|~DG~]No Timer Event Are Registed With TimerManeger
[SMPPCLINET1|TimerManeger.cpp|00107|31-03-2016 20:15:54:802|~DG~]No Timer Event Are Registed With TimerManeger
[SMPPCLINET1|TimerManeger.cpp|00107|31-03-2016 20:15:55:803|~DG~]No Timer Event Are Registed With TimerManeger
[SMPPCLINET1|TimerManeger.cpp|00107|31-03-2016 20:15:56:805|~DG~]No Timer Event Are Registed With TimerManeger
[SMPPCLINET1|TimerManeger.cpp|00107|31-03-2016 20:15:57:808|~DG~]No Timer Event Are Registed With TimerManeger
[SMPPCLINET1|TimerManeger.cpp|00107|31-03-2016 20:15:58:810|~DG~]No Timer Event Are Registed With TimerManeger
[SMPPCLINET1|TimerManeger.cpp|00107|31-03-2016 20:15:59:812|~DG~]No Timer Event Are Registed With TimerManeger
[SMPPCLINET1|TimerManeger.cpp|00107|31-03-2016 20:16:00:814|~DG~]No Timer Event Are Registed With TimerManeger
[SMPPCLINET1|TimerManeger.cpp|00107|31-03-2016 20:16:01:816|~DG~]No Timer Event Are Registed With TimerManeger
[SMPPCLINET1|TimerManeger.cpp|00107|31-03-2016 20:16:02:817|~DG~]No Timer Event Are Registed With TimerManeger
[SMPPCLINET1|TimerManeger.cpp|00107|31-03-2016 20:16:03:819|~DG~]No Timer Event Are Registed With TimerManeger
[SMPPCLINET1|TimerManeger.cpp|00107|31-03-2016 20:16:04:821|~DG~]No Timer Event Are Registed With TimerManeger
[SMPPCLINET1|TimerManeger.cpp|00107|31-03-2016 20:16:05:823|~DG~]No Timer Event Are Registed With TimerManeger
[SMPPCLINET1|TimerManeger.cpp|00107|31-03-2016 20:16:06:825|~DG~]No Timer Event Are Registed With TimerManeger
[SMPPCLINET1|TimerManeger.cpp|00107|31-03-2016 20:16:07:828|~DG~]No Timer Event Are Registed With TimerManeger
[SMPPCLINET1|TimerManeger.cpp|00107|31-03-2016 20:16:08:830|~DG~]No Timer Event Are Registed With TimerManeger
[SMPPCLINET1|TimerManeger.cpp|00107|31-03-2016 20:16:09:831|~DG~]No Timer Event Are Registed With TimerManeger
[SMPPCLINET1|TimerManeger.cpp|00107|31-03-2016 20:16:10:834|~DG~]No Timer Event Are Registed With TimerManeger
[SMPPCLINET1|TimerManeger.cpp|00107|31-03-2016 20:16:11:835|~DG~]No Timer Event Are Registed With TimerManeger
[SMPPCLINET1|TimerManeger.cpp|00107|31-03-2016 20:16:12:837|~DG~]No Timer Event Are Registed With TimerManeger
[SMPPCLINET1|TimerManeger.cpp|00107|31-03-2016 20:16:13:839|~DG~]No Timer Event Are Registed With TimerManeger
[SMPPCLINET1|TimerManeger.cpp|00107|31-03-2016 20:16:14:841|~DG~]No Timer Event Are Registed With TimerManeger
[SMPPCLINET1|TimerManeger.cpp|00107|31-03-2016 20:16:15:843|~DG~]No Timer Event Are Registed With TimerManeger
140000008300000000000000ffffffffffffffff
[SMPPCLINET1|EsmeConnection.cpp|00056|31-03-2016 20:16:16:518|~IN~]Receiveing the data from SMPP[20]:cmdLength:20,cmdId:132,cmdStatus:0,senderCB:-1,receiverCB:-1:Error Not Configured
140000008400000000000000ffffffffffffffff
[SMPPCLINET1|TimerManeger.cpp|00107|31-03-2016 20:16:16:844|~DG~]No Timer Event Are Registed With TimerManeger
[SMPPCLINET1|EsmeConnection.cpp|00307|31-03-2016 20:16:17:300|~VB~]Ussd Shake Resp:[cmdLength:20,cmdId:132,cmdStatus:0,senderCB:-1,receiverCB:-1]
[SMPPCLINET1|TimerManeger.cpp|00107|31-03-2016 20:16:17:846|~DG~]No Timer Event Are Registed With TimerManeger
[SMPPCLINET1|TimerManeger.cpp|00107|31-03-2016 20:16:18:848|~DG~]No Timer Event Are Registed With TimerManeger
[SMPPCLINET1|TimerManeger.cpp|00107|31-03-2016 20:16:19:850|~DG~]No Timer Event Are Registed With TimerManeger
[SMPPCLINET1|TimerManeger.cpp|00107|31-03-2016 20:16:20:852|~DG~]No Timer Event Are Registed With TimerManeger
[SMPPCLINET1|TimerManeger.cpp|00107|31-03-2016 20:16:21:855|~DG~]No Timer Event Are Registed With TimerManeger
[SMPPCLINET1|TimerManeger.cpp|00107|31-03-2016 20:16:22:857|~DG~]No Timer Event Are Registed With TimerManeger
[SMPPCLINET1|TimerManeger.cpp|00107|31-03-2016 20:16:23:858|~DG~]No Timer Event Are Registed With TimerManeger
[SMPPCLINET1|TimerManeger.cpp|00107|31-03-2016 20:16:24:860|~DG~]No Timer Event Are Registed With TimerManeger
[SMPPCLINET1|TimerManeger.cpp|00107|31-03-2016 20:16:25:862|~DG~]No Timer Event Are Registed With TimerManeger
[SMPPCLINET1|TimerManeger.cpp|00107|31-03-2016 20:16:26:863|~DG~]No Timer Event Are Registed With TimerManeger
[SMPPCLINET1|TimerManeger.cpp|00107|31-03-2016 20:16:27:866|~DG~]No Timer Event Are Registed With TimerManeger
[SMPPCLINET1|TimerManeger.cpp|00107|31-03-2016 20:16:28:867|~DG~]No Timer Event Are Registed With TimerManeger
[SMPPCLINET1|TimerManeger.cpp|00107|31-03-2016 20:16:29:870|~DG~]No Timer Event Are Registed With TimerManeger
[SMPPCLINET1|TimerManeger.cpp|00107|31-03-2016 20:16:30:871|~DG~]No Timer Event Are Registed With TimerManeger
[SMPPCLINET1|TimerManeger.cpp|00107|31-03-2016 20:16:31:873|~DG~]No Timer Event Are Registed With TimerManeger
[SMPPCLINET1|TimerManeger.cpp|00107|31-03-2016 20:16:32:875|~DG~]No Timer Event Are Registed With TimerManeger
[SMPPCLINET1|TimerManeger.cpp|00107|31-03-2016 20:16:33:876|~DG~]No Timer Event Are Registed With TimerManeger
[SMPPCLINET1|TimerManeger.cpp|00107|31-03-2016 20:16:34:879|~DG~]No Timer Event Are Registed With TimerManeger
[SMPPCLINET1|TimerManeger.cpp|00107|31-03-2016 20:16:35:880|~DG~]No Timer Event Are Registed With TimerManeger
[SMPPCLINET1|TimerManeger.cpp|00107|31-03-2016 20:16:36:883|~DG~]No Timer Event Are Registed With TimerManeger
[SMPPCLINET1|TimerManeger.cpp|00107|31-03-2016 20:16:37:884|~DG~]No Timer Event Are Registed With TimerManeger
[SMPPCLINET1|TimerManeger.cpp|00107|31-03-2016 20:16:38:886|~DG~]No Timer Event Are Registed With TimerManeger
[SMPPCLINET1|TimerManeger.cpp|00107|31-03-2016 20:16:39:888|~DG~]No Timer Event Are Registed With TimerManeger
[SMPPCLINET1|TimerManeger.cpp|00107|31-03-2016 20:16:40:890|~DG~]No Timer Event Are Registed With TimerManeger
[SMPPCLINET1|TimerManeger.cpp|00107|31-03-2016 20:16:41:891|~DG~]No Timer Event Are Registed With TimerManeger
[SMPPCLINET1|TimerManeger.cpp|00107|31-03-2016 20:16:42:893|~DG~]No Timer Event Are Registed With TimerManeger
[SMPPCLINET1|TimerManeger.cpp|00107|31-03-2016 20:16:43:896|~DG~]No Timer Event Are Registed With TimerManeger
[SMPPCLINET1|TimerManeger.cpp|00107|31-03-2016 20:16:44:898|~DG~]No Timer Event Are Registed With TimerManeger
[SMPPCLINET1|TimerManeger.cpp|00107|31-03-2016 20:16:45:900|~DG~]No Timer Event Are Registed With TimerManeger
[SMPPCLINET1|TimerManeger.cpp|00107|31-03-2016 20:16:46:902|~DG~]No Timer Event Are Registed With TimerManeger
140000008300000000000000ffffffffffffffff
[SMPPCLINET1|EsmeConnection.cpp|00056|31-03-2016 20:16:47:576|~IN~]Receiveing the data from SMPP[20]:cmdLength:20,cmdId:132,cmdStatus:0,senderCB:-1,receiverCB:-1:Error Not Configured
140000008400000000000000ffffffffffffffff
[SMPPCLINET1|TimerManeger.cpp|00107|31-03-2016 20:16:47:904|~DG~]No Timer Event Are Registed With TimerManeger
[SMPPCLINET1|EsmeConnection.cpp|00307|31-03-2016 20:16:48:360|~VB~]Ussd Shake Resp:[cmdLength:20,cmdId:132,cmdStatus:0,senderCB:-1,receiverCB:-1]
[SMPPCLINET1|TimerManeger.cpp|00107|31-03-2016 20:16:48:905|~DG~]No Timer Event Are Registed With TimerManeger
[SMPPCLINET1|TimerManeger.cpp|00107|31-03-2016 20:16:49:907|~DG~]No Timer Event Are Registed With TimerManeger
[SMPPCLINET1|TimerManeger.cpp|00107|31-03-2016 20:16:50:909|~DG~]No Timer Event Are Registed With TimerManeger
[SMPPCLINET1|TimerManeger.cpp|00107|31-03-2016 20:16:51:911|~DG~]No Timer Event Are Registed With TimerManeger
[SMPPCLINET1|TimerManeger.cpp|00107|31-03-2016 20:16:52:913|~DG~]No Timer Event Are Registed With TimerManeger
[SMPPCLINET1|TimerManeger.cpp|00107|31-03-2016 20:16:53:915|~DG~]No Timer Event Are Registed With TimerManeger
[SMPPCLINET1|TimerManeger.cpp|00107|31-03-2016 20:16:54:924|~DG~]No Timer Event Are Registed With TimerManeger
[SMPPCLINET1|TimerManeger.cpp|00107|31-03-2016 20:16:55:925|~DG~]No Timer Event Are Registed With TimerManeger
[SMPPCLINET1|TimerManeger.cpp|00107|31-03-2016 20:16:56:928|~DG~]No Timer Event Are Registed With TimerManeger
[SMPPCLINET1|TimerManeger.cpp|00107|31-03-2016 20:16:57:929|~DG~]No Timer Event Are Registed With TimerManeger
[SMPPCLINET1|TimerManeger.cpp|00107|31-03-2016 20:16:58:931|~DG~]No Timer Event Are Registed With TimerManeger
[SMPPCLINET1|TimerManeger.cpp|00107|31-03-2016 20:16:59:933|~DG~]No Timer Event Are Registed With TimerManeger
[SMPPCLINET1|TimerManeger.cpp|00107|31-03-2016 20:17:00:935|~DG~]No Timer Event Are Registed With TimerManeger
[SMPPCLINET1|TimerManeger.cpp|00107|31-03-2016 20:17:01:937|~DG~]No Timer Event Are Registed With TimerManeger
[SMPPCLINET1|TimerManeger.cpp|00107|31-03-2016 20:17:02:938|~DG~]No Timer Event Are Registed With TimerManeger
[SMPPCLINET1|TimerManeger.cpp|00107|31-03-2016 20:17:03:940|~DG~]No Timer Event Are Registed With TimerManeger
[SMPPCLINET1|TimerManeger.cpp|00107|31-03-2016 20:17:04:942|~DG~]No Timer Event Are Registed With TimerManeger
[SMPPCLINET1|TimerManeger.cpp|00107|31-03-2016 20:17:05:944|~DG~]No Timer Event Are Registed With TimerManeger
[SMPPCLINET1|TimerManeger.cpp|00107|31-03-2016 20:17:06:946|~DG~]No Timer Event Are Registed With TimerManeger
[SMPPCLINET1|TimerManeger.cpp|00107|31-03-2016 20:17:07:949|~DG~]No Timer Event Are Registed With TimerManeger
[SMPPCLINET1|TimerManeger.cpp|00107|31-03-2016 20:17:08:951|~DG~]No Timer Event Are Registed With TimerManeger
[SMPPCLINET1|TimerManeger.cpp|00107|31-03-2016 20:17:09:952|~DG~]No Timer Event Are Registed With TimerManeger
[SMPPCLINET1|TimerManeger.cpp|00107|31-03-2016 20:17:10:954|~DG~]No Timer Event Are Registed With TimerManeger
[SMPPCLINET1|TimerManeger.cpp|00107|31-03-2016 20:17:11:956|~DG~]No Timer Event Are Registed With TimerManeger
[SMPPCLINET1|TimerManeger.cpp|00107|31-03-2016 20:17:12:957|~DG~]No Timer Event Are Registed With TimerManeger
[SMPPCLINET1|TimerManeger.cpp|00107|31-03-2016 20:17:13:960|~DG~]No Timer Event Are Registed With TimerManeger
[SMPPCLINET1|TimerManeger.cpp|00107|31-03-2016 20:17:14:962|~DG~]No Timer Event Are Registed With TimerManeger
[SMPPCLINET1|TimerManeger.cpp|00107|31-03-2016 20:17:15:964|~DG~]No Timer Event Are Registed With TimerManeger
[SMPPCLINET1|TimerManeger.cpp|00107|31-03-2016 20:17:16:965|~DG~]No Timer Event Are Registed With TimerManeger
[SMPPCLINET1|TimerManeger.cpp|00107|31-03-2016 20:17:17:967|~DG~]No Timer Event Are Registed With TimerManeger
140000008300000000000000ffffffffffffffff
[SMPPCLINET1|EsmeConnection.cpp|00056|31-03-2016 20:17:18:635|~IN~]Receiveing the data from SMPP[20]:cmdLength:20,cmdId:132,cmdStatus:0,senderCB:-1,receiverCB:-1:Error Not Configured
140000008400000000000000ffffffffffffffff
[SMPPCLINET1|TimerManeger.cpp|00107|31-03-2016 20:17:18:969|~DG~]No Timer Event Are Registed With TimerManeger
[SMPPCLINET1|EsmeConnection.cpp|00307|31-03-2016 20:17:19:417|~VB~]Ussd Shake Resp:[cmdLength:20,cmdId:132,cmdStatus:0,senderCB:-1,receiverCB:-1]
[SMPPCLINET1|TimerManeger.cpp|00107|31-03-2016 20:17:19:970|~DG~]No Timer Event Are Registed With TimerManeger
[SMPPCLINET1|TimerManeger.cpp|00107|31-03-2016 20:17:20:973|~DG~]No Timer Event Are Registed With TimerManeger
[SMPPCLINET1|TimerManeger.cpp|00107|31-03-2016 20:17:21:975|~DG~]No Timer Event Are Registed With TimerManeger
[SMPPCLINET1|TimerManeger.cpp|00107|31-03-2016 20:17:22:977|~DG~]No Timer Event Are Registed With TimerManeger
[SMPPCLINET1|TimerManeger.cpp|00107|31-03-2016 20:17:23:978|~DG~]No Timer Event Are Registed With TimerManeger
[SMPPCLINET1|TimerManeger.cpp|00107|31-03-2016 20:17:24:980|~DG~]No Timer Event Are Registed With TimerManeger
[SMPPCLINET1|TimerManeger.cpp|00107|31-03-2016 20:17:25:982|~DG~]No Timer Event Are Registed With TimerManeger
[SMPPCLINET1|TimerManeger.cpp|00107|31-03-2016 20:17:26:984|~DG~]No Timer Event Are Registed With TimerManeger
[SMPPCLINET1|TimerManeger.cpp|00107|31-03-2016 20:17:27:986|~DG~]No Timer Event Are Registed With TimerManeger
[SMPPCLINET1|TimerManeger.cpp|00107|31-03-2016 20:17:28:988|~DG~]No Timer Event Are Registed With TimerManeger
[SMPPCLINET1|TimerManeger.cpp|00107|31-03-2016 20:17:29:990|~DG~]No Timer Event Are Registed With TimerManeger
[SMPPCLINET1|TimerManeger.cpp|00107|31-03-2016 20:17:30:991|~DG~]No Timer Event Are Registed With TimerManeger
[SMPPCLINET1|TimerManeger.cpp|00107|31-03-2016 20:17:31:994|~DG~]No Timer Event Are Registed With TimerManeger
[SMPPCLINET1|TimerManeger.cpp|00107|31-03-2016 20:17:32:996|~DG~]No Timer Event Are Registed With TimerManeger
[SMPPCLINET1|TimerManeger.cpp|00107|31-03-2016 20:17:33:998|~DG~]No Timer Event Are Registed With TimerManeger
[SMPPCLINET1|TimerManeger.cpp|00107|31-03-2016 20:17:34:999|~DG~]No Timer Event Are Registed With TimerManeger
[SMPPCLINET1|TimerManeger.cpp|00107|31-03-2016 20:17:36:002|~DG~]No Timer Event Are Registed With TimerManeger
[SMPPCLINET1|TimerManeger.cpp|00107|31-03-2016 20:17:37:003|~DG~]No Timer Event Are Registed With TimerManeger
[SMPPCLINET1|TimerManeger.cpp|00107|31-03-2016 20:17:38:005|~DG~]No Timer Event Are Registed With TimerManeger
[SMPPCLINET1|TimerManeger.cpp|00107|31-03-2016 20:17:39:007|~DG~]No Timer Event Are Registed With TimerManeger
[SMPPCLINET1|TimerManeger.cpp|00107|31-03-2016 20:17:40:009|~DG~]No Timer Event Are Registed With TimerManeger
[SMPPCLINET1|TimerManeger.cpp|00107|31-03-2016 20:17:41:011|~DG~]No Timer Event Are Registed With TimerManeger
[SMPPCLINET1|TimerManeger.cpp|00107|31-03-2016 20:17:42:012|~DG~]No Timer Event Are Registed With TimerManeger
[SMPPCLINET1|TimerManeger.cpp|00107|31-03-2016 20:17:43:015|~DG~]No Timer Event Are Registed With TimerManeger
[SMPPCLINET1|TimerManeger.cpp|00107|31-03-2016 20:17:44:016|~DG~]No Timer Event Are Registed With TimerManeger
[SMPPCLINET1|TimerManeger.cpp|00107|31-03-2016 20:17:45:018|~DG~]No Timer Event Are Registed With TimerManeger
[SMPPCLINET1|TimerManeger.cpp|00107|31-03-2016 20:17:46:020|~DG~]No Timer Event Are Registed With TimerManeger
[SMPPCLINET1|TimerManeger.cpp|00107|31-03-2016 20:17:47:022|~DG~]No Timer Event Are Registed With TimerManeger
[SMPPCLINET1|TimerManeger.cpp|00107|31-03-2016 20:17:48:024|~DG~]No Timer Event Are Registed With TimerManeger
[SMPPCLINET1|TimerManeger.cpp|00107|31-03-2016 20:17:49:025|~DG~]No Timer Event Are Registed With TimerManeger
140000008300000000000000ffffffffffffffff
[SMPPCLINET1|EsmeConnection.cpp|00056|31-03-2016 20:17:49:693|~IN~]Receiveing the data from SMPP[20]:cmdLength:20,cmdId:132,cmdStatus:0,senderCB:-1,receiverCB:-1:Error Not Configured
140000008400000000000000ffffffffffffffff
[SMPPCLINET1|TimerManeger.cpp|00107|31-03-2016 20:17:50:027|~DG~]No Timer Event Are Registed With TimerManeger
[SMPPCLINET1|EsmeConnection.cpp|00307|31-03-2016 20:17:50:477|~VB~]Ussd Shake Resp:[cmdLength:20,cmdId:132,cmdStatus:0,senderCB:-1,receiverCB:-1]
[SMPPCLINET1|TimerManeger.cpp|00107|31-03-2016 20:17:51:029|~DG~]No Timer Event Are Registed With TimerManeger
[SMPPCLINET1|TimerManeger.cpp|00107|31-03-2016 20:17:52:031|~DG~]No Timer Event Are Registed With TimerManeger
[SMPPCLINET1|TimerManeger.cpp|00107|31-03-2016 20:17:53:033|~DG~]No Timer Event Are Registed With TimerManeger
[SMPPCLINET1|TimerManeger.cpp|00107|31-03-2016 20:17:54:035|~DG~]No Timer Event Are Registed With TimerManeger
[SMPPCLINET1|TimerManeger.cpp|00107|31-03-2016 20:17:55:037|~DG~]No Timer Event Are Registed With TimerManeger
[SMPPCLINET1|TimerManeger.cpp|00107|31-03-2016 20:17:56:038|~DG~]No Timer Event Are Registed With TimerManeger
[SMPPCLINET1|TimerManeger.cpp|00107|31-03-2016 20:17:57:040|~DG~]No Timer Event Are Registed With TimerManeger
[SMPPCLINET1|TimerManeger.cpp|00107|31-03-2016 20:17:58:042|~DG~]No Timer Event Are Registed With TimerManeger
[SMPPCLINET1|TimerManeger.cpp|00107|31-03-2016 20:17:59:044|~DG~]No Timer Event Are Registed With TimerManeger
[SMPPCLINET1|TimerManeger.cpp|00107|31-03-2016 20:18:00:064|~DG~]No Timer Event Are Registed With TimerManeger
[SMPPCLINET1|TimerManeger.cpp|00107|31-03-2016 20:18:01:066|~DG~]No Timer Event Are Registed With TimerManeger
[SMPPCLINET1|TimerManeger.cpp|00107|31-03-2016 20:18:02:067|~DG~]No Timer Event Are Registed With TimerManeger
[SMPPCLINET1|TimerManeger.cpp|00107|31-03-2016 20:18:03:069|~DG~]No Timer Event Are Registed With TimerManeger
[SMPPCLINET1|TimerManeger.cpp|00107|31-03-2016 20:18:04:071|~DG~]No Timer Event Are Registed With TimerManeger
[SMPPCLINET1|TimerManeger.cpp|00107|31-03-2016 20:18:05:073|~DG~]No Timer Event Are Registed With TimerManeger
[SMPPCLINET1|TimerManeger.cpp|00107|31-03-2016 20:18:06:075|~DG~]No Timer Event Are Registed With TimerManeger
