[SMPPCLINET1|TimerManeger.cpp|00107|30-10-2016 10:11:19:589|~DG~]No Timer Event Are Registed With TimerManeger
[SMPPCLINET1|TimerManeger.cpp|00107|30-10-2016 10:11:20:646|~DG~]No Timer Event Are Registed With TimerManeger
[SMPPCLINET1|TimerManeger.cpp|00107|30-10-2016 10:11:21:652|~DG~]No Timer Event Are Registed With TimerManeger
[SMPPCLINET1|TimerManeger.cpp|00107|30-10-2016 10:11:22:660|~DG~]No Timer Event Are Registed With TimerManeger
[SMPPCLINET1|TimerManeger.cpp|00107|30-10-2016 10:11:23:662|~DG~]No Timer Event Are Registed With TimerManeger
[SMPPCLINET1|TimerManeger.cpp|00107|30-10-2016 10:11:24:664|~DG~]No Timer Event Are Registed With TimerManeger
[SMPPCLINET1|TimerManeger.cpp|00107|30-10-2016 10:11:25:666|~DG~]No Timer Event Are Registed With TimerManeger
[SMPPCLINET1|TimerManeger.cpp|00107|30-10-2016 10:11:26:668|~DG~]No Timer Event Are Registed With TimerManeger
[SMPPCLINET1|TimerManeger.cpp|00107|30-10-2016 10:11:27:670|~DG~]No Timer Event Are Registed With TimerManeger
[SMPPCLINET1|TimerManeger.cpp|00107|30-10-2016 10:11:28:672|~DG~]No Timer Event Are Registed With TimerManeger
[SMPPCLINET1|TimerManeger.cpp|00107|30-10-2016 10:11:29:674|~DG~]No Timer Event Are Registed With TimerManeger
[SMPPCLINET1|TimerManeger.cpp|00107|30-10-2016 10:11:30:676|~DG~]No Timer Event Are Registed With TimerManeger
140000008300000000000000ffffffffffffffff
[SMPPCLINET1|EsmeConnection.cpp|00056|30-10-2016 10:11:31:644|~IN~]Receiveing the data from SMPP[20]:cmdLength:20,cmdId:132,cmdStatus:0,senderCB:-1,receiverCB:-1:Error Not Configured
140000008400000000000000ffffffffffffffff
[SMPPCLINET1|TimerManeger.cpp|00107|30-10-2016 10:11:31:677|~DG~]No Timer Event Are Registed With TimerManeger
[SMPPCLINET1|EsmeConnection.cpp|00307|30-10-2016 10:11:31:742|~VB~]Ussd Shake Resp:[cmdLength:20,cmdId:132,cmdStatus:0,senderCB:-1,receiverCB:-1]
[SMPPCLINET1|TimerManeger.cpp|00107|30-10-2016 10:11:32:679|~DG~]No Timer Event Are Registed With TimerManeger
[SMPPCLINET1|TimerManeger.cpp|00107|30-10-2016 10:11:33:681|~DG~]No Timer Event Are Registed With TimerManeger
[SMPPCLINET1|TimerManeger.cpp|00107|30-10-2016 10:11:34:683|~DG~]No Timer Event Are Registed With TimerManeger
[SMPPCLINET1|TimerManeger.cpp|00107|30-10-2016 10:11:35:685|~DG~]No Timer Event Are Registed With TimerManeger
[SMPPCLINET1|TimerManeger.cpp|00107|30-10-2016 10:11:36:687|~DG~]No Timer Event Are Registed With TimerManeger
[SMPPCLINET1|TimerManeger.cpp|00107|30-10-2016 10:11:37:689|~DG~]No Timer Event Are Registed With TimerManeger
[SMPPCLINET1|TimerManeger.cpp|00107|30-10-2016 10:11:38:692|~DG~]No Timer Event Are Registed With TimerManeger
[SMPPCLINET1|TimerManeger.cpp|00107|30-10-2016 10:11:39:693|~DG~]No Timer Event Are Registed With TimerManeger
[SMPPCLINET1|TimerManeger.cpp|00107|30-10-2016 10:11:40:695|~DG~]No Timer Event Are Registed With TimerManeger
[SMPPCLINET1|TimerManeger.cpp|00107|30-10-2016 10:11:41:697|~DG~]No Timer Event Are Registed With TimerManeger
[SMPPCLINET1|TimerManeger.cpp|00107|30-10-2016 10:11:42:698|~DG~]No Timer Event Are Registed With TimerManeger
[SMPPCLINET1|TimerManeger.cpp|00107|30-10-2016 10:11:43:701|~DG~]No Timer Event Are Registed With TimerManeger
[SMPPCLINET1|TimerManeger.cpp|00107|30-10-2016 10:11:44:702|~DG~]No Timer Event Are Registed With TimerManeger
[SMPPCLINET1|TimerManeger.cpp|00107|30-10-2016 10:11:45:705|~DG~]No Timer Event Are Registed With TimerManeger
[SMPPCLINET1|TimerManeger.cpp|00107|30-10-2016 10:11:46:707|~DG~]No Timer Event Are Registed With TimerManeger
[SMPPCLINET1|TimerManeger.cpp|00107|30-10-2016 10:11:47:709|~DG~]No Timer Event Are Registed With TimerManeger
[SMPPCLINET1|TimerManeger.cpp|00107|30-10-2016 10:11:48:714|~DG~]No Timer Event Are Registed With TimerManeger
[SMPPCLINET1|TimerManeger.cpp|00107|30-10-2016 10:11:49:716|~DG~]No Timer Event Are Registed With TimerManeger
[SMPPCLINET1|TimerManeger.cpp|00107|30-10-2016 10:11:50:718|~DG~]No Timer Event Are Registed With TimerManeger
[SMPPCLINET1|TimerManeger.cpp|00107|30-10-2016 10:11:51:720|~DG~]No Timer Event Are Registed With TimerManeger
[SMPPCLINET1|TimerManeger.cpp|00107|30-10-2016 10:11:52:722|~DG~]No Timer Event Are Registed With TimerManeger
[SMPPCLINET1|TimerManeger.cpp|00107|30-10-2016 10:11:53:724|~DG~]No Timer Event Are Registed With TimerManeger
[SMPPCLINET1|TimerManeger.cpp|00107|30-10-2016 10:11:54:725|~DG~]No Timer Event Are Registed With TimerManeger
[SMPPCLINET1|TimerManeger.cpp|00107|30-10-2016 10:11:55:728|~DG~]No Timer Event Are Registed With TimerManeger
[SMPPCLINET1|TimerManeger.cpp|00107|30-10-2016 10:11:56:730|~DG~]No Timer Event Are Registed With TimerManeger
[SMPPCLINET1|TimerManeger.cpp|00107|30-10-2016 10:11:57:732|~DG~]No Timer Event Are Registed With TimerManeger
[SMPPCLINET1|TimerManeger.cpp|00107|30-10-2016 10:11:58:734|~DG~]No Timer Event Are Registed With TimerManeger
[SMPPCLINET1|TimerManeger.cpp|00107|30-10-2016 10:11:59:736|~DG~]No Timer Event Are Registed With TimerManeger
[SMPPCLINET1|TimerManeger.cpp|00107|30-10-2016 10:12:00:738|~DG~]No Timer Event Are Registed With TimerManeger
[SMPPCLINET1|TimerManeger.cpp|00107|30-10-2016 10:12:01:739|~DG~]No Timer Event Are Registed With TimerManeger
140000008300000000000000ffffffffffffffff
[SMPPCLINET1|EsmeConnection.cpp|00056|30-10-2016 10:12:02:704|~IN~]Receiveing the data from SMPP[20]:cmdLength:20,cmdId:132,cmdStatus:0,senderCB:-1,receiverCB:-1:Error Not Configured
140000008400000000000000ffffffffffffffff
[SMPPCLINET1|TimerManeger.cpp|00107|30-10-2016 10:12:02:742|~DG~]No Timer Event Are Registed With TimerManeger
[SMPPCLINET1|EsmeConnection.cpp|00307|30-10-2016 10:12:02:799|~VB~]Ussd Shake Resp:[cmdLength:20,cmdId:132,cmdStatus:0,senderCB:-1,receiverCB:-1]
[SMPPCLINET1|TimerManeger.cpp|00107|30-10-2016 10:12:03:744|~DG~]No Timer Event Are Registed With TimerManeger
[SMPPCLINET1|TimerManeger.cpp|00107|30-10-2016 10:12:04:745|~DG~]No Timer Event Are Registed With TimerManeger
[SMPPCLINET1|TimerManeger.cpp|00107|30-10-2016 10:12:05:747|~DG~]No Timer Event Are Registed With TimerManeger
[SMPPCLINET1|TimerManeger.cpp|00107|30-10-2016 10:12:06:749|~DG~]No Timer Event Are Registed With TimerManeger
[SMPPCLINET1|TimerManeger.cpp|00107|30-10-2016 10:12:07:751|~DG~]No Timer Event Are Registed With TimerManeger
[SMPPCLINET1|TimerManeger.cpp|00107|30-10-2016 10:12:08:753|~DG~]No Timer Event Are Registed With TimerManeger
[SMPPCLINET1|TimerManeger.cpp|00107|30-10-2016 10:12:09:756|~DG~]No Timer Event Are Registed With TimerManeger
[SMPPCLINET1|TimerManeger.cpp|00107|30-10-2016 10:12:10:757|~DG~]No Timer Event Are Registed With TimerManeger
[SMPPCLINET1|TimerManeger.cpp|00107|30-10-2016 10:12:11:759|~DG~]No Timer Event Are Registed With TimerManeger
[SMPPCLINET1|TimerManeger.cpp|00107|30-10-2016 10:12:12:761|~DG~]No Timer Event Are Registed With TimerManeger
[SMPPCLINET1|TimerManeger.cpp|00107|30-10-2016 10:12:13:763|~DG~]No Timer Event Are Registed With TimerManeger
[SMPPCLINET1|TimerManeger.cpp|00107|30-10-2016 10:12:14:764|~DG~]No Timer Event Are Registed With TimerManeger
[SMPPCLINET1|TimerManeger.cpp|00107|30-10-2016 10:12:15:766|~DG~]No Timer Event Are Registed With TimerManeger
[SMPPCLINET1|TimerManeger.cpp|00107|30-10-2016 10:12:16:768|~DG~]No Timer Event Are Registed With TimerManeger
[SMPPCLINET1|TimerManeger.cpp|00107|30-10-2016 10:12:17:771|~DG~]No Timer Event Are Registed With TimerManeger
[SMPPCLINET1|TimerManeger.cpp|00107|30-10-2016 10:12:18:772|~DG~]No Timer Event Are Registed With TimerManeger
[SMPPCLINET1|TimerManeger.cpp|00107|30-10-2016 10:12:19:774|~DG~]No Timer Event Are Registed With TimerManeger
[SMPPCLINET1|TimerManeger.cpp|00107|30-10-2016 10:12:20:776|~DG~]No Timer Event Are Registed With TimerManeger
[SMPPCLINET1|TimerManeger.cpp|00107|30-10-2016 10:12:21:777|~DG~]No Timer Event Are Registed With TimerManeger
[SMPPCLINET1|TimerManeger.cpp|00107|30-10-2016 10:12:22:779|~DG~]No Timer Event Are Registed With TimerManeger
[SMPPCLINET1|TimerManeger.cpp|00107|30-10-2016 10:12:23:781|~DG~]No Timer Event Are Registed With TimerManeger
[SMPPCLINET1|TimerManeger.cpp|00107|30-10-2016 10:12:24:784|~DG~]No Timer Event Are Registed With TimerManeger
[SMPPCLINET1|TimerManeger.cpp|00107|30-10-2016 10:12:25:785|~DG~]No Timer Event Are Registed With TimerManeger
[SMPPCLINET1|TimerManeger.cpp|00107|30-10-2016 10:12:26:787|~DG~]No Timer Event Are Registed With TimerManeger
[SMPPCLINET1|TimerManeger.cpp|00107|30-10-2016 10:12:27:789|~DG~]No Timer Event Are Registed With TimerManeger
[SMPPCLINET1|TimerManeger.cpp|00107|30-10-2016 10:12:28:790|~DG~]No Timer Event Are Registed With TimerManeger
[SMPPCLINET1|TimerManeger.cpp|00107|30-10-2016 10:12:29:793|~DG~]No Timer Event Are Registed With TimerManeger
[SMPPCLINET1|TimerManeger.cpp|00107|30-10-2016 10:12:30:794|~DG~]No Timer Event Are Registed With TimerManeger
[SMPPCLINET1|TimerManeger.cpp|00107|30-10-2016 10:12:31:797|~DG~]No Timer Event Are Registed With TimerManeger
[SMPPCLINET1|TimerManeger.cpp|00107|30-10-2016 10:12:32:798|~DG~]No Timer Event Are Registed With TimerManeger
140000008300000000000000ffffffffffffffff
[SMPPCLINET1|EsmeConnection.cpp|00056|30-10-2016 10:12:33:764|~IN~]Receiveing the data from SMPP[20]:cmdLength:20,cmdId:132,cmdStatus:0,senderCB:-1,receiverCB:-1:Error Not Configured
140000008400000000000000ffffffffffffffff
[SMPPCLINET1|TimerManeger.cpp|00107|30-10-2016 10:12:33:800|~DG~]No Timer Event Are Registed With TimerManeger
[SMPPCLINET1|EsmeConnection.cpp|00307|30-10-2016 10:12:33:859|~VB~]Ussd Shake Resp:[cmdLength:20,cmdId:132,cmdStatus:0,senderCB:-1,receiverCB:-1]
[SMPPCLINET1|TimerManeger.cpp|00107|30-10-2016 10:12:34:802|~DG~]No Timer Event Are Registed With TimerManeger
[SMPPCLINET1|TimerManeger.cpp|00107|30-10-2016 10:12:35:803|~DG~]No Timer Event Are Registed With TimerManeger
[SMPPCLINET1|TimerManeger.cpp|00107|30-10-2016 10:12:36:806|~DG~]No Timer Event Are Registed With TimerManeger
[SMPPCLINET1|TimerManeger.cpp|00107|30-10-2016 10:12:37:807|~DG~]No Timer Event Are Registed With TimerManeger
[SMPPCLINET1|TimerManeger.cpp|00107|30-10-2016 10:12:38:809|~DG~]No Timer Event Are Registed With TimerManeger
[SMPPCLINET1|TimerManeger.cpp|00107|30-10-2016 10:12:39:811|~DG~]No Timer Event Are Registed With TimerManeger
[SMPPCLINET1|TimerManeger.cpp|00107|30-10-2016 10:12:40:813|~DG~]No Timer Event Are Registed With TimerManeger
[SMPPCLINET1|TimerManeger.cpp|00107|30-10-2016 10:12:41:816|~DG~]No Timer Event Are Registed With TimerManeger
[SMPPCLINET1|TimerManeger.cpp|00107|30-10-2016 10:12:42:817|~DG~]No Timer Event Are Registed With TimerManeger
[SMPPCLINET1|TimerManeger.cpp|00107|30-10-2016 10:12:43:819|~DG~]No Timer Event Are Registed With TimerManeger
[SMPPCLINET1|TimerManeger.cpp|00107|30-10-2016 10:12:44:821|~DG~]No Timer Event Are Registed With TimerManeger
[SMPPCLINET1|TimerManeger.cpp|00107|30-10-2016 10:12:45:823|~DG~]No Timer Event Are Registed With TimerManeger
[SMPPCLINET1|TimerManeger.cpp|00107|30-10-2016 10:12:46:825|~DG~]No Timer Event Are Registed With TimerManeger
[SMPPCLINET1|TimerManeger.cpp|00107|30-10-2016 10:12:47:826|~DG~]No Timer Event Are Registed With TimerManeger
[SMPPCLINET1|TimerManeger.cpp|00107|30-10-2016 10:12:48:829|~DG~]No Timer Event Are Registed With TimerManeger
[SMPPCLINET1|TimerManeger.cpp|00107|30-10-2016 10:12:49:831|~DG~]No Timer Event Are Registed With TimerManeger
[SMPPCLINET1|TimerManeger.cpp|00107|30-10-2016 10:12:50:832|~DG~]No Timer Event Are Registed With TimerManeger
[SMPPCLINET1|TimerManeger.cpp|00107|30-10-2016 10:12:51:835|~DG~]No Timer Event Are Registed With TimerManeger
[SMPPCLINET1|TimerManeger.cpp|00107|30-10-2016 10:12:52:836|~DG~]No Timer Event Are Registed With TimerManeger
[SMPPCLINET1|TimerManeger.cpp|00107|30-10-2016 10:12:53:838|~DG~]No Timer Event Are Registed With TimerManeger
[SMPPCLINET1|TimerManeger.cpp|00107|30-10-2016 10:12:54:839|~DG~]No Timer Event Are Registed With TimerManeger
[SMPPCLINET1|TimerManeger.cpp|00107|30-10-2016 10:12:55:842|~DG~]No Timer Event Are Registed With TimerManeger
[SMPPCLINET1|TimerManeger.cpp|00107|30-10-2016 10:12:56:844|~DG~]No Timer Event Are Registed With TimerManeger
[SMPPCLINET1|TimerManeger.cpp|00107|30-10-2016 10:12:57:845|~DG~]No Timer Event Are Registed With TimerManeger
[SMPPCLINET1|TimerManeger.cpp|00107|30-10-2016 10:12:58:847|~DG~]No Timer Event Are Registed With TimerManeger
[SMPPCLINET1|TimerManeger.cpp|00107|30-10-2016 10:12:59:849|~DG~]No Timer Event Are Registed With TimerManeger
[SMPPCLINET1|TimerManeger.cpp|00107|30-10-2016 10:13:00:850|~DG~]No Timer Event Are Registed With TimerManeger
[SMPPCLINET1|TimerManeger.cpp|00107|30-10-2016 10:13:01:852|~DG~]No Timer Event Are Registed With TimerManeger
[SMPPCLINET1|TimerManeger.cpp|00107|30-10-2016 10:13:02:855|~DG~]No Timer Event Are Registed With TimerManeger
[SMPPCLINET1|TimerManeger.cpp|00107|30-10-2016 10:13:03:858|~DG~]No Timer Event Are Registed With TimerManeger
140000008300000000000000ffffffffffffffff
[SMPPCLINET1|EsmeConnection.cpp|00056|30-10-2016 10:13:04:822|~IN~]Receiveing the data from SMPP[20]:cmdLength:20,cmdId:132,cmdStatus:0,senderCB:-1,receiverCB:-1:Error Not Configured
140000008400000000000000ffffffffffffffff
[SMPPCLINET1|TimerManeger.cpp|00107|30-10-2016 10:13:04:859|~DG~]No Timer Event Are Registed With TimerManeger
[SMPPCLINET1|EsmeConnection.cpp|00307|30-10-2016 10:13:04:917|~VB~]Ussd Shake Resp:[cmdLength:20,cmdId:132,cmdStatus:0,senderCB:-1,receiverCB:-1]
[SMPPCLINET1|TimerManeger.cpp|00107|30-10-2016 10:13:05:861|~DG~]No Timer Event Are Registed With TimerManeger
[SMPPCLINET1|TimerManeger.cpp|00107|30-10-2016 10:13:06:863|~DG~]No Timer Event Are Registed With TimerManeger
[SMPPCLINET1|TimerManeger.cpp|00107|30-10-2016 10:13:07:864|~DG~]No Timer Event Are Registed With TimerManeger
[SMPPCLINET1|TimerManeger.cpp|00107|30-10-2016 10:13:08:866|~DG~]No Timer Event Are Registed With TimerManeger
[SMPPCLINET1|TimerManeger.cpp|00107|30-10-2016 10:13:09:868|~DG~]No Timer Event Are Registed With TimerManeger
[SMPPCLINET1|TimerManeger.cpp|00107|30-10-2016 10:13:10:871|~DG~]No Timer Event Are Registed With TimerManeger
[SMPPCLINET1|TimerManeger.cpp|00107|30-10-2016 10:13:11:872|~DG~]No Timer Event Are Registed With TimerManeger
[SMPPCLINET1|TimerManeger.cpp|00107|30-10-2016 10:13:12:874|~DG~]No Timer Event Are Registed With TimerManeger
[SMPPCLINET1|TimerManeger.cpp|00107|30-10-2016 10:13:13:876|~DG~]No Timer Event Are Registed With TimerManeger
[SMPPCLINET1|TimerManeger.cpp|00107|30-10-2016 10:13:14:877|~DG~]No Timer Event Are Registed With TimerManeger
[SMPPCLINET1|TimerManeger.cpp|00107|30-10-2016 10:13:15:879|~DG~]No Timer Event Are Registed With TimerManeger
[SMPPCLINET1|TimerManeger.cpp|00107|30-10-2016 10:13:16:881|~DG~]No Timer Event Are Registed With TimerManeger
[SMPPCLINET1|TimerManeger.cpp|00107|30-10-2016 10:13:17:883|~DG~]No Timer Event Are Registed With TimerManeger
[SMPPCLINET1|TimerManeger.cpp|00107|30-10-2016 10:13:18:885|~DG~]No Timer Event Are Registed With TimerManeger
[SMPPCLINET1|TimerManeger.cpp|00107|30-10-2016 10:13:19:887|~DG~]No Timer Event Are Registed With TimerManeger
[SMPPCLINET1|TimerManeger.cpp|00107|30-10-2016 10:13:20:889|~DG~]No Timer Event Are Registed With TimerManeger
[SMPPCLINET1|TimerManeger.cpp|00107|30-10-2016 10:13:21:890|~DG~]No Timer Event Are Registed With TimerManeger
[SMPPCLINET1|TimerManeger.cpp|00107|30-10-2016 10:13:22:893|~DG~]No Timer Event Are Registed With TimerManeger
[SMPPCLINET1|TimerManeger.cpp|00107|30-10-2016 10:13:23:894|~DG~]No Timer Event Are Registed With TimerManeger
[SMPPCLINET1|TimerManeger.cpp|00107|30-10-2016 10:13:24:897|~DG~]No Timer Event Are Registed With TimerManeger
[SMPPCLINET1|TimerManeger.cpp|00107|30-10-2016 10:13:25:899|~DG~]No Timer Event Are Registed With TimerManeger
[SMPPCLINET1|TimerManeger.cpp|00107|30-10-2016 10:13:26:901|~DG~]No Timer Event Are Registed With TimerManeger
[SMPPCLINET1|TimerManeger.cpp|00107|30-10-2016 10:13:27:903|~DG~]No Timer Event Are Registed With TimerManeger
[SMPPCLINET1|TimerManeger.cpp|00107|30-10-2016 10:13:28:904|~DG~]No Timer Event Are Registed With TimerManeger
[SMPPCLINET1|TimerManeger.cpp|00107|30-10-2016 10:13:29:906|~DG~]No Timer Event Are Registed With TimerManeger
[SMPPCLINET1|TimerManeger.cpp|00107|30-10-2016 10:13:30:908|~DG~]No Timer Event Are Registed With TimerManeger
[SMPPCLINET1|TimerManeger.cpp|00107|30-10-2016 10:13:31:910|~DG~]No Timer Event Are Registed With TimerManeger
[SMPPCLINET1|TimerManeger.cpp|00107|30-10-2016 10:13:32:912|~DG~]No Timer Event Are Registed With TimerManeger
[SMPPCLINET1|TimerManeger.cpp|00107|30-10-2016 10:13:33:913|~DG~]No Timer Event Are Registed With TimerManeger
[SMPPCLINET1|TimerManeger.cpp|00107|30-10-2016 10:13:34:916|~DG~]No Timer Event Are Registed With TimerManeger
140000008300000000000000ffffffffffffffff
[SMPPCLINET1|EsmeConnection.cpp|00056|30-10-2016 10:13:35:880|~IN~]Receiveing the data from SMPP[20]:cmdLength:20,cmdId:132,cmdStatus:0,senderCB:-1,receiverCB:-1:Error Not Configured
140000008400000000000000ffffffffffffffff
[SMPPCLINET1|TimerManeger.cpp|00107|30-10-2016 10:13:35:917|~DG~]No Timer Event Are Registed With TimerManeger
[SMPPCLINET1|EsmeConnection.cpp|00307|30-10-2016 10:13:35:976|~VB~]Ussd Shake Resp:[cmdLength:20,cmdId:132,cmdStatus:0,senderCB:-1,receiverCB:-1]
[SMPPCLINET1|TimerManeger.cpp|00107|30-10-2016 10:13:36:919|~DG~]No Timer Event Are Registed With TimerManeger
[SMPPCLINET1|TimerManeger.cpp|00107|30-10-2016 10:13:37:921|~DG~]No Timer Event Are Registed With TimerManeger
[SMPPCLINET1|TimerManeger.cpp|00107|30-10-2016 10:13:38:923|~DG~]No Timer Event Are Registed With TimerManeger
[SMPPCLINET1|TimerManeger.cpp|00107|30-10-2016 10:13:39:925|~DG~]No Timer Event Are Registed With TimerManeger
[SMPPCLINET1|TimerManeger.cpp|00107|30-10-2016 10:13:40:926|~DG~]No Timer Event Are Registed With TimerManeger
[SMPPCLINET1|TimerManeger.cpp|00107|30-10-2016 10:13:41:929|~DG~]No Timer Event Are Registed With TimerManeger
[SMPPCLINET1|TimerManeger.cpp|00107|30-10-2016 10:13:42:930|~DG~]No Timer Event Are Registed With TimerManeger
[SMPPCLINET1|TimerManeger.cpp|00107|30-10-2016 10:13:43:933|~DG~]No Timer Event Are Registed With TimerManeger
[SMPPCLINET1|TimerManeger.cpp|00107|30-10-2016 10:13:44:934|~DG~]No Timer Event Are Registed With TimerManeger
[SMPPCLINET1|TimerManeger.cpp|00107|30-10-2016 10:13:45:936|~DG~]No Timer Event Are Registed With TimerManeger
[SMPPCLINET1|TimerManeger.cpp|00107|30-10-2016 10:13:46:938|~DG~]No Timer Event Are Registed With TimerManeger
[SMPPCLINET1|TimerManeger.cpp|00107|30-10-2016 10:13:47:940|~DG~]No Timer Event Are Registed With TimerManeger
[SMPPCLINET1|TimerManeger.cpp|00107|30-10-2016 10:13:48:943|~DG~]No Timer Event Are Registed With TimerManeger
[SMPPCLINET1|TimerManeger.cpp|00107|30-10-2016 10:13:49:945|~DG~]No Timer Event Are Registed With TimerManeger
[SMPPCLINET1|TimerManeger.cpp|00107|30-10-2016 10:13:50:948|~DG~]No Timer Event Are Registed With TimerManeger
[SMPPCLINET1|TimerManeger.cpp|00107|30-10-2016 10:13:51:950|~DG~]No Timer Event Are Registed With TimerManeger
[SMPPCLINET1|TimerManeger.cpp|00107|30-10-2016 10:13:52:952|~DG~]No Timer Event Are Registed With TimerManeger
[SMPPCLINET1|TimerManeger.cpp|00107|30-10-2016 10:13:53:953|~DG~]No Timer Event Are Registed With TimerManeger
[SMPPCLINET1|TimerManeger.cpp|00107|30-10-2016 10:13:54:955|~DG~]No Timer Event Are Registed With TimerManeger
[SMPPCLINET1|TimerManeger.cpp|00107|30-10-2016 10:13:55:960|~DG~]No Timer Event Are Registed With TimerManeger
[SMPPCLINET1|TimerManeger.cpp|00107|30-10-2016 10:13:56:963|~DG~]No Timer Event Are Registed With TimerManeger
[SMPPCLINET1|TimerManeger.cpp|00107|30-10-2016 10:13:57:964|~DG~]No Timer Event Are Registed With TimerManeger
[SMPPCLINET1|TimerManeger.cpp|00107|30-10-2016 10:13:58:966|~DG~]No Timer Event Are Registed With TimerManeger
[SMPPCLINET1|TimerManeger.cpp|00107|30-10-2016 10:13:59:968|~DG~]No Timer Event Are Registed With TimerManeger
[SMPPCLINET1|TimerManeger.cpp|00107|30-10-2016 10:14:00:970|~DG~]No Timer Event Are Registed With TimerManeger
[SMPPCLINET1|TimerManeger.cpp|00107|30-10-2016 10:14:01:974|~DG~]No Timer Event Are Registed With TimerManeger
[SMPPCLINET1|TimerManeger.cpp|00107|30-10-2016 10:14:02:975|~DG~]No Timer Event Are Registed With TimerManeger
[SMPPCLINET1|TimerManeger.cpp|00107|30-10-2016 10:14:03:988|~DG~]No Timer Event Are Registed With TimerManeger
[SMPPCLINET1|TimerManeger.cpp|00107|30-10-2016 10:14:04:989|~DG~]No Timer Event Are Registed With TimerManeger
[SMPPCLINET1|TimerManeger.cpp|00107|30-10-2016 10:14:05:991|~DG~]No Timer Event Are Registed With TimerManeger
140000008300000000000000ffffffffffffffff
[SMPPCLINET1|EsmeConnection.cpp|00056|30-10-2016 10:14:06:946|~IN~]Receiveing the data from SMPP[20]:cmdLength:20,cmdId:132,cmdStatus:0,senderCB:-1,receiverCB:-1:Error Not Configured
140000008400000000000000ffffffffffffffff
[SMPPCLINET1|TimerManeger.cpp|00107|30-10-2016 10:14:06:993|~DG~]No Timer Event Are Registed With TimerManeger
[SMPPCLINET1|EsmeConnection.cpp|00307|30-10-2016 10:14:07:052|~VB~]Ussd Shake Resp:[cmdLength:20,cmdId:132,cmdStatus:0,senderCB:-1,receiverCB:-1]
[SMPPCLINET1|TimerManeger.cpp|00107|30-10-2016 10:14:07:994|~DG~]No Timer Event Are Registed With TimerManeger
[SMPPCLINET1|TimerManeger.cpp|00107|30-10-2016 10:14:08:997|~DG~]No Timer Event Are Registed With TimerManeger
[SMPPCLINET1|TimerManeger.cpp|00107|30-10-2016 10:14:09:999|~DG~]No Timer Event Are Registed With TimerManeger
[SMPPCLINET1|TimerManeger.cpp|00107|30-10-2016 10:14:11:002|~DG~]No Timer Event Are Registed With TimerManeger
[SMPPCLINET1|TimerManeger.cpp|00107|30-10-2016 10:14:12:003|~DG~]No Timer Event Are Registed With TimerManeger
[SMPPCLINET1|TimerManeger.cpp|00107|30-10-2016 10:14:13:005|~DG~]No Timer Event Are Registed With TimerManeger
[SMPPCLINET1|TimerManeger.cpp|00107|30-10-2016 10:14:14:007|~DG~]No Timer Event Are Registed With TimerManeger
[SMPPCLINET1|TimerManeger.cpp|00107|30-10-2016 10:14:15:008|~DG~]No Timer Event Are Registed With TimerManeger
[SMPPCLINET1|TimerManeger.cpp|00107|30-10-2016 10:14:16:010|~DG~]No Timer Event Are Registed With TimerManeger
[SMPPCLINET1|TimerManeger.cpp|00107|30-10-2016 10:14:17:023|~DG~]No Timer Event Are Registed With TimerManeger
[SMPPCLINET1|TimerManeger.cpp|00107|30-10-2016 10:14:18:026|~DG~]No Timer Event Are Registed With TimerManeger
[SMPPCLINET1|TimerManeger.cpp|00107|30-10-2016 10:14:19:028|~DG~]No Timer Event Are Registed With TimerManeger
[SMPPCLINET1|TimerManeger.cpp|00107|30-10-2016 10:14:20:030|~DG~]No Timer Event Are Registed With TimerManeger
[SMPPCLINET1|TimerManeger.cpp|00107|30-10-2016 10:14:21:031|~DG~]No Timer Event Are Registed With TimerManeger
[SMPPCLINET1|TimerManeger.cpp|00107|30-10-2016 10:14:22:033|~DG~]No Timer Event Are Registed With TimerManeger
[SMPPCLINET1|TimerManeger.cpp|00107|30-10-2016 10:14:23:035|~DG~]No Timer Event Are Registed With TimerManeger
[SMPPCLINET1|TimerManeger.cpp|00107|30-10-2016 10:14:24:038|~DG~]No Timer Event Are Registed With TimerManeger
[SMPPCLINET1|TimerManeger.cpp|00107|30-10-2016 10:14:25:039|~DG~]No Timer Event Are Registed With TimerManeger
[SMPPCLINET1|TimerManeger.cpp|00107|30-10-2016 10:14:26:041|~DG~]No Timer Event Are Registed With TimerManeger
[SMPPCLINET1|TimerManeger.cpp|00107|30-10-2016 10:14:27:043|~DG~]No Timer Event Are Registed With TimerManeger
[SMPPCLINET1|TimerManeger.cpp|00107|30-10-2016 10:14:28:044|~DG~]No Timer Event Are Registed With TimerManeger
[SMPPCLINET1|TimerManeger.cpp|00107|30-10-2016 10:14:29:046|~DG~]No Timer Event Are Registed With TimerManeger
[SMPPCLINET1|TimerManeger.cpp|00107|30-10-2016 10:14:30:048|~DG~]No Timer Event Are Registed With TimerManeger
[SMPPCLINET1|TimerManeger.cpp|00107|30-10-2016 10:14:31:051|~DG~]No Timer Event Are Registed With TimerManeger
[SMPPCLINET1|TimerManeger.cpp|00107|30-10-2016 10:14:32:053|~DG~]No Timer Event Are Registed With TimerManeger
[SMPPCLINET1|TimerManeger.cpp|00107|30-10-2016 10:14:33:058|~DG~]No Timer Event Are Registed With TimerManeger
[SMPPCLINET1|TimerManeger.cpp|00107|30-10-2016 10:14:34:061|~DG~]No Timer Event Are Registed With TimerManeger
[SMPPCLINET1|TimerManeger.cpp|00107|30-10-2016 10:14:35:062|~DG~]No Timer Event Are Registed With TimerManeger
[SMPPCLINET1|TimerManeger.cpp|00107|30-10-2016 10:14:36:064|~DG~]No Timer Event Are Registed With TimerManeger
[SMPPCLINET1|TimerManeger.cpp|00107|30-10-2016 10:14:37:068|~DG~]No Timer Event Are Registed With TimerManeger
140000008300000000000000ffffffffffffffff
[SMPPCLINET1|EsmeConnection.cpp|00056|30-10-2016 10:14:38:017|~IN~]Receiveing the data from SMPP[20]:cmdLength:20,cmdId:132,cmdStatus:0,senderCB:-1,receiverCB:-1:Error Not Configured
140000008400000000000000ffffffffffffffff
[SMPPCLINET1|TimerManeger.cpp|00107|30-10-2016 10:14:38:070|~DG~]No Timer Event Are Registed With TimerManeger
[SMPPCLINET1|EsmeConnection.cpp|00307|30-10-2016 10:14:38:115|~VB~]Ussd Shake Resp:[cmdLength:20,cmdId:132,cmdStatus:0,senderCB:-1,receiverCB:-1]
[SMPPCLINET1|TimerManeger.cpp|00107|30-10-2016 10:14:39:072|~DG~]No Timer Event Are Registed With TimerManeger
[SMPPCLINET1|TimerManeger.cpp|00107|30-10-2016 10:14:40:073|~DG~]No Timer Event Are Registed With TimerManeger
[SMPPCLINET1|TimerManeger.cpp|00107|30-10-2016 10:14:41:076|~DG~]No Timer Event Are Registed With TimerManeger
[SMPPCLINET1|TimerManeger.cpp|00107|30-10-2016 10:14:42:077|~DG~]No Timer Event Are Registed With TimerManeger
[SMPPCLINET1|TimerManeger.cpp|00107|30-10-2016 10:14:43:080|~DG~]No Timer Event Are Registed With TimerManeger
[SMPPCLINET1|TimerManeger.cpp|00107|30-10-2016 10:14:44:081|~DG~]No Timer Event Are Registed With TimerManeger
[SMPPCLINET1|TimerManeger.cpp|00107|30-10-2016 10:14:45:083|~DG~]No Timer Event Are Registed With TimerManeger
[SMPPCLINET1|TimerManeger.cpp|00107|30-10-2016 10:14:46:085|~DG~]No Timer Event Are Registed With TimerManeger
[SMPPCLINET1|TimerManeger.cpp|00107|30-10-2016 10:14:47:087|~DG~]No Timer Event Are Registed With TimerManeger
[SMPPCLINET1|TimerManeger.cpp|00107|30-10-2016 10:14:48:090|~DG~]No Timer Event Are Registed With TimerManeger
[SMPPCLINET1|TimerManeger.cpp|00107|30-10-2016 10:14:49:091|~DG~]No Timer Event Are Registed With TimerManeger
[SMPPCLINET1|TimerManeger.cpp|00107|30-10-2016 10:14:50:093|~DG~]No Timer Event Are Registed With TimerManeger
[SMPPCLINET1|TimerManeger.cpp|00107|30-10-2016 10:14:51:095|~DG~]No Timer Event Are Registed With TimerManeger
[SMPPCLINET1|TimerManeger.cpp|00107|30-10-2016 10:14:52:097|~DG~]No Timer Event Are Registed With TimerManeger
[SMPPCLINET1|TimerManeger.cpp|00107|30-10-2016 10:14:53:099|~DG~]No Timer Event Are Registed With TimerManeger
[SMPPCLINET1|TimerManeger.cpp|00107|30-10-2016 10:14:54:101|~DG~]No Timer Event Are Registed With TimerManeger
[SMPPCLINET1|TimerManeger.cpp|00107|30-10-2016 10:14:55:104|~DG~]No Timer Event Are Registed With TimerManeger
[SMPPCLINET1|TimerManeger.cpp|00107|30-10-2016 10:14:56:106|~DG~]No Timer Event Are Registed With TimerManeger
[SMPPCLINET1|TimerManeger.cpp|00107|30-10-2016 10:14:57:108|~DG~]No Timer Event Are Registed With TimerManeger
[SMPPCLINET1|TimerManeger.cpp|00107|30-10-2016 10:14:58:110|~DG~]No Timer Event Are Registed With TimerManeger
[SMPPCLINET1|TimerManeger.cpp|00107|30-10-2016 10:14:59:112|~DG~]No Timer Event Are Registed With TimerManeger
[SMPPCLINET1|TimerManeger.cpp|00107|30-10-2016 10:15:00:113|~DG~]No Timer Event Are Registed With TimerManeger
[SMPPCLINET1|TimerManeger.cpp|00107|30-10-2016 10:15:01:115|~DG~]No Timer Event Are Registed With TimerManeger
[SMPPCLINET1|TimerManeger.cpp|00107|30-10-2016 10:15:02:117|~DG~]No Timer Event Are Registed With TimerManeger
[SMPPCLINET1|TimerManeger.cpp|00107|30-10-2016 10:15:03:120|~DG~]No Timer Event Are Registed With TimerManeger
[SMPPCLINET1|TimerManeger.cpp|00107|30-10-2016 10:15:04:124|~DG~]No Timer Event Are Registed With TimerManeger
[SMPPCLINET1|TimerManeger.cpp|00107|30-10-2016 10:15:05:126|~DG~]No Timer Event Are Registed With TimerManeger
[SMPPCLINET1|TimerManeger.cpp|00107|30-10-2016 10:15:06:128|~DG~]No Timer Event Are Registed With TimerManeger
[SMPPCLINET1|TimerManeger.cpp|00107|30-10-2016 10:15:07:130|~DG~]No Timer Event Are Registed With TimerManeger
[SMPPCLINET1|TimerManeger.cpp|00107|30-10-2016 10:15:08:132|~DG~]No Timer Event Are Registed With TimerManeger
140000008300000000000000ffffffffffffffff
[SMPPCLINET1|EsmeConnection.cpp|00056|30-10-2016 10:15:09:080|~IN~]Receiveing the data from SMPP[20]:cmdLength:20,cmdId:132,cmdStatus:0,senderCB:-1,receiverCB:-1:Error Not Configured
140000008400000000000000ffffffffffffffff
[SMPPCLINET1|TimerManeger.cpp|00107|30-10-2016 10:15:09:134|~DG~]No Timer Event Are Registed With TimerManeger
[SMPPCLINET1|EsmeConnection.cpp|00307|30-10-2016 10:15:09:174|~VB~]Ussd Shake Resp:[cmdLength:20,cmdId:132,cmdStatus:0,senderCB:-1,receiverCB:-1]
[SMPPCLINET1|TimerManeger.cpp|00107|30-10-2016 10:15:10:137|~DG~]No Timer Event Are Registed With TimerManeger
[SMPPCLINET1|TimerManeger.cpp|00107|30-10-2016 10:15:11:138|~DG~]No Timer Event Are Registed With TimerManeger
[SMPPCLINET1|TimerManeger.cpp|00107|30-10-2016 10:15:12:140|~DG~]No Timer Event Are Registed With TimerManeger
[SMPPCLINET1|TimerManeger.cpp|00107|30-10-2016 10:15:13:142|~DG~]No Timer Event Are Registed With TimerManeger
[SMPPCLINET1|TimerManeger.cpp|00107|30-10-2016 10:15:14:143|~DG~]No Timer Event Are Registed With TimerManeger
[SMPPCLINET1|TimerManeger.cpp|00107|30-10-2016 10:15:15:145|~DG~]No Timer Event Are Registed With TimerManeger
[SMPPCLINET1|TimerManeger.cpp|00107|30-10-2016 10:15:16:147|~DG~]No Timer Event Are Registed With TimerManeger
[SMPPCLINET1|TimerManeger.cpp|00107|30-10-2016 10:15:17:150|~DG~]No Timer Event Are Registed With TimerManeger
[SMPPCLINET1|TimerManeger.cpp|00107|30-10-2016 10:15:18:152|~DG~]No Timer Event Are Registed With TimerManeger
[SMPPCLINET1|TimerManeger.cpp|00107|30-10-2016 10:15:19:154|~DG~]No Timer Event Are Registed With TimerManeger
[SMPPCLINET1|TimerManeger.cpp|00107|30-10-2016 10:15:20:156|~DG~]No Timer Event Are Registed With TimerManeger
[SMPPCLINET1|TimerManeger.cpp|00107|30-10-2016 10:15:21:157|~DG~]No Timer Event Are Registed With TimerManeger
[SMPPCLINET1|TimerManeger.cpp|00107|30-10-2016 10:15:22:159|~DG~]No Timer Event Are Registed With TimerManeger
[SMPPCLINET1|TimerManeger.cpp|00107|30-10-2016 10:15:23:161|~DG~]No Timer Event Are Registed With TimerManeger
[SMPPCLINET1|TimerManeger.cpp|00107|30-10-2016 10:15:24:163|~DG~]No Timer Event Are Registed With TimerManeger
[SMPPCLINET1|TimerManeger.cpp|00107|30-10-2016 10:15:25:165|~DG~]No Timer Event Are Registed With TimerManeger
[SMPPCLINET1|TimerManeger.cpp|00107|30-10-2016 10:15:26:177|~DG~]No Timer Event Are Registed With TimerManeger
[SMPPCLINET1|TimerManeger.cpp|00107|30-10-2016 10:15:27:179|~DG~]No Timer Event Are Registed With TimerManeger
[SMPPCLINET1|TimerManeger.cpp|00107|30-10-2016 10:15:28:180|~DG~]No Timer Event Are Registed With TimerManeger
[SMPPCLINET1|TimerManeger.cpp|00107|30-10-2016 10:15:29:182|~DG~]No Timer Event Are Registed With TimerManeger
[SMPPCLINET1|TimerManeger.cpp|00107|30-10-2016 10:15:30:184|~DG~]No Timer Event Are Registed With TimerManeger
[SMPPCLINET1|TimerManeger.cpp|00107|30-10-2016 10:15:31:186|~DG~]No Timer Event Are Registed With TimerManeger
[SMPPCLINET1|TimerManeger.cpp|00107|30-10-2016 10:15:32:188|~DG~]No Timer Event Are Registed With TimerManeger
[SMPPCLINET1|TimerManeger.cpp|00107|30-10-2016 10:15:33:190|~DG~]No Timer Event Are Registed With TimerManeger
[SMPPCLINET1|TimerManeger.cpp|00107|30-10-2016 10:15:34:192|~DG~]No Timer Event Are Registed With TimerManeger
[SMPPCLINET1|TimerManeger.cpp|00107|30-10-2016 10:15:35:193|~DG~]No Timer Event Are Registed With TimerManeger
[SMPPCLINET1|TimerManeger.cpp|00107|30-10-2016 10:15:36:195|~DG~]No Timer Event Are Registed With TimerManeger
[SMPPCLINET1|TimerManeger.cpp|00107|30-10-2016 10:15:37:197|~DG~]No Timer Event Are Registed With TimerManeger
[SMPPCLINET1|TimerManeger.cpp|00107|30-10-2016 10:15:38:199|~DG~]No Timer Event Are Registed With TimerManeger
[SMPPCLINET1|TimerManeger.cpp|00107|30-10-2016 10:15:39:201|~DG~]No Timer Event Are Registed With TimerManeger
140000008300000000000000ffffffffffffffff
[SMPPCLINET1|EsmeConnection.cpp|00056|30-10-2016 10:15:40:140|~IN~]Receiveing the data from SMPP[20]:cmdLength:20,cmdId:132,cmdStatus:0,senderCB:-1,receiverCB:-1:Error Not Configured
140000008400000000000000ffffffffffffffff
[SMPPCLINET1|TimerManeger.cpp|00107|30-10-2016 10:15:40:204|~DG~]No Timer Event Are Registed With TimerManeger
[SMPPCLINET1|EsmeConnection.cpp|00307|30-10-2016 10:15:40:244|~VB~]Ussd Shake Resp:[cmdLength:20,cmdId:132,cmdStatus:0,senderCB:-1,receiverCB:-1]
[SMPPCLINET1|TimerManeger.cpp|00107|30-10-2016 10:15:41:206|~DG~]No Timer Event Are Registed With TimerManeger
[SMPPCLINET1|TimerManeger.cpp|00107|30-10-2016 10:15:42:208|~DG~]No Timer Event Are Registed With TimerManeger
[SMPPCLINET1|TimerManeger.cpp|00107|30-10-2016 10:15:43:218|~DG~]No Timer Event Are Registed With TimerManeger
[SMPPCLINET1|TimerManeger.cpp|00107|30-10-2016 10:15:44:232|~DG~]No Timer Event Are Registed With TimerManeger
[SMPPCLINET1|TimerManeger.cpp|00107|30-10-2016 10:15:45:234|~DG~]No Timer Event Are Registed With TimerManeger
[SMPPCLINET1|TimerManeger.cpp|00107|30-10-2016 10:15:46:235|~DG~]No Timer Event Are Registed With TimerManeger
[SMPPCLINET1|TimerManeger.cpp|00107|30-10-2016 10:15:47:240|~DG~]No Timer Event Are Registed With TimerManeger
[SMPPCLINET1|TimerManeger.cpp|00107|30-10-2016 10:15:48:241|~DG~]No Timer Event Are Registed With TimerManeger
[SMPPCLINET1|TimerManeger.cpp|00107|30-10-2016 10:15:49:243|~DG~]No Timer Event Are Registed With TimerManeger
[SMPPCLINET1|TimerManeger.cpp|00107|30-10-2016 10:15:50:245|~DG~]No Timer Event Are Registed With TimerManeger
[SMPPCLINET1|TimerManeger.cpp|00107|30-10-2016 10:15:51:247|~DG~]No Timer Event Are Registed With TimerManeger
[SMPPCLINET1|TimerManeger.cpp|00107|30-10-2016 10:15:52:249|~DG~]No Timer Event Are Registed With TimerManeger
[SMPPCLINET1|TimerManeger.cpp|00107|30-10-2016 10:15:53:251|~DG~]No Timer Event Are Registed With TimerManeger
[SMPPCLINET1|TimerManeger.cpp|00107|30-10-2016 10:15:54:254|~DG~]No Timer Event Are Registed With TimerManeger
[SMPPCLINET1|TimerManeger.cpp|00107|30-10-2016 10:15:55:256|~DG~]No Timer Event Are Registed With TimerManeger
[SMPPCLINET1|TimerManeger.cpp|00107|30-10-2016 10:15:56:258|~DG~]No Timer Event Are Registed With TimerManeger
[SMPPCLINET1|TimerManeger.cpp|00107|30-10-2016 10:15:57:260|~DG~]No Timer Event Are Registed With TimerManeger
[SMPPCLINET1|TimerManeger.cpp|00107|30-10-2016 10:15:58:262|~DG~]No Timer Event Are Registed With TimerManeger
[SMPPCLINET1|TimerManeger.cpp|00107|30-10-2016 10:15:59:263|~DG~]No Timer Event Are Registed With TimerManeger
[SMPPCLINET1|TimerManeger.cpp|00107|30-10-2016 10:16:00:265|~DG~]No Timer Event Are Registed With TimerManeger
[SMPPCLINET1|TimerManeger.cpp|00107|30-10-2016 10:16:01:268|~DG~]No Timer Event Are Registed With TimerManeger
[SMPPCLINET1|TimerManeger.cpp|00107|30-10-2016 10:16:02:270|~DG~]No Timer Event Are Registed With TimerManeger
[SMPPCLINET1|TimerManeger.cpp|00107|30-10-2016 10:16:03:272|~DG~]No Timer Event Are Registed With TimerManeger
[SMPPCLINET1|TimerManeger.cpp|00107|30-10-2016 10:16:04:274|~DG~]No Timer Event Are Registed With TimerManeger
[SMPPCLINET1|TimerManeger.cpp|00107|30-10-2016 10:16:05:276|~DG~]No Timer Event Are Registed With TimerManeger
[SMPPCLINET1|TimerManeger.cpp|00107|30-10-2016 10:16:06:277|~DG~]No Timer Event Are Registed With TimerManeger
[SMPPCLINET1|TimerManeger.cpp|00107|30-10-2016 10:16:07:279|~DG~]No Timer Event Are Registed With TimerManeger
[SMPPCLINET1|TimerManeger.cpp|00107|30-10-2016 10:16:08:282|~DG~]No Timer Event Are Registed With TimerManeger
[SMPPCLINET1|TimerManeger.cpp|00107|30-10-2016 10:16:09:284|~DG~]No Timer Event Are Registed With TimerManeger
[SMPPCLINET1|TimerManeger.cpp|00107|30-10-2016 10:16:10:286|~DG~]No Timer Event Are Registed With TimerManeger
140000008300000000000000ffffffffffffffff
[SMPPCLINET1|EsmeConnection.cpp|00056|30-10-2016 10:16:11:205|~IN~]Receiveing the data from SMPP[20]:cmdLength:20,cmdId:132,cmdStatus:0,senderCB:-1,receiverCB:-1:Error Not Configured
140000008400000000000000ffffffffffffffff
[SMPPCLINET1|TimerManeger.cpp|00107|30-10-2016 10:16:11:288|~DG~]No Timer Event Are Registed With TimerManeger
[SMPPCLINET1|EsmeConnection.cpp|00307|30-10-2016 10:16:11:311|~VB~]Ussd Shake Resp:[cmdLength:20,cmdId:132,cmdStatus:0,senderCB:-1,receiverCB:-1]
[SMPPCLINET1|TimerManeger.cpp|00107|30-10-2016 10:16:12:290|~DG~]No Timer Event Are Registed With TimerManeger
[SMPPCLINET1|TimerManeger.cpp|00107|30-10-2016 10:16:13:291|~DG~]No Timer Event Are Registed With TimerManeger
[SMPPCLINET1|TimerManeger.cpp|00107|30-10-2016 10:16:14:293|~DG~]No Timer Event Are Registed With TimerManeger
[SMPPCLINET1|TimerManeger.cpp|00107|30-10-2016 10:16:15:295|~DG~]No Timer Event Are Registed With TimerManeger
[SMPPCLINET1|TimerManeger.cpp|00107|30-10-2016 10:16:16:297|~DG~]No Timer Event Are Registed With TimerManeger
[SMPPCLINET1|TimerManeger.cpp|00107|30-10-2016 10:16:17:299|~DG~]No Timer Event Are Registed With TimerManeger
[SMPPCLINET1|TimerManeger.cpp|00107|30-10-2016 10:16:18:301|~DG~]No Timer Event Are Registed With TimerManeger
[SMPPCLINET1|TimerManeger.cpp|00107|30-10-2016 10:16:19:303|~DG~]No Timer Event Are Registed With TimerManeger
[SMPPCLINET1|TimerManeger.cpp|00107|30-10-2016 10:16:20:304|~DG~]No Timer Event Are Registed With TimerManeger
[SMPPCLINET1|TimerManeger.cpp|00107|30-10-2016 10:16:21:306|~DG~]No Timer Event Are Registed With TimerManeger
[SMPPCLINET1|TimerManeger.cpp|00107|30-10-2016 10:16:22:308|~DG~]No Timer Event Are Registed With TimerManeger
[SMPPCLINET1|TimerManeger.cpp|00107|30-10-2016 10:16:23:311|~DG~]No Timer Event Are Registed With TimerManeger
[SMPPCLINET1|TimerManeger.cpp|00107|30-10-2016 10:16:24:313|~DG~]No Timer Event Are Registed With TimerManeger
[SMPPCLINET1|TimerManeger.cpp|00107|30-10-2016 10:16:25:315|~DG~]No Timer Event Are Registed With TimerManeger
[SMPPCLINET1|TimerManeger.cpp|00107|30-10-2016 10:16:26:317|~DG~]No Timer Event Are Registed With TimerManeger
[SMPPCLINET1|TimerManeger.cpp|00107|30-10-2016 10:16:27:318|~DG~]No Timer Event Are Registed With TimerManeger
[SMPPCLINET1|TimerManeger.cpp|00107|30-10-2016 10:16:28:321|~DG~]No Timer Event Are Registed With TimerManeger
[SMPPCLINET1|TimerManeger.cpp|00107|30-10-2016 10:16:29:323|~DG~]No Timer Event Are Registed With TimerManeger
[SMPPCLINET1|TimerManeger.cpp|00107|30-10-2016 10:16:30:325|~DG~]No Timer Event Are Registed With TimerManeger
[SMPPCLINET1|TimerManeger.cpp|00107|30-10-2016 10:16:31:327|~DG~]No Timer Event Are Registed With TimerManeger
[SMPPCLINET1|TimerManeger.cpp|00107|30-10-2016 10:16:32:328|~DG~]No Timer Event Are Registed With TimerManeger
[SMPPCLINET1|TimerManeger.cpp|00107|30-10-2016 10:16:33:331|~DG~]No Timer Event Are Registed With TimerManeger
[SMPPCLINET1|TimerManeger.cpp|00107|30-10-2016 10:16:34:332|~DG~]No Timer Event Are Registed With TimerManeger
[SMPPCLINET1|TimerManeger.cpp|00107|30-10-2016 10:16:35:335|~DG~]No Timer Event Are Registed With TimerManeger
[SMPPCLINET1|TimerManeger.cpp|00107|30-10-2016 10:16:36:337|~DG~]No Timer Event Are Registed With TimerManeger
[SMPPCLINET1|TimerManeger.cpp|00107|30-10-2016 10:16:37:340|~DG~]No Timer Event Are Registed With TimerManeger
[SMPPCLINET1|TimerManeger.cpp|00107|30-10-2016 10:16:38:342|~DG~]No Timer Event Are Registed With TimerManeger
[SMPPCLINET1|TimerManeger.cpp|00107|30-10-2016 10:16:39:343|~DG~]No Timer Event Are Registed With TimerManeger
[SMPPCLINET1|TimerManeger.cpp|00107|30-10-2016 10:16:40:346|~DG~]No Timer Event Are Registed With TimerManeger
[SMPPCLINET1|TimerManeger.cpp|00107|30-10-2016 10:16:41:347|~DG~]No Timer Event Are Registed With TimerManeger
140000008300000000000000ffffffffffffffff
[SMPPCLINET1|EsmeConnection.cpp|00056|30-10-2016 10:16:42:263|~IN~]Receiveing the data from SMPP[20]:cmdLength:20,cmdId:132,cmdStatus:0,senderCB:-1,receiverCB:-1:Error Not Configured
140000008400000000000000ffffffffffffffff
[SMPPCLINET1|TimerManeger.cpp|00107|30-10-2016 10:16:42:349|~DG~]No Timer Event Are Registed With TimerManeger
[SMPPCLINET1|EsmeConnection.cpp|00307|30-10-2016 10:16:42:372|~VB~]Ussd Shake Resp:[cmdLength:20,cmdId:132,cmdStatus:0,senderCB:-1,receiverCB:-1]
[SMPPCLINET1|TimerManeger.cpp|00107|30-10-2016 10:16:43:351|~DG~]No Timer Event Are Registed With TimerManeger
[SMPPCLINET1|TimerManeger.cpp|00107|30-10-2016 10:16:44:353|~DG~]No Timer Event Are Registed With TimerManeger
[SMPPCLINET1|TimerManeger.cpp|00107|30-10-2016 10:16:45:355|~DG~]No Timer Event Are Registed With TimerManeger
[SMPPCLINET1|TimerManeger.cpp|00107|30-10-2016 10:16:46:357|~DG~]No Timer Event Are Registed With TimerManeger
[SMPPCLINET1|TimerManeger.cpp|00107|30-10-2016 10:16:47:360|~DG~]No Timer Event Are Registed With TimerManeger
[SMPPCLINET1|TimerManeger.cpp|00107|30-10-2016 10:16:48:362|~DG~]No Timer Event Are Registed With TimerManeger
[SMPPCLINET1|TimerManeger.cpp|00107|30-10-2016 10:16:49:364|~DG~]No Timer Event Are Registed With TimerManeger
[SMPPCLINET1|TimerManeger.cpp|00107|30-10-2016 10:16:50:366|~DG~]No Timer Event Are Registed With TimerManeger
[SMPPCLINET1|TimerManeger.cpp|00107|30-10-2016 10:16:51:368|~DG~]No Timer Event Are Registed With TimerManeger
[SMPPCLINET1|TimerManeger.cpp|00107|30-10-2016 10:16:52:369|~DG~]No Timer Event Are Registed With TimerManeger
[SMPPCLINET1|TimerManeger.cpp|00107|30-10-2016 10:16:53:372|~DG~]No Timer Event Are Registed With TimerManeger
[SMPPCLINET1|TimerManeger.cpp|00107|30-10-2016 10:16:54:373|~DG~]No Timer Event Are Registed With TimerManeger
[SMPPCLINET1|TimerManeger.cpp|00107|30-10-2016 10:16:55:375|~DG~]No Timer Event Are Registed With TimerManeger
[SMPPCLINET1|TimerManeger.cpp|00107|30-10-2016 10:16:56:377|~DG~]No Timer Event Are Registed With TimerManeger
[SMPPCLINET1|TimerManeger.cpp|00107|30-10-2016 10:16:57:379|~DG~]No Timer Event Are Registed With TimerManeger
[SMPPCLINET1|TimerManeger.cpp|00107|30-10-2016 10:16:58:381|~DG~]No Timer Event Are Registed With TimerManeger
[SMPPCLINET1|TimerManeger.cpp|00107|30-10-2016 10:16:59:382|~DG~]No Timer Event Are Registed With TimerManeger
[SMPPCLINET1|TimerManeger.cpp|00107|30-10-2016 10:17:00:384|~DG~]No Timer Event Are Registed With TimerManeger
[SMPPCLINET1|TimerManeger.cpp|00107|30-10-2016 10:17:01:386|~DG~]No Timer Event Are Registed With TimerManeger
[SMPPCLINET1|TimerManeger.cpp|00107|30-10-2016 10:17:02:388|~DG~]No Timer Event Are Registed With TimerManeger
[SMPPCLINET1|TimerManeger.cpp|00107|30-10-2016 10:17:03:390|~DG~]No Timer Event Are Registed With TimerManeger
[SMPPCLINET1|TimerManeger.cpp|00107|30-10-2016 10:17:04:392|~DG~]No Timer Event Are Registed With TimerManeger
[SMPPCLINET1|TimerManeger.cpp|00107|30-10-2016 10:17:05:394|~DG~]No Timer Event Are Registed With TimerManeger
[SMPPCLINET1|TimerManeger.cpp|00107|30-10-2016 10:17:06:395|~DG~]No Timer Event Are Registed With TimerManeger
[SMPPCLINET1|TimerManeger.cpp|00107|30-10-2016 10:17:07:398|~DG~]No Timer Event Are Registed With TimerManeger
[SMPPCLINET1|TimerManeger.cpp|00107|30-10-2016 10:17:08:400|~DG~]No Timer Event Are Registed With TimerManeger
[SMPPCLINET1|TimerManeger.cpp|00107|30-10-2016 10:17:09:403|~DG~]No Timer Event Are Registed With TimerManeger
[SMPPCLINET1|TimerManeger.cpp|00107|30-10-2016 10:17:10:405|~DG~]No Timer Event Are Registed With TimerManeger
[SMPPCLINET1|TimerManeger.cpp|00107|30-10-2016 10:17:11:407|~DG~]No Timer Event Are Registed With TimerManeger
[SMPPCLINET1|TimerManeger.cpp|00107|30-10-2016 10:17:12:409|~DG~]No Timer Event Are Registed With TimerManeger
140000008300000000000000ffffffffffffffff
[SMPPCLINET1|EsmeConnection.cpp|00056|30-10-2016 10:17:13:325|~IN~]Receiveing the data from SMPP[20]:cmdLength:20,cmdId:132,cmdStatus:0,senderCB:-1,receiverCB:-1:Error Not Configured
140000008400000000000000ffffffffffffffff
[SMPPCLINET1|TimerManeger.cpp|00107|30-10-2016 10:17:13:410|~DG~]No Timer Event Are Registed With TimerManeger
[SMPPCLINET1|EsmeConnection.cpp|00307|30-10-2016 10:17:13:431|~VB~]Ussd Shake Resp:[cmdLength:20,cmdId:132,cmdStatus:0,senderCB:-1,receiverCB:-1]
[SMPPCLINET1|TimerManeger.cpp|00107|30-10-2016 10:17:14:412|~DG~]No Timer Event Are Registed With TimerManeger
[SMPPCLINET1|TimerManeger.cpp|00107|30-10-2016 10:17:15:414|~DG~]No Timer Event Are Registed With TimerManeger
[SMPPCLINET1|TimerManeger.cpp|00107|30-10-2016 10:17:16:416|~DG~]No Timer Event Are Registed With TimerManeger
[SMPPCLINET1|TimerManeger.cpp|00107|30-10-2016 10:17:17:418|~DG~]No Timer Event Are Registed With TimerManeger
[SMPPCLINET1|TimerManeger.cpp|00107|30-10-2016 10:17:18:420|~DG~]No Timer Event Are Registed With TimerManeger
[SMPPCLINET1|TimerManeger.cpp|00107|30-10-2016 10:17:19:423|~DG~]No Timer Event Are Registed With TimerManeger
[SMPPCLINET1|TimerManeger.cpp|00107|30-10-2016 10:17:20:424|~DG~]No Timer Event Are Registed With TimerManeger
[SMPPCLINET1|TimerManeger.cpp|00107|30-10-2016 10:17:21:426|~DG~]No Timer Event Are Registed With TimerManeger
[SMPPCLINET1|TimerManeger.cpp|00107|30-10-2016 10:17:22:428|~DG~]No Timer Event Are Registed With TimerManeger
[SMPPCLINET1|TimerManeger.cpp|00107|30-10-2016 10:17:23:429|~DG~]No Timer Event Are Registed With TimerManeger
[SMPPCLINET1|TimerManeger.cpp|00107|30-10-2016 10:17:24:432|~DG~]No Timer Event Are Registed With TimerManeger
[SMPPCLINET1|TimerManeger.cpp|00107|30-10-2016 10:17:25:433|~DG~]No Timer Event Are Registed With TimerManeger
[SMPPCLINET1|TimerManeger.cpp|00107|30-10-2016 10:17:26:436|~DG~]No Timer Event Are Registed With TimerManeger
[SMPPCLINET1|TimerManeger.cpp|00107|30-10-2016 10:17:27:437|~DG~]No Timer Event Are Registed With TimerManeger
[SMPPCLINET1|TimerManeger.cpp|00107|30-10-2016 10:17:28:439|~DG~]No Timer Event Are Registed With TimerManeger
[SMPPCLINET1|TimerManeger.cpp|00107|30-10-2016 10:17:29:441|~DG~]No Timer Event Are Registed With TimerManeger
[SMPPCLINET1|TimerManeger.cpp|00107|30-10-2016 10:17:30:445|~DG~]No Timer Event Are Registed With TimerManeger
[SMPPCLINET1|TimerManeger.cpp|00107|30-10-2016 10:17:31:448|~DG~]No Timer Event Are Registed With TimerManeger
[SMPPCLINET1|TimerManeger.cpp|00107|30-10-2016 10:17:32:451|~DG~]No Timer Event Are Registed With TimerManeger
[SMPPCLINET1|TimerManeger.cpp|00107|30-10-2016 10:17:33:453|~DG~]No Timer Event Are Registed With TimerManeger
[SMPPCLINET1|TimerManeger.cpp|00107|30-10-2016 10:17:34:454|~DG~]No Timer Event Are Registed With TimerManeger
[SMPPCLINET1|TimerManeger.cpp|00107|30-10-2016 10:17:35:456|~DG~]No Timer Event Are Registed With TimerManeger
[SMPPCLINET1|TimerManeger.cpp|00107|30-10-2016 10:17:36:458|~DG~]No Timer Event Are Registed With TimerManeger
[SMPPCLINET1|TimerManeger.cpp|00107|30-10-2016 10:17:37:465|~DG~]No Timer Event Are Registed With TimerManeger
[SMPPCLINET1|TimerManeger.cpp|00107|30-10-2016 10:17:38:469|~DG~]No Timer Event Are Registed With TimerManeger
[SMPPCLINET1|TimerManeger.cpp|00107|30-10-2016 10:17:39:471|~DG~]No Timer Event Are Registed With TimerManeger
[SMPPCLINET1|TimerManeger.cpp|00107|30-10-2016 10:17:40:473|~DG~]No Timer Event Are Registed With TimerManeger
[SMPPCLINET1|TimerManeger.cpp|00107|30-10-2016 10:17:41:475|~DG~]No Timer Event Are Registed With TimerManeger
[SMPPCLINET1|TimerManeger.cpp|00107|30-10-2016 10:17:42:477|~DG~]No Timer Event Are Registed With TimerManeger
[SMPPCLINET1|TimerManeger.cpp|00107|30-10-2016 10:17:43:483|~DG~]No Timer Event Are Registed With TimerManeger
140000008300000000000000ffffffffffffffff
[SMPPCLINET1|EsmeConnection.cpp|00056|30-10-2016 10:17:44:392|~IN~]Receiveing the data from SMPP[20]:cmdLength:20,cmdId:132,cmdStatus:0,senderCB:-1,receiverCB:-1:Error Not Configured
140000008400000000000000ffffffffffffffff
[SMPPCLINET1|TimerManeger.cpp|00107|30-10-2016 10:17:44:485|~DG~]No Timer Event Are Registed With TimerManeger
[SMPPCLINET1|EsmeConnection.cpp|00307|30-10-2016 10:17:44:512|~VB~]Ussd Shake Resp:[cmdLength:20,cmdId:132,cmdStatus:0,senderCB:-1,receiverCB:-1]
[SMPPCLINET1|TimerManeger.cpp|00107|30-10-2016 10:17:45:486|~DG~]No Timer Event Are Registed With TimerManeger
[SMPPCLINET1|TimerManeger.cpp|00107|30-10-2016 10:17:46:488|~DG~]No Timer Event Are Registed With TimerManeger
[SMPPCLINET1|TimerManeger.cpp|00107|30-10-2016 10:17:47:490|~DG~]No Timer Event Are Registed With TimerManeger
[SMPPCLINET1|TimerManeger.cpp|00107|30-10-2016 10:17:48:492|~DG~]No Timer Event Are Registed With TimerManeger
[SMPPCLINET1|TimerManeger.cpp|00107|30-10-2016 10:17:49:494|~DG~]No Timer Event Are Registed With TimerManeger
[SMPPCLINET1|TimerManeger.cpp|00107|30-10-2016 10:17:50:496|~DG~]No Timer Event Are Registed With TimerManeger
[SMPPCLINET1|TimerManeger.cpp|00107|30-10-2016 10:17:51:498|~DG~]No Timer Event Are Registed With TimerManeger
[SMPPCLINET1|TimerManeger.cpp|00107|30-10-2016 10:17:52:499|~DG~]No Timer Event Are Registed With TimerManeger
[SMPPCLINET1|TimerManeger.cpp|00107|30-10-2016 10:17:53:502|~DG~]No Timer Event Are Registed With TimerManeger
[SMPPCLINET1|TimerManeger.cpp|00107|30-10-2016 10:17:54:504|~DG~]No Timer Event Are Registed With TimerManeger
[SMPPCLINET1|TimerManeger.cpp|00107|30-10-2016 10:17:55:506|~DG~]No Timer Event Are Registed With TimerManeger
[SMPPCLINET1|TimerManeger.cpp|00107|30-10-2016 10:17:56:508|~DG~]No Timer Event Are Registed With TimerManeger
[SMPPCLINET1|TimerManeger.cpp|00107|30-10-2016 10:17:57:510|~DG~]No Timer Event Are Registed With TimerManeger
[SMPPCLINET1|TimerManeger.cpp|00107|30-10-2016 10:17:58:512|~DG~]No Timer Event Are Registed With TimerManeger
[SMPPCLINET1|TimerManeger.cpp|00107|30-10-2016 10:17:59:513|~DG~]No Timer Event Are Registed With TimerManeger
[SMPPCLINET1|TimerManeger.cpp|00107|30-10-2016 10:18:00:515|~DG~]No Timer Event Are Registed With TimerManeger
[SMPPCLINET1|TimerManeger.cpp|00107|30-10-2016 10:18:01:517|~DG~]No Timer Event Are Registed With TimerManeger
[SMPPCLINET1|TimerManeger.cpp|00107|30-10-2016 10:18:02:521|~DG~]No Timer Event Are Registed With TimerManeger
[SMPPCLINET1|TimerManeger.cpp|00107|30-10-2016 10:18:03:523|~DG~]No Timer Event Are Registed With TimerManeger
[SMPPCLINET1|TimerManeger.cpp|00107|30-10-2016 10:18:04:526|~DG~]No Timer Event Are Registed With TimerManeger
[SMPPCLINET1|TimerManeger.cpp|00107|30-10-2016 10:18:05:528|~DG~]No Timer Event Are Registed With TimerManeger
[SMPPCLINET1|TimerManeger.cpp|00107|30-10-2016 10:18:06:529|~DG~]No Timer Event Are Registed With TimerManeger
[SMPPCLINET1|TimerManeger.cpp|00107|30-10-2016 10:18:07:531|~DG~]No Timer Event Are Registed With TimerManeger
[SMPPCLINET1|TimerManeger.cpp|00107|30-10-2016 10:18:08:536|~DG~]No Timer Event Are Registed With TimerManeger
[SMPPCLINET1|TimerManeger.cpp|00107|30-10-2016 10:18:09:537|~DG~]No Timer Event Are Registed With TimerManeger
[SMPPCLINET1|TimerManeger.cpp|00107|30-10-2016 10:18:10:540|~DG~]No Timer Event Are Registed With TimerManeger
[SMPPCLINET1|TimerManeger.cpp|00107|30-10-2016 10:18:11:542|~DG~]No Timer Event Are Registed With TimerManeger
[SMPPCLINET1|TimerManeger.cpp|00107|30-10-2016 10:18:12:543|~DG~]No Timer Event Are Registed With TimerManeger
[SMPPCLINET1|TimerManeger.cpp|00107|30-10-2016 10:18:13:545|~DG~]No Timer Event Are Registed With TimerManeger
[SMPPCLINET1|TimerManeger.cpp|00107|30-10-2016 10:18:14:547|~DG~]No Timer Event Are Registed With TimerManeger
140000008300000000000000ffffffffffffffff
[SMPPCLINET1|EsmeConnection.cpp|00056|30-10-2016 10:18:15:462|~IN~]Receiveing the data from SMPP[20]:cmdLength:20,cmdId:132,cmdStatus:0,senderCB:-1,receiverCB:-1:Error Not Configured
140000008400000000000000ffffffffffffffff
[SMPPCLINET1|TimerManeger.cpp|00107|30-10-2016 10:18:15:549|~DG~]No Timer Event Are Registed With TimerManeger
[SMPPCLINET1|EsmeConnection.cpp|00307|30-10-2016 10:18:15:594|~VB~]Ussd Shake Resp:[cmdLength:20,cmdId:132,cmdStatus:0,senderCB:-1,receiverCB:-1]
[SMPPCLINET1|TimerManeger.cpp|00107|30-10-2016 10:18:16:551|~DG~]No Timer Event Are Registed With TimerManeger
[SMPPCLINET1|TimerManeger.cpp|00107|30-10-2016 10:18:17:553|~DG~]No Timer Event Are Registed With TimerManeger
[SMPPCLINET1|TimerManeger.cpp|00107|30-10-2016 10:18:18:555|~DG~]No Timer Event Are Registed With TimerManeger
[SMPPCLINET1|TimerManeger.cpp|00107|30-10-2016 10:18:19:557|~DG~]No Timer Event Are Registed With TimerManeger
[SMPPCLINET1|TimerManeger.cpp|00107|30-10-2016 10:18:20:558|~DG~]No Timer Event Are Registed With TimerManeger
[SMPPCLINET1|TimerManeger.cpp|00107|30-10-2016 10:18:21:560|~DG~]No Timer Event Are Registed With TimerManeger
[SMPPCLINET1|TimerManeger.cpp|00107|30-10-2016 10:18:22:561|~DG~]No Timer Event Are Registed With TimerManeger
[SMPPCLINET1|TimerManeger.cpp|00107|30-10-2016 10:18:23:563|~DG~]No Timer Event Are Registed With TimerManeger
[SMPPCLINET1|TimerManeger.cpp|00107|30-10-2016 10:18:24:565|~DG~]No Timer Event Are Registed With TimerManeger
[SMPPCLINET1|TimerManeger.cpp|00107|30-10-2016 10:18:25:568|~DG~]No Timer Event Are Registed With TimerManeger
[SMPPCLINET1|TimerManeger.cpp|00107|30-10-2016 10:18:26:569|~DG~]No Timer Event Are Registed With TimerManeger
[SMPPCLINET1|TimerManeger.cpp|00107|30-10-2016 10:18:27:571|~DG~]No Timer Event Are Registed With TimerManeger
[SMPPCLINET1|TimerManeger.cpp|00107|30-10-2016 10:18:28:573|~DG~]No Timer Event Are Registed With TimerManeger
[SMPPCLINET1|TimerManeger.cpp|00107|30-10-2016 10:18:29:574|~DG~]No Timer Event Are Registed With TimerManeger
[SMPPCLINET1|TimerManeger.cpp|00107|30-10-2016 10:18:30:577|~DG~]No Timer Event Are Registed With TimerManeger
[SMPPCLINET1|TimerManeger.cpp|00107|30-10-2016 10:18:31:578|~DG~]No Timer Event Are Registed With TimerManeger
[SMPPCLINET1|TimerManeger.cpp|00107|30-10-2016 10:18:32:581|~DG~]No Timer Event Are Registed With TimerManeger
[SMPPCLINET1|TimerManeger.cpp|00107|30-10-2016 10:18:33:591|~DG~]No Timer Event Are Registed With TimerManeger
[SMPPCLINET1|TimerManeger.cpp|00107|30-10-2016 10:18:34:602|~DG~]No Timer Event Are Registed With TimerManeger
[SMPPCLINET1|TimerManeger.cpp|00107|30-10-2016 10:18:35:604|~DG~]No Timer Event Are Registed With TimerManeger
[SMPPCLINET1|TimerManeger.cpp|00107|30-10-2016 10:18:36:605|~DG~]No Timer Event Are Registed With TimerManeger
[SMPPCLINET1|TimerManeger.cpp|00107|30-10-2016 10:18:37:608|~DG~]No Timer Event Are Registed With TimerManeger
[SMPPCLINET1|TimerManeger.cpp|00107|30-10-2016 10:18:38:611|~DG~]No Timer Event Are Registed With TimerManeger
[SMPPCLINET1|TimerManeger.cpp|00107|30-10-2016 10:18:39:613|~DG~]No Timer Event Are Registed With TimerManeger
[SMPPCLINET1|TimerManeger.cpp|00107|30-10-2016 10:18:40:614|~DG~]No Timer Event Are Registed With TimerManeger
[SMPPCLINET1|TimerManeger.cpp|00107|30-10-2016 10:18:41:616|~DG~]No Timer Event Are Registed With TimerManeger
[SMPPCLINET1|TimerManeger.cpp|00107|30-10-2016 10:18:42:618|~DG~]No Timer Event Are Registed With TimerManeger
[SMPPCLINET1|TimerManeger.cpp|00107|30-10-2016 10:18:43:619|~DG~]No Timer Event Are Registed With TimerManeger
[SMPPCLINET1|TimerManeger.cpp|00107|30-10-2016 10:18:44:621|~DG~]No Timer Event Are Registed With TimerManeger
[SMPPCLINET1|TimerManeger.cpp|00107|30-10-2016 10:18:45:623|~DG~]No Timer Event Are Registed With TimerManeger
140000008300000000000000ffffffffffffffff
[SMPPCLINET1|EsmeConnection.cpp|00056|30-10-2016 10:18:46:523|~IN~]Receiveing the data from SMPP[20]:cmdLength:20,cmdId:132,cmdStatus:0,senderCB:-1,receiverCB:-1:Error Not Configured
140000008400000000000000ffffffffffffffff
[SMPPCLINET1|TimerManeger.cpp|00107|30-10-2016 10:18:46:625|~DG~]No Timer Event Are Registed With TimerManeger
[SMPPCLINET1|EsmeConnection.cpp|00307|30-10-2016 10:18:46:670|~VB~]Ussd Shake Resp:[cmdLength:20,cmdId:132,cmdStatus:0,senderCB:-1,receiverCB:-1]
[SMPPCLINET1|TimerManeger.cpp|00107|30-10-2016 10:18:47:627|~DG~]No Timer Event Are Registed With TimerManeger
[SMPPCLINET1|TimerManeger.cpp|00107|30-10-2016 10:18:48:629|~DG~]No Timer Event Are Registed With TimerManeger
[SMPPCLINET1|TimerManeger.cpp|00107|30-10-2016 10:18:49:631|~DG~]No Timer Event Are Registed With TimerManeger
[SMPPCLINET1|TimerManeger.cpp|00107|30-10-2016 10:18:50:633|~DG~]No Timer Event Are Registed With TimerManeger
[SMPPCLINET1|TimerManeger.cpp|00107|30-10-2016 10:18:51:634|~DG~]No Timer Event Are Registed With TimerManeger
[SMPPCLINET1|TimerManeger.cpp|00107|30-10-2016 10:18:52:637|~DG~]No Timer Event Are Registed With TimerManeger
[SMPPCLINET1|TimerManeger.cpp|00107|30-10-2016 10:18:53:638|~DG~]No Timer Event Are Registed With TimerManeger
[SMPPCLINET1|TimerManeger.cpp|00107|30-10-2016 10:18:54:640|~DG~]No Timer Event Are Registed With TimerManeger
[SMPPCLINET1|TimerManeger.cpp|00107|30-10-2016 10:18:55:642|~DG~]No Timer Event Are Registed With TimerManeger
[SMPPCLINET1|TimerManeger.cpp|00107|30-10-2016 10:18:56:644|~DG~]No Timer Event Are Registed With TimerManeger
[SMPPCLINET1|TimerManeger.cpp|00107|30-10-2016 10:18:57:646|~DG~]No Timer Event Are Registed With TimerManeger
[SMPPCLINET1|TimerManeger.cpp|00107|30-10-2016 10:18:58:647|~DG~]No Timer Event Are Registed With TimerManeger
[SMPPCLINET1|TimerManeger.cpp|00107|30-10-2016 10:18:59:650|~DG~]No Timer Event Are Registed With TimerManeger
[SMPPCLINET1|TimerManeger.cpp|00107|30-10-2016 10:19:00:652|~DG~]No Timer Event Are Registed With TimerManeger
[SMPPCLINET1|TimerManeger.cpp|00107|30-10-2016 10:19:01:654|~DG~]No Timer Event Are Registed With TimerManeger
[SMPPCLINET1|TimerManeger.cpp|00107|30-10-2016 10:19:02:657|~DG~]No Timer Event Are Registed With TimerManeger
[SMPPCLINET1|TimerManeger.cpp|00107|30-10-2016 10:19:03:659|~DG~]No Timer Event Are Registed With TimerManeger
[SMPPCLINET1|TimerManeger.cpp|00107|30-10-2016 10:19:04:661|~DG~]No Timer Event Are Registed With TimerManeger
[SMPPCLINET1|TimerManeger.cpp|00107|30-10-2016 10:19:05:662|~DG~]No Timer Event Are Registed With TimerManeger
[SMPPCLINET1|TimerManeger.cpp|00107|30-10-2016 10:19:06:664|~DG~]No Timer Event Are Registed With TimerManeger
[SMPPCLINET1|TimerManeger.cpp|00107|30-10-2016 10:19:07:666|~DG~]No Timer Event Are Registed With TimerManeger
[SMPPCLINET1|TimerManeger.cpp|00107|30-10-2016 10:19:08:667|~DG~]No Timer Event Are Registed With TimerManeger
[SMPPCLINET1|TimerManeger.cpp|00107|30-10-2016 10:19:09:670|~DG~]No Timer Event Are Registed With TimerManeger
[SMPPCLINET1|TimerManeger.cpp|00107|30-10-2016 10:19:10:672|~DG~]No Timer Event Are Registed With TimerManeger
[SMPPCLINET1|TimerManeger.cpp|00107|30-10-2016 10:19:11:675|~DG~]No Timer Event Are Registed With TimerManeger
[SMPPCLINET1|TimerManeger.cpp|00107|30-10-2016 10:19:12:676|~DG~]No Timer Event Are Registed With TimerManeger
[SMPPCLINET1|TimerManeger.cpp|00107|30-10-2016 10:19:13:680|~DG~]No Timer Event Are Registed With TimerManeger
[SMPPCLINET1|TimerManeger.cpp|00107|30-10-2016 10:19:14:682|~DG~]No Timer Event Are Registed With TimerManeger
[SMPPCLINET1|TimerManeger.cpp|00107|30-10-2016 10:19:15:684|~DG~]No Timer Event Are Registed With TimerManeger
[SMPPCLINET1|TimerManeger.cpp|00107|30-10-2016 10:19:16:686|~DG~]No Timer Event Are Registed With TimerManeger
140000008300000000000000ffffffffffffffff
