[SMPPCLINET1|TimerManeger.cpp|00107|05-11-2016 12:16:42:985|~DG~]No Timer Event Are Registed With TimerManeger
[SMPPCLINET1|TimerManeger.cpp|00107|05-11-2016 12:16:43:987|~DG~]No Timer Event Are Registed With TimerManeger
[SMPPCLINET1|TimerManeger.cpp|00107|05-11-2016 12:16:44:990|~DG~]No Timer Event Are Registed With TimerManeger
[SMPPCLINET1|TimerManeger.cpp|00107|05-11-2016 12:16:45:991|~DG~]No Timer Event Are Registed With TimerManeger
[SMPPCLINET1|TimerManeger.cpp|00107|05-11-2016 12:16:46:992|~DG~]No Timer Event Are Registed With TimerManeger
[SMPPCLINET1|TimerManeger.cpp|00107|05-11-2016 12:16:47:994|~DG~]No Timer Event Are Registed With TimerManeger
[SMPPCLINET1|TimerManeger.cpp|00107|05-11-2016 12:16:48:996|~DG~]No Timer Event Are Registed With TimerManeger
[SMPPCLINET1|TimerManeger.cpp|00107|05-11-2016 12:16:49:998|~DG~]No Timer Event Are Registed With TimerManeger
[SMPPCLINET1|TimerManeger.cpp|00107|05-11-2016 12:16:51:001|~DG~]No Timer Event Are Registed With TimerManeger
[SMPPCLINET1|TimerManeger.cpp|00107|05-11-2016 12:16:52:002|~DG~]No Timer Event Are Registed With TimerManeger
[SMPPCLINET1|TimerManeger.cpp|00107|05-11-2016 12:16:53:004|~DG~]No Timer Event Are Registed With TimerManeger
[SMPPCLINET1|TimerManeger.cpp|00107|05-11-2016 12:16:54:006|~DG~]No Timer Event Are Registed With TimerManeger
[SMPPCLINET1|TimerManeger.cpp|00107|05-11-2016 12:16:55:007|~DG~]No Timer Event Are Registed With TimerManeger
[SMPPCLINET1|TimerManeger.cpp|00107|05-11-2016 12:16:56:009|~DG~]No Timer Event Are Registed With TimerManeger
[SMPPCLINET1|TimerManeger.cpp|00107|05-11-2016 12:16:57:011|~DG~]No Timer Event Are Registed With TimerManeger
[SMPPCLINET1|TimerManeger.cpp|00107|05-11-2016 12:16:58:014|~DG~]No Timer Event Are Registed With TimerManeger
140000008300000000000000ffffffffffffffff
[SMPPCLINET1|EsmeConnection.cpp|00056|05-11-2016 12:16:58:871|~IN~]Receiveing the data from SMPP[20]:cmdLength:20,cmdId:132,cmdStatus:0,senderCB:-1,receiverCB:-1:Error Not Configured
140000008400000000000000ffffffffffffffff
[SMPPCLINET1|EsmeConnection.cpp|00307|05-11-2016 12:16:58:978|~VB~]Ussd Shake Resp:[cmdLength:20,cmdId:132,cmdStatus:0,senderCB:-1,receiverCB:-1]
[SMPPCLINET1|TimerManeger.cpp|00107|05-11-2016 12:16:59:015|~DG~]No Timer Event Are Registed With TimerManeger
[SMPPCLINET1|TimerManeger.cpp|00107|05-11-2016 12:17:00:017|~DG~]No Timer Event Are Registed With TimerManeger
[SMPPCLINET1|TimerManeger.cpp|00107|05-11-2016 12:17:01:019|~DG~]No Timer Event Are Registed With TimerManeger
[SMPPCLINET1|TimerManeger.cpp|00107|05-11-2016 12:17:02:020|~DG~]No Timer Event Are Registed With TimerManeger
[SMPPCLINET1|TimerManeger.cpp|00107|05-11-2016 12:17:03:022|~DG~]No Timer Event Are Registed With TimerManeger
[SMPPCLINET1|TimerManeger.cpp|00107|05-11-2016 12:17:04:024|~DG~]No Timer Event Are Registed With TimerManeger
[SMPPCLINET1|TimerManeger.cpp|00107|05-11-2016 12:17:05:027|~DG~]No Timer Event Are Registed With TimerManeger
[SMPPCLINET1|TimerManeger.cpp|00107|05-11-2016 12:17:06:029|~DG~]No Timer Event Are Registed With TimerManeger
[SMPPCLINET1|TimerManeger.cpp|00107|05-11-2016 12:17:07:031|~DG~]No Timer Event Are Registed With TimerManeger
[SMPPCLINET1|TimerManeger.cpp|00107|05-11-2016 12:17:08:033|~DG~]No Timer Event Are Registed With TimerManeger
[SMPPCLINET1|TimerManeger.cpp|00107|05-11-2016 12:17:09:034|~DG~]No Timer Event Are Registed With TimerManeger
[SMPPCLINET1|TimerManeger.cpp|00107|05-11-2016 12:17:10:036|~DG~]No Timer Event Are Registed With TimerManeger
[SMPPCLINET1|TimerManeger.cpp|00107|05-11-2016 12:17:11:038|~DG~]No Timer Event Are Registed With TimerManeger
[SMPPCLINET1|TimerManeger.cpp|00107|05-11-2016 12:17:12:040|~DG~]No Timer Event Are Registed With TimerManeger
[SMPPCLINET1|TimerManeger.cpp|00107|05-11-2016 12:17:13:042|~DG~]No Timer Event Are Registed With TimerManeger
[SMPPCLINET1|TimerManeger.cpp|00107|05-11-2016 12:17:14:044|~DG~]No Timer Event Are Registed With TimerManeger
[SMPPCLINET1|TimerManeger.cpp|00107|05-11-2016 12:17:15:046|~DG~]No Timer Event Are Registed With TimerManeger
[SMPPCLINET1|TimerManeger.cpp|00107|05-11-2016 12:17:16:047|~DG~]No Timer Event Are Registed With TimerManeger
[SMPPCLINET1|TimerManeger.cpp|00107|05-11-2016 12:17:17:050|~DG~]No Timer Event Are Registed With TimerManeger
[SMPPCLINET1|TimerManeger.cpp|00107|05-11-2016 12:17:18:052|~DG~]No Timer Event Are Registed With TimerManeger
[SMPPCLINET1|TimerManeger.cpp|00107|05-11-2016 12:17:19:053|~DG~]No Timer Event Are Registed With TimerManeger
[SMPPCLINET1|TimerManeger.cpp|00107|05-11-2016 12:17:20:056|~DG~]No Timer Event Are Registed With TimerManeger
[SMPPCLINET1|TimerManeger.cpp|00107|05-11-2016 12:17:21:057|~DG~]No Timer Event Are Registed With TimerManeger
[SMPPCLINET1|TimerManeger.cpp|00107|05-11-2016 12:17:22:060|~DG~]No Timer Event Are Registed With TimerManeger
[SMPPCLINET1|TimerManeger.cpp|00107|05-11-2016 12:17:23:061|~DG~]No Timer Event Are Registed With TimerManeger
[SMPPCLINET1|TimerManeger.cpp|00107|05-11-2016 12:17:24:063|~DG~]No Timer Event Are Registed With TimerManeger
[SMPPCLINET1|TimerManeger.cpp|00107|05-11-2016 12:17:25:065|~DG~]No Timer Event Are Registed With TimerManeger
[SMPPCLINET1|TimerManeger.cpp|00107|05-11-2016 12:17:26:066|~DG~]No Timer Event Are Registed With TimerManeger
[SMPPCLINET1|TimerManeger.cpp|00107|05-11-2016 12:17:27:069|~DG~]No Timer Event Are Registed With TimerManeger
[SMPPCLINET1|TimerManeger.cpp|00107|05-11-2016 12:17:28:070|~DG~]No Timer Event Are Registed With TimerManeger
[SMPPCLINET1|TimerManeger.cpp|00107|05-11-2016 12:17:29:073|~DG~]No Timer Event Are Registed With TimerManeger
140000008300000000000000ffffffffffffffff
[SMPPCLINET1|EsmeConnection.cpp|00056|05-11-2016 12:17:29:936|~IN~]Receiveing the data from SMPP[20]:cmdLength:20,cmdId:132,cmdStatus:0,senderCB:-1,receiverCB:-1:Error Not Configured
140000008400000000000000ffffffffffffffff
[SMPPCLINET1|EsmeConnection.cpp|00307|05-11-2016 12:17:30:036|~VB~]Ussd Shake Resp:[cmdLength:20,cmdId:132,cmdStatus:0,senderCB:-1,receiverCB:-1]
[SMPPCLINET1|TimerManeger.cpp|00107|05-11-2016 12:17:30:074|~DG~]No Timer Event Are Registed With TimerManeger
[SMPPCLINET1|TimerManeger.cpp|00107|05-11-2016 12:17:31:076|~DG~]No Timer Event Are Registed With TimerManeger
[SMPPCLINET1|TimerManeger.cpp|00107|05-11-2016 12:17:32:078|~DG~]No Timer Event Are Registed With TimerManeger
[SMPPCLINET1|TimerManeger.cpp|00107|05-11-2016 12:17:33:080|~DG~]No Timer Event Are Registed With TimerManeger
[SMPPCLINET1|TimerManeger.cpp|00107|05-11-2016 12:17:34:082|~DG~]No Timer Event Are Registed With TimerManeger
[SMPPCLINET1|TimerManeger.cpp|00107|05-11-2016 12:17:35:084|~DG~]No Timer Event Are Registed With TimerManeger
[SMPPCLINET1|TimerManeger.cpp|00107|05-11-2016 12:17:36:087|~DG~]No Timer Event Are Registed With TimerManeger
[SMPPCLINET1|TimerManeger.cpp|00107|05-11-2016 12:17:37:088|~DG~]No Timer Event Are Registed With TimerManeger
[SMPPCLINET1|TimerManeger.cpp|00107|05-11-2016 12:17:38:090|~DG~]No Timer Event Are Registed With TimerManeger
[SMPPCLINET1|TimerManeger.cpp|00107|05-11-2016 12:17:39:092|~DG~]No Timer Event Are Registed With TimerManeger
[SMPPCLINET1|TimerManeger.cpp|00107|05-11-2016 12:17:40:093|~DG~]No Timer Event Are Registed With TimerManeger
[SMPPCLINET1|TimerManeger.cpp|00107|05-11-2016 12:17:41:095|~DG~]No Timer Event Are Registed With TimerManeger
[SMPPCLINET1|TimerManeger.cpp|00107|05-11-2016 12:17:42:097|~DG~]No Timer Event Are Registed With TimerManeger
[SMPPCLINET1|TimerManeger.cpp|00107|05-11-2016 12:17:43:100|~DG~]No Timer Event Are Registed With TimerManeger
[SMPPCLINET1|TimerManeger.cpp|00107|05-11-2016 12:17:44:101|~DG~]No Timer Event Are Registed With TimerManeger
[SMPPCLINET1|TimerManeger.cpp|00107|05-11-2016 12:17:45:103|~DG~]No Timer Event Are Registed With TimerManeger
[SMPPCLINET1|TimerManeger.cpp|00107|05-11-2016 12:17:46:105|~DG~]No Timer Event Are Registed With TimerManeger
[SMPPCLINET1|TimerManeger.cpp|00107|05-11-2016 12:17:47:106|~DG~]No Timer Event Are Registed With TimerManeger
[SMPPCLINET1|TimerManeger.cpp|00107|05-11-2016 12:17:48:108|~DG~]No Timer Event Are Registed With TimerManeger
[SMPPCLINET1|TimerManeger.cpp|00107|05-11-2016 12:17:49:111|~DG~]No Timer Event Are Registed With TimerManeger
[SMPPCLINET1|TimerManeger.cpp|00107|05-11-2016 12:17:50:112|~DG~]No Timer Event Are Registed With TimerManeger
[SMPPCLINET1|TimerManeger.cpp|00107|05-11-2016 12:17:51:114|~DG~]No Timer Event Are Registed With TimerManeger
[SMPPCLINET1|TimerManeger.cpp|00107|05-11-2016 12:17:52:116|~DG~]No Timer Event Are Registed With TimerManeger
[SMPPCLINET1|TimerManeger.cpp|00107|05-11-2016 12:17:53:117|~DG~]No Timer Event Are Registed With TimerManeger
[SMPPCLINET1|TimerManeger.cpp|00107|05-11-2016 12:17:54:120|~DG~]No Timer Event Are Registed With TimerManeger
[SMPPCLINET1|TimerManeger.cpp|00107|05-11-2016 12:17:55:121|~DG~]No Timer Event Are Registed With TimerManeger
[SMPPCLINET1|TimerManeger.cpp|00107|05-11-2016 12:17:56:124|~DG~]No Timer Event Are Registed With TimerManeger
[SMPPCLINET1|TimerManeger.cpp|00107|05-11-2016 12:17:57:125|~DG~]No Timer Event Are Registed With TimerManeger
[SMPPCLINET1|TimerManeger.cpp|00107|05-11-2016 12:17:58:127|~DG~]No Timer Event Are Registed With TimerManeger
[SMPPCLINET1|TimerManeger.cpp|00107|05-11-2016 12:17:59:129|~DG~]No Timer Event Are Registed With TimerManeger
[SMPPCLINET1|TimerManeger.cpp|00107|05-11-2016 12:18:00:130|~DG~]No Timer Event Are Registed With TimerManeger
140000008300000000000000ffffffffffffffff
[SMPPCLINET1|EsmeConnection.cpp|00056|05-11-2016 12:18:00:995|~IN~]Receiveing the data from SMPP[20]:cmdLength:20,cmdId:132,cmdStatus:0,senderCB:-1,receiverCB:-1:Error Not Configured
140000008400000000000000ffffffffffffffff
[SMPPCLINET1|EsmeConnection.cpp|00307|05-11-2016 12:18:01:094|~VB~]Ussd Shake Resp:[cmdLength:20,cmdId:132,cmdStatus:0,senderCB:-1,receiverCB:-1]
[SMPPCLINET1|TimerManeger.cpp|00107|05-11-2016 12:18:01:133|~DG~]No Timer Event Are Registed With TimerManeger
[SMPPCLINET1|TimerManeger.cpp|00107|05-11-2016 12:18:02:134|~DG~]No Timer Event Are Registed With TimerManeger
[SMPPCLINET1|TimerManeger.cpp|00107|05-11-2016 12:18:03:137|~DG~]No Timer Event Are Registed With TimerManeger
[SMPPCLINET1|TimerManeger.cpp|00107|05-11-2016 12:18:04:139|~DG~]No Timer Event Are Registed With TimerManeger
[SMPPCLINET1|TimerManeger.cpp|00107|05-11-2016 12:18:05:141|~DG~]No Timer Event Are Registed With TimerManeger
[SMPPCLINET1|TimerManeger.cpp|00107|05-11-2016 12:18:06:143|~DG~]No Timer Event Are Registed With TimerManeger
[SMPPCLINET1|TimerManeger.cpp|00107|05-11-2016 12:18:07:144|~DG~]No Timer Event Are Registed With TimerManeger
[SMPPCLINET1|TimerManeger.cpp|00107|05-11-2016 12:18:08:146|~DG~]No Timer Event Are Registed With TimerManeger
[SMPPCLINET1|TimerManeger.cpp|00107|05-11-2016 12:18:09:148|~DG~]No Timer Event Are Registed With TimerManeger
[SMPPCLINET1|TimerManeger.cpp|00107|05-11-2016 12:18:10:150|~DG~]No Timer Event Are Registed With TimerManeger
[SMPPCLINET1|TimerManeger.cpp|00107|05-11-2016 12:18:11:152|~DG~]No Timer Event Are Registed With TimerManeger
[SMPPCLINET1|TimerManeger.cpp|00107|05-11-2016 12:18:12:154|~DG~]No Timer Event Are Registed With TimerManeger
[SMPPCLINET1|TimerManeger.cpp|00107|05-11-2016 12:18:13:157|~DG~]No Timer Event Are Registed With TimerManeger
[SMPPCLINET1|TimerManeger.cpp|00107|05-11-2016 12:18:14:158|~DG~]No Timer Event Are Registed With TimerManeger
[SMPPCLINET1|TimerManeger.cpp|00107|05-11-2016 12:18:15:161|~DG~]No Timer Event Are Registed With TimerManeger
[SMPPCLINET1|TimerManeger.cpp|00107|05-11-2016 12:18:16:163|~DG~]No Timer Event Are Registed With TimerManeger
[SMPPCLINET1|TimerManeger.cpp|00107|05-11-2016 12:18:17:165|~DG~]No Timer Event Are Registed With TimerManeger
[SMPPCLINET1|TimerManeger.cpp|00107|05-11-2016 12:18:18:167|~DG~]No Timer Event Are Registed With TimerManeger
[SMPPCLINET1|TimerManeger.cpp|00107|05-11-2016 12:18:19:168|~DG~]No Timer Event Are Registed With TimerManeger
[SMPPCLINET1|TimerManeger.cpp|00107|05-11-2016 12:18:20:171|~DG~]No Timer Event Are Registed With TimerManeger
[SMPPCLINET1|TimerManeger.cpp|00107|05-11-2016 12:18:21:172|~DG~]No Timer Event Are Registed With TimerManeger
[SMPPCLINET1|TimerManeger.cpp|00107|05-11-2016 12:18:22:174|~DG~]No Timer Event Are Registed With TimerManeger
[SMPPCLINET1|TimerManeger.cpp|00107|05-11-2016 12:18:23:176|~DG~]No Timer Event Are Registed With TimerManeger
[SMPPCLINET1|TimerManeger.cpp|00107|05-11-2016 12:18:24:178|~DG~]No Timer Event Are Registed With TimerManeger
[SMPPCLINET1|TimerManeger.cpp|00107|05-11-2016 12:18:25:180|~DG~]No Timer Event Are Registed With TimerManeger
[SMPPCLINET1|TimerManeger.cpp|00107|05-11-2016 12:18:26:181|~DG~]No Timer Event Are Registed With TimerManeger
[SMPPCLINET1|TimerManeger.cpp|00107|05-11-2016 12:18:27:184|~DG~]No Timer Event Are Registed With TimerManeger
[SMPPCLINET1|TimerManeger.cpp|00107|05-11-2016 12:18:28:185|~DG~]No Timer Event Are Registed With TimerManeger
[SMPPCLINET1|TimerManeger.cpp|00107|05-11-2016 12:18:29:188|~DG~]No Timer Event Are Registed With TimerManeger
[SMPPCLINET1|TimerManeger.cpp|00107|05-11-2016 12:18:30:190|~DG~]No Timer Event Are Registed With TimerManeger
[SMPPCLINET1|TimerManeger.cpp|00107|05-11-2016 12:18:31:192|~DG~]No Timer Event Are Registed With TimerManeger
140000008300000000000000ffffffffffffffff
[SMPPCLINET1|EsmeConnection.cpp|00056|05-11-2016 12:18:32:056|~IN~]Receiveing the data from SMPP[20]:cmdLength:20,cmdId:132,cmdStatus:0,senderCB:-1,receiverCB:-1:Error Not Configured
140000008400000000000000ffffffffffffffff
[SMPPCLINET1|EsmeConnection.cpp|00307|05-11-2016 12:18:32:153|~VB~]Ussd Shake Resp:[cmdLength:20,cmdId:132,cmdStatus:0,senderCB:-1,receiverCB:-1]
[SMPPCLINET1|TimerManeger.cpp|00107|05-11-2016 12:18:32:194|~DG~]No Timer Event Are Registed With TimerManeger
[SMPPCLINET1|TimerManeger.cpp|00107|05-11-2016 12:18:33:197|~DG~]No Timer Event Are Registed With TimerManeger
[SMPPCLINET1|TimerManeger.cpp|00107|05-11-2016 12:18:34:199|~DG~]No Timer Event Are Registed With TimerManeger
[SMPPCLINET1|TimerManeger.cpp|00107|05-11-2016 12:18:35:200|~DG~]No Timer Event Are Registed With TimerManeger
[SMPPCLINET1|TimerManeger.cpp|00107|05-11-2016 12:18:36:202|~DG~]No Timer Event Are Registed With TimerManeger
[SMPPCLINET1|TimerManeger.cpp|00107|05-11-2016 12:18:37:204|~DG~]No Timer Event Are Registed With TimerManeger
[SMPPCLINET1|TimerManeger.cpp|00107|05-11-2016 12:18:38:206|~DG~]No Timer Event Are Registed With TimerManeger
[SMPPCLINET1|TimerManeger.cpp|00107|05-11-2016 12:18:39:208|~DG~]No Timer Event Are Registed With TimerManeger
[SMPPCLINET1|TimerManeger.cpp|00107|05-11-2016 12:18:40:211|~DG~]No Timer Event Are Registed With TimerManeger
[SMPPCLINET1|TimerManeger.cpp|00107|05-11-2016 12:18:41:213|~DG~]No Timer Event Are Registed With TimerManeger
[SMPPCLINET1|TimerManeger.cpp|00107|05-11-2016 12:18:42:214|~DG~]No Timer Event Are Registed With TimerManeger
[SMPPCLINET1|TimerManeger.cpp|00107|05-11-2016 12:18:43:216|~DG~]No Timer Event Are Registed With TimerManeger
[SMPPCLINET1|TimerManeger.cpp|00107|05-11-2016 12:18:44:218|~DG~]No Timer Event Are Registed With TimerManeger
[SMPPCLINET1|TimerManeger.cpp|00107|05-11-2016 12:18:45:220|~DG~]No Timer Event Are Registed With TimerManeger
[SMPPCLINET1|TimerManeger.cpp|00107|05-11-2016 12:18:46:221|~DG~]No Timer Event Are Registed With TimerManeger
[SMPPCLINET1|TimerManeger.cpp|00107|05-11-2016 12:18:47:224|~DG~]No Timer Event Are Registed With TimerManeger
[SMPPCLINET1|TimerManeger.cpp|00107|05-11-2016 12:18:48:225|~DG~]No Timer Event Are Registed With TimerManeger
[SMPPCLINET1|TimerManeger.cpp|00107|05-11-2016 12:18:49:227|~DG~]No Timer Event Are Registed With TimerManeger
[SMPPCLINET1|TimerManeger.cpp|00107|05-11-2016 12:18:50:229|~DG~]No Timer Event Are Registed With TimerManeger
[SMPPCLINET1|TimerManeger.cpp|00107|05-11-2016 12:18:51:231|~DG~]No Timer Event Are Registed With TimerManeger
[SMPPCLINET1|TimerManeger.cpp|00107|05-11-2016 12:18:52:233|~DG~]No Timer Event Are Registed With TimerManeger
[SMPPCLINET1|TimerManeger.cpp|00107|05-11-2016 12:18:53:234|~DG~]No Timer Event Are Registed With TimerManeger
[SMPPCLINET1|TimerManeger.cpp|00107|05-11-2016 12:18:54:237|~DG~]No Timer Event Are Registed With TimerManeger
[SMPPCLINET1|TimerManeger.cpp|00107|05-11-2016 12:18:55:238|~DG~]No Timer Event Are Registed With TimerManeger
[SMPPCLINET1|TimerManeger.cpp|00107|05-11-2016 12:18:56:240|~DG~]No Timer Event Are Registed With TimerManeger
[SMPPCLINET1|TimerManeger.cpp|00107|05-11-2016 12:18:57:242|~DG~]No Timer Event Are Registed With TimerManeger
[SMPPCLINET1|TimerManeger.cpp|00107|05-11-2016 12:18:58:244|~DG~]No Timer Event Are Registed With TimerManeger
[SMPPCLINET1|TimerManeger.cpp|00107|05-11-2016 12:18:59:246|~DG~]No Timer Event Are Registed With TimerManeger
[SMPPCLINET1|TimerManeger.cpp|00107|05-11-2016 12:19:00:247|~DG~]No Timer Event Are Registed With TimerManeger
[SMPPCLINET1|TimerManeger.cpp|00107|05-11-2016 12:19:01:250|~DG~]No Timer Event Are Registed With TimerManeger
[SMPPCLINET1|TimerManeger.cpp|00107|05-11-2016 12:19:02:252|~DG~]No Timer Event Are Registed With TimerManeger
140000008300000000000000ffffffffffffffff
[SMPPCLINET1|EsmeConnection.cpp|00056|05-11-2016 12:19:03:114|~IN~]Receiveing the data from SMPP[20]:cmdLength:20,cmdId:132,cmdStatus:0,senderCB:-1,receiverCB:-1:Error Not Configured
140000008400000000000000ffffffffffffffff
[SMPPCLINET1|EsmeConnection.cpp|00307|05-11-2016 12:19:03:210|~VB~]Ussd Shake Resp:[cmdLength:20,cmdId:132,cmdStatus:0,senderCB:-1,receiverCB:-1]
[SMPPCLINET1|TimerManeger.cpp|00107|05-11-2016 12:19:03:254|~DG~]No Timer Event Are Registed With TimerManeger
[SMPPCLINET1|TimerManeger.cpp|00107|05-11-2016 12:19:04:256|~DG~]No Timer Event Are Registed With TimerManeger
[SMPPCLINET1|TimerManeger.cpp|00107|05-11-2016 12:19:05:258|~DG~]No Timer Event Are Registed With TimerManeger
[SMPPCLINET1|TimerManeger.cpp|00107|05-11-2016 12:19:06:260|~DG~]No Timer Event Are Registed With TimerManeger
[SMPPCLINET1|TimerManeger.cpp|00107|05-11-2016 12:19:07:261|~DG~]No Timer Event Are Registed With TimerManeger
[SMPPCLINET1|TimerManeger.cpp|00107|05-11-2016 12:19:08:264|~DG~]No Timer Event Are Registed With TimerManeger
[SMPPCLINET1|TimerManeger.cpp|00107|05-11-2016 12:19:09:266|~DG~]No Timer Event Are Registed With TimerManeger
[SMPPCLINET1|TimerManeger.cpp|00107|05-11-2016 12:19:10:268|~DG~]No Timer Event Are Registed With TimerManeger
[SMPPCLINET1|TimerManeger.cpp|00107|05-11-2016 12:19:11:270|~DG~]No Timer Event Are Registed With TimerManeger
[SMPPCLINET1|TimerManeger.cpp|00107|05-11-2016 12:19:12:272|~DG~]No Timer Event Are Registed With TimerManeger
[SMPPCLINET1|TimerManeger.cpp|00107|05-11-2016 12:19:13:273|~DG~]No Timer Event Are Registed With TimerManeger
[SMPPCLINET1|TimerManeger.cpp|00107|05-11-2016 12:19:14:275|~DG~]No Timer Event Are Registed With TimerManeger
[SMPPCLINET1|TimerManeger.cpp|00107|05-11-2016 12:19:15:277|~DG~]No Timer Event Are Registed With TimerManeger
[SMPPCLINET1|TimerManeger.cpp|00107|05-11-2016 12:19:16:279|~DG~]No Timer Event Are Registed With TimerManeger
[SMPPCLINET1|TimerManeger.cpp|00107|05-11-2016 12:19:17:280|~DG~]No Timer Event Are Registed With TimerManeger
[SMPPCLINET1|TimerManeger.cpp|00107|05-11-2016 12:19:18:283|~DG~]No Timer Event Are Registed With TimerManeger
[SMPPCLINET1|TimerManeger.cpp|00107|05-11-2016 12:19:19:285|~DG~]No Timer Event Are Registed With TimerManeger
[SMPPCLINET1|TimerManeger.cpp|00107|05-11-2016 12:19:20:286|~DG~]No Timer Event Are Registed With TimerManeger
[SMPPCLINET1|TimerManeger.cpp|00107|05-11-2016 12:19:21:288|~DG~]No Timer Event Are Registed With TimerManeger
[SMPPCLINET1|TimerManeger.cpp|00107|05-11-2016 12:19:22:290|~DG~]No Timer Event Are Registed With TimerManeger
[SMPPCLINET1|TimerManeger.cpp|00107|05-11-2016 12:19:23:292|~DG~]No Timer Event Are Registed With TimerManeger
[SMPPCLINET1|TimerManeger.cpp|00107|05-11-2016 12:19:24:293|~DG~]No Timer Event Are Registed With TimerManeger
[SMPPCLINET1|TimerManeger.cpp|00107|05-11-2016 12:19:25:296|~DG~]No Timer Event Are Registed With TimerManeger
[SMPPCLINET1|TimerManeger.cpp|00107|05-11-2016 12:19:26:298|~DG~]No Timer Event Are Registed With TimerManeger
[SMPPCLINET1|TimerManeger.cpp|00107|05-11-2016 12:19:27:299|~DG~]No Timer Event Are Registed With TimerManeger
[SMPPCLINET1|TimerManeger.cpp|00107|05-11-2016 12:19:28:301|~DG~]No Timer Event Are Registed With TimerManeger
[SMPPCLINET1|TimerManeger.cpp|00107|05-11-2016 12:19:29:303|~DG~]No Timer Event Are Registed With TimerManeger
[SMPPCLINET1|TimerManeger.cpp|00107|05-11-2016 12:19:30:305|~DG~]No Timer Event Are Registed With TimerManeger
[SMPPCLINET1|TimerManeger.cpp|00107|05-11-2016 12:19:31:307|~DG~]No Timer Event Are Registed With TimerManeger
[SMPPCLINET1|TimerManeger.cpp|00107|05-11-2016 12:19:32:309|~DG~]No Timer Event Are Registed With TimerManeger
[SMPPCLINET1|TimerManeger.cpp|00107|05-11-2016 12:19:33:311|~DG~]No Timer Event Are Registed With TimerManeger
140000008300000000000000ffffffffffffffff
[SMPPCLINET1|EsmeConnection.cpp|00056|05-11-2016 12:19:34:174|~IN~]Receiveing the data from SMPP[20]:cmdLength:20,cmdId:132,cmdStatus:0,senderCB:-1,receiverCB:-1:Error Not Configured
140000008400000000000000ffffffffffffffff
[SMPPCLINET1|EsmeConnection.cpp|00307|05-11-2016 12:19:34:268|~VB~]Ussd Shake Resp:[cmdLength:20,cmdId:132,cmdStatus:0,senderCB:-1,receiverCB:-1]
[SMPPCLINET1|TimerManeger.cpp|00107|05-11-2016 12:19:34:312|~DG~]No Timer Event Are Registed With TimerManeger
[SMPPCLINET1|TimerManeger.cpp|00107|05-11-2016 12:19:35:314|~DG~]No Timer Event Are Registed With TimerManeger
[SMPPCLINET1|TimerManeger.cpp|00107|05-11-2016 12:19:36:316|~DG~]No Timer Event Are Registed With TimerManeger
[SMPPCLINET1|TimerManeger.cpp|00107|05-11-2016 12:19:37:318|~DG~]No Timer Event Are Registed With TimerManeger
[SMPPCLINET1|TimerManeger.cpp|00107|05-11-2016 12:19:38:321|~DG~]No Timer Event Are Registed With TimerManeger
[SMPPCLINET1|TimerManeger.cpp|00107|05-11-2016 12:19:39:323|~DG~]No Timer Event Are Registed With TimerManeger
[SMPPCLINET1|TimerManeger.cpp|00107|05-11-2016 12:19:40:324|~DG~]No Timer Event Are Registed With TimerManeger
[SMPPCLINET1|TimerManeger.cpp|00107|05-11-2016 12:19:41:326|~DG~]No Timer Event Are Registed With TimerManeger
[SMPPCLINET1|TimerManeger.cpp|00107|05-11-2016 12:19:42:328|~DG~]No Timer Event Are Registed With TimerManeger
[SMPPCLINET1|TimerManeger.cpp|00107|05-11-2016 12:19:43:330|~DG~]No Timer Event Are Registed With TimerManeger
[SMPPCLINET1|TimerManeger.cpp|00107|05-11-2016 12:19:44:331|~DG~]No Timer Event Are Registed With TimerManeger
[SMPPCLINET1|TimerManeger.cpp|00107|05-11-2016 12:19:45:334|~DG~]No Timer Event Are Registed With TimerManeger
[SMPPCLINET1|TimerManeger.cpp|00107|05-11-2016 12:19:46:335|~DG~]No Timer Event Are Registed With TimerManeger
[SMPPCLINET1|TimerManeger.cpp|00107|05-11-2016 12:19:47:338|~DG~]No Timer Event Are Registed With TimerManeger
[SMPPCLINET1|TimerManeger.cpp|00107|05-11-2016 12:19:48:339|~DG~]No Timer Event Are Registed With TimerManeger
[SMPPCLINET1|TimerManeger.cpp|00107|05-11-2016 12:19:49:342|~DG~]No Timer Event Are Registed With TimerManeger
[SMPPCLINET1|TimerManeger.cpp|00107|05-11-2016 12:19:50:344|~DG~]No Timer Event Are Registed With TimerManeger
[SMPPCLINET1|TimerManeger.cpp|00107|05-11-2016 12:19:51:345|~DG~]No Timer Event Are Registed With TimerManeger
[SMPPCLINET1|TimerManeger.cpp|00107|05-11-2016 12:19:52:348|~DG~]No Timer Event Are Registed With TimerManeger
[SMPPCLINET1|TimerManeger.cpp|00107|05-11-2016 12:19:53:349|~DG~]No Timer Event Are Registed With TimerManeger
[SMPPCLINET1|TimerManeger.cpp|00107|05-11-2016 12:19:54:352|~DG~]No Timer Event Are Registed With TimerManeger
[SMPPCLINET1|TimerManeger.cpp|00107|05-11-2016 12:19:55:353|~DG~]No Timer Event Are Registed With TimerManeger
[SMPPCLINET1|TimerManeger.cpp|00107|05-11-2016 12:19:56:355|~DG~]No Timer Event Are Registed With TimerManeger
[SMPPCLINET1|TimerManeger.cpp|00107|05-11-2016 12:19:57:357|~DG~]No Timer Event Are Registed With TimerManeger
[SMPPCLINET1|TimerManeger.cpp|00107|05-11-2016 12:19:58:358|~DG~]No Timer Event Are Registed With TimerManeger
[SMPPCLINET1|TimerManeger.cpp|00107|05-11-2016 12:19:59:361|~DG~]No Timer Event Are Registed With TimerManeger
[SMPPCLINET1|TimerManeger.cpp|00107|05-11-2016 12:20:00:363|~DG~]No Timer Event Are Registed With TimerManeger
[SMPPCLINET1|TimerManeger.cpp|00107|05-11-2016 12:20:01:365|~DG~]No Timer Event Are Registed With TimerManeger
[SMPPCLINET1|TimerManeger.cpp|00107|05-11-2016 12:20:02:366|~DG~]No Timer Event Are Registed With TimerManeger
[SMPPCLINET1|TimerManeger.cpp|00107|05-11-2016 12:20:03:368|~DG~]No Timer Event Are Registed With TimerManeger
[SMPPCLINET1|TimerManeger.cpp|00107|05-11-2016 12:20:04:371|~DG~]No Timer Event Are Registed With TimerManeger
140000008300000000000000ffffffffffffffff
[SMPPCLINET1|EsmeConnection.cpp|00056|05-11-2016 12:20:05:234|~IN~]Receiveing the data from SMPP[20]:cmdLength:20,cmdId:132,cmdStatus:0,senderCB:-1,receiverCB:-1:Error Not Configured
140000008400000000000000ffffffffffffffff
[SMPPCLINET1|EsmeConnection.cpp|00307|05-11-2016 12:20:05:326|~VB~]Ussd Shake Resp:[cmdLength:20,cmdId:132,cmdStatus:0,senderCB:-1,receiverCB:-1]
[SMPPCLINET1|TimerManeger.cpp|00107|05-11-2016 12:20:05:372|~DG~]No Timer Event Are Registed With TimerManeger
[SMPPCLINET1|TimerManeger.cpp|00107|05-11-2016 12:20:06:375|~DG~]No Timer Event Are Registed With TimerManeger
[SMPPCLINET1|TimerManeger.cpp|00107|05-11-2016 12:20:07:377|~DG~]No Timer Event Are Registed With TimerManeger
[SMPPCLINET1|TimerManeger.cpp|00107|05-11-2016 12:20:08:380|~DG~]No Timer Event Are Registed With TimerManeger
[SMPPCLINET1|TimerManeger.cpp|00107|05-11-2016 12:20:09:382|~DG~]No Timer Event Are Registed With TimerManeger
[SMPPCLINET1|TimerManeger.cpp|00107|05-11-2016 12:20:10:384|~DG~]No Timer Event Are Registed With TimerManeger
[SMPPCLINET1|TimerManeger.cpp|00107|05-11-2016 12:20:11:385|~DG~]No Timer Event Are Registed With TimerManeger
[SMPPCLINET1|TimerManeger.cpp|00107|05-11-2016 12:20:12:387|~DG~]No Timer Event Are Registed With TimerManeger
[SMPPCLINET1|TimerManeger.cpp|00107|05-11-2016 12:20:13:389|~DG~]No Timer Event Are Registed With TimerManeger
[SMPPCLINET1|TimerManeger.cpp|00107|05-11-2016 12:20:14:392|~DG~]No Timer Event Are Registed With TimerManeger
[SMPPCLINET1|TimerManeger.cpp|00107|05-11-2016 12:20:15:394|~DG~]No Timer Event Are Registed With TimerManeger
[SMPPCLINET1|TimerManeger.cpp|00107|05-11-2016 12:20:16:396|~DG~]No Timer Event Are Registed With TimerManeger
[SMPPCLINET1|TimerManeger.cpp|00107|05-11-2016 12:20:17:398|~DG~]No Timer Event Are Registed With TimerManeger
[SMPPCLINET1|TimerManeger.cpp|00107|05-11-2016 12:20:18:399|~DG~]No Timer Event Are Registed With TimerManeger
[SMPPCLINET1|TimerManeger.cpp|00107|05-11-2016 12:20:19:402|~DG~]No Timer Event Are Registed With TimerManeger
[SMPPCLINET1|TimerManeger.cpp|00107|05-11-2016 12:20:20:403|~DG~]No Timer Event Are Registed With TimerManeger
[SMPPCLINET1|TimerManeger.cpp|00107|05-11-2016 12:20:21:405|~DG~]No Timer Event Are Registed With TimerManeger
[SMPPCLINET1|TimerManeger.cpp|00107|05-11-2016 12:20:22:407|~DG~]No Timer Event Are Registed With TimerManeger
[SMPPCLINET1|TimerManeger.cpp|00107|05-11-2016 12:20:23:409|~DG~]No Timer Event Are Registed With TimerManeger
[SMPPCLINET1|TimerManeger.cpp|00107|05-11-2016 12:20:24:411|~DG~]No Timer Event Are Registed With TimerManeger
[SMPPCLINET1|TimerManeger.cpp|00107|05-11-2016 12:20:25:412|~DG~]No Timer Event Are Registed With TimerManeger
[SMPPCLINET1|TimerManeger.cpp|00107|05-11-2016 12:20:26:414|~DG~]No Timer Event Are Registed With TimerManeger
[SMPPCLINET1|TimerManeger.cpp|00107|05-11-2016 12:20:27:416|~DG~]No Timer Event Are Registed With TimerManeger
[SMPPCLINET1|TimerManeger.cpp|00107|05-11-2016 12:20:28:419|~DG~]No Timer Event Are Registed With TimerManeger
[SMPPCLINET1|TimerManeger.cpp|00107|05-11-2016 12:20:29:420|~DG~]No Timer Event Are Registed With TimerManeger
[SMPPCLINET1|TimerManeger.cpp|00107|05-11-2016 12:20:30:422|~DG~]No Timer Event Are Registed With TimerManeger
[SMPPCLINET1|TimerManeger.cpp|00107|05-11-2016 12:20:31:424|~DG~]No Timer Event Are Registed With TimerManeger
[SMPPCLINET1|TimerManeger.cpp|00107|05-11-2016 12:20:32:425|~DG~]No Timer Event Are Registed With TimerManeger
[SMPPCLINET1|TimerManeger.cpp|00107|05-11-2016 12:20:33:427|~DG~]No Timer Event Are Registed With TimerManeger
[SMPPCLINET1|TimerManeger.cpp|00107|05-11-2016 12:20:34:429|~DG~]No Timer Event Are Registed With TimerManeger
[SMPPCLINET1|TimerManeger.cpp|00107|05-11-2016 12:20:35:432|~DG~]No Timer Event Are Registed With TimerManeger
140000008300000000000000ffffffffffffffff
[SMPPCLINET1|EsmeConnection.cpp|00056|05-11-2016 12:20:36:292|~IN~]Receiveing the data from SMPP[20]:cmdLength:20,cmdId:132,cmdStatus:0,senderCB:-1,receiverCB:-1:Error Not Configured
140000008400000000000000ffffffffffffffff
[SMPPCLINET1|EsmeConnection.cpp|00307|05-11-2016 12:20:36:383|~VB~]Ussd Shake Resp:[cmdLength:20,cmdId:132,cmdStatus:0,senderCB:-1,receiverCB:-1]
[SMPPCLINET1|TimerManeger.cpp|00107|05-11-2016 12:20:36:434|~DG~]No Timer Event Are Registed With TimerManeger
[SMPPCLINET1|TimerManeger.cpp|00107|05-11-2016 12:20:37:436|~DG~]No Timer Event Are Registed With TimerManeger
[SMPPCLINET1|TimerManeger.cpp|00107|05-11-2016 12:20:38:439|~DG~]No Timer Event Are Registed With TimerManeger
[SMPPCLINET1|TimerManeger.cpp|00107|05-11-2016 12:20:39:440|~DG~]No Timer Event Are Registed With TimerManeger
[SMPPCLINET1|TimerManeger.cpp|00107|05-11-2016 12:20:40:442|~DG~]No Timer Event Are Registed With TimerManeger
[SMPPCLINET1|TimerManeger.cpp|00107|05-11-2016 12:20:41:444|~DG~]No Timer Event Are Registed With TimerManeger
[SMPPCLINET1|TimerManeger.cpp|00107|05-11-2016 12:20:42:446|~DG~]No Timer Event Are Registed With TimerManeger
[SMPPCLINET1|TimerManeger.cpp|00107|05-11-2016 12:20:43:448|~DG~]No Timer Event Are Registed With TimerManeger
[SMPPCLINET1|TimerManeger.cpp|00107|05-11-2016 12:20:44:449|~DG~]No Timer Event Are Registed With TimerManeger
[SMPPCLINET1|TimerManeger.cpp|00107|05-11-2016 12:20:45:452|~DG~]No Timer Event Are Registed With TimerManeger
[SMPPCLINET1|TimerManeger.cpp|00107|05-11-2016 12:20:46:453|~DG~]No Timer Event Are Registed With TimerManeger
[SMPPCLINET1|TimerManeger.cpp|00107|05-11-2016 12:20:47:455|~DG~]No Timer Event Are Registed With TimerManeger
[SMPPCLINET1|TimerManeger.cpp|00107|05-11-2016 12:20:48:457|~DG~]No Timer Event Are Registed With TimerManeger
[SMPPCLINET1|TimerManeger.cpp|00107|05-11-2016 12:20:49:459|~DG~]No Timer Event Are Registed With TimerManeger
[SMPPCLINET1|TimerManeger.cpp|00107|05-11-2016 12:20:50:461|~DG~]No Timer Event Are Registed With TimerManeger
[SMPPCLINET1|TimerManeger.cpp|00107|05-11-2016 12:20:51:462|~DG~]No Timer Event Are Registed With TimerManeger
[SMPPCLINET1|TimerManeger.cpp|00107|05-11-2016 12:20:52:465|~DG~]No Timer Event Are Registed With TimerManeger
[SMPPCLINET1|TimerManeger.cpp|00107|05-11-2016 12:20:53:466|~DG~]No Timer Event Are Registed With TimerManeger
[SMPPCLINET1|TimerManeger.cpp|00107|05-11-2016 12:20:54:468|~DG~]No Timer Event Are Registed With TimerManeger
[SMPPCLINET1|TimerManeger.cpp|00107|05-11-2016 12:20:55:470|~DG~]No Timer Event Are Registed With TimerManeger
[SMPPCLINET1|TimerManeger.cpp|00107|05-11-2016 12:20:56:472|~DG~]No Timer Event Are Registed With TimerManeger
[SMPPCLINET1|TimerManeger.cpp|00107|05-11-2016 12:20:57:474|~DG~]No Timer Event Are Registed With TimerManeger
[SMPPCLINET1|TimerManeger.cpp|00107|05-11-2016 12:20:58:476|~DG~]No Timer Event Are Registed With TimerManeger
[SMPPCLINET1|TimerManeger.cpp|00107|05-11-2016 12:20:59:478|~DG~]No Timer Event Are Registed With TimerManeger
[SMPPCLINET1|TimerManeger.cpp|00107|05-11-2016 12:21:00:480|~DG~]No Timer Event Are Registed With TimerManeger
[SMPPCLINET1|TimerManeger.cpp|00107|05-11-2016 12:21:01:482|~DG~]No Timer Event Are Registed With TimerManeger
[SMPPCLINET1|TimerManeger.cpp|00107|05-11-2016 12:21:02:484|~DG~]No Timer Event Are Registed With TimerManeger
[SMPPCLINET1|TimerManeger.cpp|00107|05-11-2016 12:21:03:485|~DG~]No Timer Event Are Registed With TimerManeger
[SMPPCLINET1|TimerManeger.cpp|00107|05-11-2016 12:21:04:487|~DG~]No Timer Event Are Registed With TimerManeger
[SMPPCLINET1|TimerManeger.cpp|00107|05-11-2016 12:21:05:490|~DG~]No Timer Event Are Registed With TimerManeger
[SMPPCLINET1|TimerManeger.cpp|00107|05-11-2016 12:21:06:492|~DG~]No Timer Event Are Registed With TimerManeger
140000008300000000000000ffffffffffffffff
[SMPPCLINET1|EsmeConnection.cpp|00056|05-11-2016 12:21:07:349|~IN~]Receiveing the data from SMPP[20]:cmdLength:20,cmdId:132,cmdStatus:0,senderCB:-1,receiverCB:-1:Error Not Configured
140000008400000000000000ffffffffffffffff
[SMPPCLINET1|EsmeConnection.cpp|00307|05-11-2016 12:21:07:444|~VB~]Ussd Shake Resp:[cmdLength:20,cmdId:132,cmdStatus:0,senderCB:-1,receiverCB:-1]
[SMPPCLINET1|TimerManeger.cpp|00107|05-11-2016 12:21:07:493|~DG~]No Timer Event Are Registed With TimerManeger
[SMPPCLINET1|TimerManeger.cpp|00107|05-11-2016 12:21:08:495|~DG~]No Timer Event Are Registed With TimerManeger
[SMPPCLINET1|TimerManeger.cpp|00107|05-11-2016 12:21:09:496|~DG~]No Timer Event Are Registed With TimerManeger
[SMPPCLINET1|TimerManeger.cpp|00107|05-11-2016 12:21:10:498|~DG~]No Timer Event Are Registed With TimerManeger
[SMPPCLINET1|TimerManeger.cpp|00107|05-11-2016 12:21:11:500|~DG~]No Timer Event Are Registed With TimerManeger
[SMPPCLINET1|TimerManeger.cpp|00107|05-11-2016 12:21:12:502|~DG~]No Timer Event Are Registed With TimerManeger
[SMPPCLINET1|TimerManeger.cpp|00107|05-11-2016 12:21:13:504|~DG~]No Timer Event Are Registed With TimerManeger
[SMPPCLINET1|TimerManeger.cpp|00107|05-11-2016 12:21:14:506|~DG~]No Timer Event Are Registed With TimerManeger
[SMPPCLINET1|TimerManeger.cpp|00107|05-11-2016 12:21:15:508|~DG~]No Timer Event Are Registed With TimerManeger
[SMPPCLINET1|TimerManeger.cpp|00107|05-11-2016 12:21:16:509|~DG~]No Timer Event Are Registed With TimerManeger
[SMPPCLINET1|TimerManeger.cpp|00107|05-11-2016 12:21:17:512|~DG~]No Timer Event Are Registed With TimerManeger
[SMPPCLINET1|TimerManeger.cpp|00107|05-11-2016 12:21:18:513|~DG~]No Timer Event Are Registed With TimerManeger
[SMPPCLINET1|TimerManeger.cpp|00107|05-11-2016 12:21:19:516|~DG~]No Timer Event Are Registed With TimerManeger
[SMPPCLINET1|TimerManeger.cpp|00107|05-11-2016 12:21:20:517|~DG~]No Timer Event Are Registed With TimerManeger
[SMPPCLINET1|TimerManeger.cpp|00107|05-11-2016 12:21:21:519|~DG~]No Timer Event Are Registed With TimerManeger
[SMPPCLINET1|TimerManeger.cpp|00107|05-11-2016 12:21:22:521|~DG~]No Timer Event Are Registed With TimerManeger
[SMPPCLINET1|TimerManeger.cpp|00107|05-11-2016 12:21:23:523|~DG~]No Timer Event Are Registed With TimerManeger
[SMPPCLINET1|TimerManeger.cpp|00107|05-11-2016 12:21:24:526|~DG~]No Timer Event Are Registed With TimerManeger
[SMPPCLINET1|TimerManeger.cpp|00107|05-11-2016 12:21:25:527|~DG~]No Timer Event Are Registed With TimerManeger
[SMPPCLINET1|TimerManeger.cpp|00107|05-11-2016 12:21:26:530|~DG~]No Timer Event Are Registed With TimerManeger
[SMPPCLINET1|TimerManeger.cpp|00107|05-11-2016 12:21:27:531|~DG~]No Timer Event Are Registed With TimerManeger
[SMPPCLINET1|TimerManeger.cpp|00107|05-11-2016 12:21:28:533|~DG~]No Timer Event Are Registed With TimerManeger
[SMPPCLINET1|TimerManeger.cpp|00107|05-11-2016 12:21:29:535|~DG~]No Timer Event Are Registed With TimerManeger
[SMPPCLINET1|TimerManeger.cpp|00107|05-11-2016 12:21:30:536|~DG~]No Timer Event Are Registed With TimerManeger
[SMPPCLINET1|TimerManeger.cpp|00107|05-11-2016 12:21:31:539|~DG~]No Timer Event Are Registed With TimerManeger
[SMPPCLINET1|TimerManeger.cpp|00107|05-11-2016 12:21:32:540|~DG~]No Timer Event Are Registed With TimerManeger
[SMPPCLINET1|TimerManeger.cpp|00107|05-11-2016 12:21:33:543|~DG~]No Timer Event Are Registed With TimerManeger
[SMPPCLINET1|TimerManeger.cpp|00107|05-11-2016 12:21:34:545|~DG~]No Timer Event Are Registed With TimerManeger
[SMPPCLINET1|TimerManeger.cpp|00107|05-11-2016 12:21:35:547|~DG~]No Timer Event Are Registed With TimerManeger
[SMPPCLINET1|TimerManeger.cpp|00107|05-11-2016 12:21:36:549|~DG~]No Timer Event Are Registed With TimerManeger
[SMPPCLINET1|TimerManeger.cpp|00107|05-11-2016 12:21:37:550|~DG~]No Timer Event Are Registed With TimerManeger
140000008300000000000000ffffffffffffffff
[SMPPCLINET1|EsmeConnection.cpp|00056|05-11-2016 12:21:38:409|~IN~]Receiveing the data from SMPP[20]:cmdLength:20,cmdId:132,cmdStatus:0,senderCB:-1,receiverCB:-1:Error Not Configured
140000008400000000000000ffffffffffffffff
[SMPPCLINET1|EsmeConnection.cpp|00307|05-11-2016 12:21:38:504|~VB~]Ussd Shake Resp:[cmdLength:20,cmdId:132,cmdStatus:0,senderCB:-1,receiverCB:-1]
[SMPPCLINET1|TimerManeger.cpp|00107|05-11-2016 12:21:38:552|~DG~]No Timer Event Are Registed With TimerManeger
[SMPPCLINET1|TimerManeger.cpp|00107|05-11-2016 12:21:39:554|~DG~]No Timer Event Are Registed With TimerManeger
[SMPPCLINET1|TimerManeger.cpp|00107|05-11-2016 12:21:40:556|~DG~]No Timer Event Are Registed With TimerManeger
[SMPPCLINET1|TimerManeger.cpp|00107|05-11-2016 12:21:41:558|~DG~]No Timer Event Are Registed With TimerManeger
[SMPPCLINET1|TimerManeger.cpp|00107|05-11-2016 12:21:42:560|~DG~]No Timer Event Are Registed With TimerManeger
[SMPPCLINET1|TimerManeger.cpp|00107|05-11-2016 12:21:43:563|~DG~]No Timer Event Are Registed With TimerManeger
[SMPPCLINET1|TimerManeger.cpp|00107|05-11-2016 12:21:44:564|~DG~]No Timer Event Are Registed With TimerManeger
[SMPPCLINET1|TimerManeger.cpp|00107|05-11-2016 12:21:45:566|~DG~]No Timer Event Are Registed With TimerManeger
[SMPPCLINET1|TimerManeger.cpp|00107|05-11-2016 12:21:46:568|~DG~]No Timer Event Are Registed With TimerManeger
[SMPPCLINET1|TimerManeger.cpp|00107|05-11-2016 12:21:47:570|~DG~]No Timer Event Are Registed With TimerManeger
[SMPPCLINET1|TimerManeger.cpp|00107|05-11-2016 12:21:48:572|~DG~]No Timer Event Are Registed With TimerManeger
[SMPPCLINET1|TimerManeger.cpp|00107|05-11-2016 12:21:49:573|~DG~]No Timer Event Are Registed With TimerManeger
[SMPPCLINET1|TimerManeger.cpp|00107|05-11-2016 12:21:50:576|~DG~]No Timer Event Are Registed With TimerManeger
[SMPPCLINET1|TimerManeger.cpp|00107|05-11-2016 12:21:51:577|~DG~]No Timer Event Are Registed With TimerManeger
[SMPPCLINET1|TimerManeger.cpp|00107|05-11-2016 12:21:52:579|~DG~]No Timer Event Are Registed With TimerManeger
[SMPPCLINET1|TimerManeger.cpp|00107|05-11-2016 12:21:53:581|~DG~]No Timer Event Are Registed With TimerManeger
[SMPPCLINET1|TimerManeger.cpp|00107|05-11-2016 12:21:54:583|~DG~]No Timer Event Are Registed With TimerManeger
[SMPPCLINET1|TimerManeger.cpp|00107|05-11-2016 12:21:55:585|~DG~]No Timer Event Are Registed With TimerManeger
[SMPPCLINET1|TimerManeger.cpp|00107|05-11-2016 12:21:56:587|~DG~]No Timer Event Are Registed With TimerManeger
[SMPPCLINET1|TimerManeger.cpp|00107|05-11-2016 12:21:57:589|~DG~]No Timer Event Are Registed With TimerManeger
[SMPPCLINET1|TimerManeger.cpp|00107|05-11-2016 12:21:58:590|~DG~]No Timer Event Are Registed With TimerManeger
[SMPPCLINET1|TimerManeger.cpp|00107|05-11-2016 12:21:59:592|~DG~]No Timer Event Are Registed With TimerManeger
[SMPPCLINET1|TimerManeger.cpp|00107|05-11-2016 12:22:00:594|~DG~]No Timer Event Are Registed With TimerManeger
[SMPPCLINET1|TimerManeger.cpp|00107|05-11-2016 12:22:01:596|~DG~]No Timer Event Are Registed With TimerManeger
[SMPPCLINET1|TimerManeger.cpp|00107|05-11-2016 12:22:02:598|~DG~]No Timer Event Are Registed With TimerManeger
[SMPPCLINET1|TimerManeger.cpp|00107|05-11-2016 12:22:03:601|~DG~]No Timer Event Are Registed With TimerManeger
[SMPPCLINET1|TimerManeger.cpp|00107|05-11-2016 12:22:04:603|~DG~]No Timer Event Are Registed With TimerManeger
[SMPPCLINET1|TimerManeger.cpp|00107|05-11-2016 12:22:05:604|~DG~]No Timer Event Are Registed With TimerManeger
[SMPPCLINET1|TimerManeger.cpp|00107|05-11-2016 12:22:06:606|~DG~]No Timer Event Are Registed With TimerManeger
[SMPPCLINET1|TimerManeger.cpp|00107|05-11-2016 12:22:07:608|~DG~]No Timer Event Are Registed With TimerManeger
[SMPPCLINET1|TimerManeger.cpp|00107|05-11-2016 12:22:08:610|~DG~]No Timer Event Are Registed With TimerManeger
140000008300000000000000ffffffffffffffff
[SMPPCLINET1|EsmeConnection.cpp|00056|05-11-2016 12:22:09:468|~IN~]Receiveing the data from SMPP[20]:cmdLength:20,cmdId:132,cmdStatus:0,senderCB:-1,receiverCB:-1:Error Not Configured
140000008400000000000000ffffffffffffffff
[SMPPCLINET1|EsmeConnection.cpp|00307|05-11-2016 12:22:09:563|~VB~]Ussd Shake Resp:[cmdLength:20,cmdId:132,cmdStatus:0,senderCB:-1,receiverCB:-1]
[SMPPCLINET1|TimerManeger.cpp|00107|05-11-2016 12:22:09:611|~DG~]No Timer Event Are Registed With TimerManeger
[SMPPCLINET1|TimerManeger.cpp|00107|05-11-2016 12:22:10:614|~DG~]No Timer Event Are Registed With TimerManeger
[SMPPCLINET1|TimerManeger.cpp|00107|05-11-2016 12:22:11:616|~DG~]No Timer Event Are Registed With TimerManeger
[SMPPCLINET1|TimerManeger.cpp|00107|05-11-2016 12:22:12:618|~DG~]No Timer Event Are Registed With TimerManeger
[SMPPCLINET1|TimerManeger.cpp|00107|05-11-2016 12:22:13:620|~DG~]No Timer Event Are Registed With TimerManeger
[SMPPCLINET1|TimerManeger.cpp|00107|05-11-2016 12:22:14:622|~DG~]No Timer Event Are Registed With TimerManeger
[SMPPCLINET1|TimerManeger.cpp|00107|05-11-2016 12:22:15:624|~DG~]No Timer Event Are Registed With TimerManeger
[SMPPCLINET1|TimerManeger.cpp|00107|05-11-2016 12:22:16:625|~DG~]No Timer Event Are Registed With TimerManeger
[SMPPCLINET1|TimerManeger.cpp|00107|05-11-2016 12:22:17:628|~DG~]No Timer Event Are Registed With TimerManeger
[SMPPCLINET1|TimerManeger.cpp|00107|05-11-2016 12:22:18:629|~DG~]No Timer Event Are Registed With TimerManeger
[SMPPCLINET1|TimerManeger.cpp|00107|05-11-2016 12:22:19:631|~DG~]No Timer Event Are Registed With TimerManeger
[SMPPCLINET1|TimerManeger.cpp|00107|05-11-2016 12:22:20:633|~DG~]No Timer Event Are Registed With TimerManeger
[SMPPCLINET1|TimerManeger.cpp|00107|05-11-2016 12:22:21:634|~DG~]No Timer Event Are Registed With TimerManeger
[SMPPCLINET1|TimerManeger.cpp|00107|05-11-2016 12:22:22:637|~DG~]No Timer Event Are Registed With TimerManeger
[SMPPCLINET1|TimerManeger.cpp|00107|05-11-2016 12:22:23:638|~DG~]No Timer Event Are Registed With TimerManeger
[SMPPCLINET1|TimerManeger.cpp|00107|05-11-2016 12:22:24:641|~DG~]No Timer Event Are Registed With TimerManeger
[SMPPCLINET1|TimerManeger.cpp|00107|05-11-2016 12:22:25:642|~DG~]No Timer Event Are Registed With TimerManeger
[SMPPCLINET1|TimerManeger.cpp|00107|05-11-2016 12:22:26:644|~DG~]No Timer Event Are Registed With TimerManeger
[SMPPCLINET1|TimerManeger.cpp|00107|05-11-2016 12:22:27:646|~DG~]No Timer Event Are Registed With TimerManeger
[SMPPCLINET1|TimerManeger.cpp|00107|05-11-2016 12:22:28:648|~DG~]No Timer Event Are Registed With TimerManeger
[SMPPCLINET1|TimerManeger.cpp|00107|05-11-2016 12:22:29:650|~DG~]No Timer Event Are Registed With TimerManeger
[SMPPCLINET1|TimerManeger.cpp|00107|05-11-2016 12:22:30:651|~DG~]No Timer Event Are Registed With TimerManeger
[SMPPCLINET1|TimerManeger.cpp|00107|05-11-2016 12:22:31:654|~DG~]No Timer Event Are Registed With TimerManeger
[SMPPCLINET1|TimerManeger.cpp|00107|05-11-2016 12:22:32:656|~DG~]No Timer Event Are Registed With TimerManeger
[SMPPCLINET1|TimerManeger.cpp|00107|05-11-2016 12:22:33:659|~DG~]No Timer Event Are Registed With TimerManeger
[SMPPCLINET1|TimerManeger.cpp|00107|05-11-2016 12:22:34:661|~DG~]No Timer Event Are Registed With TimerManeger
[SMPPCLINET1|TimerManeger.cpp|00107|05-11-2016 12:22:35:663|~DG~]No Timer Event Are Registed With TimerManeger
[SMPPCLINET1|TimerManeger.cpp|00107|05-11-2016 12:22:36:664|~DG~]No Timer Event Are Registed With TimerManeger
[SMPPCLINET1|TimerManeger.cpp|00107|05-11-2016 12:22:37:666|~DG~]No Timer Event Are Registed With TimerManeger
[SMPPCLINET1|TimerManeger.cpp|00107|05-11-2016 12:22:38:668|~DG~]No Timer Event Are Registed With TimerManeger
[SMPPCLINET1|TimerManeger.cpp|00107|05-11-2016 12:22:39:670|~DG~]No Timer Event Are Registed With TimerManeger
140000008300000000000000ffffffffffffffff
[SMPPCLINET1|EsmeConnection.cpp|00056|05-11-2016 12:22:40:527|~IN~]Receiveing the data from SMPP[20]:cmdLength:20,cmdId:132,cmdStatus:0,senderCB:-1,receiverCB:-1:Error Not Configured
140000008400000000000000ffffffffffffffff
[SMPPCLINET1|EsmeConnection.cpp|00307|05-11-2016 12:22:40:622|~VB~]Ussd Shake Resp:[cmdLength:20,cmdId:132,cmdStatus:0,senderCB:-1,receiverCB:-1]
[SMPPCLINET1|TimerManeger.cpp|00107|05-11-2016 12:22:40:673|~DG~]No Timer Event Are Registed With TimerManeger
[SMPPCLINET1|TimerManeger.cpp|00107|05-11-2016 12:22:41:675|~DG~]No Timer Event Are Registed With TimerManeger
[SMPPCLINET1|TimerManeger.cpp|00107|05-11-2016 12:22:42:677|~DG~]No Timer Event Are Registed With TimerManeger
[SMPPCLINET1|TimerManeger.cpp|00107|05-11-2016 12:22:43:678|~DG~]No Timer Event Are Registed With TimerManeger
[SMPPCLINET1|TimerManeger.cpp|00107|05-11-2016 12:22:44:680|~DG~]No Timer Event Are Registed With TimerManeger
[SMPPCLINET1|TimerManeger.cpp|00107|05-11-2016 12:22:45:682|~DG~]No Timer Event Are Registed With TimerManeger
[SMPPCLINET1|TimerManeger.cpp|00107|05-11-2016 12:22:46:684|~DG~]No Timer Event Are Registed With TimerManeger
[SMPPCLINET1|TimerManeger.cpp|00107|05-11-2016 12:22:47:685|~DG~]No Timer Event Are Registed With TimerManeger
[SMPPCLINET1|TimerManeger.cpp|00107|05-11-2016 12:22:48:688|~DG~]No Timer Event Are Registed With TimerManeger
[SMPPCLINET1|TimerManeger.cpp|00107|05-11-2016 12:22:49:690|~DG~]No Timer Event Are Registed With TimerManeger
[SMPPCLINET1|TimerManeger.cpp|00107|05-11-2016 12:22:50:691|~DG~]No Timer Event Are Registed With TimerManeger
[SMPPCLINET1|TimerManeger.cpp|00107|05-11-2016 12:22:51:693|~DG~]No Timer Event Are Registed With TimerManeger
[SMPPCLINET1|TimerManeger.cpp|00107|05-11-2016 12:22:52:695|~DG~]No Timer Event Are Registed With TimerManeger
[SMPPCLINET1|TimerManeger.cpp|00107|05-11-2016 12:22:53:697|~DG~]No Timer Event Are Registed With TimerManeger
[SMPPCLINET1|TimerManeger.cpp|00107|05-11-2016 12:22:54:699|~DG~]No Timer Event Are Registed With TimerManeger
[SMPPCLINET1|TimerManeger.cpp|00107|05-11-2016 12:22:55:701|~DG~]No Timer Event Are Registed With TimerManeger
[SMPPCLINET1|TimerManeger.cpp|00107|05-11-2016 12:22:56:703|~DG~]No Timer Event Are Registed With TimerManeger
[SMPPCLINET1|TimerManeger.cpp|00107|05-11-2016 12:22:57:704|~DG~]No Timer Event Are Registed With TimerManeger
[SMPPCLINET1|TimerManeger.cpp|00107|05-11-2016 12:22:58:707|~DG~]No Timer Event Are Registed With TimerManeger
[SMPPCLINET1|TimerManeger.cpp|00107|05-11-2016 12:22:59:709|~DG~]No Timer Event Are Registed With TimerManeger
[SMPPCLINET1|TimerManeger.cpp|00107|05-11-2016 12:23:00:711|~DG~]No Timer Event Are Registed With TimerManeger
[SMPPCLINET1|TimerManeger.cpp|00107|05-11-2016 12:23:01:714|~DG~]No Timer Event Are Registed With TimerManeger
[SMPPCLINET1|TimerManeger.cpp|00107|05-11-2016 12:23:02:716|~DG~]No Timer Event Are Registed With TimerManeger
[SMPPCLINET1|TimerManeger.cpp|00107|05-11-2016 12:23:03:718|~DG~]No Timer Event Are Registed With TimerManeger
[SMPPCLINET1|TimerManeger.cpp|00107|05-11-2016 12:23:04:719|~DG~]No Timer Event Are Registed With TimerManeger
[SMPPCLINET1|TimerManeger.cpp|00107|05-11-2016 12:23:05:721|~DG~]No Timer Event Are Registed With TimerManeger
[SMPPCLINET1|TimerManeger.cpp|00107|05-11-2016 12:23:06:723|~DG~]No Timer Event Are Registed With TimerManeger
[SMPPCLINET1|TimerManeger.cpp|00107|05-11-2016 12:23:07:724|~DG~]No Timer Event Are Registed With TimerManeger
[SMPPCLINET1|TimerManeger.cpp|00107|05-11-2016 12:23:08:727|~DG~]No Timer Event Are Registed With TimerManeger
[SMPPCLINET1|TimerManeger.cpp|00107|05-11-2016 12:23:09:729|~DG~]No Timer Event Are Registed With TimerManeger
[SMPPCLINET1|TimerManeger.cpp|00107|05-11-2016 12:23:10:732|~DG~]No Timer Event Are Registed With TimerManeger
140000008300000000000000ffffffffffffffff
[SMPPCLINET1|EsmeConnection.cpp|00056|05-11-2016 12:23:11:585|~IN~]Receiveing the data from SMPP[20]:cmdLength:20,cmdId:132,cmdStatus:0,senderCB:-1,receiverCB:-1:Error Not Configured
140000008400000000000000ffffffffffffffff
[SMPPCLINET1|EsmeConnection.cpp|00307|05-11-2016 12:23:11:680|~VB~]Ussd Shake Resp:[cmdLength:20,cmdId:132,cmdStatus:0,senderCB:-1,receiverCB:-1]
[SMPPCLINET1|TimerManeger.cpp|00107|05-11-2016 12:23:11:733|~DG~]No Timer Event Are Registed With TimerManeger
[SMPPCLINET1|TimerManeger.cpp|00107|05-11-2016 12:23:12:735|~DG~]No Timer Event Are Registed With TimerManeger
[SMPPCLINET1|TimerManeger.cpp|00107|05-11-2016 12:23:13:737|~DG~]No Timer Event Are Registed With TimerManeger
[SMPPCLINET1|TimerManeger.cpp|00107|05-11-2016 12:23:14:739|~DG~]No Timer Event Are Registed With TimerManeger
[SMPPCLINET1|TimerManeger.cpp|00107|05-11-2016 12:23:15:742|~DG~]No Timer Event Are Registed With TimerManeger
[SMPPCLINET1|TimerManeger.cpp|00107|05-11-2016 12:23:16:744|~DG~]No Timer Event Are Registed With TimerManeger
[SMPPCLINET1|TimerManeger.cpp|00107|05-11-2016 12:23:17:746|~DG~]No Timer Event Are Registed With TimerManeger
[SMPPCLINET1|TimerManeger.cpp|00107|05-11-2016 12:23:18:747|~DG~]No Timer Event Are Registed With TimerManeger
[SMPPCLINET1|TimerManeger.cpp|00107|05-11-2016 12:23:19:749|~DG~]No Timer Event Are Registed With TimerManeger
[SMPPCLINET1|TimerManeger.cpp|00107|05-11-2016 12:23:20:751|~DG~]No Timer Event Are Registed With TimerManeger
[SMPPCLINET1|TimerManeger.cpp|00107|05-11-2016 12:23:21:752|~DG~]No Timer Event Are Registed With TimerManeger
[SMPPCLINET1|TimerManeger.cpp|00107|05-11-2016 12:23:22:755|~DG~]No Timer Event Are Registed With TimerManeger
[SMPPCLINET1|TimerManeger.cpp|00107|05-11-2016 12:23:23:757|~DG~]No Timer Event Are Registed With TimerManeger
[SMPPCLINET1|TimerManeger.cpp|00107|05-11-2016 12:23:24:759|~DG~]No Timer Event Are Registed With TimerManeger
[SMPPCLINET1|TimerManeger.cpp|00107|05-11-2016 12:23:25:760|~DG~]No Timer Event Are Registed With TimerManeger
[SMPPCLINET1|TimerManeger.cpp|00107|05-11-2016 12:23:26:762|~DG~]No Timer Event Are Registed With TimerManeger
[SMPPCLINET1|TimerManeger.cpp|00107|05-11-2016 12:23:27:763|~DG~]No Timer Event Are Registed With TimerManeger
[SMPPCLINET1|TimerManeger.cpp|00107|05-11-2016 12:23:28:765|~DG~]No Timer Event Are Registed With TimerManeger
[SMPPCLINET1|TimerManeger.cpp|00107|05-11-2016 12:23:29:768|~DG~]No Timer Event Are Registed With TimerManeger
[SMPPCLINET1|TimerManeger.cpp|00107|05-11-2016 12:23:30:769|~DG~]No Timer Event Are Registed With TimerManeger
[SMPPCLINET1|TimerManeger.cpp|00107|05-11-2016 12:23:31:772|~DG~]No Timer Event Are Registed With TimerManeger
[SMPPCLINET1|TimerManeger.cpp|00107|05-11-2016 12:23:32:774|~DG~]No Timer Event Are Registed With TimerManeger
[SMPPCLINET1|TimerManeger.cpp|00107|05-11-2016 12:23:33:776|~DG~]No Timer Event Are Registed With TimerManeger
[SMPPCLINET1|TimerManeger.cpp|00107|05-11-2016 12:23:34:778|~DG~]No Timer Event Are Registed With TimerManeger
[SMPPCLINET1|TimerManeger.cpp|00107|05-11-2016 12:23:35:779|~DG~]No Timer Event Are Registed With TimerManeger
[SMPPCLINET1|TimerManeger.cpp|00107|05-11-2016 12:23:36:781|~DG~]No Timer Event Are Registed With TimerManeger
[SMPPCLINET1|TimerManeger.cpp|00107|05-11-2016 12:23:37:784|~DG~]No Timer Event Are Registed With TimerManeger
[SMPPCLINET1|TimerManeger.cpp|00107|05-11-2016 12:23:38:786|~DG~]No Timer Event Are Registed With TimerManeger
[SMPPCLINET1|TimerManeger.cpp|00107|05-11-2016 12:23:39:788|~DG~]No Timer Event Are Registed With TimerManeger
[SMPPCLINET1|TimerManeger.cpp|00107|05-11-2016 12:23:40:790|~DG~]No Timer Event Are Registed With TimerManeger
[SMPPCLINET1|TimerManeger.cpp|00107|05-11-2016 12:23:41:791|~DG~]No Timer Event Are Registed With TimerManeger
140000008300000000000000ffffffffffffffff
[SMPPCLINET1|EsmeConnection.cpp|00056|05-11-2016 12:23:42:643|~IN~]Receiveing the data from SMPP[20]:cmdLength:20,cmdId:132,cmdStatus:0,senderCB:-1,receiverCB:-1:Error Not Configured
140000008400000000000000ffffffffffffffff
[SMPPCLINET1|EsmeConnection.cpp|00307|05-11-2016 12:23:42:738|~VB~]Ussd Shake Resp:[cmdLength:20,cmdId:132,cmdStatus:0,senderCB:-1,receiverCB:-1]
[SMPPCLINET1|TimerManeger.cpp|00107|05-11-2016 12:23:42:793|~DG~]No Timer Event Are Registed With TimerManeger
[SMPPCLINET1|TimerManeger.cpp|00107|05-11-2016 12:23:43:795|~DG~]No Timer Event Are Registed With TimerManeger
[SMPPCLINET1|TimerManeger.cpp|00107|05-11-2016 12:23:44:797|~DG~]No Timer Event Are Registed With TimerManeger
[SMPPCLINET1|TimerManeger.cpp|00107|05-11-2016 12:23:45:799|~DG~]No Timer Event Are Registed With TimerManeger
[SMPPCLINET1|TimerManeger.cpp|00107|05-11-2016 12:23:46:801|~DG~]No Timer Event Are Registed With TimerManeger
[SMPPCLINET1|TimerManeger.cpp|00107|05-11-2016 12:23:47:803|~DG~]No Timer Event Are Registed With TimerManeger
[SMPPCLINET1|TimerManeger.cpp|00107|05-11-2016 12:23:48:804|~DG~]No Timer Event Are Registed With TimerManeger
[SMPPCLINET1|TimerManeger.cpp|00107|05-11-2016 12:23:49:806|~DG~]No Timer Event Are Registed With TimerManeger
[SMPPCLINET1|TimerManeger.cpp|00107|05-11-2016 12:23:50:808|~DG~]No Timer Event Are Registed With TimerManeger
[SMPPCLINET1|TimerManeger.cpp|00107|05-11-2016 12:23:51:811|~DG~]No Timer Event Are Registed With TimerManeger
[SMPPCLINET1|TimerManeger.cpp|00107|05-11-2016 12:23:52:812|~DG~]No Timer Event Are Registed With TimerManeger
[SMPPCLINET1|TimerManeger.cpp|00107|05-11-2016 12:23:53:814|~DG~]No Timer Event Are Registed With TimerManeger
[SMPPCLINET1|TimerManeger.cpp|00107|05-11-2016 12:23:54:816|~DG~]No Timer Event Are Registed With TimerManeger
[SMPPCLINET1|TimerManeger.cpp|00107|05-11-2016 12:23:55:817|~DG~]No Timer Event Are Registed With TimerManeger
[SMPPCLINET1|TimerManeger.cpp|00107|05-11-2016 12:23:56:820|~DG~]No Timer Event Are Registed With TimerManeger
[SMPPCLINET1|TimerManeger.cpp|00107|05-11-2016 12:23:57:822|~DG~]No Timer Event Are Registed With TimerManeger
[SMPPCLINET1|TimerManeger.cpp|00107|05-11-2016 12:23:58:825|~DG~]No Timer Event Are Registed With TimerManeger
[SMPPCLINET1|TimerManeger.cpp|00107|05-11-2016 12:23:59:826|~DG~]No Timer Event Are Registed With TimerManeger
[SMPPCLINET1|TimerManeger.cpp|00107|05-11-2016 12:24:00:828|~DG~]No Timer Event Are Registed With TimerManeger
[SMPPCLINET1|TimerManeger.cpp|00107|05-11-2016 12:24:01:830|~DG~]No Timer Event Are Registed With TimerManeger
[SMPPCLINET1|TimerManeger.cpp|00107|05-11-2016 12:24:02:831|~DG~]No Timer Event Are Registed With TimerManeger
[SMPPCLINET1|TimerManeger.cpp|00107|05-11-2016 12:24:03:833|~DG~]No Timer Event Are Registed With TimerManeger
[SMPPCLINET1|TimerManeger.cpp|00107|05-11-2016 12:24:04:835|~DG~]No Timer Event Are Registed With TimerManeger
[SMPPCLINET1|TimerManeger.cpp|00107|05-11-2016 12:24:05:837|~DG~]No Timer Event Are Registed With TimerManeger
[SMPPCLINET1|TimerManeger.cpp|00107|05-11-2016 12:24:06:839|~DG~]No Timer Event Are Registed With TimerManeger
[SMPPCLINET1|TimerManeger.cpp|00107|05-11-2016 12:24:07:842|~DG~]No Timer Event Are Registed With TimerManeger
[SMPPCLINET1|TimerManeger.cpp|00107|05-11-2016 12:24:08:844|~DG~]No Timer Event Are Registed With TimerManeger
[SMPPCLINET1|TimerManeger.cpp|00107|05-11-2016 12:24:09:845|~DG~]No Timer Event Are Registed With TimerManeger
[SMPPCLINET1|TimerManeger.cpp|00107|05-11-2016 12:24:10:847|~DG~]No Timer Event Are Registed With TimerManeger
[SMPPCLINET1|TimerManeger.cpp|00107|05-11-2016 12:24:11:849|~DG~]No Timer Event Are Registed With TimerManeger
[SMPPCLINET1|TimerManeger.cpp|00107|05-11-2016 12:24:12:851|~DG~]No Timer Event Are Registed With TimerManeger
140000008300000000000000ffffffffffffffff
[SMPPCLINET1|EsmeConnection.cpp|00056|05-11-2016 12:24:13:700|~IN~]Receiveing the data from SMPP[20]:cmdLength:20,cmdId:132,cmdStatus:0,senderCB:-1,receiverCB:-1:Error Not Configured
140000008400000000000000ffffffffffffffff
[SMPPCLINET1|EsmeConnection.cpp|00307|05-11-2016 12:24:13:796|~VB~]Ussd Shake Resp:[cmdLength:20,cmdId:132,cmdStatus:0,senderCB:-1,receiverCB:-1]
[SMPPCLINET1|TimerManeger.cpp|00107|05-11-2016 12:24:13:853|~DG~]No Timer Event Are Registed With TimerManeger
[SMPPCLINET1|TimerManeger.cpp|00107|05-11-2016 12:24:14:855|~DG~]No Timer Event Are Registed With TimerManeger
[SMPPCLINET1|TimerManeger.cpp|00107|05-11-2016 12:24:15:857|~DG~]No Timer Event Are Registed With TimerManeger
[SMPPCLINET1|TimerManeger.cpp|00107|05-11-2016 12:24:16:858|~DG~]No Timer Event Are Registed With TimerManeger
[SMPPCLINET1|TimerManeger.cpp|00107|05-11-2016 12:24:17:860|~DG~]No Timer Event Are Registed With TimerManeger
[SMPPCLINET1|TimerManeger.cpp|00107|05-11-2016 12:24:18:862|~DG~]No Timer Event Are Registed With TimerManeger
[SMPPCLINET1|TimerManeger.cpp|00107|05-11-2016 12:24:19:863|~DG~]No Timer Event Are Registed With TimerManeger
[SMPPCLINET1|TimerManeger.cpp|00107|05-11-2016 12:24:20:866|~DG~]No Timer Event Are Registed With TimerManeger
[SMPPCLINET1|TimerManeger.cpp|00107|05-11-2016 12:24:21:868|~DG~]No Timer Event Are Registed With TimerManeger
[SMPPCLINET1|TimerManeger.cpp|00107|05-11-2016 12:24:22:870|~DG~]No Timer Event Are Registed With TimerManeger
[SMPPCLINET1|TimerManeger.cpp|00107|05-11-2016 12:24:23:871|~DG~]No Timer Event Are Registed With TimerManeger
[SMPPCLINET1|TimerManeger.cpp|00107|05-11-2016 12:24:24:874|~DG~]No Timer Event Are Registed With TimerManeger
[SMPPCLINET1|TimerManeger.cpp|00107|05-11-2016 12:24:25:877|~DG~]No Timer Event Are Registed With TimerManeger
[SMPPCLINET1|TimerManeger.cpp|00107|05-11-2016 12:24:26:879|~DG~]No Timer Event Are Registed With TimerManeger
[SMPPCLINET1|TimerManeger.cpp|00107|05-11-2016 12:24:27:881|~DG~]No Timer Event Are Registed With TimerManeger
[SMPPCLINET1|TimerManeger.cpp|00107|05-11-2016 12:24:28:884|~DG~]No Timer Event Are Registed With TimerManeger
[SMPPCLINET1|TimerManeger.cpp|00107|05-11-2016 12:24:29:886|~DG~]No Timer Event Are Registed With TimerManeger
[SMPPCLINET1|TimerManeger.cpp|00107|05-11-2016 12:24:30:887|~DG~]No Timer Event Are Registed With TimerManeger
[SMPPCLINET1|TimerManeger.cpp|00107|05-11-2016 12:24:31:889|~DG~]No Timer Event Are Registed With TimerManeger
[SMPPCLINET1|TimerManeger.cpp|00107|05-11-2016 12:24:32:890|~DG~]No Timer Event Are Registed With TimerManeger
[SMPPCLINET1|TimerManeger.cpp|00107|05-11-2016 12:24:33:893|~DG~]No Timer Event Are Registed With TimerManeger
[SMPPCLINET1|TimerManeger.cpp|00107|05-11-2016 12:24:34:894|~DG~]No Timer Event Are Registed With TimerManeger
[SMPPCLINET1|TimerManeger.cpp|00107|05-11-2016 12:24:35:897|~DG~]No Timer Event Are Registed With TimerManeger
[SMPPCLINET1|TimerManeger.cpp|00107|05-11-2016 12:24:36:898|~DG~]No Timer Event Are Registed With TimerManeger
[SMPPCLINET1|TimerManeger.cpp|00107|05-11-2016 12:24:37:900|~DG~]No Timer Event Are Registed With TimerManeger
[SMPPCLINET1|TimerManeger.cpp|00107|05-11-2016 12:24:38:902|~DG~]No Timer Event Are Registed With TimerManeger
[SMPPCLINET1|TimerManeger.cpp|00107|05-11-2016 12:24:39:904|~DG~]No Timer Event Are Registed With TimerManeger
[SMPPCLINET1|TimerManeger.cpp|00107|05-11-2016 12:24:40:906|~DG~]No Timer Event Are Registed With TimerManeger
[SMPPCLINET1|TimerManeger.cpp|00107|05-11-2016 12:24:41:907|~DG~]No Timer Event Are Registed With TimerManeger
[SMPPCLINET1|TimerManeger.cpp|00107|05-11-2016 12:24:42:910|~DG~]No Timer Event Are Registed With TimerManeger
[SMPPCLINET1|TimerManeger.cpp|00107|05-11-2016 12:24:43:911|~DG~]No Timer Event Are Registed With TimerManeger
140000008300000000000000ffffffffffffffff
[SMPPCLINET1|EsmeConnection.cpp|00056|05-11-2016 12:24:44:759|~IN~]Receiveing the data from SMPP[20]:cmdLength:20,cmdId:132,cmdStatus:0,senderCB:-1,receiverCB:-1:Error Not Configured
140000008400000000000000ffffffffffffffff
[SMPPCLINET1|EsmeConnection.cpp|00307|05-11-2016 12:24:44:856|~VB~]Ussd Shake Resp:[cmdLength:20,cmdId:132,cmdStatus:0,senderCB:-1,receiverCB:-1]
[SMPPCLINET1|TimerManeger.cpp|00107|05-11-2016 12:24:44:913|~DG~]No Timer Event Are Registed With TimerManeger
[SMPPCLINET1|TimerManeger.cpp|00107|05-11-2016 12:24:45:915|~DG~]No Timer Event Are Registed With TimerManeger
[SMPPCLINET1|TimerManeger.cpp|00107|05-11-2016 12:24:46:916|~DG~]No Timer Event Are Registed With TimerManeger
[SMPPCLINET1|TimerManeger.cpp|00107|05-11-2016 12:24:47:919|~DG~]No Timer Event Are Registed With TimerManeger
[SMPPCLINET1|TimerManeger.cpp|00107|05-11-2016 12:24:48:920|~DG~]No Timer Event Are Registed With TimerManeger
[SMPPCLINET1|TimerManeger.cpp|00107|05-11-2016 12:24:49:923|~DG~]No Timer Event Are Registed With TimerManeger
[SMPPCLINET1|TimerManeger.cpp|00107|05-11-2016 12:24:50:924|~DG~]No Timer Event Are Registed With TimerManeger
[SMPPCLINET1|TimerManeger.cpp|00107|05-11-2016 12:24:51:926|~DG~]No Timer Event Are Registed With TimerManeger
[SMPPCLINET1|TimerManeger.cpp|00107|05-11-2016 12:24:52:928|~DG~]No Timer Event Are Registed With TimerManeger
[SMPPCLINET1|TimerManeger.cpp|00107|05-11-2016 12:24:53:929|~DG~]No Timer Event Are Registed With TimerManeger
[SMPPCLINET1|TimerManeger.cpp|00107|05-11-2016 12:24:54:931|~DG~]No Timer Event Are Registed With TimerManeger
[SMPPCLINET1|TimerManeger.cpp|00107|05-11-2016 12:24:55:933|~DG~]No Timer Event Are Registed With TimerManeger
[SMPPCLINET1|TimerManeger.cpp|00107|05-11-2016 12:24:56:936|~DG~]No Timer Event Are Registed With TimerManeger
[SMPPCLINET1|TimerManeger.cpp|00107|05-11-2016 12:24:57:937|~DG~]No Timer Event Are Registed With TimerManeger
[SMPPCLINET1|TimerManeger.cpp|00107|05-11-2016 12:24:58:939|~DG~]No Timer Event Are Registed With TimerManeger
[SMPPCLINET1|TimerManeger.cpp|00107|05-11-2016 12:24:59:941|~DG~]No Timer Event Are Registed With TimerManeger
[SMPPCLINET1|TimerManeger.cpp|00107|05-11-2016 12:25:00:943|~DG~]No Timer Event Are Registed With TimerManeger
[SMPPCLINET1|TimerManeger.cpp|00107|05-11-2016 12:25:01:944|~DG~]No Timer Event Are Registed With TimerManeger
[SMPPCLINET1|TimerManeger.cpp|00107|05-11-2016 12:25:02:946|~DG~]No Timer Event Are Registed With TimerManeger
[SMPPCLINET1|TimerManeger.cpp|00107|05-11-2016 12:25:03:948|~DG~]No Timer Event Are Registed With TimerManeger
[SMPPCLINET1|TimerManeger.cpp|00107|05-11-2016 12:25:04:950|~DG~]No Timer Event Are Registed With TimerManeger
[SMPPCLINET1|TimerManeger.cpp|00107|05-11-2016 12:25:05:952|~DG~]No Timer Event Are Registed With TimerManeger
[SMPPCLINET1|TimerManeger.cpp|00107|05-11-2016 12:25:06:954|~DG~]No Timer Event Are Registed With TimerManeger
[SMPPCLINET1|TimerManeger.cpp|00107|05-11-2016 12:25:07:955|~DG~]No Timer Event Are Registed With TimerManeger
[SMPPCLINET1|TimerManeger.cpp|00107|05-11-2016 12:25:08:957|~DG~]No Timer Event Are Registed With TimerManeger
[SMPPCLINET1|TimerManeger.cpp|00107|05-11-2016 12:25:09:959|~DG~]No Timer Event Are Registed With TimerManeger
[SMPPCLINET1|TimerManeger.cpp|00107|05-11-2016 12:25:10:961|~DG~]No Timer Event Are Registed With TimerManeger
[SMPPCLINET1|TimerManeger.cpp|00107|05-11-2016 12:25:11:963|~DG~]No Timer Event Are Registed With TimerManeger
[SMPPCLINET1|TimerManeger.cpp|00107|05-11-2016 12:25:12:965|~DG~]No Timer Event Are Registed With TimerManeger
[SMPPCLINET1|TimerManeger.cpp|00107|05-11-2016 12:25:13:967|~DG~]No Timer Event Are Registed With TimerManeger
[SMPPCLINET1|TimerManeger.cpp|00107|05-11-2016 12:25:14:969|~DG~]No Timer Event Are Registed With TimerManeger
140000008300000000000000ffffffffffffffff
[SMPPCLINET1|EsmeConnection.cpp|00056|05-11-2016 12:25:15:819|~IN~]Receiveing the data from SMPP[20]:cmdLength:20,cmdId:132,cmdStatus:0,senderCB:-1,receiverCB:-1:Error Not Configured
140000008400000000000000ffffffffffffffff
[SMPPCLINET1|EsmeConnection.cpp|00307|05-11-2016 12:25:15:913|~VB~]Ussd Shake Resp:[cmdLength:20,cmdId:132,cmdStatus:0,senderCB:-1,receiverCB:-1]
[SMPPCLINET1|TimerManeger.cpp|00107|05-11-2016 12:25:15:970|~DG~]No Timer Event Are Registed With TimerManeger
[SMPPCLINET1|TimerManeger.cpp|00107|05-11-2016 12:25:16:972|~DG~]No Timer Event Are Registed With TimerManeger
[SMPPCLINET1|TimerManeger.cpp|00107|05-11-2016 12:25:17:974|~DG~]No Timer Event Are Registed With TimerManeger
[SMPPCLINET1|TimerManeger.cpp|00107|05-11-2016 12:25:18:976|~DG~]No Timer Event Are Registed With TimerManeger
[SMPPCLINET1|TimerManeger.cpp|00107|05-11-2016 12:25:19:978|~DG~]No Timer Event Are Registed With TimerManeger
[SMPPCLINET1|TimerManeger.cpp|00107|05-11-2016 12:25:20:980|~DG~]No Timer Event Are Registed With TimerManeger
[SMPPCLINET1|TimerManeger.cpp|00107|05-11-2016 12:25:21:982|~DG~]No Timer Event Are Registed With TimerManeger
[SMPPCLINET1|TimerManeger.cpp|00107|05-11-2016 12:25:22:983|~DG~]No Timer Event Are Registed With TimerManeger
[SMPPCLINET1|TimerManeger.cpp|00107|05-11-2016 12:25:23:985|~DG~]No Timer Event Are Registed With TimerManeger
[SMPPCLINET1|TimerManeger.cpp|00107|05-11-2016 12:25:24:987|~DG~]No Timer Event Are Registed With TimerManeger
[SMPPCLINET1|TimerManeger.cpp|00107|05-11-2016 12:25:25:989|~DG~]No Timer Event Are Registed With TimerManeger
[SMPPCLINET1|TimerManeger.cpp|00107|05-11-2016 12:25:26:991|~DG~]No Timer Event Are Registed With TimerManeger
[SMPPCLINET1|TimerManeger.cpp|00107|05-11-2016 12:25:27:993|~DG~]No Timer Event Are Registed With TimerManeger
[SMPPCLINET1|TimerManeger.cpp|00107|05-11-2016 12:25:28:995|~DG~]No Timer Event Are Registed With TimerManeger
[SMPPCLINET1|TimerManeger.cpp|00107|05-11-2016 12:25:29:996|~DG~]No Timer Event Are Registed With TimerManeger
[SMPPCLINET1|TimerManeger.cpp|00107|05-11-2016 12:25:30:998|~DG~]No Timer Event Are Registed With TimerManeger
[SMPPCLINET1|TimerManeger.cpp|00107|05-11-2016 12:25:32:000|~DG~]No Timer Event Are Registed With TimerManeger
[SMPPCLINET1|TimerManeger.cpp|00107|05-11-2016 12:25:33:001|~DG~]No Timer Event Are Registed With TimerManeger
[SMPPCLINET1|TimerManeger.cpp|00107|05-11-2016 12:25:34:004|~DG~]No Timer Event Are Registed With TimerManeger
[SMPPCLINET1|TimerManeger.cpp|00107|05-11-2016 12:25:35:006|~DG~]No Timer Event Are Registed With TimerManeger
[SMPPCLINET1|TimerManeger.cpp|00107|05-11-2016 12:25:36:007|~DG~]No Timer Event Are Registed With TimerManeger
[SMPPCLINET1|TimerManeger.cpp|00107|05-11-2016 12:25:37:009|~DG~]No Timer Event Are Registed With TimerManeger
[SMPPCLINET1|TimerManeger.cpp|00107|05-11-2016 12:25:38:011|~DG~]No Timer Event Are Registed With TimerManeger
[SMPPCLINET1|TimerManeger.cpp|00107|05-11-2016 12:25:39:013|~DG~]No Timer Event Are Registed With TimerManeger
[SMPPCLINET1|TimerManeger.cpp|00107|05-11-2016 12:25:40:015|~DG~]No Timer Event Are Registed With TimerManeger
[SMPPCLINET1|TimerManeger.cpp|00107|05-11-2016 12:25:41:018|~DG~]No Timer Event Are Registed With TimerManeger
[SMPPCLINET1|TimerManeger.cpp|00107|05-11-2016 12:25:42:020|~DG~]No Timer Event Are Registed With TimerManeger
