[SMPPSERVER10|TcpServer.cpp|00165|26-11-2016 21:20:29:264|~IN~]StartServerThread started...
[SMPPSERVER10|Receiver.cpp|00028|26-11-2016 21:20:29:494|~IN~]Receiveing the data
[SMPPSERVER10|Receiver.cpp|00034|26-11-2016 21:20:30:498|~IN~]Receiveing the data :cmdLength:43,cmdId:0x9,cmdStatus:0,mcsi_sessionId1
[SMPPSERVER10|Receiver.cpp|00035|26-11-2016 21:20:30:498|~IN~]Receiveing the data from SMPP Clinet:43
[SMPPSERVER10|Receiver.cpp|00049|26-11-2016 21:20:30:499|~IN~]Receiveing the data from SMPP Clinet:43
[SMPPSERVER10|Receiver.cpp|00056|26-11-2016 21:20:30:499|~IN~]Sending Bind Responc:testAcount
0000001b8000000900000000000000017465737441636f756e7400
[SMPPSERVER10|TcpServer.cpp|00202|26-11-2016 21:20:31:501|~IN~] Client connected from 
[SMPPSERVER10|TcpServer.cpp|00223|26-11-2016 21:20:31:502|~IN~]Started ClientThread[0x8e8bc60]
[SMPPSERVER10|Receiver.cpp|00023|26-11-2016 21:20:31:502|~IN~]sending begin
0000003f000000050000000000000002555353440001013931393439333032343730350000002a36363700000000000000000f00052a363637230501000101
[SMPPSERVER10|Receiver.cpp|00026|26-11-2016 21:20:36:504|~IN~]after sending begin
[SMPPSERVER10|Receiver.cpp|00028|26-11-2016 21:20:36:504|~IN~]Receiveing the data
[SMPPSERVER10|Receiver.cpp|00034|26-11-2016 21:20:37:502|~IN~]Receiveing the data :cmdLength:17,cmdId:0x80000005,cmdStatus:0,mcsi_sessionId2
[SMPPSERVER10|Receiver.cpp|00035|26-11-2016 21:20:37:502|~IN~]Receiveing the data from SMPP Clinet:17
[SMPPSERVER10|Receiver.cpp|00049|26-11-2016 21:20:37:502|~IN~]Receiveing the data from SMPP Clinet:17
[SMPPSERVER10|Receiver.cpp|00028|26-11-2016 21:20:37:502|~IN~]Receiveing the data
[SMPPSERVER10|Receiver.cpp|00034|26-11-2016 21:20:37:542|~IN~]Receiveing the data :cmdLength:93,cmdId:0x4,cmdStatus:0,mcsi_sessionId2
[SMPPSERVER10|Receiver.cpp|00035|26-11-2016 21:20:37:543|~IN~]Receiveing the data from SMPP Clinet:93
[SMPPSERVER10|Receiver.cpp|00049|26-11-2016 21:20:37:543|~IN~]Receiveing the data from SMPP Clinet:93
000000128000000400000000000000023000
0000003b000000050000000000000001555353440001013931393439333032343730350000002a3636370000000000000000000001310501000112
[SMPPSERVER10|Receiver.cpp|00028|26-11-2016 21:20:40:006|~IN~]Receiveing the data
[SMPPSERVER10|Receiver.cpp|00034|26-11-2016 21:20:40:518|~IN~]Receiveing the data :cmdLength:17,cmdId:0x80000005,cmdStatus:0,mcsi_sessionId1
[SMPPSERVER10|Receiver.cpp|00035|26-11-2016 21:20:40:518|~IN~]Receiveing the data from SMPP Clinet:17
[SMPPSERVER10|Receiver.cpp|00049|26-11-2016 21:20:40:518|~IN~]Receiveing the data from SMPP Clinet:17
[SMPPSERVER10|Receiver.cpp|00028|26-11-2016 21:20:40:518|~IN~]Receiveing the data
[SMPPSERVER10|Receiver.cpp|00034|26-11-2016 21:20:40:559|~IN~]Receiveing the data :cmdLength:82,cmdId:0x4,cmdStatus:0,mcsi_sessionId3
[SMPPSERVER10|Receiver.cpp|00035|26-11-2016 21:20:40:559|~IN~]Receiveing the data from SMPP Clinet:82
[SMPPSERVER10|Receiver.cpp|00049|26-11-2016 21:20:40:559|~IN~]Receiveing the data from SMPP Clinet:82
000000128000000400000000000000033000
0000003c0000000500000000000000025553534400010139313934393330323437303500000031323537000000000000000000000261730501000112
[SMPPSERVER10|Receiver.cpp|00028|26-11-2016 21:20:42:379|~IN~]Receiveing the data
[SMPPSERVER10|Receiver.cpp|00034|26-11-2016 21:20:42:524|~IN~]Receiveing the data :cmdLength:17,cmdId:0x80000005,cmdStatus:0,mcsi_sessionId2
[SMPPSERVER10|Receiver.cpp|00035|26-11-2016 21:20:42:524|~IN~]Receiveing the data from SMPP Clinet:17
[SMPPSERVER10|Receiver.cpp|00049|26-11-2016 21:20:42:524|~IN~]Receiveing the data from SMPP Clinet:17
[SMPPSERVER10|Receiver.cpp|00028|26-11-2016 21:20:42:524|~IN~]Receiveing the data
[SMPPSERVER10|Receiver.cpp|00034|26-11-2016 21:20:42:564|~IN~]Receiveing the data :cmdLength:96,cmdId:0x4,cmdStatus:0,mcsi_sessionId4
[SMPPSERVER10|Receiver.cpp|00035|26-11-2016 21:20:42:564|~IN~]Receiveing the data from SMPP Clinet:96
[SMPPSERVER10|Receiver.cpp|00049|26-11-2016 21:20:42:564|~IN~]Receiveing the data from SMPP Clinet:96
000000128000000400000000000000043000
000000440000000500000000000000035553534400010139313934393330323437303500000031323537000000000000000000000a373637363732343631340501000112
[SMPPSERVER10|Receiver.cpp|00028|26-11-2016 21:20:47:103|~IN~]Receiveing the data
[SMPPSERVER10|Receiver.cpp|00034|26-11-2016 21:20:47:535|~IN~]Receiveing the data :cmdLength:17,cmdId:0x80000005,cmdStatus:0,mcsi_sessionId3
[SMPPSERVER10|Receiver.cpp|00035|26-11-2016 21:20:47:535|~IN~]Receiveing the data from SMPP Clinet:17
[SMPPSERVER10|Receiver.cpp|00049|26-11-2016 21:20:47:535|~IN~]Receiveing the data from SMPP Clinet:17
[SMPPSERVER10|Receiver.cpp|00028|26-11-2016 21:20:47:535|~IN~]Receiveing the data
[SMPPSERVER10|Receiver.cpp|00034|26-11-2016 21:20:47:576|~IN~]Receiveing the data :cmdLength:93,cmdId:0x4,cmdStatus:0,mcsi_sessionId5
[SMPPSERVER10|Receiver.cpp|00035|26-11-2016 21:20:47:576|~IN~]Receiveing the data from SMPP Clinet:93
[SMPPSERVER10|Receiver.cpp|00049|26-11-2016 21:20:47:576|~IN~]Receiveing the data from SMPP Clinet:93
000000128000000400000000000000053000
0000003b00000005000000000000000455535344000101393139343933303234373035000000313235370000000000000000000001310501000112
[SMPPSERVER10|Receiver.cpp|00028|26-11-2016 21:20:50:907|~IN~]Receiveing the data
[SMPPSERVER10|Receiver.cpp|00034|26-11-2016 21:20:51:545|~IN~]Receiveing the data :cmdLength:17,cmdId:0x80000005,cmdStatus:0,mcsi_sessionId4
[SMPPSERVER10|Receiver.cpp|00035|26-11-2016 21:20:51:545|~IN~]Receiveing the data from SMPP Clinet:17
[SMPPSERVER10|Receiver.cpp|00049|26-11-2016 21:20:51:545|~IN~]Receiveing the data from SMPP Clinet:17
[SMPPSERVER10|Receiver.cpp|00028|26-11-2016 21:20:51:545|~IN~]Receiveing the data
[SMPPSERVER10|Receiver.cpp|00034|26-11-2016 21:20:51:585|~IN~]Receiveing the data :cmdLength:91,cmdId:0x4,cmdStatus:0,mcsi_sessionId6
[SMPPSERVER10|Receiver.cpp|00035|26-11-2016 21:20:51:585|~IN~]Receiveing the data from SMPP Clinet:91
[SMPPSERVER10|Receiver.cpp|00049|26-11-2016 21:20:51:585|~IN~]Receiveing the data from SMPP Clinet:91
000000128000000400000000000000063000
[SMPPSERVER10|Receiver.cpp|00028|26-11-2016 21:20:51:585|~IN~]Receiveing the data
[SMPPSERVER10|Receiver.cpp|00046|26-11-2016 21:20:55:977|~ER~]Clinet Disconnection happend
[SMPPSERVER10|TcpServer.cpp|00228|26-11-2016 21:20:55:977|~ER~]Clint Has Discoonected From 
[SMPPSERVER10|TcpServer.cpp|00245|26-11-2016 21:20:55:977|~CR~]Clinet  Disconnected
