[SMPPSERVER10|TcpServer.cpp|00165|15-11-2016 20:11:50:652|~IN~]StartServerThread started...
[SMPPSERVER10|Receiver.cpp|00028|15-11-2016 20:12:46:064|~IN~]Receiveing the data
[SMPPSERVER10|Receiver.cpp|00034|15-11-2016 20:12:47:068|~IN~]Receiveing the data :cmdLength:43,cmdId:0x9,cmdStatus:0,mcsi_sessionId1
[SMPPSERVER10|Receiver.cpp|00035|15-11-2016 20:12:47:069|~IN~]Receiveing the data from SMPP Clinet:43
[SMPPSERVER10|Receiver.cpp|00049|15-11-2016 20:12:47:069|~IN~]Receiveing the data from SMPP Clinet:43
[SMPPSERVER10|Receiver.cpp|00056|15-11-2016 20:12:47:069|~IN~]Sending Bind Responc:testAcount
0000001b8000000900000000000000017465737441636f756e7400
[SMPPSERVER10|TcpServer.cpp|00202|15-11-2016 20:12:48:073|~IN~] Client connected from 
[SMPPSERVER10|TcpServer.cpp|00223|15-11-2016 20:12:48:074|~IN~]Started ClientThread[0x8492c60]
[SMPPSERVER10|Receiver.cpp|00022|15-11-2016 20:12:48:074|~IN~]sending begin
0000003b000000050000000000000002555353440000002a3636372300010139313934393330323437303500000000000000000f00000501000101
[SMPPSERVER10|Receiver.cpp|00026|15-11-2016 20:13:08:079|~IN~]after sending begin
[SMPPSERVER10|Receiver.cpp|00028|15-11-2016 20:13:08:079|~IN~]Receiveing the data
[SMPPSERVER10|Receiver.cpp|00034|15-11-2016 20:13:08:079|~IN~]Receiveing the data :cmdLength:17,cmdId:0x80000005,cmdStatus:0,mcsi_sessionId2
[SMPPSERVER10|Receiver.cpp|00035|15-11-2016 20:13:08:080|~IN~]Receiveing the data from SMPP Clinet:17
[SMPPSERVER10|Receiver.cpp|00049|15-11-2016 20:13:08:080|~IN~]Receiveing the data from SMPP Clinet:17
[SMPPSERVER10|Receiver.cpp|00028|15-11-2016 20:13:08:080|~IN~]Receiveing the data
[SMPPSERVER10|Receiver.cpp|00034|15-11-2016 20:13:08:080|~IN~]Receiveing the data :cmdLength:18,cmdId:0x80000004,cmdStatus:3,mcsi_sessionId2
[SMPPSERVER10|Receiver.cpp|00035|15-11-2016 20:13:08:080|~IN~]Receiveing the data from SMPP Clinet:18
[SMPPSERVER10|Receiver.cpp|00049|15-11-2016 20:13:08:080|~IN~]Receiveing the data from SMPP Clinet:18
[SMPPSERVER10|Receiver.cpp|00028|15-11-2016 20:13:08:080|~IN~]Receiveing the data
[SMPPSERVER10|Receiver.cpp|00034|15-11-2016 20:13:18:136|~IN~]Receiveing the data :cmdLength:16,cmdId:0x15,cmdStatus:0,mcsi_sessionId2
[SMPPSERVER10|Receiver.cpp|00035|15-11-2016 20:13:18:136|~IN~]Receiveing the data from SMPP Clinet:16
[SMPPSERVER10|Receiver.cpp|00049|15-11-2016 20:13:18:136|~IN~]Receiveing the data from SMPP Clinet:16
[SMPPSERVER10|Receiver.cpp|00028|15-11-2016 20:13:18:136|~IN~]Receiveing the data
[SMPPSERVER10|Receiver.cpp|00046|15-11-2016 20:13:40:637|~ER~]Clinet Disconnection happend
[SMPPSERVER10|TcpServer.cpp|00228|15-11-2016 20:13:40:637|~ER~]Clint Has Discoonected From 
[SMPPSERVER10|TcpServer.cpp|00245|15-11-2016 20:13:40:640|~CR~]Clinet  Disconnected
