[SMPPSERVER10|TcpServer.cpp|00165|14-11-2016 21:27:23:419|~IN~]StartServerThread started...
[SMPPSERVER10|Receiver.cpp|00028|14-11-2016 21:27:28:200|~IN~]Receiveing the data
[SMPPSERVER10|Receiver.cpp|00034|14-11-2016 21:27:29:203|~IN~]Receiveing the data :cmdLength:43,cmdId:0x9,cmdStatus:0,mcsi_sessionId1
[SMPPSERVER10|Receiver.cpp|00035|14-11-2016 21:27:29:203|~IN~]Receiveing the data from SMPP Clinet:43
[SMPPSERVER10|Receiver.cpp|00049|14-11-2016 21:27:29:203|~IN~]Receiveing the data from SMPP Clinet:43
[SMPPSERVER10|Receiver.cpp|00056|14-11-2016 21:27:29:203|~IN~]Sending Bind Responc:testAcount
0000001b8000000900000000000000017465737441636f756e7400
[SMPPSERVER10|TcpServer.cpp|00202|14-11-2016 21:27:30:209|~IN~] Client connected from 
[SMPPSERVER10|TcpServer.cpp|00223|14-11-2016 21:27:30:209|~IN~]Started ClientThread[0x8d0cc60]
[SMPPSERVER10|Receiver.cpp|00022|14-11-2016 21:27:30:210|~IN~]sending begin
0000003b000000050000000000000002555353440000002a3636372300010139313934393330323437303500000000000000000f00000501000102
[SMPPSERVER10|Receiver.cpp|00026|14-11-2016 21:27:50:214|~IN~]after sending begin
[SMPPSERVER10|Receiver.cpp|00028|14-11-2016 21:27:50:214|~IN~]Receiveing the data
[SMPPSERVER10|Receiver.cpp|00034|14-11-2016 21:27:50:214|~IN~]Receiveing the data :cmdLength:17,cmdId:0x80000005,cmdStatus:0,mcsi_sessionId2
[SMPPSERVER10|Receiver.cpp|00035|14-11-2016 21:27:50:215|~IN~]Receiveing the data from SMPP Clinet:17
[SMPPSERVER10|Receiver.cpp|00049|14-11-2016 21:27:50:215|~IN~]Receiveing the data from SMPP Clinet:17
[SMPPSERVER10|TcpServer.cpp|00228|14-11-2016 21:27:50:215|~ER~]Clint Has Discoonected From 
[SMPPSERVER10|TcpServer.cpp|00245|14-11-2016 21:27:50:215|~CR~]Clinet  Disconnected
[SMPPSERVER10|Receiver.cpp|00028|14-11-2016 21:27:50:215|~IN~]Receiveing the data
[SMPPSERVER10|Receiver.cpp|00034|14-11-2016 21:27:51:218|~IN~]Receiveing the data :cmdLength:43,cmdId:0x9,cmdStatus:0,mcsi_sessionId1
[SMPPSERVER10|Receiver.cpp|00035|14-11-2016 21:27:51:218|~IN~]Receiveing the data from SMPP Clinet:43
[SMPPSERVER10|Receiver.cpp|00049|14-11-2016 21:27:51:218|~IN~]Receiveing the data from SMPP Clinet:43
[SMPPSERVER10|Receiver.cpp|00056|14-11-2016 21:27:51:218|~IN~]Sending Bind Responc:testAcount
0000001b8000000900000000000000017465737441636f756e7400
[SMPPSERVER10|TcpServer.cpp|00202|14-11-2016 21:27:52:220|~IN~] Client connected from 
[SMPPSERVER10|TcpServer.cpp|00223|14-11-2016 21:27:52:221|~IN~]Started ClientThread[0x8d0d180]
[SMPPSERVER10|Receiver.cpp|00022|14-11-2016 21:27:52:221|~IN~]sending begin
