[SMPPSERVER10|TcpServer.cpp|00165|26-11-2016 21:51:18:232|~IN~]StartServerThread started...
[SMPPSERVER10|Receiver.cpp|00028|26-11-2016 21:51:18:666|~IN~]Receiveing the data
[SMPPSERVER10|Receiver.cpp|00034|26-11-2016 21:51:19:670|~IN~]Receiveing the data :cmdLength:43,cmdId:0x9,cmdStatus:0,mcsi_sessionId1
[SMPPSERVER10|Receiver.cpp|00035|26-11-2016 21:51:19:670|~IN~]Receiveing the data from SMPP Clinet:43
[SMPPSERVER10|Receiver.cpp|00049|26-11-2016 21:51:19:670|~IN~]Receiveing the data from SMPP Clinet:43
[SMPPSERVER10|Receiver.cpp|00056|26-11-2016 21:51:19:670|~IN~]Sending Bind Responc:testAcount
0000001b8000000900000000000000017465737441636f756e7400
[SMPPSERVER10|TcpServer.cpp|00202|26-11-2016 21:51:20:673|~IN~] Client connected from 
[SMPPSERVER10|TcpServer.cpp|00223|26-11-2016 21:51:20:674|~IN~]Started ClientThread[0x8e65c60]
[SMPPSERVER10|Receiver.cpp|00023|26-11-2016 21:51:20:674|~IN~]sending begin
0000003f000000050000000000000002555353440001013931393439333032343730350000002a36363700000000000000000f00052a363637230501000101
[SMPPSERVER10|Receiver.cpp|00026|26-11-2016 21:51:25:676|~IN~]after sending begin
[SMPPSERVER10|Receiver.cpp|00028|26-11-2016 21:51:25:676|~IN~]Receiveing the data
[SMPPSERVER10|Receiver.cpp|00034|26-11-2016 21:51:26:662|~IN~]Receiveing the data :cmdLength:17,cmdId:0x80000005,cmdStatus:0,mcsi_sessionId2
[SMPPSERVER10|Receiver.cpp|00035|26-11-2016 21:51:26:662|~IN~]Receiveing the data from SMPP Clinet:17
[SMPPSERVER10|Receiver.cpp|00049|26-11-2016 21:51:26:662|~IN~]Receiveing the data from SMPP Clinet:17
[SMPPSERVER10|Receiver.cpp|00028|26-11-2016 21:51:26:662|~IN~]Receiveing the data
[SMPPSERVER10|Receiver.cpp|00034|26-11-2016 21:51:26:703|~IN~]Receiveing the data :cmdLength:93,cmdId:0x4,cmdStatus:0,mcsi_sessionId2
[SMPPSERVER10|Receiver.cpp|00035|26-11-2016 21:51:26:704|~IN~]Receiveing the data from SMPP Clinet:93
[SMPPSERVER10|Receiver.cpp|00049|26-11-2016 21:51:26:704|~IN~]Receiveing the data from SMPP Clinet:93
000000128000000400000000000000023000
0000003b000000050000000000000001555353440001013931393439333032343730350000002a3636370000000000000000000001310501000112
[SMPPSERVER10|Receiver.cpp|00028|26-11-2016 21:51:27:658|~IN~]Receiveing the data
[SMPPSERVER10|Receiver.cpp|00034|26-11-2016 21:51:27:680|~IN~]Receiveing the data :cmdLength:17,cmdId:0x80000005,cmdStatus:0,mcsi_sessionId1
[SMPPSERVER10|Receiver.cpp|00035|26-11-2016 21:51:27:680|~IN~]Receiveing the data from SMPP Clinet:17
[SMPPSERVER10|Receiver.cpp|00049|26-11-2016 21:51:27:682|~IN~]Receiveing the data from SMPP Clinet:17
[SMPPSERVER10|Receiver.cpp|00028|26-11-2016 21:51:27:682|~IN~]Receiveing the data
[SMPPSERVER10|Receiver.cpp|00034|26-11-2016 21:51:27:719|~IN~]Receiveing the data :cmdLength:82,cmdId:0x4,cmdStatus:0,mcsi_sessionId3
[SMPPSERVER10|Receiver.cpp|00035|26-11-2016 21:51:27:719|~IN~]Receiveing the data from SMPP Clinet:82
[SMPPSERVER10|Receiver.cpp|00049|26-11-2016 21:51:27:720|~IN~]Receiveing the data from SMPP Clinet:82
000000128000000400000000000000033000
0000003d000000050000000000000002555353440001013931393439333032343730350000003132353700000000000000000000036173610501000112
[SMPPSERVER10|Receiver.cpp|00028|26-11-2016 21:51:29:832|~IN~]Receiveing the data
[SMPPSERVER10|Receiver.cpp|00034|26-11-2016 21:51:30:685|~IN~]Receiveing the data :cmdLength:17,cmdId:0x80000005,cmdStatus:0,mcsi_sessionId2
[SMPPSERVER10|Receiver.cpp|00035|26-11-2016 21:51:30:686|~IN~]Receiveing the data from SMPP Clinet:17
[SMPPSERVER10|Receiver.cpp|00049|26-11-2016 21:51:30:686|~IN~]Receiveing the data from SMPP Clinet:17
[SMPPSERVER10|Receiver.cpp|00028|26-11-2016 21:51:30:686|~IN~]Receiveing the data
[SMPPSERVER10|Receiver.cpp|00034|26-11-2016 21:51:30:725|~IN~]Receiveing the data :cmdLength:96,cmdId:0x4,cmdStatus:0,mcsi_sessionId4
[SMPPSERVER10|Receiver.cpp|00035|26-11-2016 21:51:30:725|~IN~]Receiveing the data from SMPP Clinet:96
[SMPPSERVER10|Receiver.cpp|00049|26-11-2016 21:51:30:725|~IN~]Receiveing the data from SMPP Clinet:96
000000128000000400000000000000043000
000000440000000500000000000000035553534400010139313934393330323437303500000031323537000000000000000000000a373637363732363137310501000112
[SMPPSERVER10|Receiver.cpp|00028|26-11-2016 21:51:35:127|~IN~]Receiveing the data
[SMPPSERVER10|Receiver.cpp|00034|26-11-2016 21:51:35:698|~IN~]Receiveing the data :cmdLength:17,cmdId:0x80000005,cmdStatus:0,mcsi_sessionId3
[SMPPSERVER10|Receiver.cpp|00035|26-11-2016 21:51:35:699|~IN~]Receiveing the data from SMPP Clinet:17
[SMPPSERVER10|Receiver.cpp|00049|26-11-2016 21:51:35:699|~IN~]Receiveing the data from SMPP Clinet:17
[SMPPSERVER10|Receiver.cpp|00028|26-11-2016 21:51:35:699|~IN~]Receiveing the data
[SMPPSERVER10|Receiver.cpp|00034|26-11-2016 21:51:35:739|~IN~]Receiveing the data :cmdLength:93,cmdId:0x4,cmdStatus:0,mcsi_sessionId5
[SMPPSERVER10|Receiver.cpp|00035|26-11-2016 21:51:35:739|~IN~]Receiveing the data from SMPP Clinet:93
[SMPPSERVER10|Receiver.cpp|00049|26-11-2016 21:51:35:739|~IN~]Receiveing the data from SMPP Clinet:93
000000128000000400000000000000053000
0000003b00000005000000000000000455535344000101393139343933303234373035000000313235370000000000000000000001310501000112
[SMPPSERVER10|Receiver.cpp|00028|26-11-2016 21:51:39:428|~IN~]Receiveing the data
[SMPPSERVER10|Receiver.cpp|00034|26-11-2016 21:51:39:713|~IN~]Receiveing the data :cmdLength:17,cmdId:0x80000005,cmdStatus:0,mcsi_sessionId4
[SMPPSERVER10|Receiver.cpp|00035|26-11-2016 21:51:39:713|~IN~]Receiveing the data from SMPP Clinet:17
[SMPPSERVER10|Receiver.cpp|00049|26-11-2016 21:51:39:714|~IN~]Receiveing the data from SMPP Clinet:17
[SMPPSERVER10|Receiver.cpp|00028|26-11-2016 21:51:39:714|~IN~]Receiveing the data
[SMPPSERVER10|Receiver.cpp|00034|26-11-2016 21:51:39:753|~IN~]Receiveing the data :cmdLength:91,cmdId:0x4,cmdStatus:0,mcsi_sessionId6
[SMPPSERVER10|Receiver.cpp|00035|26-11-2016 21:51:39:753|~IN~]Receiveing the data from SMPP Clinet:91
[SMPPSERVER10|Receiver.cpp|00049|26-11-2016 21:51:39:753|~IN~]Receiveing the data from SMPP Clinet:91
000000128000000400000000000000063000
[SMPPSERVER10|Receiver.cpp|00028|26-11-2016 21:51:39:754|~IN~]Receiveing the data
[SMPPSERVER10|Receiver.cpp|00034|26-11-2016 21:51:50:735|~IN~]Receiveing the data :cmdLength:16,cmdId:0x15,cmdStatus:0,mcsi_sessionId7
[SMPPSERVER10|Receiver.cpp|00035|26-11-2016 21:51:50:735|~IN~]Receiveing the data from SMPP Clinet:16
[SMPPSERVER10|Receiver.cpp|00049|26-11-2016 21:51:50:735|~IN~]Receiveing the data from SMPP Clinet:16
[SMPPSERVER10|Receiver.cpp|00028|26-11-2016 21:51:50:735|~IN~]Receiveing the data
[SMPPSERVER10|Receiver.cpp|00046|26-11-2016 21:51:55:325|~ER~]Clinet Disconnection happend
[SMPPSERVER10|TcpServer.cpp|00228|26-11-2016 21:51:55:326|~ER~]Clint Has Discoonected From 
[SMPPSERVER10|TcpServer.cpp|00245|26-11-2016 21:51:55:326|~CR~]Clinet  Disconnected
