[SMPPSERVER10|TcpServer.cpp|00165|15-11-2016 21:12:20:586|~IN~]StartServerThread started...
[SMPPSERVER10|Receiver.cpp|00028|15-11-2016 21:12:20:937|~IN~]Receiveing the data
[SMPPSERVER10|Receiver.cpp|00034|15-11-2016 21:12:21:941|~IN~]Receiveing the data :cmdLength:43,cmdId:0x9,cmdStatus:0,mcsi_sessionId1
[SMPPSERVER10|Receiver.cpp|00035|15-11-2016 21:12:21:942|~IN~]Receiveing the data from SMPP Clinet:43
[SMPPSERVER10|Receiver.cpp|00049|15-11-2016 21:12:21:942|~IN~]Receiveing the data from SMPP Clinet:43
[SMPPSERVER10|Receiver.cpp|00056|15-11-2016 21:12:21:942|~IN~]Sending Bind Responc:testAcount
0000001b8000000900000000000000017465737441636f756e7400
[SMPPSERVER10|TcpServer.cpp|00202|15-11-2016 21:12:22:943|~IN~] Client connected from 
[SMPPSERVER10|TcpServer.cpp|00223|15-11-2016 21:12:22:944|~IN~]Started ClientThread[0x936dc60]
[SMPPSERVER10|Receiver.cpp|00023|15-11-2016 21:12:22:944|~IN~]sending begin
0000003b000000050000000000000002555353440001013931393439333032343730350000002a3636372300000000000000000f00000501000101
[SMPPSERVER10|Receiver.cpp|00026|15-11-2016 21:12:27:947|~IN~]after sending begin
[SMPPSERVER10|Receiver.cpp|00028|15-11-2016 21:12:27:947|~IN~]Receiveing the data
[SMPPSERVER10|Receiver.cpp|00034|15-11-2016 21:12:27:947|~IN~]Receiveing the data :cmdLength:16,cmdId:0x15,cmdStatus:0,mcsi_sessionId5
[SMPPSERVER10|Receiver.cpp|00035|15-11-2016 21:12:27:947|~IN~]Receiveing the data from SMPP Clinet:16
[SMPPSERVER10|Receiver.cpp|00049|15-11-2016 21:12:27:948|~IN~]Receiveing the data from SMPP Clinet:16
[SMPPSERVER10|Receiver.cpp|00028|15-11-2016 21:12:27:948|~IN~]Receiveing the data
[SMPPSERVER10|Receiver.cpp|00034|15-11-2016 21:12:28:297|~IN~]Receiveing the data :cmdLength:17,cmdId:0x80000005,cmdStatus:0,mcsi_sessionId2
[SMPPSERVER10|Receiver.cpp|00035|15-11-2016 21:12:28:297|~IN~]Receiveing the data from SMPP Clinet:17
[SMPPSERVER10|Receiver.cpp|00049|15-11-2016 21:12:28:297|~IN~]Receiveing the data from SMPP Clinet:17
[SMPPSERVER10|Receiver.cpp|00028|15-11-2016 21:12:28:297|~IN~]Receiveing the data
[SMPPSERVER10|Receiver.cpp|00034|15-11-2016 21:12:28:299|~IN~]Receiveing the data :cmdLength:94,cmdId:0x4,cmdStatus:0,mcsi_sessionId7
[SMPPSERVER10|Receiver.cpp|00035|15-11-2016 21:12:28:299|~IN~]Receiveing the data from SMPP Clinet:94
[SMPPSERVER10|Receiver.cpp|00049|15-11-2016 21:12:28:299|~IN~]Receiveing the data from SMPP Clinet:94
000000128000000400000000000000073000
0000003c000000050000000000000001555353440001013931393439333032343730350000002a363637230000000000000000000001310501000112
[SMPPSERVER10|Receiver.cpp|00028|15-11-2016 21:12:30:175|~IN~]Receiveing the data
[SMPPSERVER10|Receiver.cpp|00034|15-11-2016 21:12:30:305|~IN~]Receiveing the data :cmdLength:17,cmdId:0x80000005,cmdStatus:0,mcsi_sessionId1
[SMPPSERVER10|Receiver.cpp|00035|15-11-2016 21:12:30:305|~IN~]Receiveing the data from SMPP Clinet:17
[SMPPSERVER10|Receiver.cpp|00049|15-11-2016 21:12:30:305|~IN~]Receiveing the data from SMPP Clinet:17
[SMPPSERVER10|Receiver.cpp|00028|15-11-2016 21:12:30:305|~IN~]Receiveing the data
[SMPPSERVER10|Receiver.cpp|00034|15-11-2016 21:12:30:344|~IN~]Receiveing the data :cmdLength:100,cmdId:0x4,cmdStatus:0,mcsi_sessionId8
[SMPPSERVER10|Receiver.cpp|00035|15-11-2016 21:12:30:344|~IN~]Receiveing the data from SMPP Clinet:100
[SMPPSERVER10|Receiver.cpp|00049|15-11-2016 21:12:30:345|~IN~]Receiveing the data from SMPP Clinet:100
000000128000000400000000000000083000
0000003b00000005000000000000000255535344000101393139343933303234373035000000313235370000000000000000000001310501000112
[SMPPSERVER10|Receiver.cpp|00028|15-11-2016 21:12:31:542|~IN~]Receiveing the data
[SMPPSERVER10|Receiver.cpp|00034|15-11-2016 21:12:32:312|~IN~]Receiveing the data :cmdLength:17,cmdId:0x80000005,cmdStatus:0,mcsi_sessionId2
[SMPPSERVER10|Receiver.cpp|00035|15-11-2016 21:12:32:312|~IN~]Receiveing the data from SMPP Clinet:17
[SMPPSERVER10|Receiver.cpp|00049|15-11-2016 21:12:32:312|~IN~]Receiveing the data from SMPP Clinet:17
[SMPPSERVER10|Receiver.cpp|00028|15-11-2016 21:12:32:312|~IN~]Receiveing the data
[SMPPSERVER10|Receiver.cpp|00034|15-11-2016 21:12:32:351|~IN~]Receiveing the data :cmdLength:87,cmdId:0x4,cmdStatus:0,mcsi_sessionId9
[SMPPSERVER10|Receiver.cpp|00035|15-11-2016 21:12:32:352|~IN~]Receiveing the data from SMPP Clinet:87
[SMPPSERVER10|Receiver.cpp|00049|15-11-2016 21:12:32:352|~IN~]Receiveing the data from SMPP Clinet:87
000000128000000400000000000000093000
[SMPPSERVER10|Receiver.cpp|00028|15-11-2016 21:12:32:352|~IN~]Receiveing the data
