[SMPPSERVER10|TcpServer.cpp|00165|26-11-2016 21:11:43:582|~IN~]StartServerThread started...
[SMPPSERVER10|Receiver.cpp|00028|26-11-2016 21:11:51:593|~IN~]Receiveing the data
[SMPPSERVER10|Receiver.cpp|00034|26-11-2016 21:11:52:594|~IN~]Receiveing the data :cmdLength:43,cmdId:0x9,cmdStatus:0,mcsi_sessionId1
[SMPPSERVER10|Receiver.cpp|00035|26-11-2016 21:11:52:595|~IN~]Receiveing the data from SMPP Clinet:43
[SMPPSERVER10|Receiver.cpp|00049|26-11-2016 21:11:52:595|~IN~]Receiveing the data from SMPP Clinet:43
[SMPPSERVER10|Receiver.cpp|00056|26-11-2016 21:11:52:595|~IN~]Sending Bind Responc:testAcount
0000001b8000000900000000000000017465737441636f756e7400
[SMPPSERVER10|TcpServer.cpp|00202|26-11-2016 21:11:53:599|~IN~] Client connected from 
[SMPPSERVER10|TcpServer.cpp|00223|26-11-2016 21:11:53:600|~IN~]Started ClientThread[0x8229c60]
[SMPPSERVER10|Receiver.cpp|00023|26-11-2016 21:11:53:600|~IN~]sending begin
0000003f000000050000000000000002555353440001013931393439333032343730350000002a36363700000000000000000f00052a363637230501000101
[SMPPSERVER10|Receiver.cpp|00026|26-11-2016 21:11:58:602|~IN~]after sending begin
[SMPPSERVER10|Receiver.cpp|00028|26-11-2016 21:11:58:602|~IN~]Receiveing the data
[SMPPSERVER10|Receiver.cpp|00034|26-11-2016 21:11:59:594|~IN~]Receiveing the data :cmdLength:17,cmdId:0x80000005,cmdStatus:0,mcsi_sessionId2
[SMPPSERVER10|Receiver.cpp|00035|26-11-2016 21:11:59:594|~IN~]Receiveing the data from SMPP Clinet:17
[SMPPSERVER10|Receiver.cpp|00049|26-11-2016 21:11:59:594|~IN~]Receiveing the data from SMPP Clinet:17
[SMPPSERVER10|Receiver.cpp|00028|26-11-2016 21:11:59:594|~IN~]Receiveing the data
[SMPPSERVER10|Receiver.cpp|00034|26-11-2016 21:11:59:656|~IN~]Receiveing the data :cmdLength:93,cmdId:0x4,cmdStatus:0,mcsi_sessionId2
[SMPPSERVER10|Receiver.cpp|00035|26-11-2016 21:11:59:657|~IN~]Receiveing the data from SMPP Clinet:93
[SMPPSERVER10|Receiver.cpp|00049|26-11-2016 21:11:59:658|~IN~]Receiveing the data from SMPP Clinet:93
000000128000000400000000000000023000
0000003b000000050000000000000001555353440001013931393439333032343730350000002a3636370000000000000000000001310501000112
[SMPPSERVER10|Receiver.cpp|00028|26-11-2016 21:12:03:921|~IN~]Receiveing the data
[SMPPSERVER10|Receiver.cpp|00034|26-11-2016 21:12:04:681|~IN~]Receiveing the data :cmdLength:17,cmdId:0x80000005,cmdStatus:0,mcsi_sessionId1
[SMPPSERVER10|Receiver.cpp|00035|26-11-2016 21:12:04:681|~IN~]Receiveing the data from SMPP Clinet:17
[SMPPSERVER10|Receiver.cpp|00049|26-11-2016 21:12:04:681|~IN~]Receiveing the data from SMPP Clinet:17
[SMPPSERVER10|Receiver.cpp|00028|26-11-2016 21:12:04:681|~IN~]Receiveing the data
[SMPPSERVER10|Receiver.cpp|00034|26-11-2016 21:12:04:721|~IN~]Receiveing the data :cmdLength:100,cmdId:0x4,cmdStatus:0,mcsi_sessionId3
[SMPPSERVER10|Receiver.cpp|00035|26-11-2016 21:12:04:721|~IN~]Receiveing the data from SMPP Clinet:100
[SMPPSERVER10|Receiver.cpp|00049|26-11-2016 21:12:04:721|~IN~]Receiveing the data from SMPP Clinet:100
000000128000000400000000000000033000
0000003b00000005000000000000000255535344000101393139343933303234373035000000313235370000000000000000000001310501000112
[SMPPSERVER10|Receiver.cpp|00028|26-11-2016 21:12:06:688|~IN~]Receiveing the data
[SMPPSERVER10|Receiver.cpp|00034|26-11-2016 21:12:06:716|~IN~]Receiveing the data :cmdLength:17,cmdId:0x80000005,cmdStatus:0,mcsi_sessionId2
[SMPPSERVER10|Receiver.cpp|00035|26-11-2016 21:12:06:718|~IN~]Receiveing the data from SMPP Clinet:17
[SMPPSERVER10|Receiver.cpp|00049|26-11-2016 21:12:06:719|~IN~]Receiveing the data from SMPP Clinet:17
[SMPPSERVER10|Receiver.cpp|00028|26-11-2016 21:12:06:719|~IN~]Receiveing the data
[SMPPSERVER10|Receiver.cpp|00034|26-11-2016 21:12:06:732|~IN~]Receiveing the data :cmdLength:87,cmdId:0x4,cmdStatus:0,mcsi_sessionId4
[SMPPSERVER10|Receiver.cpp|00035|26-11-2016 21:12:06:734|~IN~]Receiveing the data from SMPP Clinet:87
[SMPPSERVER10|Receiver.cpp|00049|26-11-2016 21:12:06:735|~IN~]Receiveing the data from SMPP Clinet:87
000000128000000400000000000000043000
[SMPPSERVER10|Receiver.cpp|00028|26-11-2016 21:12:06:737|~IN~]Receiveing the data
[SMPPSERVER10|Receiver.cpp|00034|26-11-2016 21:12:23:667|~IN~]Receiveing the data :cmdLength:16,cmdId:0x15,cmdStatus:0,mcsi_sessionId5
[SMPPSERVER10|Receiver.cpp|00035|26-11-2016 21:12:23:668|~IN~]Receiveing the data from SMPP Clinet:16
[SMPPSERVER10|Receiver.cpp|00049|26-11-2016 21:12:23:668|~IN~]Receiveing the data from SMPP Clinet:16
[SMPPSERVER10|Receiver.cpp|00028|26-11-2016 21:12:23:668|~IN~]Receiveing the data
[SMPPSERVER10|Receiver.cpp|00046|26-11-2016 21:12:48:346|~ER~]Clinet Disconnection happend
[SMPPSERVER10|TcpServer.cpp|00228|26-11-2016 21:12:48:346|~ER~]Clint Has Discoonected From 
[SMPPSERVER10|TcpServer.cpp|00245|26-11-2016 21:12:48:347|~CR~]Clinet  Disconnected
[SMPPSERVER10|Receiver.cpp|00028|26-11-2016 21:13:09:115|~IN~]Receiveing the data
[SMPPSERVER10|Receiver.cpp|00034|26-11-2016 21:13:10:120|~IN~]Receiveing the data :cmdLength:43,cmdId:0x9,cmdStatus:0,mcsi_sessionId1
[SMPPSERVER10|Receiver.cpp|00035|26-11-2016 21:13:10:120|~IN~]Receiveing the data from SMPP Clinet:43
[SMPPSERVER10|Receiver.cpp|00049|26-11-2016 21:13:10:120|~IN~]Receiveing the data from SMPP Clinet:43
[SMPPSERVER10|Receiver.cpp|00056|26-11-2016 21:13:10:120|~IN~]Sending Bind Responc:testAcount
0000001b8000000900000000000000017465737441636f756e7400
[SMPPSERVER10|TcpServer.cpp|00202|26-11-2016 21:13:11:122|~IN~] Client connected from 
[SMPPSERVER10|TcpServer.cpp|00223|26-11-2016 21:13:11:123|~IN~]Started ClientThread[0x822a180]
[SMPPSERVER10|Receiver.cpp|00023|26-11-2016 21:13:11:124|~IN~]sending begin
0000003f000000050000000000000002555353440001013931393439333032343730350000002a36363700000000000000000f00052a363637230501000101
[SMPPSERVER10|Receiver.cpp|00026|26-11-2016 21:13:16:127|~IN~]after sending begin
[SMPPSERVER10|Receiver.cpp|00028|26-11-2016 21:13:16:127|~IN~]Receiveing the data
[SMPPSERVER10|Receiver.cpp|00034|26-11-2016 21:13:17:118|~IN~]Receiveing the data :cmdLength:17,cmdId:0x80000005,cmdStatus:0,mcsi_sessionId2
[SMPPSERVER10|Receiver.cpp|00035|26-11-2016 21:13:17:118|~IN~]Receiveing the data from SMPP Clinet:17
[SMPPSERVER10|Receiver.cpp|00049|26-11-2016 21:13:17:118|~IN~]Receiveing the data from SMPP Clinet:17
[SMPPSERVER10|Receiver.cpp|00028|26-11-2016 21:13:17:118|~IN~]Receiveing the data
[SMPPSERVER10|Receiver.cpp|00034|26-11-2016 21:13:17:172|~IN~]Receiveing the data :cmdLength:93,cmdId:0x4,cmdStatus:0,mcsi_sessionId2
[SMPPSERVER10|Receiver.cpp|00035|26-11-2016 21:13:17:172|~IN~]Receiveing the data from SMPP Clinet:93
[SMPPSERVER10|Receiver.cpp|00049|26-11-2016 21:13:17:172|~IN~]Receiveing the data from SMPP Clinet:93
000000128000000400000000000000023000
0000003b000000050000000000000003555353440001013931393439333032343730350000002a3636370000000000000000000001310501000112
[SMPPSERVER10|Receiver.cpp|00028|26-11-2016 21:13:20:465|~IN~]Receiveing the data
[SMPPSERVER10|Receiver.cpp|00034|26-11-2016 21:13:21:196|~IN~]Receiveing the data :cmdLength:17,cmdId:0x80000005,cmdStatus:0,mcsi_sessionId3
[SMPPSERVER10|Receiver.cpp|00035|26-11-2016 21:13:21:196|~IN~]Receiveing the data from SMPP Clinet:17
[SMPPSERVER10|Receiver.cpp|00049|26-11-2016 21:13:21:196|~IN~]Receiveing the data from SMPP Clinet:17
[SMPPSERVER10|Receiver.cpp|00028|26-11-2016 21:13:21:196|~IN~]Receiveing the data
[SMPPSERVER10|Receiver.cpp|00034|26-11-2016 21:13:21:236|~IN~]Receiveing the data :cmdLength:100,cmdId:0x4,cmdStatus:0,mcsi_sessionId3
[SMPPSERVER10|Receiver.cpp|00035|26-11-2016 21:13:21:237|~IN~]Receiveing the data from SMPP Clinet:100
[SMPPSERVER10|Receiver.cpp|00049|26-11-2016 21:13:21:237|~IN~]Receiveing the data from SMPP Clinet:100
000000128000000400000000000000033000
0000003b00000005000000000000000455535344000101393139343933303234373035000000313235370000000000000000000001310501000112
[SMPPSERVER10|Receiver.cpp|00028|26-11-2016 21:13:23:203|~IN~]Receiveing the data
[SMPPSERVER10|Receiver.cpp|00034|26-11-2016 21:13:23:207|~IN~]Receiveing the data :cmdLength:17,cmdId:0x80000005,cmdStatus:0,mcsi_sessionId4
[SMPPSERVER10|Receiver.cpp|00035|26-11-2016 21:13:23:207|~IN~]Receiveing the data from SMPP Clinet:17
[SMPPSERVER10|Receiver.cpp|00049|26-11-2016 21:13:23:207|~IN~]Receiveing the data from SMPP Clinet:17
[SMPPSERVER10|Receiver.cpp|00028|26-11-2016 21:13:23:207|~IN~]Receiveing the data
[SMPPSERVER10|Receiver.cpp|00034|26-11-2016 21:13:23:246|~IN~]Receiveing the data :cmdLength:87,cmdId:0x4,cmdStatus:0,mcsi_sessionId4
[SMPPSERVER10|Receiver.cpp|00035|26-11-2016 21:13:23:246|~IN~]Receiveing the data from SMPP Clinet:87
[SMPPSERVER10|Receiver.cpp|00049|26-11-2016 21:13:23:247|~IN~]Receiveing the data from SMPP Clinet:87
000000128000000400000000000000043000
[SMPPSERVER10|Receiver.cpp|00028|26-11-2016 21:13:23:247|~IN~]Receiveing the data
[SMPPSERVER10|Receiver.cpp|00046|26-11-2016 21:13:30:365|~ER~]Clinet Disconnection happend
[SMPPSERVER10|TcpServer.cpp|00228|26-11-2016 21:13:30:365|~ER~]Clint Has Discoonected From 
[SMPPSERVER10|TcpServer.cpp|00245|26-11-2016 21:13:30:365|~CR~]Clinet  Disconnected
[SMPPSERVER10|Receiver.cpp|00028|26-11-2016 21:16:16:605|~IN~]Receiveing the data
[SMPPSERVER10|Receiver.cpp|00034|26-11-2016 21:16:17:608|~IN~]Receiveing the data :cmdLength:43,cmdId:0x9,cmdStatus:0,mcsi_sessionId1
[SMPPSERVER10|Receiver.cpp|00035|26-11-2016 21:16:17:608|~IN~]Receiveing the data from SMPP Clinet:43
[SMPPSERVER10|Receiver.cpp|00049|26-11-2016 21:16:17:608|~IN~]Receiveing the data from SMPP Clinet:43
[SMPPSERVER10|Receiver.cpp|00056|26-11-2016 21:16:17:608|~IN~]Sending Bind Responc:testAcount
0000001b8000000900000000000000017465737441636f756e7400
[SMPPSERVER10|TcpServer.cpp|00202|26-11-2016 21:16:18:612|~IN~] Client connected from 
[SMPPSERVER10|TcpServer.cpp|00223|26-11-2016 21:16:18:612|~IN~]Started ClientThread[0x8229c60]
[SMPPSERVER10|Receiver.cpp|00023|26-11-2016 21:16:18:613|~IN~]sending begin
0000003f000000050000000000000002555353440001013931393439333032343730350000002a36363700000000000000000f00052a363637230501000101
[SMPPSERVER10|Receiver.cpp|00026|26-11-2016 21:16:23:615|~IN~]after sending begin
[SMPPSERVER10|Receiver.cpp|00028|26-11-2016 21:16:23:615|~IN~]Receiveing the data
[SMPPSERVER10|Receiver.cpp|00034|26-11-2016 21:16:24:616|~IN~]Receiveing the data :cmdLength:17,cmdId:0x80000005,cmdStatus:0,mcsi_sessionId2
[SMPPSERVER10|Receiver.cpp|00035|26-11-2016 21:16:24:616|~IN~]Receiveing the data from SMPP Clinet:17
[SMPPSERVER10|Receiver.cpp|00049|26-11-2016 21:16:24:616|~IN~]Receiveing the data from SMPP Clinet:17
[SMPPSERVER10|Receiver.cpp|00028|26-11-2016 21:16:24:616|~IN~]Receiveing the data
[SMPPSERVER10|Receiver.cpp|00034|26-11-2016 21:16:24:656|~IN~]Receiveing the data :cmdLength:93,cmdId:0x4,cmdStatus:0,mcsi_sessionId2
[SMPPSERVER10|Receiver.cpp|00035|26-11-2016 21:16:24:656|~IN~]Receiveing the data from SMPP Clinet:93
[SMPPSERVER10|Receiver.cpp|00049|26-11-2016 21:16:24:656|~IN~]Receiveing the data from SMPP Clinet:93
000000128000000400000000000000023000
0000003b000000050000000000000005555353440001013931393439333032343730350000002a3636370000000000000000000001310501000112
[SMPPSERVER10|Receiver.cpp|00028|26-11-2016 21:16:26:155|~IN~]Receiveing the data
[SMPPSERVER10|Receiver.cpp|00034|26-11-2016 21:16:26:629|~IN~]Receiveing the data :cmdLength:17,cmdId:0x80000005,cmdStatus:0,mcsi_sessionId5
[SMPPSERVER10|Receiver.cpp|00035|26-11-2016 21:16:26:629|~IN~]Receiveing the data from SMPP Clinet:17
[SMPPSERVER10|Receiver.cpp|00049|26-11-2016 21:16:26:629|~IN~]Receiveing the data from SMPP Clinet:17
[SMPPSERVER10|Receiver.cpp|00028|26-11-2016 21:16:26:629|~IN~]Receiveing the data
[SMPPSERVER10|Receiver.cpp|00034|26-11-2016 21:16:26:670|~IN~]Receiveing the data :cmdLength:82,cmdId:0x4,cmdStatus:0,mcsi_sessionId3
[SMPPSERVER10|Receiver.cpp|00035|26-11-2016 21:16:26:671|~IN~]Receiveing the data from SMPP Clinet:82
[SMPPSERVER10|Receiver.cpp|00049|26-11-2016 21:16:26:671|~IN~]Receiveing the data from SMPP Clinet:82
000000128000000400000000000000033000
0000003f0000000500000000000000065553534400010139313934393330323437303500000031323537000000000000000000000569657572650501000112
[SMPPSERVER10|Receiver.cpp|00028|26-11-2016 21:16:32:339|~IN~]Receiveing the data
[SMPPSERVER10|Receiver.cpp|00034|26-11-2016 21:16:32:642|~IN~]Receiveing the data :cmdLength:17,cmdId:0x80000005,cmdStatus:0,mcsi_sessionId6
[SMPPSERVER10|Receiver.cpp|00035|26-11-2016 21:16:32:642|~IN~]Receiveing the data from SMPP Clinet:17
[SMPPSERVER10|Receiver.cpp|00049|26-11-2016 21:16:32:642|~IN~]Receiveing the data from SMPP Clinet:17
[SMPPSERVER10|Receiver.cpp|00028|26-11-2016 21:16:32:642|~IN~]Receiveing the data
[SMPPSERVER10|Receiver.cpp|00034|26-11-2016 21:16:32:683|~IN~]Receiveing the data :cmdLength:82,cmdId:0x4,cmdStatus:0,mcsi_sessionId4
[SMPPSERVER10|Receiver.cpp|00035|26-11-2016 21:16:32:683|~IN~]Receiveing the data from SMPP Clinet:82
[SMPPSERVER10|Receiver.cpp|00049|26-11-2016 21:16:32:683|~IN~]Receiveing the data from SMPP Clinet:82
000000128000000400000000000000043000
000000440000000500000000000000075553534400010139313934393330323437303500000031323537000000000000000000000a373637363732343631340501000112
[SMPPSERVER10|Receiver.cpp|00028|26-11-2016 21:16:37:763|~IN~]Receiveing the data
[SMPPSERVER10|Receiver.cpp|00034|26-11-2016 21:16:38:656|~IN~]Receiveing the data :cmdLength:17,cmdId:0x80000005,cmdStatus:0,mcsi_sessionId7
[SMPPSERVER10|Receiver.cpp|00035|26-11-2016 21:16:38:656|~IN~]Receiveing the data from SMPP Clinet:17
[SMPPSERVER10|Receiver.cpp|00049|26-11-2016 21:16:38:656|~IN~]Receiveing the data from SMPP Clinet:17
[SMPPSERVER10|Receiver.cpp|00028|26-11-2016 21:16:38:656|~IN~]Receiveing the data
[SMPPSERVER10|Receiver.cpp|00034|26-11-2016 21:16:38:696|~IN~]Receiveing the data :cmdLength:93,cmdId:0x4,cmdStatus:0,mcsi_sessionId5
[SMPPSERVER10|Receiver.cpp|00035|26-11-2016 21:16:38:696|~IN~]Receiveing the data from SMPP Clinet:93
[SMPPSERVER10|Receiver.cpp|00049|26-11-2016 21:16:38:696|~IN~]Receiveing the data from SMPP Clinet:93
000000128000000400000000000000053000
0000003b00000005000000000000000855535344000101393139343933303234373035000000313235370000000000000000000001310501000112
[SMPPSERVER10|Receiver.cpp|00028|26-11-2016 21:16:40:588|~IN~]Receiveing the data
[SMPPSERVER10|Receiver.cpp|00034|26-11-2016 21:16:40:660|~IN~]Receiveing the data :cmdLength:17,cmdId:0x80000005,cmdStatus:0,mcsi_sessionId8
[SMPPSERVER10|Receiver.cpp|00035|26-11-2016 21:16:40:661|~IN~]Receiveing the data from SMPP Clinet:17
[SMPPSERVER10|Receiver.cpp|00049|26-11-2016 21:16:40:661|~IN~]Receiveing the data from SMPP Clinet:17
[SMPPSERVER10|Receiver.cpp|00028|26-11-2016 21:16:40:661|~IN~]Receiveing the data
[SMPPSERVER10|Receiver.cpp|00034|26-11-2016 21:16:40:700|~IN~]Receiveing the data :cmdLength:91,cmdId:0x4,cmdStatus:0,mcsi_sessionId6
[SMPPSERVER10|Receiver.cpp|00035|26-11-2016 21:16:40:700|~IN~]Receiveing the data from SMPP Clinet:91
[SMPPSERVER10|Receiver.cpp|00049|26-11-2016 21:16:40:701|~IN~]Receiveing the data from SMPP Clinet:91
000000128000000400000000000000063000
[SMPPSERVER10|Receiver.cpp|00028|26-11-2016 21:16:40:701|~IN~]Receiveing the data
[SMPPSERVER10|Receiver.cpp|00034|26-11-2016 21:16:48:672|~IN~]Receiveing the data :cmdLength:16,cmdId:0x15,cmdStatus:0,mcsi_sessionId7
[SMPPSERVER10|Receiver.cpp|00035|26-11-2016 21:16:48:672|~IN~]Receiveing the data from SMPP Clinet:16
[SMPPSERVER10|Receiver.cpp|00049|26-11-2016 21:16:48:672|~IN~]Receiveing the data from SMPP Clinet:16
[SMPPSERVER10|Receiver.cpp|00028|26-11-2016 21:16:48:672|~IN~]Receiveing the data
[SMPPSERVER10|Receiver.cpp|00046|26-11-2016 21:16:50:617|~ER~]Clinet Disconnection happend
[SMPPSERVER10|TcpServer.cpp|00228|26-11-2016 21:16:50:617|~ER~]Clint Has Discoonected From 
[SMPPSERVER10|TcpServer.cpp|00245|26-11-2016 21:16:50:617|~CR~]Clinet  Disconnected
[SMPPSERVER10|Receiver.cpp|00028|26-11-2016 21:18:46:825|~IN~]Receiveing the data
[SMPPSERVER10|Receiver.cpp|00034|26-11-2016 21:18:47:828|~IN~]Receiveing the data :cmdLength:43,cmdId:0x9,cmdStatus:0,mcsi_sessionId1
[SMPPSERVER10|Receiver.cpp|00035|26-11-2016 21:18:47:828|~IN~]Receiveing the data from SMPP Clinet:43
[SMPPSERVER10|Receiver.cpp|00049|26-11-2016 21:18:47:828|~IN~]Receiveing the data from SMPP Clinet:43
[SMPPSERVER10|Receiver.cpp|00056|26-11-2016 21:18:47:828|~IN~]Sending Bind Responc:testAcount
0000001b8000000900000000000000017465737441636f756e7400
[SMPPSERVER10|TcpServer.cpp|00202|26-11-2016 21:18:48:830|~IN~] Client connected from 
[SMPPSERVER10|TcpServer.cpp|00223|26-11-2016 21:18:48:830|~IN~]Started ClientThread[0x822a180]
[SMPPSERVER10|Receiver.cpp|00023|26-11-2016 21:18:48:830|~IN~]sending begin
0000003f000000050000000000000002555353440001013931393439333032343730350000002a36363700000000000000000f00052a363637230501000101
[SMPPSERVER10|Receiver.cpp|00026|26-11-2016 21:18:53:832|~IN~]after sending begin
[SMPPSERVER10|Receiver.cpp|00028|26-11-2016 21:18:53:832|~IN~]Receiveing the data
[SMPPSERVER10|Receiver.cpp|00034|26-11-2016 21:18:53:834|~IN~]Receiveing the data :cmdLength:17,cmdId:0x80000005,cmdStatus:0,mcsi_sessionId2
[SMPPSERVER10|Receiver.cpp|00035|26-11-2016 21:18:53:834|~IN~]Receiveing the data from SMPP Clinet:17
[SMPPSERVER10|Receiver.cpp|00049|26-11-2016 21:18:53:834|~IN~]Receiveing the data from SMPP Clinet:17
[SMPPSERVER10|Receiver.cpp|00028|26-11-2016 21:18:53:834|~IN~]Receiveing the data
[SMPPSERVER10|Receiver.cpp|00034|26-11-2016 21:18:53:874|~IN~]Receiveing the data :cmdLength:107,cmdId:0x4,cmdStatus:0,mcsi_sessionId2
[SMPPSERVER10|Receiver.cpp|00035|26-11-2016 21:18:53:874|~IN~]Receiveing the data from SMPP Clinet:107
[SMPPSERVER10|Receiver.cpp|00049|26-11-2016 21:18:53:874|~IN~]Receiveing the data from SMPP Clinet:107
000000128000000400000000000000023000
0000003b000000050000000000000009555353440001013931393439333032343730350000002a3636370000000000000000000001310501000112
[SMPPSERVER10|Receiver.cpp|00028|26-11-2016 21:19:12:045|~IN~]Receiveing the data
[SMPPSERVER10|Receiver.cpp|00034|26-11-2016 21:19:12:950|~IN~]Receiveing the data :cmdLength:17,cmdId:0x80000005,cmdStatus:0,mcsi_sessionId9
[SMPPSERVER10|Receiver.cpp|00035|26-11-2016 21:19:12:950|~IN~]Receiveing the data from SMPP Clinet:17
[SMPPSERVER10|Receiver.cpp|00049|26-11-2016 21:19:12:950|~IN~]Receiveing the data from SMPP Clinet:17
[SMPPSERVER10|Receiver.cpp|00028|26-11-2016 21:19:12:950|~IN~]Receiveing the data
[SMPPSERVER10|Receiver.cpp|00034|26-11-2016 21:19:12:990|~IN~]Receiveing the data :cmdLength:96,cmdId:0x4,cmdStatus:0,mcsi_sessionId3
[SMPPSERVER10|Receiver.cpp|00035|26-11-2016 21:19:12:990|~IN~]Receiveing the data from SMPP Clinet:96
[SMPPSERVER10|Receiver.cpp|00049|26-11-2016 21:19:12:990|~IN~]Receiveing the data from SMPP Clinet:96
000000128000000400000000000000033000
