[SMPPSERVER10|TcpServer.cpp|00165|14-11-2016 21:33:16:623|~IN~]StartServerThread started...
[SMPPSERVER10|Receiver.cpp|00028|14-11-2016 21:33:16:676|~IN~]Receiveing the data
[SMPPSERVER10|Receiver.cpp|00034|14-11-2016 21:33:17:677|~IN~]Receiveing the data :cmdLength:43,cmdId:0x9,cmdStatus:0,mcsi_sessionId1
[SMPPSERVER10|Receiver.cpp|00035|14-11-2016 21:33:17:677|~IN~]Receiveing the data from SMPP Clinet:43
[SMPPSERVER10|Receiver.cpp|00049|14-11-2016 21:33:17:678|~IN~]Receiveing the data from SMPP Clinet:43
[SMPPSERVER10|Receiver.cpp|00056|14-11-2016 21:33:17:678|~IN~]Sending Bind Responc:testAcount
0000001b8000000900000000000000017465737441636f756e7400
[SMPPSERVER10|TcpServer.cpp|00202|14-11-2016 21:33:18:680|~IN~] Client connected from 
[SMPPSERVER10|TcpServer.cpp|00223|14-11-2016 21:33:18:680|~IN~]Started ClientThread[0x9065c60]
[SMPPSERVER10|Receiver.cpp|00022|14-11-2016 21:33:18:680|~IN~]sending begin
0000003b000000050000000000000002555353440000002a3636372300010139313934393330323437303500000000000000000f00000501000102
[SMPPSERVER10|Receiver.cpp|00026|14-11-2016 21:33:38:691|~IN~]after sending begin
[SMPPSERVER10|Receiver.cpp|00028|14-11-2016 21:33:38:696|~IN~]Receiveing the data
[SMPPSERVER10|Receiver.cpp|00034|14-11-2016 21:33:38:696|~IN~]Receiveing the data :cmdLength:17,cmdId:0x80000005,cmdStatus:0,mcsi_sessionId2
[SMPPSERVER10|Receiver.cpp|00035|14-11-2016 21:33:38:696|~IN~]Receiveing the data from SMPP Clinet:17
[SMPPSERVER10|Receiver.cpp|00049|14-11-2016 21:33:38:696|~IN~]Receiveing the data from SMPP Clinet:17
[SMPPSERVER10|TcpServer.cpp|00228|14-11-2016 21:33:38:696|~ER~]Clint Has Discoonected From 
[SMPPSERVER10|TcpServer.cpp|00245|14-11-2016 21:33:38:696|~CR~]Clinet  Disconnected
[SMPPSERVER10|Receiver.cpp|00028|14-11-2016 21:34:37:136|~IN~]Receiveing the data
[SMPPSERVER10|Receiver.cpp|00034|14-11-2016 21:34:38:145|~IN~]Receiveing the data :cmdLength:43,cmdId:0x9,cmdStatus:0,mcsi_sessionId1
[SMPPSERVER10|Receiver.cpp|00035|14-11-2016 21:34:38:145|~IN~]Receiveing the data from SMPP Clinet:43
[SMPPSERVER10|Receiver.cpp|00049|14-11-2016 21:34:38:145|~IN~]Receiveing the data from SMPP Clinet:43
[SMPPSERVER10|Receiver.cpp|00056|14-11-2016 21:34:38:145|~IN~]Sending Bind Responc:testAcount
0000001b8000000900000000000000017465737441636f756e7400
[SMPPSERVER10|TcpServer.cpp|00202|14-11-2016 21:34:39:151|~IN~] Client connected from 
[SMPPSERVER10|TcpServer.cpp|00223|14-11-2016 21:34:39:152|~IN~]Started ClientThread[0x9066180]
[SMPPSERVER10|Receiver.cpp|00022|14-11-2016 21:34:39:152|~IN~]sending begin
0000003b000000050000000000000002555353440000002a3636372300010139313934393330323437303500000000000000000f00000501000102
[SMPPSERVER10|Receiver.cpp|00026|14-11-2016 21:34:59:157|~IN~]after sending begin
[SMPPSERVER10|Receiver.cpp|00028|14-11-2016 21:34:59:158|~IN~]Receiveing the data
[SMPPSERVER10|Receiver.cpp|00034|14-11-2016 21:34:59:158|~IN~]Receiveing the data :cmdLength:17,cmdId:0x80000005,cmdStatus:0,mcsi_sessionId2
[SMPPSERVER10|Receiver.cpp|00035|14-11-2016 21:34:59:158|~IN~]Receiveing the data from SMPP Clinet:17
[SMPPSERVER10|Receiver.cpp|00049|14-11-2016 21:34:59:159|~IN~]Receiveing the data from SMPP Clinet:17
[SMPPSERVER10|TcpServer.cpp|00228|14-11-2016 21:34:59:159|~ER~]Clint Has Discoonected From 
[SMPPSERVER10|TcpServer.cpp|00245|14-11-2016 21:34:59:160|~CR~]Clinet  Disconnected
[SMPPSERVER10|Receiver.cpp|00028|14-11-2016 21:36:43:821|~IN~]Receiveing the data
[SMPPSERVER10|Receiver.cpp|00034|14-11-2016 21:36:44:831|~IN~]Receiveing the data :cmdLength:43,cmdId:0x9,cmdStatus:0,mcsi_sessionId1
[SMPPSERVER10|Receiver.cpp|00035|14-11-2016 21:36:44:831|~IN~]Receiveing the data from SMPP Clinet:43
[SMPPSERVER10|Receiver.cpp|00049|14-11-2016 21:36:44:831|~IN~]Receiveing the data from SMPP Clinet:43
[SMPPSERVER10|Receiver.cpp|00056|14-11-2016 21:36:44:831|~IN~]Sending Bind Responc:testAcount
0000001b8000000900000000000000017465737441636f756e7400
[SMPPSERVER10|TcpServer.cpp|00202|14-11-2016 21:36:45:834|~IN~] Client connected from 
[SMPPSERVER10|TcpServer.cpp|00223|14-11-2016 21:36:45:834|~IN~]Started ClientThread[0x9065c60]
[SMPPSERVER10|Receiver.cpp|00022|14-11-2016 21:36:45:834|~IN~]sending begin
0000003b000000050000000000000002555353440000002a3636372300010139313934393330323437303500000000000000000f00000501000102
[SMPPSERVER10|Receiver.cpp|00026|14-11-2016 21:37:05:840|~IN~]after sending begin
[SMPPSERVER10|Receiver.cpp|00028|14-11-2016 21:37:05:840|~IN~]Receiveing the data
[SMPPSERVER10|Receiver.cpp|00034|14-11-2016 21:37:05:841|~IN~]Receiveing the data :cmdLength:17,cmdId:0x80000005,cmdStatus:0,mcsi_sessionId2
[SMPPSERVER10|Receiver.cpp|00035|14-11-2016 21:37:05:841|~IN~]Receiveing the data from SMPP Clinet:17
[SMPPSERVER10|Receiver.cpp|00049|14-11-2016 21:37:05:841|~IN~]Receiveing the data from SMPP Clinet:17
[SMPPSERVER10|TcpServer.cpp|00228|14-11-2016 21:37:05:841|~ER~]Clint Has Discoonected From 
[SMPPSERVER10|TcpServer.cpp|00245|14-11-2016 21:37:05:841|~CR~]Clinet  Disconnected
[SMPPSERVER10|Receiver.cpp|00028|14-11-2016 21:38:35:250|~IN~]Receiveing the data
[SMPPSERVER10|Receiver.cpp|00034|14-11-2016 21:38:36:253|~IN~]Receiveing the data :cmdLength:43,cmdId:0x9,cmdStatus:0,mcsi_sessionId1
[SMPPSERVER10|Receiver.cpp|00035|14-11-2016 21:38:36:253|~IN~]Receiveing the data from SMPP Clinet:43
[SMPPSERVER10|Receiver.cpp|00049|14-11-2016 21:38:36:253|~IN~]Receiveing the data from SMPP Clinet:43
[SMPPSERVER10|Receiver.cpp|00056|14-11-2016 21:38:36:253|~IN~]Sending Bind Responc:testAcount
0000001b8000000900000000000000017465737441636f756e7400
[SMPPSERVER10|TcpServer.cpp|00202|14-11-2016 21:38:37:256|~IN~] Client connected from 
[SMPPSERVER10|TcpServer.cpp|00223|14-11-2016 21:38:37:256|~IN~]Started ClientThread[0x9066180]
[SMPPSERVER10|Receiver.cpp|00022|14-11-2016 21:38:37:256|~IN~]sending begin
0000003b000000050000000000000002555353440000002a3636372300010139313934393330323437303500000000000000000f00000501000102
[SMPPSERVER10|Receiver.cpp|00026|14-11-2016 21:38:57:260|~IN~]after sending begin
[SMPPSERVER10|Receiver.cpp|00028|14-11-2016 21:38:57:261|~IN~]Receiveing the data
[SMPPSERVER10|Receiver.cpp|00034|14-11-2016 21:38:57:277|~IN~]Receiveing the data :cmdLength:17,cmdId:0x80000005,cmdStatus:0,mcsi_sessionId2
[SMPPSERVER10|Receiver.cpp|00035|14-11-2016 21:38:57:277|~IN~]Receiveing the data from SMPP Clinet:17
[SMPPSERVER10|Receiver.cpp|00049|14-11-2016 21:38:57:278|~IN~]Receiveing the data from SMPP Clinet:17
[SMPPSERVER10|TcpServer.cpp|00228|14-11-2016 21:38:57:278|~ER~]Clint Has Discoonected From 
[SMPPSERVER10|TcpServer.cpp|00245|14-11-2016 21:38:57:278|~CR~]Clinet  Disconnected
[SMPPSERVER10|Receiver.cpp|00028|14-11-2016 21:38:57:287|~IN~]Receiveing the data
[SMPPSERVER10|Receiver.cpp|00034|14-11-2016 21:38:58:280|~IN~]Receiveing the data :cmdLength:43,cmdId:0x9,cmdStatus:0,mcsi_sessionId1
[SMPPSERVER10|Receiver.cpp|00035|14-11-2016 21:38:58:280|~IN~]Receiveing the data from SMPP Clinet:43
[SMPPSERVER10|Receiver.cpp|00049|14-11-2016 21:38:58:280|~IN~]Receiveing the data from SMPP Clinet:43
[SMPPSERVER10|Receiver.cpp|00056|14-11-2016 21:38:58:280|~IN~]Sending Bind Responc:testAcount
0000001b8000000900000000000000017465737441636f756e7400
[SMPPSERVER10|TcpServer.cpp|00202|14-11-2016 21:38:59:282|~IN~] Client connected from 
[SMPPSERVER10|TcpServer.cpp|00223|14-11-2016 21:38:59:283|~IN~]Started ClientThread[0x9065c60]
[SMPPSERVER10|Receiver.cpp|00022|14-11-2016 21:38:59:283|~IN~]sending begin
0000003b000000050000000000000002555353440000002a3636372300010139313934393330323437303500000000000000000f00000501000102
[SMPPSERVER10|Receiver.cpp|00026|14-11-2016 21:39:19:288|~IN~]after sending begin
[SMPPSERVER10|Receiver.cpp|00028|14-11-2016 21:39:19:288|~IN~]Receiveing the data
[SMPPSERVER10|Receiver.cpp|00034|14-11-2016 21:39:19:289|~IN~]Receiveing the data :cmdLength:16,cmdId:0x15,cmdStatus:0,mcsi_sessionId1
[SMPPSERVER10|Receiver.cpp|00035|14-11-2016 21:39:19:289|~IN~]Receiveing the data from SMPP Clinet:16
[SMPPSERVER10|Receiver.cpp|00049|14-11-2016 21:39:19:289|~IN~]Receiveing the data from SMPP Clinet:16
[SMPPSERVER10|Receiver.cpp|00028|14-11-2016 21:39:19:289|~IN~]Receiveing the data
[SMPPSERVER10|Receiver.cpp|00034|14-11-2016 21:39:19:289|~IN~]Receiveing the data :cmdLength:17,cmdId:0x80000005,cmdStatus:0,mcsi_sessionId2
[SMPPSERVER10|Receiver.cpp|00035|14-11-2016 21:39:19:289|~IN~]Receiveing the data from SMPP Clinet:17
[SMPPSERVER10|Receiver.cpp|00049|14-11-2016 21:39:19:289|~IN~]Receiveing the data from SMPP Clinet:17
[SMPPSERVER10|TcpServer.cpp|00228|14-11-2016 21:39:19:289|~ER~]Clint Has Discoonected From 
[SMPPSERVER10|TcpServer.cpp|00245|14-11-2016 21:39:19:290|~CR~]Clinet  Disconnected
[SMPPSERVER10|Receiver.cpp|00028|14-11-2016 21:39:19:298|~IN~]Receiveing the data
[SMPPSERVER10|Receiver.cpp|00034|14-11-2016 21:39:20:292|~IN~]Receiveing the data :cmdLength:43,cmdId:0x9,cmdStatus:0,mcsi_sessionId1
[SMPPSERVER10|Receiver.cpp|00035|14-11-2016 21:39:20:292|~IN~]Receiveing the data from SMPP Clinet:43
[SMPPSERVER10|Receiver.cpp|00049|14-11-2016 21:39:20:292|~IN~]Receiveing the data from SMPP Clinet:43
[SMPPSERVER10|Receiver.cpp|00056|14-11-2016 21:39:20:292|~IN~]Sending Bind Responc:testAcount
0000001b8000000900000000000000017465737441636f756e7400
[SMPPSERVER10|TcpServer.cpp|00202|14-11-2016 21:39:21:294|~IN~] Client connected from 
[SMPPSERVER10|TcpServer.cpp|00223|14-11-2016 21:39:21:294|~IN~]Started ClientThread[0x9066180]
[SMPPSERVER10|Receiver.cpp|00022|14-11-2016 21:39:21:294|~IN~]sending begin
0000003b000000050000000000000002555353440000002a3636372300010139313934393330323437303500000000000000000f00000501000102
[SMPPSERVER10|Receiver.cpp|00026|14-11-2016 21:39:41:301|~IN~]after sending begin
[SMPPSERVER10|Receiver.cpp|00028|14-11-2016 21:39:41:304|~IN~]Receiveing the data
[SMPPSERVER10|Receiver.cpp|00034|14-11-2016 21:39:41:304|~IN~]Receiveing the data :cmdLength:17,cmdId:0x80000005,cmdStatus:0,mcsi_sessionId2
[SMPPSERVER10|Receiver.cpp|00035|14-11-2016 21:39:41:304|~IN~]Receiveing the data from SMPP Clinet:17
[SMPPSERVER10|Receiver.cpp|00049|14-11-2016 21:39:41:327|~IN~]Receiveing the data from SMPP Clinet:17
[SMPPSERVER10|TcpServer.cpp|00228|14-11-2016 21:39:41:327|~ER~]Clint Has Discoonected From 
[SMPPSERVER10|TcpServer.cpp|00245|14-11-2016 21:39:41:328|~CR~]Clinet  Disconnected
[SMPPSERVER10|Receiver.cpp|00028|14-11-2016 21:39:41:332|~IN~]Receiveing the data
[SMPPSERVER10|Receiver.cpp|00034|14-11-2016 21:39:42:330|~IN~]Receiveing the data :cmdLength:43,cmdId:0x9,cmdStatus:0,mcsi_sessionId1
[SMPPSERVER10|Receiver.cpp|00035|14-11-2016 21:39:42:330|~IN~]Receiveing the data from SMPP Clinet:43
[SMPPSERVER10|Receiver.cpp|00049|14-11-2016 21:39:42:330|~IN~]Receiveing the data from SMPP Clinet:43
[SMPPSERVER10|Receiver.cpp|00056|14-11-2016 21:39:42:330|~IN~]Sending Bind Responc:testAcount
0000001b8000000900000000000000017465737441636f756e7400
[SMPPSERVER10|TcpServer.cpp|00202|14-11-2016 21:39:43:332|~IN~] Client connected from 
[SMPPSERVER10|TcpServer.cpp|00223|14-11-2016 21:39:43:332|~IN~]Started ClientThread[0x9065c60]
[SMPPSERVER10|Receiver.cpp|00022|14-11-2016 21:39:43:332|~IN~]sending begin
0000003b000000050000000000000002555353440000002a3636372300010139313934393330323437303500000000000000000f00000501000102
[SMPPSERVER10|Receiver.cpp|00026|14-11-2016 21:40:03:338|~IN~]after sending begin
[SMPPSERVER10|Receiver.cpp|00028|14-11-2016 21:40:03:338|~IN~]Receiveing the data
[SMPPSERVER10|Receiver.cpp|00034|14-11-2016 21:40:03:338|~IN~]Receiveing the data :cmdLength:17,cmdId:0x80000005,cmdStatus:0,mcsi_sessionId2
[SMPPSERVER10|Receiver.cpp|00035|14-11-2016 21:40:03:339|~IN~]Receiveing the data from SMPP Clinet:17
[SMPPSERVER10|Receiver.cpp|00049|14-11-2016 21:40:03:339|~IN~]Receiveing the data from SMPP Clinet:17
[SMPPSERVER10|TcpServer.cpp|00228|14-11-2016 21:40:03:339|~ER~]Clint Has Discoonected From 
[SMPPSERVER10|TcpServer.cpp|00245|14-11-2016 21:40:03:340|~CR~]Clinet  Disconnected
[SMPPSERVER10|Receiver.cpp|00028|14-11-2016 21:40:03:365|~IN~]Receiveing the data
[SMPPSERVER10|Receiver.cpp|00034|14-11-2016 21:40:04:342|~IN~]Receiveing the data :cmdLength:43,cmdId:0x9,cmdStatus:0,mcsi_sessionId1
[SMPPSERVER10|Receiver.cpp|00035|14-11-2016 21:40:04:342|~IN~]Receiveing the data from SMPP Clinet:43
[SMPPSERVER10|Receiver.cpp|00049|14-11-2016 21:40:04:342|~IN~]Receiveing the data from SMPP Clinet:43
[SMPPSERVER10|Receiver.cpp|00056|14-11-2016 21:40:04:343|~IN~]Sending Bind Responc:testAcount
0000001b8000000900000000000000017465737441636f756e7400
[SMPPSERVER10|TcpServer.cpp|00202|14-11-2016 21:40:05:345|~IN~] Client connected from 
[SMPPSERVER10|TcpServer.cpp|00223|14-11-2016 21:40:05:345|~IN~]Started ClientThread[0x9066180]
[SMPPSERVER10|Receiver.cpp|00022|14-11-2016 21:40:05:345|~IN~]sending begin
0000003b000000050000000000000002555353440000002a3636372300010139313934393330323437303500000000000000000f00000501000102
[SMPPSERVER10|Receiver.cpp|00026|14-11-2016 21:40:25:350|~IN~]after sending begin
[SMPPSERVER10|Receiver.cpp|00028|14-11-2016 21:40:25:350|~IN~]Receiveing the data
[SMPPSERVER10|Receiver.cpp|00034|14-11-2016 21:40:25:350|~IN~]Receiveing the data :cmdLength:16,cmdId:0x15,cmdStatus:0,mcsi_sessionId3
[SMPPSERVER10|Receiver.cpp|00035|14-11-2016 21:40:25:350|~IN~]Receiveing the data from SMPP Clinet:16
[SMPPSERVER10|Receiver.cpp|00049|14-11-2016 21:40:25:351|~IN~]Receiveing the data from SMPP Clinet:16
[SMPPSERVER10|Receiver.cpp|00028|14-11-2016 21:40:25:351|~IN~]Receiveing the data
[SMPPSERVER10|Receiver.cpp|00034|14-11-2016 21:40:25:351|~IN~]Receiveing the data :cmdLength:17,cmdId:0x80000005,cmdStatus:0,mcsi_sessionId2
[SMPPSERVER10|Receiver.cpp|00035|14-11-2016 21:40:25:351|~IN~]Receiveing the data from SMPP Clinet:17
[SMPPSERVER10|Receiver.cpp|00049|14-11-2016 21:40:25:351|~IN~]Receiveing the data from SMPP Clinet:17
[SMPPSERVER10|TcpServer.cpp|00228|14-11-2016 21:40:25:351|~ER~]Clint Has Discoonected From 
[SMPPSERVER10|TcpServer.cpp|00245|14-11-2016 21:40:25:351|~CR~]Clinet  Disconnected
[SMPPSERVER10|Receiver.cpp|00028|14-11-2016 21:40:25:351|~IN~]Receiveing the data
[SMPPSERVER10|Receiver.cpp|00034|14-11-2016 21:40:26:353|~IN~]Receiveing the data :cmdLength:43,cmdId:0x9,cmdStatus:0,mcsi_sessionId1
[SMPPSERVER10|Receiver.cpp|00035|14-11-2016 21:40:26:354|~IN~]Receiveing the data from SMPP Clinet:43
[SMPPSERVER10|Receiver.cpp|00049|14-11-2016 21:40:26:354|~IN~]Receiveing the data from SMPP Clinet:43
[SMPPSERVER10|Receiver.cpp|00056|14-11-2016 21:40:26:354|~IN~]Sending Bind Responc:testAcount
0000001b8000000900000000000000017465737441636f756e7400
[SMPPSERVER10|TcpServer.cpp|00202|14-11-2016 21:40:27:356|~IN~] Client connected from 
[SMPPSERVER10|TcpServer.cpp|00223|14-11-2016 21:40:27:356|~IN~]Started ClientThread[0x9065c60]
[SMPPSERVER10|Receiver.cpp|00022|14-11-2016 21:40:27:356|~IN~]sending begin
0000003b000000050000000000000002555353440000002a3636372300010139313934393330323437303500000000000000000f00000501000102
[SMPPSERVER10|Receiver.cpp|00026|14-11-2016 21:40:47:361|~IN~]after sending begin
[SMPPSERVER10|Receiver.cpp|00028|14-11-2016 21:40:47:362|~IN~]Receiveing the data
[SMPPSERVER10|Receiver.cpp|00034|14-11-2016 21:40:47:362|~IN~]Receiveing the data :cmdLength:17,cmdId:0x80000005,cmdStatus:0,mcsi_sessionId2
[SMPPSERVER10|Receiver.cpp|00035|14-11-2016 21:40:47:372|~IN~]Receiveing the data from SMPP Clinet:17
[SMPPSERVER10|Receiver.cpp|00049|14-11-2016 21:40:47:372|~IN~]Receiveing the data from SMPP Clinet:17
[SMPPSERVER10|TcpServer.cpp|00228|14-11-2016 21:40:47:372|~ER~]Clint Has Discoonected From 
[SMPPSERVER10|TcpServer.cpp|00245|14-11-2016 21:40:47:373|~CR~]Clinet  Disconnected
[SMPPSERVER10|Receiver.cpp|00028|14-11-2016 21:40:47:382|~IN~]Receiveing the data
[SMPPSERVER10|Receiver.cpp|00034|14-11-2016 21:40:48:374|~IN~]Receiveing the data :cmdLength:43,cmdId:0x9,cmdStatus:0,mcsi_sessionId1
[SMPPSERVER10|Receiver.cpp|00035|14-11-2016 21:40:48:374|~IN~]Receiveing the data from SMPP Clinet:43
[SMPPSERVER10|Receiver.cpp|00049|14-11-2016 21:40:48:374|~IN~]Receiveing the data from SMPP Clinet:43
[SMPPSERVER10|Receiver.cpp|00056|14-11-2016 21:40:48:374|~IN~]Sending Bind Responc:testAcount
0000001b8000000900000000000000017465737441636f756e7400
[SMPPSERVER10|TcpServer.cpp|00202|14-11-2016 21:40:49:376|~IN~] Client connected from 
[SMPPSERVER10|TcpServer.cpp|00223|14-11-2016 21:40:49:377|~IN~]Started ClientThread[0x9066180]
[SMPPSERVER10|Receiver.cpp|00022|14-11-2016 21:40:49:377|~IN~]sending begin
0000003b000000050000000000000002555353440000002a3636372300010139313934393330323437303500000000000000000f00000501000102
[SMPPSERVER10|Receiver.cpp|00026|14-11-2016 21:41:09:381|~IN~]after sending begin
[SMPPSERVER10|Receiver.cpp|00028|14-11-2016 21:41:09:381|~IN~]Receiveing the data
[SMPPSERVER10|Receiver.cpp|00034|14-11-2016 21:41:09:381|~IN~]Receiveing the data :cmdLength:17,cmdId:0x80000005,cmdStatus:0,mcsi_sessionId2
[SMPPSERVER10|Receiver.cpp|00035|14-11-2016 21:41:09:382|~IN~]Receiveing the data from SMPP Clinet:17
[SMPPSERVER10|Receiver.cpp|00049|14-11-2016 21:41:09:382|~IN~]Receiveing the data from SMPP Clinet:17
[SMPPSERVER10|TcpServer.cpp|00228|14-11-2016 21:41:09:397|~ER~]Clint Has Discoonected From 
[SMPPSERVER10|TcpServer.cpp|00245|14-11-2016 21:41:09:398|~CR~]Clinet  Disconnected
[SMPPSERVER10|Receiver.cpp|00028|14-11-2016 21:41:09:407|~IN~]Receiveing the data
[SMPPSERVER10|Receiver.cpp|00034|14-11-2016 21:41:10:400|~IN~]Receiveing the data :cmdLength:43,cmdId:0x9,cmdStatus:0,mcsi_sessionId1
[SMPPSERVER10|Receiver.cpp|00035|14-11-2016 21:41:10:400|~IN~]Receiveing the data from SMPP Clinet:43
[SMPPSERVER10|Receiver.cpp|00049|14-11-2016 21:41:10:400|~IN~]Receiveing the data from SMPP Clinet:43
[SMPPSERVER10|Receiver.cpp|00056|14-11-2016 21:41:10:400|~IN~]Sending Bind Responc:testAcount
0000001b8000000900000000000000017465737441636f756e7400
[SMPPSERVER10|TcpServer.cpp|00202|14-11-2016 21:41:11:402|~IN~] Client connected from 
[SMPPSERVER10|TcpServer.cpp|00223|14-11-2016 21:41:11:402|~IN~]Started ClientThread[0x9065c60]
[SMPPSERVER10|Receiver.cpp|00022|14-11-2016 21:41:11:402|~IN~]sending begin
0000003b000000050000000000000002555353440000002a3636372300010139313934393330323437303500000000000000000f00000501000102
[SMPPSERVER10|Receiver.cpp|00026|14-11-2016 21:41:31:406|~IN~]after sending begin
[SMPPSERVER10|Receiver.cpp|00028|14-11-2016 21:41:31:406|~IN~]Receiveing the data
[SMPPSERVER10|Receiver.cpp|00034|14-11-2016 21:41:31:407|~IN~]Receiveing the data :cmdLength:16,cmdId:0x15,cmdStatus:0,mcsi_sessionId5
[SMPPSERVER10|Receiver.cpp|00035|14-11-2016 21:41:31:407|~IN~]Receiveing the data from SMPP Clinet:16
[SMPPSERVER10|Receiver.cpp|00049|14-11-2016 21:41:31:407|~IN~]Receiveing the data from SMPP Clinet:16
[SMPPSERVER10|Receiver.cpp|00028|14-11-2016 21:41:31:407|~IN~]Receiveing the data
[SMPPSERVER10|Receiver.cpp|00034|14-11-2016 21:41:31:407|~IN~]Receiveing the data :cmdLength:17,cmdId:0x80000005,cmdStatus:0,mcsi_sessionId2
[SMPPSERVER10|Receiver.cpp|00035|14-11-2016 21:41:31:407|~IN~]Receiveing the data from SMPP Clinet:17
[SMPPSERVER10|Receiver.cpp|00049|14-11-2016 21:41:31:407|~IN~]Receiveing the data from SMPP Clinet:17
[SMPPSERVER10|TcpServer.cpp|00228|14-11-2016 21:41:31:407|~ER~]Clint Has Discoonected From 
[SMPPSERVER10|TcpServer.cpp|00245|14-11-2016 21:41:31:412|~CR~]Clinet  Disconnected
[SMPPSERVER10|Receiver.cpp|00028|14-11-2016 21:41:31:412|~IN~]Receiveing the data
[SMPPSERVER10|Receiver.cpp|00034|14-11-2016 21:41:32:410|~IN~]Receiveing the data :cmdLength:43,cmdId:0x9,cmdStatus:0,mcsi_sessionId1
[SMPPSERVER10|Receiver.cpp|00035|14-11-2016 21:41:32:410|~IN~]Receiveing the data from SMPP Clinet:43
[SMPPSERVER10|Receiver.cpp|00049|14-11-2016 21:41:32:410|~IN~]Receiveing the data from SMPP Clinet:43
[SMPPSERVER10|Receiver.cpp|00056|14-11-2016 21:41:32:410|~IN~]Sending Bind Responc:testAcount
0000001b8000000900000000000000017465737441636f756e7400
[SMPPSERVER10|TcpServer.cpp|00202|14-11-2016 21:41:33:411|~IN~] Client connected from 
[SMPPSERVER10|TcpServer.cpp|00223|14-11-2016 21:41:33:412|~IN~]Started ClientThread[0x9066180]
[SMPPSERVER10|Receiver.cpp|00022|14-11-2016 21:41:33:412|~IN~]sending begin
0000003b000000050000000000000002555353440000002a3636372300010139313934393330323437303500000000000000000f00000501000102
[SMPPSERVER10|Receiver.cpp|00026|14-11-2016 21:41:53:417|~IN~]after sending begin
[SMPPSERVER10|Receiver.cpp|00028|14-11-2016 21:41:53:417|~IN~]Receiveing the data
[SMPPSERVER10|Receiver.cpp|00034|14-11-2016 21:41:53:417|~IN~]Receiveing the data :cmdLength:16,cmdId:0x15,cmdStatus:0,mcsi_sessionId6
[SMPPSERVER10|Receiver.cpp|00035|14-11-2016 21:41:53:418|~IN~]Receiveing the data from SMPP Clinet:16
[SMPPSERVER10|Receiver.cpp|00049|14-11-2016 21:41:53:418|~IN~]Receiveing the data from SMPP Clinet:16
[SMPPSERVER10|Receiver.cpp|00028|14-11-2016 21:41:53:418|~IN~]Receiveing the data
[SMPPSERVER10|Receiver.cpp|00034|14-11-2016 21:41:53:418|~IN~]Receiveing the data :cmdLength:17,cmdId:0x80000005,cmdStatus:0,mcsi_sessionId2
[SMPPSERVER10|Receiver.cpp|00035|14-11-2016 21:41:53:418|~IN~]Receiveing the data from SMPP Clinet:17
[SMPPSERVER10|Receiver.cpp|00049|14-11-2016 21:41:53:418|~IN~]Receiveing the data from SMPP Clinet:17
[SMPPSERVER10|TcpServer.cpp|00228|14-11-2016 21:41:53:418|~ER~]Clint Has Discoonected From 
[SMPPSERVER10|TcpServer.cpp|00245|14-11-2016 21:41:53:418|~CR~]Clinet  Disconnected
[SMPPSERVER10|Receiver.cpp|00028|14-11-2016 21:41:53:418|~IN~]Receiveing the data
[SMPPSERVER10|Receiver.cpp|00034|14-11-2016 21:41:54:420|~IN~]Receiveing the data :cmdLength:43,cmdId:0x9,cmdStatus:0,mcsi_sessionId1
[SMPPSERVER10|Receiver.cpp|00035|14-11-2016 21:41:54:420|~IN~]Receiveing the data from SMPP Clinet:43
[SMPPSERVER10|Receiver.cpp|00049|14-11-2016 21:41:54:420|~IN~]Receiveing the data from SMPP Clinet:43
[SMPPSERVER10|Receiver.cpp|00056|14-11-2016 21:41:54:420|~IN~]Sending Bind Responc:testAcount
0000001b8000000900000000000000017465737441636f756e7400
[SMPPSERVER10|TcpServer.cpp|00202|14-11-2016 21:41:55:422|~IN~] Client connected from 
[SMPPSERVER10|TcpServer.cpp|00223|14-11-2016 21:41:55:422|~IN~]Started ClientThread[0x9065c60]
[SMPPSERVER10|Receiver.cpp|00022|14-11-2016 21:41:55:422|~IN~]sending begin
0000003b000000050000000000000002555353440000002a3636372300010139313934393330323437303500000000000000000f00000501000102
[SMPPSERVER10|Receiver.cpp|00028|14-11-2016 21:42:11:595|~IN~]Receiveing the data
[SMPPSERVER10|Receiver.cpp|00034|14-11-2016 21:42:12:599|~IN~]Receiveing the data :cmdLength:43,cmdId:0x9,cmdStatus:0,mcsi_sessionId1
[SMPPSERVER10|Receiver.cpp|00035|14-11-2016 21:42:12:599|~IN~]Receiveing the data from SMPP Clinet:43
[SMPPSERVER10|Receiver.cpp|00049|14-11-2016 21:42:12:599|~IN~]Receiveing the data from SMPP Clinet:43
[SMPPSERVER10|Receiver.cpp|00056|14-11-2016 21:42:12:599|~IN~]Sending Bind Responc:testAcount
0000001b8000000900000000000000017465737441636f756e7400
[SMPPSERVER10|TcpServer.cpp|00202|14-11-2016 21:42:13:602|~IN~] Client connected from 
[SMPPSERVER10|TcpServer.cpp|00223|14-11-2016 21:42:13:602|~IN~]Started ClientThread[0x9066180]
[SMPPSERVER10|Receiver.cpp|00022|14-11-2016 21:42:13:602|~IN~]sending begin
[SMPPSERVER10|Receiver.cpp|00026|14-11-2016 21:42:15:427|~IN~]after sending begin
[SMPPSERVER10|Receiver.cpp|00028|14-11-2016 21:42:15:427|~IN~]Receiveing the data
[SMPPSERVER10|Receiver.cpp|00034|14-11-2016 21:42:15:427|~IN~]Receiveing the data :cmdLength:17,cmdId:0x80000005,cmdStatus:0,mcsi_sessionId2
[SMPPSERVER10|Receiver.cpp|00035|14-11-2016 21:42:15:427|~IN~]Receiveing the data from SMPP Clinet:17
[SMPPSERVER10|Receiver.cpp|00049|14-11-2016 21:42:15:428|~IN~]Receiveing the data from SMPP Clinet:17
[SMPPSERVER10|TcpServer.cpp|00228|14-11-2016 21:42:15:428|~ER~]Clint Has Discoonected From 
[SMPPSERVER10|TcpServer.cpp|00245|14-11-2016 21:42:15:445|~CR~]Clinet  Disconnected
[SMPPSERVER10|Receiver.cpp|00028|14-11-2016 21:42:15:445|~IN~]Receiveing the data
[SMPPSERVER10|Receiver.cpp|00034|14-11-2016 21:42:16:433|~IN~]Receiveing the data :cmdLength:43,cmdId:0x9,cmdStatus:0,mcsi_sessionId1
[SMPPSERVER10|Receiver.cpp|00035|14-11-2016 21:42:16:433|~IN~]Receiveing the data from SMPP Clinet:43
[SMPPSERVER10|Receiver.cpp|00049|14-11-2016 21:42:16:434|~IN~]Receiveing the data from SMPP Clinet:43
[SMPPSERVER10|Receiver.cpp|00056|14-11-2016 21:42:16:434|~IN~]Sending Bind Responc:testAcount
0000001b8000000900000000000000017465737441636f756e7400
[SMPPSERVER10|TcpServer.cpp|00202|14-11-2016 21:42:17:436|~IN~] Client connected from 
[SMPPSERVER10|TcpServer.cpp|00223|14-11-2016 21:42:17:436|~IN~]Started ClientThread[0x9066d28]
[SMPPSERVER10|Receiver.cpp|00022|14-11-2016 21:42:17:437|~IN~]sending begin
0000003b000000050000000000000002555353440000002a3636372300010139313934393330323437303500000000000000000f00000501000102
