[SMPPSERVER10|TcpServer.cpp|00165|26-11-2016 21:50:04:439|~IN~]StartServerThread started...
[SMPPSERVER10|Receiver.cpp|00028|26-11-2016 21:50:05:432|~IN~]Receiveing the data
[SMPPSERVER10|Receiver.cpp|00034|26-11-2016 21:50:06:438|~IN~]Receiveing the data :cmdLength:43,cmdId:0x9,cmdStatus:0,mcsi_sessionId1
[SMPPSERVER10|Receiver.cpp|00035|26-11-2016 21:50:06:439|~IN~]Receiveing the data from SMPP Clinet:43
[SMPPSERVER10|Receiver.cpp|00049|26-11-2016 21:50:06:440|~IN~]Receiveing the data from SMPP Clinet:43
[SMPPSERVER10|Receiver.cpp|00056|26-11-2016 21:50:06:440|~IN~]Sending Bind Responc:testAcount
0000001b8000000900000000000000017465737441636f756e7400
[SMPPSERVER10|TcpServer.cpp|00202|26-11-2016 21:50:07:442|~IN~] Client connected from 
[SMPPSERVER10|TcpServer.cpp|00223|26-11-2016 21:50:07:443|~IN~]Started ClientThread[0x8cabc60]
[SMPPSERVER10|Receiver.cpp|00023|26-11-2016 21:50:07:444|~IN~]sending begin
0000003f000000050000000000000002555353440001013931393439333032343730350000002a36363700000000000000000f00052a363637230501000101
[SMPPSERVER10|Receiver.cpp|00026|26-11-2016 21:50:12:447|~IN~]after sending begin
[SMPPSERVER10|Receiver.cpp|00028|26-11-2016 21:50:12:447|~IN~]Receiveing the data
[SMPPSERVER10|Receiver.cpp|00034|26-11-2016 21:50:13:418|~IN~]Receiveing the data :cmdLength:17,cmdId:0x80000005,cmdStatus:0,mcsi_sessionId2
[SMPPSERVER10|Receiver.cpp|00035|26-11-2016 21:50:13:418|~IN~]Receiveing the data from SMPP Clinet:17
[SMPPSERVER10|Receiver.cpp|00049|26-11-2016 21:50:13:418|~IN~]Receiveing the data from SMPP Clinet:17
[SMPPSERVER10|Receiver.cpp|00028|26-11-2016 21:50:13:418|~IN~]Receiveing the data
[SMPPSERVER10|Receiver.cpp|00034|26-11-2016 21:50:13:473|~IN~]Receiveing the data :cmdLength:93,cmdId:0x4,cmdStatus:0,mcsi_sessionId2
[SMPPSERVER10|Receiver.cpp|00035|26-11-2016 21:50:13:473|~IN~]Receiveing the data from SMPP Clinet:93
[SMPPSERVER10|Receiver.cpp|00049|26-11-2016 21:50:13:473|~IN~]Receiveing the data from SMPP Clinet:93
000000128000000400000000000000023000
0000003b000000050000000000000001555353440001013931393439333032343730350000002a3636370000000000000000000001310501000112
[SMPPSERVER10|Receiver.cpp|00028|26-11-2016 21:50:14:617|~IN~]Receiveing the data
[SMPPSERVER10|Receiver.cpp|00034|26-11-2016 21:50:15:481|~IN~]Receiveing the data :cmdLength:17,cmdId:0x80000005,cmdStatus:0,mcsi_sessionId1
[SMPPSERVER10|Receiver.cpp|00035|26-11-2016 21:50:15:481|~IN~]Receiveing the data from SMPP Clinet:17
[SMPPSERVER10|Receiver.cpp|00049|26-11-2016 21:50:15:482|~IN~]Receiveing the data from SMPP Clinet:17
[SMPPSERVER10|Receiver.cpp|00028|26-11-2016 21:50:15:482|~IN~]Receiveing the data
[SMPPSERVER10|Receiver.cpp|00034|26-11-2016 21:50:15:525|~IN~]Receiveing the data :cmdLength:82,cmdId:0x4,cmdStatus:0,mcsi_sessionId3
[SMPPSERVER10|Receiver.cpp|00035|26-11-2016 21:50:15:527|~IN~]Receiveing the data from SMPP Clinet:82
[SMPPSERVER10|Receiver.cpp|00049|26-11-2016 21:50:15:527|~IN~]Receiveing the data from SMPP Clinet:82
000000128000000400000000000000033000
000000440000000500000000000000025553534400010139313934393330323437303500000031323537000000000000000000000a373637363732343631340501000112
[SMPPSERVER10|Receiver.cpp|00028|26-11-2016 21:50:18:828|~IN~]Receiveing the data
[SMPPSERVER10|Receiver.cpp|00034|26-11-2016 21:50:19:492|~IN~]Receiveing the data :cmdLength:17,cmdId:0x80000005,cmdStatus:0,mcsi_sessionId2
[SMPPSERVER10|Receiver.cpp|00035|26-11-2016 21:50:19:493|~IN~]Receiveing the data from SMPP Clinet:17
[SMPPSERVER10|Receiver.cpp|00049|26-11-2016 21:50:19:493|~IN~]Receiveing the data from SMPP Clinet:17
[SMPPSERVER10|Receiver.cpp|00028|26-11-2016 21:50:19:493|~IN~]Receiveing the data
[SMPPSERVER10|Receiver.cpp|00034|26-11-2016 21:50:19:533|~IN~]Receiveing the data :cmdLength:96,cmdId:0x4,cmdStatus:0,mcsi_sessionId4
[SMPPSERVER10|Receiver.cpp|00035|26-11-2016 21:50:19:533|~IN~]Receiveing the data from SMPP Clinet:96
[SMPPSERVER10|Receiver.cpp|00049|26-11-2016 21:50:19:533|~IN~]Receiveing the data from SMPP Clinet:96
000000128000000400000000000000043000
[SMPPSERVER10|Receiver.cpp|00028|26-11-2016 21:51:16:655|~IN~]Receiveing the data
