[SMPPSERVER10|TcpServer.cpp|00165|15-11-2016 20:24:43:303|~IN~]StartServerThread started...
[SMPPSERVER10|Receiver.cpp|00028|15-11-2016 20:24:50:832|~IN~]Receiveing the data
[SMPPSERVER10|Receiver.cpp|00034|15-11-2016 20:24:51:838|~IN~]Receiveing the data :cmdLength:43,cmdId:0x9,cmdStatus:0,mcsi_sessionId1
[SMPPSERVER10|Receiver.cpp|00035|15-11-2016 20:24:51:838|~IN~]Receiveing the data from SMPP Clinet:43
[SMPPSERVER10|Receiver.cpp|00049|15-11-2016 20:24:51:838|~IN~]Receiveing the data from SMPP Clinet:43
[SMPPSERVER10|Receiver.cpp|00056|15-11-2016 20:24:51:838|~IN~]Sending Bind Responc:testAcount
0000001b8000000900000000000000017465737441636f756e7400
[SMPPSERVER10|TcpServer.cpp|00202|15-11-2016 20:24:52:839|~IN~] Client connected from 
[SMPPSERVER10|TcpServer.cpp|00223|15-11-2016 20:24:52:840|~IN~]Started ClientThread[0x8435c60]
[SMPPSERVER10|Receiver.cpp|00022|15-11-2016 20:24:52:841|~IN~]sending begin
0000003b000000050000000000000002555353440001013931393439333032343730350000002a3636372300000000000000000f00000501000101
[SMPPSERVER10|Receiver.cpp|00026|15-11-2016 20:25:12:847|~IN~]after sending begin
[SMPPSERVER10|Receiver.cpp|00028|15-11-2016 20:25:12:847|~IN~]Receiveing the data
[SMPPSERVER10|Receiver.cpp|00034|15-11-2016 20:25:12:847|~IN~]Receiveing the data :cmdLength:17,cmdId:0x80000005,cmdStatus:0,mcsi_sessionId2
[SMPPSERVER10|Receiver.cpp|00035|15-11-2016 20:25:12:848|~IN~]Receiveing the data from SMPP Clinet:17
[SMPPSERVER10|Receiver.cpp|00049|15-11-2016 20:25:12:848|~IN~]Receiveing the data from SMPP Clinet:17
[SMPPSERVER10|Receiver.cpp|00028|15-11-2016 20:25:12:848|~IN~]Receiveing the data
[SMPPSERVER10|Receiver.cpp|00034|15-11-2016 20:25:12:848|~IN~]Receiveing the data :cmdLength:18,cmdId:0x80000004,cmdStatus:3,mcsi_sessionId2
[SMPPSERVER10|Receiver.cpp|00035|15-11-2016 20:25:12:848|~IN~]Receiveing the data from SMPP Clinet:18
[SMPPSERVER10|Receiver.cpp|00049|15-11-2016 20:25:12:848|~IN~]Receiveing the data from SMPP Clinet:18
[SMPPSERVER10|Receiver.cpp|00028|15-11-2016 20:25:12:848|~IN~]Receiveing the data
[SMPPSERVER10|Receiver.cpp|00034|15-11-2016 20:25:22:915|~IN~]Receiveing the data :cmdLength:16,cmdId:0x15,cmdStatus:0,mcsi_sessionId2
[SMPPSERVER10|Receiver.cpp|00035|15-11-2016 20:25:22:915|~IN~]Receiveing the data from SMPP Clinet:16
[SMPPSERVER10|Receiver.cpp|00049|15-11-2016 20:25:22:915|~IN~]Receiveing the data from SMPP Clinet:16
[SMPPSERVER10|Receiver.cpp|00028|15-11-2016 20:25:22:916|~IN~]Receiveing the data
[SMPPSERVER10|Receiver.cpp|00046|15-11-2016 20:25:26:833|~ER~]Clinet Disconnection happend
[SMPPSERVER10|TcpServer.cpp|00228|15-11-2016 20:25:26:833|~ER~]Clint Has Discoonected From 
[SMPPSERVER10|TcpServer.cpp|00245|15-11-2016 20:25:26:834|~CR~]Clinet  Disconnected
[SMPPSERVER10|Receiver.cpp|00028|15-11-2016 20:30:19:524|~IN~]Receiveing the data
[SMPPSERVER10|Receiver.cpp|00034|15-11-2016 20:30:20:537|~IN~]Receiveing the data :cmdLength:43,cmdId:0x9,cmdStatus:0,mcsi_sessionId1
[SMPPSERVER10|Receiver.cpp|00035|15-11-2016 20:30:20:538|~IN~]Receiveing the data from SMPP Clinet:43
[SMPPSERVER10|Receiver.cpp|00049|15-11-2016 20:30:20:538|~IN~]Receiveing the data from SMPP Clinet:43
[SMPPSERVER10|Receiver.cpp|00056|15-11-2016 20:30:20:538|~IN~]Sending Bind Responc:testAcount
0000001b8000000900000000000000017465737441636f756e7400
[SMPPSERVER10|TcpServer.cpp|00202|15-11-2016 20:30:21:540|~IN~] Client connected from 
[SMPPSERVER10|TcpServer.cpp|00223|15-11-2016 20:30:21:541|~IN~]Started ClientThread[0x8436180]
[SMPPSERVER10|Receiver.cpp|00022|15-11-2016 20:30:21:541|~IN~]sending begin
0000003b000000050000000000000002555353440001013931393439333032343730350000002a3636372300000000000000000f00000501000101
[SMPPSERVER10|Receiver.cpp|00026|15-11-2016 20:30:41:545|~IN~]after sending begin
[SMPPSERVER10|Receiver.cpp|00028|15-11-2016 20:30:41:545|~IN~]Receiveing the data
[SMPPSERVER10|Receiver.cpp|00034|15-11-2016 20:30:41:545|~IN~]Receiveing the data :cmdLength:17,cmdId:0x80000005,cmdStatus:0,mcsi_sessionId2
[SMPPSERVER10|Receiver.cpp|00035|15-11-2016 20:30:41:545|~IN~]Receiveing the data from SMPP Clinet:17
[SMPPSERVER10|Receiver.cpp|00049|15-11-2016 20:30:41:546|~IN~]Receiveing the data from SMPP Clinet:17
[SMPPSERVER10|Receiver.cpp|00028|15-11-2016 20:30:41:546|~IN~]Receiveing the data
[SMPPSERVER10|Receiver.cpp|00034|15-11-2016 20:30:41:546|~IN~]Receiveing the data :cmdLength:94,cmdId:0x4,cmdStatus:0,mcsi_sessionId2
[SMPPSERVER10|Receiver.cpp|00035|15-11-2016 20:30:41:546|~IN~]Receiveing the data from SMPP Clinet:94
[SMPPSERVER10|Receiver.cpp|00049|15-11-2016 20:30:41:546|~IN~]Receiveing the data from SMPP Clinet:94
000000128000000400000000000000023000
[SMPPSERVER10|Receiver.cpp|00028|15-11-2016 20:30:41:546|~IN~]Receiveing the data
[SMPPSERVER10|Receiver.cpp|00034|15-11-2016 20:30:51:592|~IN~]Receiveing the data :cmdLength:16,cmdId:0x15,cmdStatus:0,mcsi_sessionId3
[SMPPSERVER10|Receiver.cpp|00035|15-11-2016 20:30:51:592|~IN~]Receiveing the data from SMPP Clinet:16
[SMPPSERVER10|Receiver.cpp|00049|15-11-2016 20:30:51:592|~IN~]Receiveing the data from SMPP Clinet:16
[SMPPSERVER10|Receiver.cpp|00028|15-11-2016 20:30:51:592|~IN~]Receiveing the data
