[SMPPSERVER10|TcpServer.cpp|00165|26-11-2016 21:06:32:881|~IN~]StartServerThread started...
[SMPPSERVER10|Receiver.cpp|00028|26-11-2016 21:06:33:633|~IN~]Receiveing the data
[SMPPSERVER10|Receiver.cpp|00034|26-11-2016 21:06:34:635|~IN~]Receiveing the data :cmdLength:43,cmdId:0x9,cmdStatus:0,mcsi_sessionId1
[SMPPSERVER10|Receiver.cpp|00035|26-11-2016 21:06:34:635|~IN~]Receiveing the data from SMPP Clinet:43
[SMPPSERVER10|Receiver.cpp|00049|26-11-2016 21:06:34:635|~IN~]Receiveing the data from SMPP Clinet:43
[SMPPSERVER10|Receiver.cpp|00056|26-11-2016 21:06:34:636|~IN~]Sending Bind Responc:testAcount
0000001b8000000900000000000000017465737441636f756e7400
[SMPPSERVER10|TcpServer.cpp|00202|26-11-2016 21:06:35:639|~IN~] Client connected from 
[SMPPSERVER10|TcpServer.cpp|00223|26-11-2016 21:06:35:639|~IN~]Started ClientThread[0x9c87c60]
[SMPPSERVER10|Receiver.cpp|00023|26-11-2016 21:06:35:639|~IN~]sending begin
0000003b000000050000000000000002555353440001013931393439333032343730350000002a3636372300000000000000000f00000501000101
[SMPPSERVER10|Receiver.cpp|00026|26-11-2016 21:06:40:642|~IN~]after sending begin
[SMPPSERVER10|Receiver.cpp|00028|26-11-2016 21:06:40:642|~IN~]Receiveing the data
[SMPPSERVER10|Receiver.cpp|00034|26-11-2016 21:06:41:601|~IN~]Receiveing the data :cmdLength:17,cmdId:0x80000005,cmdStatus:0,mcsi_sessionId2
[SMPPSERVER10|Receiver.cpp|00035|26-11-2016 21:06:41:601|~IN~]Receiveing the data from SMPP Clinet:17
[SMPPSERVER10|Receiver.cpp|00049|26-11-2016 21:06:41:601|~IN~]Receiveing the data from SMPP Clinet:17
[SMPPSERVER10|Receiver.cpp|00028|26-11-2016 21:06:41:601|~IN~]Receiveing the data
[SMPPSERVER10|Receiver.cpp|00034|26-11-2016 21:06:41:641|~IN~]Receiveing the data :cmdLength:18,cmdId:0x80000004,cmdStatus:3,mcsi_sessionId2
[SMPPSERVER10|Receiver.cpp|00035|26-11-2016 21:06:41:642|~IN~]Receiveing the data from SMPP Clinet:18
[SMPPSERVER10|Receiver.cpp|00049|26-11-2016 21:06:41:642|~IN~]Receiveing the data from SMPP Clinet:18
[SMPPSERVER10|Receiver.cpp|00028|26-11-2016 21:06:41:642|~IN~]Receiveing the data
