[SMPPSERVER10|TcpServer.cpp|00165|15-11-2016 20:54:01:863|~IN~]StartServerThread started...
[SMPPSERVER10|Receiver.cpp|00028|15-11-2016 20:54:01:979|~IN~]Receiveing the data
[SMPPSERVER10|Receiver.cpp|00034|15-11-2016 20:54:02:984|~IN~]Receiveing the data :cmdLength:43,cmdId:0x9,cmdStatus:0,mcsi_sessionId1
[SMPPSERVER10|Receiver.cpp|00035|15-11-2016 20:54:02:984|~IN~]Receiveing the data from SMPP Clinet:43
[SMPPSERVER10|Receiver.cpp|00049|15-11-2016 20:54:02:985|~IN~]Receiveing the data from SMPP Clinet:43
[SMPPSERVER10|Receiver.cpp|00056|15-11-2016 20:54:02:985|~IN~]Sending Bind Responc:testAcount
0000001b8000000900000000000000017465737441636f756e7400
[SMPPSERVER10|TcpServer.cpp|00202|15-11-2016 20:54:03:986|~IN~] Client connected from 
[SMPPSERVER10|TcpServer.cpp|00223|15-11-2016 20:54:03:987|~IN~]Started ClientThread[0x931ec60]
[SMPPSERVER10|Receiver.cpp|00023|15-11-2016 20:54:03:988|~IN~]sending begin
0000003b000000050000000000000002555353440001013931393439333032343730350000002a3636372300000000000000000f00000501000101
[SMPPSERVER10|Receiver.cpp|00026|15-11-2016 20:54:13:992|~IN~]after sending begin
[SMPPSERVER10|Receiver.cpp|00028|15-11-2016 20:54:13:992|~IN~]Receiveing the data
[SMPPSERVER10|Receiver.cpp|00034|15-11-2016 20:54:13:992|~IN~]Receiveing the data :cmdLength:16,cmdId:0x15,cmdStatus:0,mcsi_sessionId17
[SMPPSERVER10|Receiver.cpp|00035|15-11-2016 20:54:13:992|~IN~]Receiveing the data from SMPP Clinet:16
[SMPPSERVER10|Receiver.cpp|00049|15-11-2016 20:54:13:992|~IN~]Receiveing the data from SMPP Clinet:16
[SMPPSERVER10|Receiver.cpp|00028|15-11-2016 20:54:13:992|~IN~]Receiveing the data
[SMPPSERVER10|Receiver.cpp|00034|15-11-2016 20:54:14:280|~IN~]Receiveing the data :cmdLength:17,cmdId:0x80000005,cmdStatus:0,mcsi_sessionId2
[SMPPSERVER10|Receiver.cpp|00035|15-11-2016 20:54:14:280|~IN~]Receiveing the data from SMPP Clinet:17
[SMPPSERVER10|Receiver.cpp|00049|15-11-2016 20:54:14:280|~IN~]Receiveing the data from SMPP Clinet:17
[SMPPSERVER10|Receiver.cpp|00028|15-11-2016 20:54:14:281|~IN~]Receiveing the data
[SMPPSERVER10|Receiver.cpp|00034|15-11-2016 20:54:14:282|~IN~]Receiveing the data :cmdLength:94,cmdId:0x4,cmdStatus:0,mcsi_sessionId19
[SMPPSERVER10|Receiver.cpp|00035|15-11-2016 20:54:14:282|~IN~]Receiveing the data from SMPP Clinet:94
[SMPPSERVER10|Receiver.cpp|00049|15-11-2016 20:54:14:282|~IN~]Receiveing the data from SMPP Clinet:94
000000128000000400000000000000193000
0000003c000000050000000000c55ff5555353440001013931393439333032343730350000002a363637230000000000000000000001310501000101
[SMPPSERVER10|Receiver.cpp|00028|15-11-2016 20:54:16:293|~IN~]Receiveing the data
[SMPPSERVER10|Receiver.cpp|00034|15-11-2016 20:54:17:289|~IN~]Receiveing the data :cmdLength:17,cmdId:0x80000005,cmdStatus:0,mcsi_sessionIdc55ff5
[SMPPSERVER10|Receiver.cpp|00035|15-11-2016 20:54:17:289|~IN~]Receiveing the data from SMPP Clinet:17
[SMPPSERVER10|Receiver.cpp|00049|15-11-2016 20:54:17:289|~IN~]Receiveing the data from SMPP Clinet:17
[SMPPSERVER10|Receiver.cpp|00028|15-11-2016 20:54:17:289|~IN~]Receiveing the data
[SMPPSERVER10|Receiver.cpp|00034|15-11-2016 20:54:17:329|~IN~]Receiveing the data :cmdLength:94,cmdId:0x4,cmdStatus:0,mcsi_sessionId1b
[SMPPSERVER10|Receiver.cpp|00035|15-11-2016 20:54:17:330|~IN~]Receiveing the data from SMPP Clinet:94
[SMPPSERVER10|Receiver.cpp|00049|15-11-2016 20:54:17:330|~IN~]Receiveing the data from SMPP Clinet:94
0000001280000004000000000000001b3000
0000003c000000050000000000c55ff6555353440001013931393439333032343730350000002a363637230000000000000000000001310501000101
[SMPPSERVER10|Receiver.cpp|00028|15-11-2016 20:54:23:626|~IN~]Receiveing the data
[SMPPSERVER10|Receiver.cpp|00034|15-11-2016 20:54:24:303|~IN~]Receiveing the data :cmdLength:17,cmdId:0x80000005,cmdStatus:0,mcsi_sessionIdc55ff6
[SMPPSERVER10|Receiver.cpp|00035|15-11-2016 20:54:24:303|~IN~]Receiveing the data from SMPP Clinet:17
[SMPPSERVER10|Receiver.cpp|00049|15-11-2016 20:54:24:303|~IN~]Receiveing the data from SMPP Clinet:17
[SMPPSERVER10|Receiver.cpp|00028|15-11-2016 20:54:24:303|~IN~]Receiveing the data
[SMPPSERVER10|Receiver.cpp|00034|15-11-2016 20:54:24:343|~IN~]Receiveing the data :cmdLength:94,cmdId:0x4,cmdStatus:0,mcsi_sessionId1d
[SMPPSERVER10|Receiver.cpp|00035|15-11-2016 20:54:24:344|~IN~]Receiveing the data from SMPP Clinet:94
[SMPPSERVER10|Receiver.cpp|00049|15-11-2016 20:54:24:344|~IN~]Receiveing the data from SMPP Clinet:94
0000001280000004000000000000001d3000
0000003c000000050000000000c55ff7555353440001013931393439333032343730350000002a363637230000000000000000000001310501000101
[SMPPSERVER10|Receiver.cpp|00028|15-11-2016 20:54:25:897|~IN~]Receiveing the data
[SMPPSERVER10|Receiver.cpp|00034|15-11-2016 20:54:26:310|~IN~]Receiveing the data :cmdLength:17,cmdId:0x80000005,cmdStatus:0,mcsi_sessionIdc55ff7
[SMPPSERVER10|Receiver.cpp|00035|15-11-2016 20:54:26:310|~IN~]Receiveing the data from SMPP Clinet:17
[SMPPSERVER10|Receiver.cpp|00049|15-11-2016 20:54:26:310|~IN~]Receiveing the data from SMPP Clinet:17
[SMPPSERVER10|Receiver.cpp|00028|15-11-2016 20:54:26:310|~IN~]Receiveing the data
[SMPPSERVER10|Receiver.cpp|00034|15-11-2016 20:54:26:349|~IN~]Receiveing the data :cmdLength:94,cmdId:0x4,cmdStatus:0,mcsi_sessionId1f
[SMPPSERVER10|Receiver.cpp|00035|15-11-2016 20:54:26:349|~IN~]Receiveing the data from SMPP Clinet:94
[SMPPSERVER10|Receiver.cpp|00049|15-11-2016 20:54:26:350|~IN~]Receiveing the data from SMPP Clinet:94
0000001280000004000000000000001f3000
0000003c000000050000000000c55ff8555353440001013931393439333032343730350000002a363637230000000000000000000001310501000101
[SMPPSERVER10|Receiver.cpp|00028|15-11-2016 20:54:27:579|~IN~]Receiveing the data
[SMPPSERVER10|Receiver.cpp|00034|15-11-2016 20:54:28:316|~IN~]Receiveing the data :cmdLength:17,cmdId:0x80000005,cmdStatus:0,mcsi_sessionIdc55ff8
[SMPPSERVER10|Receiver.cpp|00035|15-11-2016 20:54:28:317|~IN~]Receiveing the data from SMPP Clinet:17
[SMPPSERVER10|Receiver.cpp|00049|15-11-2016 20:54:28:317|~IN~]Receiveing the data from SMPP Clinet:17
[SMPPSERVER10|Receiver.cpp|00028|15-11-2016 20:54:28:317|~IN~]Receiveing the data
[SMPPSERVER10|Receiver.cpp|00034|15-11-2016 20:54:28:357|~IN~]Receiveing the data :cmdLength:94,cmdId:0x4,cmdStatus:0,mcsi_sessionId21
[SMPPSERVER10|Receiver.cpp|00035|15-11-2016 20:54:28:358|~IN~]Receiveing the data from SMPP Clinet:94
[SMPPSERVER10|Receiver.cpp|00049|15-11-2016 20:54:28:358|~IN~]Receiveing the data from SMPP Clinet:94
000000128000000400000000000000213000
0000003c000000050000000000c55ff9555353440001013931393439333032343730350000002a363637230000000000000000000001310501000101
[SMPPSERVER10|Receiver.cpp|00028|15-11-2016 20:54:29:280|~IN~]Receiveing the data
[SMPPSERVER10|Receiver.cpp|00034|15-11-2016 20:54:29:326|~IN~]Receiveing the data :cmdLength:17,cmdId:0x80000005,cmdStatus:0,mcsi_sessionIdc55ff9
[SMPPSERVER10|Receiver.cpp|00035|15-11-2016 20:54:29:327|~IN~]Receiveing the data from SMPP Clinet:17
[SMPPSERVER10|Receiver.cpp|00049|15-11-2016 20:54:29:328|~IN~]Receiveing the data from SMPP Clinet:17
[SMPPSERVER10|Receiver.cpp|00028|15-11-2016 20:54:29:329|~IN~]Receiveing the data
[SMPPSERVER10|Receiver.cpp|00034|15-11-2016 20:54:29:360|~IN~]Receiveing the data :cmdLength:94,cmdId:0x4,cmdStatus:0,mcsi_sessionId23
[SMPPSERVER10|Receiver.cpp|00035|15-11-2016 20:54:29:361|~IN~]Receiveing the data from SMPP Clinet:94
[SMPPSERVER10|Receiver.cpp|00049|15-11-2016 20:54:29:361|~IN~]Receiveing the data from SMPP Clinet:94
000000128000000400000000000000233000
