[SMPPSERVER10|TcpServer.cpp|00165|14-11-2016 21:43:25:493|~IN~]StartServerThread started...
[SMPPSERVER10|Receiver.cpp|00028|14-11-2016 21:43:34:722|~IN~]Receiveing the data
[SMPPSERVER10|Receiver.cpp|00034|14-11-2016 21:43:35:724|~IN~]Receiveing the data :cmdLength:43,cmdId:0x9,cmdStatus:0,mcsi_sessionId1
[SMPPSERVER10|Receiver.cpp|00035|14-11-2016 21:43:35:725|~IN~]Receiveing the data from SMPP Clinet:43
[SMPPSERVER10|Receiver.cpp|00049|14-11-2016 21:43:35:725|~IN~]Receiveing the data from SMPP Clinet:43
[SMPPSERVER10|Receiver.cpp|00056|14-11-2016 21:43:35:725|~IN~]Sending Bind Responc:testAcount
0000001b8000000900000000000000017465737441636f756e7400
[SMPPSERVER10|TcpServer.cpp|00202|14-11-2016 21:43:36:728|~IN~] Client connected from 
[SMPPSERVER10|TcpServer.cpp|00223|14-11-2016 21:43:36:729|~IN~]Started ClientThread[0x9cb5c60]
[SMPPSERVER10|Receiver.cpp|00022|14-11-2016 21:43:36:729|~IN~]sending begin
0000003b000000050000000000000002555353440000002a3636372300010139313934393330323437303500000000000000000f00000501000101
[SMPPSERVER10|Receiver.cpp|00026|14-11-2016 21:43:56:734|~IN~]after sending begin
[SMPPSERVER10|Receiver.cpp|00028|14-11-2016 21:43:56:734|~IN~]Receiveing the data
[SMPPSERVER10|Receiver.cpp|00034|14-11-2016 21:43:56:734|~IN~]Receiveing the data :cmdLength:17,cmdId:0x80000005,cmdStatus:0,mcsi_sessionId2
[SMPPSERVER10|Receiver.cpp|00035|14-11-2016 21:43:56:734|~IN~]Receiveing the data from SMPP Clinet:17
[SMPPSERVER10|Receiver.cpp|00049|14-11-2016 21:43:56:734|~IN~]Receiveing the data from SMPP Clinet:17
[SMPPSERVER10|TcpServer.cpp|00228|14-11-2016 21:43:56:734|~ER~]Clint Has Discoonected From 
[SMPPSERVER10|TcpServer.cpp|00245|14-11-2016 21:43:56:735|~CR~]Clinet  Disconnected
[SMPPSERVER10|Receiver.cpp|00028|14-11-2016 21:43:56:736|~IN~]Receiveing the data
[SMPPSERVER10|Receiver.cpp|00034|14-11-2016 21:43:57:738|~IN~]Receiveing the data :cmdLength:43,cmdId:0x9,cmdStatus:0,mcsi_sessionId1
[SMPPSERVER10|Receiver.cpp|00035|14-11-2016 21:43:57:738|~IN~]Receiveing the data from SMPP Clinet:43
[SMPPSERVER10|Receiver.cpp|00049|14-11-2016 21:43:57:738|~IN~]Receiveing the data from SMPP Clinet:43
[SMPPSERVER10|Receiver.cpp|00056|14-11-2016 21:43:57:738|~IN~]Sending Bind Responc:testAcount
0000001b8000000900000000000000017465737441636f756e7400
[SMPPSERVER10|TcpServer.cpp|00202|14-11-2016 21:43:58:740|~IN~] Client connected from 
[SMPPSERVER10|TcpServer.cpp|00223|14-11-2016 21:43:58:740|~IN~]Started ClientThread[0x9cb6180]
[SMPPSERVER10|Receiver.cpp|00022|14-11-2016 21:43:58:741|~IN~]sending begin
0000003b000000050000000000000002555353440000002a3636372300010139313934393330323437303500000000000000000f00000501000101
[SMPPSERVER10|Receiver.cpp|00026|14-11-2016 21:44:18:746|~IN~]after sending begin
[SMPPSERVER10|Receiver.cpp|00028|14-11-2016 21:44:18:746|~IN~]Receiveing the data
[SMPPSERVER10|Receiver.cpp|00046|14-11-2016 21:44:18:747|~ER~]Clinet Disconnection happend
[SMPPSERVER10|TcpServer.cpp|00228|14-11-2016 21:44:18:747|~ER~]Clint Has Discoonected From 
[SMPPSERVER10|TcpServer.cpp|00245|14-11-2016 21:44:18:748|~CR~]Clinet  Disconnected
[SMPPSERVER10|Receiver.cpp|00028|14-11-2016 21:45:49:850|~IN~]Receiveing the data
[SMPPSERVER10|Receiver.cpp|00034|14-11-2016 21:45:50:858|~IN~]Receiveing the data :cmdLength:43,cmdId:0x9,cmdStatus:0,mcsi_sessionId1
[SMPPSERVER10|Receiver.cpp|00035|14-11-2016 21:45:50:858|~IN~]Receiveing the data from SMPP Clinet:43
[SMPPSERVER10|Receiver.cpp|00049|14-11-2016 21:45:50:858|~IN~]Receiveing the data from SMPP Clinet:43
[SMPPSERVER10|Receiver.cpp|00056|14-11-2016 21:45:50:858|~IN~]Sending Bind Responc:testAcount
0000001b8000000900000000000000017465737441636f756e7400
[SMPPSERVER10|TcpServer.cpp|00202|14-11-2016 21:45:51:862|~IN~] Client connected from 
[SMPPSERVER10|TcpServer.cpp|00223|14-11-2016 21:45:51:862|~IN~]Started ClientThread[0x9cb5c60]
[SMPPSERVER10|Receiver.cpp|00022|14-11-2016 21:45:51:862|~IN~]sending begin
0000003b000000050000000000000002555353440000002a3636372300010139313934393330323437303500000000000000000f00000501000101
[SMPPSERVER10|Receiver.cpp|00026|14-11-2016 21:46:11:867|~IN~]after sending begin
[SMPPSERVER10|Receiver.cpp|00028|14-11-2016 21:46:11:867|~IN~]Receiveing the data
[SMPPSERVER10|Receiver.cpp|00034|14-11-2016 21:46:11:867|~IN~]Receiveing the data :cmdLength:17,cmdId:0x80000005,cmdStatus:0,mcsi_sessionId2
[SMPPSERVER10|Receiver.cpp|00035|14-11-2016 21:46:11:867|~IN~]Receiveing the data from SMPP Clinet:17
[SMPPSERVER10|Receiver.cpp|00049|14-11-2016 21:46:11:867|~IN~]Receiveing the data from SMPP Clinet:17
[SMPPSERVER10|TcpServer.cpp|00228|14-11-2016 21:46:11:868|~ER~]Clint Has Discoonected From 
[SMPPSERVER10|TcpServer.cpp|00245|14-11-2016 21:46:11:868|~CR~]Clinet  Disconnected
[SMPPSERVER10|Receiver.cpp|00028|14-11-2016 21:46:11:868|~IN~]Receiveing the data
[SMPPSERVER10|Receiver.cpp|00034|14-11-2016 21:46:12:871|~IN~]Receiveing the data :cmdLength:43,cmdId:0x9,cmdStatus:0,mcsi_sessionId1
[SMPPSERVER10|Receiver.cpp|00035|14-11-2016 21:46:12:871|~IN~]Receiveing the data from SMPP Clinet:43
[SMPPSERVER10|Receiver.cpp|00049|14-11-2016 21:46:12:871|~IN~]Receiveing the data from SMPP Clinet:43
[SMPPSERVER10|Receiver.cpp|00056|14-11-2016 21:46:12:871|~IN~]Sending Bind Responc:testAcount
0000001b8000000900000000000000017465737441636f756e7400
[SMPPSERVER10|TcpServer.cpp|00202|14-11-2016 21:46:13:874|~IN~] Client connected from 
[SMPPSERVER10|TcpServer.cpp|00223|14-11-2016 21:46:13:874|~IN~]Started ClientThread[0x9cb6180]
[SMPPSERVER10|Receiver.cpp|00022|14-11-2016 21:46:13:875|~IN~]sending begin
0000003b000000050000000000000002555353440000002a3636372300010139313934393330323437303500000000000000000f00000501000101
[SMPPSERVER10|Receiver.cpp|00026|14-11-2016 21:46:33:878|~IN~]after sending begin
[SMPPSERVER10|Receiver.cpp|00028|14-11-2016 21:46:33:879|~IN~]Receiveing the data
[SMPPSERVER10|Receiver.cpp|00034|14-11-2016 21:46:33:879|~IN~]Receiveing the data :cmdLength:16,cmdId:0x15,cmdStatus:0,mcsi_sessionId2
[SMPPSERVER10|Receiver.cpp|00035|14-11-2016 21:46:33:879|~IN~]Receiveing the data from SMPP Clinet:16
[SMPPSERVER10|Receiver.cpp|00049|14-11-2016 21:46:33:879|~IN~]Receiveing the data from SMPP Clinet:16
[SMPPSERVER10|Receiver.cpp|00028|14-11-2016 21:46:33:879|~IN~]Receiveing the data
[SMPPSERVER10|Receiver.cpp|00034|14-11-2016 21:46:33:879|~IN~]Receiveing the data :cmdLength:17,cmdId:0x80000005,cmdStatus:0,mcsi_sessionId2
[SMPPSERVER10|Receiver.cpp|00035|14-11-2016 21:46:33:879|~IN~]Receiveing the data from SMPP Clinet:17
[SMPPSERVER10|Receiver.cpp|00049|14-11-2016 21:46:33:879|~IN~]Receiveing the data from SMPP Clinet:17
[SMPPSERVER10|TcpServer.cpp|00228|14-11-2016 21:46:33:879|~ER~]Clint Has Discoonected From 
[SMPPSERVER10|TcpServer.cpp|00245|14-11-2016 21:46:33:879|~CR~]Clinet  Disconnected
