[SMPPSERVER10|TcpServer.cpp|00165|26-11-2016 21:44:22:852|~IN~]StartServerThread started...
[SMPPSERVER10|Receiver.cpp|00028|26-11-2016 21:44:23:669|~IN~]Receiveing the data
[SMPPSERVER10|Receiver.cpp|00034|26-11-2016 21:44:24:671|~IN~]Receiveing the data :cmdLength:43,cmdId:0x9,cmdStatus:0,mcsi_sessionId1
[SMPPSERVER10|Receiver.cpp|00035|26-11-2016 21:44:24:671|~IN~]Receiveing the data from SMPP Clinet:43
[SMPPSERVER10|Receiver.cpp|00049|26-11-2016 21:44:24:672|~IN~]Receiveing the data from SMPP Clinet:43
[SMPPSERVER10|Receiver.cpp|00056|26-11-2016 21:44:24:672|~IN~]Sending Bind Responc:testAcount
0000001b8000000900000000000000017465737441636f756e7400
[SMPPSERVER10|TcpServer.cpp|00202|26-11-2016 21:44:25:673|~IN~] Client connected from 
[SMPPSERVER10|TcpServer.cpp|00223|26-11-2016 21:44:25:675|~IN~]Started ClientThread[0x81eec60]
[SMPPSERVER10|Receiver.cpp|00023|26-11-2016 21:44:25:675|~IN~]sending begin
0000003f000000050000000000000002555353440001013931393439333032343730350000002a36363700000000000000000f00052a363637230501000101
[SMPPSERVER10|Receiver.cpp|00026|26-11-2016 21:44:30:679|~IN~]after sending begin
[SMPPSERVER10|Receiver.cpp|00028|26-11-2016 21:44:30:679|~IN~]Receiveing the data
[SMPPSERVER10|Receiver.cpp|00034|26-11-2016 21:44:31:662|~IN~]Receiveing the data :cmdLength:17,cmdId:0x80000005,cmdStatus:0,mcsi_sessionId2
[SMPPSERVER10|Receiver.cpp|00035|26-11-2016 21:44:31:662|~IN~]Receiveing the data from SMPP Clinet:17
[SMPPSERVER10|Receiver.cpp|00049|26-11-2016 21:44:31:662|~IN~]Receiveing the data from SMPP Clinet:17
[SMPPSERVER10|Receiver.cpp|00028|26-11-2016 21:44:31:662|~IN~]Receiveing the data
[SMPPSERVER10|Receiver.cpp|00034|26-11-2016 21:44:31:709|~IN~]Receiveing the data :cmdLength:93,cmdId:0x4,cmdStatus:0,mcsi_sessionId2
[SMPPSERVER10|Receiver.cpp|00035|26-11-2016 21:44:31:709|~IN~]Receiveing the data from SMPP Clinet:93
[SMPPSERVER10|Receiver.cpp|00049|26-11-2016 21:44:31:709|~IN~]Receiveing the data from SMPP Clinet:93
000000128000000400000000000000023000
0000003b000000050000000000000001555353440001013931393439333032343730350000002a3636370000000000000000000001310501000112
[SMPPSERVER10|Receiver.cpp|00028|26-11-2016 21:44:33:452|~IN~]Receiveing the data
[SMPPSERVER10|Receiver.cpp|00034|26-11-2016 21:44:33:680|~IN~]Receiveing the data :cmdLength:17,cmdId:0x80000005,cmdStatus:0,mcsi_sessionId1
[SMPPSERVER10|Receiver.cpp|00035|26-11-2016 21:44:33:680|~IN~]Receiveing the data from SMPP Clinet:17
[SMPPSERVER10|Receiver.cpp|00049|26-11-2016 21:44:33:680|~IN~]Receiveing the data from SMPP Clinet:17
[SMPPSERVER10|Receiver.cpp|00028|26-11-2016 21:44:33:680|~IN~]Receiveing the data
[SMPPSERVER10|Receiver.cpp|00034|26-11-2016 21:44:33:720|~IN~]Receiveing the data :cmdLength:82,cmdId:0x4,cmdStatus:0,mcsi_sessionId3
[SMPPSERVER10|Receiver.cpp|00035|26-11-2016 21:44:33:721|~IN~]Receiveing the data from SMPP Clinet:82
[SMPPSERVER10|Receiver.cpp|00049|26-11-2016 21:44:33:721|~IN~]Receiveing the data from SMPP Clinet:82
000000128000000400000000000000033000
0000003f0000000500000000000000025553534400010139313934393330323437303500000031323537000000000000000000000561756579610501000112
[SMPPSERVER10|Receiver.cpp|00028|26-11-2016 21:44:39:593|~IN~]Receiveing the data
[SMPPSERVER10|Receiver.cpp|00034|26-11-2016 21:44:39:698|~IN~]Receiveing the data :cmdLength:17,cmdId:0x80000005,cmdStatus:0,mcsi_sessionId2
[SMPPSERVER10|Receiver.cpp|00035|26-11-2016 21:44:39:698|~IN~]Receiveing the data from SMPP Clinet:17
[SMPPSERVER10|Receiver.cpp|00049|26-11-2016 21:44:39:698|~IN~]Receiveing the data from SMPP Clinet:17
[SMPPSERVER10|Receiver.cpp|00028|26-11-2016 21:44:39:698|~IN~]Receiveing the data
[SMPPSERVER10|Receiver.cpp|00034|26-11-2016 21:44:39:738|~IN~]Receiveing the data :cmdLength:96,cmdId:0x4,cmdStatus:0,mcsi_sessionId4
[SMPPSERVER10|Receiver.cpp|00035|26-11-2016 21:44:39:739|~IN~]Receiveing the data from SMPP Clinet:96
[SMPPSERVER10|Receiver.cpp|00049|26-11-2016 21:44:39:739|~IN~]Receiveing the data from SMPP Clinet:96
000000128000000400000000000000043000
000000460000000500000000000000035553534400010139313934393330323437303500000031323537000000000000000000000c3837363836313731373233370501000112
[SMPPSERVER10|Receiver.cpp|00028|26-11-2016 21:44:44:420|~IN~]Receiveing the data
[SMPPSERVER10|Receiver.cpp|00034|26-11-2016 21:44:44:712|~IN~]Receiveing the data :cmdLength:17,cmdId:0x80000005,cmdStatus:0,mcsi_sessionId3
[SMPPSERVER10|Receiver.cpp|00035|26-11-2016 21:44:44:712|~IN~]Receiveing the data from SMPP Clinet:17
[SMPPSERVER10|Receiver.cpp|00049|26-11-2016 21:44:44:712|~IN~]Receiveing the data from SMPP Clinet:17
[SMPPSERVER10|Receiver.cpp|00028|26-11-2016 21:44:44:712|~IN~]Receiveing the data
[SMPPSERVER10|Receiver.cpp|00034|26-11-2016 21:44:44:753|~IN~]Receiveing the data :cmdLength:96,cmdId:0x4,cmdStatus:0,mcsi_sessionId5
[SMPPSERVER10|Receiver.cpp|00035|26-11-2016 21:44:44:754|~IN~]Receiveing the data from SMPP Clinet:96
[SMPPSERVER10|Receiver.cpp|00049|26-11-2016 21:44:44:754|~IN~]Receiveing the data from SMPP Clinet:96
000000128000000400000000000000053000
000000440000000500000000000000045553534400010139313934393330323437303500000031323537000000000000000000000a373637363732343631340501000112
[SMPPSERVER10|Receiver.cpp|00028|26-11-2016 21:44:53:681|~IN~]Receiveing the data
[SMPPSERVER10|Receiver.cpp|00034|26-11-2016 21:44:53:735|~IN~]Receiveing the data :cmdLength:17,cmdId:0x80000005,cmdStatus:0,mcsi_sessionId4
[SMPPSERVER10|Receiver.cpp|00035|26-11-2016 21:44:53:737|~IN~]Receiveing the data from SMPP Clinet:17
[SMPPSERVER10|Receiver.cpp|00049|26-11-2016 21:44:53:737|~IN~]Receiveing the data from SMPP Clinet:17
[SMPPSERVER10|Receiver.cpp|00028|26-11-2016 21:44:53:738|~IN~]Receiveing the data
[SMPPSERVER10|Receiver.cpp|00034|26-11-2016 21:44:53:775|~IN~]Receiveing the data :cmdLength:96,cmdId:0x4,cmdStatus:0,mcsi_sessionId6
[SMPPSERVER10|Receiver.cpp|00035|26-11-2016 21:44:53:777|~IN~]Receiveing the data from SMPP Clinet:96
[SMPPSERVER10|Receiver.cpp|00049|26-11-2016 21:44:53:777|~IN~]Receiveing the data from SMPP Clinet:96
000000128000000400000000000000063000
0000003e00000005000000000000000555535344000101393139343933303234373035000000313235370000000000000000000004617375610501000112
[SMPPSERVER10|Receiver.cpp|00028|26-11-2016 21:45:43:536|~IN~]Receiveing the data
[SMPPSERVER10|Receiver.cpp|00034|26-11-2016 21:45:43:536|~IN~]Receiveing the data :cmdLength:16,cmdId:0x15,cmdStatus:0,mcsi_sessionId7
[SMPPSERVER10|Receiver.cpp|00035|26-11-2016 21:45:43:536|~IN~]Receiveing the data from SMPP Clinet:16
[SMPPSERVER10|Receiver.cpp|00049|26-11-2016 21:45:43:536|~IN~]Receiveing the data from SMPP Clinet:16
[SMPPSERVER10|Receiver.cpp|00028|26-11-2016 21:45:43:536|~IN~]Receiveing the data
[SMPPSERVER10|Receiver.cpp|00034|26-11-2016 21:45:43:536|~IN~]Receiveing the data :cmdLength:16,cmdId:0x15,cmdStatus:0,mcsi_sessionId8
[SMPPSERVER10|Receiver.cpp|00035|26-11-2016 21:45:43:536|~IN~]Receiveing the data from SMPP Clinet:16
[SMPPSERVER10|Receiver.cpp|00049|26-11-2016 21:45:43:536|~IN~]Receiveing the data from SMPP Clinet:16
[SMPPSERVER10|Receiver.cpp|00028|26-11-2016 21:45:43:536|~IN~]Receiveing the data
[SMPPSERVER10|Receiver.cpp|00034|26-11-2016 21:45:43:847|~IN~]Receiveing the data :cmdLength:17,cmdId:0x80000005,cmdStatus:0,mcsi_sessionId5
[SMPPSERVER10|Receiver.cpp|00035|26-11-2016 21:45:43:847|~IN~]Receiveing the data from SMPP Clinet:17
[SMPPSERVER10|Receiver.cpp|00049|26-11-2016 21:45:43:847|~IN~]Receiveing the data from SMPP Clinet:17
[SMPPSERVER10|Receiver.cpp|00028|26-11-2016 21:45:43:847|~IN~]Receiveing the data
[SMPPSERVER10|Receiver.cpp|00034|26-11-2016 21:45:43:850|~IN~]Receiveing the data :cmdLength:96,cmdId:0x4,cmdStatus:0,mcsi_sessionId9
[SMPPSERVER10|Receiver.cpp|00035|26-11-2016 21:45:43:850|~IN~]Receiveing the data from SMPP Clinet:96
[SMPPSERVER10|Receiver.cpp|00049|26-11-2016 21:45:43:850|~IN~]Receiveing the data from SMPP Clinet:96
000000128000000400000000000000093000
0000004100000005000000000000000655535344000101393139343933303234373035000000313235370000000000000000000007737572313231320501000112
[SMPPSERVER10|Receiver.cpp|00028|26-11-2016 21:45:46:916|~IN~]Receiveing the data
[SMPPSERVER10|Receiver.cpp|00034|26-11-2016 21:45:47:860|~IN~]Receiveing the data :cmdLength:17,cmdId:0x80000005,cmdStatus:0,mcsi_sessionId6
[SMPPSERVER10|Receiver.cpp|00035|26-11-2016 21:45:47:862|~IN~]Receiveing the data from SMPP Clinet:17
[SMPPSERVER10|Receiver.cpp|00049|26-11-2016 21:45:47:862|~IN~]Receiveing the data from SMPP Clinet:17
[SMPPSERVER10|Receiver.cpp|00028|26-11-2016 21:45:47:862|~IN~]Receiveing the data
[SMPPSERVER10|Receiver.cpp|00034|26-11-2016 21:45:47:900|~IN~]Receiveing the data :cmdLength:96,cmdId:0x4,cmdStatus:0,mcsi_sessionIda
[SMPPSERVER10|Receiver.cpp|00035|26-11-2016 21:45:47:900|~IN~]Receiveing the data from SMPP Clinet:96
[SMPPSERVER10|Receiver.cpp|00049|26-11-2016 21:45:47:900|~IN~]Receiveing the data from SMPP Clinet:96
0000001280000004000000000000000a3000
0000003d000000050000000000000007555353440001013931393439333032343730350000003132353700000000000000000000031b5b410501000112
[SMPPSERVER10|Receiver.cpp|00028|26-11-2016 21:47:17:793|~IN~]Receiveing the data
[SMPPSERVER10|Receiver.cpp|00046|26-11-2016 21:47:17:793|~ER~]Clinet Disconnection happend
[SMPPSERVER10|TcpServer.cpp|00228|26-11-2016 21:47:17:793|~ER~]Clint Has Discoonected From 
[SMPPSERVER10|TcpServer.cpp|00245|26-11-2016 21:47:17:794|~CR~]Clinet  Disconnected
