[SMPPSERVER10|TcpServer.cpp|00165|15-11-2016 20:46:18:154|~IN~]StartServerThread started...
[SMPPSERVER10|Receiver.cpp|00028|15-11-2016 20:46:24:250|~IN~]Receiveing the data
[SMPPSERVER10|Receiver.cpp|00034|15-11-2016 20:46:25:254|~IN~]Receiveing the data :cmdLength:43,cmdId:0x9,cmdStatus:0,mcsi_sessionId1
[SMPPSERVER10|Receiver.cpp|00035|15-11-2016 20:46:25:255|~IN~]Receiveing the data from SMPP Clinet:43
[SMPPSERVER10|Receiver.cpp|00049|15-11-2016 20:46:25:255|~IN~]Receiveing the data from SMPP Clinet:43
[SMPPSERVER10|Receiver.cpp|00056|15-11-2016 20:46:25:255|~IN~]Sending Bind Responc:testAcount
0000001b8000000900000000000000017465737441636f756e7400
[SMPPSERVER10|TcpServer.cpp|00202|15-11-2016 20:46:26:257|~IN~] Client connected from 
[SMPPSERVER10|TcpServer.cpp|00223|15-11-2016 20:46:26:258|~IN~]Started ClientThread[0x8104c60]
[SMPPSERVER10|Receiver.cpp|00023|15-11-2016 20:46:26:259|~IN~]sending begin
0000003b000000050000000000000002555353440001013931393439333032343730350000002a3636372300000000000000000f00000501000101
[SMPPSERVER10|Receiver.cpp|00026|15-11-2016 20:46:36:262|~IN~]after sending begin
[SMPPSERVER10|Receiver.cpp|00028|15-11-2016 20:46:36:262|~IN~]Receiveing the data
[SMPPSERVER10|Receiver.cpp|00034|15-11-2016 20:46:37:249|~IN~]Receiveing the data :cmdLength:17,cmdId:0x80000005,cmdStatus:0,mcsi_sessionId2
[SMPPSERVER10|Receiver.cpp|00035|15-11-2016 20:46:37:250|~IN~]Receiveing the data from SMPP Clinet:17
[SMPPSERVER10|Receiver.cpp|00049|15-11-2016 20:46:37:250|~IN~]Receiveing the data from SMPP Clinet:17
[SMPPSERVER10|Receiver.cpp|00028|15-11-2016 20:46:37:250|~IN~]Receiveing the data
[SMPPSERVER10|Receiver.cpp|00034|15-11-2016 20:46:37:318|~IN~]Receiveing the data :cmdLength:94,cmdId:0x4,cmdStatus:0,mcsi_sessionId2
[SMPPSERVER10|Receiver.cpp|00035|15-11-2016 20:46:37:319|~IN~]Receiveing the data from SMPP Clinet:94
[SMPPSERVER10|Receiver.cpp|00049|15-11-2016 20:46:37:320|~IN~]Receiveing the data from SMPP Clinet:94
000000128000000400000000000000023000
