[SMPPSERVER10|TcpServer.cpp|00165|26-11-2016 21:10:52:625|~IN~]StartServerThread started...
[SMPPSERVER10|Receiver.cpp|00028|26-11-2016 21:10:53:546|~IN~]Receiveing the data
[SMPPSERVER10|Receiver.cpp|00034|26-11-2016 21:10:54:548|~IN~]Receiveing the data :cmdLength:43,cmdId:0x9,cmdStatus:0,mcsi_sessionId1
[SMPPSERVER10|Receiver.cpp|00035|26-11-2016 21:10:54:548|~IN~]Receiveing the data from SMPP Clinet:43
[SMPPSERVER10|Receiver.cpp|00049|26-11-2016 21:10:54:548|~IN~]Receiveing the data from SMPP Clinet:43
[SMPPSERVER10|Receiver.cpp|00056|26-11-2016 21:10:54:548|~IN~]Sending Bind Responc:testAcount
0000001b8000000900000000000000017465737441636f756e7400
[SMPPSERVER10|TcpServer.cpp|00202|26-11-2016 21:10:55:550|~IN~] Client connected from 
[SMPPSERVER10|TcpServer.cpp|00223|26-11-2016 21:10:55:551|~IN~]Started ClientThread[0x8107c60]
[SMPPSERVER10|Receiver.cpp|00023|26-11-2016 21:10:55:551|~IN~]sending begin
0000003f000000050000000000000002555353440001013931393439333032343730350000002a36363700000000000000000f00052a363637230501000101
[SMPPSERVER10|Receiver.cpp|00026|26-11-2016 21:11:00:554|~IN~]after sending begin
[SMPPSERVER10|Receiver.cpp|00028|26-11-2016 21:11:00:554|~IN~]Receiveing the data
[SMPPSERVER10|Receiver.cpp|00034|26-11-2016 21:11:01:545|~IN~]Receiveing the data :cmdLength:17,cmdId:0x80000005,cmdStatus:0,mcsi_sessionId2
[SMPPSERVER10|Receiver.cpp|00035|26-11-2016 21:11:01:545|~IN~]Receiveing the data from SMPP Clinet:17
[SMPPSERVER10|Receiver.cpp|00049|26-11-2016 21:11:01:545|~IN~]Receiveing the data from SMPP Clinet:17
[SMPPSERVER10|Receiver.cpp|00028|26-11-2016 21:11:01:545|~IN~]Receiveing the data
[SMPPSERVER10|Receiver.cpp|00034|26-11-2016 21:11:01:585|~IN~]Receiveing the data :cmdLength:18,cmdId:0x80000004,cmdStatus:3,mcsi_sessionId2
[SMPPSERVER10|Receiver.cpp|00035|26-11-2016 21:11:01:585|~IN~]Receiveing the data from SMPP Clinet:18
[SMPPSERVER10|Receiver.cpp|00049|26-11-2016 21:11:01:585|~IN~]Receiveing the data from SMPP Clinet:18
[SMPPSERVER10|Receiver.cpp|00028|26-11-2016 21:11:01:585|~IN~]Receiveing the data
[SMPPSERVER10|Receiver.cpp|00046|26-11-2016 21:11:07:816|~ER~]Clinet Disconnection happend
[SMPPSERVER10|TcpServer.cpp|00228|26-11-2016 21:11:07:816|~ER~]Clint Has Discoonected From 
[SMPPSERVER10|TcpServer.cpp|00245|26-11-2016 21:11:07:816|~CR~]Clinet  Disconnected
