[SMPPSERVER10|TcpServer.cpp|00165|15-11-2016 21:07:26:365|~IN~]StartServerThread started...
[SMPPSERVER10|Receiver.cpp|00028|15-11-2016 21:07:27:036|~IN~]Receiveing the data
[SMPPSERVER10|Receiver.cpp|00034|15-11-2016 21:07:28:042|~IN~]Receiveing the data :cmdLength:43,cmdId:0x9,cmdStatus:0,mcsi_sessionId1
[SMPPSERVER10|Receiver.cpp|00035|15-11-2016 21:07:28:043|~IN~]Receiveing the data from SMPP Clinet:43
[SMPPSERVER10|Receiver.cpp|00049|15-11-2016 21:07:28:044|~IN~]Receiveing the data from SMPP Clinet:43
[SMPPSERVER10|Receiver.cpp|00056|15-11-2016 21:07:28:044|~IN~]Sending Bind Responc:testAcount
0000001b8000000900000000000000017465737441636f756e7400
[SMPPSERVER10|TcpServer.cpp|00202|15-11-2016 21:07:29:046|~IN~] Client connected from 
[SMPPSERVER10|TcpServer.cpp|00223|15-11-2016 21:07:29:047|~IN~]Started ClientThread[0x928dc60]
[SMPPSERVER10|Receiver.cpp|00023|15-11-2016 21:07:29:048|~IN~]sending begin
0000003b000000050000000000000002555353440001013931393439333032343730350000002a3636372300000000000000000f00000501000101
[SMPPSERVER10|Receiver.cpp|00026|15-11-2016 21:07:39:051|~IN~]after sending begin
[SMPPSERVER10|Receiver.cpp|00028|15-11-2016 21:07:39:051|~IN~]Receiveing the data
[SMPPSERVER10|Receiver.cpp|00034|15-11-2016 21:07:39:411|~IN~]Receiveing the data :cmdLength:17,cmdId:0x80000005,cmdStatus:0,mcsi_sessionId2
[SMPPSERVER10|Receiver.cpp|00035|15-11-2016 21:07:39:411|~IN~]Receiveing the data from SMPP Clinet:17
[SMPPSERVER10|Receiver.cpp|00049|15-11-2016 21:07:39:411|~IN~]Receiveing the data from SMPP Clinet:17
[SMPPSERVER10|Receiver.cpp|00028|15-11-2016 21:07:39:411|~IN~]Receiveing the data
[SMPPSERVER10|Receiver.cpp|00034|15-11-2016 21:07:39:453|~IN~]Receiveing the data :cmdLength:94,cmdId:0x4,cmdStatus:0,mcsi_sessionId8
[SMPPSERVER10|Receiver.cpp|00035|15-11-2016 21:07:39:453|~IN~]Receiveing the data from SMPP Clinet:94
[SMPPSERVER10|Receiver.cpp|00049|15-11-2016 21:07:39:453|~IN~]Receiveing the data from SMPP Clinet:94
000000128000000400000000000000083000
0000003c000000050000000000000001555353440001013931393439333032343730350000002a363637230000000000000000000001310501000112
[SMPPSERVER10|Receiver.cpp|00028|15-11-2016 21:07:40:349|~IN~]Receiveing the data
[SMPPSERVER10|Receiver.cpp|00034|15-11-2016 21:07:40:416|~IN~]Receiveing the data :cmdLength:17,cmdId:0x80000005,cmdStatus:0,mcsi_sessionId1
[SMPPSERVER10|Receiver.cpp|00035|15-11-2016 21:07:40:417|~IN~]Receiveing the data from SMPP Clinet:17
[SMPPSERVER10|Receiver.cpp|00049|15-11-2016 21:07:40:417|~IN~]Receiveing the data from SMPP Clinet:17
[SMPPSERVER10|Receiver.cpp|00028|15-11-2016 21:07:40:417|~IN~]Receiveing the data
[SMPPSERVER10|Receiver.cpp|00034|15-11-2016 21:07:40:456|~IN~]Receiveing the data :cmdLength:58,cmdId:0x4,cmdStatus:0,mcsi_sessionId9
[SMPPSERVER10|Receiver.cpp|00035|15-11-2016 21:07:40:456|~IN~]Receiveing the data from SMPP Clinet:58
[SMPPSERVER10|Receiver.cpp|00049|15-11-2016 21:07:40:456|~IN~]Receiveing the data from SMPP Clinet:58
000000128000000400000000000000093000
[SMPPSERVER10|Receiver.cpp|00028|15-11-2016 21:07:40:456|~IN~]Receiveing the data
[SMPPSERVER10|Receiver.cpp|00034|15-11-2016 21:07:46:439|~IN~]Receiveing the data :cmdLength:16,cmdId:0x15,cmdStatus:0,mcsi_sessionIda
[SMPPSERVER10|Receiver.cpp|00035|15-11-2016 21:07:46:439|~IN~]Receiveing the data from SMPP Clinet:16
[SMPPSERVER10|Receiver.cpp|00049|15-11-2016 21:07:46:439|~IN~]Receiveing the data from SMPP Clinet:16
[SMPPSERVER10|Receiver.cpp|00028|15-11-2016 21:07:46:439|~IN~]Receiveing the data
[SMPPSERVER10|Receiver.cpp|00046|15-11-2016 21:08:15:074|~ER~]Clinet Disconnection happend
[SMPPSERVER10|TcpServer.cpp|00228|15-11-2016 21:08:15:074|~ER~]Clint Has Discoonected From 
[SMPPSERVER10|TcpServer.cpp|00245|15-11-2016 21:08:15:075|~CR~]Clinet  Disconnected
[SMPPSERVER10|Receiver.cpp|00028|15-11-2016 21:08:48:530|~IN~]Receiveing the data
[SMPPSERVER10|Receiver.cpp|00034|15-11-2016 21:08:49:535|~IN~]Receiveing the data :cmdLength:43,cmdId:0x9,cmdStatus:0,mcsi_sessionId1
[SMPPSERVER10|Receiver.cpp|00035|15-11-2016 21:08:49:536|~IN~]Receiveing the data from SMPP Clinet:43
[SMPPSERVER10|Receiver.cpp|00049|15-11-2016 21:08:49:536|~IN~]Receiveing the data from SMPP Clinet:43
[SMPPSERVER10|Receiver.cpp|00056|15-11-2016 21:08:49:536|~IN~]Sending Bind Responc:testAcount
0000001b8000000900000000000000017465737441636f756e7400
[SMPPSERVER10|TcpServer.cpp|00202|15-11-2016 21:08:50:538|~IN~] Client connected from 
[SMPPSERVER10|TcpServer.cpp|00223|15-11-2016 21:08:50:539|~IN~]Started ClientThread[0x928e180]
[SMPPSERVER10|Receiver.cpp|00023|15-11-2016 21:08:50:539|~IN~]sending begin
0000003b000000050000000000000002555353440001013931393439333032343730350000002a3636372300000000000000000f00000501000101
[SMPPSERVER10|Receiver.cpp|00026|15-11-2016 21:09:00:541|~IN~]after sending begin
[SMPPSERVER10|Receiver.cpp|00028|15-11-2016 21:09:00:541|~IN~]Receiveing the data
[SMPPSERVER10|Receiver.cpp|00034|15-11-2016 21:09:01:532|~IN~]Receiveing the data :cmdLength:17,cmdId:0x80000005,cmdStatus:0,mcsi_sessionId2
[SMPPSERVER10|Receiver.cpp|00035|15-11-2016 21:09:01:533|~IN~]Receiveing the data from SMPP Clinet:17
[SMPPSERVER10|Receiver.cpp|00049|15-11-2016 21:09:01:533|~IN~]Receiveing the data from SMPP Clinet:17
[SMPPSERVER10|Receiver.cpp|00028|15-11-2016 21:09:01:533|~IN~]Receiveing the data
[SMPPSERVER10|Receiver.cpp|00034|15-11-2016 21:09:01:572|~IN~]Receiveing the data :cmdLength:94,cmdId:0x4,cmdStatus:0,mcsi_sessionId2
[SMPPSERVER10|Receiver.cpp|00035|15-11-2016 21:09:01:572|~IN~]Receiveing the data from SMPP Clinet:94
[SMPPSERVER10|Receiver.cpp|00049|15-11-2016 21:09:01:572|~IN~]Receiveing the data from SMPP Clinet:94
000000128000000400000000000000023000
0000003c000000050000000000000002555353440001013931393439333032343730350000002a363637230000000000000000000001310501000112
[SMPPSERVER10|Receiver.cpp|00028|15-11-2016 21:09:02:397|~IN~]Receiveing the data
[SMPPSERVER10|Receiver.cpp|00034|15-11-2016 21:09:02:549|~IN~]Receiveing the data :cmdLength:17,cmdId:0x80000005,cmdStatus:0,mcsi_sessionId2
[SMPPSERVER10|Receiver.cpp|00035|15-11-2016 21:09:02:550|~IN~]Receiveing the data from SMPP Clinet:17
[SMPPSERVER10|Receiver.cpp|00049|15-11-2016 21:09:02:550|~IN~]Receiveing the data from SMPP Clinet:17
[SMPPSERVER10|Receiver.cpp|00028|15-11-2016 21:09:02:550|~IN~]Receiveing the data
[SMPPSERVER10|Receiver.cpp|00034|15-11-2016 21:09:02:589|~IN~]Receiveing the data :cmdLength:100,cmdId:0x4,cmdStatus:0,mcsi_sessionId3
[SMPPSERVER10|Receiver.cpp|00035|15-11-2016 21:09:02:589|~IN~]Receiveing the data from SMPP Clinet:100
[SMPPSERVER10|Receiver.cpp|00049|15-11-2016 21:09:02:589|~IN~]Receiveing the data from SMPP Clinet:100
000000128000000400000000000000033000
0000003b00000005000000000000000355535344000101393139343933303234373035000000313235370000000000000000000001310501000112
[SMPPSERVER10|Receiver.cpp|00028|15-11-2016 21:09:03:714|~IN~]Receiveing the data
[SMPPSERVER10|Receiver.cpp|00034|15-11-2016 21:09:04:556|~IN~]Receiveing the data :cmdLength:17,cmdId:0x80000005,cmdStatus:0,mcsi_sessionId3
[SMPPSERVER10|Receiver.cpp|00035|15-11-2016 21:09:04:556|~IN~]Receiveing the data from SMPP Clinet:17
[SMPPSERVER10|Receiver.cpp|00049|15-11-2016 21:09:04:556|~IN~]Receiveing the data from SMPP Clinet:17
[SMPPSERVER10|Receiver.cpp|00028|15-11-2016 21:09:04:556|~IN~]Receiveing the data
[SMPPSERVER10|Receiver.cpp|00034|15-11-2016 21:09:04:596|~IN~]Receiveing the data :cmdLength:87,cmdId:0x4,cmdStatus:0,mcsi_sessionId4
[SMPPSERVER10|Receiver.cpp|00035|15-11-2016 21:09:04:596|~IN~]Receiveing the data from SMPP Clinet:87
[SMPPSERVER10|Receiver.cpp|00049|15-11-2016 21:09:04:596|~IN~]Receiveing the data from SMPP Clinet:87
000000128000000400000000000000043000
[SMPPSERVER10|Receiver.cpp|00028|15-11-2016 21:09:04:596|~IN~]Receiveing the data
[SMPPSERVER10|Receiver.cpp|00034|15-11-2016 21:09:20:600|~IN~]Receiveing the data :cmdLength:16,cmdId:0x15,cmdStatus:0,mcsi_sessionId5
[SMPPSERVER10|Receiver.cpp|00035|15-11-2016 21:09:20:600|~IN~]Receiveing the data from SMPP Clinet:16
[SMPPSERVER10|Receiver.cpp|00049|15-11-2016 21:09:20:600|~IN~]Receiveing the data from SMPP Clinet:16
[SMPPSERVER10|Receiver.cpp|00028|15-11-2016 21:09:20:600|~IN~]Receiveing the data
