[SMPPSERVER10|TcpServer.cpp|00165|15-11-2016 20:59:01:123|~IN~]StartServerThread started...
[SMPPSERVER10|Receiver.cpp|00028|15-11-2016 20:59:16:677|~IN~]Receiveing the data
[SMPPSERVER10|Receiver.cpp|00034|15-11-2016 20:59:17:682|~IN~]Receiveing the data :cmdLength:43,cmdId:0x9,cmdStatus:0,mcsi_sessionId1
[SMPPSERVER10|Receiver.cpp|00035|15-11-2016 20:59:17:683|~IN~]Receiveing the data from SMPP Clinet:43
[SMPPSERVER10|Receiver.cpp|00049|15-11-2016 20:59:17:683|~IN~]Receiveing the data from SMPP Clinet:43
[SMPPSERVER10|Receiver.cpp|00056|15-11-2016 20:59:17:683|~IN~]Sending Bind Responc:testAcount
0000001b8000000900000000000000017465737441636f756e7400
[SMPPSERVER10|TcpServer.cpp|00202|15-11-2016 20:59:18:685|~IN~] Client connected from 
[SMPPSERVER10|TcpServer.cpp|00223|15-11-2016 20:59:18:686|~IN~]Started ClientThread[0x9274c60]
[SMPPSERVER10|Receiver.cpp|00023|15-11-2016 20:59:18:686|~IN~]sending begin
0000003b000000050000000000000002555353440001013931393439333032343730350000002a3636372300000000000000000f00000501000101
[SMPPSERVER10|Receiver.cpp|00026|15-11-2016 20:59:28:688|~IN~]after sending begin
[SMPPSERVER10|Receiver.cpp|00028|15-11-2016 20:59:28:688|~IN~]Receiveing the data
[SMPPSERVER10|Receiver.cpp|00034|15-11-2016 20:59:29:680|~IN~]Receiveing the data :cmdLength:17,cmdId:0x80000005,cmdStatus:0,mcsi_sessionId2
[SMPPSERVER10|Receiver.cpp|00035|15-11-2016 20:59:29:680|~IN~]Receiveing the data from SMPP Clinet:17
[SMPPSERVER10|Receiver.cpp|00049|15-11-2016 20:59:29:680|~IN~]Receiveing the data from SMPP Clinet:17
[SMPPSERVER10|Receiver.cpp|00028|15-11-2016 20:59:29:680|~IN~]Receiveing the data
[SMPPSERVER10|Receiver.cpp|00034|15-11-2016 20:59:29:720|~IN~]Receiveing the data :cmdLength:94,cmdId:0x4,cmdStatus:0,mcsi_sessionId2
[SMPPSERVER10|Receiver.cpp|00035|15-11-2016 20:59:29:721|~IN~]Receiveing the data from SMPP Clinet:94
[SMPPSERVER10|Receiver.cpp|00049|15-11-2016 20:59:29:721|~IN~]Receiveing the data from SMPP Clinet:94
000000128000000400000000000000023000
0000003c000000050000000000000001555353440001013931393439333032343730350000002a363637230000000000000000000001310501000112
[SMPPSERVER10|Receiver.cpp|00028|15-11-2016 20:59:30:861|~IN~]Receiveing the data
[SMPPSERVER10|Receiver.cpp|00034|15-11-2016 20:59:31:700|~IN~]Receiveing the data :cmdLength:17,cmdId:0x80000005,cmdStatus:0,mcsi_sessionId1
[SMPPSERVER10|Receiver.cpp|00035|15-11-2016 20:59:31:700|~IN~]Receiveing the data from SMPP Clinet:17
[SMPPSERVER10|Receiver.cpp|00049|15-11-2016 20:59:31:700|~IN~]Receiveing the data from SMPP Clinet:17
[SMPPSERVER10|Receiver.cpp|00028|15-11-2016 20:59:31:700|~IN~]Receiveing the data
[SMPPSERVER10|Receiver.cpp|00034|15-11-2016 20:59:31:740|~IN~]Receiveing the data :cmdLength:100,cmdId:0x4,cmdStatus:0,mcsi_sessionId3
[SMPPSERVER10|Receiver.cpp|00035|15-11-2016 20:59:31:740|~IN~]Receiveing the data from SMPP Clinet:100
[SMPPSERVER10|Receiver.cpp|00049|15-11-2016 20:59:31:740|~IN~]Receiveing the data from SMPP Clinet:100
000000128000000400000000000000033000
[SMPPSERVER10|Receiver.cpp|00028|15-11-2016 20:59:31:740|~IN~]Receiveing the data
[SMPPSERVER10|Receiver.cpp|00034|15-11-2016 20:59:48:741|~IN~]Receiveing the data :cmdLength:16,cmdId:0x15,cmdStatus:0,mcsi_sessionId4
[SMPPSERVER10|Receiver.cpp|00035|15-11-2016 20:59:48:741|~IN~]Receiveing the data from SMPP Clinet:16
[SMPPSERVER10|Receiver.cpp|00049|15-11-2016 20:59:48:741|~IN~]Receiveing the data from SMPP Clinet:16
[SMPPSERVER10|Receiver.cpp|00028|15-11-2016 20:59:48:742|~IN~]Receiveing the data
[SMPPSERVER10|Receiver.cpp|00046|15-11-2016 21:00:12:398|~ER~]Clinet Disconnection happend
[SMPPSERVER10|TcpServer.cpp|00228|15-11-2016 21:00:12:398|~ER~]Clint Has Discoonected From 
[SMPPSERVER10|TcpServer.cpp|00245|15-11-2016 21:00:12:398|~CR~]Clinet  Disconnected
[SMPPSERVER10|Receiver.cpp|00028|15-11-2016 21:06:12:230|~IN~]Receiveing the data
[SMPPSERVER10|Receiver.cpp|00034|15-11-2016 21:06:13:236|~IN~]Receiveing the data :cmdLength:43,cmdId:0x9,cmdStatus:0,mcsi_sessionId1
[SMPPSERVER10|Receiver.cpp|00035|15-11-2016 21:06:13:236|~IN~]Receiveing the data from SMPP Clinet:43
[SMPPSERVER10|Receiver.cpp|00049|15-11-2016 21:06:13:237|~IN~]Receiveing the data from SMPP Clinet:43
[SMPPSERVER10|Receiver.cpp|00056|15-11-2016 21:06:13:237|~IN~]Sending Bind Responc:testAcount
0000001b8000000900000000000000017465737441636f756e7400
[SMPPSERVER10|TcpServer.cpp|00202|15-11-2016 21:06:14:239|~IN~] Client connected from 
[SMPPSERVER10|TcpServer.cpp|00223|15-11-2016 21:06:14:239|~IN~]Started ClientThread[0x9275180]
[SMPPSERVER10|Receiver.cpp|00023|15-11-2016 21:06:14:239|~IN~]sending begin
0000003b000000050000000000000002555353440001013931393439333032343730350000002a3636372300000000000000000f00000501000101
[SMPPSERVER10|Receiver.cpp|00026|15-11-2016 21:06:24:242|~IN~]after sending begin
[SMPPSERVER10|Receiver.cpp|00028|15-11-2016 21:06:24:242|~IN~]Receiveing the data
[SMPPSERVER10|Receiver.cpp|00034|15-11-2016 21:06:25:234|~IN~]Receiveing the data :cmdLength:17,cmdId:0x80000005,cmdStatus:0,mcsi_sessionId2
[SMPPSERVER10|Receiver.cpp|00035|15-11-2016 21:06:25:235|~IN~]Receiveing the data from SMPP Clinet:17
[SMPPSERVER10|Receiver.cpp|00049|15-11-2016 21:06:25:235|~IN~]Receiveing the data from SMPP Clinet:17
[SMPPSERVER10|Receiver.cpp|00028|15-11-2016 21:06:25:235|~IN~]Receiveing the data
[SMPPSERVER10|Receiver.cpp|00034|15-11-2016 21:06:25:274|~IN~]Receiveing the data :cmdLength:94,cmdId:0x4,cmdStatus:0,mcsi_sessionId2
[SMPPSERVER10|Receiver.cpp|00035|15-11-2016 21:06:25:274|~IN~]Receiveing the data from SMPP Clinet:94
[SMPPSERVER10|Receiver.cpp|00049|15-11-2016 21:06:25:274|~IN~]Receiveing the data from SMPP Clinet:94
000000128000000400000000000000023000
0000003c000000050000000000000002555353440001013931393439333032343730350000002a363637230000000000000000000001310501000112
[SMPPSERVER10|Receiver.cpp|00028|15-11-2016 21:06:26:572|~IN~]Receiveing the data
[SMPPSERVER10|Receiver.cpp|00034|15-11-2016 21:06:27:254|~IN~]Receiveing the data :cmdLength:17,cmdId:0x80000005,cmdStatus:0,mcsi_sessionId2
[SMPPSERVER10|Receiver.cpp|00035|15-11-2016 21:06:27:254|~IN~]Receiveing the data from SMPP Clinet:17
[SMPPSERVER10|Receiver.cpp|00049|15-11-2016 21:06:27:254|~IN~]Receiveing the data from SMPP Clinet:17
[SMPPSERVER10|Receiver.cpp|00028|15-11-2016 21:06:27:254|~IN~]Receiveing the data
[SMPPSERVER10|Receiver.cpp|00034|15-11-2016 21:06:27:294|~IN~]Receiveing the data :cmdLength:100,cmdId:0x4,cmdStatus:0,mcsi_sessionId3
[SMPPSERVER10|Receiver.cpp|00035|15-11-2016 21:06:27:294|~IN~]Receiveing the data from SMPP Clinet:100
[SMPPSERVER10|Receiver.cpp|00049|15-11-2016 21:06:27:294|~IN~]Receiveing the data from SMPP Clinet:100
000000128000000400000000000000033000
0000003b00000005000000000000000355535344000101393139343933303234373035000000313235370000000000000000000001310501000112
[SMPPSERVER10|Receiver.cpp|00028|15-11-2016 21:06:30:405|~IN~]Receiveing the data
[SMPPSERVER10|Receiver.cpp|00034|15-11-2016 21:06:31:266|~IN~]Receiveing the data :cmdLength:17,cmdId:0x80000005,cmdStatus:0,mcsi_sessionId3
[SMPPSERVER10|Receiver.cpp|00035|15-11-2016 21:06:31:266|~IN~]Receiveing the data from SMPP Clinet:17
[SMPPSERVER10|Receiver.cpp|00049|15-11-2016 21:06:31:266|~IN~]Receiveing the data from SMPP Clinet:17
[SMPPSERVER10|Receiver.cpp|00028|15-11-2016 21:06:31:266|~IN~]Receiveing the data
[SMPPSERVER10|Receiver.cpp|00034|15-11-2016 21:06:31:306|~IN~]Receiveing the data :cmdLength:87,cmdId:0x4,cmdStatus:0,mcsi_sessionId4
[SMPPSERVER10|Receiver.cpp|00035|15-11-2016 21:06:31:307|~IN~]Receiveing the data from SMPP Clinet:87
[SMPPSERVER10|Receiver.cpp|00049|15-11-2016 21:06:31:307|~IN~]Receiveing the data from SMPP Clinet:87
000000128000000400000000000000043000
[SMPPSERVER10|Receiver.cpp|00028|15-11-2016 21:06:31:307|~IN~]Receiveing the data
